[2024-12-23T15:36:20.993+0000] {processor.py:186} INFO - Started process (PID=109) to work on /home/airflow/.local/lib/python3.11/site-packages/airflow/example_dags/plugins/workday.py
[2024-12-23T15:36:20.993+0000] {processor.py:914} INFO - Processing file /home/airflow/.local/lib/python3.11/site-packages/airflow/example_dags/plugins/workday.py for tasks to queue
[2024-12-23T15:36:20.996+0000] {logging_mixin.py:190} INFO - [2024-12-23T15:36:20.996+0000] {dagbag.py:588} INFO - Filling up the DagBag from /home/airflow/.local/lib/python3.11/site-packages/airflow/example_dags/plugins/workday.py
[2024-12-23T15:36:20.998+0000] {processor.py:927} WARNING - No viable dags retrieved from /home/airflow/.local/lib/python3.11/site-packages/airflow/example_dags/plugins/workday.py
[2024-12-23T15:36:21.020+0000] {processor.py:208} INFO - Processing /home/airflow/.local/lib/python3.11/site-packages/airflow/example_dags/plugins/workday.py took 0.031 seconds
[2024-12-23T15:36:51.945+0000] {processor.py:186} INFO - Started process (PID=173) to work on /home/airflow/.local/lib/python3.11/site-packages/airflow/example_dags/plugins/workday.py
[2024-12-23T15:36:51.946+0000] {processor.py:914} INFO - Processing file /home/airflow/.local/lib/python3.11/site-packages/airflow/example_dags/plugins/workday.py for tasks to queue
[2024-12-23T15:36:51.947+0000] {logging_mixin.py:190} INFO - [2024-12-23T15:36:51.947+0000] {dagbag.py:588} INFO - Filling up the DagBag from /home/airflow/.local/lib/python3.11/site-packages/airflow/example_dags/plugins/workday.py
[2024-12-23T15:36:51.949+0000] {processor.py:927} WARNING - No viable dags retrieved from /home/airflow/.local/lib/python3.11/site-packages/airflow/example_dags/plugins/workday.py
[2024-12-23T15:36:51.960+0000] {processor.py:208} INFO - Processing /home/airflow/.local/lib/python3.11/site-packages/airflow/example_dags/plugins/workday.py took 0.019 seconds
[2024-12-23T15:37:25.289+0000] {processor.py:186} INFO - Started process (PID=237) to work on /home/airflow/.local/lib/python3.11/site-packages/airflow/example_dags/plugins/workday.py
[2024-12-23T15:37:25.295+0000] {processor.py:914} INFO - Processing file /home/airflow/.local/lib/python3.11/site-packages/airflow/example_dags/plugins/workday.py for tasks to queue
[2024-12-23T15:37:25.303+0000] {logging_mixin.py:190} INFO - [2024-12-23T15:37:25.301+0000] {dagbag.py:588} INFO - Filling up the DagBag from /home/airflow/.local/lib/python3.11/site-packages/airflow/example_dags/plugins/workday.py
[2024-12-23T15:37:25.307+0000] {processor.py:927} WARNING - No viable dags retrieved from /home/airflow/.local/lib/python3.11/site-packages/airflow/example_dags/plugins/workday.py
[2024-12-23T15:37:25.330+0000] {processor.py:208} INFO - Processing /home/airflow/.local/lib/python3.11/site-packages/airflow/example_dags/plugins/workday.py took 0.070 seconds
[2024-12-23T15:37:55.390+0000] {processor.py:186} INFO - Started process (PID=299) to work on /home/airflow/.local/lib/python3.11/site-packages/airflow/example_dags/plugins/workday.py
[2024-12-23T15:37:55.390+0000] {processor.py:914} INFO - Processing file /home/airflow/.local/lib/python3.11/site-packages/airflow/example_dags/plugins/workday.py for tasks to queue
[2024-12-23T15:37:55.392+0000] {logging_mixin.py:190} INFO - [2024-12-23T15:37:55.392+0000] {dagbag.py:588} INFO - Filling up the DagBag from /home/airflow/.local/lib/python3.11/site-packages/airflow/example_dags/plugins/workday.py
[2024-12-23T15:37:55.393+0000] {processor.py:927} WARNING - No viable dags retrieved from /home/airflow/.local/lib/python3.11/site-packages/airflow/example_dags/plugins/workday.py
[2024-12-23T15:37:55.399+0000] {processor.py:208} INFO - Processing /home/airflow/.local/lib/python3.11/site-packages/airflow/example_dags/plugins/workday.py took 0.013 seconds
[2024-12-23T15:38:26.130+0000] {processor.py:186} INFO - Started process (PID=363) to work on /home/airflow/.local/lib/python3.11/site-packages/airflow/example_dags/plugins/workday.py
[2024-12-23T15:38:26.132+0000] {processor.py:914} INFO - Processing file /home/airflow/.local/lib/python3.11/site-packages/airflow/example_dags/plugins/workday.py for tasks to queue
[2024-12-23T15:38:26.134+0000] {logging_mixin.py:190} INFO - [2024-12-23T15:38:26.134+0000] {dagbag.py:588} INFO - Filling up the DagBag from /home/airflow/.local/lib/python3.11/site-packages/airflow/example_dags/plugins/workday.py
[2024-12-23T15:38:26.136+0000] {processor.py:927} WARNING - No viable dags retrieved from /home/airflow/.local/lib/python3.11/site-packages/airflow/example_dags/plugins/workday.py
[2024-12-23T15:38:26.142+0000] {processor.py:208} INFO - Processing /home/airflow/.local/lib/python3.11/site-packages/airflow/example_dags/plugins/workday.py took 0.016 seconds
[2024-12-23T15:38:57.178+0000] {processor.py:186} INFO - Started process (PID=427) to work on /home/airflow/.local/lib/python3.11/site-packages/airflow/example_dags/plugins/workday.py
[2024-12-23T15:38:57.179+0000] {processor.py:914} INFO - Processing file /home/airflow/.local/lib/python3.11/site-packages/airflow/example_dags/plugins/workday.py for tasks to queue
[2024-12-23T15:38:57.181+0000] {logging_mixin.py:190} INFO - [2024-12-23T15:38:57.180+0000] {dagbag.py:588} INFO - Filling up the DagBag from /home/airflow/.local/lib/python3.11/site-packages/airflow/example_dags/plugins/workday.py
[2024-12-23T15:38:57.182+0000] {processor.py:927} WARNING - No viable dags retrieved from /home/airflow/.local/lib/python3.11/site-packages/airflow/example_dags/plugins/workday.py
[2024-12-23T15:38:57.190+0000] {processor.py:208} INFO - Processing /home/airflow/.local/lib/python3.11/site-packages/airflow/example_dags/plugins/workday.py took 0.016 seconds
[2024-12-23T15:39:27.393+0000] {processor.py:186} INFO - Started process (PID=491) to work on /home/airflow/.local/lib/python3.11/site-packages/airflow/example_dags/plugins/workday.py
[2024-12-23T15:39:27.394+0000] {processor.py:914} INFO - Processing file /home/airflow/.local/lib/python3.11/site-packages/airflow/example_dags/plugins/workday.py for tasks to queue
[2024-12-23T15:39:27.396+0000] {logging_mixin.py:190} INFO - [2024-12-23T15:39:27.395+0000] {dagbag.py:588} INFO - Filling up the DagBag from /home/airflow/.local/lib/python3.11/site-packages/airflow/example_dags/plugins/workday.py
[2024-12-23T15:39:27.397+0000] {processor.py:927} WARNING - No viable dags retrieved from /home/airflow/.local/lib/python3.11/site-packages/airflow/example_dags/plugins/workday.py
[2024-12-23T15:39:27.404+0000] {processor.py:208} INFO - Processing /home/airflow/.local/lib/python3.11/site-packages/airflow/example_dags/plugins/workday.py took 0.015 seconds
[2024-12-23T15:39:58.403+0000] {processor.py:186} INFO - Started process (PID=556) to work on /home/airflow/.local/lib/python3.11/site-packages/airflow/example_dags/plugins/workday.py
[2024-12-23T15:39:58.406+0000] {processor.py:914} INFO - Processing file /home/airflow/.local/lib/python3.11/site-packages/airflow/example_dags/plugins/workday.py for tasks to queue
[2024-12-23T15:39:58.407+0000] {logging_mixin.py:190} INFO - [2024-12-23T15:39:58.407+0000] {dagbag.py:588} INFO - Filling up the DagBag from /home/airflow/.local/lib/python3.11/site-packages/airflow/example_dags/plugins/workday.py
[2024-12-23T15:39:58.409+0000] {processor.py:927} WARNING - No viable dags retrieved from /home/airflow/.local/lib/python3.11/site-packages/airflow/example_dags/plugins/workday.py
[2024-12-23T15:39:58.418+0000] {processor.py:208} INFO - Processing /home/airflow/.local/lib/python3.11/site-packages/airflow/example_dags/plugins/workday.py took 0.019 seconds
[2024-12-23T15:40:29.370+0000] {processor.py:186} INFO - Started process (PID=620) to work on /home/airflow/.local/lib/python3.11/site-packages/airflow/example_dags/plugins/workday.py
[2024-12-23T15:40:29.371+0000] {processor.py:914} INFO - Processing file /home/airflow/.local/lib/python3.11/site-packages/airflow/example_dags/plugins/workday.py for tasks to queue
[2024-12-23T15:40:29.375+0000] {logging_mixin.py:190} INFO - [2024-12-23T15:40:29.374+0000] {dagbag.py:588} INFO - Filling up the DagBag from /home/airflow/.local/lib/python3.11/site-packages/airflow/example_dags/plugins/workday.py
[2024-12-23T15:40:29.378+0000] {processor.py:927} WARNING - No viable dags retrieved from /home/airflow/.local/lib/python3.11/site-packages/airflow/example_dags/plugins/workday.py
[2024-12-23T15:40:29.397+0000] {processor.py:208} INFO - Processing /home/airflow/.local/lib/python3.11/site-packages/airflow/example_dags/plugins/workday.py took 0.032 seconds
[2024-12-23T15:40:59.551+0000] {processor.py:186} INFO - Started process (PID=684) to work on /home/airflow/.local/lib/python3.11/site-packages/airflow/example_dags/plugins/workday.py
[2024-12-23T15:40:59.552+0000] {processor.py:914} INFO - Processing file /home/airflow/.local/lib/python3.11/site-packages/airflow/example_dags/plugins/workday.py for tasks to queue
[2024-12-23T15:40:59.554+0000] {logging_mixin.py:190} INFO - [2024-12-23T15:40:59.554+0000] {dagbag.py:588} INFO - Filling up the DagBag from /home/airflow/.local/lib/python3.11/site-packages/airflow/example_dags/plugins/workday.py
[2024-12-23T15:40:59.556+0000] {processor.py:927} WARNING - No viable dags retrieved from /home/airflow/.local/lib/python3.11/site-packages/airflow/example_dags/plugins/workday.py
[2024-12-23T15:40:59.567+0000] {processor.py:208} INFO - Processing /home/airflow/.local/lib/python3.11/site-packages/airflow/example_dags/plugins/workday.py took 0.020 seconds
[2024-12-23T15:41:30.474+0000] {processor.py:186} INFO - Started process (PID=748) to work on /home/airflow/.local/lib/python3.11/site-packages/airflow/example_dags/plugins/workday.py
[2024-12-23T15:41:30.475+0000] {processor.py:914} INFO - Processing file /home/airflow/.local/lib/python3.11/site-packages/airflow/example_dags/plugins/workday.py for tasks to queue
[2024-12-23T15:41:30.476+0000] {logging_mixin.py:190} INFO - [2024-12-23T15:41:30.476+0000] {dagbag.py:588} INFO - Filling up the DagBag from /home/airflow/.local/lib/python3.11/site-packages/airflow/example_dags/plugins/workday.py
[2024-12-23T15:41:30.478+0000] {processor.py:927} WARNING - No viable dags retrieved from /home/airflow/.local/lib/python3.11/site-packages/airflow/example_dags/plugins/workday.py
[2024-12-23T15:41:30.486+0000] {processor.py:208} INFO - Processing /home/airflow/.local/lib/python3.11/site-packages/airflow/example_dags/plugins/workday.py took 0.016 seconds
[2024-12-23T15:42:01.244+0000] {processor.py:186} INFO - Started process (PID=812) to work on /home/airflow/.local/lib/python3.11/site-packages/airflow/example_dags/plugins/workday.py
[2024-12-23T15:42:01.245+0000] {processor.py:914} INFO - Processing file /home/airflow/.local/lib/python3.11/site-packages/airflow/example_dags/plugins/workday.py for tasks to queue
[2024-12-23T15:42:01.247+0000] {logging_mixin.py:190} INFO - [2024-12-23T15:42:01.247+0000] {dagbag.py:588} INFO - Filling up the DagBag from /home/airflow/.local/lib/python3.11/site-packages/airflow/example_dags/plugins/workday.py
[2024-12-23T15:42:01.248+0000] {processor.py:927} WARNING - No viable dags retrieved from /home/airflow/.local/lib/python3.11/site-packages/airflow/example_dags/plugins/workday.py
[2024-12-23T15:42:01.255+0000] {processor.py:208} INFO - Processing /home/airflow/.local/lib/python3.11/site-packages/airflow/example_dags/plugins/workday.py took 0.014 seconds
[2024-12-23T15:42:33.745+0000] {processor.py:186} INFO - Started process (PID=876) to work on /home/airflow/.local/lib/python3.11/site-packages/airflow/example_dags/plugins/workday.py
[2024-12-23T15:42:33.747+0000] {processor.py:914} INFO - Processing file /home/airflow/.local/lib/python3.11/site-packages/airflow/example_dags/plugins/workday.py for tasks to queue
[2024-12-23T15:42:33.749+0000] {logging_mixin.py:190} INFO - [2024-12-23T15:42:33.749+0000] {dagbag.py:588} INFO - Filling up the DagBag from /home/airflow/.local/lib/python3.11/site-packages/airflow/example_dags/plugins/workday.py
[2024-12-23T15:42:33.756+0000] {processor.py:927} WARNING - No viable dags retrieved from /home/airflow/.local/lib/python3.11/site-packages/airflow/example_dags/plugins/workday.py
[2024-12-23T15:42:33.785+0000] {processor.py:208} INFO - Processing /home/airflow/.local/lib/python3.11/site-packages/airflow/example_dags/plugins/workday.py took 0.046 seconds
[2024-12-23T15:49:35.213+0000] {processor.py:186} INFO - Started process (PID=940) to work on /home/airflow/.local/lib/python3.11/site-packages/airflow/example_dags/plugins/workday.py
[2024-12-23T15:49:35.221+0000] {processor.py:914} INFO - Processing file /home/airflow/.local/lib/python3.11/site-packages/airflow/example_dags/plugins/workday.py for tasks to queue
[2024-12-23T15:49:35.234+0000] {logging_mixin.py:190} INFO - [2024-12-23T15:49:35.233+0000] {dagbag.py:588} INFO - Filling up the DagBag from /home/airflow/.local/lib/python3.11/site-packages/airflow/example_dags/plugins/workday.py
[2024-12-23T15:49:35.238+0000] {processor.py:927} WARNING - No viable dags retrieved from /home/airflow/.local/lib/python3.11/site-packages/airflow/example_dags/plugins/workday.py
[2024-12-23T15:49:35.253+0000] {processor.py:208} INFO - Processing /home/airflow/.local/lib/python3.11/site-packages/airflow/example_dags/plugins/workday.py took 0.055 seconds
[2024-12-23T15:50:05.309+0000] {processor.py:186} INFO - Started process (PID=1004) to work on /home/airflow/.local/lib/python3.11/site-packages/airflow/example_dags/plugins/workday.py
[2024-12-23T15:50:05.310+0000] {processor.py:914} INFO - Processing file /home/airflow/.local/lib/python3.11/site-packages/airflow/example_dags/plugins/workday.py for tasks to queue
[2024-12-23T15:50:05.311+0000] {logging_mixin.py:190} INFO - [2024-12-23T15:50:05.311+0000] {dagbag.py:588} INFO - Filling up the DagBag from /home/airflow/.local/lib/python3.11/site-packages/airflow/example_dags/plugins/workday.py
[2024-12-23T15:50:05.313+0000] {processor.py:927} WARNING - No viable dags retrieved from /home/airflow/.local/lib/python3.11/site-packages/airflow/example_dags/plugins/workday.py
[2024-12-23T15:50:05.320+0000] {processor.py:208} INFO - Processing /home/airflow/.local/lib/python3.11/site-packages/airflow/example_dags/plugins/workday.py took 0.015 seconds
[2024-12-23T15:50:35.737+0000] {processor.py:186} INFO - Started process (PID=1068) to work on /home/airflow/.local/lib/python3.11/site-packages/airflow/example_dags/plugins/workday.py
[2024-12-23T15:50:35.739+0000] {processor.py:914} INFO - Processing file /home/airflow/.local/lib/python3.11/site-packages/airflow/example_dags/plugins/workday.py for tasks to queue
[2024-12-23T15:50:35.741+0000] {logging_mixin.py:190} INFO - [2024-12-23T15:50:35.741+0000] {dagbag.py:588} INFO - Filling up the DagBag from /home/airflow/.local/lib/python3.11/site-packages/airflow/example_dags/plugins/workday.py
[2024-12-23T15:50:35.744+0000] {processor.py:927} WARNING - No viable dags retrieved from /home/airflow/.local/lib/python3.11/site-packages/airflow/example_dags/plugins/workday.py
[2024-12-23T15:50:35.768+0000] {processor.py:208} INFO - Processing /home/airflow/.local/lib/python3.11/site-packages/airflow/example_dags/plugins/workday.py took 0.042 seconds
[2024-12-23T15:51:06.701+0000] {processor.py:186} INFO - Started process (PID=1132) to work on /home/airflow/.local/lib/python3.11/site-packages/airflow/example_dags/plugins/workday.py
[2024-12-23T15:51:06.702+0000] {processor.py:914} INFO - Processing file /home/airflow/.local/lib/python3.11/site-packages/airflow/example_dags/plugins/workday.py for tasks to queue
[2024-12-23T15:51:06.704+0000] {logging_mixin.py:190} INFO - [2024-12-23T15:51:06.703+0000] {dagbag.py:588} INFO - Filling up the DagBag from /home/airflow/.local/lib/python3.11/site-packages/airflow/example_dags/plugins/workday.py
[2024-12-23T15:51:06.705+0000] {processor.py:927} WARNING - No viable dags retrieved from /home/airflow/.local/lib/python3.11/site-packages/airflow/example_dags/plugins/workday.py
[2024-12-23T15:51:06.712+0000] {processor.py:208} INFO - Processing /home/airflow/.local/lib/python3.11/site-packages/airflow/example_dags/plugins/workday.py took 0.013 seconds
[2024-12-23T15:51:37.258+0000] {processor.py:186} INFO - Started process (PID=1196) to work on /home/airflow/.local/lib/python3.11/site-packages/airflow/example_dags/plugins/workday.py
[2024-12-23T15:51:37.259+0000] {processor.py:914} INFO - Processing file /home/airflow/.local/lib/python3.11/site-packages/airflow/example_dags/plugins/workday.py for tasks to queue
[2024-12-23T15:51:37.261+0000] {logging_mixin.py:190} INFO - [2024-12-23T15:51:37.260+0000] {dagbag.py:588} INFO - Filling up the DagBag from /home/airflow/.local/lib/python3.11/site-packages/airflow/example_dags/plugins/workday.py
[2024-12-23T15:51:37.262+0000] {processor.py:927} WARNING - No viable dags retrieved from /home/airflow/.local/lib/python3.11/site-packages/airflow/example_dags/plugins/workday.py
[2024-12-23T15:51:37.269+0000] {processor.py:208} INFO - Processing /home/airflow/.local/lib/python3.11/site-packages/airflow/example_dags/plugins/workday.py took 0.014 seconds
[2024-12-23T15:52:07.701+0000] {processor.py:186} INFO - Started process (PID=1260) to work on /home/airflow/.local/lib/python3.11/site-packages/airflow/example_dags/plugins/workday.py
[2024-12-23T15:52:07.702+0000] {processor.py:914} INFO - Processing file /home/airflow/.local/lib/python3.11/site-packages/airflow/example_dags/plugins/workday.py for tasks to queue
[2024-12-23T15:52:07.703+0000] {logging_mixin.py:190} INFO - [2024-12-23T15:52:07.703+0000] {dagbag.py:588} INFO - Filling up the DagBag from /home/airflow/.local/lib/python3.11/site-packages/airflow/example_dags/plugins/workday.py
[2024-12-23T15:52:07.704+0000] {processor.py:927} WARNING - No viable dags retrieved from /home/airflow/.local/lib/python3.11/site-packages/airflow/example_dags/plugins/workday.py
[2024-12-23T15:52:07.711+0000] {processor.py:208} INFO - Processing /home/airflow/.local/lib/python3.11/site-packages/airflow/example_dags/plugins/workday.py took 0.013 seconds
[2024-12-23T15:52:38.147+0000] {processor.py:186} INFO - Started process (PID=1324) to work on /home/airflow/.local/lib/python3.11/site-packages/airflow/example_dags/plugins/workday.py
[2024-12-23T15:52:38.148+0000] {processor.py:914} INFO - Processing file /home/airflow/.local/lib/python3.11/site-packages/airflow/example_dags/plugins/workday.py for tasks to queue
[2024-12-23T15:52:38.149+0000] {logging_mixin.py:190} INFO - [2024-12-23T15:52:38.149+0000] {dagbag.py:588} INFO - Filling up the DagBag from /home/airflow/.local/lib/python3.11/site-packages/airflow/example_dags/plugins/workday.py
[2024-12-23T15:52:38.151+0000] {processor.py:927} WARNING - No viable dags retrieved from /home/airflow/.local/lib/python3.11/site-packages/airflow/example_dags/plugins/workday.py
[2024-12-23T15:52:38.158+0000] {processor.py:208} INFO - Processing /home/airflow/.local/lib/python3.11/site-packages/airflow/example_dags/plugins/workday.py took 0.014 seconds
[2024-12-23T15:53:08.613+0000] {processor.py:186} INFO - Started process (PID=1388) to work on /home/airflow/.local/lib/python3.11/site-packages/airflow/example_dags/plugins/workday.py
[2024-12-23T15:53:08.614+0000] {processor.py:914} INFO - Processing file /home/airflow/.local/lib/python3.11/site-packages/airflow/example_dags/plugins/workday.py for tasks to queue
[2024-12-23T15:53:08.615+0000] {logging_mixin.py:190} INFO - [2024-12-23T15:53:08.615+0000] {dagbag.py:588} INFO - Filling up the DagBag from /home/airflow/.local/lib/python3.11/site-packages/airflow/example_dags/plugins/workday.py
[2024-12-23T15:53:08.617+0000] {processor.py:927} WARNING - No viable dags retrieved from /home/airflow/.local/lib/python3.11/site-packages/airflow/example_dags/plugins/workday.py
[2024-12-23T15:53:08.623+0000] {processor.py:208} INFO - Processing /home/airflow/.local/lib/python3.11/site-packages/airflow/example_dags/plugins/workday.py took 0.014 seconds
[2024-12-23T15:53:39.171+0000] {processor.py:186} INFO - Started process (PID=1452) to work on /home/airflow/.local/lib/python3.11/site-packages/airflow/example_dags/plugins/workday.py
[2024-12-23T15:53:39.172+0000] {processor.py:914} INFO - Processing file /home/airflow/.local/lib/python3.11/site-packages/airflow/example_dags/plugins/workday.py for tasks to queue
[2024-12-23T15:53:39.173+0000] {logging_mixin.py:190} INFO - [2024-12-23T15:53:39.173+0000] {dagbag.py:588} INFO - Filling up the DagBag from /home/airflow/.local/lib/python3.11/site-packages/airflow/example_dags/plugins/workday.py
[2024-12-23T15:53:39.175+0000] {processor.py:927} WARNING - No viable dags retrieved from /home/airflow/.local/lib/python3.11/site-packages/airflow/example_dags/plugins/workday.py
[2024-12-23T15:53:39.182+0000] {processor.py:208} INFO - Processing /home/airflow/.local/lib/python3.11/site-packages/airflow/example_dags/plugins/workday.py took 0.014 seconds
[2024-12-23T15:54:09.663+0000] {processor.py:186} INFO - Started process (PID=1516) to work on /home/airflow/.local/lib/python3.11/site-packages/airflow/example_dags/plugins/workday.py
[2024-12-23T15:54:09.664+0000] {processor.py:914} INFO - Processing file /home/airflow/.local/lib/python3.11/site-packages/airflow/example_dags/plugins/workday.py for tasks to queue
[2024-12-23T15:54:09.665+0000] {logging_mixin.py:190} INFO - [2024-12-23T15:54:09.665+0000] {dagbag.py:588} INFO - Filling up the DagBag from /home/airflow/.local/lib/python3.11/site-packages/airflow/example_dags/plugins/workday.py
[2024-12-23T15:54:09.667+0000] {processor.py:927} WARNING - No viable dags retrieved from /home/airflow/.local/lib/python3.11/site-packages/airflow/example_dags/plugins/workday.py
[2024-12-23T15:54:09.673+0000] {processor.py:208} INFO - Processing /home/airflow/.local/lib/python3.11/site-packages/airflow/example_dags/plugins/workday.py took 0.014 seconds
[2024-12-23T15:54:40.160+0000] {processor.py:186} INFO - Started process (PID=1580) to work on /home/airflow/.local/lib/python3.11/site-packages/airflow/example_dags/plugins/workday.py
[2024-12-23T15:54:40.161+0000] {processor.py:914} INFO - Processing file /home/airflow/.local/lib/python3.11/site-packages/airflow/example_dags/plugins/workday.py for tasks to queue
[2024-12-23T15:54:40.163+0000] {logging_mixin.py:190} INFO - [2024-12-23T15:54:40.162+0000] {dagbag.py:588} INFO - Filling up the DagBag from /home/airflow/.local/lib/python3.11/site-packages/airflow/example_dags/plugins/workday.py
[2024-12-23T15:54:40.164+0000] {processor.py:927} WARNING - No viable dags retrieved from /home/airflow/.local/lib/python3.11/site-packages/airflow/example_dags/plugins/workday.py
[2024-12-23T15:54:40.170+0000] {processor.py:208} INFO - Processing /home/airflow/.local/lib/python3.11/site-packages/airflow/example_dags/plugins/workday.py took 0.014 seconds
[2024-12-23T15:55:10.770+0000] {processor.py:186} INFO - Started process (PID=1644) to work on /home/airflow/.local/lib/python3.11/site-packages/airflow/example_dags/plugins/workday.py
[2024-12-23T15:55:10.771+0000] {processor.py:914} INFO - Processing file /home/airflow/.local/lib/python3.11/site-packages/airflow/example_dags/plugins/workday.py for tasks to queue
[2024-12-23T15:55:10.774+0000] {logging_mixin.py:190} INFO - [2024-12-23T15:55:10.774+0000] {dagbag.py:588} INFO - Filling up the DagBag from /home/airflow/.local/lib/python3.11/site-packages/airflow/example_dags/plugins/workday.py
[2024-12-23T15:55:10.776+0000] {processor.py:927} WARNING - No viable dags retrieved from /home/airflow/.local/lib/python3.11/site-packages/airflow/example_dags/plugins/workday.py
[2024-12-23T15:55:10.783+0000] {processor.py:208} INFO - Processing /home/airflow/.local/lib/python3.11/site-packages/airflow/example_dags/plugins/workday.py took 0.017 seconds
[2024-12-23T16:14:29.172+0000] {processor.py:186} INFO - Started process (PID=1702) to work on /home/airflow/.local/lib/python3.11/site-packages/airflow/example_dags/plugins/workday.py
[2024-12-23T16:14:29.172+0000] {processor.py:914} INFO - Processing file /home/airflow/.local/lib/python3.11/site-packages/airflow/example_dags/plugins/workday.py for tasks to queue
[2024-12-23T16:14:29.174+0000] {logging_mixin.py:190} INFO - [2024-12-23T16:14:29.174+0000] {dagbag.py:588} INFO - Filling up the DagBag from /home/airflow/.local/lib/python3.11/site-packages/airflow/example_dags/plugins/workday.py
[2024-12-23T16:14:29.175+0000] {processor.py:927} WARNING - No viable dags retrieved from /home/airflow/.local/lib/python3.11/site-packages/airflow/example_dags/plugins/workday.py
[2024-12-23T16:14:29.187+0000] {processor.py:208} INFO - Processing /home/airflow/.local/lib/python3.11/site-packages/airflow/example_dags/plugins/workday.py took 0.019 seconds
