[2024-12-10T23:31:19.656+0000] {local_task_job_runner.py:123} INFO - ::group::Pre task execution logs
[2024-12-10T23:31:19.667+0000] {taskinstance.py:2612} INFO - Dependencies all met for dep_context=non-requeueable deps ti=<TaskInstance: Grab_NYC_Data_to_Minio.upload_file_task manual__2024-12-10T23:31:08.529297+00:00 [queued]>
[2024-12-10T23:31:19.674+0000] {taskinstance.py:2612} INFO - Dependencies all met for dep_context=requeueable deps ti=<TaskInstance: Grab_NYC_Data_to_Minio.upload_file_task manual__2024-12-10T23:31:08.529297+00:00 [queued]>
[2024-12-10T23:31:19.674+0000] {taskinstance.py:2865} INFO - Starting attempt 1 of 1
[2024-12-10T23:31:19.696+0000] {taskinstance.py:2888} INFO - Executing <Task(PythonOperator): upload_file_task> on 2024-12-10 23:31:08.529297+00:00
[2024-12-10T23:31:19.720+0000] {standard_task_runner.py:72} INFO - Started process 2313 to run task
[2024-12-10T23:31:19.727+0000] {standard_task_runner.py:104} INFO - Running: ['***', 'tasks', 'run', 'Grab_NYC_Data_to_Minio', 'upload_file_task', 'manual__2024-12-10T23:31:08.529297+00:00', '--job-id', '195', '--raw', '--subdir', 'DAGS_FOLDER/minio.py', '--cfg-path', '/tmp/tmpsb1w3e19']
[2024-12-10T23:31:19.728+0000] {standard_task_runner.py:105} INFO - Job 195: Subtask upload_file_task
[2024-12-10T23:31:19.768+0000] {task_command.py:467} INFO - Running <TaskInstance: Grab_NYC_Data_to_Minio.upload_file_task manual__2024-12-10T23:31:08.529297+00:00 [running]> on host 0805243c7015
[2024-12-10T23:31:19.817+0000] {taskinstance.py:3131} INFO - Exporting env vars: AIRFLOW_CTX_DAG_OWNER='***' AIRFLOW_CTX_DAG_ID='Grab_NYC_Data_to_Minio' AIRFLOW_CTX_TASK_ID='upload_file_task' AIRFLOW_CTX_EXECUTION_DATE='2024-12-10T23:31:08.529297+00:00' AIRFLOW_CTX_TRY_NUMBER='1' AIRFLOW_CTX_DAG_RUN_ID='manual__2024-12-10T23:31:08.529297+00:00'
[2024-12-10T23:31:19.819+0000] {logging_mixin.py:190} INFO - Task instance is in running state
[2024-12-10T23:31:19.819+0000] {logging_mixin.py:190} INFO -  Previous state of the Task instance: queued
[2024-12-10T23:31:19.819+0000] {logging_mixin.py:190} INFO - Current task name:upload_file_task state:running start_date:2024-12-10 23:31:19.668173+00:00
[2024-12-10T23:31:19.820+0000] {logging_mixin.py:190} INFO - Dag name:Grab_NYC_Data_to_Minio and current dag run status:running
[2024-12-10T23:31:19.820+0000] {taskinstance.py:731} INFO - ::endgroup::
[2024-12-10T23:31:20.390+0000] {logging_mixin.py:190} INFO - File uploaded successfully: yellow_tripdata_2024-09.parquet
[2024-12-10T23:31:20.422+0000] {python.py:240} INFO - Done. Returned value was: None
[2024-12-10T23:31:20.491+0000] {taskinstance.py:340} INFO - ::group::Post task execution logs
[2024-12-10T23:31:20.493+0000] {taskinstance.py:352} INFO - Marking task as SUCCESS. dag_id=Grab_NYC_Data_to_Minio, task_id=upload_file_task, run_id=manual__2024-12-10T23:31:08.529297+00:00, execution_date=20241210T233108, start_date=20241210T233119, end_date=20241210T233120
[2024-12-10T23:31:20.509+0000] {logging_mixin.py:190} INFO - Task instance in success state
[2024-12-10T23:31:20.511+0000] {logging_mixin.py:190} INFO -  Previous state of the Task instance: running
[2024-12-10T23:31:20.512+0000] {logging_mixin.py:190} INFO - Dag name:Grab_NYC_Data_to_Minio queued_at:2024-12-10 23:31:08.578810+00:00
[2024-12-10T23:31:20.513+0000] {logging_mixin.py:190} INFO - Task hostname:0805243c7015 operator:PythonOperator
[2024-12-10T23:31:20.571+0000] {local_task_job_runner.py:266} INFO - Task exited with return code 0
[2024-12-10T23:31:20.641+0000] {taskinstance.py:3900} INFO - 0 downstream tasks scheduled from follow-on schedule check
[2024-12-10T23:31:20.650+0000] {local_task_job_runner.py:245} INFO - ::endgroup::
