[2024-11-01T00:41:33.097+0000] {processor.py:186} INFO - Started process (PID=4833) to work on /home/airflow/.local/lib/python3.11/site-packages/airflow/example_dags/example_datasets.py
[2024-11-01T00:41:33.098+0000] {processor.py:914} INFO - Processing file /home/airflow/.local/lib/python3.11/site-packages/airflow/example_dags/example_datasets.py for tasks to queue
[2024-11-01T00:41:33.099+0000] {logging_mixin.py:190} INFO - [2024-11-01T00:41:33.099+0000] {dagbag.py:588} INFO - Filling up the DagBag from /home/airflow/.local/lib/python3.11/site-packages/airflow/example_dags/example_datasets.py
[2024-11-01T00:41:33.180+0000] {processor.py:925} INFO - DAG(s) 'dataset_consumes_unknown_never_scheduled', 'dataset_consumes_1', 'consume_1_or_2_with_dataset_expressions', 'conditional_dataset_and_time_based_timetable', 'dataset_consumes_1_never_scheduled', 'dataset_produces_2', 'consume_1_and_2_with_dataset_expressions', 'consume_1_or_both_2_and_3_with_dataset_expressions', 'dataset_produces_1', 'dataset_consumes_1_and_2' retrieved from /home/airflow/.local/lib/python3.11/site-packages/airflow/example_dags/example_datasets.py
[2024-11-01T00:41:33.199+0000] {logging_mixin.py:190} INFO - [2024-11-01T00:41:33.199+0000] {dag.py:3239} INFO - Sync 10 DAGs
[2024-11-01T00:41:33.212+0000] {logging_mixin.py:190} INFO - [2024-11-01T00:41:33.211+0000] {dag.py:4180} INFO - Setting next_dagrun for conditional_dataset_and_time_based_timetable to 2024-10-30 01:00:00+00:00, run_after=2024-10-30 01:00:00+00:00
[2024-11-01T00:41:33.213+0000] {logging_mixin.py:190} INFO - [2024-11-01T00:41:33.213+0000] {dag.py:4180} INFO - Setting next_dagrun for consume_1_and_2_with_dataset_expressions to None, run_after=None
[2024-11-01T00:41:33.214+0000] {logging_mixin.py:190} INFO - [2024-11-01T00:41:33.214+0000] {dag.py:4180} INFO - Setting next_dagrun for consume_1_or_2_with_dataset_expressions to None, run_after=None
[2024-11-01T00:41:33.215+0000] {logging_mixin.py:190} INFO - [2024-11-01T00:41:33.215+0000] {dag.py:4180} INFO - Setting next_dagrun for consume_1_or_both_2_and_3_with_dataset_expressions to None, run_after=None
[2024-11-01T00:41:33.216+0000] {logging_mixin.py:190} INFO - [2024-11-01T00:41:33.216+0000] {dag.py:4180} INFO - Setting next_dagrun for dataset_consumes_1 to None, run_after=None
[2024-11-01T00:41:33.216+0000] {logging_mixin.py:190} INFO - [2024-11-01T00:41:33.216+0000] {dag.py:4180} INFO - Setting next_dagrun for dataset_consumes_1_and_2 to None, run_after=None
[2024-11-01T00:41:33.217+0000] {logging_mixin.py:190} INFO - [2024-11-01T00:41:33.217+0000] {dag.py:4180} INFO - Setting next_dagrun for dataset_consumes_1_never_scheduled to None, run_after=None
[2024-11-01T00:41:33.217+0000] {logging_mixin.py:190} INFO - [2024-11-01T00:41:33.217+0000] {dag.py:4180} INFO - Setting next_dagrun for dataset_consumes_unknown_never_scheduled to None, run_after=None
[2024-11-01T00:41:33.218+0000] {logging_mixin.py:190} INFO - [2024-11-01T00:41:33.218+0000] {dag.py:4180} INFO - Setting next_dagrun for dataset_produces_1 to 2024-10-31 00:00:00+00:00, run_after=2024-11-01 00:00:00+00:00
[2024-11-01T00:41:33.219+0000] {logging_mixin.py:190} INFO - [2024-11-01T00:41:33.219+0000] {dag.py:4180} INFO - Setting next_dagrun for dataset_produces_2 to None, run_after=None
[2024-11-01T00:41:33.233+0000] {processor.py:208} INFO - Processing /home/airflow/.local/lib/python3.11/site-packages/airflow/example_dags/example_datasets.py took 0.139 seconds
[2024-11-01T01:16:22.225+0000] {processor.py:186} INFO - Started process (PID=4896) to work on /home/airflow/.local/lib/python3.11/site-packages/airflow/example_dags/example_datasets.py
[2024-11-01T01:16:22.226+0000] {processor.py:914} INFO - Processing file /home/airflow/.local/lib/python3.11/site-packages/airflow/example_dags/example_datasets.py for tasks to queue
[2024-11-01T01:16:22.228+0000] {logging_mixin.py:190} INFO - [2024-11-01T01:16:22.228+0000] {dagbag.py:588} INFO - Filling up the DagBag from /home/airflow/.local/lib/python3.11/site-packages/airflow/example_dags/example_datasets.py
[2024-11-01T01:16:22.332+0000] {processor.py:925} INFO - DAG(s) 'consume_1_or_2_with_dataset_expressions', 'dataset_consumes_1_and_2', 'dataset_produces_1', 'conditional_dataset_and_time_based_timetable', 'dataset_consumes_1_never_scheduled', 'consume_1_and_2_with_dataset_expressions', 'dataset_produces_2', 'dataset_consumes_unknown_never_scheduled', 'consume_1_or_both_2_and_3_with_dataset_expressions', 'dataset_consumes_1' retrieved from /home/airflow/.local/lib/python3.11/site-packages/airflow/example_dags/example_datasets.py
[2024-11-01T01:16:22.362+0000] {logging_mixin.py:190} INFO - [2024-11-01T01:16:22.362+0000] {dag.py:3239} INFO - Sync 10 DAGs
[2024-11-01T01:16:22.376+0000] {logging_mixin.py:190} INFO - [2024-11-01T01:16:22.376+0000] {dag.py:4180} INFO - Setting next_dagrun for conditional_dataset_and_time_based_timetable to 2024-10-30 01:00:00+00:00, run_after=2024-10-30 01:00:00+00:00
[2024-11-01T01:16:22.378+0000] {logging_mixin.py:190} INFO - [2024-11-01T01:16:22.378+0000] {dag.py:4180} INFO - Setting next_dagrun for consume_1_and_2_with_dataset_expressions to None, run_after=None
[2024-11-01T01:16:22.379+0000] {logging_mixin.py:190} INFO - [2024-11-01T01:16:22.379+0000] {dag.py:4180} INFO - Setting next_dagrun for consume_1_or_2_with_dataset_expressions to None, run_after=None
[2024-11-01T01:16:22.379+0000] {logging_mixin.py:190} INFO - [2024-11-01T01:16:22.379+0000] {dag.py:4180} INFO - Setting next_dagrun for consume_1_or_both_2_and_3_with_dataset_expressions to None, run_after=None
[2024-11-01T01:16:22.380+0000] {logging_mixin.py:190} INFO - [2024-11-01T01:16:22.380+0000] {dag.py:4180} INFO - Setting next_dagrun for dataset_consumes_1 to None, run_after=None
[2024-11-01T01:16:22.381+0000] {logging_mixin.py:190} INFO - [2024-11-01T01:16:22.381+0000] {dag.py:4180} INFO - Setting next_dagrun for dataset_consumes_1_and_2 to None, run_after=None
[2024-11-01T01:16:22.382+0000] {logging_mixin.py:190} INFO - [2024-11-01T01:16:22.382+0000] {dag.py:4180} INFO - Setting next_dagrun for dataset_consumes_1_never_scheduled to None, run_after=None
[2024-11-01T01:16:22.383+0000] {logging_mixin.py:190} INFO - [2024-11-01T01:16:22.383+0000] {dag.py:4180} INFO - Setting next_dagrun for dataset_consumes_unknown_never_scheduled to None, run_after=None
[2024-11-01T01:16:22.384+0000] {logging_mixin.py:190} INFO - [2024-11-01T01:16:22.384+0000] {dag.py:4180} INFO - Setting next_dagrun for dataset_produces_1 to 2024-10-31 00:00:00+00:00, run_after=2024-11-01 00:00:00+00:00
[2024-11-01T01:16:22.385+0000] {logging_mixin.py:190} INFO - [2024-11-01T01:16:22.385+0000] {dag.py:4180} INFO - Setting next_dagrun for dataset_produces_2 to None, run_after=None
[2024-11-01T01:16:22.408+0000] {processor.py:208} INFO - Processing /home/airflow/.local/lib/python3.11/site-packages/airflow/example_dags/example_datasets.py took 0.186 seconds
