[2024-11-01T00:41:32.186+0000] {processor.py:186} INFO - Started process (PID=4811) to work on /home/airflow/.local/lib/python3.11/site-packages/airflow/example_dags/example_xcom.py
[2024-11-01T00:41:32.187+0000] {processor.py:914} INFO - Processing file /home/airflow/.local/lib/python3.11/site-packages/airflow/example_dags/example_xcom.py for tasks to queue
[2024-11-01T00:41:32.189+0000] {logging_mixin.py:190} INFO - [2024-11-01T00:41:32.188+0000] {dagbag.py:588} INFO - Filling up the DagBag from /home/airflow/.local/lib/python3.11/site-packages/airflow/example_dags/example_xcom.py
[2024-11-01T00:41:32.195+0000] {processor.py:925} INFO - DAG(s) 'example_xcom' retrieved from /home/airflow/.local/lib/python3.11/site-packages/airflow/example_dags/example_xcom.py
[2024-11-01T00:41:32.211+0000] {logging_mixin.py:190} INFO - [2024-11-01T00:41:32.210+0000] {dag.py:3239} INFO - Sync 1 DAGs
[2024-11-01T00:41:32.224+0000] {logging_mixin.py:190} INFO - [2024-11-01T00:41:32.224+0000] {dag.py:4180} INFO - Setting next_dagrun for example_xcom to 2021-01-01 00:00:00+00:00, run_after=2021-01-01 00:00:00+00:00
[2024-11-01T00:41:32.235+0000] {processor.py:208} INFO - Processing /home/airflow/.local/lib/python3.11/site-packages/airflow/example_dags/example_xcom.py took 0.057 seconds
[2024-11-01T01:16:21.067+0000] {processor.py:186} INFO - Started process (PID=4874) to work on /home/airflow/.local/lib/python3.11/site-packages/airflow/example_dags/example_xcom.py
[2024-11-01T01:16:21.116+0000] {processor.py:914} INFO - Processing file /home/airflow/.local/lib/python3.11/site-packages/airflow/example_dags/example_xcom.py for tasks to queue
[2024-11-01T01:16:21.126+0000] {logging_mixin.py:190} INFO - [2024-11-01T01:16:21.126+0000] {dagbag.py:588} INFO - Filling up the DagBag from /home/airflow/.local/lib/python3.11/site-packages/airflow/example_dags/example_xcom.py
[2024-11-01T01:16:21.144+0000] {processor.py:925} INFO - DAG(s) 'example_xcom' retrieved from /home/airflow/.local/lib/python3.11/site-packages/airflow/example_dags/example_xcom.py
[2024-11-01T01:16:21.172+0000] {logging_mixin.py:190} INFO - [2024-11-01T01:16:21.171+0000] {dag.py:3239} INFO - Sync 1 DAGs
[2024-11-01T01:16:21.185+0000] {logging_mixin.py:190} INFO - [2024-11-01T01:16:21.185+0000] {dag.py:4180} INFO - Setting next_dagrun for example_xcom to 2021-01-01 00:00:00+00:00, run_after=2021-01-01 00:00:00+00:00
[2024-11-01T01:16:21.201+0000] {processor.py:208} INFO - Processing /home/airflow/.local/lib/python3.11/site-packages/airflow/example_dags/example_xcom.py took 0.145 seconds
[2024-11-01T01:53:59.764+0000] {processor.py:186} INFO - Started process (PID=4937) to work on /home/airflow/.local/lib/python3.11/site-packages/airflow/example_dags/example_xcom.py
[2024-11-01T01:53:59.765+0000] {processor.py:914} INFO - Processing file /home/airflow/.local/lib/python3.11/site-packages/airflow/example_dags/example_xcom.py for tasks to queue
[2024-11-01T01:53:59.767+0000] {logging_mixin.py:190} INFO - [2024-11-01T01:53:59.767+0000] {dagbag.py:588} INFO - Filling up the DagBag from /home/airflow/.local/lib/python3.11/site-packages/airflow/example_dags/example_xcom.py
[2024-11-01T01:53:59.774+0000] {processor.py:925} INFO - DAG(s) 'example_xcom' retrieved from /home/airflow/.local/lib/python3.11/site-packages/airflow/example_dags/example_xcom.py
[2024-11-01T01:53:59.788+0000] {logging_mixin.py:190} INFO - [2024-11-01T01:53:59.788+0000] {dag.py:3239} INFO - Sync 1 DAGs
[2024-11-01T01:53:59.826+0000] {logging_mixin.py:190} INFO - [2024-11-01T01:53:59.826+0000] {dag.py:4180} INFO - Setting next_dagrun for example_xcom to 2021-01-01 00:00:00+00:00, run_after=2021-01-01 00:00:00+00:00
[2024-11-01T01:53:59.874+0000] {processor.py:208} INFO - Processing /home/airflow/.local/lib/python3.11/site-packages/airflow/example_dags/example_xcom.py took 0.114 seconds
