[2024-12-23T15:36:18.473+0000] {processor.py:186} INFO - Started process (PID=92) to work on /home/airflow/.local/lib/python3.11/site-packages/airflow/example_dags/example_latest_only_with_trigger.py
[2024-12-23T15:36:18.475+0000] {processor.py:914} INFO - Processing file /home/airflow/.local/lib/python3.11/site-packages/airflow/example_dags/example_latest_only_with_trigger.py for tasks to queue
[2024-12-23T15:36:18.480+0000] {logging_mixin.py:190} INFO - [2024-12-23T15:36:18.479+0000] {dagbag.py:588} INFO - Filling up the DagBag from /home/airflow/.local/lib/python3.11/site-packages/airflow/example_dags/example_latest_only_with_trigger.py
[2024-12-23T15:36:18.491+0000] {processor.py:925} INFO - DAG(s) 'latest_only_with_trigger' retrieved from /home/airflow/.local/lib/python3.11/site-packages/airflow/example_dags/example_latest_only_with_trigger.py
[2024-12-23T15:36:18.542+0000] {logging_mixin.py:190} INFO - [2024-12-23T15:36:18.542+0000] {dag.py:3239} INFO - Sync 1 DAGs
[2024-12-23T15:36:18.817+0000] {logging_mixin.py:190} INFO - [2024-12-23T15:36:18.816+0000] {dag.py:4180} INFO - Setting next_dagrun for latest_only_with_trigger to 2024-12-23 08:00:00+00:00, run_after=2024-12-23 12:00:00+00:00
[2024-12-23T15:36:18.848+0000] {processor.py:208} INFO - Processing /home/airflow/.local/lib/python3.11/site-packages/airflow/example_dags/example_latest_only_with_trigger.py took 0.384 seconds
[2024-12-23T15:36:49.218+0000] {processor.py:186} INFO - Started process (PID=156) to work on /home/airflow/.local/lib/python3.11/site-packages/airflow/example_dags/example_latest_only_with_trigger.py
[2024-12-23T15:36:49.219+0000] {processor.py:914} INFO - Processing file /home/airflow/.local/lib/python3.11/site-packages/airflow/example_dags/example_latest_only_with_trigger.py for tasks to queue
[2024-12-23T15:36:49.222+0000] {logging_mixin.py:190} INFO - [2024-12-23T15:36:49.222+0000] {dagbag.py:588} INFO - Filling up the DagBag from /home/airflow/.local/lib/python3.11/site-packages/airflow/example_dags/example_latest_only_with_trigger.py
[2024-12-23T15:36:49.228+0000] {processor.py:925} INFO - DAG(s) 'latest_only_with_trigger' retrieved from /home/airflow/.local/lib/python3.11/site-packages/airflow/example_dags/example_latest_only_with_trigger.py
[2024-12-23T15:36:49.246+0000] {logging_mixin.py:190} INFO - [2024-12-23T15:36:49.246+0000] {dag.py:3239} INFO - Sync 1 DAGs
[2024-12-23T15:36:49.417+0000] {logging_mixin.py:190} INFO - [2024-12-23T15:36:49.417+0000] {dag.py:4180} INFO - Setting next_dagrun for latest_only_with_trigger to 2024-12-23 08:00:00+00:00, run_after=2024-12-23 12:00:00+00:00
[2024-12-23T15:36:49.427+0000] {processor.py:208} INFO - Processing /home/airflow/.local/lib/python3.11/site-packages/airflow/example_dags/example_latest_only_with_trigger.py took 0.214 seconds
[2024-12-23T15:37:20.238+0000] {processor.py:186} INFO - Started process (PID=220) to work on /home/airflow/.local/lib/python3.11/site-packages/airflow/example_dags/example_latest_only_with_trigger.py
[2024-12-23T15:37:20.239+0000] {processor.py:914} INFO - Processing file /home/airflow/.local/lib/python3.11/site-packages/airflow/example_dags/example_latest_only_with_trigger.py for tasks to queue
[2024-12-23T15:37:20.248+0000] {logging_mixin.py:190} INFO - [2024-12-23T15:37:20.246+0000] {dagbag.py:588} INFO - Filling up the DagBag from /home/airflow/.local/lib/python3.11/site-packages/airflow/example_dags/example_latest_only_with_trigger.py
[2024-12-23T15:37:20.255+0000] {processor.py:925} INFO - DAG(s) 'latest_only_with_trigger' retrieved from /home/airflow/.local/lib/python3.11/site-packages/airflow/example_dags/example_latest_only_with_trigger.py
[2024-12-23T15:37:20.272+0000] {logging_mixin.py:190} INFO - [2024-12-23T15:37:20.272+0000] {dag.py:3239} INFO - Sync 1 DAGs
[2024-12-23T15:37:20.290+0000] {logging_mixin.py:190} INFO - [2024-12-23T15:37:20.290+0000] {dag.py:4180} INFO - Setting next_dagrun for latest_only_with_trigger to 2024-12-23 08:00:00+00:00, run_after=2024-12-23 12:00:00+00:00
[2024-12-23T15:37:20.523+0000] {processor.py:208} INFO - Processing /home/airflow/.local/lib/python3.11/site-packages/airflow/example_dags/example_latest_only_with_trigger.py took 0.297 seconds
[2024-12-23T15:37:50.772+0000] {processor.py:186} INFO - Started process (PID=283) to work on /home/airflow/.local/lib/python3.11/site-packages/airflow/example_dags/example_latest_only_with_trigger.py
[2024-12-23T15:37:50.773+0000] {processor.py:914} INFO - Processing file /home/airflow/.local/lib/python3.11/site-packages/airflow/example_dags/example_latest_only_with_trigger.py for tasks to queue
[2024-12-23T15:37:50.775+0000] {logging_mixin.py:190} INFO - [2024-12-23T15:37:50.775+0000] {dagbag.py:588} INFO - Filling up the DagBag from /home/airflow/.local/lib/python3.11/site-packages/airflow/example_dags/example_latest_only_with_trigger.py
[2024-12-23T15:37:50.780+0000] {processor.py:925} INFO - DAG(s) 'latest_only_with_trigger' retrieved from /home/airflow/.local/lib/python3.11/site-packages/airflow/example_dags/example_latest_only_with_trigger.py
[2024-12-23T15:37:50.793+0000] {logging_mixin.py:190} INFO - [2024-12-23T15:37:50.793+0000] {dag.py:3239} INFO - Sync 1 DAGs
[2024-12-23T15:37:50.808+0000] {logging_mixin.py:190} INFO - [2024-12-23T15:37:50.808+0000] {dag.py:4180} INFO - Setting next_dagrun for latest_only_with_trigger to 2024-12-23 08:00:00+00:00, run_after=2024-12-23 12:00:00+00:00
[2024-12-23T15:37:50.946+0000] {processor.py:208} INFO - Processing /home/airflow/.local/lib/python3.11/site-packages/airflow/example_dags/example_latest_only_with_trigger.py took 0.179 seconds
[2024-12-23T15:38:21.612+0000] {processor.py:186} INFO - Started process (PID=347) to work on /home/airflow/.local/lib/python3.11/site-packages/airflow/example_dags/example_latest_only_with_trigger.py
[2024-12-23T15:38:21.613+0000] {processor.py:914} INFO - Processing file /home/airflow/.local/lib/python3.11/site-packages/airflow/example_dags/example_latest_only_with_trigger.py for tasks to queue
[2024-12-23T15:38:21.614+0000] {logging_mixin.py:190} INFO - [2024-12-23T15:38:21.614+0000] {dagbag.py:588} INFO - Filling up the DagBag from /home/airflow/.local/lib/python3.11/site-packages/airflow/example_dags/example_latest_only_with_trigger.py
[2024-12-23T15:38:21.620+0000] {processor.py:925} INFO - DAG(s) 'latest_only_with_trigger' retrieved from /home/airflow/.local/lib/python3.11/site-packages/airflow/example_dags/example_latest_only_with_trigger.py
[2024-12-23T15:38:21.634+0000] {logging_mixin.py:190} INFO - [2024-12-23T15:38:21.633+0000] {dag.py:3239} INFO - Sync 1 DAGs
[2024-12-23T15:38:21.645+0000] {logging_mixin.py:190} INFO - [2024-12-23T15:38:21.645+0000] {dag.py:4180} INFO - Setting next_dagrun for latest_only_with_trigger to 2024-12-23 08:00:00+00:00, run_after=2024-12-23 12:00:00+00:00
[2024-12-23T15:38:21.652+0000] {processor.py:208} INFO - Processing /home/airflow/.local/lib/python3.11/site-packages/airflow/example_dags/example_latest_only_with_trigger.py took 0.045 seconds
[2024-12-23T15:38:52.561+0000] {processor.py:186} INFO - Started process (PID=411) to work on /home/airflow/.local/lib/python3.11/site-packages/airflow/example_dags/example_latest_only_with_trigger.py
[2024-12-23T15:38:52.562+0000] {processor.py:914} INFO - Processing file /home/airflow/.local/lib/python3.11/site-packages/airflow/example_dags/example_latest_only_with_trigger.py for tasks to queue
[2024-12-23T15:38:52.564+0000] {logging_mixin.py:190} INFO - [2024-12-23T15:38:52.563+0000] {dagbag.py:588} INFO - Filling up the DagBag from /home/airflow/.local/lib/python3.11/site-packages/airflow/example_dags/example_latest_only_with_trigger.py
[2024-12-23T15:38:52.570+0000] {processor.py:925} INFO - DAG(s) 'latest_only_with_trigger' retrieved from /home/airflow/.local/lib/python3.11/site-packages/airflow/example_dags/example_latest_only_with_trigger.py
[2024-12-23T15:38:52.581+0000] {logging_mixin.py:190} INFO - [2024-12-23T15:38:52.581+0000] {dag.py:3239} INFO - Sync 1 DAGs
[2024-12-23T15:38:52.593+0000] {logging_mixin.py:190} INFO - [2024-12-23T15:38:52.593+0000] {dag.py:4180} INFO - Setting next_dagrun for latest_only_with_trigger to 2024-12-23 08:00:00+00:00, run_after=2024-12-23 12:00:00+00:00
[2024-12-23T15:38:52.602+0000] {processor.py:208} INFO - Processing /home/airflow/.local/lib/python3.11/site-packages/airflow/example_dags/example_latest_only_with_trigger.py took 0.047 seconds
[2024-12-23T15:39:23.400+0000] {processor.py:186} INFO - Started process (PID=475) to work on /home/airflow/.local/lib/python3.11/site-packages/airflow/example_dags/example_latest_only_with_trigger.py
[2024-12-23T15:39:23.401+0000] {processor.py:914} INFO - Processing file /home/airflow/.local/lib/python3.11/site-packages/airflow/example_dags/example_latest_only_with_trigger.py for tasks to queue
[2024-12-23T15:39:23.403+0000] {logging_mixin.py:190} INFO - [2024-12-23T15:39:23.402+0000] {dagbag.py:588} INFO - Filling up the DagBag from /home/airflow/.local/lib/python3.11/site-packages/airflow/example_dags/example_latest_only_with_trigger.py
[2024-12-23T15:39:23.407+0000] {processor.py:925} INFO - DAG(s) 'latest_only_with_trigger' retrieved from /home/airflow/.local/lib/python3.11/site-packages/airflow/example_dags/example_latest_only_with_trigger.py
[2024-12-23T15:39:23.419+0000] {logging_mixin.py:190} INFO - [2024-12-23T15:39:23.419+0000] {dag.py:3239} INFO - Sync 1 DAGs
[2024-12-23T15:39:23.430+0000] {logging_mixin.py:190} INFO - [2024-12-23T15:39:23.430+0000] {dag.py:4180} INFO - Setting next_dagrun for latest_only_with_trigger to 2024-12-23 08:00:00+00:00, run_after=2024-12-23 12:00:00+00:00
[2024-12-23T15:39:23.439+0000] {processor.py:208} INFO - Processing /home/airflow/.local/lib/python3.11/site-packages/airflow/example_dags/example_latest_only_with_trigger.py took 0.044 seconds
[2024-12-23T15:39:54.218+0000] {processor.py:186} INFO - Started process (PID=539) to work on /home/airflow/.local/lib/python3.11/site-packages/airflow/example_dags/example_latest_only_with_trigger.py
[2024-12-23T15:39:54.219+0000] {processor.py:914} INFO - Processing file /home/airflow/.local/lib/python3.11/site-packages/airflow/example_dags/example_latest_only_with_trigger.py for tasks to queue
[2024-12-23T15:39:54.221+0000] {logging_mixin.py:190} INFO - [2024-12-23T15:39:54.221+0000] {dagbag.py:588} INFO - Filling up the DagBag from /home/airflow/.local/lib/python3.11/site-packages/airflow/example_dags/example_latest_only_with_trigger.py
[2024-12-23T15:39:54.225+0000] {processor.py:925} INFO - DAG(s) 'latest_only_with_trigger' retrieved from /home/airflow/.local/lib/python3.11/site-packages/airflow/example_dags/example_latest_only_with_trigger.py
[2024-12-23T15:39:54.236+0000] {logging_mixin.py:190} INFO - [2024-12-23T15:39:54.236+0000] {dag.py:3239} INFO - Sync 1 DAGs
[2024-12-23T15:39:54.246+0000] {logging_mixin.py:190} INFO - [2024-12-23T15:39:54.246+0000] {dag.py:4180} INFO - Setting next_dagrun for latest_only_with_trigger to 2024-12-23 08:00:00+00:00, run_after=2024-12-23 12:00:00+00:00
[2024-12-23T15:39:54.255+0000] {processor.py:208} INFO - Processing /home/airflow/.local/lib/python3.11/site-packages/airflow/example_dags/example_latest_only_with_trigger.py took 0.041 seconds
[2024-12-23T15:40:24.832+0000] {processor.py:186} INFO - Started process (PID=603) to work on /home/airflow/.local/lib/python3.11/site-packages/airflow/example_dags/example_latest_only_with_trigger.py
[2024-12-23T15:40:24.833+0000] {processor.py:914} INFO - Processing file /home/airflow/.local/lib/python3.11/site-packages/airflow/example_dags/example_latest_only_with_trigger.py for tasks to queue
[2024-12-23T15:40:24.836+0000] {logging_mixin.py:190} INFO - [2024-12-23T15:40:24.836+0000] {dagbag.py:588} INFO - Filling up the DagBag from /home/airflow/.local/lib/python3.11/site-packages/airflow/example_dags/example_latest_only_with_trigger.py
[2024-12-23T15:40:24.842+0000] {processor.py:925} INFO - DAG(s) 'latest_only_with_trigger' retrieved from /home/airflow/.local/lib/python3.11/site-packages/airflow/example_dags/example_latest_only_with_trigger.py
[2024-12-23T15:40:24.857+0000] {logging_mixin.py:190} INFO - [2024-12-23T15:40:24.857+0000] {dag.py:3239} INFO - Sync 1 DAGs
[2024-12-23T15:40:24.885+0000] {logging_mixin.py:190} INFO - [2024-12-23T15:40:24.884+0000] {dag.py:4180} INFO - Setting next_dagrun for latest_only_with_trigger to 2024-12-23 08:00:00+00:00, run_after=2024-12-23 12:00:00+00:00
[2024-12-23T15:40:24.898+0000] {processor.py:208} INFO - Processing /home/airflow/.local/lib/python3.11/site-packages/airflow/example_dags/example_latest_only_with_trigger.py took 0.079 seconds
[2024-12-23T15:40:55.439+0000] {processor.py:186} INFO - Started process (PID=667) to work on /home/airflow/.local/lib/python3.11/site-packages/airflow/example_dags/example_latest_only_with_trigger.py
[2024-12-23T15:40:55.440+0000] {processor.py:914} INFO - Processing file /home/airflow/.local/lib/python3.11/site-packages/airflow/example_dags/example_latest_only_with_trigger.py for tasks to queue
[2024-12-23T15:40:55.442+0000] {logging_mixin.py:190} INFO - [2024-12-23T15:40:55.441+0000] {dagbag.py:588} INFO - Filling up the DagBag from /home/airflow/.local/lib/python3.11/site-packages/airflow/example_dags/example_latest_only_with_trigger.py
[2024-12-23T15:40:55.445+0000] {processor.py:925} INFO - DAG(s) 'latest_only_with_trigger' retrieved from /home/airflow/.local/lib/python3.11/site-packages/airflow/example_dags/example_latest_only_with_trigger.py
[2024-12-23T15:40:55.455+0000] {logging_mixin.py:190} INFO - [2024-12-23T15:40:55.455+0000] {dag.py:3239} INFO - Sync 1 DAGs
[2024-12-23T15:40:55.471+0000] {logging_mixin.py:190} INFO - [2024-12-23T15:40:55.471+0000] {dag.py:4180} INFO - Setting next_dagrun for latest_only_with_trigger to 2024-12-23 08:00:00+00:00, run_after=2024-12-23 12:00:00+00:00
[2024-12-23T15:40:55.479+0000] {processor.py:208} INFO - Processing /home/airflow/.local/lib/python3.11/site-packages/airflow/example_dags/example_latest_only_with_trigger.py took 0.044 seconds
[2024-12-23T15:41:26.635+0000] {processor.py:186} INFO - Started process (PID=731) to work on /home/airflow/.local/lib/python3.11/site-packages/airflow/example_dags/example_latest_only_with_trigger.py
[2024-12-23T15:41:26.636+0000] {processor.py:914} INFO - Processing file /home/airflow/.local/lib/python3.11/site-packages/airflow/example_dags/example_latest_only_with_trigger.py for tasks to queue
[2024-12-23T15:41:26.638+0000] {logging_mixin.py:190} INFO - [2024-12-23T15:41:26.638+0000] {dagbag.py:588} INFO - Filling up the DagBag from /home/airflow/.local/lib/python3.11/site-packages/airflow/example_dags/example_latest_only_with_trigger.py
[2024-12-23T15:41:26.642+0000] {processor.py:925} INFO - DAG(s) 'latest_only_with_trigger' retrieved from /home/airflow/.local/lib/python3.11/site-packages/airflow/example_dags/example_latest_only_with_trigger.py
[2024-12-23T15:41:26.658+0000] {logging_mixin.py:190} INFO - [2024-12-23T15:41:26.658+0000] {dag.py:3239} INFO - Sync 1 DAGs
[2024-12-23T15:41:26.671+0000] {logging_mixin.py:190} INFO - [2024-12-23T15:41:26.671+0000] {dag.py:4180} INFO - Setting next_dagrun for latest_only_with_trigger to 2024-12-23 08:00:00+00:00, run_after=2024-12-23 12:00:00+00:00
[2024-12-23T15:41:26.679+0000] {processor.py:208} INFO - Processing /home/airflow/.local/lib/python3.11/site-packages/airflow/example_dags/example_latest_only_with_trigger.py took 0.048 seconds
[2024-12-23T15:41:57.645+0000] {processor.py:186} INFO - Started process (PID=795) to work on /home/airflow/.local/lib/python3.11/site-packages/airflow/example_dags/example_latest_only_with_trigger.py
[2024-12-23T15:41:57.646+0000] {processor.py:914} INFO - Processing file /home/airflow/.local/lib/python3.11/site-packages/airflow/example_dags/example_latest_only_with_trigger.py for tasks to queue
[2024-12-23T15:41:57.648+0000] {logging_mixin.py:190} INFO - [2024-12-23T15:41:57.648+0000] {dagbag.py:588} INFO - Filling up the DagBag from /home/airflow/.local/lib/python3.11/site-packages/airflow/example_dags/example_latest_only_with_trigger.py
[2024-12-23T15:41:57.652+0000] {processor.py:925} INFO - DAG(s) 'latest_only_with_trigger' retrieved from /home/airflow/.local/lib/python3.11/site-packages/airflow/example_dags/example_latest_only_with_trigger.py
[2024-12-23T15:41:57.662+0000] {logging_mixin.py:190} INFO - [2024-12-23T15:41:57.662+0000] {dag.py:3239} INFO - Sync 1 DAGs
[2024-12-23T15:41:57.672+0000] {logging_mixin.py:190} INFO - [2024-12-23T15:41:57.672+0000] {dag.py:4180} INFO - Setting next_dagrun for latest_only_with_trigger to 2024-12-23 08:00:00+00:00, run_after=2024-12-23 12:00:00+00:00
[2024-12-23T15:41:57.680+0000] {processor.py:208} INFO - Processing /home/airflow/.local/lib/python3.11/site-packages/airflow/example_dags/example_latest_only_with_trigger.py took 0.039 seconds
[2024-12-23T15:42:28.412+0000] {processor.py:186} INFO - Started process (PID=859) to work on /home/airflow/.local/lib/python3.11/site-packages/airflow/example_dags/example_latest_only_with_trigger.py
[2024-12-23T15:42:28.413+0000] {processor.py:914} INFO - Processing file /home/airflow/.local/lib/python3.11/site-packages/airflow/example_dags/example_latest_only_with_trigger.py for tasks to queue
[2024-12-23T15:42:28.415+0000] {logging_mixin.py:190} INFO - [2024-12-23T15:42:28.415+0000] {dagbag.py:588} INFO - Filling up the DagBag from /home/airflow/.local/lib/python3.11/site-packages/airflow/example_dags/example_latest_only_with_trigger.py
[2024-12-23T15:42:28.420+0000] {processor.py:925} INFO - DAG(s) 'latest_only_with_trigger' retrieved from /home/airflow/.local/lib/python3.11/site-packages/airflow/example_dags/example_latest_only_with_trigger.py
[2024-12-23T15:42:28.434+0000] {logging_mixin.py:190} INFO - [2024-12-23T15:42:28.434+0000] {dag.py:3239} INFO - Sync 1 DAGs
[2024-12-23T15:42:28.446+0000] {logging_mixin.py:190} INFO - [2024-12-23T15:42:28.446+0000] {dag.py:4180} INFO - Setting next_dagrun for latest_only_with_trigger to 2024-12-23 08:00:00+00:00, run_after=2024-12-23 12:00:00+00:00
[2024-12-23T15:42:28.455+0000] {processor.py:208} INFO - Processing /home/airflow/.local/lib/python3.11/site-packages/airflow/example_dags/example_latest_only_with_trigger.py took 0.046 seconds
[2024-12-23T15:49:33.734+0000] {processor.py:186} INFO - Started process (PID=923) to work on /home/airflow/.local/lib/python3.11/site-packages/airflow/example_dags/example_latest_only_with_trigger.py
[2024-12-23T15:49:33.735+0000] {processor.py:914} INFO - Processing file /home/airflow/.local/lib/python3.11/site-packages/airflow/example_dags/example_latest_only_with_trigger.py for tasks to queue
[2024-12-23T15:49:33.737+0000] {logging_mixin.py:190} INFO - [2024-12-23T15:49:33.737+0000] {dagbag.py:588} INFO - Filling up the DagBag from /home/airflow/.local/lib/python3.11/site-packages/airflow/example_dags/example_latest_only_with_trigger.py
[2024-12-23T15:49:33.745+0000] {processor.py:925} INFO - DAG(s) 'latest_only_with_trigger' retrieved from /home/airflow/.local/lib/python3.11/site-packages/airflow/example_dags/example_latest_only_with_trigger.py
[2024-12-23T15:49:33.788+0000] {logging_mixin.py:190} INFO - [2024-12-23T15:49:33.787+0000] {dag.py:3239} INFO - Sync 1 DAGs
[2024-12-23T15:49:33.812+0000] {logging_mixin.py:190} INFO - [2024-12-23T15:49:33.812+0000] {dag.py:4180} INFO - Setting next_dagrun for latest_only_with_trigger to 2024-12-23 08:00:00+00:00, run_after=2024-12-23 12:00:00+00:00
[2024-12-23T15:49:33.825+0000] {processor.py:208} INFO - Processing /home/airflow/.local/lib/python3.11/site-packages/airflow/example_dags/example_latest_only_with_trigger.py took 0.097 seconds
[2024-12-23T15:50:04.780+0000] {processor.py:186} INFO - Started process (PID=987) to work on /home/airflow/.local/lib/python3.11/site-packages/airflow/example_dags/example_latest_only_with_trigger.py
[2024-12-23T15:50:04.781+0000] {processor.py:914} INFO - Processing file /home/airflow/.local/lib/python3.11/site-packages/airflow/example_dags/example_latest_only_with_trigger.py for tasks to queue
[2024-12-23T15:50:04.782+0000] {logging_mixin.py:190} INFO - [2024-12-23T15:50:04.782+0000] {dagbag.py:588} INFO - Filling up the DagBag from /home/airflow/.local/lib/python3.11/site-packages/airflow/example_dags/example_latest_only_with_trigger.py
[2024-12-23T15:50:04.787+0000] {processor.py:925} INFO - DAG(s) 'latest_only_with_trigger' retrieved from /home/airflow/.local/lib/python3.11/site-packages/airflow/example_dags/example_latest_only_with_trigger.py
[2024-12-23T15:50:04.797+0000] {logging_mixin.py:190} INFO - [2024-12-23T15:50:04.797+0000] {dag.py:3239} INFO - Sync 1 DAGs
[2024-12-23T15:50:04.808+0000] {logging_mixin.py:190} INFO - [2024-12-23T15:50:04.807+0000] {dag.py:4180} INFO - Setting next_dagrun for latest_only_with_trigger to 2024-12-23 08:00:00+00:00, run_after=2024-12-23 12:00:00+00:00
[2024-12-23T15:50:04.816+0000] {processor.py:208} INFO - Processing /home/airflow/.local/lib/python3.11/site-packages/airflow/example_dags/example_latest_only_with_trigger.py took 0.040 seconds
[2024-12-23T15:50:35.181+0000] {processor.py:186} INFO - Started process (PID=1051) to work on /home/airflow/.local/lib/python3.11/site-packages/airflow/example_dags/example_latest_only_with_trigger.py
[2024-12-23T15:50:35.182+0000] {processor.py:914} INFO - Processing file /home/airflow/.local/lib/python3.11/site-packages/airflow/example_dags/example_latest_only_with_trigger.py for tasks to queue
[2024-12-23T15:50:35.184+0000] {logging_mixin.py:190} INFO - [2024-12-23T15:50:35.184+0000] {dagbag.py:588} INFO - Filling up the DagBag from /home/airflow/.local/lib/python3.11/site-packages/airflow/example_dags/example_latest_only_with_trigger.py
[2024-12-23T15:50:35.188+0000] {processor.py:925} INFO - DAG(s) 'latest_only_with_trigger' retrieved from /home/airflow/.local/lib/python3.11/site-packages/airflow/example_dags/example_latest_only_with_trigger.py
[2024-12-23T15:50:35.199+0000] {logging_mixin.py:190} INFO - [2024-12-23T15:50:35.199+0000] {dag.py:3239} INFO - Sync 1 DAGs
[2024-12-23T15:50:35.210+0000] {logging_mixin.py:190} INFO - [2024-12-23T15:50:35.210+0000] {dag.py:4180} INFO - Setting next_dagrun for latest_only_with_trigger to 2024-12-23 08:00:00+00:00, run_after=2024-12-23 12:00:00+00:00
[2024-12-23T15:50:35.219+0000] {processor.py:208} INFO - Processing /home/airflow/.local/lib/python3.11/site-packages/airflow/example_dags/example_latest_only_with_trigger.py took 0.043 seconds
[2024-12-23T15:51:06.194+0000] {processor.py:186} INFO - Started process (PID=1115) to work on /home/airflow/.local/lib/python3.11/site-packages/airflow/example_dags/example_latest_only_with_trigger.py
[2024-12-23T15:51:06.194+0000] {processor.py:914} INFO - Processing file /home/airflow/.local/lib/python3.11/site-packages/airflow/example_dags/example_latest_only_with_trigger.py for tasks to queue
[2024-12-23T15:51:06.196+0000] {logging_mixin.py:190} INFO - [2024-12-23T15:51:06.196+0000] {dagbag.py:588} INFO - Filling up the DagBag from /home/airflow/.local/lib/python3.11/site-packages/airflow/example_dags/example_latest_only_with_trigger.py
[2024-12-23T15:51:06.201+0000] {processor.py:925} INFO - DAG(s) 'latest_only_with_trigger' retrieved from /home/airflow/.local/lib/python3.11/site-packages/airflow/example_dags/example_latest_only_with_trigger.py
[2024-12-23T15:51:06.211+0000] {logging_mixin.py:190} INFO - [2024-12-23T15:51:06.211+0000] {dag.py:3239} INFO - Sync 1 DAGs
[2024-12-23T15:51:06.223+0000] {logging_mixin.py:190} INFO - [2024-12-23T15:51:06.223+0000] {dag.py:4180} INFO - Setting next_dagrun for latest_only_with_trigger to 2024-12-23 08:00:00+00:00, run_after=2024-12-23 12:00:00+00:00
[2024-12-23T15:51:06.232+0000] {processor.py:208} INFO - Processing /home/airflow/.local/lib/python3.11/site-packages/airflow/example_dags/example_latest_only_with_trigger.py took 0.042 seconds
[2024-12-23T15:51:36.732+0000] {processor.py:186} INFO - Started process (PID=1179) to work on /home/airflow/.local/lib/python3.11/site-packages/airflow/example_dags/example_latest_only_with_trigger.py
[2024-12-23T15:51:36.732+0000] {processor.py:914} INFO - Processing file /home/airflow/.local/lib/python3.11/site-packages/airflow/example_dags/example_latest_only_with_trigger.py for tasks to queue
[2024-12-23T15:51:36.734+0000] {logging_mixin.py:190} INFO - [2024-12-23T15:51:36.734+0000] {dagbag.py:588} INFO - Filling up the DagBag from /home/airflow/.local/lib/python3.11/site-packages/airflow/example_dags/example_latest_only_with_trigger.py
[2024-12-23T15:51:36.738+0000] {processor.py:925} INFO - DAG(s) 'latest_only_with_trigger' retrieved from /home/airflow/.local/lib/python3.11/site-packages/airflow/example_dags/example_latest_only_with_trigger.py
[2024-12-23T15:51:36.748+0000] {logging_mixin.py:190} INFO - [2024-12-23T15:51:36.748+0000] {dag.py:3239} INFO - Sync 1 DAGs
[2024-12-23T15:51:36.758+0000] {logging_mixin.py:190} INFO - [2024-12-23T15:51:36.758+0000] {dag.py:4180} INFO - Setting next_dagrun for latest_only_with_trigger to 2024-12-23 08:00:00+00:00, run_after=2024-12-23 12:00:00+00:00
[2024-12-23T15:51:36.766+0000] {processor.py:208} INFO - Processing /home/airflow/.local/lib/python3.11/site-packages/airflow/example_dags/example_latest_only_with_trigger.py took 0.038 seconds
[2024-12-23T15:52:07.208+0000] {processor.py:186} INFO - Started process (PID=1243) to work on /home/airflow/.local/lib/python3.11/site-packages/airflow/example_dags/example_latest_only_with_trigger.py
[2024-12-23T15:52:07.208+0000] {processor.py:914} INFO - Processing file /home/airflow/.local/lib/python3.11/site-packages/airflow/example_dags/example_latest_only_with_trigger.py for tasks to queue
[2024-12-23T15:52:07.210+0000] {logging_mixin.py:190} INFO - [2024-12-23T15:52:07.210+0000] {dagbag.py:588} INFO - Filling up the DagBag from /home/airflow/.local/lib/python3.11/site-packages/airflow/example_dags/example_latest_only_with_trigger.py
[2024-12-23T15:52:07.214+0000] {processor.py:925} INFO - DAG(s) 'latest_only_with_trigger' retrieved from /home/airflow/.local/lib/python3.11/site-packages/airflow/example_dags/example_latest_only_with_trigger.py
[2024-12-23T15:52:07.223+0000] {logging_mixin.py:190} INFO - [2024-12-23T15:52:07.223+0000] {dag.py:3239} INFO - Sync 1 DAGs
[2024-12-23T15:52:07.233+0000] {logging_mixin.py:190} INFO - [2024-12-23T15:52:07.232+0000] {dag.py:4180} INFO - Setting next_dagrun for latest_only_with_trigger to 2024-12-23 08:00:00+00:00, run_after=2024-12-23 12:00:00+00:00
[2024-12-23T15:52:07.240+0000] {processor.py:208} INFO - Processing /home/airflow/.local/lib/python3.11/site-packages/airflow/example_dags/example_latest_only_with_trigger.py took 0.036 seconds
[2024-12-23T15:52:37.578+0000] {processor.py:186} INFO - Started process (PID=1307) to work on /home/airflow/.local/lib/python3.11/site-packages/airflow/example_dags/example_latest_only_with_trigger.py
[2024-12-23T15:52:37.579+0000] {processor.py:914} INFO - Processing file /home/airflow/.local/lib/python3.11/site-packages/airflow/example_dags/example_latest_only_with_trigger.py for tasks to queue
[2024-12-23T15:52:37.581+0000] {logging_mixin.py:190} INFO - [2024-12-23T15:52:37.580+0000] {dagbag.py:588} INFO - Filling up the DagBag from /home/airflow/.local/lib/python3.11/site-packages/airflow/example_dags/example_latest_only_with_trigger.py
[2024-12-23T15:52:37.585+0000] {processor.py:925} INFO - DAG(s) 'latest_only_with_trigger' retrieved from /home/airflow/.local/lib/python3.11/site-packages/airflow/example_dags/example_latest_only_with_trigger.py
[2024-12-23T15:52:37.594+0000] {logging_mixin.py:190} INFO - [2024-12-23T15:52:37.594+0000] {dag.py:3239} INFO - Sync 1 DAGs
[2024-12-23T15:52:37.605+0000] {logging_mixin.py:190} INFO - [2024-12-23T15:52:37.605+0000] {dag.py:4180} INFO - Setting next_dagrun for latest_only_with_trigger to 2024-12-23 08:00:00+00:00, run_after=2024-12-23 12:00:00+00:00
[2024-12-23T15:52:37.613+0000] {processor.py:208} INFO - Processing /home/airflow/.local/lib/python3.11/site-packages/airflow/example_dags/example_latest_only_with_trigger.py took 0.038 seconds
[2024-12-23T15:53:08.041+0000] {processor.py:186} INFO - Started process (PID=1371) to work on /home/airflow/.local/lib/python3.11/site-packages/airflow/example_dags/example_latest_only_with_trigger.py
[2024-12-23T15:53:08.042+0000] {processor.py:914} INFO - Processing file /home/airflow/.local/lib/python3.11/site-packages/airflow/example_dags/example_latest_only_with_trigger.py for tasks to queue
[2024-12-23T15:53:08.044+0000] {logging_mixin.py:190} INFO - [2024-12-23T15:53:08.044+0000] {dagbag.py:588} INFO - Filling up the DagBag from /home/airflow/.local/lib/python3.11/site-packages/airflow/example_dags/example_latest_only_with_trigger.py
[2024-12-23T15:53:08.048+0000] {processor.py:925} INFO - DAG(s) 'latest_only_with_trigger' retrieved from /home/airflow/.local/lib/python3.11/site-packages/airflow/example_dags/example_latest_only_with_trigger.py
[2024-12-23T15:53:08.058+0000] {logging_mixin.py:190} INFO - [2024-12-23T15:53:08.057+0000] {dag.py:3239} INFO - Sync 1 DAGs
[2024-12-23T15:53:08.068+0000] {logging_mixin.py:190} INFO - [2024-12-23T15:53:08.068+0000] {dag.py:4180} INFO - Setting next_dagrun for latest_only_with_trigger to 2024-12-23 08:00:00+00:00, run_after=2024-12-23 12:00:00+00:00
[2024-12-23T15:53:08.076+0000] {processor.py:208} INFO - Processing /home/airflow/.local/lib/python3.11/site-packages/airflow/example_dags/example_latest_only_with_trigger.py took 0.037 seconds
[2024-12-23T15:53:38.619+0000] {processor.py:186} INFO - Started process (PID=1435) to work on /home/airflow/.local/lib/python3.11/site-packages/airflow/example_dags/example_latest_only_with_trigger.py
[2024-12-23T15:53:38.621+0000] {processor.py:914} INFO - Processing file /home/airflow/.local/lib/python3.11/site-packages/airflow/example_dags/example_latest_only_with_trigger.py for tasks to queue
[2024-12-23T15:53:38.623+0000] {logging_mixin.py:190} INFO - [2024-12-23T15:53:38.623+0000] {dagbag.py:588} INFO - Filling up the DagBag from /home/airflow/.local/lib/python3.11/site-packages/airflow/example_dags/example_latest_only_with_trigger.py
[2024-12-23T15:53:38.630+0000] {processor.py:925} INFO - DAG(s) 'latest_only_with_trigger' retrieved from /home/airflow/.local/lib/python3.11/site-packages/airflow/example_dags/example_latest_only_with_trigger.py
[2024-12-23T15:53:38.644+0000] {logging_mixin.py:190} INFO - [2024-12-23T15:53:38.644+0000] {dag.py:3239} INFO - Sync 1 DAGs
[2024-12-23T15:53:38.655+0000] {logging_mixin.py:190} INFO - [2024-12-23T15:53:38.655+0000] {dag.py:4180} INFO - Setting next_dagrun for latest_only_with_trigger to 2024-12-23 08:00:00+00:00, run_after=2024-12-23 12:00:00+00:00
[2024-12-23T15:53:38.663+0000] {processor.py:208} INFO - Processing /home/airflow/.local/lib/python3.11/site-packages/airflow/example_dags/example_latest_only_with_trigger.py took 0.048 seconds
[2024-12-23T15:54:09.117+0000] {processor.py:186} INFO - Started process (PID=1499) to work on /home/airflow/.local/lib/python3.11/site-packages/airflow/example_dags/example_latest_only_with_trigger.py
[2024-12-23T15:54:09.118+0000] {processor.py:914} INFO - Processing file /home/airflow/.local/lib/python3.11/site-packages/airflow/example_dags/example_latest_only_with_trigger.py for tasks to queue
[2024-12-23T15:54:09.119+0000] {logging_mixin.py:190} INFO - [2024-12-23T15:54:09.119+0000] {dagbag.py:588} INFO - Filling up the DagBag from /home/airflow/.local/lib/python3.11/site-packages/airflow/example_dags/example_latest_only_with_trigger.py
[2024-12-23T15:54:09.123+0000] {processor.py:925} INFO - DAG(s) 'latest_only_with_trigger' retrieved from /home/airflow/.local/lib/python3.11/site-packages/airflow/example_dags/example_latest_only_with_trigger.py
[2024-12-23T15:54:09.133+0000] {logging_mixin.py:190} INFO - [2024-12-23T15:54:09.133+0000] {dag.py:3239} INFO - Sync 1 DAGs
[2024-12-23T15:54:09.143+0000] {logging_mixin.py:190} INFO - [2024-12-23T15:54:09.143+0000] {dag.py:4180} INFO - Setting next_dagrun for latest_only_with_trigger to 2024-12-23 08:00:00+00:00, run_after=2024-12-23 12:00:00+00:00
[2024-12-23T15:54:09.150+0000] {processor.py:208} INFO - Processing /home/airflow/.local/lib/python3.11/site-packages/airflow/example_dags/example_latest_only_with_trigger.py took 0.037 seconds
[2024-12-23T15:54:39.689+0000] {processor.py:186} INFO - Started process (PID=1563) to work on /home/airflow/.local/lib/python3.11/site-packages/airflow/example_dags/example_latest_only_with_trigger.py
[2024-12-23T15:54:39.690+0000] {processor.py:914} INFO - Processing file /home/airflow/.local/lib/python3.11/site-packages/airflow/example_dags/example_latest_only_with_trigger.py for tasks to queue
[2024-12-23T15:54:39.692+0000] {logging_mixin.py:190} INFO - [2024-12-23T15:54:39.692+0000] {dagbag.py:588} INFO - Filling up the DagBag from /home/airflow/.local/lib/python3.11/site-packages/airflow/example_dags/example_latest_only_with_trigger.py
[2024-12-23T15:54:39.696+0000] {processor.py:925} INFO - DAG(s) 'latest_only_with_trigger' retrieved from /home/airflow/.local/lib/python3.11/site-packages/airflow/example_dags/example_latest_only_with_trigger.py
[2024-12-23T15:54:39.705+0000] {logging_mixin.py:190} INFO - [2024-12-23T15:54:39.705+0000] {dag.py:3239} INFO - Sync 1 DAGs
[2024-12-23T15:54:39.715+0000] {logging_mixin.py:190} INFO - [2024-12-23T15:54:39.715+0000] {dag.py:4180} INFO - Setting next_dagrun for latest_only_with_trigger to 2024-12-23 08:00:00+00:00, run_after=2024-12-23 12:00:00+00:00
[2024-12-23T15:54:39.723+0000] {processor.py:208} INFO - Processing /home/airflow/.local/lib/python3.11/site-packages/airflow/example_dags/example_latest_only_with_trigger.py took 0.036 seconds
[2024-12-23T15:55:10.188+0000] {processor.py:186} INFO - Started process (PID=1627) to work on /home/airflow/.local/lib/python3.11/site-packages/airflow/example_dags/example_latest_only_with_trigger.py
[2024-12-23T15:55:10.190+0000] {processor.py:914} INFO - Processing file /home/airflow/.local/lib/python3.11/site-packages/airflow/example_dags/example_latest_only_with_trigger.py for tasks to queue
[2024-12-23T15:55:10.192+0000] {logging_mixin.py:190} INFO - [2024-12-23T15:55:10.192+0000] {dagbag.py:588} INFO - Filling up the DagBag from /home/airflow/.local/lib/python3.11/site-packages/airflow/example_dags/example_latest_only_with_trigger.py
[2024-12-23T15:55:10.197+0000] {processor.py:925} INFO - DAG(s) 'latest_only_with_trigger' retrieved from /home/airflow/.local/lib/python3.11/site-packages/airflow/example_dags/example_latest_only_with_trigger.py
[2024-12-23T15:55:10.208+0000] {logging_mixin.py:190} INFO - [2024-12-23T15:55:10.208+0000] {dag.py:3239} INFO - Sync 1 DAGs
[2024-12-23T15:55:10.218+0000] {logging_mixin.py:190} INFO - [2024-12-23T15:55:10.218+0000] {dag.py:4180} INFO - Setting next_dagrun for latest_only_with_trigger to 2024-12-23 08:00:00+00:00, run_after=2024-12-23 12:00:00+00:00
[2024-12-23T15:55:10.227+0000] {processor.py:208} INFO - Processing /home/airflow/.local/lib/python3.11/site-packages/airflow/example_dags/example_latest_only_with_trigger.py took 0.044 seconds
[2024-12-23T16:14:28.557+0000] {processor.py:186} INFO - Started process (PID=1685) to work on /home/airflow/.local/lib/python3.11/site-packages/airflow/example_dags/example_latest_only_with_trigger.py
[2024-12-23T16:14:28.558+0000] {processor.py:914} INFO - Processing file /home/airflow/.local/lib/python3.11/site-packages/airflow/example_dags/example_latest_only_with_trigger.py for tasks to queue
[2024-12-23T16:14:28.559+0000] {logging_mixin.py:190} INFO - [2024-12-23T16:14:28.559+0000] {dagbag.py:588} INFO - Filling up the DagBag from /home/airflow/.local/lib/python3.11/site-packages/airflow/example_dags/example_latest_only_with_trigger.py
[2024-12-23T16:14:28.564+0000] {processor.py:925} INFO - DAG(s) 'latest_only_with_trigger' retrieved from /home/airflow/.local/lib/python3.11/site-packages/airflow/example_dags/example_latest_only_with_trigger.py
[2024-12-23T16:14:28.577+0000] {logging_mixin.py:190} INFO - [2024-12-23T16:14:28.577+0000] {dag.py:3239} INFO - Sync 1 DAGs
[2024-12-23T16:14:28.591+0000] {logging_mixin.py:190} INFO - [2024-12-23T16:14:28.591+0000] {dag.py:4180} INFO - Setting next_dagrun for latest_only_with_trigger to 2024-12-23 12:00:00+00:00, run_after=2024-12-23 16:00:00+00:00
[2024-12-23T16:14:28.599+0000] {processor.py:208} INFO - Processing /home/airflow/.local/lib/python3.11/site-packages/airflow/example_dags/example_latest_only_with_trigger.py took 0.045 seconds
