[2024-12-23T15:36:04.407+0000] {processor.py:186} INFO - Started process (PID=62) to work on /home/airflow/.local/lib/python3.11/site-packages/airflow/example_dags/example_python_decorator.py
[2024-12-23T15:36:04.408+0000] {processor.py:914} INFO - Processing file /home/airflow/.local/lib/python3.11/site-packages/airflow/example_dags/example_python_decorator.py for tasks to queue
[2024-12-23T15:36:04.412+0000] {logging_mixin.py:190} INFO - [2024-12-23T15:36:04.412+0000] {dagbag.py:588} INFO - Filling up the DagBag from /home/airflow/.local/lib/python3.11/site-packages/airflow/example_dags/example_python_decorator.py
[2024-12-23T15:36:04.444+0000] {processor.py:925} INFO - DAG(s) 'example_python_decorator' retrieved from /home/airflow/.local/lib/python3.11/site-packages/airflow/example_dags/example_python_decorator.py
[2024-12-23T15:36:05.322+0000] {logging_mixin.py:190} INFO - [2024-12-23T15:36:05.322+0000] {dag.py:3239} INFO - Sync 1 DAGs
[2024-12-23T15:36:05.340+0000] {logging_mixin.py:190} INFO - [2024-12-23T15:36:05.340+0000] {dag.py:4180} INFO - Setting next_dagrun for example_python_decorator to None, run_after=None
[2024-12-23T15:36:05.388+0000] {processor.py:208} INFO - Processing /home/airflow/.local/lib/python3.11/site-packages/airflow/example_dags/example_python_decorator.py took 0.988 seconds
[2024-12-23T15:36:35.537+0000] {processor.py:186} INFO - Started process (PID=126) to work on /home/airflow/.local/lib/python3.11/site-packages/airflow/example_dags/example_python_decorator.py
[2024-12-23T15:36:35.537+0000] {processor.py:914} INFO - Processing file /home/airflow/.local/lib/python3.11/site-packages/airflow/example_dags/example_python_decorator.py for tasks to queue
[2024-12-23T15:36:35.539+0000] {logging_mixin.py:190} INFO - [2024-12-23T15:36:35.538+0000] {dagbag.py:588} INFO - Filling up the DagBag from /home/airflow/.local/lib/python3.11/site-packages/airflow/example_dags/example_python_decorator.py
[2024-12-23T15:36:35.550+0000] {processor.py:925} INFO - DAG(s) 'example_python_decorator' retrieved from /home/airflow/.local/lib/python3.11/site-packages/airflow/example_dags/example_python_decorator.py
[2024-12-23T15:36:35.563+0000] {logging_mixin.py:190} INFO - [2024-12-23T15:36:35.563+0000] {dag.py:3239} INFO - Sync 1 DAGs
[2024-12-23T15:36:35.571+0000] {logging_mixin.py:190} INFO - [2024-12-23T15:36:35.570+0000] {dag.py:4180} INFO - Setting next_dagrun for example_python_decorator to None, run_after=None
[2024-12-23T15:36:35.582+0000] {processor.py:208} INFO - Processing /home/airflow/.local/lib/python3.11/site-packages/airflow/example_dags/example_python_decorator.py took 0.049 seconds
[2024-12-23T15:37:05.929+0000] {processor.py:186} INFO - Started process (PID=189) to work on /home/airflow/.local/lib/python3.11/site-packages/airflow/example_dags/example_python_decorator.py
[2024-12-23T15:37:05.930+0000] {processor.py:914} INFO - Processing file /home/airflow/.local/lib/python3.11/site-packages/airflow/example_dags/example_python_decorator.py for tasks to queue
[2024-12-23T15:37:05.931+0000] {logging_mixin.py:190} INFO - [2024-12-23T15:37:05.931+0000] {dagbag.py:588} INFO - Filling up the DagBag from /home/airflow/.local/lib/python3.11/site-packages/airflow/example_dags/example_python_decorator.py
[2024-12-23T15:37:05.939+0000] {processor.py:925} INFO - DAG(s) 'example_python_decorator' retrieved from /home/airflow/.local/lib/python3.11/site-packages/airflow/example_dags/example_python_decorator.py
[2024-12-23T15:37:05.949+0000] {logging_mixin.py:190} INFO - [2024-12-23T15:37:05.949+0000] {dag.py:3239} INFO - Sync 1 DAGs
[2024-12-23T15:37:05.956+0000] {logging_mixin.py:190} INFO - [2024-12-23T15:37:05.956+0000] {dag.py:4180} INFO - Setting next_dagrun for example_python_decorator to None, run_after=None
[2024-12-23T15:37:05.966+0000] {processor.py:208} INFO - Processing /home/airflow/.local/lib/python3.11/site-packages/airflow/example_dags/example_python_decorator.py took 0.039 seconds
[2024-12-23T15:37:36.808+0000] {processor.py:186} INFO - Started process (PID=253) to work on /home/airflow/.local/lib/python3.11/site-packages/airflow/example_dags/example_python_decorator.py
[2024-12-23T15:37:36.809+0000] {processor.py:914} INFO - Processing file /home/airflow/.local/lib/python3.11/site-packages/airflow/example_dags/example_python_decorator.py for tasks to queue
[2024-12-23T15:37:36.811+0000] {logging_mixin.py:190} INFO - [2024-12-23T15:37:36.811+0000] {dagbag.py:588} INFO - Filling up the DagBag from /home/airflow/.local/lib/python3.11/site-packages/airflow/example_dags/example_python_decorator.py
[2024-12-23T15:37:36.821+0000] {processor.py:925} INFO - DAG(s) 'example_python_decorator' retrieved from /home/airflow/.local/lib/python3.11/site-packages/airflow/example_dags/example_python_decorator.py
[2024-12-23T15:37:36.834+0000] {logging_mixin.py:190} INFO - [2024-12-23T15:37:36.834+0000] {dag.py:3239} INFO - Sync 1 DAGs
[2024-12-23T15:37:36.844+0000] {logging_mixin.py:190} INFO - [2024-12-23T15:37:36.844+0000] {dag.py:4180} INFO - Setting next_dagrun for example_python_decorator to None, run_after=None
[2024-12-23T15:37:36.854+0000] {processor.py:208} INFO - Processing /home/airflow/.local/lib/python3.11/site-packages/airflow/example_dags/example_python_decorator.py took 0.049 seconds
[2024-12-23T15:38:08.047+0000] {processor.py:186} INFO - Started process (PID=316) to work on /home/airflow/.local/lib/python3.11/site-packages/airflow/example_dags/example_python_decorator.py
[2024-12-23T15:38:08.048+0000] {processor.py:914} INFO - Processing file /home/airflow/.local/lib/python3.11/site-packages/airflow/example_dags/example_python_decorator.py for tasks to queue
[2024-12-23T15:38:08.050+0000] {logging_mixin.py:190} INFO - [2024-12-23T15:38:08.049+0000] {dagbag.py:588} INFO - Filling up the DagBag from /home/airflow/.local/lib/python3.11/site-packages/airflow/example_dags/example_python_decorator.py
[2024-12-23T15:38:08.063+0000] {processor.py:925} INFO - DAG(s) 'example_python_decorator' retrieved from /home/airflow/.local/lib/python3.11/site-packages/airflow/example_dags/example_python_decorator.py
[2024-12-23T15:38:08.086+0000] {logging_mixin.py:190} INFO - [2024-12-23T15:38:08.086+0000] {dag.py:3239} INFO - Sync 1 DAGs
[2024-12-23T15:38:08.094+0000] {logging_mixin.py:190} INFO - [2024-12-23T15:38:08.094+0000] {dag.py:4180} INFO - Setting next_dagrun for example_python_decorator to None, run_after=None
[2024-12-23T15:38:08.105+0000] {processor.py:208} INFO - Processing /home/airflow/.local/lib/python3.11/site-packages/airflow/example_dags/example_python_decorator.py took 0.062 seconds
[2024-12-23T15:38:39.048+0000] {processor.py:186} INFO - Started process (PID=380) to work on /home/airflow/.local/lib/python3.11/site-packages/airflow/example_dags/example_python_decorator.py
[2024-12-23T15:38:39.050+0000] {processor.py:914} INFO - Processing file /home/airflow/.local/lib/python3.11/site-packages/airflow/example_dags/example_python_decorator.py for tasks to queue
[2024-12-23T15:38:39.052+0000] {logging_mixin.py:190} INFO - [2024-12-23T15:38:39.052+0000] {dagbag.py:588} INFO - Filling up the DagBag from /home/airflow/.local/lib/python3.11/site-packages/airflow/example_dags/example_python_decorator.py
[2024-12-23T15:38:39.073+0000] {processor.py:925} INFO - DAG(s) 'example_python_decorator' retrieved from /home/airflow/.local/lib/python3.11/site-packages/airflow/example_dags/example_python_decorator.py
[2024-12-23T15:38:39.090+0000] {logging_mixin.py:190} INFO - [2024-12-23T15:38:39.090+0000] {dag.py:3239} INFO - Sync 1 DAGs
[2024-12-23T15:38:39.100+0000] {logging_mixin.py:190} INFO - [2024-12-23T15:38:39.099+0000] {dag.py:4180} INFO - Setting next_dagrun for example_python_decorator to None, run_after=None
[2024-12-23T15:38:39.111+0000] {processor.py:208} INFO - Processing /home/airflow/.local/lib/python3.11/site-packages/airflow/example_dags/example_python_decorator.py took 0.071 seconds
[2024-12-23T15:39:10.517+0000] {processor.py:186} INFO - Started process (PID=444) to work on /home/airflow/.local/lib/python3.11/site-packages/airflow/example_dags/example_python_decorator.py
[2024-12-23T15:39:10.528+0000] {processor.py:914} INFO - Processing file /home/airflow/.local/lib/python3.11/site-packages/airflow/example_dags/example_python_decorator.py for tasks to queue
[2024-12-23T15:39:10.567+0000] {logging_mixin.py:190} INFO - [2024-12-23T15:39:10.561+0000] {dagbag.py:588} INFO - Filling up the DagBag from /home/airflow/.local/lib/python3.11/site-packages/airflow/example_dags/example_python_decorator.py
[2024-12-23T15:39:10.773+0000] {processor.py:925} INFO - DAG(s) 'example_python_decorator' retrieved from /home/airflow/.local/lib/python3.11/site-packages/airflow/example_dags/example_python_decorator.py
[2024-12-23T15:39:10.946+0000] {logging_mixin.py:190} INFO - [2024-12-23T15:39:10.945+0000] {dag.py:3239} INFO - Sync 1 DAGs
[2024-12-23T15:39:10.969+0000] {logging_mixin.py:190} INFO - [2024-12-23T15:39:10.968+0000] {dag.py:4180} INFO - Setting next_dagrun for example_python_decorator to None, run_after=None
[2024-12-23T15:39:10.988+0000] {processor.py:208} INFO - Processing /home/airflow/.local/lib/python3.11/site-packages/airflow/example_dags/example_python_decorator.py took 0.486 seconds
[2024-12-23T15:39:41.510+0000] {processor.py:186} INFO - Started process (PID=508) to work on /home/airflow/.local/lib/python3.11/site-packages/airflow/example_dags/example_python_decorator.py
[2024-12-23T15:39:41.512+0000] {processor.py:914} INFO - Processing file /home/airflow/.local/lib/python3.11/site-packages/airflow/example_dags/example_python_decorator.py for tasks to queue
[2024-12-23T15:39:41.514+0000] {logging_mixin.py:190} INFO - [2024-12-23T15:39:41.514+0000] {dagbag.py:588} INFO - Filling up the DagBag from /home/airflow/.local/lib/python3.11/site-packages/airflow/example_dags/example_python_decorator.py
[2024-12-23T15:39:41.540+0000] {processor.py:925} INFO - DAG(s) 'example_python_decorator' retrieved from /home/airflow/.local/lib/python3.11/site-packages/airflow/example_dags/example_python_decorator.py
[2024-12-23T15:39:41.577+0000] {logging_mixin.py:190} INFO - [2024-12-23T15:39:41.576+0000] {dag.py:3239} INFO - Sync 1 DAGs
[2024-12-23T15:39:41.590+0000] {logging_mixin.py:190} INFO - [2024-12-23T15:39:41.590+0000] {dag.py:4180} INFO - Setting next_dagrun for example_python_decorator to None, run_after=None
[2024-12-23T15:39:41.602+0000] {processor.py:208} INFO - Processing /home/airflow/.local/lib/python3.11/site-packages/airflow/example_dags/example_python_decorator.py took 0.100 seconds
[2024-12-23T15:40:11.946+0000] {processor.py:186} INFO - Started process (PID=572) to work on /home/airflow/.local/lib/python3.11/site-packages/airflow/example_dags/example_python_decorator.py
[2024-12-23T15:40:11.949+0000] {processor.py:914} INFO - Processing file /home/airflow/.local/lib/python3.11/site-packages/airflow/example_dags/example_python_decorator.py for tasks to queue
[2024-12-23T15:40:11.951+0000] {logging_mixin.py:190} INFO - [2024-12-23T15:40:11.951+0000] {dagbag.py:588} INFO - Filling up the DagBag from /home/airflow/.local/lib/python3.11/site-packages/airflow/example_dags/example_python_decorator.py
[2024-12-23T15:40:11.966+0000] {processor.py:925} INFO - DAG(s) 'example_python_decorator' retrieved from /home/airflow/.local/lib/python3.11/site-packages/airflow/example_dags/example_python_decorator.py
[2024-12-23T15:40:11.997+0000] {logging_mixin.py:190} INFO - [2024-12-23T15:40:11.997+0000] {dag.py:3239} INFO - Sync 1 DAGs
[2024-12-23T15:40:12.010+0000] {logging_mixin.py:190} INFO - [2024-12-23T15:40:12.010+0000] {dag.py:4180} INFO - Setting next_dagrun for example_python_decorator to None, run_after=None
[2024-12-23T15:40:12.021+0000] {processor.py:208} INFO - Processing /home/airflow/.local/lib/python3.11/site-packages/airflow/example_dags/example_python_decorator.py took 0.086 seconds
[2024-12-23T15:40:42.405+0000] {processor.py:186} INFO - Started process (PID=636) to work on /home/airflow/.local/lib/python3.11/site-packages/airflow/example_dags/example_python_decorator.py
[2024-12-23T15:40:42.408+0000] {processor.py:914} INFO - Processing file /home/airflow/.local/lib/python3.11/site-packages/airflow/example_dags/example_python_decorator.py for tasks to queue
[2024-12-23T15:40:42.412+0000] {logging_mixin.py:190} INFO - [2024-12-23T15:40:42.411+0000] {dagbag.py:588} INFO - Filling up the DagBag from /home/airflow/.local/lib/python3.11/site-packages/airflow/example_dags/example_python_decorator.py
[2024-12-23T15:40:42.447+0000] {processor.py:925} INFO - DAG(s) 'example_python_decorator' retrieved from /home/airflow/.local/lib/python3.11/site-packages/airflow/example_dags/example_python_decorator.py
[2024-12-23T15:40:42.474+0000] {logging_mixin.py:190} INFO - [2024-12-23T15:40:42.473+0000] {dag.py:3239} INFO - Sync 1 DAGs
[2024-12-23T15:40:42.485+0000] {logging_mixin.py:190} INFO - [2024-12-23T15:40:42.485+0000] {dag.py:4180} INFO - Setting next_dagrun for example_python_decorator to None, run_after=None
[2024-12-23T15:40:42.518+0000] {processor.py:208} INFO - Processing /home/airflow/.local/lib/python3.11/site-packages/airflow/example_dags/example_python_decorator.py took 0.122 seconds
[2024-12-23T15:41:12.794+0000] {processor.py:186} INFO - Started process (PID=700) to work on /home/airflow/.local/lib/python3.11/site-packages/airflow/example_dags/example_python_decorator.py
[2024-12-23T15:41:12.797+0000] {processor.py:914} INFO - Processing file /home/airflow/.local/lib/python3.11/site-packages/airflow/example_dags/example_python_decorator.py for tasks to queue
[2024-12-23T15:41:12.799+0000] {logging_mixin.py:190} INFO - [2024-12-23T15:41:12.799+0000] {dagbag.py:588} INFO - Filling up the DagBag from /home/airflow/.local/lib/python3.11/site-packages/airflow/example_dags/example_python_decorator.py
[2024-12-23T15:41:12.814+0000] {processor.py:925} INFO - DAG(s) 'example_python_decorator' retrieved from /home/airflow/.local/lib/python3.11/site-packages/airflow/example_dags/example_python_decorator.py
[2024-12-23T15:41:12.845+0000] {logging_mixin.py:190} INFO - [2024-12-23T15:41:12.844+0000] {dag.py:3239} INFO - Sync 1 DAGs
[2024-12-23T15:41:12.858+0000] {logging_mixin.py:190} INFO - [2024-12-23T15:41:12.858+0000] {dag.py:4180} INFO - Setting next_dagrun for example_python_decorator to None, run_after=None
[2024-12-23T15:41:12.870+0000] {processor.py:208} INFO - Processing /home/airflow/.local/lib/python3.11/site-packages/airflow/example_dags/example_python_decorator.py took 0.082 seconds
[2024-12-23T15:41:43.125+0000] {processor.py:186} INFO - Started process (PID=764) to work on /home/airflow/.local/lib/python3.11/site-packages/airflow/example_dags/example_python_decorator.py
[2024-12-23T15:41:43.128+0000] {processor.py:914} INFO - Processing file /home/airflow/.local/lib/python3.11/site-packages/airflow/example_dags/example_python_decorator.py for tasks to queue
[2024-12-23T15:41:43.132+0000] {logging_mixin.py:190} INFO - [2024-12-23T15:41:43.131+0000] {dagbag.py:588} INFO - Filling up the DagBag from /home/airflow/.local/lib/python3.11/site-packages/airflow/example_dags/example_python_decorator.py
[2024-12-23T15:41:43.152+0000] {processor.py:925} INFO - DAG(s) 'example_python_decorator' retrieved from /home/airflow/.local/lib/python3.11/site-packages/airflow/example_dags/example_python_decorator.py
[2024-12-23T15:41:43.183+0000] {logging_mixin.py:190} INFO - [2024-12-23T15:41:43.183+0000] {dag.py:3239} INFO - Sync 1 DAGs
[2024-12-23T15:41:43.194+0000] {logging_mixin.py:190} INFO - [2024-12-23T15:41:43.194+0000] {dag.py:4180} INFO - Setting next_dagrun for example_python_decorator to None, run_after=None
[2024-12-23T15:41:43.209+0000] {processor.py:208} INFO - Processing /home/airflow/.local/lib/python3.11/site-packages/airflow/example_dags/example_python_decorator.py took 0.097 seconds
[2024-12-23T15:42:14.021+0000] {processor.py:186} INFO - Started process (PID=828) to work on /home/airflow/.local/lib/python3.11/site-packages/airflow/example_dags/example_python_decorator.py
[2024-12-23T15:42:14.022+0000] {processor.py:914} INFO - Processing file /home/airflow/.local/lib/python3.11/site-packages/airflow/example_dags/example_python_decorator.py for tasks to queue
[2024-12-23T15:42:14.024+0000] {logging_mixin.py:190} INFO - [2024-12-23T15:42:14.024+0000] {dagbag.py:588} INFO - Filling up the DagBag from /home/airflow/.local/lib/python3.11/site-packages/airflow/example_dags/example_python_decorator.py
[2024-12-23T15:42:14.032+0000] {processor.py:925} INFO - DAG(s) 'example_python_decorator' retrieved from /home/airflow/.local/lib/python3.11/site-packages/airflow/example_dags/example_python_decorator.py
[2024-12-23T15:42:14.045+0000] {logging_mixin.py:190} INFO - [2024-12-23T15:42:14.045+0000] {dag.py:3239} INFO - Sync 1 DAGs
[2024-12-23T15:42:14.053+0000] {logging_mixin.py:190} INFO - [2024-12-23T15:42:14.053+0000] {dag.py:4180} INFO - Setting next_dagrun for example_python_decorator to None, run_after=None
[2024-12-23T15:42:14.064+0000] {processor.py:208} INFO - Processing /home/airflow/.local/lib/python3.11/site-packages/airflow/example_dags/example_python_decorator.py took 0.046 seconds
[2024-12-23T15:49:31.749+0000] {processor.py:186} INFO - Started process (PID=892) to work on /home/airflow/.local/lib/python3.11/site-packages/airflow/example_dags/example_python_decorator.py
[2024-12-23T15:49:31.750+0000] {processor.py:914} INFO - Processing file /home/airflow/.local/lib/python3.11/site-packages/airflow/example_dags/example_python_decorator.py for tasks to queue
[2024-12-23T15:49:31.752+0000] {logging_mixin.py:190} INFO - [2024-12-23T15:49:31.752+0000] {dagbag.py:588} INFO - Filling up the DagBag from /home/airflow/.local/lib/python3.11/site-packages/airflow/example_dags/example_python_decorator.py
[2024-12-23T15:49:31.781+0000] {processor.py:925} INFO - DAG(s) 'example_python_decorator' retrieved from /home/airflow/.local/lib/python3.11/site-packages/airflow/example_dags/example_python_decorator.py
[2024-12-23T15:49:31.818+0000] {logging_mixin.py:190} INFO - [2024-12-23T15:49:31.818+0000] {dag.py:3239} INFO - Sync 1 DAGs
[2024-12-23T15:49:31.829+0000] {logging_mixin.py:190} INFO - [2024-12-23T15:49:31.829+0000] {dag.py:4180} INFO - Setting next_dagrun for example_python_decorator to None, run_after=None
[2024-12-23T15:49:31.850+0000] {processor.py:208} INFO - Processing /home/airflow/.local/lib/python3.11/site-packages/airflow/example_dags/example_python_decorator.py took 0.107 seconds
[2024-12-23T15:50:02.309+0000] {processor.py:186} INFO - Started process (PID=956) to work on /home/airflow/.local/lib/python3.11/site-packages/airflow/example_dags/example_python_decorator.py
[2024-12-23T15:50:02.311+0000] {processor.py:914} INFO - Processing file /home/airflow/.local/lib/python3.11/site-packages/airflow/example_dags/example_python_decorator.py for tasks to queue
[2024-12-23T15:50:02.313+0000] {logging_mixin.py:190} INFO - [2024-12-23T15:50:02.313+0000] {dagbag.py:588} INFO - Filling up the DagBag from /home/airflow/.local/lib/python3.11/site-packages/airflow/example_dags/example_python_decorator.py
[2024-12-23T15:50:02.320+0000] {processor.py:925} INFO - DAG(s) 'example_python_decorator' retrieved from /home/airflow/.local/lib/python3.11/site-packages/airflow/example_dags/example_python_decorator.py
[2024-12-23T15:50:02.330+0000] {logging_mixin.py:190} INFO - [2024-12-23T15:50:02.330+0000] {dag.py:3239} INFO - Sync 1 DAGs
[2024-12-23T15:50:02.336+0000] {logging_mixin.py:190} INFO - [2024-12-23T15:50:02.336+0000] {dag.py:4180} INFO - Setting next_dagrun for example_python_decorator to None, run_after=None
[2024-12-23T15:50:02.344+0000] {processor.py:208} INFO - Processing /home/airflow/.local/lib/python3.11/site-packages/airflow/example_dags/example_python_decorator.py took 0.038 seconds
[2024-12-23T15:50:32.952+0000] {processor.py:186} INFO - Started process (PID=1020) to work on /home/airflow/.local/lib/python3.11/site-packages/airflow/example_dags/example_python_decorator.py
[2024-12-23T15:50:32.954+0000] {processor.py:914} INFO - Processing file /home/airflow/.local/lib/python3.11/site-packages/airflow/example_dags/example_python_decorator.py for tasks to queue
[2024-12-23T15:50:32.956+0000] {logging_mixin.py:190} INFO - [2024-12-23T15:50:32.956+0000] {dagbag.py:588} INFO - Filling up the DagBag from /home/airflow/.local/lib/python3.11/site-packages/airflow/example_dags/example_python_decorator.py
[2024-12-23T15:50:32.967+0000] {processor.py:925} INFO - DAG(s) 'example_python_decorator' retrieved from /home/airflow/.local/lib/python3.11/site-packages/airflow/example_dags/example_python_decorator.py
[2024-12-23T15:50:32.991+0000] {logging_mixin.py:190} INFO - [2024-12-23T15:50:32.990+0000] {dag.py:3239} INFO - Sync 1 DAGs
[2024-12-23T15:50:33.007+0000] {logging_mixin.py:190} INFO - [2024-12-23T15:50:33.006+0000] {dag.py:4180} INFO - Setting next_dagrun for example_python_decorator to None, run_after=None
[2024-12-23T15:50:33.032+0000] {processor.py:208} INFO - Processing /home/airflow/.local/lib/python3.11/site-packages/airflow/example_dags/example_python_decorator.py took 0.084 seconds
[2024-12-23T15:51:03.061+0000] {processor.py:186} INFO - Started process (PID=1084) to work on /home/airflow/.local/lib/python3.11/site-packages/airflow/example_dags/example_python_decorator.py
[2024-12-23T15:51:03.062+0000] {processor.py:914} INFO - Processing file /home/airflow/.local/lib/python3.11/site-packages/airflow/example_dags/example_python_decorator.py for tasks to queue
[2024-12-23T15:51:03.063+0000] {logging_mixin.py:190} INFO - [2024-12-23T15:51:03.063+0000] {dagbag.py:588} INFO - Filling up the DagBag from /home/airflow/.local/lib/python3.11/site-packages/airflow/example_dags/example_python_decorator.py
[2024-12-23T15:51:03.070+0000] {processor.py:925} INFO - DAG(s) 'example_python_decorator' retrieved from /home/airflow/.local/lib/python3.11/site-packages/airflow/example_dags/example_python_decorator.py
[2024-12-23T15:51:03.086+0000] {logging_mixin.py:190} INFO - [2024-12-23T15:51:03.086+0000] {dag.py:3239} INFO - Sync 1 DAGs
[2024-12-23T15:51:03.099+0000] {logging_mixin.py:190} INFO - [2024-12-23T15:51:03.099+0000] {dag.py:4180} INFO - Setting next_dagrun for example_python_decorator to None, run_after=None
[2024-12-23T15:51:03.119+0000] {processor.py:208} INFO - Processing /home/airflow/.local/lib/python3.11/site-packages/airflow/example_dags/example_python_decorator.py took 0.061 seconds
[2024-12-23T15:51:33.901+0000] {processor.py:186} INFO - Started process (PID=1154) to work on /home/airflow/.local/lib/python3.11/site-packages/airflow/example_dags/example_python_decorator.py
[2024-12-23T15:51:33.902+0000] {processor.py:914} INFO - Processing file /home/airflow/.local/lib/python3.11/site-packages/airflow/example_dags/example_python_decorator.py for tasks to queue
[2024-12-23T15:51:33.903+0000] {logging_mixin.py:190} INFO - [2024-12-23T15:51:33.903+0000] {dagbag.py:588} INFO - Filling up the DagBag from /home/airflow/.local/lib/python3.11/site-packages/airflow/example_dags/example_python_decorator.py
[2024-12-23T15:51:33.912+0000] {processor.py:925} INFO - DAG(s) 'example_python_decorator' retrieved from /home/airflow/.local/lib/python3.11/site-packages/airflow/example_dags/example_python_decorator.py
[2024-12-23T15:51:33.922+0000] {logging_mixin.py:190} INFO - [2024-12-23T15:51:33.922+0000] {dag.py:3239} INFO - Sync 1 DAGs
[2024-12-23T15:51:33.929+0000] {logging_mixin.py:190} INFO - [2024-12-23T15:51:33.929+0000] {dag.py:4180} INFO - Setting next_dagrun for example_python_decorator to None, run_after=None
[2024-12-23T15:51:33.940+0000] {processor.py:208} INFO - Processing /home/airflow/.local/lib/python3.11/site-packages/airflow/example_dags/example_python_decorator.py took 0.044 seconds
[2024-12-23T15:52:04.292+0000] {processor.py:186} INFO - Started process (PID=1218) to work on /home/airflow/.local/lib/python3.11/site-packages/airflow/example_dags/example_python_decorator.py
[2024-12-23T15:52:04.293+0000] {processor.py:914} INFO - Processing file /home/airflow/.local/lib/python3.11/site-packages/airflow/example_dags/example_python_decorator.py for tasks to queue
[2024-12-23T15:52:04.294+0000] {logging_mixin.py:190} INFO - [2024-12-23T15:52:04.294+0000] {dagbag.py:588} INFO - Filling up the DagBag from /home/airflow/.local/lib/python3.11/site-packages/airflow/example_dags/example_python_decorator.py
[2024-12-23T15:52:04.306+0000] {processor.py:925} INFO - DAG(s) 'example_python_decorator' retrieved from /home/airflow/.local/lib/python3.11/site-packages/airflow/example_dags/example_python_decorator.py
[2024-12-23T15:52:04.319+0000] {logging_mixin.py:190} INFO - [2024-12-23T15:52:04.319+0000] {dag.py:3239} INFO - Sync 1 DAGs
[2024-12-23T15:52:04.326+0000] {logging_mixin.py:190} INFO - [2024-12-23T15:52:04.326+0000] {dag.py:4180} INFO - Setting next_dagrun for example_python_decorator to None, run_after=None
[2024-12-23T15:52:04.334+0000] {processor.py:208} INFO - Processing /home/airflow/.local/lib/python3.11/site-packages/airflow/example_dags/example_python_decorator.py took 0.045 seconds
[2024-12-23T15:52:34.722+0000] {processor.py:186} INFO - Started process (PID=1282) to work on /home/airflow/.local/lib/python3.11/site-packages/airflow/example_dags/example_python_decorator.py
[2024-12-23T15:52:34.722+0000] {processor.py:914} INFO - Processing file /home/airflow/.local/lib/python3.11/site-packages/airflow/example_dags/example_python_decorator.py for tasks to queue
[2024-12-23T15:52:34.724+0000] {logging_mixin.py:190} INFO - [2024-12-23T15:52:34.724+0000] {dagbag.py:588} INFO - Filling up the DagBag from /home/airflow/.local/lib/python3.11/site-packages/airflow/example_dags/example_python_decorator.py
[2024-12-23T15:52:34.731+0000] {processor.py:925} INFO - DAG(s) 'example_python_decorator' retrieved from /home/airflow/.local/lib/python3.11/site-packages/airflow/example_dags/example_python_decorator.py
[2024-12-23T15:52:34.742+0000] {logging_mixin.py:190} INFO - [2024-12-23T15:52:34.742+0000] {dag.py:3239} INFO - Sync 1 DAGs
[2024-12-23T15:52:34.750+0000] {logging_mixin.py:190} INFO - [2024-12-23T15:52:34.749+0000] {dag.py:4180} INFO - Setting next_dagrun for example_python_decorator to None, run_after=None
[2024-12-23T15:52:34.759+0000] {processor.py:208} INFO - Processing /home/airflow/.local/lib/python3.11/site-packages/airflow/example_dags/example_python_decorator.py took 0.040 seconds
[2024-12-23T15:53:05.153+0000] {processor.py:186} INFO - Started process (PID=1346) to work on /home/airflow/.local/lib/python3.11/site-packages/airflow/example_dags/example_python_decorator.py
[2024-12-23T15:53:05.154+0000] {processor.py:914} INFO - Processing file /home/airflow/.local/lib/python3.11/site-packages/airflow/example_dags/example_python_decorator.py for tasks to queue
[2024-12-23T15:53:05.156+0000] {logging_mixin.py:190} INFO - [2024-12-23T15:53:05.156+0000] {dagbag.py:588} INFO - Filling up the DagBag from /home/airflow/.local/lib/python3.11/site-packages/airflow/example_dags/example_python_decorator.py
[2024-12-23T15:53:05.164+0000] {processor.py:925} INFO - DAG(s) 'example_python_decorator' retrieved from /home/airflow/.local/lib/python3.11/site-packages/airflow/example_dags/example_python_decorator.py
[2024-12-23T15:53:05.176+0000] {logging_mixin.py:190} INFO - [2024-12-23T15:53:05.176+0000] {dag.py:3239} INFO - Sync 1 DAGs
[2024-12-23T15:53:05.184+0000] {logging_mixin.py:190} INFO - [2024-12-23T15:53:05.184+0000] {dag.py:4180} INFO - Setting next_dagrun for example_python_decorator to None, run_after=None
[2024-12-23T15:53:05.193+0000] {processor.py:208} INFO - Processing /home/airflow/.local/lib/python3.11/site-packages/airflow/example_dags/example_python_decorator.py took 0.044 seconds
[2024-12-23T15:53:35.704+0000] {processor.py:186} INFO - Started process (PID=1410) to work on /home/airflow/.local/lib/python3.11/site-packages/airflow/example_dags/example_python_decorator.py
[2024-12-23T15:53:35.705+0000] {processor.py:914} INFO - Processing file /home/airflow/.local/lib/python3.11/site-packages/airflow/example_dags/example_python_decorator.py for tasks to queue
[2024-12-23T15:53:35.707+0000] {logging_mixin.py:190} INFO - [2024-12-23T15:53:35.707+0000] {dagbag.py:588} INFO - Filling up the DagBag from /home/airflow/.local/lib/python3.11/site-packages/airflow/example_dags/example_python_decorator.py
[2024-12-23T15:53:35.714+0000] {processor.py:925} INFO - DAG(s) 'example_python_decorator' retrieved from /home/airflow/.local/lib/python3.11/site-packages/airflow/example_dags/example_python_decorator.py
[2024-12-23T15:53:35.725+0000] {logging_mixin.py:190} INFO - [2024-12-23T15:53:35.725+0000] {dag.py:3239} INFO - Sync 1 DAGs
[2024-12-23T15:53:35.732+0000] {logging_mixin.py:190} INFO - [2024-12-23T15:53:35.732+0000] {dag.py:4180} INFO - Setting next_dagrun for example_python_decorator to None, run_after=None
[2024-12-23T15:53:35.740+0000] {processor.py:208} INFO - Processing /home/airflow/.local/lib/python3.11/site-packages/airflow/example_dags/example_python_decorator.py took 0.039 seconds
[2024-12-23T15:54:06.249+0000] {processor.py:186} INFO - Started process (PID=1474) to work on /home/airflow/.local/lib/python3.11/site-packages/airflow/example_dags/example_python_decorator.py
[2024-12-23T15:54:06.250+0000] {processor.py:914} INFO - Processing file /home/airflow/.local/lib/python3.11/site-packages/airflow/example_dags/example_python_decorator.py for tasks to queue
[2024-12-23T15:54:06.251+0000] {logging_mixin.py:190} INFO - [2024-12-23T15:54:06.251+0000] {dagbag.py:588} INFO - Filling up the DagBag from /home/airflow/.local/lib/python3.11/site-packages/airflow/example_dags/example_python_decorator.py
[2024-12-23T15:54:06.259+0000] {processor.py:925} INFO - DAG(s) 'example_python_decorator' retrieved from /home/airflow/.local/lib/python3.11/site-packages/airflow/example_dags/example_python_decorator.py
[2024-12-23T15:54:06.269+0000] {logging_mixin.py:190} INFO - [2024-12-23T15:54:06.268+0000] {dag.py:3239} INFO - Sync 1 DAGs
[2024-12-23T15:54:06.275+0000] {logging_mixin.py:190} INFO - [2024-12-23T15:54:06.275+0000] {dag.py:4180} INFO - Setting next_dagrun for example_python_decorator to None, run_after=None
[2024-12-23T15:54:06.282+0000] {processor.py:208} INFO - Processing /home/airflow/.local/lib/python3.11/site-packages/airflow/example_dags/example_python_decorator.py took 0.036 seconds
[2024-12-23T15:54:36.760+0000] {processor.py:186} INFO - Started process (PID=1538) to work on /home/airflow/.local/lib/python3.11/site-packages/airflow/example_dags/example_python_decorator.py
[2024-12-23T15:54:36.761+0000] {processor.py:914} INFO - Processing file /home/airflow/.local/lib/python3.11/site-packages/airflow/example_dags/example_python_decorator.py for tasks to queue
[2024-12-23T15:54:36.762+0000] {logging_mixin.py:190} INFO - [2024-12-23T15:54:36.762+0000] {dagbag.py:588} INFO - Filling up the DagBag from /home/airflow/.local/lib/python3.11/site-packages/airflow/example_dags/example_python_decorator.py
[2024-12-23T15:54:36.770+0000] {processor.py:925} INFO - DAG(s) 'example_python_decorator' retrieved from /home/airflow/.local/lib/python3.11/site-packages/airflow/example_dags/example_python_decorator.py
[2024-12-23T15:54:36.780+0000] {logging_mixin.py:190} INFO - [2024-12-23T15:54:36.779+0000] {dag.py:3239} INFO - Sync 1 DAGs
[2024-12-23T15:54:36.786+0000] {logging_mixin.py:190} INFO - [2024-12-23T15:54:36.785+0000] {dag.py:4180} INFO - Setting next_dagrun for example_python_decorator to None, run_after=None
[2024-12-23T15:54:36.793+0000] {processor.py:208} INFO - Processing /home/airflow/.local/lib/python3.11/site-packages/airflow/example_dags/example_python_decorator.py took 0.037 seconds
[2024-12-23T15:55:07.157+0000] {processor.py:186} INFO - Started process (PID=1602) to work on /home/airflow/.local/lib/python3.11/site-packages/airflow/example_dags/example_python_decorator.py
[2024-12-23T15:55:07.158+0000] {processor.py:914} INFO - Processing file /home/airflow/.local/lib/python3.11/site-packages/airflow/example_dags/example_python_decorator.py for tasks to queue
[2024-12-23T15:55:07.160+0000] {logging_mixin.py:190} INFO - [2024-12-23T15:55:07.160+0000] {dagbag.py:588} INFO - Filling up the DagBag from /home/airflow/.local/lib/python3.11/site-packages/airflow/example_dags/example_python_decorator.py
[2024-12-23T15:55:07.167+0000] {processor.py:925} INFO - DAG(s) 'example_python_decorator' retrieved from /home/airflow/.local/lib/python3.11/site-packages/airflow/example_dags/example_python_decorator.py
[2024-12-23T15:55:07.177+0000] {logging_mixin.py:190} INFO - [2024-12-23T15:55:07.177+0000] {dag.py:3239} INFO - Sync 1 DAGs
[2024-12-23T15:55:07.183+0000] {logging_mixin.py:190} INFO - [2024-12-23T15:55:07.183+0000] {dag.py:4180} INFO - Setting next_dagrun for example_python_decorator to None, run_after=None
[2024-12-23T15:55:07.190+0000] {processor.py:208} INFO - Processing /home/airflow/.local/lib/python3.11/site-packages/airflow/example_dags/example_python_decorator.py took 0.036 seconds
[2024-12-23T16:14:27.618+0000] {processor.py:186} INFO - Started process (PID=1660) to work on /home/airflow/.local/lib/python3.11/site-packages/airflow/example_dags/example_python_decorator.py
[2024-12-23T16:14:27.619+0000] {processor.py:914} INFO - Processing file /home/airflow/.local/lib/python3.11/site-packages/airflow/example_dags/example_python_decorator.py for tasks to queue
[2024-12-23T16:14:27.621+0000] {logging_mixin.py:190} INFO - [2024-12-23T16:14:27.621+0000] {dagbag.py:588} INFO - Filling up the DagBag from /home/airflow/.local/lib/python3.11/site-packages/airflow/example_dags/example_python_decorator.py
[2024-12-23T16:14:27.631+0000] {processor.py:925} INFO - DAG(s) 'example_python_decorator' retrieved from /home/airflow/.local/lib/python3.11/site-packages/airflow/example_dags/example_python_decorator.py
[2024-12-23T16:14:27.643+0000] {logging_mixin.py:190} INFO - [2024-12-23T16:14:27.643+0000] {dag.py:3239} INFO - Sync 1 DAGs
[2024-12-23T16:14:27.650+0000] {logging_mixin.py:190} INFO - [2024-12-23T16:14:27.650+0000] {dag.py:4180} INFO - Setting next_dagrun for example_python_decorator to None, run_after=None
[2024-12-23T16:14:27.659+0000] {processor.py:208} INFO - Processing /home/airflow/.local/lib/python3.11/site-packages/airflow/example_dags/example_python_decorator.py took 0.045 seconds
