[2024-12-23T15:36:18.935+0000] {processor.py:186} INFO - Started process (PID=94) to work on /home/airflow/.local/lib/python3.11/site-packages/airflow/example_dags/example_branch_operator_decorator.py
[2024-12-23T15:36:18.939+0000] {processor.py:914} INFO - Processing file /home/airflow/.local/lib/python3.11/site-packages/airflow/example_dags/example_branch_operator_decorator.py for tasks to queue
[2024-12-23T15:36:18.952+0000] {logging_mixin.py:190} INFO - [2024-12-23T15:36:18.951+0000] {dagbag.py:588} INFO - Filling up the DagBag from /home/airflow/.local/lib/python3.11/site-packages/airflow/example_dags/example_branch_operator_decorator.py
[2024-12-23T15:36:18.987+0000] {processor.py:925} INFO - DAG(s) 'example_branch_python_operator_decorator' retrieved from /home/airflow/.local/lib/python3.11/site-packages/airflow/example_dags/example_branch_operator_decorator.py
[2024-12-23T15:36:19.548+0000] {logging_mixin.py:190} INFO - [2024-12-23T15:36:19.547+0000] {dag.py:3239} INFO - Sync 1 DAGs
[2024-12-23T15:36:19.571+0000] {logging_mixin.py:190} INFO - [2024-12-23T15:36:19.571+0000] {dag.py:4180} INFO - Setting next_dagrun for example_branch_python_operator_decorator to 2024-12-22 00:00:00+00:00, run_after=2024-12-23 00:00:00+00:00
[2024-12-23T15:36:19.587+0000] {processor.py:208} INFO - Processing /home/airflow/.local/lib/python3.11/site-packages/airflow/example_dags/example_branch_operator_decorator.py took 0.670 seconds
[2024-12-23T15:36:49.629+0000] {processor.py:186} INFO - Started process (PID=158) to work on /home/airflow/.local/lib/python3.11/site-packages/airflow/example_dags/example_branch_operator_decorator.py
[2024-12-23T15:36:49.630+0000] {processor.py:914} INFO - Processing file /home/airflow/.local/lib/python3.11/site-packages/airflow/example_dags/example_branch_operator_decorator.py for tasks to queue
[2024-12-23T15:36:49.633+0000] {logging_mixin.py:190} INFO - [2024-12-23T15:36:49.633+0000] {dagbag.py:588} INFO - Filling up the DagBag from /home/airflow/.local/lib/python3.11/site-packages/airflow/example_dags/example_branch_operator_decorator.py
[2024-12-23T15:36:49.651+0000] {processor.py:925} INFO - DAG(s) 'example_branch_python_operator_decorator' retrieved from /home/airflow/.local/lib/python3.11/site-packages/airflow/example_dags/example_branch_operator_decorator.py
[2024-12-23T15:36:49.667+0000] {logging_mixin.py:190} INFO - [2024-12-23T15:36:49.667+0000] {dag.py:3239} INFO - Sync 1 DAGs
[2024-12-23T15:36:49.846+0000] {logging_mixin.py:190} INFO - [2024-12-23T15:36:49.846+0000] {dag.py:4180} INFO - Setting next_dagrun for example_branch_python_operator_decorator to 2024-12-22 00:00:00+00:00, run_after=2024-12-23 00:00:00+00:00
[2024-12-23T15:36:49.857+0000] {processor.py:208} INFO - Processing /home/airflow/.local/lib/python3.11/site-packages/airflow/example_dags/example_branch_operator_decorator.py took 0.238 seconds
[2024-12-23T15:37:20.557+0000] {processor.py:186} INFO - Started process (PID=222) to work on /home/airflow/.local/lib/python3.11/site-packages/airflow/example_dags/example_branch_operator_decorator.py
[2024-12-23T15:37:20.558+0000] {processor.py:914} INFO - Processing file /home/airflow/.local/lib/python3.11/site-packages/airflow/example_dags/example_branch_operator_decorator.py for tasks to queue
[2024-12-23T15:37:20.560+0000] {logging_mixin.py:190} INFO - [2024-12-23T15:37:20.560+0000] {dagbag.py:588} INFO - Filling up the DagBag from /home/airflow/.local/lib/python3.11/site-packages/airflow/example_dags/example_branch_operator_decorator.py
[2024-12-23T15:37:20.576+0000] {processor.py:925} INFO - DAG(s) 'example_branch_python_operator_decorator' retrieved from /home/airflow/.local/lib/python3.11/site-packages/airflow/example_dags/example_branch_operator_decorator.py
[2024-12-23T15:37:20.597+0000] {logging_mixin.py:190} INFO - [2024-12-23T15:37:20.597+0000] {dag.py:3239} INFO - Sync 1 DAGs
[2024-12-23T15:37:20.799+0000] {logging_mixin.py:190} INFO - [2024-12-23T15:37:20.799+0000] {dag.py:4180} INFO - Setting next_dagrun for example_branch_python_operator_decorator to 2024-12-22 00:00:00+00:00, run_after=2024-12-23 00:00:00+00:00
[2024-12-23T15:37:20.822+0000] {processor.py:208} INFO - Processing /home/airflow/.local/lib/python3.11/site-packages/airflow/example_dags/example_branch_operator_decorator.py took 0.269 seconds
[2024-12-23T15:37:50.971+0000] {processor.py:186} INFO - Started process (PID=285) to work on /home/airflow/.local/lib/python3.11/site-packages/airflow/example_dags/example_branch_operator_decorator.py
[2024-12-23T15:37:50.972+0000] {processor.py:914} INFO - Processing file /home/airflow/.local/lib/python3.11/site-packages/airflow/example_dags/example_branch_operator_decorator.py for tasks to queue
[2024-12-23T15:37:50.973+0000] {logging_mixin.py:190} INFO - [2024-12-23T15:37:50.973+0000] {dagbag.py:588} INFO - Filling up the DagBag from /home/airflow/.local/lib/python3.11/site-packages/airflow/example_dags/example_branch_operator_decorator.py
[2024-12-23T15:37:50.986+0000] {processor.py:925} INFO - DAG(s) 'example_branch_python_operator_decorator' retrieved from /home/airflow/.local/lib/python3.11/site-packages/airflow/example_dags/example_branch_operator_decorator.py
[2024-12-23T15:37:51.000+0000] {logging_mixin.py:190} INFO - [2024-12-23T15:37:51.000+0000] {dag.py:3239} INFO - Sync 1 DAGs
[2024-12-23T15:37:51.141+0000] {logging_mixin.py:190} INFO - [2024-12-23T15:37:51.141+0000] {dag.py:4180} INFO - Setting next_dagrun for example_branch_python_operator_decorator to 2024-12-22 00:00:00+00:00, run_after=2024-12-23 00:00:00+00:00
[2024-12-23T15:37:51.161+0000] {processor.py:208} INFO - Processing /home/airflow/.local/lib/python3.11/site-packages/airflow/example_dags/example_branch_operator_decorator.py took 0.194 seconds
[2024-12-23T15:38:21.711+0000] {processor.py:186} INFO - Started process (PID=349) to work on /home/airflow/.local/lib/python3.11/site-packages/airflow/example_dags/example_branch_operator_decorator.py
[2024-12-23T15:38:21.712+0000] {processor.py:914} INFO - Processing file /home/airflow/.local/lib/python3.11/site-packages/airflow/example_dags/example_branch_operator_decorator.py for tasks to queue
[2024-12-23T15:38:21.713+0000] {logging_mixin.py:190} INFO - [2024-12-23T15:38:21.713+0000] {dagbag.py:588} INFO - Filling up the DagBag from /home/airflow/.local/lib/python3.11/site-packages/airflow/example_dags/example_branch_operator_decorator.py
[2024-12-23T15:38:21.732+0000] {processor.py:925} INFO - DAG(s) 'example_branch_python_operator_decorator' retrieved from /home/airflow/.local/lib/python3.11/site-packages/airflow/example_dags/example_branch_operator_decorator.py
[2024-12-23T15:38:21.746+0000] {logging_mixin.py:190} INFO - [2024-12-23T15:38:21.746+0000] {dag.py:3239} INFO - Sync 1 DAGs
[2024-12-23T15:38:21.757+0000] {logging_mixin.py:190} INFO - [2024-12-23T15:38:21.757+0000] {dag.py:4180} INFO - Setting next_dagrun for example_branch_python_operator_decorator to 2024-12-22 00:00:00+00:00, run_after=2024-12-23 00:00:00+00:00
[2024-12-23T15:38:21.764+0000] {processor.py:208} INFO - Processing /home/airflow/.local/lib/python3.11/site-packages/airflow/example_dags/example_branch_operator_decorator.py took 0.057 seconds
[2024-12-23T15:38:52.653+0000] {processor.py:186} INFO - Started process (PID=413) to work on /home/airflow/.local/lib/python3.11/site-packages/airflow/example_dags/example_branch_operator_decorator.py
[2024-12-23T15:38:52.654+0000] {processor.py:914} INFO - Processing file /home/airflow/.local/lib/python3.11/site-packages/airflow/example_dags/example_branch_operator_decorator.py for tasks to queue
[2024-12-23T15:38:52.655+0000] {logging_mixin.py:190} INFO - [2024-12-23T15:38:52.655+0000] {dagbag.py:588} INFO - Filling up the DagBag from /home/airflow/.local/lib/python3.11/site-packages/airflow/example_dags/example_branch_operator_decorator.py
[2024-12-23T15:38:52.667+0000] {processor.py:925} INFO - DAG(s) 'example_branch_python_operator_decorator' retrieved from /home/airflow/.local/lib/python3.11/site-packages/airflow/example_dags/example_branch_operator_decorator.py
[2024-12-23T15:38:52.684+0000] {logging_mixin.py:190} INFO - [2024-12-23T15:38:52.684+0000] {dag.py:3239} INFO - Sync 1 DAGs
[2024-12-23T15:38:52.696+0000] {logging_mixin.py:190} INFO - [2024-12-23T15:38:52.696+0000] {dag.py:4180} INFO - Setting next_dagrun for example_branch_python_operator_decorator to 2024-12-22 00:00:00+00:00, run_after=2024-12-23 00:00:00+00:00
[2024-12-23T15:38:52.705+0000] {processor.py:208} INFO - Processing /home/airflow/.local/lib/python3.11/site-packages/airflow/example_dags/example_branch_operator_decorator.py took 0.055 seconds
[2024-12-23T15:39:23.496+0000] {processor.py:186} INFO - Started process (PID=477) to work on /home/airflow/.local/lib/python3.11/site-packages/airflow/example_dags/example_branch_operator_decorator.py
[2024-12-23T15:39:23.496+0000] {processor.py:914} INFO - Processing file /home/airflow/.local/lib/python3.11/site-packages/airflow/example_dags/example_branch_operator_decorator.py for tasks to queue
[2024-12-23T15:39:23.498+0000] {logging_mixin.py:190} INFO - [2024-12-23T15:39:23.498+0000] {dagbag.py:588} INFO - Filling up the DagBag from /home/airflow/.local/lib/python3.11/site-packages/airflow/example_dags/example_branch_operator_decorator.py
[2024-12-23T15:39:23.510+0000] {processor.py:925} INFO - DAG(s) 'example_branch_python_operator_decorator' retrieved from /home/airflow/.local/lib/python3.11/site-packages/airflow/example_dags/example_branch_operator_decorator.py
[2024-12-23T15:39:23.525+0000] {logging_mixin.py:190} INFO - [2024-12-23T15:39:23.525+0000] {dag.py:3239} INFO - Sync 1 DAGs
[2024-12-23T15:39:23.536+0000] {logging_mixin.py:190} INFO - [2024-12-23T15:39:23.536+0000] {dag.py:4180} INFO - Setting next_dagrun for example_branch_python_operator_decorator to 2024-12-22 00:00:00+00:00, run_after=2024-12-23 00:00:00+00:00
[2024-12-23T15:39:23.547+0000] {processor.py:208} INFO - Processing /home/airflow/.local/lib/python3.11/site-packages/airflow/example_dags/example_branch_operator_decorator.py took 0.055 seconds
[2024-12-23T15:39:54.312+0000] {processor.py:186} INFO - Started process (PID=541) to work on /home/airflow/.local/lib/python3.11/site-packages/airflow/example_dags/example_branch_operator_decorator.py
[2024-12-23T15:39:54.312+0000] {processor.py:914} INFO - Processing file /home/airflow/.local/lib/python3.11/site-packages/airflow/example_dags/example_branch_operator_decorator.py for tasks to queue
[2024-12-23T15:39:54.314+0000] {logging_mixin.py:190} INFO - [2024-12-23T15:39:54.314+0000] {dagbag.py:588} INFO - Filling up the DagBag from /home/airflow/.local/lib/python3.11/site-packages/airflow/example_dags/example_branch_operator_decorator.py
[2024-12-23T15:39:54.332+0000] {processor.py:925} INFO - DAG(s) 'example_branch_python_operator_decorator' retrieved from /home/airflow/.local/lib/python3.11/site-packages/airflow/example_dags/example_branch_operator_decorator.py
[2024-12-23T15:39:54.350+0000] {logging_mixin.py:190} INFO - [2024-12-23T15:39:54.350+0000] {dag.py:3239} INFO - Sync 1 DAGs
[2024-12-23T15:39:54.363+0000] {logging_mixin.py:190} INFO - [2024-12-23T15:39:54.363+0000] {dag.py:4180} INFO - Setting next_dagrun for example_branch_python_operator_decorator to 2024-12-22 00:00:00+00:00, run_after=2024-12-23 00:00:00+00:00
[2024-12-23T15:39:54.377+0000] {processor.py:208} INFO - Processing /home/airflow/.local/lib/python3.11/site-packages/airflow/example_dags/example_branch_operator_decorator.py took 0.069 seconds
[2024-12-23T15:40:24.985+0000] {processor.py:186} INFO - Started process (PID=605) to work on /home/airflow/.local/lib/python3.11/site-packages/airflow/example_dags/example_branch_operator_decorator.py
[2024-12-23T15:40:24.986+0000] {processor.py:914} INFO - Processing file /home/airflow/.local/lib/python3.11/site-packages/airflow/example_dags/example_branch_operator_decorator.py for tasks to queue
[2024-12-23T15:40:24.988+0000] {logging_mixin.py:190} INFO - [2024-12-23T15:40:24.988+0000] {dagbag.py:588} INFO - Filling up the DagBag from /home/airflow/.local/lib/python3.11/site-packages/airflow/example_dags/example_branch_operator_decorator.py
[2024-12-23T15:40:25.007+0000] {processor.py:925} INFO - DAG(s) 'example_branch_python_operator_decorator' retrieved from /home/airflow/.local/lib/python3.11/site-packages/airflow/example_dags/example_branch_operator_decorator.py
[2024-12-23T15:40:25.031+0000] {logging_mixin.py:190} INFO - [2024-12-23T15:40:25.030+0000] {dag.py:3239} INFO - Sync 1 DAGs
[2024-12-23T15:40:25.048+0000] {logging_mixin.py:190} INFO - [2024-12-23T15:40:25.047+0000] {dag.py:4180} INFO - Setting next_dagrun for example_branch_python_operator_decorator to 2024-12-22 00:00:00+00:00, run_after=2024-12-23 00:00:00+00:00
[2024-12-23T15:40:25.060+0000] {processor.py:208} INFO - Processing /home/airflow/.local/lib/python3.11/site-packages/airflow/example_dags/example_branch_operator_decorator.py took 0.079 seconds
[2024-12-23T15:40:55.544+0000] {processor.py:186} INFO - Started process (PID=669) to work on /home/airflow/.local/lib/python3.11/site-packages/airflow/example_dags/example_branch_operator_decorator.py
[2024-12-23T15:40:55.544+0000] {processor.py:914} INFO - Processing file /home/airflow/.local/lib/python3.11/site-packages/airflow/example_dags/example_branch_operator_decorator.py for tasks to queue
[2024-12-23T15:40:55.546+0000] {logging_mixin.py:190} INFO - [2024-12-23T15:40:55.546+0000] {dagbag.py:588} INFO - Filling up the DagBag from /home/airflow/.local/lib/python3.11/site-packages/airflow/example_dags/example_branch_operator_decorator.py
[2024-12-23T15:40:55.558+0000] {processor.py:925} INFO - DAG(s) 'example_branch_python_operator_decorator' retrieved from /home/airflow/.local/lib/python3.11/site-packages/airflow/example_dags/example_branch_operator_decorator.py
[2024-12-23T15:40:55.572+0000] {logging_mixin.py:190} INFO - [2024-12-23T15:40:55.572+0000] {dag.py:3239} INFO - Sync 1 DAGs
[2024-12-23T15:40:55.583+0000] {logging_mixin.py:190} INFO - [2024-12-23T15:40:55.583+0000] {dag.py:4180} INFO - Setting next_dagrun for example_branch_python_operator_decorator to 2024-12-22 00:00:00+00:00, run_after=2024-12-23 00:00:00+00:00
[2024-12-23T15:40:55.594+0000] {processor.py:208} INFO - Processing /home/airflow/.local/lib/python3.11/site-packages/airflow/example_dags/example_branch_operator_decorator.py took 0.053 seconds
[2024-12-23T15:41:26.703+0000] {processor.py:186} INFO - Started process (PID=733) to work on /home/airflow/.local/lib/python3.11/site-packages/airflow/example_dags/example_branch_operator_decorator.py
[2024-12-23T15:41:26.704+0000] {processor.py:914} INFO - Processing file /home/airflow/.local/lib/python3.11/site-packages/airflow/example_dags/example_branch_operator_decorator.py for tasks to queue
[2024-12-23T15:41:26.706+0000] {logging_mixin.py:190} INFO - [2024-12-23T15:41:26.705+0000] {dagbag.py:588} INFO - Filling up the DagBag from /home/airflow/.local/lib/python3.11/site-packages/airflow/example_dags/example_branch_operator_decorator.py
[2024-12-23T15:41:26.726+0000] {processor.py:925} INFO - DAG(s) 'example_branch_python_operator_decorator' retrieved from /home/airflow/.local/lib/python3.11/site-packages/airflow/example_dags/example_branch_operator_decorator.py
[2024-12-23T15:41:26.747+0000] {logging_mixin.py:190} INFO - [2024-12-23T15:41:26.747+0000] {dag.py:3239} INFO - Sync 1 DAGs
[2024-12-23T15:41:26.760+0000] {logging_mixin.py:190} INFO - [2024-12-23T15:41:26.760+0000] {dag.py:4180} INFO - Setting next_dagrun for example_branch_python_operator_decorator to 2024-12-22 00:00:00+00:00, run_after=2024-12-23 00:00:00+00:00
[2024-12-23T15:41:26.770+0000] {processor.py:208} INFO - Processing /home/airflow/.local/lib/python3.11/site-packages/airflow/example_dags/example_branch_operator_decorator.py took 0.072 seconds
[2024-12-23T15:41:57.700+0000] {processor.py:186} INFO - Started process (PID=797) to work on /home/airflow/.local/lib/python3.11/site-packages/airflow/example_dags/example_branch_operator_decorator.py
[2024-12-23T15:41:57.701+0000] {processor.py:914} INFO - Processing file /home/airflow/.local/lib/python3.11/site-packages/airflow/example_dags/example_branch_operator_decorator.py for tasks to queue
[2024-12-23T15:41:57.703+0000] {logging_mixin.py:190} INFO - [2024-12-23T15:41:57.702+0000] {dagbag.py:588} INFO - Filling up the DagBag from /home/airflow/.local/lib/python3.11/site-packages/airflow/example_dags/example_branch_operator_decorator.py
[2024-12-23T15:41:57.717+0000] {processor.py:925} INFO - DAG(s) 'example_branch_python_operator_decorator' retrieved from /home/airflow/.local/lib/python3.11/site-packages/airflow/example_dags/example_branch_operator_decorator.py
[2024-12-23T15:41:57.730+0000] {logging_mixin.py:190} INFO - [2024-12-23T15:41:57.730+0000] {dag.py:3239} INFO - Sync 1 DAGs
[2024-12-23T15:41:57.741+0000] {logging_mixin.py:190} INFO - [2024-12-23T15:41:57.741+0000] {dag.py:4180} INFO - Setting next_dagrun for example_branch_python_operator_decorator to 2024-12-22 00:00:00+00:00, run_after=2024-12-23 00:00:00+00:00
[2024-12-23T15:41:57.749+0000] {processor.py:208} INFO - Processing /home/airflow/.local/lib/python3.11/site-packages/airflow/example_dags/example_branch_operator_decorator.py took 0.053 seconds
[2024-12-23T15:42:28.511+0000] {processor.py:186} INFO - Started process (PID=861) to work on /home/airflow/.local/lib/python3.11/site-packages/airflow/example_dags/example_branch_operator_decorator.py
[2024-12-23T15:42:28.512+0000] {processor.py:914} INFO - Processing file /home/airflow/.local/lib/python3.11/site-packages/airflow/example_dags/example_branch_operator_decorator.py for tasks to queue
[2024-12-23T15:42:28.513+0000] {logging_mixin.py:190} INFO - [2024-12-23T15:42:28.513+0000] {dagbag.py:588} INFO - Filling up the DagBag from /home/airflow/.local/lib/python3.11/site-packages/airflow/example_dags/example_branch_operator_decorator.py
[2024-12-23T15:42:28.526+0000] {processor.py:925} INFO - DAG(s) 'example_branch_python_operator_decorator' retrieved from /home/airflow/.local/lib/python3.11/site-packages/airflow/example_dags/example_branch_operator_decorator.py
[2024-12-23T15:42:28.538+0000] {logging_mixin.py:190} INFO - [2024-12-23T15:42:28.538+0000] {dag.py:3239} INFO - Sync 1 DAGs
[2024-12-23T15:42:28.549+0000] {logging_mixin.py:190} INFO - [2024-12-23T15:42:28.549+0000] {dag.py:4180} INFO - Setting next_dagrun for example_branch_python_operator_decorator to 2024-12-22 00:00:00+00:00, run_after=2024-12-23 00:00:00+00:00
[2024-12-23T15:42:28.557+0000] {processor.py:208} INFO - Processing /home/airflow/.local/lib/python3.11/site-packages/airflow/example_dags/example_branch_operator_decorator.py took 0.049 seconds
[2024-12-23T15:49:33.866+0000] {processor.py:186} INFO - Started process (PID=925) to work on /home/airflow/.local/lib/python3.11/site-packages/airflow/example_dags/example_branch_operator_decorator.py
[2024-12-23T15:49:33.867+0000] {processor.py:914} INFO - Processing file /home/airflow/.local/lib/python3.11/site-packages/airflow/example_dags/example_branch_operator_decorator.py for tasks to queue
[2024-12-23T15:49:33.871+0000] {logging_mixin.py:190} INFO - [2024-12-23T15:49:33.870+0000] {dagbag.py:588} INFO - Filling up the DagBag from /home/airflow/.local/lib/python3.11/site-packages/airflow/example_dags/example_branch_operator_decorator.py
[2024-12-23T15:49:33.898+0000] {processor.py:925} INFO - DAG(s) 'example_branch_python_operator_decorator' retrieved from /home/airflow/.local/lib/python3.11/site-packages/airflow/example_dags/example_branch_operator_decorator.py
[2024-12-23T15:49:33.931+0000] {logging_mixin.py:190} INFO - [2024-12-23T15:49:33.931+0000] {dag.py:3239} INFO - Sync 1 DAGs
[2024-12-23T15:49:33.948+0000] {logging_mixin.py:190} INFO - [2024-12-23T15:49:33.948+0000] {dag.py:4180} INFO - Setting next_dagrun for example_branch_python_operator_decorator to 2024-12-22 00:00:00+00:00, run_after=2024-12-23 00:00:00+00:00
[2024-12-23T15:49:33.963+0000] {processor.py:208} INFO - Processing /home/airflow/.local/lib/python3.11/site-packages/airflow/example_dags/example_branch_operator_decorator.py took 0.101 seconds
[2024-12-23T15:50:04.843+0000] {processor.py:186} INFO - Started process (PID=989) to work on /home/airflow/.local/lib/python3.11/site-packages/airflow/example_dags/example_branch_operator_decorator.py
[2024-12-23T15:50:04.844+0000] {processor.py:914} INFO - Processing file /home/airflow/.local/lib/python3.11/site-packages/airflow/example_dags/example_branch_operator_decorator.py for tasks to queue
[2024-12-23T15:50:04.845+0000] {logging_mixin.py:190} INFO - [2024-12-23T15:50:04.845+0000] {dagbag.py:588} INFO - Filling up the DagBag from /home/airflow/.local/lib/python3.11/site-packages/airflow/example_dags/example_branch_operator_decorator.py
[2024-12-23T15:50:04.859+0000] {processor.py:925} INFO - DAG(s) 'example_branch_python_operator_decorator' retrieved from /home/airflow/.local/lib/python3.11/site-packages/airflow/example_dags/example_branch_operator_decorator.py
[2024-12-23T15:50:04.874+0000] {logging_mixin.py:190} INFO - [2024-12-23T15:50:04.873+0000] {dag.py:3239} INFO - Sync 1 DAGs
[2024-12-23T15:50:04.889+0000] {logging_mixin.py:190} INFO - [2024-12-23T15:50:04.889+0000] {dag.py:4180} INFO - Setting next_dagrun for example_branch_python_operator_decorator to 2024-12-22 00:00:00+00:00, run_after=2024-12-23 00:00:00+00:00
[2024-12-23T15:50:04.899+0000] {processor.py:208} INFO - Processing /home/airflow/.local/lib/python3.11/site-packages/airflow/example_dags/example_branch_operator_decorator.py took 0.060 seconds
[2024-12-23T15:50:35.235+0000] {processor.py:186} INFO - Started process (PID=1053) to work on /home/airflow/.local/lib/python3.11/site-packages/airflow/example_dags/example_branch_operator_decorator.py
[2024-12-23T15:50:35.236+0000] {processor.py:914} INFO - Processing file /home/airflow/.local/lib/python3.11/site-packages/airflow/example_dags/example_branch_operator_decorator.py for tasks to queue
[2024-12-23T15:50:35.237+0000] {logging_mixin.py:190} INFO - [2024-12-23T15:50:35.237+0000] {dagbag.py:588} INFO - Filling up the DagBag from /home/airflow/.local/lib/python3.11/site-packages/airflow/example_dags/example_branch_operator_decorator.py
[2024-12-23T15:50:35.250+0000] {processor.py:925} INFO - DAG(s) 'example_branch_python_operator_decorator' retrieved from /home/airflow/.local/lib/python3.11/site-packages/airflow/example_dags/example_branch_operator_decorator.py
[2024-12-23T15:50:35.264+0000] {logging_mixin.py:190} INFO - [2024-12-23T15:50:35.264+0000] {dag.py:3239} INFO - Sync 1 DAGs
[2024-12-23T15:50:35.276+0000] {logging_mixin.py:190} INFO - [2024-12-23T15:50:35.276+0000] {dag.py:4180} INFO - Setting next_dagrun for example_branch_python_operator_decorator to 2024-12-22 00:00:00+00:00, run_after=2024-12-23 00:00:00+00:00
[2024-12-23T15:50:35.286+0000] {processor.py:208} INFO - Processing /home/airflow/.local/lib/python3.11/site-packages/airflow/example_dags/example_branch_operator_decorator.py took 0.054 seconds
[2024-12-23T15:51:06.303+0000] {processor.py:186} INFO - Started process (PID=1117) to work on /home/airflow/.local/lib/python3.11/site-packages/airflow/example_dags/example_branch_operator_decorator.py
[2024-12-23T15:51:06.304+0000] {processor.py:914} INFO - Processing file /home/airflow/.local/lib/python3.11/site-packages/airflow/example_dags/example_branch_operator_decorator.py for tasks to queue
[2024-12-23T15:51:06.305+0000] {logging_mixin.py:190} INFO - [2024-12-23T15:51:06.305+0000] {dagbag.py:588} INFO - Filling up the DagBag from /home/airflow/.local/lib/python3.11/site-packages/airflow/example_dags/example_branch_operator_decorator.py
[2024-12-23T15:51:06.318+0000] {processor.py:925} INFO - DAG(s) 'example_branch_python_operator_decorator' retrieved from /home/airflow/.local/lib/python3.11/site-packages/airflow/example_dags/example_branch_operator_decorator.py
[2024-12-23T15:51:06.332+0000] {logging_mixin.py:190} INFO - [2024-12-23T15:51:06.331+0000] {dag.py:3239} INFO - Sync 1 DAGs
[2024-12-23T15:51:06.343+0000] {logging_mixin.py:190} INFO - [2024-12-23T15:51:06.342+0000] {dag.py:4180} INFO - Setting next_dagrun for example_branch_python_operator_decorator to 2024-12-22 00:00:00+00:00, run_after=2024-12-23 00:00:00+00:00
[2024-12-23T15:51:06.352+0000] {processor.py:208} INFO - Processing /home/airflow/.local/lib/python3.11/site-packages/airflow/example_dags/example_branch_operator_decorator.py took 0.052 seconds
[2024-12-23T15:51:36.790+0000] {processor.py:186} INFO - Started process (PID=1181) to work on /home/airflow/.local/lib/python3.11/site-packages/airflow/example_dags/example_branch_operator_decorator.py
[2024-12-23T15:51:36.791+0000] {processor.py:914} INFO - Processing file /home/airflow/.local/lib/python3.11/site-packages/airflow/example_dags/example_branch_operator_decorator.py for tasks to queue
[2024-12-23T15:51:36.792+0000] {logging_mixin.py:190} INFO - [2024-12-23T15:51:36.792+0000] {dagbag.py:588} INFO - Filling up the DagBag from /home/airflow/.local/lib/python3.11/site-packages/airflow/example_dags/example_branch_operator_decorator.py
[2024-12-23T15:51:36.803+0000] {processor.py:925} INFO - DAG(s) 'example_branch_python_operator_decorator' retrieved from /home/airflow/.local/lib/python3.11/site-packages/airflow/example_dags/example_branch_operator_decorator.py
[2024-12-23T15:51:36.818+0000] {logging_mixin.py:190} INFO - [2024-12-23T15:51:36.818+0000] {dag.py:3239} INFO - Sync 1 DAGs
[2024-12-23T15:51:36.832+0000] {logging_mixin.py:190} INFO - [2024-12-23T15:51:36.832+0000] {dag.py:4180} INFO - Setting next_dagrun for example_branch_python_operator_decorator to 2024-12-22 00:00:00+00:00, run_after=2024-12-23 00:00:00+00:00
[2024-12-23T15:51:36.843+0000] {processor.py:208} INFO - Processing /home/airflow/.local/lib/python3.11/site-packages/airflow/example_dags/example_branch_operator_decorator.py took 0.055 seconds
[2024-12-23T15:52:07.261+0000] {processor.py:186} INFO - Started process (PID=1245) to work on /home/airflow/.local/lib/python3.11/site-packages/airflow/example_dags/example_branch_operator_decorator.py
[2024-12-23T15:52:07.262+0000] {processor.py:914} INFO - Processing file /home/airflow/.local/lib/python3.11/site-packages/airflow/example_dags/example_branch_operator_decorator.py for tasks to queue
[2024-12-23T15:52:07.263+0000] {logging_mixin.py:190} INFO - [2024-12-23T15:52:07.263+0000] {dagbag.py:588} INFO - Filling up the DagBag from /home/airflow/.local/lib/python3.11/site-packages/airflow/example_dags/example_branch_operator_decorator.py
[2024-12-23T15:52:07.275+0000] {processor.py:925} INFO - DAG(s) 'example_branch_python_operator_decorator' retrieved from /home/airflow/.local/lib/python3.11/site-packages/airflow/example_dags/example_branch_operator_decorator.py
[2024-12-23T15:52:07.289+0000] {logging_mixin.py:190} INFO - [2024-12-23T15:52:07.288+0000] {dag.py:3239} INFO - Sync 1 DAGs
[2024-12-23T15:52:07.301+0000] {logging_mixin.py:190} INFO - [2024-12-23T15:52:07.301+0000] {dag.py:4180} INFO - Setting next_dagrun for example_branch_python_operator_decorator to 2024-12-22 00:00:00+00:00, run_after=2024-12-23 00:00:00+00:00
[2024-12-23T15:52:07.309+0000] {processor.py:208} INFO - Processing /home/airflow/.local/lib/python3.11/site-packages/airflow/example_dags/example_branch_operator_decorator.py took 0.051 seconds
[2024-12-23T15:52:37.634+0000] {processor.py:186} INFO - Started process (PID=1309) to work on /home/airflow/.local/lib/python3.11/site-packages/airflow/example_dags/example_branch_operator_decorator.py
[2024-12-23T15:52:37.635+0000] {processor.py:914} INFO - Processing file /home/airflow/.local/lib/python3.11/site-packages/airflow/example_dags/example_branch_operator_decorator.py for tasks to queue
[2024-12-23T15:52:37.636+0000] {logging_mixin.py:190} INFO - [2024-12-23T15:52:37.636+0000] {dagbag.py:588} INFO - Filling up the DagBag from /home/airflow/.local/lib/python3.11/site-packages/airflow/example_dags/example_branch_operator_decorator.py
[2024-12-23T15:52:37.652+0000] {processor.py:925} INFO - DAG(s) 'example_branch_python_operator_decorator' retrieved from /home/airflow/.local/lib/python3.11/site-packages/airflow/example_dags/example_branch_operator_decorator.py
[2024-12-23T15:52:37.675+0000] {logging_mixin.py:190} INFO - [2024-12-23T15:52:37.675+0000] {dag.py:3239} INFO - Sync 1 DAGs
[2024-12-23T15:52:37.690+0000] {logging_mixin.py:190} INFO - [2024-12-23T15:52:37.690+0000] {dag.py:4180} INFO - Setting next_dagrun for example_branch_python_operator_decorator to 2024-12-22 00:00:00+00:00, run_after=2024-12-23 00:00:00+00:00
[2024-12-23T15:52:37.701+0000] {processor.py:208} INFO - Processing /home/airflow/.local/lib/python3.11/site-packages/airflow/example_dags/example_branch_operator_decorator.py took 0.070 seconds
[2024-12-23T15:53:08.097+0000] {processor.py:186} INFO - Started process (PID=1373) to work on /home/airflow/.local/lib/python3.11/site-packages/airflow/example_dags/example_branch_operator_decorator.py
[2024-12-23T15:53:08.098+0000] {processor.py:914} INFO - Processing file /home/airflow/.local/lib/python3.11/site-packages/airflow/example_dags/example_branch_operator_decorator.py for tasks to queue
[2024-12-23T15:53:08.099+0000] {logging_mixin.py:190} INFO - [2024-12-23T15:53:08.099+0000] {dagbag.py:588} INFO - Filling up the DagBag from /home/airflow/.local/lib/python3.11/site-packages/airflow/example_dags/example_branch_operator_decorator.py
[2024-12-23T15:53:08.111+0000] {processor.py:925} INFO - DAG(s) 'example_branch_python_operator_decorator' retrieved from /home/airflow/.local/lib/python3.11/site-packages/airflow/example_dags/example_branch_operator_decorator.py
[2024-12-23T15:53:08.144+0000] {logging_mixin.py:190} INFO - [2024-12-23T15:53:08.143+0000] {dag.py:3239} INFO - Sync 1 DAGs
[2024-12-23T15:53:08.186+0000] {logging_mixin.py:190} INFO - [2024-12-23T15:53:08.186+0000] {dag.py:4180} INFO - Setting next_dagrun for example_branch_python_operator_decorator to 2024-12-22 00:00:00+00:00, run_after=2024-12-23 00:00:00+00:00
[2024-12-23T15:53:08.206+0000] {processor.py:208} INFO - Processing /home/airflow/.local/lib/python3.11/site-packages/airflow/example_dags/example_branch_operator_decorator.py took 0.111 seconds
[2024-12-23T15:53:38.689+0000] {processor.py:186} INFO - Started process (PID=1437) to work on /home/airflow/.local/lib/python3.11/site-packages/airflow/example_dags/example_branch_operator_decorator.py
[2024-12-23T15:53:38.690+0000] {processor.py:914} INFO - Processing file /home/airflow/.local/lib/python3.11/site-packages/airflow/example_dags/example_branch_operator_decorator.py for tasks to queue
[2024-12-23T15:53:38.692+0000] {logging_mixin.py:190} INFO - [2024-12-23T15:53:38.692+0000] {dagbag.py:588} INFO - Filling up the DagBag from /home/airflow/.local/lib/python3.11/site-packages/airflow/example_dags/example_branch_operator_decorator.py
[2024-12-23T15:53:38.711+0000] {processor.py:925} INFO - DAG(s) 'example_branch_python_operator_decorator' retrieved from /home/airflow/.local/lib/python3.11/site-packages/airflow/example_dags/example_branch_operator_decorator.py
[2024-12-23T15:53:38.726+0000] {logging_mixin.py:190} INFO - [2024-12-23T15:53:38.726+0000] {dag.py:3239} INFO - Sync 1 DAGs
[2024-12-23T15:53:38.739+0000] {logging_mixin.py:190} INFO - [2024-12-23T15:53:38.738+0000] {dag.py:4180} INFO - Setting next_dagrun for example_branch_python_operator_decorator to 2024-12-22 00:00:00+00:00, run_after=2024-12-23 00:00:00+00:00
[2024-12-23T15:53:38.747+0000] {processor.py:208} INFO - Processing /home/airflow/.local/lib/python3.11/site-packages/airflow/example_dags/example_branch_operator_decorator.py took 0.061 seconds
[2024-12-23T15:54:09.214+0000] {processor.py:186} INFO - Started process (PID=1501) to work on /home/airflow/.local/lib/python3.11/site-packages/airflow/example_dags/example_branch_operator_decorator.py
[2024-12-23T15:54:09.214+0000] {processor.py:914} INFO - Processing file /home/airflow/.local/lib/python3.11/site-packages/airflow/example_dags/example_branch_operator_decorator.py for tasks to queue
[2024-12-23T15:54:09.216+0000] {logging_mixin.py:190} INFO - [2024-12-23T15:54:09.216+0000] {dagbag.py:588} INFO - Filling up the DagBag from /home/airflow/.local/lib/python3.11/site-packages/airflow/example_dags/example_branch_operator_decorator.py
[2024-12-23T15:54:09.231+0000] {processor.py:925} INFO - DAG(s) 'example_branch_python_operator_decorator' retrieved from /home/airflow/.local/lib/python3.11/site-packages/airflow/example_dags/example_branch_operator_decorator.py
[2024-12-23T15:54:09.249+0000] {logging_mixin.py:190} INFO - [2024-12-23T15:54:09.249+0000] {dag.py:3239} INFO - Sync 1 DAGs
[2024-12-23T15:54:09.266+0000] {logging_mixin.py:190} INFO - [2024-12-23T15:54:09.265+0000] {dag.py:4180} INFO - Setting next_dagrun for example_branch_python_operator_decorator to 2024-12-22 00:00:00+00:00, run_after=2024-12-23 00:00:00+00:00
[2024-12-23T15:54:09.280+0000] {processor.py:208} INFO - Processing /home/airflow/.local/lib/python3.11/site-packages/airflow/example_dags/example_branch_operator_decorator.py took 0.071 seconds
[2024-12-23T15:54:39.744+0000] {processor.py:186} INFO - Started process (PID=1565) to work on /home/airflow/.local/lib/python3.11/site-packages/airflow/example_dags/example_branch_operator_decorator.py
[2024-12-23T15:54:39.745+0000] {processor.py:914} INFO - Processing file /home/airflow/.local/lib/python3.11/site-packages/airflow/example_dags/example_branch_operator_decorator.py for tasks to queue
[2024-12-23T15:54:39.746+0000] {logging_mixin.py:190} INFO - [2024-12-23T15:54:39.746+0000] {dagbag.py:588} INFO - Filling up the DagBag from /home/airflow/.local/lib/python3.11/site-packages/airflow/example_dags/example_branch_operator_decorator.py
[2024-12-23T15:54:39.757+0000] {processor.py:925} INFO - DAG(s) 'example_branch_python_operator_decorator' retrieved from /home/airflow/.local/lib/python3.11/site-packages/airflow/example_dags/example_branch_operator_decorator.py
[2024-12-23T15:54:39.777+0000] {logging_mixin.py:190} INFO - [2024-12-23T15:54:39.776+0000] {dag.py:3239} INFO - Sync 1 DAGs
[2024-12-23T15:54:39.789+0000] {logging_mixin.py:190} INFO - [2024-12-23T15:54:39.789+0000] {dag.py:4180} INFO - Setting next_dagrun for example_branch_python_operator_decorator to 2024-12-22 00:00:00+00:00, run_after=2024-12-23 00:00:00+00:00
[2024-12-23T15:54:39.798+0000] {processor.py:208} INFO - Processing /home/airflow/.local/lib/python3.11/site-packages/airflow/example_dags/example_branch_operator_decorator.py took 0.057 seconds
[2024-12-23T15:55:10.283+0000] {processor.py:186} INFO - Started process (PID=1629) to work on /home/airflow/.local/lib/python3.11/site-packages/airflow/example_dags/example_branch_operator_decorator.py
[2024-12-23T15:55:10.284+0000] {processor.py:914} INFO - Processing file /home/airflow/.local/lib/python3.11/site-packages/airflow/example_dags/example_branch_operator_decorator.py for tasks to queue
[2024-12-23T15:55:10.286+0000] {logging_mixin.py:190} INFO - [2024-12-23T15:55:10.286+0000] {dagbag.py:588} INFO - Filling up the DagBag from /home/airflow/.local/lib/python3.11/site-packages/airflow/example_dags/example_branch_operator_decorator.py
[2024-12-23T15:55:10.304+0000] {processor.py:925} INFO - DAG(s) 'example_branch_python_operator_decorator' retrieved from /home/airflow/.local/lib/python3.11/site-packages/airflow/example_dags/example_branch_operator_decorator.py
[2024-12-23T15:55:10.318+0000] {logging_mixin.py:190} INFO - [2024-12-23T15:55:10.318+0000] {dag.py:3239} INFO - Sync 1 DAGs
[2024-12-23T15:55:10.330+0000] {logging_mixin.py:190} INFO - [2024-12-23T15:55:10.330+0000] {dag.py:4180} INFO - Setting next_dagrun for example_branch_python_operator_decorator to 2024-12-22 00:00:00+00:00, run_after=2024-12-23 00:00:00+00:00
[2024-12-23T15:55:10.339+0000] {processor.py:208} INFO - Processing /home/airflow/.local/lib/python3.11/site-packages/airflow/example_dags/example_branch_operator_decorator.py took 0.059 seconds
[2024-12-23T16:14:28.641+0000] {processor.py:186} INFO - Started process (PID=1687) to work on /home/airflow/.local/lib/python3.11/site-packages/airflow/example_dags/example_branch_operator_decorator.py
[2024-12-23T16:14:28.642+0000] {processor.py:914} INFO - Processing file /home/airflow/.local/lib/python3.11/site-packages/airflow/example_dags/example_branch_operator_decorator.py for tasks to queue
[2024-12-23T16:14:28.643+0000] {logging_mixin.py:190} INFO - [2024-12-23T16:14:28.643+0000] {dagbag.py:588} INFO - Filling up the DagBag from /home/airflow/.local/lib/python3.11/site-packages/airflow/example_dags/example_branch_operator_decorator.py
[2024-12-23T16:14:28.656+0000] {processor.py:925} INFO - DAG(s) 'example_branch_python_operator_decorator' retrieved from /home/airflow/.local/lib/python3.11/site-packages/airflow/example_dags/example_branch_operator_decorator.py
[2024-12-23T16:14:28.676+0000] {logging_mixin.py:190} INFO - [2024-12-23T16:14:28.676+0000] {dag.py:3239} INFO - Sync 1 DAGs
[2024-12-23T16:14:28.690+0000] {logging_mixin.py:190} INFO - [2024-12-23T16:14:28.690+0000] {dag.py:4180} INFO - Setting next_dagrun for example_branch_python_operator_decorator to 2024-12-22 00:00:00+00:00, run_after=2024-12-23 00:00:00+00:00
[2024-12-23T16:14:28.700+0000] {processor.py:208} INFO - Processing /home/airflow/.local/lib/python3.11/site-packages/airflow/example_dags/example_branch_operator_decorator.py took 0.062 seconds
