[2024-12-23T15:36:05.494+0000] {processor.py:186} INFO - Started process (PID=65) to work on /home/airflow/.local/lib/python3.11/site-packages/airflow/example_dags/example_local_kubernetes_executor.py
[2024-12-23T15:36:05.496+0000] {processor.py:914} INFO - Processing file /home/airflow/.local/lib/python3.11/site-packages/airflow/example_dags/example_local_kubernetes_executor.py for tasks to queue
[2024-12-23T15:36:05.520+0000] {logging_mixin.py:190} INFO - [2024-12-23T15:36:05.517+0000] {dagbag.py:588} INFO - Filling up the DagBag from /home/airflow/.local/lib/python3.11/site-packages/airflow/example_dags/example_local_kubernetes_executor.py
[2024-12-23T15:36:05.535+0000] {processor.py:925} INFO - DAG(s) 'example_local_kubernetes_executor' retrieved from /home/airflow/.local/lib/python3.11/site-packages/airflow/example_dags/example_local_kubernetes_executor.py
[2024-12-23T15:36:05.624+0000] {logging_mixin.py:190} INFO - [2024-12-23T15:36:05.624+0000] {dag.py:3239} INFO - Sync 1 DAGs
[2024-12-23T15:36:05.659+0000] {logging_mixin.py:190} INFO - [2024-12-23T15:36:05.658+0000] {dag.py:4180} INFO - Setting next_dagrun for example_local_kubernetes_executor to None, run_after=None
[2024-12-23T15:36:05.961+0000] {processor.py:208} INFO - Processing /home/airflow/.local/lib/python3.11/site-packages/airflow/example_dags/example_local_kubernetes_executor.py took 0.474 seconds
[2024-12-23T15:36:36.602+0000] {processor.py:186} INFO - Started process (PID=128) to work on /home/airflow/.local/lib/python3.11/site-packages/airflow/example_dags/example_local_kubernetes_executor.py
[2024-12-23T15:36:36.603+0000] {processor.py:914} INFO - Processing file /home/airflow/.local/lib/python3.11/site-packages/airflow/example_dags/example_local_kubernetes_executor.py for tasks to queue
[2024-12-23T15:36:36.605+0000] {logging_mixin.py:190} INFO - [2024-12-23T15:36:36.605+0000] {dagbag.py:588} INFO - Filling up the DagBag from /home/airflow/.local/lib/python3.11/site-packages/airflow/example_dags/example_local_kubernetes_executor.py
[2024-12-23T15:36:36.614+0000] {processor.py:925} INFO - DAG(s) 'example_local_kubernetes_executor' retrieved from /home/airflow/.local/lib/python3.11/site-packages/airflow/example_dags/example_local_kubernetes_executor.py
[2024-12-23T15:36:36.639+0000] {logging_mixin.py:190} INFO - [2024-12-23T15:36:36.639+0000] {dag.py:3239} INFO - Sync 1 DAGs
[2024-12-23T15:36:36.646+0000] {logging_mixin.py:190} INFO - [2024-12-23T15:36:36.646+0000] {dag.py:4180} INFO - Setting next_dagrun for example_local_kubernetes_executor to None, run_after=None
[2024-12-23T15:36:36.656+0000] {processor.py:208} INFO - Processing /home/airflow/.local/lib/python3.11/site-packages/airflow/example_dags/example_local_kubernetes_executor.py took 0.061 seconds
[2024-12-23T15:37:07.122+0000] {processor.py:186} INFO - Started process (PID=192) to work on /home/airflow/.local/lib/python3.11/site-packages/airflow/example_dags/example_local_kubernetes_executor.py
[2024-12-23T15:37:07.130+0000] {processor.py:914} INFO - Processing file /home/airflow/.local/lib/python3.11/site-packages/airflow/example_dags/example_local_kubernetes_executor.py for tasks to queue
[2024-12-23T15:37:07.134+0000] {logging_mixin.py:190} INFO - [2024-12-23T15:37:07.133+0000] {dagbag.py:588} INFO - Filling up the DagBag from /home/airflow/.local/lib/python3.11/site-packages/airflow/example_dags/example_local_kubernetes_executor.py
[2024-12-23T15:37:07.148+0000] {processor.py:925} INFO - DAG(s) 'example_local_kubernetes_executor' retrieved from /home/airflow/.local/lib/python3.11/site-packages/airflow/example_dags/example_local_kubernetes_executor.py
[2024-12-23T15:37:07.211+0000] {logging_mixin.py:190} INFO - [2024-12-23T15:37:07.210+0000] {dag.py:3239} INFO - Sync 1 DAGs
[2024-12-23T15:37:07.233+0000] {logging_mixin.py:190} INFO - [2024-12-23T15:37:07.233+0000] {dag.py:4180} INFO - Setting next_dagrun for example_local_kubernetes_executor to None, run_after=None
[2024-12-23T15:37:07.245+0000] {processor.py:208} INFO - Processing /home/airflow/.local/lib/python3.11/site-packages/airflow/example_dags/example_local_kubernetes_executor.py took 0.137 seconds
[2024-12-23T15:37:37.917+0000] {processor.py:186} INFO - Started process (PID=256) to work on /home/airflow/.local/lib/python3.11/site-packages/airflow/example_dags/example_local_kubernetes_executor.py
[2024-12-23T15:37:37.919+0000] {processor.py:914} INFO - Processing file /home/airflow/.local/lib/python3.11/site-packages/airflow/example_dags/example_local_kubernetes_executor.py for tasks to queue
[2024-12-23T15:37:37.922+0000] {logging_mixin.py:190} INFO - [2024-12-23T15:37:37.921+0000] {dagbag.py:588} INFO - Filling up the DagBag from /home/airflow/.local/lib/python3.11/site-packages/airflow/example_dags/example_local_kubernetes_executor.py
[2024-12-23T15:37:37.932+0000] {processor.py:925} INFO - DAG(s) 'example_local_kubernetes_executor' retrieved from /home/airflow/.local/lib/python3.11/site-packages/airflow/example_dags/example_local_kubernetes_executor.py
[2024-12-23T15:37:37.959+0000] {logging_mixin.py:190} INFO - [2024-12-23T15:37:37.959+0000] {dag.py:3239} INFO - Sync 1 DAGs
[2024-12-23T15:37:37.967+0000] {logging_mixin.py:190} INFO - [2024-12-23T15:37:37.967+0000] {dag.py:4180} INFO - Setting next_dagrun for example_local_kubernetes_executor to None, run_after=None
[2024-12-23T15:37:37.976+0000] {processor.py:208} INFO - Processing /home/airflow/.local/lib/python3.11/site-packages/airflow/example_dags/example_local_kubernetes_executor.py took 0.066 seconds
[2024-12-23T15:38:08.185+0000] {processor.py:186} INFO - Started process (PID=319) to work on /home/airflow/.local/lib/python3.11/site-packages/airflow/example_dags/example_local_kubernetes_executor.py
[2024-12-23T15:38:08.186+0000] {processor.py:914} INFO - Processing file /home/airflow/.local/lib/python3.11/site-packages/airflow/example_dags/example_local_kubernetes_executor.py for tasks to queue
[2024-12-23T15:38:08.191+0000] {logging_mixin.py:190} INFO - [2024-12-23T15:38:08.190+0000] {dagbag.py:588} INFO - Filling up the DagBag from /home/airflow/.local/lib/python3.11/site-packages/airflow/example_dags/example_local_kubernetes_executor.py
[2024-12-23T15:38:08.205+0000] {processor.py:925} INFO - DAG(s) 'example_local_kubernetes_executor' retrieved from /home/airflow/.local/lib/python3.11/site-packages/airflow/example_dags/example_local_kubernetes_executor.py
[2024-12-23T15:38:08.228+0000] {logging_mixin.py:190} INFO - [2024-12-23T15:38:08.228+0000] {dag.py:3239} INFO - Sync 1 DAGs
[2024-12-23T15:38:08.238+0000] {logging_mixin.py:190} INFO - [2024-12-23T15:38:08.237+0000] {dag.py:4180} INFO - Setting next_dagrun for example_local_kubernetes_executor to None, run_after=None
[2024-12-23T15:38:08.248+0000] {processor.py:208} INFO - Processing /home/airflow/.local/lib/python3.11/site-packages/airflow/example_dags/example_local_kubernetes_executor.py took 0.067 seconds
[2024-12-23T15:38:39.198+0000] {processor.py:186} INFO - Started process (PID=383) to work on /home/airflow/.local/lib/python3.11/site-packages/airflow/example_dags/example_local_kubernetes_executor.py
[2024-12-23T15:38:39.199+0000] {processor.py:914} INFO - Processing file /home/airflow/.local/lib/python3.11/site-packages/airflow/example_dags/example_local_kubernetes_executor.py for tasks to queue
[2024-12-23T15:38:39.200+0000] {logging_mixin.py:190} INFO - [2024-12-23T15:38:39.200+0000] {dagbag.py:588} INFO - Filling up the DagBag from /home/airflow/.local/lib/python3.11/site-packages/airflow/example_dags/example_local_kubernetes_executor.py
[2024-12-23T15:38:39.207+0000] {processor.py:925} INFO - DAG(s) 'example_local_kubernetes_executor' retrieved from /home/airflow/.local/lib/python3.11/site-packages/airflow/example_dags/example_local_kubernetes_executor.py
[2024-12-23T15:38:39.225+0000] {logging_mixin.py:190} INFO - [2024-12-23T15:38:39.225+0000] {dag.py:3239} INFO - Sync 1 DAGs
[2024-12-23T15:38:39.232+0000] {logging_mixin.py:190} INFO - [2024-12-23T15:38:39.232+0000] {dag.py:4180} INFO - Setting next_dagrun for example_local_kubernetes_executor to None, run_after=None
[2024-12-23T15:38:39.240+0000] {processor.py:208} INFO - Processing /home/airflow/.local/lib/python3.11/site-packages/airflow/example_dags/example_local_kubernetes_executor.py took 0.047 seconds
[2024-12-23T15:39:11.136+0000] {processor.py:186} INFO - Started process (PID=447) to work on /home/airflow/.local/lib/python3.11/site-packages/airflow/example_dags/example_local_kubernetes_executor.py
[2024-12-23T15:39:11.138+0000] {processor.py:914} INFO - Processing file /home/airflow/.local/lib/python3.11/site-packages/airflow/example_dags/example_local_kubernetes_executor.py for tasks to queue
[2024-12-23T15:39:11.140+0000] {logging_mixin.py:190} INFO - [2024-12-23T15:39:11.140+0000] {dagbag.py:588} INFO - Filling up the DagBag from /home/airflow/.local/lib/python3.11/site-packages/airflow/example_dags/example_local_kubernetes_executor.py
[2024-12-23T15:39:11.151+0000] {processor.py:925} INFO - DAG(s) 'example_local_kubernetes_executor' retrieved from /home/airflow/.local/lib/python3.11/site-packages/airflow/example_dags/example_local_kubernetes_executor.py
[2024-12-23T15:39:11.180+0000] {logging_mixin.py:190} INFO - [2024-12-23T15:39:11.180+0000] {dag.py:3239} INFO - Sync 1 DAGs
[2024-12-23T15:39:11.189+0000] {logging_mixin.py:190} INFO - [2024-12-23T15:39:11.189+0000] {dag.py:4180} INFO - Setting next_dagrun for example_local_kubernetes_executor to None, run_after=None
[2024-12-23T15:39:11.200+0000] {processor.py:208} INFO - Processing /home/airflow/.local/lib/python3.11/site-packages/airflow/example_dags/example_local_kubernetes_executor.py took 0.074 seconds
[2024-12-23T15:39:41.682+0000] {processor.py:186} INFO - Started process (PID=511) to work on /home/airflow/.local/lib/python3.11/site-packages/airflow/example_dags/example_local_kubernetes_executor.py
[2024-12-23T15:39:41.683+0000] {processor.py:914} INFO - Processing file /home/airflow/.local/lib/python3.11/site-packages/airflow/example_dags/example_local_kubernetes_executor.py for tasks to queue
[2024-12-23T15:39:41.685+0000] {logging_mixin.py:190} INFO - [2024-12-23T15:39:41.684+0000] {dagbag.py:588} INFO - Filling up the DagBag from /home/airflow/.local/lib/python3.11/site-packages/airflow/example_dags/example_local_kubernetes_executor.py
[2024-12-23T15:39:41.707+0000] {processor.py:925} INFO - DAG(s) 'example_local_kubernetes_executor' retrieved from /home/airflow/.local/lib/python3.11/site-packages/airflow/example_dags/example_local_kubernetes_executor.py
[2024-12-23T15:39:41.733+0000] {logging_mixin.py:190} INFO - [2024-12-23T15:39:41.732+0000] {dag.py:3239} INFO - Sync 1 DAGs
[2024-12-23T15:39:41.742+0000] {logging_mixin.py:190} INFO - [2024-12-23T15:39:41.742+0000] {dag.py:4180} INFO - Setting next_dagrun for example_local_kubernetes_executor to None, run_after=None
[2024-12-23T15:39:41.753+0000] {processor.py:208} INFO - Processing /home/airflow/.local/lib/python3.11/site-packages/airflow/example_dags/example_local_kubernetes_executor.py took 0.076 seconds
[2024-12-23T15:40:12.087+0000] {processor.py:186} INFO - Started process (PID=575) to work on /home/airflow/.local/lib/python3.11/site-packages/airflow/example_dags/example_local_kubernetes_executor.py
[2024-12-23T15:40:12.088+0000] {processor.py:914} INFO - Processing file /home/airflow/.local/lib/python3.11/site-packages/airflow/example_dags/example_local_kubernetes_executor.py for tasks to queue
[2024-12-23T15:40:12.090+0000] {logging_mixin.py:190} INFO - [2024-12-23T15:40:12.090+0000] {dagbag.py:588} INFO - Filling up the DagBag from /home/airflow/.local/lib/python3.11/site-packages/airflow/example_dags/example_local_kubernetes_executor.py
[2024-12-23T15:40:12.100+0000] {processor.py:925} INFO - DAG(s) 'example_local_kubernetes_executor' retrieved from /home/airflow/.local/lib/python3.11/site-packages/airflow/example_dags/example_local_kubernetes_executor.py
[2024-12-23T15:40:12.120+0000] {logging_mixin.py:190} INFO - [2024-12-23T15:40:12.120+0000] {dag.py:3239} INFO - Sync 1 DAGs
[2024-12-23T15:40:12.128+0000] {logging_mixin.py:190} INFO - [2024-12-23T15:40:12.128+0000] {dag.py:4180} INFO - Setting next_dagrun for example_local_kubernetes_executor to None, run_after=None
[2024-12-23T15:40:12.137+0000] {processor.py:208} INFO - Processing /home/airflow/.local/lib/python3.11/site-packages/airflow/example_dags/example_local_kubernetes_executor.py took 0.055 seconds
[2024-12-23T15:40:42.657+0000] {processor.py:186} INFO - Started process (PID=639) to work on /home/airflow/.local/lib/python3.11/site-packages/airflow/example_dags/example_local_kubernetes_executor.py
[2024-12-23T15:40:42.659+0000] {processor.py:914} INFO - Processing file /home/airflow/.local/lib/python3.11/site-packages/airflow/example_dags/example_local_kubernetes_executor.py for tasks to queue
[2024-12-23T15:40:42.662+0000] {logging_mixin.py:190} INFO - [2024-12-23T15:40:42.662+0000] {dagbag.py:588} INFO - Filling up the DagBag from /home/airflow/.local/lib/python3.11/site-packages/airflow/example_dags/example_local_kubernetes_executor.py
[2024-12-23T15:40:42.671+0000] {processor.py:925} INFO - DAG(s) 'example_local_kubernetes_executor' retrieved from /home/airflow/.local/lib/python3.11/site-packages/airflow/example_dags/example_local_kubernetes_executor.py
[2024-12-23T15:40:42.727+0000] {logging_mixin.py:190} INFO - [2024-12-23T15:40:42.727+0000] {dag.py:3239} INFO - Sync 1 DAGs
[2024-12-23T15:40:42.749+0000] {logging_mixin.py:190} INFO - [2024-12-23T15:40:42.749+0000] {dag.py:4180} INFO - Setting next_dagrun for example_local_kubernetes_executor to None, run_after=None
[2024-12-23T15:40:42.768+0000] {processor.py:208} INFO - Processing /home/airflow/.local/lib/python3.11/site-packages/airflow/example_dags/example_local_kubernetes_executor.py took 0.116 seconds
[2024-12-23T15:41:12.956+0000] {processor.py:186} INFO - Started process (PID=703) to work on /home/airflow/.local/lib/python3.11/site-packages/airflow/example_dags/example_local_kubernetes_executor.py
[2024-12-23T15:41:12.957+0000] {processor.py:914} INFO - Processing file /home/airflow/.local/lib/python3.11/site-packages/airflow/example_dags/example_local_kubernetes_executor.py for tasks to queue
[2024-12-23T15:41:12.959+0000] {logging_mixin.py:190} INFO - [2024-12-23T15:41:12.958+0000] {dagbag.py:588} INFO - Filling up the DagBag from /home/airflow/.local/lib/python3.11/site-packages/airflow/example_dags/example_local_kubernetes_executor.py
[2024-12-23T15:41:12.965+0000] {processor.py:925} INFO - DAG(s) 'example_local_kubernetes_executor' retrieved from /home/airflow/.local/lib/python3.11/site-packages/airflow/example_dags/example_local_kubernetes_executor.py
[2024-12-23T15:41:12.987+0000] {logging_mixin.py:190} INFO - [2024-12-23T15:41:12.987+0000] {dag.py:3239} INFO - Sync 1 DAGs
[2024-12-23T15:41:12.996+0000] {logging_mixin.py:190} INFO - [2024-12-23T15:41:12.996+0000] {dag.py:4180} INFO - Setting next_dagrun for example_local_kubernetes_executor to None, run_after=None
[2024-12-23T15:41:13.006+0000] {processor.py:208} INFO - Processing /home/airflow/.local/lib/python3.11/site-packages/airflow/example_dags/example_local_kubernetes_executor.py took 0.053 seconds
[2024-12-23T15:41:43.294+0000] {processor.py:186} INFO - Started process (PID=767) to work on /home/airflow/.local/lib/python3.11/site-packages/airflow/example_dags/example_local_kubernetes_executor.py
[2024-12-23T15:41:43.297+0000] {processor.py:914} INFO - Processing file /home/airflow/.local/lib/python3.11/site-packages/airflow/example_dags/example_local_kubernetes_executor.py for tasks to queue
[2024-12-23T15:41:43.300+0000] {logging_mixin.py:190} INFO - [2024-12-23T15:41:43.300+0000] {dagbag.py:588} INFO - Filling up the DagBag from /home/airflow/.local/lib/python3.11/site-packages/airflow/example_dags/example_local_kubernetes_executor.py
[2024-12-23T15:41:43.308+0000] {processor.py:925} INFO - DAG(s) 'example_local_kubernetes_executor' retrieved from /home/airflow/.local/lib/python3.11/site-packages/airflow/example_dags/example_local_kubernetes_executor.py
[2024-12-23T15:41:43.330+0000] {logging_mixin.py:190} INFO - [2024-12-23T15:41:43.330+0000] {dag.py:3239} INFO - Sync 1 DAGs
[2024-12-23T15:41:43.338+0000] {logging_mixin.py:190} INFO - [2024-12-23T15:41:43.338+0000] {dag.py:4180} INFO - Setting next_dagrun for example_local_kubernetes_executor to None, run_after=None
[2024-12-23T15:41:43.346+0000] {processor.py:208} INFO - Processing /home/airflow/.local/lib/python3.11/site-packages/airflow/example_dags/example_local_kubernetes_executor.py took 0.061 seconds
[2024-12-23T15:42:14.136+0000] {processor.py:186} INFO - Started process (PID=831) to work on /home/airflow/.local/lib/python3.11/site-packages/airflow/example_dags/example_local_kubernetes_executor.py
[2024-12-23T15:42:14.137+0000] {processor.py:914} INFO - Processing file /home/airflow/.local/lib/python3.11/site-packages/airflow/example_dags/example_local_kubernetes_executor.py for tasks to queue
[2024-12-23T15:42:14.139+0000] {logging_mixin.py:190} INFO - [2024-12-23T15:42:14.139+0000] {dagbag.py:588} INFO - Filling up the DagBag from /home/airflow/.local/lib/python3.11/site-packages/airflow/example_dags/example_local_kubernetes_executor.py
[2024-12-23T15:42:14.148+0000] {processor.py:925} INFO - DAG(s) 'example_local_kubernetes_executor' retrieved from /home/airflow/.local/lib/python3.11/site-packages/airflow/example_dags/example_local_kubernetes_executor.py
[2024-12-23T15:42:14.174+0000] {logging_mixin.py:190} INFO - [2024-12-23T15:42:14.174+0000] {dag.py:3239} INFO - Sync 1 DAGs
[2024-12-23T15:42:14.183+0000] {logging_mixin.py:190} INFO - [2024-12-23T15:42:14.183+0000] {dag.py:4180} INFO - Setting next_dagrun for example_local_kubernetes_executor to None, run_after=None
[2024-12-23T15:42:14.194+0000] {processor.py:208} INFO - Processing /home/airflow/.local/lib/python3.11/site-packages/airflow/example_dags/example_local_kubernetes_executor.py took 0.062 seconds
[2024-12-23T15:49:31.937+0000] {processor.py:186} INFO - Started process (PID=895) to work on /home/airflow/.local/lib/python3.11/site-packages/airflow/example_dags/example_local_kubernetes_executor.py
[2024-12-23T15:49:31.938+0000] {processor.py:914} INFO - Processing file /home/airflow/.local/lib/python3.11/site-packages/airflow/example_dags/example_local_kubernetes_executor.py for tasks to queue
[2024-12-23T15:49:31.940+0000] {logging_mixin.py:190} INFO - [2024-12-23T15:49:31.940+0000] {dagbag.py:588} INFO - Filling up the DagBag from /home/airflow/.local/lib/python3.11/site-packages/airflow/example_dags/example_local_kubernetes_executor.py
[2024-12-23T15:49:31.971+0000] {processor.py:925} INFO - DAG(s) 'example_local_kubernetes_executor' retrieved from /home/airflow/.local/lib/python3.11/site-packages/airflow/example_dags/example_local_kubernetes_executor.py
[2024-12-23T15:49:31.997+0000] {logging_mixin.py:190} INFO - [2024-12-23T15:49:31.997+0000] {dag.py:3239} INFO - Sync 1 DAGs
[2024-12-23T15:49:32.008+0000] {logging_mixin.py:190} INFO - [2024-12-23T15:49:32.007+0000] {dag.py:4180} INFO - Setting next_dagrun for example_local_kubernetes_executor to None, run_after=None
[2024-12-23T15:49:32.026+0000] {processor.py:208} INFO - Processing /home/airflow/.local/lib/python3.11/site-packages/airflow/example_dags/example_local_kubernetes_executor.py took 0.094 seconds
[2024-12-23T15:50:02.466+0000] {processor.py:186} INFO - Started process (PID=959) to work on /home/airflow/.local/lib/python3.11/site-packages/airflow/example_dags/example_local_kubernetes_executor.py
[2024-12-23T15:50:02.467+0000] {processor.py:914} INFO - Processing file /home/airflow/.local/lib/python3.11/site-packages/airflow/example_dags/example_local_kubernetes_executor.py for tasks to queue
[2024-12-23T15:50:02.469+0000] {logging_mixin.py:190} INFO - [2024-12-23T15:50:02.469+0000] {dagbag.py:588} INFO - Filling up the DagBag from /home/airflow/.local/lib/python3.11/site-packages/airflow/example_dags/example_local_kubernetes_executor.py
[2024-12-23T15:50:02.507+0000] {processor.py:925} INFO - DAG(s) 'example_local_kubernetes_executor' retrieved from /home/airflow/.local/lib/python3.11/site-packages/airflow/example_dags/example_local_kubernetes_executor.py
[2024-12-23T15:50:02.536+0000] {logging_mixin.py:190} INFO - [2024-12-23T15:50:02.536+0000] {dag.py:3239} INFO - Sync 1 DAGs
[2024-12-23T15:50:02.543+0000] {logging_mixin.py:190} INFO - [2024-12-23T15:50:02.543+0000] {dag.py:4180} INFO - Setting next_dagrun for example_local_kubernetes_executor to None, run_after=None
[2024-12-23T15:50:02.551+0000] {processor.py:208} INFO - Processing /home/airflow/.local/lib/python3.11/site-packages/airflow/example_dags/example_local_kubernetes_executor.py took 0.089 seconds
[2024-12-23T15:50:33.110+0000] {processor.py:186} INFO - Started process (PID=1029) to work on /home/airflow/.local/lib/python3.11/site-packages/airflow/example_dags/example_local_kubernetes_executor.py
[2024-12-23T15:50:33.110+0000] {processor.py:914} INFO - Processing file /home/airflow/.local/lib/python3.11/site-packages/airflow/example_dags/example_local_kubernetes_executor.py for tasks to queue
[2024-12-23T15:50:33.112+0000] {logging_mixin.py:190} INFO - [2024-12-23T15:50:33.112+0000] {dagbag.py:588} INFO - Filling up the DagBag from /home/airflow/.local/lib/python3.11/site-packages/airflow/example_dags/example_local_kubernetes_executor.py
[2024-12-23T15:50:33.118+0000] {processor.py:925} INFO - DAG(s) 'example_local_kubernetes_executor' retrieved from /home/airflow/.local/lib/python3.11/site-packages/airflow/example_dags/example_local_kubernetes_executor.py
[2024-12-23T15:50:33.134+0000] {logging_mixin.py:190} INFO - [2024-12-23T15:50:33.134+0000] {dag.py:3239} INFO - Sync 1 DAGs
[2024-12-23T15:50:33.141+0000] {logging_mixin.py:190} INFO - [2024-12-23T15:50:33.141+0000] {dag.py:4180} INFO - Setting next_dagrun for example_local_kubernetes_executor to None, run_after=None
[2024-12-23T15:50:33.151+0000] {processor.py:208} INFO - Processing /home/airflow/.local/lib/python3.11/site-packages/airflow/example_dags/example_local_kubernetes_executor.py took 0.044 seconds
[2024-12-23T15:51:03.190+0000] {processor.py:186} INFO - Started process (PID=1093) to work on /home/airflow/.local/lib/python3.11/site-packages/airflow/example_dags/example_local_kubernetes_executor.py
[2024-12-23T15:51:03.190+0000] {processor.py:914} INFO - Processing file /home/airflow/.local/lib/python3.11/site-packages/airflow/example_dags/example_local_kubernetes_executor.py for tasks to queue
[2024-12-23T15:51:03.192+0000] {logging_mixin.py:190} INFO - [2024-12-23T15:51:03.192+0000] {dagbag.py:588} INFO - Filling up the DagBag from /home/airflow/.local/lib/python3.11/site-packages/airflow/example_dags/example_local_kubernetes_executor.py
[2024-12-23T15:51:03.198+0000] {processor.py:925} INFO - DAG(s) 'example_local_kubernetes_executor' retrieved from /home/airflow/.local/lib/python3.11/site-packages/airflow/example_dags/example_local_kubernetes_executor.py
[2024-12-23T15:51:03.214+0000] {logging_mixin.py:190} INFO - [2024-12-23T15:51:03.214+0000] {dag.py:3239} INFO - Sync 1 DAGs
[2024-12-23T15:51:03.220+0000] {logging_mixin.py:190} INFO - [2024-12-23T15:51:03.220+0000] {dag.py:4180} INFO - Setting next_dagrun for example_local_kubernetes_executor to None, run_after=None
[2024-12-23T15:51:03.229+0000] {processor.py:208} INFO - Processing /home/airflow/.local/lib/python3.11/site-packages/airflow/example_dags/example_local_kubernetes_executor.py took 0.042 seconds
[2024-12-23T15:51:33.984+0000] {processor.py:186} INFO - Started process (PID=1157) to work on /home/airflow/.local/lib/python3.11/site-packages/airflow/example_dags/example_local_kubernetes_executor.py
[2024-12-23T15:51:33.985+0000] {processor.py:914} INFO - Processing file /home/airflow/.local/lib/python3.11/site-packages/airflow/example_dags/example_local_kubernetes_executor.py for tasks to queue
[2024-12-23T15:51:33.986+0000] {logging_mixin.py:190} INFO - [2024-12-23T15:51:33.986+0000] {dagbag.py:588} INFO - Filling up the DagBag from /home/airflow/.local/lib/python3.11/site-packages/airflow/example_dags/example_local_kubernetes_executor.py
[2024-12-23T15:51:33.992+0000] {processor.py:925} INFO - DAG(s) 'example_local_kubernetes_executor' retrieved from /home/airflow/.local/lib/python3.11/site-packages/airflow/example_dags/example_local_kubernetes_executor.py
[2024-12-23T15:51:34.007+0000] {logging_mixin.py:190} INFO - [2024-12-23T15:51:34.007+0000] {dag.py:3239} INFO - Sync 1 DAGs
[2024-12-23T15:51:34.014+0000] {logging_mixin.py:190} INFO - [2024-12-23T15:51:34.014+0000] {dag.py:4180} INFO - Setting next_dagrun for example_local_kubernetes_executor to None, run_after=None
[2024-12-23T15:51:34.023+0000] {processor.py:208} INFO - Processing /home/airflow/.local/lib/python3.11/site-packages/airflow/example_dags/example_local_kubernetes_executor.py took 0.042 seconds
[2024-12-23T15:52:04.362+0000] {processor.py:186} INFO - Started process (PID=1221) to work on /home/airflow/.local/lib/python3.11/site-packages/airflow/example_dags/example_local_kubernetes_executor.py
[2024-12-23T15:52:04.362+0000] {processor.py:914} INFO - Processing file /home/airflow/.local/lib/python3.11/site-packages/airflow/example_dags/example_local_kubernetes_executor.py for tasks to queue
[2024-12-23T15:52:04.364+0000] {logging_mixin.py:190} INFO - [2024-12-23T15:52:04.364+0000] {dagbag.py:588} INFO - Filling up the DagBag from /home/airflow/.local/lib/python3.11/site-packages/airflow/example_dags/example_local_kubernetes_executor.py
[2024-12-23T15:52:04.369+0000] {processor.py:925} INFO - DAG(s) 'example_local_kubernetes_executor' retrieved from /home/airflow/.local/lib/python3.11/site-packages/airflow/example_dags/example_local_kubernetes_executor.py
[2024-12-23T15:52:04.384+0000] {logging_mixin.py:190} INFO - [2024-12-23T15:52:04.384+0000] {dag.py:3239} INFO - Sync 1 DAGs
[2024-12-23T15:52:04.391+0000] {logging_mixin.py:190} INFO - [2024-12-23T15:52:04.390+0000] {dag.py:4180} INFO - Setting next_dagrun for example_local_kubernetes_executor to None, run_after=None
[2024-12-23T15:52:04.399+0000] {processor.py:208} INFO - Processing /home/airflow/.local/lib/python3.11/site-packages/airflow/example_dags/example_local_kubernetes_executor.py took 0.041 seconds
[2024-12-23T15:52:34.793+0000] {processor.py:186} INFO - Started process (PID=1285) to work on /home/airflow/.local/lib/python3.11/site-packages/airflow/example_dags/example_local_kubernetes_executor.py
[2024-12-23T15:52:34.794+0000] {processor.py:914} INFO - Processing file /home/airflow/.local/lib/python3.11/site-packages/airflow/example_dags/example_local_kubernetes_executor.py for tasks to queue
[2024-12-23T15:52:34.795+0000] {logging_mixin.py:190} INFO - [2024-12-23T15:52:34.795+0000] {dagbag.py:588} INFO - Filling up the DagBag from /home/airflow/.local/lib/python3.11/site-packages/airflow/example_dags/example_local_kubernetes_executor.py
[2024-12-23T15:52:34.801+0000] {processor.py:925} INFO - DAG(s) 'example_local_kubernetes_executor' retrieved from /home/airflow/.local/lib/python3.11/site-packages/airflow/example_dags/example_local_kubernetes_executor.py
[2024-12-23T15:52:34.821+0000] {logging_mixin.py:190} INFO - [2024-12-23T15:52:34.820+0000] {dag.py:3239} INFO - Sync 1 DAGs
[2024-12-23T15:52:34.828+0000] {logging_mixin.py:190} INFO - [2024-12-23T15:52:34.828+0000] {dag.py:4180} INFO - Setting next_dagrun for example_local_kubernetes_executor to None, run_after=None
[2024-12-23T15:52:34.836+0000] {processor.py:208} INFO - Processing /home/airflow/.local/lib/python3.11/site-packages/airflow/example_dags/example_local_kubernetes_executor.py took 0.046 seconds
[2024-12-23T15:53:05.245+0000] {processor.py:186} INFO - Started process (PID=1349) to work on /home/airflow/.local/lib/python3.11/site-packages/airflow/example_dags/example_local_kubernetes_executor.py
[2024-12-23T15:53:05.246+0000] {processor.py:914} INFO - Processing file /home/airflow/.local/lib/python3.11/site-packages/airflow/example_dags/example_local_kubernetes_executor.py for tasks to queue
[2024-12-23T15:53:05.248+0000] {logging_mixin.py:190} INFO - [2024-12-23T15:53:05.247+0000] {dagbag.py:588} INFO - Filling up the DagBag from /home/airflow/.local/lib/python3.11/site-packages/airflow/example_dags/example_local_kubernetes_executor.py
[2024-12-23T15:53:05.254+0000] {processor.py:925} INFO - DAG(s) 'example_local_kubernetes_executor' retrieved from /home/airflow/.local/lib/python3.11/site-packages/airflow/example_dags/example_local_kubernetes_executor.py
[2024-12-23T15:53:05.271+0000] {logging_mixin.py:190} INFO - [2024-12-23T15:53:05.271+0000] {dag.py:3239} INFO - Sync 1 DAGs
[2024-12-23T15:53:05.279+0000] {logging_mixin.py:190} INFO - [2024-12-23T15:53:05.279+0000] {dag.py:4180} INFO - Setting next_dagrun for example_local_kubernetes_executor to None, run_after=None
[2024-12-23T15:53:05.288+0000] {processor.py:208} INFO - Processing /home/airflow/.local/lib/python3.11/site-packages/airflow/example_dags/example_local_kubernetes_executor.py took 0.047 seconds
[2024-12-23T15:53:35.770+0000] {processor.py:186} INFO - Started process (PID=1413) to work on /home/airflow/.local/lib/python3.11/site-packages/airflow/example_dags/example_local_kubernetes_executor.py
[2024-12-23T15:53:35.770+0000] {processor.py:914} INFO - Processing file /home/airflow/.local/lib/python3.11/site-packages/airflow/example_dags/example_local_kubernetes_executor.py for tasks to queue
[2024-12-23T15:53:35.772+0000] {logging_mixin.py:190} INFO - [2024-12-23T15:53:35.772+0000] {dagbag.py:588} INFO - Filling up the DagBag from /home/airflow/.local/lib/python3.11/site-packages/airflow/example_dags/example_local_kubernetes_executor.py
[2024-12-23T15:53:35.777+0000] {processor.py:925} INFO - DAG(s) 'example_local_kubernetes_executor' retrieved from /home/airflow/.local/lib/python3.11/site-packages/airflow/example_dags/example_local_kubernetes_executor.py
[2024-12-23T15:53:35.793+0000] {logging_mixin.py:190} INFO - [2024-12-23T15:53:35.793+0000] {dag.py:3239} INFO - Sync 1 DAGs
[2024-12-23T15:53:35.800+0000] {logging_mixin.py:190} INFO - [2024-12-23T15:53:35.800+0000] {dag.py:4180} INFO - Setting next_dagrun for example_local_kubernetes_executor to None, run_after=None
[2024-12-23T15:53:35.808+0000] {processor.py:208} INFO - Processing /home/airflow/.local/lib/python3.11/site-packages/airflow/example_dags/example_local_kubernetes_executor.py took 0.042 seconds
[2024-12-23T15:54:06.297+0000] {processor.py:186} INFO - Started process (PID=1477) to work on /home/airflow/.local/lib/python3.11/site-packages/airflow/example_dags/example_local_kubernetes_executor.py
[2024-12-23T15:54:06.298+0000] {processor.py:914} INFO - Processing file /home/airflow/.local/lib/python3.11/site-packages/airflow/example_dags/example_local_kubernetes_executor.py for tasks to queue
[2024-12-23T15:54:06.299+0000] {logging_mixin.py:190} INFO - [2024-12-23T15:54:06.299+0000] {dagbag.py:588} INFO - Filling up the DagBag from /home/airflow/.local/lib/python3.11/site-packages/airflow/example_dags/example_local_kubernetes_executor.py
[2024-12-23T15:54:06.305+0000] {processor.py:925} INFO - DAG(s) 'example_local_kubernetes_executor' retrieved from /home/airflow/.local/lib/python3.11/site-packages/airflow/example_dags/example_local_kubernetes_executor.py
[2024-12-23T15:54:06.320+0000] {logging_mixin.py:190} INFO - [2024-12-23T15:54:06.320+0000] {dag.py:3239} INFO - Sync 1 DAGs
[2024-12-23T15:54:06.327+0000] {logging_mixin.py:190} INFO - [2024-12-23T15:54:06.327+0000] {dag.py:4180} INFO - Setting next_dagrun for example_local_kubernetes_executor to None, run_after=None
[2024-12-23T15:54:06.340+0000] {processor.py:208} INFO - Processing /home/airflow/.local/lib/python3.11/site-packages/airflow/example_dags/example_local_kubernetes_executor.py took 0.046 seconds
[2024-12-23T15:54:36.849+0000] {processor.py:186} INFO - Started process (PID=1541) to work on /home/airflow/.local/lib/python3.11/site-packages/airflow/example_dags/example_local_kubernetes_executor.py
[2024-12-23T15:54:36.850+0000] {processor.py:914} INFO - Processing file /home/airflow/.local/lib/python3.11/site-packages/airflow/example_dags/example_local_kubernetes_executor.py for tasks to queue
[2024-12-23T15:54:36.851+0000] {logging_mixin.py:190} INFO - [2024-12-23T15:54:36.851+0000] {dagbag.py:588} INFO - Filling up the DagBag from /home/airflow/.local/lib/python3.11/site-packages/airflow/example_dags/example_local_kubernetes_executor.py
[2024-12-23T15:54:36.857+0000] {processor.py:925} INFO - DAG(s) 'example_local_kubernetes_executor' retrieved from /home/airflow/.local/lib/python3.11/site-packages/airflow/example_dags/example_local_kubernetes_executor.py
[2024-12-23T15:54:36.873+0000] {logging_mixin.py:190} INFO - [2024-12-23T15:54:36.873+0000] {dag.py:3239} INFO - Sync 1 DAGs
[2024-12-23T15:54:36.879+0000] {logging_mixin.py:190} INFO - [2024-12-23T15:54:36.879+0000] {dag.py:4180} INFO - Setting next_dagrun for example_local_kubernetes_executor to None, run_after=None
[2024-12-23T15:54:36.887+0000] {processor.py:208} INFO - Processing /home/airflow/.local/lib/python3.11/site-packages/airflow/example_dags/example_local_kubernetes_executor.py took 0.041 seconds
[2024-12-23T15:55:07.251+0000] {processor.py:186} INFO - Started process (PID=1605) to work on /home/airflow/.local/lib/python3.11/site-packages/airflow/example_dags/example_local_kubernetes_executor.py
[2024-12-23T15:55:07.251+0000] {processor.py:914} INFO - Processing file /home/airflow/.local/lib/python3.11/site-packages/airflow/example_dags/example_local_kubernetes_executor.py for tasks to queue
[2024-12-23T15:55:07.253+0000] {logging_mixin.py:190} INFO - [2024-12-23T15:55:07.253+0000] {dagbag.py:588} INFO - Filling up the DagBag from /home/airflow/.local/lib/python3.11/site-packages/airflow/example_dags/example_local_kubernetes_executor.py
[2024-12-23T15:55:07.258+0000] {processor.py:925} INFO - DAG(s) 'example_local_kubernetes_executor' retrieved from /home/airflow/.local/lib/python3.11/site-packages/airflow/example_dags/example_local_kubernetes_executor.py
[2024-12-23T15:55:07.273+0000] {logging_mixin.py:190} INFO - [2024-12-23T15:55:07.272+0000] {dag.py:3239} INFO - Sync 1 DAGs
[2024-12-23T15:55:07.279+0000] {logging_mixin.py:190} INFO - [2024-12-23T15:55:07.279+0000] {dag.py:4180} INFO - Setting next_dagrun for example_local_kubernetes_executor to None, run_after=None
[2024-12-23T15:55:07.287+0000] {processor.py:208} INFO - Processing /home/airflow/.local/lib/python3.11/site-packages/airflow/example_dags/example_local_kubernetes_executor.py took 0.040 seconds
[2024-12-23T16:14:27.699+0000] {processor.py:186} INFO - Started process (PID=1663) to work on /home/airflow/.local/lib/python3.11/site-packages/airflow/example_dags/example_local_kubernetes_executor.py
[2024-12-23T16:14:27.700+0000] {processor.py:914} INFO - Processing file /home/airflow/.local/lib/python3.11/site-packages/airflow/example_dags/example_local_kubernetes_executor.py for tasks to queue
[2024-12-23T16:14:27.702+0000] {logging_mixin.py:190} INFO - [2024-12-23T16:14:27.702+0000] {dagbag.py:588} INFO - Filling up the DagBag from /home/airflow/.local/lib/python3.11/site-packages/airflow/example_dags/example_local_kubernetes_executor.py
[2024-12-23T16:14:27.709+0000] {processor.py:925} INFO - DAG(s) 'example_local_kubernetes_executor' retrieved from /home/airflow/.local/lib/python3.11/site-packages/airflow/example_dags/example_local_kubernetes_executor.py
[2024-12-23T16:14:27.729+0000] {logging_mixin.py:190} INFO - [2024-12-23T16:14:27.729+0000] {dag.py:3239} INFO - Sync 1 DAGs
[2024-12-23T16:14:27.737+0000] {logging_mixin.py:190} INFO - [2024-12-23T16:14:27.737+0000] {dag.py:4180} INFO - Setting next_dagrun for example_local_kubernetes_executor to None, run_after=None
[2024-12-23T16:14:27.747+0000] {processor.py:208} INFO - Processing /home/airflow/.local/lib/python3.11/site-packages/airflow/example_dags/example_local_kubernetes_executor.py took 0.051 seconds
