[2024-12-23T15:36:16.691+0000] {processor.py:186} INFO - Started process (PID=89) to work on /home/airflow/.local/lib/python3.11/site-packages/airflow/example_dags/example_inlet_event_extra.py
[2024-12-23T15:36:16.693+0000] {processor.py:914} INFO - Processing file /home/airflow/.local/lib/python3.11/site-packages/airflow/example_dags/example_inlet_event_extra.py for tasks to queue
[2024-12-23T15:36:16.697+0000] {logging_mixin.py:190} INFO - [2024-12-23T15:36:16.697+0000] {dagbag.py:588} INFO - Filling up the DagBag from /home/airflow/.local/lib/python3.11/site-packages/airflow/example_dags/example_inlet_event_extra.py
[2024-12-23T15:36:17.916+0000] {processor.py:925} INFO - DAG(s) 'read_dataset_event_from_classic', 'read_dataset_event' retrieved from /home/airflow/.local/lib/python3.11/site-packages/airflow/example_dags/example_inlet_event_extra.py
[2024-12-23T15:36:17.956+0000] {logging_mixin.py:190} INFO - [2024-12-23T15:36:17.955+0000] {dag.py:3239} INFO - Sync 2 DAGs
[2024-12-23T15:36:18.010+0000] {logging_mixin.py:190} INFO - [2024-12-23T15:36:18.009+0000] {dag.py:4180} INFO - Setting next_dagrun for read_dataset_event to 2024-12-22 00:00:00+00:00, run_after=2024-12-23 00:00:00+00:00
[2024-12-23T15:36:18.014+0000] {logging_mixin.py:190} INFO - [2024-12-23T15:36:18.013+0000] {dag.py:4180} INFO - Setting next_dagrun for read_dataset_event_from_classic to 2024-12-22 00:00:00+00:00, run_after=2024-12-23 00:00:00+00:00
[2024-12-23T15:36:18.061+0000] {processor.py:208} INFO - Processing /home/airflow/.local/lib/python3.11/site-packages/airflow/example_dags/example_inlet_event_extra.py took 1.391 seconds
[2024-12-23T15:36:48.835+0000] {processor.py:186} INFO - Started process (PID=153) to work on /home/airflow/.local/lib/python3.11/site-packages/airflow/example_dags/example_inlet_event_extra.py
[2024-12-23T15:36:48.836+0000] {processor.py:914} INFO - Processing file /home/airflow/.local/lib/python3.11/site-packages/airflow/example_dags/example_inlet_event_extra.py for tasks to queue
[2024-12-23T15:36:48.839+0000] {logging_mixin.py:190} INFO - [2024-12-23T15:36:48.839+0000] {dagbag.py:588} INFO - Filling up the DagBag from /home/airflow/.local/lib/python3.11/site-packages/airflow/example_dags/example_inlet_event_extra.py
[2024-12-23T15:36:49.143+0000] {processor.py:925} INFO - DAG(s) 'read_dataset_event_from_classic', 'read_dataset_event' retrieved from /home/airflow/.local/lib/python3.11/site-packages/airflow/example_dags/example_inlet_event_extra.py
[2024-12-23T15:36:49.155+0000] {logging_mixin.py:190} INFO - [2024-12-23T15:36:49.155+0000] {dag.py:3239} INFO - Sync 2 DAGs
[2024-12-23T15:36:49.172+0000] {logging_mixin.py:190} INFO - [2024-12-23T15:36:49.171+0000] {dag.py:4180} INFO - Setting next_dagrun for read_dataset_event to 2024-12-22 00:00:00+00:00, run_after=2024-12-23 00:00:00+00:00
[2024-12-23T15:36:49.175+0000] {logging_mixin.py:190} INFO - [2024-12-23T15:36:49.175+0000] {dag.py:4180} INFO - Setting next_dagrun for read_dataset_event_from_classic to 2024-12-22 00:00:00+00:00, run_after=2024-12-23 00:00:00+00:00
[2024-12-23T15:36:49.187+0000] {processor.py:208} INFO - Processing /home/airflow/.local/lib/python3.11/site-packages/airflow/example_dags/example_inlet_event_extra.py took 0.361 seconds
[2024-12-23T15:37:19.607+0000] {processor.py:186} INFO - Started process (PID=218) to work on /home/airflow/.local/lib/python3.11/site-packages/airflow/example_dags/example_inlet_event_extra.py
[2024-12-23T15:37:19.609+0000] {processor.py:914} INFO - Processing file /home/airflow/.local/lib/python3.11/site-packages/airflow/example_dags/example_inlet_event_extra.py for tasks to queue
[2024-12-23T15:37:19.614+0000] {logging_mixin.py:190} INFO - [2024-12-23T15:37:19.612+0000] {dagbag.py:588} INFO - Filling up the DagBag from /home/airflow/.local/lib/python3.11/site-packages/airflow/example_dags/example_inlet_event_extra.py
[2024-12-23T15:37:20.073+0000] {processor.py:925} INFO - DAG(s) 'read_dataset_event', 'read_dataset_event_from_classic' retrieved from /home/airflow/.local/lib/python3.11/site-packages/airflow/example_dags/example_inlet_event_extra.py
[2024-12-23T15:37:20.125+0000] {logging_mixin.py:190} INFO - [2024-12-23T15:37:20.125+0000] {dag.py:3239} INFO - Sync 2 DAGs
[2024-12-23T15:37:20.156+0000] {logging_mixin.py:190} INFO - [2024-12-23T15:37:20.156+0000] {dag.py:4180} INFO - Setting next_dagrun for read_dataset_event to 2024-12-22 00:00:00+00:00, run_after=2024-12-23 00:00:00+00:00
[2024-12-23T15:37:20.160+0000] {logging_mixin.py:190} INFO - [2024-12-23T15:37:20.160+0000] {dag.py:4180} INFO - Setting next_dagrun for read_dataset_event_from_classic to 2024-12-22 00:00:00+00:00, run_after=2024-12-23 00:00:00+00:00
[2024-12-23T15:37:20.172+0000] {processor.py:208} INFO - Processing /home/airflow/.local/lib/python3.11/site-packages/airflow/example_dags/example_inlet_event_extra.py took 0.575 seconds
[2024-12-23T15:37:50.308+0000] {processor.py:186} INFO - Started process (PID=280) to work on /home/airflow/.local/lib/python3.11/site-packages/airflow/example_dags/example_inlet_event_extra.py
[2024-12-23T15:37:50.310+0000] {processor.py:914} INFO - Processing file /home/airflow/.local/lib/python3.11/site-packages/airflow/example_dags/example_inlet_event_extra.py for tasks to queue
[2024-12-23T15:37:50.316+0000] {logging_mixin.py:190} INFO - [2024-12-23T15:37:50.315+0000] {dagbag.py:588} INFO - Filling up the DagBag from /home/airflow/.local/lib/python3.11/site-packages/airflow/example_dags/example_inlet_event_extra.py
[2024-12-23T15:37:50.714+0000] {processor.py:925} INFO - DAG(s) 'read_dataset_event_from_classic', 'read_dataset_event' retrieved from /home/airflow/.local/lib/python3.11/site-packages/airflow/example_dags/example_inlet_event_extra.py
[2024-12-23T15:37:50.727+0000] {logging_mixin.py:190} INFO - [2024-12-23T15:37:50.727+0000] {dag.py:3239} INFO - Sync 2 DAGs
[2024-12-23T15:37:50.741+0000] {logging_mixin.py:190} INFO - [2024-12-23T15:37:50.741+0000] {dag.py:4180} INFO - Setting next_dagrun for read_dataset_event to 2024-12-22 00:00:00+00:00, run_after=2024-12-23 00:00:00+00:00
[2024-12-23T15:37:50.743+0000] {logging_mixin.py:190} INFO - [2024-12-23T15:37:50.743+0000] {dag.py:4180} INFO - Setting next_dagrun for read_dataset_event_from_classic to 2024-12-22 00:00:00+00:00, run_after=2024-12-23 00:00:00+00:00
[2024-12-23T15:37:50.752+0000] {processor.py:208} INFO - Processing /home/airflow/.local/lib/python3.11/site-packages/airflow/example_dags/example_inlet_event_extra.py took 0.471 seconds
[2024-12-23T15:38:21.398+0000] {processor.py:186} INFO - Started process (PID=344) to work on /home/airflow/.local/lib/python3.11/site-packages/airflow/example_dags/example_inlet_event_extra.py
[2024-12-23T15:38:21.403+0000] {processor.py:914} INFO - Processing file /home/airflow/.local/lib/python3.11/site-packages/airflow/example_dags/example_inlet_event_extra.py for tasks to queue
[2024-12-23T15:38:21.419+0000] {logging_mixin.py:190} INFO - [2024-12-23T15:38:21.418+0000] {dagbag.py:588} INFO - Filling up the DagBag from /home/airflow/.local/lib/python3.11/site-packages/airflow/example_dags/example_inlet_event_extra.py
[2024-12-23T15:38:21.550+0000] {processor.py:925} INFO - DAG(s) 'read_dataset_event', 'read_dataset_event_from_classic' retrieved from /home/airflow/.local/lib/python3.11/site-packages/airflow/example_dags/example_inlet_event_extra.py
[2024-12-23T15:38:21.562+0000] {logging_mixin.py:190} INFO - [2024-12-23T15:38:21.562+0000] {dag.py:3239} INFO - Sync 2 DAGs
[2024-12-23T15:38:21.583+0000] {logging_mixin.py:190} INFO - [2024-12-23T15:38:21.583+0000] {dag.py:4180} INFO - Setting next_dagrun for read_dataset_event to 2024-12-22 00:00:00+00:00, run_after=2024-12-23 00:00:00+00:00
[2024-12-23T15:38:21.586+0000] {logging_mixin.py:190} INFO - [2024-12-23T15:38:21.586+0000] {dag.py:4180} INFO - Setting next_dagrun for read_dataset_event_from_classic to 2024-12-22 00:00:00+00:00, run_after=2024-12-23 00:00:00+00:00
[2024-12-23T15:38:21.595+0000] {processor.py:208} INFO - Processing /home/airflow/.local/lib/python3.11/site-packages/airflow/example_dags/example_inlet_event_extra.py took 0.214 seconds
[2024-12-23T15:38:52.350+0000] {processor.py:186} INFO - Started process (PID=408) to work on /home/airflow/.local/lib/python3.11/site-packages/airflow/example_dags/example_inlet_event_extra.py
[2024-12-23T15:38:52.352+0000] {processor.py:914} INFO - Processing file /home/airflow/.local/lib/python3.11/site-packages/airflow/example_dags/example_inlet_event_extra.py for tasks to queue
[2024-12-23T15:38:52.356+0000] {logging_mixin.py:190} INFO - [2024-12-23T15:38:52.356+0000] {dagbag.py:588} INFO - Filling up the DagBag from /home/airflow/.local/lib/python3.11/site-packages/airflow/example_dags/example_inlet_event_extra.py
[2024-12-23T15:38:52.488+0000] {processor.py:925} INFO - DAG(s) 'read_dataset_event_from_classic', 'read_dataset_event' retrieved from /home/airflow/.local/lib/python3.11/site-packages/airflow/example_dags/example_inlet_event_extra.py
[2024-12-23T15:38:52.508+0000] {logging_mixin.py:190} INFO - [2024-12-23T15:38:52.507+0000] {dag.py:3239} INFO - Sync 2 DAGs
[2024-12-23T15:38:52.526+0000] {logging_mixin.py:190} INFO - [2024-12-23T15:38:52.526+0000] {dag.py:4180} INFO - Setting next_dagrun for read_dataset_event to 2024-12-22 00:00:00+00:00, run_after=2024-12-23 00:00:00+00:00
[2024-12-23T15:38:52.530+0000] {logging_mixin.py:190} INFO - [2024-12-23T15:38:52.529+0000] {dag.py:4180} INFO - Setting next_dagrun for read_dataset_event_from_classic to 2024-12-22 00:00:00+00:00, run_after=2024-12-23 00:00:00+00:00
[2024-12-23T15:38:52.540+0000] {processor.py:208} INFO - Processing /home/airflow/.local/lib/python3.11/site-packages/airflow/example_dags/example_inlet_event_extra.py took 0.199 seconds
[2024-12-23T15:39:23.216+0000] {processor.py:186} INFO - Started process (PID=472) to work on /home/airflow/.local/lib/python3.11/site-packages/airflow/example_dags/example_inlet_event_extra.py
[2024-12-23T15:39:23.219+0000] {processor.py:914} INFO - Processing file /home/airflow/.local/lib/python3.11/site-packages/airflow/example_dags/example_inlet_event_extra.py for tasks to queue
[2024-12-23T15:39:23.223+0000] {logging_mixin.py:190} INFO - [2024-12-23T15:39:23.223+0000] {dagbag.py:588} INFO - Filling up the DagBag from /home/airflow/.local/lib/python3.11/site-packages/airflow/example_dags/example_inlet_event_extra.py
[2024-12-23T15:39:23.343+0000] {processor.py:925} INFO - DAG(s) 'read_dataset_event', 'read_dataset_event_from_classic' retrieved from /home/airflow/.local/lib/python3.11/site-packages/airflow/example_dags/example_inlet_event_extra.py
[2024-12-23T15:39:23.356+0000] {logging_mixin.py:190} INFO - [2024-12-23T15:39:23.356+0000] {dag.py:3239} INFO - Sync 2 DAGs
[2024-12-23T15:39:23.370+0000] {logging_mixin.py:190} INFO - [2024-12-23T15:39:23.370+0000] {dag.py:4180} INFO - Setting next_dagrun for read_dataset_event to 2024-12-22 00:00:00+00:00, run_after=2024-12-23 00:00:00+00:00
[2024-12-23T15:39:23.372+0000] {logging_mixin.py:190} INFO - [2024-12-23T15:39:23.372+0000] {dag.py:4180} INFO - Setting next_dagrun for read_dataset_event_from_classic to 2024-12-22 00:00:00+00:00, run_after=2024-12-23 00:00:00+00:00
[2024-12-23T15:39:23.381+0000] {processor.py:208} INFO - Processing /home/airflow/.local/lib/python3.11/site-packages/airflow/example_dags/example_inlet_event_extra.py took 0.180 seconds
[2024-12-23T15:39:54.031+0000] {processor.py:186} INFO - Started process (PID=536) to work on /home/airflow/.local/lib/python3.11/site-packages/airflow/example_dags/example_inlet_event_extra.py
[2024-12-23T15:39:54.033+0000] {processor.py:914} INFO - Processing file /home/airflow/.local/lib/python3.11/site-packages/airflow/example_dags/example_inlet_event_extra.py for tasks to queue
[2024-12-23T15:39:54.037+0000] {logging_mixin.py:190} INFO - [2024-12-23T15:39:54.036+0000] {dagbag.py:588} INFO - Filling up the DagBag from /home/airflow/.local/lib/python3.11/site-packages/airflow/example_dags/example_inlet_event_extra.py
[2024-12-23T15:39:54.157+0000] {processor.py:925} INFO - DAG(s) 'read_dataset_event', 'read_dataset_event_from_classic' retrieved from /home/airflow/.local/lib/python3.11/site-packages/airflow/example_dags/example_inlet_event_extra.py
[2024-12-23T15:39:54.174+0000] {logging_mixin.py:190} INFO - [2024-12-23T15:39:54.174+0000] {dag.py:3239} INFO - Sync 2 DAGs
[2024-12-23T15:39:54.191+0000] {logging_mixin.py:190} INFO - [2024-12-23T15:39:54.191+0000] {dag.py:4180} INFO - Setting next_dagrun for read_dataset_event to 2024-12-22 00:00:00+00:00, run_after=2024-12-23 00:00:00+00:00
[2024-12-23T15:39:54.194+0000] {logging_mixin.py:190} INFO - [2024-12-23T15:39:54.194+0000] {dag.py:4180} INFO - Setting next_dagrun for read_dataset_event_from_classic to 2024-12-22 00:00:00+00:00, run_after=2024-12-23 00:00:00+00:00
[2024-12-23T15:39:54.202+0000] {processor.py:208} INFO - Processing /home/airflow/.local/lib/python3.11/site-packages/airflow/example_dags/example_inlet_event_extra.py took 0.180 seconds
[2024-12-23T15:40:24.520+0000] {processor.py:186} INFO - Started process (PID=600) to work on /home/airflow/.local/lib/python3.11/site-packages/airflow/example_dags/example_inlet_event_extra.py
[2024-12-23T15:40:24.528+0000] {processor.py:914} INFO - Processing file /home/airflow/.local/lib/python3.11/site-packages/airflow/example_dags/example_inlet_event_extra.py for tasks to queue
[2024-12-23T15:40:24.543+0000] {logging_mixin.py:190} INFO - [2024-12-23T15:40:24.542+0000] {dagbag.py:588} INFO - Filling up the DagBag from /home/airflow/.local/lib/python3.11/site-packages/airflow/example_dags/example_inlet_event_extra.py
[2024-12-23T15:40:24.739+0000] {processor.py:925} INFO - DAG(s) 'read_dataset_event_from_classic', 'read_dataset_event' retrieved from /home/airflow/.local/lib/python3.11/site-packages/airflow/example_dags/example_inlet_event_extra.py
[2024-12-23T15:40:24.758+0000] {logging_mixin.py:190} INFO - [2024-12-23T15:40:24.758+0000] {dag.py:3239} INFO - Sync 2 DAGs
[2024-12-23T15:40:24.780+0000] {logging_mixin.py:190} INFO - [2024-12-23T15:40:24.780+0000] {dag.py:4180} INFO - Setting next_dagrun for read_dataset_event to 2024-12-22 00:00:00+00:00, run_after=2024-12-23 00:00:00+00:00
[2024-12-23T15:40:24.783+0000] {logging_mixin.py:190} INFO - [2024-12-23T15:40:24.783+0000] {dag.py:4180} INFO - Setting next_dagrun for read_dataset_event_from_classic to 2024-12-22 00:00:00+00:00, run_after=2024-12-23 00:00:00+00:00
[2024-12-23T15:40:24.794+0000] {processor.py:208} INFO - Processing /home/airflow/.local/lib/python3.11/site-packages/airflow/example_dags/example_inlet_event_extra.py took 0.301 seconds
[2024-12-23T15:40:55.204+0000] {processor.py:186} INFO - Started process (PID=664) to work on /home/airflow/.local/lib/python3.11/site-packages/airflow/example_dags/example_inlet_event_extra.py
[2024-12-23T15:40:55.209+0000] {processor.py:914} INFO - Processing file /home/airflow/.local/lib/python3.11/site-packages/airflow/example_dags/example_inlet_event_extra.py for tasks to queue
[2024-12-23T15:40:55.213+0000] {logging_mixin.py:190} INFO - [2024-12-23T15:40:55.213+0000] {dagbag.py:588} INFO - Filling up the DagBag from /home/airflow/.local/lib/python3.11/site-packages/airflow/example_dags/example_inlet_event_extra.py
[2024-12-23T15:40:55.388+0000] {processor.py:925} INFO - DAG(s) 'read_dataset_event', 'read_dataset_event_from_classic' retrieved from /home/airflow/.local/lib/python3.11/site-packages/airflow/example_dags/example_inlet_event_extra.py
[2024-12-23T15:40:55.401+0000] {logging_mixin.py:190} INFO - [2024-12-23T15:40:55.401+0000] {dag.py:3239} INFO - Sync 2 DAGs
[2024-12-23T15:40:55.414+0000] {logging_mixin.py:190} INFO - [2024-12-23T15:40:55.414+0000] {dag.py:4180} INFO - Setting next_dagrun for read_dataset_event to 2024-12-22 00:00:00+00:00, run_after=2024-12-23 00:00:00+00:00
[2024-12-23T15:40:55.417+0000] {logging_mixin.py:190} INFO - [2024-12-23T15:40:55.417+0000] {dag.py:4180} INFO - Setting next_dagrun for read_dataset_event_from_classic to 2024-12-22 00:00:00+00:00, run_after=2024-12-23 00:00:00+00:00
[2024-12-23T15:40:55.424+0000] {processor.py:208} INFO - Processing /home/airflow/.local/lib/python3.11/site-packages/airflow/example_dags/example_inlet_event_extra.py took 0.235 seconds
[2024-12-23T15:41:26.417+0000] {processor.py:186} INFO - Started process (PID=728) to work on /home/airflow/.local/lib/python3.11/site-packages/airflow/example_dags/example_inlet_event_extra.py
[2024-12-23T15:41:26.421+0000] {processor.py:914} INFO - Processing file /home/airflow/.local/lib/python3.11/site-packages/airflow/example_dags/example_inlet_event_extra.py for tasks to queue
[2024-12-23T15:41:26.426+0000] {logging_mixin.py:190} INFO - [2024-12-23T15:41:26.425+0000] {dagbag.py:588} INFO - Filling up the DagBag from /home/airflow/.local/lib/python3.11/site-packages/airflow/example_dags/example_inlet_event_extra.py
[2024-12-23T15:41:26.578+0000] {processor.py:925} INFO - DAG(s) 'read_dataset_event_from_classic', 'read_dataset_event' retrieved from /home/airflow/.local/lib/python3.11/site-packages/airflow/example_dags/example_inlet_event_extra.py
[2024-12-23T15:41:26.593+0000] {logging_mixin.py:190} INFO - [2024-12-23T15:41:26.593+0000] {dag.py:3239} INFO - Sync 2 DAGs
[2024-12-23T15:41:26.607+0000] {logging_mixin.py:190} INFO - [2024-12-23T15:41:26.607+0000] {dag.py:4180} INFO - Setting next_dagrun for read_dataset_event to 2024-12-22 00:00:00+00:00, run_after=2024-12-23 00:00:00+00:00
[2024-12-23T15:41:26.610+0000] {logging_mixin.py:190} INFO - [2024-12-23T15:41:26.610+0000] {dag.py:4180} INFO - Setting next_dagrun for read_dataset_event_from_classic to 2024-12-22 00:00:00+00:00, run_after=2024-12-23 00:00:00+00:00
[2024-12-23T15:41:26.618+0000] {processor.py:208} INFO - Processing /home/airflow/.local/lib/python3.11/site-packages/airflow/example_dags/example_inlet_event_extra.py took 0.225 seconds
[2024-12-23T15:41:57.450+0000] {processor.py:186} INFO - Started process (PID=792) to work on /home/airflow/.local/lib/python3.11/site-packages/airflow/example_dags/example_inlet_event_extra.py
[2024-12-23T15:41:57.452+0000] {processor.py:914} INFO - Processing file /home/airflow/.local/lib/python3.11/site-packages/airflow/example_dags/example_inlet_event_extra.py for tasks to queue
[2024-12-23T15:41:57.466+0000] {logging_mixin.py:190} INFO - [2024-12-23T15:41:57.466+0000] {dagbag.py:588} INFO - Filling up the DagBag from /home/airflow/.local/lib/python3.11/site-packages/airflow/example_dags/example_inlet_event_extra.py
[2024-12-23T15:41:57.586+0000] {processor.py:925} INFO - DAG(s) 'read_dataset_event', 'read_dataset_event_from_classic' retrieved from /home/airflow/.local/lib/python3.11/site-packages/airflow/example_dags/example_inlet_event_extra.py
[2024-12-23T15:41:57.608+0000] {logging_mixin.py:190} INFO - [2024-12-23T15:41:57.608+0000] {dag.py:3239} INFO - Sync 2 DAGs
[2024-12-23T15:41:57.620+0000] {logging_mixin.py:190} INFO - [2024-12-23T15:41:57.620+0000] {dag.py:4180} INFO - Setting next_dagrun for read_dataset_event to 2024-12-22 00:00:00+00:00, run_after=2024-12-23 00:00:00+00:00
[2024-12-23T15:41:57.623+0000] {logging_mixin.py:190} INFO - [2024-12-23T15:41:57.623+0000] {dag.py:4180} INFO - Setting next_dagrun for read_dataset_event_from_classic to 2024-12-22 00:00:00+00:00, run_after=2024-12-23 00:00:00+00:00
[2024-12-23T15:41:57.630+0000] {processor.py:208} INFO - Processing /home/airflow/.local/lib/python3.11/site-packages/airflow/example_dags/example_inlet_event_extra.py took 0.193 seconds
[2024-12-23T15:42:28.237+0000] {processor.py:186} INFO - Started process (PID=856) to work on /home/airflow/.local/lib/python3.11/site-packages/airflow/example_dags/example_inlet_event_extra.py
[2024-12-23T15:42:28.239+0000] {processor.py:914} INFO - Processing file /home/airflow/.local/lib/python3.11/site-packages/airflow/example_dags/example_inlet_event_extra.py for tasks to queue
[2024-12-23T15:42:28.242+0000] {logging_mixin.py:190} INFO - [2024-12-23T15:42:28.242+0000] {dagbag.py:588} INFO - Filling up the DagBag from /home/airflow/.local/lib/python3.11/site-packages/airflow/example_dags/example_inlet_event_extra.py
[2024-12-23T15:42:28.357+0000] {processor.py:925} INFO - DAG(s) 'read_dataset_event_from_classic', 'read_dataset_event' retrieved from /home/airflow/.local/lib/python3.11/site-packages/airflow/example_dags/example_inlet_event_extra.py
[2024-12-23T15:42:28.372+0000] {logging_mixin.py:190} INFO - [2024-12-23T15:42:28.371+0000] {dag.py:3239} INFO - Sync 2 DAGs
[2024-12-23T15:42:28.385+0000] {logging_mixin.py:190} INFO - [2024-12-23T15:42:28.385+0000] {dag.py:4180} INFO - Setting next_dagrun for read_dataset_event to 2024-12-22 00:00:00+00:00, run_after=2024-12-23 00:00:00+00:00
[2024-12-23T15:42:28.387+0000] {logging_mixin.py:190} INFO - [2024-12-23T15:42:28.387+0000] {dag.py:4180} INFO - Setting next_dagrun for read_dataset_event_from_classic to 2024-12-22 00:00:00+00:00, run_after=2024-12-23 00:00:00+00:00
[2024-12-23T15:42:28.395+0000] {processor.py:208} INFO - Processing /home/airflow/.local/lib/python3.11/site-packages/airflow/example_dags/example_inlet_event_extra.py took 0.175 seconds
[2024-12-23T15:49:33.362+0000] {processor.py:186} INFO - Started process (PID=920) to work on /home/airflow/.local/lib/python3.11/site-packages/airflow/example_dags/example_inlet_event_extra.py
[2024-12-23T15:49:33.363+0000] {processor.py:914} INFO - Processing file /home/airflow/.local/lib/python3.11/site-packages/airflow/example_dags/example_inlet_event_extra.py for tasks to queue
[2024-12-23T15:49:33.365+0000] {logging_mixin.py:190} INFO - [2024-12-23T15:49:33.365+0000] {dagbag.py:588} INFO - Filling up the DagBag from /home/airflow/.local/lib/python3.11/site-packages/airflow/example_dags/example_inlet_event_extra.py
[2024-12-23T15:49:33.611+0000] {processor.py:925} INFO - DAG(s) 'read_dataset_event', 'read_dataset_event_from_classic' retrieved from /home/airflow/.local/lib/python3.11/site-packages/airflow/example_dags/example_inlet_event_extra.py
[2024-12-23T15:49:33.636+0000] {logging_mixin.py:190} INFO - [2024-12-23T15:49:33.635+0000] {dag.py:3239} INFO - Sync 2 DAGs
[2024-12-23T15:49:33.675+0000] {logging_mixin.py:190} INFO - [2024-12-23T15:49:33.675+0000] {dag.py:4180} INFO - Setting next_dagrun for read_dataset_event to 2024-12-22 00:00:00+00:00, run_after=2024-12-23 00:00:00+00:00
[2024-12-23T15:49:33.679+0000] {logging_mixin.py:190} INFO - [2024-12-23T15:49:33.679+0000] {dag.py:4180} INFO - Setting next_dagrun for read_dataset_event_from_classic to 2024-12-22 00:00:00+00:00, run_after=2024-12-23 00:00:00+00:00
[2024-12-23T15:49:33.702+0000] {processor.py:208} INFO - Processing /home/airflow/.local/lib/python3.11/site-packages/airflow/example_dags/example_inlet_event_extra.py took 0.345 seconds
[2024-12-23T15:50:04.567+0000] {processor.py:186} INFO - Started process (PID=984) to work on /home/airflow/.local/lib/python3.11/site-packages/airflow/example_dags/example_inlet_event_extra.py
[2024-12-23T15:50:04.571+0000] {processor.py:914} INFO - Processing file /home/airflow/.local/lib/python3.11/site-packages/airflow/example_dags/example_inlet_event_extra.py for tasks to queue
[2024-12-23T15:50:04.577+0000] {logging_mixin.py:190} INFO - [2024-12-23T15:50:04.576+0000] {dagbag.py:588} INFO - Filling up the DagBag from /home/airflow/.local/lib/python3.11/site-packages/airflow/example_dags/example_inlet_event_extra.py
[2024-12-23T15:50:04.716+0000] {processor.py:925} INFO - DAG(s) 'read_dataset_event_from_classic', 'read_dataset_event' retrieved from /home/airflow/.local/lib/python3.11/site-packages/airflow/example_dags/example_inlet_event_extra.py
[2024-12-23T15:50:04.729+0000] {logging_mixin.py:190} INFO - [2024-12-23T15:50:04.729+0000] {dag.py:3239} INFO - Sync 2 DAGs
[2024-12-23T15:50:04.751+0000] {logging_mixin.py:190} INFO - [2024-12-23T15:50:04.751+0000] {dag.py:4180} INFO - Setting next_dagrun for read_dataset_event to 2024-12-22 00:00:00+00:00, run_after=2024-12-23 00:00:00+00:00
[2024-12-23T15:50:04.755+0000] {logging_mixin.py:190} INFO - [2024-12-23T15:50:04.755+0000] {dag.py:4180} INFO - Setting next_dagrun for read_dataset_event_from_classic to 2024-12-22 00:00:00+00:00, run_after=2024-12-23 00:00:00+00:00
[2024-12-23T15:50:04.763+0000] {processor.py:208} INFO - Processing /home/airflow/.local/lib/python3.11/site-packages/airflow/example_dags/example_inlet_event_extra.py took 0.214 seconds
[2024-12-23T15:50:34.969+0000] {processor.py:186} INFO - Started process (PID=1048) to work on /home/airflow/.local/lib/python3.11/site-packages/airflow/example_dags/example_inlet_event_extra.py
[2024-12-23T15:50:34.973+0000] {processor.py:914} INFO - Processing file /home/airflow/.local/lib/python3.11/site-packages/airflow/example_dags/example_inlet_event_extra.py for tasks to queue
[2024-12-23T15:50:34.975+0000] {logging_mixin.py:190} INFO - [2024-12-23T15:50:34.975+0000] {dagbag.py:588} INFO - Filling up the DagBag from /home/airflow/.local/lib/python3.11/site-packages/airflow/example_dags/example_inlet_event_extra.py
[2024-12-23T15:50:35.107+0000] {processor.py:925} INFO - DAG(s) 'read_dataset_event', 'read_dataset_event_from_classic' retrieved from /home/airflow/.local/lib/python3.11/site-packages/airflow/example_dags/example_inlet_event_extra.py
[2024-12-23T15:50:35.136+0000] {logging_mixin.py:190} INFO - [2024-12-23T15:50:35.135+0000] {dag.py:3239} INFO - Sync 2 DAGs
[2024-12-23T15:50:35.153+0000] {logging_mixin.py:190} INFO - [2024-12-23T15:50:35.152+0000] {dag.py:4180} INFO - Setting next_dagrun for read_dataset_event to 2024-12-22 00:00:00+00:00, run_after=2024-12-23 00:00:00+00:00
[2024-12-23T15:50:35.155+0000] {logging_mixin.py:190} INFO - [2024-12-23T15:50:35.155+0000] {dag.py:4180} INFO - Setting next_dagrun for read_dataset_event_from_classic to 2024-12-22 00:00:00+00:00, run_after=2024-12-23 00:00:00+00:00
[2024-12-23T15:50:35.163+0000] {processor.py:208} INFO - Processing /home/airflow/.local/lib/python3.11/site-packages/airflow/example_dags/example_inlet_event_extra.py took 0.202 seconds
[2024-12-23T15:51:05.989+0000] {processor.py:186} INFO - Started process (PID=1112) to work on /home/airflow/.local/lib/python3.11/site-packages/airflow/example_dags/example_inlet_event_extra.py
[2024-12-23T15:51:05.993+0000] {processor.py:914} INFO - Processing file /home/airflow/.local/lib/python3.11/site-packages/airflow/example_dags/example_inlet_event_extra.py for tasks to queue
[2024-12-23T15:51:06.002+0000] {logging_mixin.py:190} INFO - [2024-12-23T15:51:06.001+0000] {dagbag.py:588} INFO - Filling up the DagBag from /home/airflow/.local/lib/python3.11/site-packages/airflow/example_dags/example_inlet_event_extra.py
[2024-12-23T15:51:06.117+0000] {processor.py:925} INFO - DAG(s) 'read_dataset_event_from_classic', 'read_dataset_event' retrieved from /home/airflow/.local/lib/python3.11/site-packages/airflow/example_dags/example_inlet_event_extra.py
[2024-12-23T15:51:06.132+0000] {logging_mixin.py:190} INFO - [2024-12-23T15:51:06.132+0000] {dag.py:3239} INFO - Sync 2 DAGs
[2024-12-23T15:51:06.146+0000] {logging_mixin.py:190} INFO - [2024-12-23T15:51:06.146+0000] {dag.py:4180} INFO - Setting next_dagrun for read_dataset_event to 2024-12-22 00:00:00+00:00, run_after=2024-12-23 00:00:00+00:00
[2024-12-23T15:51:06.148+0000] {logging_mixin.py:190} INFO - [2024-12-23T15:51:06.148+0000] {dag.py:4180} INFO - Setting next_dagrun for read_dataset_event_from_classic to 2024-12-22 00:00:00+00:00, run_after=2024-12-23 00:00:00+00:00
[2024-12-23T15:51:06.164+0000] {processor.py:208} INFO - Processing /home/airflow/.local/lib/python3.11/site-packages/airflow/example_dags/example_inlet_event_extra.py took 0.188 seconds
[2024-12-23T15:51:36.597+0000] {processor.py:186} INFO - Started process (PID=1176) to work on /home/airflow/.local/lib/python3.11/site-packages/airflow/example_dags/example_inlet_event_extra.py
[2024-12-23T15:51:36.598+0000] {processor.py:914} INFO - Processing file /home/airflow/.local/lib/python3.11/site-packages/airflow/example_dags/example_inlet_event_extra.py for tasks to queue
[2024-12-23T15:51:36.603+0000] {logging_mixin.py:190} INFO - [2024-12-23T15:51:36.603+0000] {dagbag.py:588} INFO - Filling up the DagBag from /home/airflow/.local/lib/python3.11/site-packages/airflow/example_dags/example_inlet_event_extra.py
[2024-12-23T15:51:36.685+0000] {processor.py:925} INFO - DAG(s) 'read_dataset_event', 'read_dataset_event_from_classic' retrieved from /home/airflow/.local/lib/python3.11/site-packages/airflow/example_dags/example_inlet_event_extra.py
[2024-12-23T15:51:36.697+0000] {logging_mixin.py:190} INFO - [2024-12-23T15:51:36.697+0000] {dag.py:3239} INFO - Sync 2 DAGs
[2024-12-23T15:51:36.707+0000] {logging_mixin.py:190} INFO - [2024-12-23T15:51:36.707+0000] {dag.py:4180} INFO - Setting next_dagrun for read_dataset_event to 2024-12-22 00:00:00+00:00, run_after=2024-12-23 00:00:00+00:00
[2024-12-23T15:51:36.709+0000] {logging_mixin.py:190} INFO - [2024-12-23T15:51:36.709+0000] {dag.py:4180} INFO - Setting next_dagrun for read_dataset_event_from_classic to 2024-12-22 00:00:00+00:00, run_after=2024-12-23 00:00:00+00:00
[2024-12-23T15:51:36.716+0000] {processor.py:208} INFO - Processing /home/airflow/.local/lib/python3.11/site-packages/airflow/example_dags/example_inlet_event_extra.py took 0.133 seconds
[2024-12-23T15:52:07.070+0000] {processor.py:186} INFO - Started process (PID=1240) to work on /home/airflow/.local/lib/python3.11/site-packages/airflow/example_dags/example_inlet_event_extra.py
[2024-12-23T15:52:07.072+0000] {processor.py:914} INFO - Processing file /home/airflow/.local/lib/python3.11/site-packages/airflow/example_dags/example_inlet_event_extra.py for tasks to queue
[2024-12-23T15:52:07.077+0000] {logging_mixin.py:190} INFO - [2024-12-23T15:52:07.076+0000] {dagbag.py:588} INFO - Filling up the DagBag from /home/airflow/.local/lib/python3.11/site-packages/airflow/example_dags/example_inlet_event_extra.py
[2024-12-23T15:52:07.164+0000] {processor.py:925} INFO - DAG(s) 'read_dataset_event_from_classic', 'read_dataset_event' retrieved from /home/airflow/.local/lib/python3.11/site-packages/airflow/example_dags/example_inlet_event_extra.py
[2024-12-23T15:52:07.174+0000] {logging_mixin.py:190} INFO - [2024-12-23T15:52:07.174+0000] {dag.py:3239} INFO - Sync 2 DAGs
[2024-12-23T15:52:07.185+0000] {logging_mixin.py:190} INFO - [2024-12-23T15:52:07.185+0000] {dag.py:4180} INFO - Setting next_dagrun for read_dataset_event to 2024-12-22 00:00:00+00:00, run_after=2024-12-23 00:00:00+00:00
[2024-12-23T15:52:07.187+0000] {logging_mixin.py:190} INFO - [2024-12-23T15:52:07.187+0000] {dag.py:4180} INFO - Setting next_dagrun for read_dataset_event_from_classic to 2024-12-22 00:00:00+00:00, run_after=2024-12-23 00:00:00+00:00
[2024-12-23T15:52:07.194+0000] {processor.py:208} INFO - Processing /home/airflow/.local/lib/python3.11/site-packages/airflow/example_dags/example_inlet_event_extra.py took 0.133 seconds
[2024-12-23T15:52:37.441+0000] {processor.py:186} INFO - Started process (PID=1304) to work on /home/airflow/.local/lib/python3.11/site-packages/airflow/example_dags/example_inlet_event_extra.py
[2024-12-23T15:52:37.443+0000] {processor.py:914} INFO - Processing file /home/airflow/.local/lib/python3.11/site-packages/airflow/example_dags/example_inlet_event_extra.py for tasks to queue
[2024-12-23T15:52:37.446+0000] {logging_mixin.py:190} INFO - [2024-12-23T15:52:37.446+0000] {dagbag.py:588} INFO - Filling up the DagBag from /home/airflow/.local/lib/python3.11/site-packages/airflow/example_dags/example_inlet_event_extra.py
[2024-12-23T15:52:37.530+0000] {processor.py:925} INFO - DAG(s) 'read_dataset_event', 'read_dataset_event_from_classic' retrieved from /home/airflow/.local/lib/python3.11/site-packages/airflow/example_dags/example_inlet_event_extra.py
[2024-12-23T15:52:37.542+0000] {logging_mixin.py:190} INFO - [2024-12-23T15:52:37.541+0000] {dag.py:3239} INFO - Sync 2 DAGs
[2024-12-23T15:52:37.553+0000] {logging_mixin.py:190} INFO - [2024-12-23T15:52:37.553+0000] {dag.py:4180} INFO - Setting next_dagrun for read_dataset_event to 2024-12-22 00:00:00+00:00, run_after=2024-12-23 00:00:00+00:00
[2024-12-23T15:52:37.555+0000] {logging_mixin.py:190} INFO - [2024-12-23T15:52:37.555+0000] {dag.py:4180} INFO - Setting next_dagrun for read_dataset_event_from_classic to 2024-12-22 00:00:00+00:00, run_after=2024-12-23 00:00:00+00:00
[2024-12-23T15:52:37.562+0000] {processor.py:208} INFO - Processing /home/airflow/.local/lib/python3.11/site-packages/airflow/example_dags/example_inlet_event_extra.py took 0.134 seconds
[2024-12-23T15:53:07.908+0000] {processor.py:186} INFO - Started process (PID=1368) to work on /home/airflow/.local/lib/python3.11/site-packages/airflow/example_dags/example_inlet_event_extra.py
[2024-12-23T15:53:07.910+0000] {processor.py:914} INFO - Processing file /home/airflow/.local/lib/python3.11/site-packages/airflow/example_dags/example_inlet_event_extra.py for tasks to queue
[2024-12-23T15:53:07.915+0000] {logging_mixin.py:190} INFO - [2024-12-23T15:53:07.915+0000] {dagbag.py:588} INFO - Filling up the DagBag from /home/airflow/.local/lib/python3.11/site-packages/airflow/example_dags/example_inlet_event_extra.py
[2024-12-23T15:53:07.996+0000] {processor.py:925} INFO - DAG(s) 'read_dataset_event', 'read_dataset_event_from_classic' retrieved from /home/airflow/.local/lib/python3.11/site-packages/airflow/example_dags/example_inlet_event_extra.py
[2024-12-23T15:53:08.007+0000] {logging_mixin.py:190} INFO - [2024-12-23T15:53:08.007+0000] {dag.py:3239} INFO - Sync 2 DAGs
[2024-12-23T15:53:08.018+0000] {logging_mixin.py:190} INFO - [2024-12-23T15:53:08.018+0000] {dag.py:4180} INFO - Setting next_dagrun for read_dataset_event to 2024-12-22 00:00:00+00:00, run_after=2024-12-23 00:00:00+00:00
[2024-12-23T15:53:08.020+0000] {logging_mixin.py:190} INFO - [2024-12-23T15:53:08.020+0000] {dag.py:4180} INFO - Setting next_dagrun for read_dataset_event_from_classic to 2024-12-22 00:00:00+00:00, run_after=2024-12-23 00:00:00+00:00
[2024-12-23T15:53:08.027+0000] {processor.py:208} INFO - Processing /home/airflow/.local/lib/python3.11/site-packages/airflow/example_dags/example_inlet_event_extra.py took 0.134 seconds
[2024-12-23T15:53:38.430+0000] {processor.py:186} INFO - Started process (PID=1432) to work on /home/airflow/.local/lib/python3.11/site-packages/airflow/example_dags/example_inlet_event_extra.py
[2024-12-23T15:53:38.433+0000] {processor.py:914} INFO - Processing file /home/airflow/.local/lib/python3.11/site-packages/airflow/example_dags/example_inlet_event_extra.py for tasks to queue
[2024-12-23T15:53:38.442+0000] {logging_mixin.py:190} INFO - [2024-12-23T15:53:38.441+0000] {dagbag.py:588} INFO - Filling up the DagBag from /home/airflow/.local/lib/python3.11/site-packages/airflow/example_dags/example_inlet_event_extra.py
[2024-12-23T15:53:38.568+0000] {processor.py:925} INFO - DAG(s) 'read_dataset_event', 'read_dataset_event_from_classic' retrieved from /home/airflow/.local/lib/python3.11/site-packages/airflow/example_dags/example_inlet_event_extra.py
[2024-12-23T15:53:38.582+0000] {logging_mixin.py:190} INFO - [2024-12-23T15:53:38.582+0000] {dag.py:3239} INFO - Sync 2 DAGs
[2024-12-23T15:53:38.595+0000] {logging_mixin.py:190} INFO - [2024-12-23T15:53:38.595+0000] {dag.py:4180} INFO - Setting next_dagrun for read_dataset_event to 2024-12-22 00:00:00+00:00, run_after=2024-12-23 00:00:00+00:00
[2024-12-23T15:53:38.597+0000] {logging_mixin.py:190} INFO - [2024-12-23T15:53:38.597+0000] {dag.py:4180} INFO - Setting next_dagrun for read_dataset_event_from_classic to 2024-12-22 00:00:00+00:00, run_after=2024-12-23 00:00:00+00:00
[2024-12-23T15:53:38.604+0000] {processor.py:208} INFO - Processing /home/airflow/.local/lib/python3.11/site-packages/airflow/example_dags/example_inlet_event_extra.py took 0.203 seconds
[2024-12-23T15:54:08.990+0000] {processor.py:186} INFO - Started process (PID=1496) to work on /home/airflow/.local/lib/python3.11/site-packages/airflow/example_dags/example_inlet_event_extra.py
[2024-12-23T15:54:08.992+0000] {processor.py:914} INFO - Processing file /home/airflow/.local/lib/python3.11/site-packages/airflow/example_dags/example_inlet_event_extra.py for tasks to queue
[2024-12-23T15:54:08.996+0000] {logging_mixin.py:190} INFO - [2024-12-23T15:54:08.995+0000] {dagbag.py:588} INFO - Filling up the DagBag from /home/airflow/.local/lib/python3.11/site-packages/airflow/example_dags/example_inlet_event_extra.py
[2024-12-23T15:54:09.071+0000] {processor.py:925} INFO - DAG(s) 'read_dataset_event', 'read_dataset_event_from_classic' retrieved from /home/airflow/.local/lib/python3.11/site-packages/airflow/example_dags/example_inlet_event_extra.py
[2024-12-23T15:54:09.083+0000] {logging_mixin.py:190} INFO - [2024-12-23T15:54:09.082+0000] {dag.py:3239} INFO - Sync 2 DAGs
[2024-12-23T15:54:09.093+0000] {logging_mixin.py:190} INFO - [2024-12-23T15:54:09.093+0000] {dag.py:4180} INFO - Setting next_dagrun for read_dataset_event to 2024-12-22 00:00:00+00:00, run_after=2024-12-23 00:00:00+00:00
[2024-12-23T15:54:09.096+0000] {logging_mixin.py:190} INFO - [2024-12-23T15:54:09.096+0000] {dag.py:4180} INFO - Setting next_dagrun for read_dataset_event_from_classic to 2024-12-22 00:00:00+00:00, run_after=2024-12-23 00:00:00+00:00
[2024-12-23T15:54:09.103+0000] {processor.py:208} INFO - Processing /home/airflow/.local/lib/python3.11/site-packages/airflow/example_dags/example_inlet_event_extra.py took 0.122 seconds
[2024-12-23T15:54:39.531+0000] {processor.py:186} INFO - Started process (PID=1560) to work on /home/airflow/.local/lib/python3.11/site-packages/airflow/example_dags/example_inlet_event_extra.py
[2024-12-23T15:54:39.533+0000] {processor.py:914} INFO - Processing file /home/airflow/.local/lib/python3.11/site-packages/airflow/example_dags/example_inlet_event_extra.py for tasks to queue
[2024-12-23T15:54:39.537+0000] {logging_mixin.py:190} INFO - [2024-12-23T15:54:39.536+0000] {dagbag.py:588} INFO - Filling up the DagBag from /home/airflow/.local/lib/python3.11/site-packages/airflow/example_dags/example_inlet_event_extra.py
[2024-12-23T15:54:39.640+0000] {processor.py:925} INFO - DAG(s) 'read_dataset_event', 'read_dataset_event_from_classic' retrieved from /home/airflow/.local/lib/python3.11/site-packages/airflow/example_dags/example_inlet_event_extra.py
[2024-12-23T15:54:39.652+0000] {logging_mixin.py:190} INFO - [2024-12-23T15:54:39.652+0000] {dag.py:3239} INFO - Sync 2 DAGs
[2024-12-23T15:54:39.666+0000] {logging_mixin.py:190} INFO - [2024-12-23T15:54:39.666+0000] {dag.py:4180} INFO - Setting next_dagrun for read_dataset_event to 2024-12-22 00:00:00+00:00, run_after=2024-12-23 00:00:00+00:00
[2024-12-23T15:54:39.668+0000] {logging_mixin.py:190} INFO - [2024-12-23T15:54:39.668+0000] {dag.py:4180} INFO - Setting next_dagrun for read_dataset_event_from_classic to 2024-12-22 00:00:00+00:00, run_after=2024-12-23 00:00:00+00:00
[2024-12-23T15:54:39.675+0000] {processor.py:208} INFO - Processing /home/airflow/.local/lib/python3.11/site-packages/airflow/example_dags/example_inlet_event_extra.py took 0.155 seconds
[2024-12-23T15:55:09.948+0000] {processor.py:186} INFO - Started process (PID=1624) to work on /home/airflow/.local/lib/python3.11/site-packages/airflow/example_dags/example_inlet_event_extra.py
[2024-12-23T15:55:09.950+0000] {processor.py:914} INFO - Processing file /home/airflow/.local/lib/python3.11/site-packages/airflow/example_dags/example_inlet_event_extra.py for tasks to queue
[2024-12-23T15:55:09.955+0000] {logging_mixin.py:190} INFO - [2024-12-23T15:55:09.955+0000] {dagbag.py:588} INFO - Filling up the DagBag from /home/airflow/.local/lib/python3.11/site-packages/airflow/example_dags/example_inlet_event_extra.py
[2024-12-23T15:55:10.118+0000] {processor.py:925} INFO - DAG(s) 'read_dataset_event', 'read_dataset_event_from_classic' retrieved from /home/airflow/.local/lib/python3.11/site-packages/airflow/example_dags/example_inlet_event_extra.py
[2024-12-23T15:55:10.136+0000] {logging_mixin.py:190} INFO - [2024-12-23T15:55:10.136+0000] {dag.py:3239} INFO - Sync 2 DAGs
[2024-12-23T15:55:10.155+0000] {logging_mixin.py:190} INFO - [2024-12-23T15:55:10.155+0000] {dag.py:4180} INFO - Setting next_dagrun for read_dataset_event to 2024-12-22 00:00:00+00:00, run_after=2024-12-23 00:00:00+00:00
[2024-12-23T15:55:10.157+0000] {logging_mixin.py:190} INFO - [2024-12-23T15:55:10.157+0000] {dag.py:4180} INFO - Setting next_dagrun for read_dataset_event_from_classic to 2024-12-22 00:00:00+00:00, run_after=2024-12-23 00:00:00+00:00
[2024-12-23T15:55:10.166+0000] {processor.py:208} INFO - Processing /home/airflow/.local/lib/python3.11/site-packages/airflow/example_dags/example_inlet_event_extra.py took 0.246 seconds
[2024-12-23T16:14:28.417+0000] {processor.py:186} INFO - Started process (PID=1682) to work on /home/airflow/.local/lib/python3.11/site-packages/airflow/example_dags/example_inlet_event_extra.py
[2024-12-23T16:14:28.418+0000] {processor.py:914} INFO - Processing file /home/airflow/.local/lib/python3.11/site-packages/airflow/example_dags/example_inlet_event_extra.py for tasks to queue
[2024-12-23T16:14:28.421+0000] {logging_mixin.py:190} INFO - [2024-12-23T16:14:28.421+0000] {dagbag.py:588} INFO - Filling up the DagBag from /home/airflow/.local/lib/python3.11/site-packages/airflow/example_dags/example_inlet_event_extra.py
[2024-12-23T16:14:28.507+0000] {processor.py:925} INFO - DAG(s) 'read_dataset_event', 'read_dataset_event_from_classic' retrieved from /home/airflow/.local/lib/python3.11/site-packages/airflow/example_dags/example_inlet_event_extra.py
[2024-12-23T16:14:28.520+0000] {logging_mixin.py:190} INFO - [2024-12-23T16:14:28.520+0000] {dag.py:3239} INFO - Sync 2 DAGs
[2024-12-23T16:14:28.532+0000] {logging_mixin.py:190} INFO - [2024-12-23T16:14:28.532+0000] {dag.py:4180} INFO - Setting next_dagrun for read_dataset_event to 2024-12-22 00:00:00+00:00, run_after=2024-12-23 00:00:00+00:00
[2024-12-23T16:14:28.535+0000] {logging_mixin.py:190} INFO - [2024-12-23T16:14:28.535+0000] {dag.py:4180} INFO - Setting next_dagrun for read_dataset_event_from_classic to 2024-12-22 00:00:00+00:00, run_after=2024-12-23 00:00:00+00:00
[2024-12-23T16:14:28.542+0000] {processor.py:208} INFO - Processing /home/airflow/.local/lib/python3.11/site-packages/airflow/example_dags/example_inlet_event_extra.py took 0.129 seconds
