[2024-12-23T15:36:04.835+0000] {processor.py:186} INFO - Started process (PID=64) to work on /home/airflow/.local/lib/python3.11/site-packages/airflow/example_dags/example_bash_decorator.py
[2024-12-23T15:36:04.836+0000] {processor.py:914} INFO - Processing file /home/airflow/.local/lib/python3.11/site-packages/airflow/example_dags/example_bash_decorator.py for tasks to queue
[2024-12-23T15:36:04.842+0000] {logging_mixin.py:190} INFO - [2024-12-23T15:36:04.841+0000] {dagbag.py:588} INFO - Filling up the DagBag from /home/airflow/.local/lib/python3.11/site-packages/airflow/example_dags/example_bash_decorator.py
[2024-12-23T15:36:04.869+0000] {processor.py:925} INFO - DAG(s) 'example_bash_decorator' retrieved from /home/airflow/.local/lib/python3.11/site-packages/airflow/example_dags/example_bash_decorator.py
[2024-12-23T15:36:05.811+0000] {logging_mixin.py:190} INFO - [2024-12-23T15:36:05.811+0000] {dag.py:3239} INFO - Sync 1 DAGs
[2024-12-23T15:36:05.836+0000] {logging_mixin.py:190} INFO - [2024-12-23T15:36:05.836+0000] {dag.py:4180} INFO - Setting next_dagrun for example_bash_decorator to None, run_after=None
[2024-12-23T15:36:05.854+0000] {processor.py:208} INFO - Processing /home/airflow/.local/lib/python3.11/site-packages/airflow/example_dags/example_bash_decorator.py took 1.027 seconds
[2024-12-23T15:36:36.597+0000] {processor.py:186} INFO - Started process (PID=127) to work on /home/airflow/.local/lib/python3.11/site-packages/airflow/example_dags/example_bash_decorator.py
[2024-12-23T15:36:36.599+0000] {processor.py:914} INFO - Processing file /home/airflow/.local/lib/python3.11/site-packages/airflow/example_dags/example_bash_decorator.py for tasks to queue
[2024-12-23T15:36:36.602+0000] {logging_mixin.py:190} INFO - [2024-12-23T15:36:36.601+0000] {dagbag.py:588} INFO - Filling up the DagBag from /home/airflow/.local/lib/python3.11/site-packages/airflow/example_dags/example_bash_decorator.py
[2024-12-23T15:36:36.615+0000] {processor.py:925} INFO - DAG(s) 'example_bash_decorator' retrieved from /home/airflow/.local/lib/python3.11/site-packages/airflow/example_dags/example_bash_decorator.py
[2024-12-23T15:36:36.633+0000] {logging_mixin.py:190} INFO - [2024-12-23T15:36:36.632+0000] {dag.py:3239} INFO - Sync 1 DAGs
[2024-12-23T15:36:36.641+0000] {logging_mixin.py:190} INFO - [2024-12-23T15:36:36.641+0000] {dag.py:4180} INFO - Setting next_dagrun for example_bash_decorator to None, run_after=None
[2024-12-23T15:36:36.650+0000] {processor.py:208} INFO - Processing /home/airflow/.local/lib/python3.11/site-packages/airflow/example_dags/example_bash_decorator.py took 0.067 seconds
[2024-12-23T15:37:07.122+0000] {processor.py:186} INFO - Started process (PID=191) to work on /home/airflow/.local/lib/python3.11/site-packages/airflow/example_dags/example_bash_decorator.py
[2024-12-23T15:37:07.130+0000] {processor.py:914} INFO - Processing file /home/airflow/.local/lib/python3.11/site-packages/airflow/example_dags/example_bash_decorator.py for tasks to queue
[2024-12-23T15:37:07.134+0000] {logging_mixin.py:190} INFO - [2024-12-23T15:37:07.133+0000] {dagbag.py:588} INFO - Filling up the DagBag from /home/airflow/.local/lib/python3.11/site-packages/airflow/example_dags/example_bash_decorator.py
[2024-12-23T15:37:07.152+0000] {processor.py:925} INFO - DAG(s) 'example_bash_decorator' retrieved from /home/airflow/.local/lib/python3.11/site-packages/airflow/example_dags/example_bash_decorator.py
[2024-12-23T15:37:07.196+0000] {logging_mixin.py:190} INFO - [2024-12-23T15:37:07.195+0000] {dag.py:3239} INFO - Sync 1 DAGs
[2024-12-23T15:37:07.232+0000] {logging_mixin.py:190} INFO - [2024-12-23T15:37:07.232+0000] {dag.py:4180} INFO - Setting next_dagrun for example_bash_decorator to None, run_after=None
[2024-12-23T15:37:07.245+0000] {processor.py:208} INFO - Processing /home/airflow/.local/lib/python3.11/site-packages/airflow/example_dags/example_bash_decorator.py took 0.142 seconds
[2024-12-23T15:37:37.913+0000] {processor.py:186} INFO - Started process (PID=255) to work on /home/airflow/.local/lib/python3.11/site-packages/airflow/example_dags/example_bash_decorator.py
[2024-12-23T15:37:37.914+0000] {processor.py:914} INFO - Processing file /home/airflow/.local/lib/python3.11/site-packages/airflow/example_dags/example_bash_decorator.py for tasks to queue
[2024-12-23T15:37:37.918+0000] {logging_mixin.py:190} INFO - [2024-12-23T15:37:37.918+0000] {dagbag.py:588} INFO - Filling up the DagBag from /home/airflow/.local/lib/python3.11/site-packages/airflow/example_dags/example_bash_decorator.py
[2024-12-23T15:37:37.936+0000] {processor.py:925} INFO - DAG(s) 'example_bash_decorator' retrieved from /home/airflow/.local/lib/python3.11/site-packages/airflow/example_dags/example_bash_decorator.py
[2024-12-23T15:37:37.953+0000] {logging_mixin.py:190} INFO - [2024-12-23T15:37:37.953+0000] {dag.py:3239} INFO - Sync 1 DAGs
[2024-12-23T15:37:37.961+0000] {logging_mixin.py:190} INFO - [2024-12-23T15:37:37.961+0000] {dag.py:4180} INFO - Setting next_dagrun for example_bash_decorator to None, run_after=None
[2024-12-23T15:37:37.972+0000] {processor.py:208} INFO - Processing /home/airflow/.local/lib/python3.11/site-packages/airflow/example_dags/example_bash_decorator.py took 0.069 seconds
[2024-12-23T15:38:08.144+0000] {processor.py:186} INFO - Started process (PID=318) to work on /home/airflow/.local/lib/python3.11/site-packages/airflow/example_dags/example_bash_decorator.py
[2024-12-23T15:38:08.145+0000] {processor.py:914} INFO - Processing file /home/airflow/.local/lib/python3.11/site-packages/airflow/example_dags/example_bash_decorator.py for tasks to queue
[2024-12-23T15:38:08.147+0000] {logging_mixin.py:190} INFO - [2024-12-23T15:38:08.147+0000] {dagbag.py:588} INFO - Filling up the DagBag from /home/airflow/.local/lib/python3.11/site-packages/airflow/example_dags/example_bash_decorator.py
[2024-12-23T15:38:08.156+0000] {processor.py:925} INFO - DAG(s) 'example_bash_decorator' retrieved from /home/airflow/.local/lib/python3.11/site-packages/airflow/example_dags/example_bash_decorator.py
[2024-12-23T15:38:08.168+0000] {logging_mixin.py:190} INFO - [2024-12-23T15:38:08.168+0000] {dag.py:3239} INFO - Sync 1 DAGs
[2024-12-23T15:38:08.176+0000] {logging_mixin.py:190} INFO - [2024-12-23T15:38:08.176+0000] {dag.py:4180} INFO - Setting next_dagrun for example_bash_decorator to None, run_after=None
[2024-12-23T15:38:08.185+0000] {processor.py:208} INFO - Processing /home/airflow/.local/lib/python3.11/site-packages/airflow/example_dags/example_bash_decorator.py took 0.045 seconds
[2024-12-23T15:38:39.172+0000] {processor.py:186} INFO - Started process (PID=382) to work on /home/airflow/.local/lib/python3.11/site-packages/airflow/example_dags/example_bash_decorator.py
[2024-12-23T15:38:39.172+0000] {processor.py:914} INFO - Processing file /home/airflow/.local/lib/python3.11/site-packages/airflow/example_dags/example_bash_decorator.py for tasks to queue
[2024-12-23T15:38:39.174+0000] {logging_mixin.py:190} INFO - [2024-12-23T15:38:39.174+0000] {dagbag.py:588} INFO - Filling up the DagBag from /home/airflow/.local/lib/python3.11/site-packages/airflow/example_dags/example_bash_decorator.py
[2024-12-23T15:38:39.181+0000] {processor.py:925} INFO - DAG(s) 'example_bash_decorator' retrieved from /home/airflow/.local/lib/python3.11/site-packages/airflow/example_dags/example_bash_decorator.py
[2024-12-23T15:38:39.194+0000] {logging_mixin.py:190} INFO - [2024-12-23T15:38:39.194+0000] {dag.py:3239} INFO - Sync 1 DAGs
[2024-12-23T15:38:39.204+0000] {logging_mixin.py:190} INFO - [2024-12-23T15:38:39.203+0000] {dag.py:4180} INFO - Setting next_dagrun for example_bash_decorator to None, run_after=None
[2024-12-23T15:38:39.212+0000] {processor.py:208} INFO - Processing /home/airflow/.local/lib/python3.11/site-packages/airflow/example_dags/example_bash_decorator.py took 0.044 seconds
[2024-12-23T15:39:11.079+0000] {processor.py:186} INFO - Started process (PID=446) to work on /home/airflow/.local/lib/python3.11/site-packages/airflow/example_dags/example_bash_decorator.py
[2024-12-23T15:39:11.080+0000] {processor.py:914} INFO - Processing file /home/airflow/.local/lib/python3.11/site-packages/airflow/example_dags/example_bash_decorator.py for tasks to queue
[2024-12-23T15:39:11.082+0000] {logging_mixin.py:190} INFO - [2024-12-23T15:39:11.082+0000] {dagbag.py:588} INFO - Filling up the DagBag from /home/airflow/.local/lib/python3.11/site-packages/airflow/example_dags/example_bash_decorator.py
[2024-12-23T15:39:11.091+0000] {processor.py:925} INFO - DAG(s) 'example_bash_decorator' retrieved from /home/airflow/.local/lib/python3.11/site-packages/airflow/example_dags/example_bash_decorator.py
[2024-12-23T15:39:11.111+0000] {logging_mixin.py:190} INFO - [2024-12-23T15:39:11.111+0000] {dag.py:3239} INFO - Sync 1 DAGs
[2024-12-23T15:39:11.121+0000] {logging_mixin.py:190} INFO - [2024-12-23T15:39:11.121+0000] {dag.py:4180} INFO - Setting next_dagrun for example_bash_decorator to None, run_after=None
[2024-12-23T15:39:11.138+0000] {processor.py:208} INFO - Processing /home/airflow/.local/lib/python3.11/site-packages/airflow/example_dags/example_bash_decorator.py took 0.064 seconds
[2024-12-23T15:39:41.665+0000] {processor.py:186} INFO - Started process (PID=510) to work on /home/airflow/.local/lib/python3.11/site-packages/airflow/example_dags/example_bash_decorator.py
[2024-12-23T15:39:41.666+0000] {processor.py:914} INFO - Processing file /home/airflow/.local/lib/python3.11/site-packages/airflow/example_dags/example_bash_decorator.py for tasks to queue
[2024-12-23T15:39:41.667+0000] {logging_mixin.py:190} INFO - [2024-12-23T15:39:41.667+0000] {dagbag.py:588} INFO - Filling up the DagBag from /home/airflow/.local/lib/python3.11/site-packages/airflow/example_dags/example_bash_decorator.py
[2024-12-23T15:39:41.676+0000] {processor.py:925} INFO - DAG(s) 'example_bash_decorator' retrieved from /home/airflow/.local/lib/python3.11/site-packages/airflow/example_dags/example_bash_decorator.py
[2024-12-23T15:39:41.700+0000] {logging_mixin.py:190} INFO - [2024-12-23T15:39:41.698+0000] {dag.py:3239} INFO - Sync 1 DAGs
[2024-12-23T15:39:41.719+0000] {logging_mixin.py:190} INFO - [2024-12-23T15:39:41.719+0000] {dag.py:4180} INFO - Setting next_dagrun for example_bash_decorator to None, run_after=None
[2024-12-23T15:39:41.730+0000] {processor.py:208} INFO - Processing /home/airflow/.local/lib/python3.11/site-packages/airflow/example_dags/example_bash_decorator.py took 0.069 seconds
[2024-12-23T15:40:12.068+0000] {processor.py:186} INFO - Started process (PID=574) to work on /home/airflow/.local/lib/python3.11/site-packages/airflow/example_dags/example_bash_decorator.py
[2024-12-23T15:40:12.069+0000] {processor.py:914} INFO - Processing file /home/airflow/.local/lib/python3.11/site-packages/airflow/example_dags/example_bash_decorator.py for tasks to queue
[2024-12-23T15:40:12.070+0000] {logging_mixin.py:190} INFO - [2024-12-23T15:40:12.070+0000] {dagbag.py:588} INFO - Filling up the DagBag from /home/airflow/.local/lib/python3.11/site-packages/airflow/example_dags/example_bash_decorator.py
[2024-12-23T15:40:12.078+0000] {processor.py:925} INFO - DAG(s) 'example_bash_decorator' retrieved from /home/airflow/.local/lib/python3.11/site-packages/airflow/example_dags/example_bash_decorator.py
[2024-12-23T15:40:12.093+0000] {logging_mixin.py:190} INFO - [2024-12-23T15:40:12.093+0000] {dag.py:3239} INFO - Sync 1 DAGs
[2024-12-23T15:40:12.101+0000] {logging_mixin.py:190} INFO - [2024-12-23T15:40:12.101+0000] {dag.py:4180} INFO - Setting next_dagrun for example_bash_decorator to None, run_after=None
[2024-12-23T15:40:12.110+0000] {processor.py:208} INFO - Processing /home/airflow/.local/lib/python3.11/site-packages/airflow/example_dags/example_bash_decorator.py took 0.046 seconds
[2024-12-23T15:40:42.612+0000] {processor.py:186} INFO - Started process (PID=638) to work on /home/airflow/.local/lib/python3.11/site-packages/airflow/example_dags/example_bash_decorator.py
[2024-12-23T15:40:42.614+0000] {processor.py:914} INFO - Processing file /home/airflow/.local/lib/python3.11/site-packages/airflow/example_dags/example_bash_decorator.py for tasks to queue
[2024-12-23T15:40:42.616+0000] {logging_mixin.py:190} INFO - [2024-12-23T15:40:42.616+0000] {dagbag.py:588} INFO - Filling up the DagBag from /home/airflow/.local/lib/python3.11/site-packages/airflow/example_dags/example_bash_decorator.py
[2024-12-23T15:40:42.635+0000] {processor.py:925} INFO - DAG(s) 'example_bash_decorator' retrieved from /home/airflow/.local/lib/python3.11/site-packages/airflow/example_dags/example_bash_decorator.py
[2024-12-23T15:40:42.658+0000] {logging_mixin.py:190} INFO - [2024-12-23T15:40:42.657+0000] {dag.py:3239} INFO - Sync 1 DAGs
[2024-12-23T15:40:42.673+0000] {logging_mixin.py:190} INFO - [2024-12-23T15:40:42.673+0000] {dag.py:4180} INFO - Setting next_dagrun for example_bash_decorator to None, run_after=None
[2024-12-23T15:40:42.708+0000] {processor.py:208} INFO - Processing /home/airflow/.local/lib/python3.11/site-packages/airflow/example_dags/example_bash_decorator.py took 0.102 seconds
[2024-12-23T15:41:12.928+0000] {processor.py:186} INFO - Started process (PID=702) to work on /home/airflow/.local/lib/python3.11/site-packages/airflow/example_dags/example_bash_decorator.py
[2024-12-23T15:41:12.929+0000] {processor.py:914} INFO - Processing file /home/airflow/.local/lib/python3.11/site-packages/airflow/example_dags/example_bash_decorator.py for tasks to queue
[2024-12-23T15:41:12.931+0000] {logging_mixin.py:190} INFO - [2024-12-23T15:41:12.930+0000] {dagbag.py:588} INFO - Filling up the DagBag from /home/airflow/.local/lib/python3.11/site-packages/airflow/example_dags/example_bash_decorator.py
[2024-12-23T15:41:12.939+0000] {processor.py:925} INFO - DAG(s) 'example_bash_decorator' retrieved from /home/airflow/.local/lib/python3.11/site-packages/airflow/example_dags/example_bash_decorator.py
[2024-12-23T15:41:12.952+0000] {logging_mixin.py:190} INFO - [2024-12-23T15:41:12.952+0000] {dag.py:3239} INFO - Sync 1 DAGs
[2024-12-23T15:41:12.959+0000] {logging_mixin.py:190} INFO - [2024-12-23T15:41:12.959+0000] {dag.py:4180} INFO - Setting next_dagrun for example_bash_decorator to None, run_after=None
[2024-12-23T15:41:12.968+0000] {processor.py:208} INFO - Processing /home/airflow/.local/lib/python3.11/site-packages/airflow/example_dags/example_bash_decorator.py took 0.043 seconds
[2024-12-23T15:41:43.271+0000] {processor.py:186} INFO - Started process (PID=766) to work on /home/airflow/.local/lib/python3.11/site-packages/airflow/example_dags/example_bash_decorator.py
[2024-12-23T15:41:43.271+0000] {processor.py:914} INFO - Processing file /home/airflow/.local/lib/python3.11/site-packages/airflow/example_dags/example_bash_decorator.py for tasks to queue
[2024-12-23T15:41:43.274+0000] {logging_mixin.py:190} INFO - [2024-12-23T15:41:43.274+0000] {dagbag.py:588} INFO - Filling up the DagBag from /home/airflow/.local/lib/python3.11/site-packages/airflow/example_dags/example_bash_decorator.py
[2024-12-23T15:41:43.284+0000] {processor.py:925} INFO - DAG(s) 'example_bash_decorator' retrieved from /home/airflow/.local/lib/python3.11/site-packages/airflow/example_dags/example_bash_decorator.py
[2024-12-23T15:41:43.307+0000] {logging_mixin.py:190} INFO - [2024-12-23T15:41:43.307+0000] {dag.py:3239} INFO - Sync 1 DAGs
[2024-12-23T15:41:43.316+0000] {logging_mixin.py:190} INFO - [2024-12-23T15:41:43.316+0000] {dag.py:4180} INFO - Setting next_dagrun for example_bash_decorator to None, run_after=None
[2024-12-23T15:41:43.326+0000] {processor.py:208} INFO - Processing /home/airflow/.local/lib/python3.11/site-packages/airflow/example_dags/example_bash_decorator.py took 0.059 seconds
[2024-12-23T15:42:14.103+0000] {processor.py:186} INFO - Started process (PID=830) to work on /home/airflow/.local/lib/python3.11/site-packages/airflow/example_dags/example_bash_decorator.py
[2024-12-23T15:42:14.104+0000] {processor.py:914} INFO - Processing file /home/airflow/.local/lib/python3.11/site-packages/airflow/example_dags/example_bash_decorator.py for tasks to queue
[2024-12-23T15:42:14.106+0000] {logging_mixin.py:190} INFO - [2024-12-23T15:42:14.105+0000] {dagbag.py:588} INFO - Filling up the DagBag from /home/airflow/.local/lib/python3.11/site-packages/airflow/example_dags/example_bash_decorator.py
[2024-12-23T15:42:14.115+0000] {processor.py:925} INFO - DAG(s) 'example_bash_decorator' retrieved from /home/airflow/.local/lib/python3.11/site-packages/airflow/example_dags/example_bash_decorator.py
[2024-12-23T15:42:14.132+0000] {logging_mixin.py:190} INFO - [2024-12-23T15:42:14.132+0000] {dag.py:3239} INFO - Sync 1 DAGs
[2024-12-23T15:42:14.141+0000] {logging_mixin.py:190} INFO - [2024-12-23T15:42:14.141+0000] {dag.py:4180} INFO - Setting next_dagrun for example_bash_decorator to None, run_after=None
[2024-12-23T15:42:14.153+0000] {processor.py:208} INFO - Processing /home/airflow/.local/lib/python3.11/site-packages/airflow/example_dags/example_bash_decorator.py took 0.053 seconds
[2024-12-23T15:49:31.877+0000] {processor.py:186} INFO - Started process (PID=894) to work on /home/airflow/.local/lib/python3.11/site-packages/airflow/example_dags/example_bash_decorator.py
[2024-12-23T15:49:31.877+0000] {processor.py:914} INFO - Processing file /home/airflow/.local/lib/python3.11/site-packages/airflow/example_dags/example_bash_decorator.py for tasks to queue
[2024-12-23T15:49:31.879+0000] {logging_mixin.py:190} INFO - [2024-12-23T15:49:31.879+0000] {dagbag.py:588} INFO - Filling up the DagBag from /home/airflow/.local/lib/python3.11/site-packages/airflow/example_dags/example_bash_decorator.py
[2024-12-23T15:49:31.889+0000] {processor.py:925} INFO - DAG(s) 'example_bash_decorator' retrieved from /home/airflow/.local/lib/python3.11/site-packages/airflow/example_dags/example_bash_decorator.py
[2024-12-23T15:49:31.923+0000] {logging_mixin.py:190} INFO - [2024-12-23T15:49:31.923+0000] {dag.py:3239} INFO - Sync 1 DAGs
[2024-12-23T15:49:31.935+0000] {logging_mixin.py:190} INFO - [2024-12-23T15:49:31.935+0000] {dag.py:4180} INFO - Setting next_dagrun for example_bash_decorator to None, run_after=None
[2024-12-23T15:49:31.967+0000] {processor.py:208} INFO - Processing /home/airflow/.local/lib/python3.11/site-packages/airflow/example_dags/example_bash_decorator.py took 0.095 seconds
[2024-12-23T15:50:02.411+0000] {processor.py:186} INFO - Started process (PID=958) to work on /home/airflow/.local/lib/python3.11/site-packages/airflow/example_dags/example_bash_decorator.py
[2024-12-23T15:50:02.413+0000] {processor.py:914} INFO - Processing file /home/airflow/.local/lib/python3.11/site-packages/airflow/example_dags/example_bash_decorator.py for tasks to queue
[2024-12-23T15:50:02.414+0000] {logging_mixin.py:190} INFO - [2024-12-23T15:50:02.414+0000] {dagbag.py:588} INFO - Filling up the DagBag from /home/airflow/.local/lib/python3.11/site-packages/airflow/example_dags/example_bash_decorator.py
[2024-12-23T15:50:02.424+0000] {processor.py:925} INFO - DAG(s) 'example_bash_decorator' retrieved from /home/airflow/.local/lib/python3.11/site-packages/airflow/example_dags/example_bash_decorator.py
[2024-12-23T15:50:02.438+0000] {logging_mixin.py:190} INFO - [2024-12-23T15:50:02.438+0000] {dag.py:3239} INFO - Sync 1 DAGs
[2024-12-23T15:50:02.445+0000] {logging_mixin.py:190} INFO - [2024-12-23T15:50:02.445+0000] {dag.py:4180} INFO - Setting next_dagrun for example_bash_decorator to None, run_after=None
[2024-12-23T15:50:02.452+0000] {processor.py:208} INFO - Processing /home/airflow/.local/lib/python3.11/site-packages/airflow/example_dags/example_bash_decorator.py took 0.045 seconds
[2024-12-23T15:50:33.045+0000] {processor.py:186} INFO - Started process (PID=1028) to work on /home/airflow/.local/lib/python3.11/site-packages/airflow/example_dags/example_bash_decorator.py
[2024-12-23T15:50:33.046+0000] {processor.py:914} INFO - Processing file /home/airflow/.local/lib/python3.11/site-packages/airflow/example_dags/example_bash_decorator.py for tasks to queue
[2024-12-23T15:50:33.048+0000] {logging_mixin.py:190} INFO - [2024-12-23T15:50:33.048+0000] {dagbag.py:588} INFO - Filling up the DagBag from /home/airflow/.local/lib/python3.11/site-packages/airflow/example_dags/example_bash_decorator.py
[2024-12-23T15:50:33.061+0000] {processor.py:925} INFO - DAG(s) 'example_bash_decorator' retrieved from /home/airflow/.local/lib/python3.11/site-packages/airflow/example_dags/example_bash_decorator.py
[2024-12-23T15:50:33.082+0000] {logging_mixin.py:190} INFO - [2024-12-23T15:50:33.082+0000] {dag.py:3239} INFO - Sync 1 DAGs
[2024-12-23T15:50:33.089+0000] {logging_mixin.py:190} INFO - [2024-12-23T15:50:33.089+0000] {dag.py:4180} INFO - Setting next_dagrun for example_bash_decorator to None, run_after=None
[2024-12-23T15:50:33.096+0000] {processor.py:208} INFO - Processing /home/airflow/.local/lib/python3.11/site-packages/airflow/example_dags/example_bash_decorator.py took 0.057 seconds
[2024-12-23T15:51:03.158+0000] {processor.py:186} INFO - Started process (PID=1092) to work on /home/airflow/.local/lib/python3.11/site-packages/airflow/example_dags/example_bash_decorator.py
[2024-12-23T15:51:03.161+0000] {processor.py:914} INFO - Processing file /home/airflow/.local/lib/python3.11/site-packages/airflow/example_dags/example_bash_decorator.py for tasks to queue
[2024-12-23T15:51:03.166+0000] {logging_mixin.py:190} INFO - [2024-12-23T15:51:03.166+0000] {dagbag.py:588} INFO - Filling up the DagBag from /home/airflow/.local/lib/python3.11/site-packages/airflow/example_dags/example_bash_decorator.py
[2024-12-23T15:51:03.174+0000] {processor.py:925} INFO - DAG(s) 'example_bash_decorator' retrieved from /home/airflow/.local/lib/python3.11/site-packages/airflow/example_dags/example_bash_decorator.py
[2024-12-23T15:51:03.186+0000] {logging_mixin.py:190} INFO - [2024-12-23T15:51:03.186+0000] {dag.py:3239} INFO - Sync 1 DAGs
[2024-12-23T15:51:03.192+0000] {logging_mixin.py:190} INFO - [2024-12-23T15:51:03.192+0000] {dag.py:4180} INFO - Setting next_dagrun for example_bash_decorator to None, run_after=None
[2024-12-23T15:51:03.200+0000] {processor.py:208} INFO - Processing /home/airflow/.local/lib/python3.11/site-packages/airflow/example_dags/example_bash_decorator.py took 0.047 seconds
[2024-12-23T15:51:33.958+0000] {processor.py:186} INFO - Started process (PID=1156) to work on /home/airflow/.local/lib/python3.11/site-packages/airflow/example_dags/example_bash_decorator.py
[2024-12-23T15:51:33.963+0000] {processor.py:914} INFO - Processing file /home/airflow/.local/lib/python3.11/site-packages/airflow/example_dags/example_bash_decorator.py for tasks to queue
[2024-12-23T15:51:33.965+0000] {logging_mixin.py:190} INFO - [2024-12-23T15:51:33.965+0000] {dagbag.py:588} INFO - Filling up the DagBag from /home/airflow/.local/lib/python3.11/site-packages/airflow/example_dags/example_bash_decorator.py
[2024-12-23T15:51:33.975+0000] {processor.py:925} INFO - DAG(s) 'example_bash_decorator' retrieved from /home/airflow/.local/lib/python3.11/site-packages/airflow/example_dags/example_bash_decorator.py
[2024-12-23T15:51:33.988+0000] {logging_mixin.py:190} INFO - [2024-12-23T15:51:33.988+0000] {dag.py:3239} INFO - Sync 1 DAGs
[2024-12-23T15:51:33.996+0000] {logging_mixin.py:190} INFO - [2024-12-23T15:51:33.996+0000] {dag.py:4180} INFO - Setting next_dagrun for example_bash_decorator to None, run_after=None
[2024-12-23T15:51:34.005+0000] {processor.py:208} INFO - Processing /home/airflow/.local/lib/python3.11/site-packages/airflow/example_dags/example_bash_decorator.py took 0.052 seconds
[2024-12-23T15:52:04.347+0000] {processor.py:186} INFO - Started process (PID=1220) to work on /home/airflow/.local/lib/python3.11/site-packages/airflow/example_dags/example_bash_decorator.py
[2024-12-23T15:52:04.348+0000] {processor.py:914} INFO - Processing file /home/airflow/.local/lib/python3.11/site-packages/airflow/example_dags/example_bash_decorator.py for tasks to queue
[2024-12-23T15:52:04.350+0000] {logging_mixin.py:190} INFO - [2024-12-23T15:52:04.350+0000] {dagbag.py:588} INFO - Filling up the DagBag from /home/airflow/.local/lib/python3.11/site-packages/airflow/example_dags/example_bash_decorator.py
[2024-12-23T15:52:04.358+0000] {processor.py:925} INFO - DAG(s) 'example_bash_decorator' retrieved from /home/airflow/.local/lib/python3.11/site-packages/airflow/example_dags/example_bash_decorator.py
[2024-12-23T15:52:04.369+0000] {logging_mixin.py:190} INFO - [2024-12-23T15:52:04.369+0000] {dag.py:3239} INFO - Sync 1 DAGs
[2024-12-23T15:52:04.376+0000] {logging_mixin.py:190} INFO - [2024-12-23T15:52:04.375+0000] {dag.py:4180} INFO - Setting next_dagrun for example_bash_decorator to None, run_after=None
[2024-12-23T15:52:04.383+0000] {processor.py:208} INFO - Processing /home/airflow/.local/lib/python3.11/site-packages/airflow/example_dags/example_bash_decorator.py took 0.039 seconds
[2024-12-23T15:52:34.773+0000] {processor.py:186} INFO - Started process (PID=1284) to work on /home/airflow/.local/lib/python3.11/site-packages/airflow/example_dags/example_bash_decorator.py
[2024-12-23T15:52:34.773+0000] {processor.py:914} INFO - Processing file /home/airflow/.local/lib/python3.11/site-packages/airflow/example_dags/example_bash_decorator.py for tasks to queue
[2024-12-23T15:52:34.775+0000] {logging_mixin.py:190} INFO - [2024-12-23T15:52:34.775+0000] {dagbag.py:588} INFO - Filling up the DagBag from /home/airflow/.local/lib/python3.11/site-packages/airflow/example_dags/example_bash_decorator.py
[2024-12-23T15:52:34.783+0000] {processor.py:925} INFO - DAG(s) 'example_bash_decorator' retrieved from /home/airflow/.local/lib/python3.11/site-packages/airflow/example_dags/example_bash_decorator.py
[2024-12-23T15:52:34.794+0000] {logging_mixin.py:190} INFO - [2024-12-23T15:52:34.793+0000] {dag.py:3239} INFO - Sync 1 DAGs
[2024-12-23T15:52:34.800+0000] {logging_mixin.py:190} INFO - [2024-12-23T15:52:34.800+0000] {dag.py:4180} INFO - Setting next_dagrun for example_bash_decorator to None, run_after=None
[2024-12-23T15:52:34.811+0000] {processor.py:208} INFO - Processing /home/airflow/.local/lib/python3.11/site-packages/airflow/example_dags/example_bash_decorator.py took 0.042 seconds
[2024-12-23T15:53:05.219+0000] {processor.py:186} INFO - Started process (PID=1348) to work on /home/airflow/.local/lib/python3.11/site-packages/airflow/example_dags/example_bash_decorator.py
[2024-12-23T15:53:05.220+0000] {processor.py:914} INFO - Processing file /home/airflow/.local/lib/python3.11/site-packages/airflow/example_dags/example_bash_decorator.py for tasks to queue
[2024-12-23T15:53:05.222+0000] {logging_mixin.py:190} INFO - [2024-12-23T15:53:05.221+0000] {dagbag.py:588} INFO - Filling up the DagBag from /home/airflow/.local/lib/python3.11/site-packages/airflow/example_dags/example_bash_decorator.py
[2024-12-23T15:53:05.233+0000] {processor.py:925} INFO - DAG(s) 'example_bash_decorator' retrieved from /home/airflow/.local/lib/python3.11/site-packages/airflow/example_dags/example_bash_decorator.py
[2024-12-23T15:53:05.247+0000] {logging_mixin.py:190} INFO - [2024-12-23T15:53:05.247+0000] {dag.py:3239} INFO - Sync 1 DAGs
[2024-12-23T15:53:05.254+0000] {logging_mixin.py:190} INFO - [2024-12-23T15:53:05.254+0000] {dag.py:4180} INFO - Setting next_dagrun for example_bash_decorator to None, run_after=None
[2024-12-23T15:53:05.263+0000] {processor.py:208} INFO - Processing /home/airflow/.local/lib/python3.11/site-packages/airflow/example_dags/example_bash_decorator.py took 0.051 seconds
[2024-12-23T15:53:35.754+0000] {processor.py:186} INFO - Started process (PID=1412) to work on /home/airflow/.local/lib/python3.11/site-packages/airflow/example_dags/example_bash_decorator.py
[2024-12-23T15:53:35.754+0000] {processor.py:914} INFO - Processing file /home/airflow/.local/lib/python3.11/site-packages/airflow/example_dags/example_bash_decorator.py for tasks to queue
[2024-12-23T15:53:35.756+0000] {logging_mixin.py:190} INFO - [2024-12-23T15:53:35.755+0000] {dagbag.py:588} INFO - Filling up the DagBag from /home/airflow/.local/lib/python3.11/site-packages/airflow/example_dags/example_bash_decorator.py
[2024-12-23T15:53:35.763+0000] {processor.py:925} INFO - DAG(s) 'example_bash_decorator' retrieved from /home/airflow/.local/lib/python3.11/site-packages/airflow/example_dags/example_bash_decorator.py
[2024-12-23T15:53:35.775+0000] {logging_mixin.py:190} INFO - [2024-12-23T15:53:35.775+0000] {dag.py:3239} INFO - Sync 1 DAGs
[2024-12-23T15:53:35.782+0000] {logging_mixin.py:190} INFO - [2024-12-23T15:53:35.781+0000] {dag.py:4180} INFO - Setting next_dagrun for example_bash_decorator to None, run_after=None
[2024-12-23T15:53:35.790+0000] {processor.py:208} INFO - Processing /home/airflow/.local/lib/python3.11/site-packages/airflow/example_dags/example_bash_decorator.py took 0.039 seconds
[2024-12-23T15:54:06.295+0000] {processor.py:186} INFO - Started process (PID=1476) to work on /home/airflow/.local/lib/python3.11/site-packages/airflow/example_dags/example_bash_decorator.py
[2024-12-23T15:54:06.296+0000] {processor.py:914} INFO - Processing file /home/airflow/.local/lib/python3.11/site-packages/airflow/example_dags/example_bash_decorator.py for tasks to queue
[2024-12-23T15:54:06.297+0000] {logging_mixin.py:190} INFO - [2024-12-23T15:54:06.297+0000] {dagbag.py:588} INFO - Filling up the DagBag from /home/airflow/.local/lib/python3.11/site-packages/airflow/example_dags/example_bash_decorator.py
[2024-12-23T15:54:06.305+0000] {processor.py:925} INFO - DAG(s) 'example_bash_decorator' retrieved from /home/airflow/.local/lib/python3.11/site-packages/airflow/example_dags/example_bash_decorator.py
[2024-12-23T15:54:06.316+0000] {logging_mixin.py:190} INFO - [2024-12-23T15:54:06.316+0000] {dag.py:3239} INFO - Sync 1 DAGs
[2024-12-23T15:54:06.323+0000] {logging_mixin.py:190} INFO - [2024-12-23T15:54:06.323+0000] {dag.py:4180} INFO - Setting next_dagrun for example_bash_decorator to None, run_after=None
[2024-12-23T15:54:06.331+0000] {processor.py:208} INFO - Processing /home/airflow/.local/lib/python3.11/site-packages/airflow/example_dags/example_bash_decorator.py took 0.040 seconds
[2024-12-23T15:54:36.805+0000] {processor.py:186} INFO - Started process (PID=1540) to work on /home/airflow/.local/lib/python3.11/site-packages/airflow/example_dags/example_bash_decorator.py
[2024-12-23T15:54:36.806+0000] {processor.py:914} INFO - Processing file /home/airflow/.local/lib/python3.11/site-packages/airflow/example_dags/example_bash_decorator.py for tasks to queue
[2024-12-23T15:54:36.807+0000] {logging_mixin.py:190} INFO - [2024-12-23T15:54:36.807+0000] {dagbag.py:588} INFO - Filling up the DagBag from /home/airflow/.local/lib/python3.11/site-packages/airflow/example_dags/example_bash_decorator.py
[2024-12-23T15:54:36.814+0000] {processor.py:925} INFO - DAG(s) 'example_bash_decorator' retrieved from /home/airflow/.local/lib/python3.11/site-packages/airflow/example_dags/example_bash_decorator.py
[2024-12-23T15:54:36.824+0000] {logging_mixin.py:190} INFO - [2024-12-23T15:54:36.824+0000] {dag.py:3239} INFO - Sync 1 DAGs
[2024-12-23T15:54:36.830+0000] {logging_mixin.py:190} INFO - [2024-12-23T15:54:36.830+0000] {dag.py:4180} INFO - Setting next_dagrun for example_bash_decorator to None, run_after=None
[2024-12-23T15:54:36.837+0000] {processor.py:208} INFO - Processing /home/airflow/.local/lib/python3.11/site-packages/airflow/example_dags/example_bash_decorator.py took 0.035 seconds
[2024-12-23T15:55:07.204+0000] {processor.py:186} INFO - Started process (PID=1604) to work on /home/airflow/.local/lib/python3.11/site-packages/airflow/example_dags/example_bash_decorator.py
[2024-12-23T15:55:07.205+0000] {processor.py:914} INFO - Processing file /home/airflow/.local/lib/python3.11/site-packages/airflow/example_dags/example_bash_decorator.py for tasks to queue
[2024-12-23T15:55:07.206+0000] {logging_mixin.py:190} INFO - [2024-12-23T15:55:07.206+0000] {dagbag.py:588} INFO - Filling up the DagBag from /home/airflow/.local/lib/python3.11/site-packages/airflow/example_dags/example_bash_decorator.py
[2024-12-23T15:55:07.213+0000] {processor.py:925} INFO - DAG(s) 'example_bash_decorator' retrieved from /home/airflow/.local/lib/python3.11/site-packages/airflow/example_dags/example_bash_decorator.py
[2024-12-23T15:55:07.224+0000] {logging_mixin.py:190} INFO - [2024-12-23T15:55:07.224+0000] {dag.py:3239} INFO - Sync 1 DAGs
[2024-12-23T15:55:07.230+0000] {logging_mixin.py:190} INFO - [2024-12-23T15:55:07.230+0000] {dag.py:4180} INFO - Setting next_dagrun for example_bash_decorator to None, run_after=None
[2024-12-23T15:55:07.237+0000] {processor.py:208} INFO - Processing /home/airflow/.local/lib/python3.11/site-packages/airflow/example_dags/example_bash_decorator.py took 0.036 seconds
[2024-12-23T16:14:27.682+0000] {processor.py:186} INFO - Started process (PID=1662) to work on /home/airflow/.local/lib/python3.11/site-packages/airflow/example_dags/example_bash_decorator.py
[2024-12-23T16:14:27.683+0000] {processor.py:914} INFO - Processing file /home/airflow/.local/lib/python3.11/site-packages/airflow/example_dags/example_bash_decorator.py for tasks to queue
[2024-12-23T16:14:27.688+0000] {logging_mixin.py:190} INFO - [2024-12-23T16:14:27.687+0000] {dagbag.py:588} INFO - Filling up the DagBag from /home/airflow/.local/lib/python3.11/site-packages/airflow/example_dags/example_bash_decorator.py
[2024-12-23T16:14:27.697+0000] {processor.py:925} INFO - DAG(s) 'example_bash_decorator' retrieved from /home/airflow/.local/lib/python3.11/site-packages/airflow/example_dags/example_bash_decorator.py
[2024-12-23T16:14:27.710+0000] {logging_mixin.py:190} INFO - [2024-12-23T16:14:27.710+0000] {dag.py:3239} INFO - Sync 1 DAGs
[2024-12-23T16:14:27.717+0000] {logging_mixin.py:190} INFO - [2024-12-23T16:14:27.717+0000] {dag.py:4180} INFO - Setting next_dagrun for example_bash_decorator to None, run_after=None
[2024-12-23T16:14:27.727+0000] {processor.py:208} INFO - Processing /home/airflow/.local/lib/python3.11/site-packages/airflow/example_dags/example_bash_decorator.py took 0.048 seconds
