[2024-12-23T15:36:01.046+0000] {processor.py:186} INFO - Started process (PID=51) to work on /home/airflow/.local/lib/python3.11/site-packages/airflow/example_dags/example_complex.py
[2024-12-23T15:36:01.051+0000] {processor.py:914} INFO - Processing file /home/airflow/.local/lib/python3.11/site-packages/airflow/example_dags/example_complex.py for tasks to queue
[2024-12-23T15:36:01.060+0000] {logging_mixin.py:190} INFO - [2024-12-23T15:36:01.059+0000] {dagbag.py:588} INFO - Filling up the DagBag from /home/airflow/.local/lib/python3.11/site-packages/airflow/example_dags/example_complex.py
[2024-12-23T15:36:01.100+0000] {processor.py:925} INFO - DAG(s) 'example_complex' retrieved from /home/airflow/.local/lib/python3.11/site-packages/airflow/example_dags/example_complex.py
[2024-12-23T15:36:01.250+0000] {logging_mixin.py:190} INFO - [2024-12-23T15:36:01.249+0000] {dag.py:3239} INFO - Sync 1 DAGs
[2024-12-23T15:36:01.277+0000] {logging_mixin.py:190} INFO - [2024-12-23T15:36:01.276+0000] {dag.py:4180} INFO - Setting next_dagrun for example_complex to None, run_after=None
[2024-12-23T15:36:01.344+0000] {processor.py:208} INFO - Processing /home/airflow/.local/lib/python3.11/site-packages/airflow/example_dags/example_complex.py took 0.306 seconds
[2024-12-23T15:36:32.502+0000] {processor.py:186} INFO - Started process (PID=114) to work on /home/airflow/.local/lib/python3.11/site-packages/airflow/example_dags/example_complex.py
[2024-12-23T15:36:32.505+0000] {processor.py:914} INFO - Processing file /home/airflow/.local/lib/python3.11/site-packages/airflow/example_dags/example_complex.py for tasks to queue
[2024-12-23T15:36:32.510+0000] {logging_mixin.py:190} INFO - [2024-12-23T15:36:32.509+0000] {dagbag.py:588} INFO - Filling up the DagBag from /home/airflow/.local/lib/python3.11/site-packages/airflow/example_dags/example_complex.py
[2024-12-23T15:36:32.531+0000] {processor.py:925} INFO - DAG(s) 'example_complex' retrieved from /home/airflow/.local/lib/python3.11/site-packages/airflow/example_dags/example_complex.py
[2024-12-23T15:36:32.571+0000] {logging_mixin.py:190} INFO - [2024-12-23T15:36:32.571+0000] {dag.py:3239} INFO - Sync 1 DAGs
[2024-12-23T15:36:32.581+0000] {logging_mixin.py:190} INFO - [2024-12-23T15:36:32.581+0000] {dag.py:4180} INFO - Setting next_dagrun for example_complex to None, run_after=None
[2024-12-23T15:36:32.612+0000] {processor.py:208} INFO - Processing /home/airflow/.local/lib/python3.11/site-packages/airflow/example_dags/example_complex.py took 0.132 seconds
[2024-12-23T15:37:03.345+0000] {processor.py:186} INFO - Started process (PID=178) to work on /home/airflow/.local/lib/python3.11/site-packages/airflow/example_dags/example_complex.py
[2024-12-23T15:37:03.345+0000] {processor.py:914} INFO - Processing file /home/airflow/.local/lib/python3.11/site-packages/airflow/example_dags/example_complex.py for tasks to queue
[2024-12-23T15:37:03.347+0000] {logging_mixin.py:190} INFO - [2024-12-23T15:37:03.347+0000] {dagbag.py:588} INFO - Filling up the DagBag from /home/airflow/.local/lib/python3.11/site-packages/airflow/example_dags/example_complex.py
[2024-12-23T15:37:03.355+0000] {processor.py:925} INFO - DAG(s) 'example_complex' retrieved from /home/airflow/.local/lib/python3.11/site-packages/airflow/example_dags/example_complex.py
[2024-12-23T15:37:03.372+0000] {logging_mixin.py:190} INFO - [2024-12-23T15:37:03.372+0000] {dag.py:3239} INFO - Sync 1 DAGs
[2024-12-23T15:37:03.379+0000] {logging_mixin.py:190} INFO - [2024-12-23T15:37:03.379+0000] {dag.py:4180} INFO - Setting next_dagrun for example_complex to None, run_after=None
[2024-12-23T15:37:03.388+0000] {processor.py:208} INFO - Processing /home/airflow/.local/lib/python3.11/site-packages/airflow/example_dags/example_complex.py took 0.047 seconds
[2024-12-23T15:37:34.022+0000] {processor.py:186} INFO - Started process (PID=242) to work on /home/airflow/.local/lib/python3.11/site-packages/airflow/example_dags/example_complex.py
[2024-12-23T15:37:34.022+0000] {processor.py:914} INFO - Processing file /home/airflow/.local/lib/python3.11/site-packages/airflow/example_dags/example_complex.py for tasks to queue
[2024-12-23T15:37:34.025+0000] {logging_mixin.py:190} INFO - [2024-12-23T15:37:34.024+0000] {dagbag.py:588} INFO - Filling up the DagBag from /home/airflow/.local/lib/python3.11/site-packages/airflow/example_dags/example_complex.py
[2024-12-23T15:37:34.037+0000] {processor.py:925} INFO - DAG(s) 'example_complex' retrieved from /home/airflow/.local/lib/python3.11/site-packages/airflow/example_dags/example_complex.py
[2024-12-23T15:37:34.054+0000] {logging_mixin.py:190} INFO - [2024-12-23T15:37:34.054+0000] {dag.py:3239} INFO - Sync 1 DAGs
[2024-12-23T15:37:34.062+0000] {logging_mixin.py:190} INFO - [2024-12-23T15:37:34.062+0000] {dag.py:4180} INFO - Setting next_dagrun for example_complex to None, run_after=None
[2024-12-23T15:37:34.073+0000] {processor.py:208} INFO - Processing /home/airflow/.local/lib/python3.11/site-packages/airflow/example_dags/example_complex.py took 0.056 seconds
[2024-12-23T15:38:04.994+0000] {processor.py:186} INFO - Started process (PID=305) to work on /home/airflow/.local/lib/python3.11/site-packages/airflow/example_dags/example_complex.py
[2024-12-23T15:38:04.995+0000] {processor.py:914} INFO - Processing file /home/airflow/.local/lib/python3.11/site-packages/airflow/example_dags/example_complex.py for tasks to queue
[2024-12-23T15:38:04.997+0000] {logging_mixin.py:190} INFO - [2024-12-23T15:38:04.996+0000] {dagbag.py:588} INFO - Filling up the DagBag from /home/airflow/.local/lib/python3.11/site-packages/airflow/example_dags/example_complex.py
[2024-12-23T15:38:05.013+0000] {processor.py:925} INFO - DAG(s) 'example_complex' retrieved from /home/airflow/.local/lib/python3.11/site-packages/airflow/example_dags/example_complex.py
[2024-12-23T15:38:05.180+0000] {logging_mixin.py:190} INFO - [2024-12-23T15:38:05.180+0000] {dag.py:3239} INFO - Sync 1 DAGs
[2024-12-23T15:38:05.199+0000] {logging_mixin.py:190} INFO - [2024-12-23T15:38:05.199+0000] {dag.py:4180} INFO - Setting next_dagrun for example_complex to None, run_after=None
[2024-12-23T15:38:05.213+0000] {processor.py:208} INFO - Processing /home/airflow/.local/lib/python3.11/site-packages/airflow/example_dags/example_complex.py took 0.223 seconds
[2024-12-23T15:38:35.564+0000] {processor.py:186} INFO - Started process (PID=369) to work on /home/airflow/.local/lib/python3.11/site-packages/airflow/example_dags/example_complex.py
[2024-12-23T15:38:35.565+0000] {processor.py:914} INFO - Processing file /home/airflow/.local/lib/python3.11/site-packages/airflow/example_dags/example_complex.py for tasks to queue
[2024-12-23T15:38:35.566+0000] {logging_mixin.py:190} INFO - [2024-12-23T15:38:35.566+0000] {dagbag.py:588} INFO - Filling up the DagBag from /home/airflow/.local/lib/python3.11/site-packages/airflow/example_dags/example_complex.py
[2024-12-23T15:38:35.573+0000] {processor.py:925} INFO - DAG(s) 'example_complex' retrieved from /home/airflow/.local/lib/python3.11/site-packages/airflow/example_dags/example_complex.py
[2024-12-23T15:38:35.587+0000] {logging_mixin.py:190} INFO - [2024-12-23T15:38:35.586+0000] {dag.py:3239} INFO - Sync 1 DAGs
[2024-12-23T15:38:35.592+0000] {logging_mixin.py:190} INFO - [2024-12-23T15:38:35.592+0000] {dag.py:4180} INFO - Setting next_dagrun for example_complex to None, run_after=None
[2024-12-23T15:38:35.600+0000] {processor.py:208} INFO - Processing /home/airflow/.local/lib/python3.11/site-packages/airflow/example_dags/example_complex.py took 0.041 seconds
[2024-12-23T15:39:06.681+0000] {processor.py:186} INFO - Started process (PID=433) to work on /home/airflow/.local/lib/python3.11/site-packages/airflow/example_dags/example_complex.py
[2024-12-23T15:39:06.684+0000] {processor.py:914} INFO - Processing file /home/airflow/.local/lib/python3.11/site-packages/airflow/example_dags/example_complex.py for tasks to queue
[2024-12-23T15:39:06.686+0000] {logging_mixin.py:190} INFO - [2024-12-23T15:39:06.686+0000] {dagbag.py:588} INFO - Filling up the DagBag from /home/airflow/.local/lib/python3.11/site-packages/airflow/example_dags/example_complex.py
[2024-12-23T15:39:06.692+0000] {processor.py:925} INFO - DAG(s) 'example_complex' retrieved from /home/airflow/.local/lib/python3.11/site-packages/airflow/example_dags/example_complex.py
[2024-12-23T15:39:06.706+0000] {logging_mixin.py:190} INFO - [2024-12-23T15:39:06.706+0000] {dag.py:3239} INFO - Sync 1 DAGs
[2024-12-23T15:39:06.714+0000] {logging_mixin.py:190} INFO - [2024-12-23T15:39:06.714+0000] {dag.py:4180} INFO - Setting next_dagrun for example_complex to None, run_after=None
[2024-12-23T15:39:06.724+0000] {processor.py:208} INFO - Processing /home/airflow/.local/lib/python3.11/site-packages/airflow/example_dags/example_complex.py took 0.047 seconds
[2024-12-23T15:39:36.924+0000] {processor.py:186} INFO - Started process (PID=497) to work on /home/airflow/.local/lib/python3.11/site-packages/airflow/example_dags/example_complex.py
[2024-12-23T15:39:36.925+0000] {processor.py:914} INFO - Processing file /home/airflow/.local/lib/python3.11/site-packages/airflow/example_dags/example_complex.py for tasks to queue
[2024-12-23T15:39:36.926+0000] {logging_mixin.py:190} INFO - [2024-12-23T15:39:36.926+0000] {dagbag.py:588} INFO - Filling up the DagBag from /home/airflow/.local/lib/python3.11/site-packages/airflow/example_dags/example_complex.py
[2024-12-23T15:39:36.933+0000] {processor.py:925} INFO - DAG(s) 'example_complex' retrieved from /home/airflow/.local/lib/python3.11/site-packages/airflow/example_dags/example_complex.py
[2024-12-23T15:39:36.948+0000] {logging_mixin.py:190} INFO - [2024-12-23T15:39:36.947+0000] {dag.py:3239} INFO - Sync 1 DAGs
[2024-12-23T15:39:36.954+0000] {logging_mixin.py:190} INFO - [2024-12-23T15:39:36.954+0000] {dag.py:4180} INFO - Setting next_dagrun for example_complex to None, run_after=None
[2024-12-23T15:39:36.961+0000] {processor.py:208} INFO - Processing /home/airflow/.local/lib/python3.11/site-packages/airflow/example_dags/example_complex.py took 0.041 seconds
[2024-12-23T15:40:08.031+0000] {processor.py:186} INFO - Started process (PID=561) to work on /home/airflow/.local/lib/python3.11/site-packages/airflow/example_dags/example_complex.py
[2024-12-23T15:40:08.033+0000] {processor.py:914} INFO - Processing file /home/airflow/.local/lib/python3.11/site-packages/airflow/example_dags/example_complex.py for tasks to queue
[2024-12-23T15:40:08.036+0000] {logging_mixin.py:190} INFO - [2024-12-23T15:40:08.035+0000] {dagbag.py:588} INFO - Filling up the DagBag from /home/airflow/.local/lib/python3.11/site-packages/airflow/example_dags/example_complex.py
[2024-12-23T15:40:08.046+0000] {processor.py:925} INFO - DAG(s) 'example_complex' retrieved from /home/airflow/.local/lib/python3.11/site-packages/airflow/example_dags/example_complex.py
[2024-12-23T15:40:08.084+0000] {logging_mixin.py:190} INFO - [2024-12-23T15:40:08.084+0000] {dag.py:3239} INFO - Sync 1 DAGs
[2024-12-23T15:40:08.131+0000] {logging_mixin.py:190} INFO - [2024-12-23T15:40:08.131+0000] {dag.py:4180} INFO - Setting next_dagrun for example_complex to None, run_after=None
[2024-12-23T15:40:08.147+0000] {processor.py:208} INFO - Processing /home/airflow/.local/lib/python3.11/site-packages/airflow/example_dags/example_complex.py took 0.122 seconds
[2024-12-23T15:40:39.500+0000] {processor.py:186} INFO - Started process (PID=625) to work on /home/airflow/.local/lib/python3.11/site-packages/airflow/example_dags/example_complex.py
[2024-12-23T15:40:39.505+0000] {processor.py:914} INFO - Processing file /home/airflow/.local/lib/python3.11/site-packages/airflow/example_dags/example_complex.py for tasks to queue
[2024-12-23T15:40:39.519+0000] {logging_mixin.py:190} INFO - [2024-12-23T15:40:39.518+0000] {dagbag.py:588} INFO - Filling up the DagBag from /home/airflow/.local/lib/python3.11/site-packages/airflow/example_dags/example_complex.py
[2024-12-23T15:40:39.540+0000] {processor.py:925} INFO - DAG(s) 'example_complex' retrieved from /home/airflow/.local/lib/python3.11/site-packages/airflow/example_dags/example_complex.py
[2024-12-23T15:40:39.574+0000] {logging_mixin.py:190} INFO - [2024-12-23T15:40:39.574+0000] {dag.py:3239} INFO - Sync 1 DAGs
[2024-12-23T15:40:39.630+0000] {logging_mixin.py:190} INFO - [2024-12-23T15:40:39.629+0000] {dag.py:4180} INFO - Setting next_dagrun for example_complex to None, run_after=None
[2024-12-23T15:40:39.687+0000] {processor.py:208} INFO - Processing /home/airflow/.local/lib/python3.11/site-packages/airflow/example_dags/example_complex.py took 0.198 seconds
[2024-12-23T15:41:10.282+0000] {processor.py:186} INFO - Started process (PID=689) to work on /home/airflow/.local/lib/python3.11/site-packages/airflow/example_dags/example_complex.py
[2024-12-23T15:41:10.283+0000] {processor.py:914} INFO - Processing file /home/airflow/.local/lib/python3.11/site-packages/airflow/example_dags/example_complex.py for tasks to queue
[2024-12-23T15:41:10.287+0000] {logging_mixin.py:190} INFO - [2024-12-23T15:41:10.287+0000] {dagbag.py:588} INFO - Filling up the DagBag from /home/airflow/.local/lib/python3.11/site-packages/airflow/example_dags/example_complex.py
[2024-12-23T15:41:10.299+0000] {processor.py:925} INFO - DAG(s) 'example_complex' retrieved from /home/airflow/.local/lib/python3.11/site-packages/airflow/example_dags/example_complex.py
[2024-12-23T15:41:10.325+0000] {logging_mixin.py:190} INFO - [2024-12-23T15:41:10.325+0000] {dag.py:3239} INFO - Sync 1 DAGs
[2024-12-23T15:41:10.337+0000] {logging_mixin.py:190} INFO - [2024-12-23T15:41:10.337+0000] {dag.py:4180} INFO - Setting next_dagrun for example_complex to None, run_after=None
[2024-12-23T15:41:10.350+0000] {processor.py:208} INFO - Processing /home/airflow/.local/lib/python3.11/site-packages/airflow/example_dags/example_complex.py took 0.075 seconds
[2024-12-23T15:41:40.636+0000] {processor.py:186} INFO - Started process (PID=753) to work on /home/airflow/.local/lib/python3.11/site-packages/airflow/example_dags/example_complex.py
[2024-12-23T15:41:40.636+0000] {processor.py:914} INFO - Processing file /home/airflow/.local/lib/python3.11/site-packages/airflow/example_dags/example_complex.py for tasks to queue
[2024-12-23T15:41:40.638+0000] {logging_mixin.py:190} INFO - [2024-12-23T15:41:40.638+0000] {dagbag.py:588} INFO - Filling up the DagBag from /home/airflow/.local/lib/python3.11/site-packages/airflow/example_dags/example_complex.py
[2024-12-23T15:41:40.645+0000] {processor.py:925} INFO - DAG(s) 'example_complex' retrieved from /home/airflow/.local/lib/python3.11/site-packages/airflow/example_dags/example_complex.py
[2024-12-23T15:41:40.661+0000] {logging_mixin.py:190} INFO - [2024-12-23T15:41:40.661+0000] {dag.py:3239} INFO - Sync 1 DAGs
[2024-12-23T15:41:40.669+0000] {logging_mixin.py:190} INFO - [2024-12-23T15:41:40.669+0000] {dag.py:4180} INFO - Setting next_dagrun for example_complex to None, run_after=None
[2024-12-23T15:41:40.691+0000] {processor.py:208} INFO - Processing /home/airflow/.local/lib/python3.11/site-packages/airflow/example_dags/example_complex.py took 0.059 seconds
[2024-12-23T15:42:11.665+0000] {processor.py:186} INFO - Started process (PID=817) to work on /home/airflow/.local/lib/python3.11/site-packages/airflow/example_dags/example_complex.py
[2024-12-23T15:42:11.666+0000] {processor.py:914} INFO - Processing file /home/airflow/.local/lib/python3.11/site-packages/airflow/example_dags/example_complex.py for tasks to queue
[2024-12-23T15:42:11.667+0000] {logging_mixin.py:190} INFO - [2024-12-23T15:42:11.667+0000] {dagbag.py:588} INFO - Filling up the DagBag from /home/airflow/.local/lib/python3.11/site-packages/airflow/example_dags/example_complex.py
[2024-12-23T15:42:11.674+0000] {processor.py:925} INFO - DAG(s) 'example_complex' retrieved from /home/airflow/.local/lib/python3.11/site-packages/airflow/example_dags/example_complex.py
[2024-12-23T15:42:11.688+0000] {logging_mixin.py:190} INFO - [2024-12-23T15:42:11.688+0000] {dag.py:3239} INFO - Sync 1 DAGs
[2024-12-23T15:42:11.694+0000] {logging_mixin.py:190} INFO - [2024-12-23T15:42:11.694+0000] {dag.py:4180} INFO - Setting next_dagrun for example_complex to None, run_after=None
[2024-12-23T15:42:11.701+0000] {processor.py:208} INFO - Processing /home/airflow/.local/lib/python3.11/site-packages/airflow/example_dags/example_complex.py took 0.039 seconds
[2024-12-23T15:49:30.929+0000] {processor.py:186} INFO - Started process (PID=881) to work on /home/airflow/.local/lib/python3.11/site-packages/airflow/example_dags/example_complex.py
[2024-12-23T15:49:30.931+0000] {processor.py:914} INFO - Processing file /home/airflow/.local/lib/python3.11/site-packages/airflow/example_dags/example_complex.py for tasks to queue
[2024-12-23T15:49:30.934+0000] {logging_mixin.py:190} INFO - [2024-12-23T15:49:30.933+0000] {dagbag.py:588} INFO - Filling up the DagBag from /home/airflow/.local/lib/python3.11/site-packages/airflow/example_dags/example_complex.py
[2024-12-23T15:49:30.953+0000] {processor.py:925} INFO - DAG(s) 'example_complex' retrieved from /home/airflow/.local/lib/python3.11/site-packages/airflow/example_dags/example_complex.py
[2024-12-23T15:49:30.974+0000] {logging_mixin.py:190} INFO - [2024-12-23T15:49:30.974+0000] {dag.py:3239} INFO - Sync 1 DAGs
[2024-12-23T15:49:30.983+0000] {logging_mixin.py:190} INFO - [2024-12-23T15:49:30.983+0000] {dag.py:4180} INFO - Setting next_dagrun for example_complex to None, run_after=None
[2024-12-23T15:49:30.994+0000] {processor.py:208} INFO - Processing /home/airflow/.local/lib/python3.11/site-packages/airflow/example_dags/example_complex.py took 0.071 seconds
[2024-12-23T15:50:01.787+0000] {processor.py:186} INFO - Started process (PID=945) to work on /home/airflow/.local/lib/python3.11/site-packages/airflow/example_dags/example_complex.py
[2024-12-23T15:50:01.790+0000] {processor.py:914} INFO - Processing file /home/airflow/.local/lib/python3.11/site-packages/airflow/example_dags/example_complex.py for tasks to queue
[2024-12-23T15:50:01.791+0000] {logging_mixin.py:190} INFO - [2024-12-23T15:50:01.791+0000] {dagbag.py:588} INFO - Filling up the DagBag from /home/airflow/.local/lib/python3.11/site-packages/airflow/example_dags/example_complex.py
[2024-12-23T15:50:01.797+0000] {processor.py:925} INFO - DAG(s) 'example_complex' retrieved from /home/airflow/.local/lib/python3.11/site-packages/airflow/example_dags/example_complex.py
[2024-12-23T15:50:01.817+0000] {logging_mixin.py:190} INFO - [2024-12-23T15:50:01.816+0000] {dag.py:3239} INFO - Sync 1 DAGs
[2024-12-23T15:50:01.827+0000] {logging_mixin.py:190} INFO - [2024-12-23T15:50:01.826+0000] {dag.py:4180} INFO - Setting next_dagrun for example_complex to None, run_after=None
[2024-12-23T15:50:01.835+0000] {processor.py:208} INFO - Processing /home/airflow/.local/lib/python3.11/site-packages/airflow/example_dags/example_complex.py took 0.051 seconds
[2024-12-23T15:50:32.149+0000] {processor.py:186} INFO - Started process (PID=1009) to work on /home/airflow/.local/lib/python3.11/site-packages/airflow/example_dags/example_complex.py
[2024-12-23T15:50:32.150+0000] {processor.py:914} INFO - Processing file /home/airflow/.local/lib/python3.11/site-packages/airflow/example_dags/example_complex.py for tasks to queue
[2024-12-23T15:50:32.154+0000] {logging_mixin.py:190} INFO - [2024-12-23T15:50:32.154+0000] {dagbag.py:588} INFO - Filling up the DagBag from /home/airflow/.local/lib/python3.11/site-packages/airflow/example_dags/example_complex.py
[2024-12-23T15:50:32.162+0000] {processor.py:925} INFO - DAG(s) 'example_complex' retrieved from /home/airflow/.local/lib/python3.11/site-packages/airflow/example_dags/example_complex.py
[2024-12-23T15:50:32.177+0000] {logging_mixin.py:190} INFO - [2024-12-23T15:50:32.177+0000] {dag.py:3239} INFO - Sync 1 DAGs
[2024-12-23T15:50:32.184+0000] {logging_mixin.py:190} INFO - [2024-12-23T15:50:32.184+0000] {dag.py:4180} INFO - Setting next_dagrun for example_complex to None, run_after=None
[2024-12-23T15:50:32.192+0000] {processor.py:208} INFO - Processing /home/airflow/.local/lib/python3.11/site-packages/airflow/example_dags/example_complex.py took 0.046 seconds
[2024-12-23T15:51:02.676+0000] {processor.py:186} INFO - Started process (PID=1073) to work on /home/airflow/.local/lib/python3.11/site-packages/airflow/example_dags/example_complex.py
[2024-12-23T15:51:02.677+0000] {processor.py:914} INFO - Processing file /home/airflow/.local/lib/python3.11/site-packages/airflow/example_dags/example_complex.py for tasks to queue
[2024-12-23T15:51:02.679+0000] {logging_mixin.py:190} INFO - [2024-12-23T15:51:02.678+0000] {dagbag.py:588} INFO - Filling up the DagBag from /home/airflow/.local/lib/python3.11/site-packages/airflow/example_dags/example_complex.py
[2024-12-23T15:51:02.687+0000] {processor.py:925} INFO - DAG(s) 'example_complex' retrieved from /home/airflow/.local/lib/python3.11/site-packages/airflow/example_dags/example_complex.py
[2024-12-23T15:51:02.702+0000] {logging_mixin.py:190} INFO - [2024-12-23T15:51:02.702+0000] {dag.py:3239} INFO - Sync 1 DAGs
[2024-12-23T15:51:02.708+0000] {logging_mixin.py:190} INFO - [2024-12-23T15:51:02.708+0000] {dag.py:4180} INFO - Setting next_dagrun for example_complex to None, run_after=None
[2024-12-23T15:51:02.715+0000] {processor.py:208} INFO - Processing /home/airflow/.local/lib/python3.11/site-packages/airflow/example_dags/example_complex.py took 0.042 seconds
[2024-12-23T15:51:33.466+0000] {processor.py:186} INFO - Started process (PID=1143) to work on /home/airflow/.local/lib/python3.11/site-packages/airflow/example_dags/example_complex.py
[2024-12-23T15:51:33.469+0000] {processor.py:914} INFO - Processing file /home/airflow/.local/lib/python3.11/site-packages/airflow/example_dags/example_complex.py for tasks to queue
[2024-12-23T15:51:33.470+0000] {logging_mixin.py:190} INFO - [2024-12-23T15:51:33.470+0000] {dagbag.py:588} INFO - Filling up the DagBag from /home/airflow/.local/lib/python3.11/site-packages/airflow/example_dags/example_complex.py
[2024-12-23T15:51:33.477+0000] {processor.py:925} INFO - DAG(s) 'example_complex' retrieved from /home/airflow/.local/lib/python3.11/site-packages/airflow/example_dags/example_complex.py
[2024-12-23T15:51:33.492+0000] {logging_mixin.py:190} INFO - [2024-12-23T15:51:33.491+0000] {dag.py:3239} INFO - Sync 1 DAGs
[2024-12-23T15:51:33.497+0000] {logging_mixin.py:190} INFO - [2024-12-23T15:51:33.497+0000] {dag.py:4180} INFO - Setting next_dagrun for example_complex to None, run_after=None
[2024-12-23T15:51:33.505+0000] {processor.py:208} INFO - Processing /home/airflow/.local/lib/python3.11/site-packages/airflow/example_dags/example_complex.py took 0.042 seconds
[2024-12-23T15:52:03.844+0000] {processor.py:186} INFO - Started process (PID=1207) to work on /home/airflow/.local/lib/python3.11/site-packages/airflow/example_dags/example_complex.py
[2024-12-23T15:52:03.845+0000] {processor.py:914} INFO - Processing file /home/airflow/.local/lib/python3.11/site-packages/airflow/example_dags/example_complex.py for tasks to queue
[2024-12-23T15:52:03.847+0000] {logging_mixin.py:190} INFO - [2024-12-23T15:52:03.847+0000] {dagbag.py:588} INFO - Filling up the DagBag from /home/airflow/.local/lib/python3.11/site-packages/airflow/example_dags/example_complex.py
[2024-12-23T15:52:03.854+0000] {processor.py:925} INFO - DAG(s) 'example_complex' retrieved from /home/airflow/.local/lib/python3.11/site-packages/airflow/example_dags/example_complex.py
[2024-12-23T15:52:03.869+0000] {logging_mixin.py:190} INFO - [2024-12-23T15:52:03.869+0000] {dag.py:3239} INFO - Sync 1 DAGs
[2024-12-23T15:52:03.875+0000] {logging_mixin.py:190} INFO - [2024-12-23T15:52:03.875+0000] {dag.py:4180} INFO - Setting next_dagrun for example_complex to None, run_after=None
[2024-12-23T15:52:03.883+0000] {processor.py:208} INFO - Processing /home/airflow/.local/lib/python3.11/site-packages/airflow/example_dags/example_complex.py took 0.042 seconds
[2024-12-23T15:52:34.304+0000] {processor.py:186} INFO - Started process (PID=1271) to work on /home/airflow/.local/lib/python3.11/site-packages/airflow/example_dags/example_complex.py
[2024-12-23T15:52:34.308+0000] {processor.py:914} INFO - Processing file /home/airflow/.local/lib/python3.11/site-packages/airflow/example_dags/example_complex.py for tasks to queue
[2024-12-23T15:52:34.310+0000] {logging_mixin.py:190} INFO - [2024-12-23T15:52:34.310+0000] {dagbag.py:588} INFO - Filling up the DagBag from /home/airflow/.local/lib/python3.11/site-packages/airflow/example_dags/example_complex.py
[2024-12-23T15:52:34.316+0000] {processor.py:925} INFO - DAG(s) 'example_complex' retrieved from /home/airflow/.local/lib/python3.11/site-packages/airflow/example_dags/example_complex.py
[2024-12-23T15:52:34.331+0000] {logging_mixin.py:190} INFO - [2024-12-23T15:52:34.330+0000] {dag.py:3239} INFO - Sync 1 DAGs
[2024-12-23T15:52:34.337+0000] {logging_mixin.py:190} INFO - [2024-12-23T15:52:34.337+0000] {dag.py:4180} INFO - Setting next_dagrun for example_complex to None, run_after=None
[2024-12-23T15:52:34.345+0000] {processor.py:208} INFO - Processing /home/airflow/.local/lib/python3.11/site-packages/airflow/example_dags/example_complex.py took 0.044 seconds
[2024-12-23T15:53:04.724+0000] {processor.py:186} INFO - Started process (PID=1335) to work on /home/airflow/.local/lib/python3.11/site-packages/airflow/example_dags/example_complex.py
[2024-12-23T15:53:04.725+0000] {processor.py:914} INFO - Processing file /home/airflow/.local/lib/python3.11/site-packages/airflow/example_dags/example_complex.py for tasks to queue
[2024-12-23T15:53:04.726+0000] {logging_mixin.py:190} INFO - [2024-12-23T15:53:04.726+0000] {dagbag.py:588} INFO - Filling up the DagBag from /home/airflow/.local/lib/python3.11/site-packages/airflow/example_dags/example_complex.py
[2024-12-23T15:53:04.733+0000] {processor.py:925} INFO - DAG(s) 'example_complex' retrieved from /home/airflow/.local/lib/python3.11/site-packages/airflow/example_dags/example_complex.py
[2024-12-23T15:53:04.747+0000] {logging_mixin.py:190} INFO - [2024-12-23T15:53:04.747+0000] {dag.py:3239} INFO - Sync 1 DAGs
[2024-12-23T15:53:04.754+0000] {logging_mixin.py:190} INFO - [2024-12-23T15:53:04.753+0000] {dag.py:4180} INFO - Setting next_dagrun for example_complex to None, run_after=None
[2024-12-23T15:53:04.761+0000] {processor.py:208} INFO - Processing /home/airflow/.local/lib/python3.11/site-packages/airflow/example_dags/example_complex.py took 0.041 seconds
[2024-12-23T15:53:35.276+0000] {processor.py:186} INFO - Started process (PID=1399) to work on /home/airflow/.local/lib/python3.11/site-packages/airflow/example_dags/example_complex.py
[2024-12-23T15:53:35.277+0000] {processor.py:914} INFO - Processing file /home/airflow/.local/lib/python3.11/site-packages/airflow/example_dags/example_complex.py for tasks to queue
[2024-12-23T15:53:35.279+0000] {logging_mixin.py:190} INFO - [2024-12-23T15:53:35.279+0000] {dagbag.py:588} INFO - Filling up the DagBag from /home/airflow/.local/lib/python3.11/site-packages/airflow/example_dags/example_complex.py
[2024-12-23T15:53:35.286+0000] {processor.py:925} INFO - DAG(s) 'example_complex' retrieved from /home/airflow/.local/lib/python3.11/site-packages/airflow/example_dags/example_complex.py
[2024-12-23T15:53:35.300+0000] {logging_mixin.py:190} INFO - [2024-12-23T15:53:35.300+0000] {dag.py:3239} INFO - Sync 1 DAGs
[2024-12-23T15:53:35.307+0000] {logging_mixin.py:190} INFO - [2024-12-23T15:53:35.307+0000] {dag.py:4180} INFO - Setting next_dagrun for example_complex to None, run_after=None
[2024-12-23T15:53:35.314+0000] {processor.py:208} INFO - Processing /home/airflow/.local/lib/python3.11/site-packages/airflow/example_dags/example_complex.py took 0.041 seconds
[2024-12-23T15:54:05.815+0000] {processor.py:186} INFO - Started process (PID=1463) to work on /home/airflow/.local/lib/python3.11/site-packages/airflow/example_dags/example_complex.py
[2024-12-23T15:54:05.817+0000] {processor.py:914} INFO - Processing file /home/airflow/.local/lib/python3.11/site-packages/airflow/example_dags/example_complex.py for tasks to queue
[2024-12-23T15:54:05.819+0000] {logging_mixin.py:190} INFO - [2024-12-23T15:54:05.818+0000] {dagbag.py:588} INFO - Filling up the DagBag from /home/airflow/.local/lib/python3.11/site-packages/airflow/example_dags/example_complex.py
[2024-12-23T15:54:05.826+0000] {processor.py:925} INFO - DAG(s) 'example_complex' retrieved from /home/airflow/.local/lib/python3.11/site-packages/airflow/example_dags/example_complex.py
[2024-12-23T15:54:05.841+0000] {logging_mixin.py:190} INFO - [2024-12-23T15:54:05.841+0000] {dag.py:3239} INFO - Sync 1 DAGs
[2024-12-23T15:54:05.848+0000] {logging_mixin.py:190} INFO - [2024-12-23T15:54:05.848+0000] {dag.py:4180} INFO - Setting next_dagrun for example_complex to None, run_after=None
[2024-12-23T15:54:05.855+0000] {processor.py:208} INFO - Processing /home/airflow/.local/lib/python3.11/site-packages/airflow/example_dags/example_complex.py took 0.043 seconds
[2024-12-23T15:54:36.312+0000] {processor.py:186} INFO - Started process (PID=1527) to work on /home/airflow/.local/lib/python3.11/site-packages/airflow/example_dags/example_complex.py
[2024-12-23T15:54:36.313+0000] {processor.py:914} INFO - Processing file /home/airflow/.local/lib/python3.11/site-packages/airflow/example_dags/example_complex.py for tasks to queue
[2024-12-23T15:54:36.314+0000] {logging_mixin.py:190} INFO - [2024-12-23T15:54:36.314+0000] {dagbag.py:588} INFO - Filling up the DagBag from /home/airflow/.local/lib/python3.11/site-packages/airflow/example_dags/example_complex.py
[2024-12-23T15:54:36.324+0000] {processor.py:925} INFO - DAG(s) 'example_complex' retrieved from /home/airflow/.local/lib/python3.11/site-packages/airflow/example_dags/example_complex.py
[2024-12-23T15:54:36.350+0000] {logging_mixin.py:190} INFO - [2024-12-23T15:54:36.349+0000] {dag.py:3239} INFO - Sync 1 DAGs
[2024-12-23T15:54:36.358+0000] {logging_mixin.py:190} INFO - [2024-12-23T15:54:36.358+0000] {dag.py:4180} INFO - Setting next_dagrun for example_complex to None, run_after=None
[2024-12-23T15:54:36.371+0000] {processor.py:208} INFO - Processing /home/airflow/.local/lib/python3.11/site-packages/airflow/example_dags/example_complex.py took 0.062 seconds
[2024-12-23T15:55:06.733+0000] {processor.py:186} INFO - Started process (PID=1591) to work on /home/airflow/.local/lib/python3.11/site-packages/airflow/example_dags/example_complex.py
[2024-12-23T15:55:06.734+0000] {processor.py:914} INFO - Processing file /home/airflow/.local/lib/python3.11/site-packages/airflow/example_dags/example_complex.py for tasks to queue
[2024-12-23T15:55:06.735+0000] {logging_mixin.py:190} INFO - [2024-12-23T15:55:06.735+0000] {dagbag.py:588} INFO - Filling up the DagBag from /home/airflow/.local/lib/python3.11/site-packages/airflow/example_dags/example_complex.py
[2024-12-23T15:55:06.743+0000] {processor.py:925} INFO - DAG(s) 'example_complex' retrieved from /home/airflow/.local/lib/python3.11/site-packages/airflow/example_dags/example_complex.py
[2024-12-23T15:55:06.757+0000] {logging_mixin.py:190} INFO - [2024-12-23T15:55:06.757+0000] {dag.py:3239} INFO - Sync 1 DAGs
[2024-12-23T15:55:06.763+0000] {logging_mixin.py:190} INFO - [2024-12-23T15:55:06.763+0000] {dag.py:4180} INFO - Setting next_dagrun for example_complex to None, run_after=None
[2024-12-23T15:55:06.772+0000] {processor.py:208} INFO - Processing /home/airflow/.local/lib/python3.11/site-packages/airflow/example_dags/example_complex.py took 0.042 seconds
[2024-12-23T16:14:26.691+0000] {processor.py:186} INFO - Started process (PID=1649) to work on /home/airflow/.local/lib/python3.11/site-packages/airflow/example_dags/example_complex.py
[2024-12-23T16:14:26.692+0000] {processor.py:914} INFO - Processing file /home/airflow/.local/lib/python3.11/site-packages/airflow/example_dags/example_complex.py for tasks to queue
[2024-12-23T16:14:26.694+0000] {logging_mixin.py:190} INFO - [2024-12-23T16:14:26.694+0000] {dagbag.py:588} INFO - Filling up the DagBag from /home/airflow/.local/lib/python3.11/site-packages/airflow/example_dags/example_complex.py
[2024-12-23T16:14:26.701+0000] {processor.py:925} INFO - DAG(s) 'example_complex' retrieved from /home/airflow/.local/lib/python3.11/site-packages/airflow/example_dags/example_complex.py
[2024-12-23T16:14:26.715+0000] {logging_mixin.py:190} INFO - [2024-12-23T16:14:26.715+0000] {dag.py:3239} INFO - Sync 1 DAGs
[2024-12-23T16:14:26.723+0000] {logging_mixin.py:190} INFO - [2024-12-23T16:14:26.723+0000] {dag.py:4180} INFO - Setting next_dagrun for example_complex to None, run_after=None
[2024-12-23T16:14:26.735+0000] {processor.py:208} INFO - Processing /home/airflow/.local/lib/python3.11/site-packages/airflow/example_dags/example_complex.py took 0.048 seconds
