[2024-12-23T15:36:02.523+0000] {processor.py:186} INFO - Started process (PID=54) to work on /home/airflow/.local/lib/python3.11/site-packages/airflow/example_dags/example_params_ui_tutorial.py
[2024-12-23T15:36:02.527+0000] {processor.py:914} INFO - Processing file /home/airflow/.local/lib/python3.11/site-packages/airflow/example_dags/example_params_ui_tutorial.py for tasks to queue
[2024-12-23T15:36:02.533+0000] {logging_mixin.py:190} INFO - [2024-12-23T15:36:02.532+0000] {dagbag.py:588} INFO - Filling up the DagBag from /home/airflow/.local/lib/python3.11/site-packages/airflow/example_dags/example_params_ui_tutorial.py
[2024-12-23T15:36:02.573+0000] {processor.py:925} INFO - DAG(s) 'example_params_ui_tutorial' retrieved from /home/airflow/.local/lib/python3.11/site-packages/airflow/example_dags/example_params_ui_tutorial.py
[2024-12-23T15:36:03.418+0000] {logging_mixin.py:190} INFO - [2024-12-23T15:36:03.417+0000] {dag.py:3239} INFO - Sync 1 DAGs
[2024-12-23T15:36:03.442+0000] {logging_mixin.py:190} INFO - [2024-12-23T15:36:03.442+0000] {dag.py:4180} INFO - Setting next_dagrun for example_params_ui_tutorial to None, run_after=None
[2024-12-23T15:36:03.492+0000] {processor.py:208} INFO - Processing /home/airflow/.local/lib/python3.11/site-packages/airflow/example_dags/example_params_ui_tutorial.py took 0.982 seconds
[2024-12-23T15:36:33.719+0000] {processor.py:186} INFO - Started process (PID=117) to work on /home/airflow/.local/lib/python3.11/site-packages/airflow/example_dags/example_params_ui_tutorial.py
[2024-12-23T15:36:33.720+0000] {processor.py:914} INFO - Processing file /home/airflow/.local/lib/python3.11/site-packages/airflow/example_dags/example_params_ui_tutorial.py for tasks to queue
[2024-12-23T15:36:33.722+0000] {logging_mixin.py:190} INFO - [2024-12-23T15:36:33.722+0000] {dagbag.py:588} INFO - Filling up the DagBag from /home/airflow/.local/lib/python3.11/site-packages/airflow/example_dags/example_params_ui_tutorial.py
[2024-12-23T15:36:33.732+0000] {processor.py:925} INFO - DAG(s) 'example_params_ui_tutorial' retrieved from /home/airflow/.local/lib/python3.11/site-packages/airflow/example_dags/example_params_ui_tutorial.py
[2024-12-23T15:36:33.763+0000] {logging_mixin.py:190} INFO - [2024-12-23T15:36:33.762+0000] {dag.py:3239} INFO - Sync 1 DAGs
[2024-12-23T15:36:33.784+0000] {logging_mixin.py:190} INFO - [2024-12-23T15:36:33.784+0000] {dag.py:4180} INFO - Setting next_dagrun for example_params_ui_tutorial to None, run_after=None
[2024-12-23T15:36:33.797+0000] {processor.py:208} INFO - Processing /home/airflow/.local/lib/python3.11/site-packages/airflow/example_dags/example_params_ui_tutorial.py took 0.094 seconds
[2024-12-23T15:37:04.457+0000] {processor.py:186} INFO - Started process (PID=181) to work on /home/airflow/.local/lib/python3.11/site-packages/airflow/example_dags/example_params_ui_tutorial.py
[2024-12-23T15:37:04.458+0000] {processor.py:914} INFO - Processing file /home/airflow/.local/lib/python3.11/site-packages/airflow/example_dags/example_params_ui_tutorial.py for tasks to queue
[2024-12-23T15:37:04.460+0000] {logging_mixin.py:190} INFO - [2024-12-23T15:37:04.460+0000] {dagbag.py:588} INFO - Filling up the DagBag from /home/airflow/.local/lib/python3.11/site-packages/airflow/example_dags/example_params_ui_tutorial.py
[2024-12-23T15:37:04.469+0000] {processor.py:925} INFO - DAG(s) 'example_params_ui_tutorial' retrieved from /home/airflow/.local/lib/python3.11/site-packages/airflow/example_dags/example_params_ui_tutorial.py
[2024-12-23T15:37:04.496+0000] {logging_mixin.py:190} INFO - [2024-12-23T15:37:04.496+0000] {dag.py:3239} INFO - Sync 1 DAGs
[2024-12-23T15:37:04.505+0000] {logging_mixin.py:190} INFO - [2024-12-23T15:37:04.505+0000] {dag.py:4180} INFO - Setting next_dagrun for example_params_ui_tutorial to None, run_after=None
[2024-12-23T15:37:04.523+0000] {processor.py:208} INFO - Processing /home/airflow/.local/lib/python3.11/site-packages/airflow/example_dags/example_params_ui_tutorial.py took 0.072 seconds
[2024-12-23T15:37:35.222+0000] {processor.py:186} INFO - Started process (PID=245) to work on /home/airflow/.local/lib/python3.11/site-packages/airflow/example_dags/example_params_ui_tutorial.py
[2024-12-23T15:37:35.223+0000] {processor.py:914} INFO - Processing file /home/airflow/.local/lib/python3.11/site-packages/airflow/example_dags/example_params_ui_tutorial.py for tasks to queue
[2024-12-23T15:37:35.226+0000] {logging_mixin.py:190} INFO - [2024-12-23T15:37:35.226+0000] {dagbag.py:588} INFO - Filling up the DagBag from /home/airflow/.local/lib/python3.11/site-packages/airflow/example_dags/example_params_ui_tutorial.py
[2024-12-23T15:37:35.237+0000] {processor.py:925} INFO - DAG(s) 'example_params_ui_tutorial' retrieved from /home/airflow/.local/lib/python3.11/site-packages/airflow/example_dags/example_params_ui_tutorial.py
[2024-12-23T15:37:35.266+0000] {logging_mixin.py:190} INFO - [2024-12-23T15:37:35.265+0000] {dag.py:3239} INFO - Sync 1 DAGs
[2024-12-23T15:37:35.277+0000] {logging_mixin.py:190} INFO - [2024-12-23T15:37:35.277+0000] {dag.py:4180} INFO - Setting next_dagrun for example_params_ui_tutorial to None, run_after=None
[2024-12-23T15:37:35.296+0000] {processor.py:208} INFO - Processing /home/airflow/.local/lib/python3.11/site-packages/airflow/example_dags/example_params_ui_tutorial.py took 0.081 seconds
[2024-12-23T15:38:05.458+0000] {processor.py:186} INFO - Started process (PID=307) to work on /home/airflow/.local/lib/python3.11/site-packages/airflow/example_dags/example_params_ui_tutorial.py
[2024-12-23T15:38:05.463+0000] {processor.py:914} INFO - Processing file /home/airflow/.local/lib/python3.11/site-packages/airflow/example_dags/example_params_ui_tutorial.py for tasks to queue
[2024-12-23T15:38:05.473+0000] {logging_mixin.py:190} INFO - [2024-12-23T15:38:05.472+0000] {dagbag.py:588} INFO - Filling up the DagBag from /home/airflow/.local/lib/python3.11/site-packages/airflow/example_dags/example_params_ui_tutorial.py
[2024-12-23T15:38:05.644+0000] {processor.py:925} INFO - DAG(s) 'example_params_ui_tutorial' retrieved from /home/airflow/.local/lib/python3.11/site-packages/airflow/example_dags/example_params_ui_tutorial.py
[2024-12-23T15:38:05.692+0000] {logging_mixin.py:190} INFO - [2024-12-23T15:38:05.692+0000] {dag.py:3239} INFO - Sync 1 DAGs
[2024-12-23T15:38:05.699+0000] {logging_mixin.py:190} INFO - [2024-12-23T15:38:05.699+0000] {dag.py:4180} INFO - Setting next_dagrun for example_params_ui_tutorial to None, run_after=None
[2024-12-23T15:38:05.710+0000] {processor.py:208} INFO - Processing /home/airflow/.local/lib/python3.11/site-packages/airflow/example_dags/example_params_ui_tutorial.py took 0.257 seconds
[2024-12-23T15:38:36.657+0000] {processor.py:186} INFO - Started process (PID=372) to work on /home/airflow/.local/lib/python3.11/site-packages/airflow/example_dags/example_params_ui_tutorial.py
[2024-12-23T15:38:36.659+0000] {processor.py:914} INFO - Processing file /home/airflow/.local/lib/python3.11/site-packages/airflow/example_dags/example_params_ui_tutorial.py for tasks to queue
[2024-12-23T15:38:36.662+0000] {logging_mixin.py:190} INFO - [2024-12-23T15:38:36.661+0000] {dagbag.py:588} INFO - Filling up the DagBag from /home/airflow/.local/lib/python3.11/site-packages/airflow/example_dags/example_params_ui_tutorial.py
[2024-12-23T15:38:36.671+0000] {processor.py:925} INFO - DAG(s) 'example_params_ui_tutorial' retrieved from /home/airflow/.local/lib/python3.11/site-packages/airflow/example_dags/example_params_ui_tutorial.py
[2024-12-23T15:38:36.698+0000] {logging_mixin.py:190} INFO - [2024-12-23T15:38:36.698+0000] {dag.py:3239} INFO - Sync 1 DAGs
[2024-12-23T15:38:36.706+0000] {logging_mixin.py:190} INFO - [2024-12-23T15:38:36.706+0000] {dag.py:4180} INFO - Setting next_dagrun for example_params_ui_tutorial to None, run_after=None
[2024-12-23T15:38:36.718+0000] {processor.py:208} INFO - Processing /home/airflow/.local/lib/python3.11/site-packages/airflow/example_dags/example_params_ui_tutorial.py took 0.068 seconds
[2024-12-23T15:39:06.739+0000] {processor.py:186} INFO - Started process (PID=435) to work on /home/airflow/.local/lib/python3.11/site-packages/airflow/example_dags/example_params_ui_tutorial.py
[2024-12-23T15:39:06.739+0000] {processor.py:914} INFO - Processing file /home/airflow/.local/lib/python3.11/site-packages/airflow/example_dags/example_params_ui_tutorial.py for tasks to queue
[2024-12-23T15:39:06.741+0000] {logging_mixin.py:190} INFO - [2024-12-23T15:39:06.740+0000] {dagbag.py:588} INFO - Filling up the DagBag from /home/airflow/.local/lib/python3.11/site-packages/airflow/example_dags/example_params_ui_tutorial.py
[2024-12-23T15:39:06.745+0000] {processor.py:925} INFO - DAG(s) 'example_params_ui_tutorial' retrieved from /home/airflow/.local/lib/python3.11/site-packages/airflow/example_dags/example_params_ui_tutorial.py
[2024-12-23T15:39:06.763+0000] {logging_mixin.py:190} INFO - [2024-12-23T15:39:06.763+0000] {dag.py:3239} INFO - Sync 1 DAGs
[2024-12-23T15:39:06.769+0000] {logging_mixin.py:190} INFO - [2024-12-23T15:39:06.768+0000] {dag.py:4180} INFO - Setting next_dagrun for example_params_ui_tutorial to None, run_after=None
[2024-12-23T15:39:06.776+0000] {processor.py:208} INFO - Processing /home/airflow/.local/lib/python3.11/site-packages/airflow/example_dags/example_params_ui_tutorial.py took 0.041 seconds
[2024-12-23T15:39:36.974+0000] {processor.py:186} INFO - Started process (PID=499) to work on /home/airflow/.local/lib/python3.11/site-packages/airflow/example_dags/example_params_ui_tutorial.py
[2024-12-23T15:39:36.975+0000] {processor.py:914} INFO - Processing file /home/airflow/.local/lib/python3.11/site-packages/airflow/example_dags/example_params_ui_tutorial.py for tasks to queue
[2024-12-23T15:39:36.976+0000] {logging_mixin.py:190} INFO - [2024-12-23T15:39:36.976+0000] {dagbag.py:588} INFO - Filling up the DagBag from /home/airflow/.local/lib/python3.11/site-packages/airflow/example_dags/example_params_ui_tutorial.py
[2024-12-23T15:39:36.981+0000] {processor.py:925} INFO - DAG(s) 'example_params_ui_tutorial' retrieved from /home/airflow/.local/lib/python3.11/site-packages/airflow/example_dags/example_params_ui_tutorial.py
[2024-12-23T15:39:36.999+0000] {logging_mixin.py:190} INFO - [2024-12-23T15:39:36.999+0000] {dag.py:3239} INFO - Sync 1 DAGs
[2024-12-23T15:39:37.006+0000] {logging_mixin.py:190} INFO - [2024-12-23T15:39:37.006+0000] {dag.py:4180} INFO - Setting next_dagrun for example_params_ui_tutorial to None, run_after=None
[2024-12-23T15:39:37.017+0000] {processor.py:208} INFO - Processing /home/airflow/.local/lib/python3.11/site-packages/airflow/example_dags/example_params_ui_tutorial.py took 0.046 seconds
[2024-12-23T15:40:08.171+0000] {processor.py:186} INFO - Started process (PID=563) to work on /home/airflow/.local/lib/python3.11/site-packages/airflow/example_dags/example_params_ui_tutorial.py
[2024-12-23T15:40:08.173+0000] {processor.py:914} INFO - Processing file /home/airflow/.local/lib/python3.11/site-packages/airflow/example_dags/example_params_ui_tutorial.py for tasks to queue
[2024-12-23T15:40:08.175+0000] {logging_mixin.py:190} INFO - [2024-12-23T15:40:08.175+0000] {dagbag.py:588} INFO - Filling up the DagBag from /home/airflow/.local/lib/python3.11/site-packages/airflow/example_dags/example_params_ui_tutorial.py
[2024-12-23T15:40:08.183+0000] {processor.py:925} INFO - DAG(s) 'example_params_ui_tutorial' retrieved from /home/airflow/.local/lib/python3.11/site-packages/airflow/example_dags/example_params_ui_tutorial.py
[2024-12-23T15:40:08.208+0000] {logging_mixin.py:190} INFO - [2024-12-23T15:40:08.208+0000] {dag.py:3239} INFO - Sync 1 DAGs
[2024-12-23T15:40:08.220+0000] {logging_mixin.py:190} INFO - [2024-12-23T15:40:08.220+0000] {dag.py:4180} INFO - Setting next_dagrun for example_params_ui_tutorial to None, run_after=None
[2024-12-23T15:40:08.233+0000] {processor.py:208} INFO - Processing /home/airflow/.local/lib/python3.11/site-packages/airflow/example_dags/example_params_ui_tutorial.py took 0.068 seconds
[2024-12-23T15:40:39.803+0000] {processor.py:186} INFO - Started process (PID=628) to work on /home/airflow/.local/lib/python3.11/site-packages/airflow/example_dags/example_params_ui_tutorial.py
[2024-12-23T15:40:39.805+0000] {processor.py:914} INFO - Processing file /home/airflow/.local/lib/python3.11/site-packages/airflow/example_dags/example_params_ui_tutorial.py for tasks to queue
[2024-12-23T15:40:39.808+0000] {logging_mixin.py:190} INFO - [2024-12-23T15:40:39.807+0000] {dagbag.py:588} INFO - Filling up the DagBag from /home/airflow/.local/lib/python3.11/site-packages/airflow/example_dags/example_params_ui_tutorial.py
[2024-12-23T15:40:39.818+0000] {processor.py:925} INFO - DAG(s) 'example_params_ui_tutorial' retrieved from /home/airflow/.local/lib/python3.11/site-packages/airflow/example_dags/example_params_ui_tutorial.py
[2024-12-23T15:40:39.908+0000] {logging_mixin.py:190} INFO - [2024-12-23T15:40:39.907+0000] {dag.py:3239} INFO - Sync 1 DAGs
[2024-12-23T15:40:39.975+0000] {logging_mixin.py:190} INFO - [2024-12-23T15:40:39.974+0000] {dag.py:4180} INFO - Setting next_dagrun for example_params_ui_tutorial to None, run_after=None
[2024-12-23T15:40:40.060+0000] {processor.py:208} INFO - Processing /home/airflow/.local/lib/python3.11/site-packages/airflow/example_dags/example_params_ui_tutorial.py took 0.270 seconds
[2024-12-23T15:41:10.369+0000] {processor.py:186} INFO - Started process (PID=691) to work on /home/airflow/.local/lib/python3.11/site-packages/airflow/example_dags/example_params_ui_tutorial.py
[2024-12-23T15:41:10.370+0000] {processor.py:914} INFO - Processing file /home/airflow/.local/lib/python3.11/site-packages/airflow/example_dags/example_params_ui_tutorial.py for tasks to queue
[2024-12-23T15:41:10.371+0000] {logging_mixin.py:190} INFO - [2024-12-23T15:41:10.371+0000] {dagbag.py:588} INFO - Filling up the DagBag from /home/airflow/.local/lib/python3.11/site-packages/airflow/example_dags/example_params_ui_tutorial.py
[2024-12-23T15:41:10.378+0000] {processor.py:925} INFO - DAG(s) 'example_params_ui_tutorial' retrieved from /home/airflow/.local/lib/python3.11/site-packages/airflow/example_dags/example_params_ui_tutorial.py
[2024-12-23T15:41:10.400+0000] {logging_mixin.py:190} INFO - [2024-12-23T15:41:10.400+0000] {dag.py:3239} INFO - Sync 1 DAGs
[2024-12-23T15:41:10.408+0000] {logging_mixin.py:190} INFO - [2024-12-23T15:41:10.408+0000] {dag.py:4180} INFO - Setting next_dagrun for example_params_ui_tutorial to None, run_after=None
[2024-12-23T15:41:10.417+0000] {processor.py:208} INFO - Processing /home/airflow/.local/lib/python3.11/site-packages/airflow/example_dags/example_params_ui_tutorial.py took 0.052 seconds
[2024-12-23T15:41:40.710+0000] {processor.py:186} INFO - Started process (PID=755) to work on /home/airflow/.local/lib/python3.11/site-packages/airflow/example_dags/example_params_ui_tutorial.py
[2024-12-23T15:41:40.711+0000] {processor.py:914} INFO - Processing file /home/airflow/.local/lib/python3.11/site-packages/airflow/example_dags/example_params_ui_tutorial.py for tasks to queue
[2024-12-23T15:41:40.712+0000] {logging_mixin.py:190} INFO - [2024-12-23T15:41:40.712+0000] {dagbag.py:588} INFO - Filling up the DagBag from /home/airflow/.local/lib/python3.11/site-packages/airflow/example_dags/example_params_ui_tutorial.py
[2024-12-23T15:41:40.717+0000] {processor.py:925} INFO - DAG(s) 'example_params_ui_tutorial' retrieved from /home/airflow/.local/lib/python3.11/site-packages/airflow/example_dags/example_params_ui_tutorial.py
[2024-12-23T15:41:40.737+0000] {logging_mixin.py:190} INFO - [2024-12-23T15:41:40.736+0000] {dag.py:3239} INFO - Sync 1 DAGs
[2024-12-23T15:41:40.743+0000] {logging_mixin.py:190} INFO - [2024-12-23T15:41:40.743+0000] {dag.py:4180} INFO - Setting next_dagrun for example_params_ui_tutorial to None, run_after=None
[2024-12-23T15:41:40.750+0000] {processor.py:208} INFO - Processing /home/airflow/.local/lib/python3.11/site-packages/airflow/example_dags/example_params_ui_tutorial.py took 0.044 seconds
[2024-12-23T15:42:11.714+0000] {processor.py:186} INFO - Started process (PID=819) to work on /home/airflow/.local/lib/python3.11/site-packages/airflow/example_dags/example_params_ui_tutorial.py
[2024-12-23T15:42:11.715+0000] {processor.py:914} INFO - Processing file /home/airflow/.local/lib/python3.11/site-packages/airflow/example_dags/example_params_ui_tutorial.py for tasks to queue
[2024-12-23T15:42:11.717+0000] {logging_mixin.py:190} INFO - [2024-12-23T15:42:11.716+0000] {dagbag.py:588} INFO - Filling up the DagBag from /home/airflow/.local/lib/python3.11/site-packages/airflow/example_dags/example_params_ui_tutorial.py
[2024-12-23T15:42:11.721+0000] {processor.py:925} INFO - DAG(s) 'example_params_ui_tutorial' retrieved from /home/airflow/.local/lib/python3.11/site-packages/airflow/example_dags/example_params_ui_tutorial.py
[2024-12-23T15:42:11.739+0000] {logging_mixin.py:190} INFO - [2024-12-23T15:42:11.739+0000] {dag.py:3239} INFO - Sync 1 DAGs
[2024-12-23T15:42:11.744+0000] {logging_mixin.py:190} INFO - [2024-12-23T15:42:11.744+0000] {dag.py:4180} INFO - Setting next_dagrun for example_params_ui_tutorial to None, run_after=None
[2024-12-23T15:42:11.752+0000] {processor.py:208} INFO - Processing /home/airflow/.local/lib/python3.11/site-packages/airflow/example_dags/example_params_ui_tutorial.py took 0.041 seconds
[2024-12-23T15:49:31.173+0000] {processor.py:186} INFO - Started process (PID=884) to work on /home/airflow/.local/lib/python3.11/site-packages/airflow/example_dags/example_params_ui_tutorial.py
[2024-12-23T15:49:31.174+0000] {processor.py:914} INFO - Processing file /home/airflow/.local/lib/python3.11/site-packages/airflow/example_dags/example_params_ui_tutorial.py for tasks to queue
[2024-12-23T15:49:31.179+0000] {logging_mixin.py:190} INFO - [2024-12-23T15:49:31.178+0000] {dagbag.py:588} INFO - Filling up the DagBag from /home/airflow/.local/lib/python3.11/site-packages/airflow/example_dags/example_params_ui_tutorial.py
[2024-12-23T15:49:31.201+0000] {processor.py:925} INFO - DAG(s) 'example_params_ui_tutorial' retrieved from /home/airflow/.local/lib/python3.11/site-packages/airflow/example_dags/example_params_ui_tutorial.py
[2024-12-23T15:49:31.265+0000] {logging_mixin.py:190} INFO - [2024-12-23T15:49:31.264+0000] {dag.py:3239} INFO - Sync 1 DAGs
[2024-12-23T15:49:31.288+0000] {logging_mixin.py:190} INFO - [2024-12-23T15:49:31.288+0000] {dag.py:4180} INFO - Setting next_dagrun for example_params_ui_tutorial to None, run_after=None
[2024-12-23T15:49:31.318+0000] {processor.py:208} INFO - Processing /home/airflow/.local/lib/python3.11/site-packages/airflow/example_dags/example_params_ui_tutorial.py took 0.156 seconds
[2024-12-23T15:50:01.892+0000] {processor.py:186} INFO - Started process (PID=948) to work on /home/airflow/.local/lib/python3.11/site-packages/airflow/example_dags/example_params_ui_tutorial.py
[2024-12-23T15:50:01.893+0000] {processor.py:914} INFO - Processing file /home/airflow/.local/lib/python3.11/site-packages/airflow/example_dags/example_params_ui_tutorial.py for tasks to queue
[2024-12-23T15:50:01.895+0000] {logging_mixin.py:190} INFO - [2024-12-23T15:50:01.894+0000] {dagbag.py:588} INFO - Filling up the DagBag from /home/airflow/.local/lib/python3.11/site-packages/airflow/example_dags/example_params_ui_tutorial.py
[2024-12-23T15:50:01.906+0000] {processor.py:925} INFO - DAG(s) 'example_params_ui_tutorial' retrieved from /home/airflow/.local/lib/python3.11/site-packages/airflow/example_dags/example_params_ui_tutorial.py
[2024-12-23T15:50:01.944+0000] {logging_mixin.py:190} INFO - [2024-12-23T15:50:01.944+0000] {dag.py:3239} INFO - Sync 1 DAGs
[2024-12-23T15:50:01.950+0000] {logging_mixin.py:190} INFO - [2024-12-23T15:50:01.950+0000] {dag.py:4180} INFO - Setting next_dagrun for example_params_ui_tutorial to None, run_after=None
[2024-12-23T15:50:01.959+0000] {processor.py:208} INFO - Processing /home/airflow/.local/lib/python3.11/site-packages/airflow/example_dags/example_params_ui_tutorial.py took 0.070 seconds
[2024-12-23T15:50:32.225+0000] {processor.py:186} INFO - Started process (PID=1011) to work on /home/airflow/.local/lib/python3.11/site-packages/airflow/example_dags/example_params_ui_tutorial.py
[2024-12-23T15:50:32.225+0000] {processor.py:914} INFO - Processing file /home/airflow/.local/lib/python3.11/site-packages/airflow/example_dags/example_params_ui_tutorial.py for tasks to queue
[2024-12-23T15:50:32.227+0000] {logging_mixin.py:190} INFO - [2024-12-23T15:50:32.227+0000] {dagbag.py:588} INFO - Filling up the DagBag from /home/airflow/.local/lib/python3.11/site-packages/airflow/example_dags/example_params_ui_tutorial.py
[2024-12-23T15:50:32.233+0000] {processor.py:925} INFO - DAG(s) 'example_params_ui_tutorial' retrieved from /home/airflow/.local/lib/python3.11/site-packages/airflow/example_dags/example_params_ui_tutorial.py
[2024-12-23T15:50:32.252+0000] {logging_mixin.py:190} INFO - [2024-12-23T15:50:32.252+0000] {dag.py:3239} INFO - Sync 1 DAGs
[2024-12-23T15:50:32.258+0000] {logging_mixin.py:190} INFO - [2024-12-23T15:50:32.258+0000] {dag.py:4180} INFO - Setting next_dagrun for example_params_ui_tutorial to None, run_after=None
[2024-12-23T15:50:32.265+0000] {processor.py:208} INFO - Processing /home/airflow/.local/lib/python3.11/site-packages/airflow/example_dags/example_params_ui_tutorial.py took 0.045 seconds
[2024-12-23T15:51:02.729+0000] {processor.py:186} INFO - Started process (PID=1075) to work on /home/airflow/.local/lib/python3.11/site-packages/airflow/example_dags/example_params_ui_tutorial.py
[2024-12-23T15:51:02.729+0000] {processor.py:914} INFO - Processing file /home/airflow/.local/lib/python3.11/site-packages/airflow/example_dags/example_params_ui_tutorial.py for tasks to queue
[2024-12-23T15:51:02.731+0000] {logging_mixin.py:190} INFO - [2024-12-23T15:51:02.731+0000] {dagbag.py:588} INFO - Filling up the DagBag from /home/airflow/.local/lib/python3.11/site-packages/airflow/example_dags/example_params_ui_tutorial.py
[2024-12-23T15:51:02.738+0000] {processor.py:925} INFO - DAG(s) 'example_params_ui_tutorial' retrieved from /home/airflow/.local/lib/python3.11/site-packages/airflow/example_dags/example_params_ui_tutorial.py
[2024-12-23T15:51:02.758+0000] {logging_mixin.py:190} INFO - [2024-12-23T15:51:02.758+0000] {dag.py:3239} INFO - Sync 1 DAGs
[2024-12-23T15:51:02.764+0000] {logging_mixin.py:190} INFO - [2024-12-23T15:51:02.764+0000] {dag.py:4180} INFO - Setting next_dagrun for example_params_ui_tutorial to None, run_after=None
[2024-12-23T15:51:02.772+0000] {processor.py:208} INFO - Processing /home/airflow/.local/lib/python3.11/site-packages/airflow/example_dags/example_params_ui_tutorial.py took 0.046 seconds
[2024-12-23T15:51:33.654+0000] {processor.py:186} INFO - Started process (PID=1146) to work on /home/airflow/.local/lib/python3.11/site-packages/airflow/example_dags/example_params_ui_tutorial.py
[2024-12-23T15:51:33.655+0000] {processor.py:914} INFO - Processing file /home/airflow/.local/lib/python3.11/site-packages/airflow/example_dags/example_params_ui_tutorial.py for tasks to queue
[2024-12-23T15:51:33.656+0000] {logging_mixin.py:190} INFO - [2024-12-23T15:51:33.656+0000] {dagbag.py:588} INFO - Filling up the DagBag from /home/airflow/.local/lib/python3.11/site-packages/airflow/example_dags/example_params_ui_tutorial.py
[2024-12-23T15:51:33.661+0000] {processor.py:925} INFO - DAG(s) 'example_params_ui_tutorial' retrieved from /home/airflow/.local/lib/python3.11/site-packages/airflow/example_dags/example_params_ui_tutorial.py
[2024-12-23T15:51:33.680+0000] {logging_mixin.py:190} INFO - [2024-12-23T15:51:33.680+0000] {dag.py:3239} INFO - Sync 1 DAGs
[2024-12-23T15:51:33.686+0000] {logging_mixin.py:190} INFO - [2024-12-23T15:51:33.686+0000] {dag.py:4180} INFO - Setting next_dagrun for example_params_ui_tutorial to None, run_after=None
[2024-12-23T15:51:33.694+0000] {processor.py:208} INFO - Processing /home/airflow/.local/lib/python3.11/site-packages/airflow/example_dags/example_params_ui_tutorial.py took 0.043 seconds
[2024-12-23T15:52:04.058+0000] {processor.py:186} INFO - Started process (PID=1210) to work on /home/airflow/.local/lib/python3.11/site-packages/airflow/example_dags/example_params_ui_tutorial.py
[2024-12-23T15:52:04.059+0000] {processor.py:914} INFO - Processing file /home/airflow/.local/lib/python3.11/site-packages/airflow/example_dags/example_params_ui_tutorial.py for tasks to queue
[2024-12-23T15:52:04.061+0000] {logging_mixin.py:190} INFO - [2024-12-23T15:52:04.061+0000] {dagbag.py:588} INFO - Filling up the DagBag from /home/airflow/.local/lib/python3.11/site-packages/airflow/example_dags/example_params_ui_tutorial.py
[2024-12-23T15:52:04.067+0000] {processor.py:925} INFO - DAG(s) 'example_params_ui_tutorial' retrieved from /home/airflow/.local/lib/python3.11/site-packages/airflow/example_dags/example_params_ui_tutorial.py
[2024-12-23T15:52:04.087+0000] {logging_mixin.py:190} INFO - [2024-12-23T15:52:04.087+0000] {dag.py:3239} INFO - Sync 1 DAGs
[2024-12-23T15:52:04.093+0000] {logging_mixin.py:190} INFO - [2024-12-23T15:52:04.093+0000] {dag.py:4180} INFO - Setting next_dagrun for example_params_ui_tutorial to None, run_after=None
[2024-12-23T15:52:04.102+0000] {processor.py:208} INFO - Processing /home/airflow/.local/lib/python3.11/site-packages/airflow/example_dags/example_params_ui_tutorial.py took 0.048 seconds
[2024-12-23T15:52:34.537+0000] {processor.py:186} INFO - Started process (PID=1275) to work on /home/airflow/.local/lib/python3.11/site-packages/airflow/example_dags/example_params_ui_tutorial.py
[2024-12-23T15:52:34.538+0000] {processor.py:914} INFO - Processing file /home/airflow/.local/lib/python3.11/site-packages/airflow/example_dags/example_params_ui_tutorial.py for tasks to queue
[2024-12-23T15:52:34.540+0000] {logging_mixin.py:190} INFO - [2024-12-23T15:52:34.539+0000] {dagbag.py:588} INFO - Filling up the DagBag from /home/airflow/.local/lib/python3.11/site-packages/airflow/example_dags/example_params_ui_tutorial.py
[2024-12-23T15:52:34.545+0000] {processor.py:925} INFO - DAG(s) 'example_params_ui_tutorial' retrieved from /home/airflow/.local/lib/python3.11/site-packages/airflow/example_dags/example_params_ui_tutorial.py
[2024-12-23T15:52:34.563+0000] {logging_mixin.py:190} INFO - [2024-12-23T15:52:34.563+0000] {dag.py:3239} INFO - Sync 1 DAGs
[2024-12-23T15:52:34.570+0000] {logging_mixin.py:190} INFO - [2024-12-23T15:52:34.569+0000] {dag.py:4180} INFO - Setting next_dagrun for example_params_ui_tutorial to None, run_after=None
[2024-12-23T15:52:34.577+0000] {processor.py:208} INFO - Processing /home/airflow/.local/lib/python3.11/site-packages/airflow/example_dags/example_params_ui_tutorial.py took 0.043 seconds
[2024-12-23T15:53:04.916+0000] {processor.py:186} INFO - Started process (PID=1338) to work on /home/airflow/.local/lib/python3.11/site-packages/airflow/example_dags/example_params_ui_tutorial.py
[2024-12-23T15:53:04.917+0000] {processor.py:914} INFO - Processing file /home/airflow/.local/lib/python3.11/site-packages/airflow/example_dags/example_params_ui_tutorial.py for tasks to queue
[2024-12-23T15:53:04.918+0000] {logging_mixin.py:190} INFO - [2024-12-23T15:53:04.918+0000] {dagbag.py:588} INFO - Filling up the DagBag from /home/airflow/.local/lib/python3.11/site-packages/airflow/example_dags/example_params_ui_tutorial.py
[2024-12-23T15:53:04.924+0000] {processor.py:925} INFO - DAG(s) 'example_params_ui_tutorial' retrieved from /home/airflow/.local/lib/python3.11/site-packages/airflow/example_dags/example_params_ui_tutorial.py
[2024-12-23T15:53:04.943+0000] {logging_mixin.py:190} INFO - [2024-12-23T15:53:04.943+0000] {dag.py:3239} INFO - Sync 1 DAGs
[2024-12-23T15:53:04.949+0000] {logging_mixin.py:190} INFO - [2024-12-23T15:53:04.949+0000] {dag.py:4180} INFO - Setting next_dagrun for example_params_ui_tutorial to None, run_after=None
[2024-12-23T15:53:04.957+0000] {processor.py:208} INFO - Processing /home/airflow/.local/lib/python3.11/site-packages/airflow/example_dags/example_params_ui_tutorial.py took 0.045 seconds
[2024-12-23T15:53:35.464+0000] {processor.py:186} INFO - Started process (PID=1402) to work on /home/airflow/.local/lib/python3.11/site-packages/airflow/example_dags/example_params_ui_tutorial.py
[2024-12-23T15:53:35.464+0000] {processor.py:914} INFO - Processing file /home/airflow/.local/lib/python3.11/site-packages/airflow/example_dags/example_params_ui_tutorial.py for tasks to queue
[2024-12-23T15:53:35.466+0000] {logging_mixin.py:190} INFO - [2024-12-23T15:53:35.466+0000] {dagbag.py:588} INFO - Filling up the DagBag from /home/airflow/.local/lib/python3.11/site-packages/airflow/example_dags/example_params_ui_tutorial.py
[2024-12-23T15:53:35.471+0000] {processor.py:925} INFO - DAG(s) 'example_params_ui_tutorial' retrieved from /home/airflow/.local/lib/python3.11/site-packages/airflow/example_dags/example_params_ui_tutorial.py
[2024-12-23T15:53:35.490+0000] {logging_mixin.py:190} INFO - [2024-12-23T15:53:35.490+0000] {dag.py:3239} INFO - Sync 1 DAGs
[2024-12-23T15:53:35.496+0000] {logging_mixin.py:190} INFO - [2024-12-23T15:53:35.496+0000] {dag.py:4180} INFO - Setting next_dagrun for example_params_ui_tutorial to None, run_after=None
[2024-12-23T15:53:35.504+0000] {processor.py:208} INFO - Processing /home/airflow/.local/lib/python3.11/site-packages/airflow/example_dags/example_params_ui_tutorial.py took 0.044 seconds
[2024-12-23T15:54:05.993+0000] {processor.py:186} INFO - Started process (PID=1466) to work on /home/airflow/.local/lib/python3.11/site-packages/airflow/example_dags/example_params_ui_tutorial.py
[2024-12-23T15:54:05.994+0000] {processor.py:914} INFO - Processing file /home/airflow/.local/lib/python3.11/site-packages/airflow/example_dags/example_params_ui_tutorial.py for tasks to queue
[2024-12-23T15:54:05.995+0000] {logging_mixin.py:190} INFO - [2024-12-23T15:54:05.995+0000] {dagbag.py:588} INFO - Filling up the DagBag from /home/airflow/.local/lib/python3.11/site-packages/airflow/example_dags/example_params_ui_tutorial.py
[2024-12-23T15:54:06.001+0000] {processor.py:925} INFO - DAG(s) 'example_params_ui_tutorial' retrieved from /home/airflow/.local/lib/python3.11/site-packages/airflow/example_dags/example_params_ui_tutorial.py
[2024-12-23T15:54:06.020+0000] {logging_mixin.py:190} INFO - [2024-12-23T15:54:06.019+0000] {dag.py:3239} INFO - Sync 1 DAGs
[2024-12-23T15:54:06.027+0000] {logging_mixin.py:190} INFO - [2024-12-23T15:54:06.027+0000] {dag.py:4180} INFO - Setting next_dagrun for example_params_ui_tutorial to None, run_after=None
[2024-12-23T15:54:06.035+0000] {processor.py:208} INFO - Processing /home/airflow/.local/lib/python3.11/site-packages/airflow/example_dags/example_params_ui_tutorial.py took 0.046 seconds
[2024-12-23T15:54:36.430+0000] {processor.py:186} INFO - Started process (PID=1530) to work on /home/airflow/.local/lib/python3.11/site-packages/airflow/example_dags/example_params_ui_tutorial.py
[2024-12-23T15:54:36.431+0000] {processor.py:914} INFO - Processing file /home/airflow/.local/lib/python3.11/site-packages/airflow/example_dags/example_params_ui_tutorial.py for tasks to queue
[2024-12-23T15:54:36.433+0000] {logging_mixin.py:190} INFO - [2024-12-23T15:54:36.433+0000] {dagbag.py:588} INFO - Filling up the DagBag from /home/airflow/.local/lib/python3.11/site-packages/airflow/example_dags/example_params_ui_tutorial.py
[2024-12-23T15:54:36.439+0000] {processor.py:925} INFO - DAG(s) 'example_params_ui_tutorial' retrieved from /home/airflow/.local/lib/python3.11/site-packages/airflow/example_dags/example_params_ui_tutorial.py
[2024-12-23T15:54:36.466+0000] {logging_mixin.py:190} INFO - [2024-12-23T15:54:36.466+0000] {dag.py:3239} INFO - Sync 1 DAGs
[2024-12-23T15:54:36.475+0000] {logging_mixin.py:190} INFO - [2024-12-23T15:54:36.475+0000] {dag.py:4180} INFO - Setting next_dagrun for example_params_ui_tutorial to None, run_after=None
[2024-12-23T15:54:36.486+0000] {processor.py:208} INFO - Processing /home/airflow/.local/lib/python3.11/site-packages/airflow/example_dags/example_params_ui_tutorial.py took 0.060 seconds
[2024-12-23T15:55:06.785+0000] {processor.py:186} INFO - Started process (PID=1593) to work on /home/airflow/.local/lib/python3.11/site-packages/airflow/example_dags/example_params_ui_tutorial.py
[2024-12-23T15:55:06.786+0000] {processor.py:914} INFO - Processing file /home/airflow/.local/lib/python3.11/site-packages/airflow/example_dags/example_params_ui_tutorial.py for tasks to queue
[2024-12-23T15:55:06.787+0000] {logging_mixin.py:190} INFO - [2024-12-23T15:55:06.787+0000] {dagbag.py:588} INFO - Filling up the DagBag from /home/airflow/.local/lib/python3.11/site-packages/airflow/example_dags/example_params_ui_tutorial.py
[2024-12-23T15:55:06.792+0000] {processor.py:925} INFO - DAG(s) 'example_params_ui_tutorial' retrieved from /home/airflow/.local/lib/python3.11/site-packages/airflow/example_dags/example_params_ui_tutorial.py
[2024-12-23T15:55:06.809+0000] {logging_mixin.py:190} INFO - [2024-12-23T15:55:06.809+0000] {dag.py:3239} INFO - Sync 1 DAGs
[2024-12-23T15:55:06.815+0000] {logging_mixin.py:190} INFO - [2024-12-23T15:55:06.815+0000] {dag.py:4180} INFO - Setting next_dagrun for example_params_ui_tutorial to None, run_after=None
[2024-12-23T15:55:06.822+0000] {processor.py:208} INFO - Processing /home/airflow/.local/lib/python3.11/site-packages/airflow/example_dags/example_params_ui_tutorial.py took 0.040 seconds
[2024-12-23T16:14:27.087+0000] {processor.py:186} INFO - Started process (PID=1652) to work on /home/airflow/.local/lib/python3.11/site-packages/airflow/example_dags/example_params_ui_tutorial.py
[2024-12-23T16:14:27.088+0000] {processor.py:914} INFO - Processing file /home/airflow/.local/lib/python3.11/site-packages/airflow/example_dags/example_params_ui_tutorial.py for tasks to queue
[2024-12-23T16:14:27.089+0000] {logging_mixin.py:190} INFO - [2024-12-23T16:14:27.089+0000] {dagbag.py:588} INFO - Filling up the DagBag from /home/airflow/.local/lib/python3.11/site-packages/airflow/example_dags/example_params_ui_tutorial.py
[2024-12-23T16:14:27.097+0000] {processor.py:925} INFO - DAG(s) 'example_params_ui_tutorial' retrieved from /home/airflow/.local/lib/python3.11/site-packages/airflow/example_dags/example_params_ui_tutorial.py
[2024-12-23T16:14:27.130+0000] {logging_mixin.py:190} INFO - [2024-12-23T16:14:27.130+0000] {dag.py:3239} INFO - Sync 1 DAGs
[2024-12-23T16:14:27.139+0000] {logging_mixin.py:190} INFO - [2024-12-23T16:14:27.139+0000] {dag.py:4180} INFO - Setting next_dagrun for example_params_ui_tutorial to None, run_after=None
[2024-12-23T16:14:27.153+0000] {processor.py:208} INFO - Processing /home/airflow/.local/lib/python3.11/site-packages/airflow/example_dags/example_params_ui_tutorial.py took 0.072 seconds
