[2024-12-23T15:36:06.575+0000] {processor.py:186} INFO - Started process (PID=71) to work on /home/airflow/.local/lib/python3.11/site-packages/airflow/example_dags/example_trigger_controller_dag.py
[2024-12-23T15:36:06.576+0000] {processor.py:914} INFO - Processing file /home/airflow/.local/lib/python3.11/site-packages/airflow/example_dags/example_trigger_controller_dag.py for tasks to queue
[2024-12-23T15:36:06.577+0000] {logging_mixin.py:190} INFO - [2024-12-23T15:36:06.577+0000] {dagbag.py:588} INFO - Filling up the DagBag from /home/airflow/.local/lib/python3.11/site-packages/airflow/example_dags/example_trigger_controller_dag.py
[2024-12-23T15:36:06.582+0000] {processor.py:925} INFO - DAG(s) 'example_trigger_controller_dag' retrieved from /home/airflow/.local/lib/python3.11/site-packages/airflow/example_dags/example_trigger_controller_dag.py
[2024-12-23T15:36:06.599+0000] {logging_mixin.py:190} INFO - [2024-12-23T15:36:06.598+0000] {dag.py:3239} INFO - Sync 1 DAGs
[2024-12-23T15:36:06.613+0000] {logging_mixin.py:190} INFO - [2024-12-23T15:36:06.613+0000] {dag.py:4180} INFO - Setting next_dagrun for example_trigger_controller_dag to 2021-01-01 00:00:00+00:00, run_after=2021-01-01 00:00:00+00:00
[2024-12-23T15:36:06.795+0000] {processor.py:208} INFO - Processing /home/airflow/.local/lib/python3.11/site-packages/airflow/example_dags/example_trigger_controller_dag.py took 0.223 seconds
[2024-12-23T15:36:37.002+0000] {processor.py:186} INFO - Started process (PID=134) to work on /home/airflow/.local/lib/python3.11/site-packages/airflow/example_dags/example_trigger_controller_dag.py
[2024-12-23T15:36:37.002+0000] {processor.py:914} INFO - Processing file /home/airflow/.local/lib/python3.11/site-packages/airflow/example_dags/example_trigger_controller_dag.py for tasks to queue
[2024-12-23T15:36:37.003+0000] {logging_mixin.py:190} INFO - [2024-12-23T15:36:37.003+0000] {dagbag.py:588} INFO - Filling up the DagBag from /home/airflow/.local/lib/python3.11/site-packages/airflow/example_dags/example_trigger_controller_dag.py
[2024-12-23T15:36:37.007+0000] {processor.py:925} INFO - DAG(s) 'example_trigger_controller_dag' retrieved from /home/airflow/.local/lib/python3.11/site-packages/airflow/example_dags/example_trigger_controller_dag.py
[2024-12-23T15:36:37.020+0000] {logging_mixin.py:190} INFO - [2024-12-23T15:36:37.020+0000] {dag.py:3239} INFO - Sync 1 DAGs
[2024-12-23T15:36:37.032+0000] {logging_mixin.py:190} INFO - [2024-12-23T15:36:37.032+0000] {dag.py:4180} INFO - Setting next_dagrun for example_trigger_controller_dag to 2021-01-01 00:00:00+00:00, run_after=2021-01-01 00:00:00+00:00
[2024-12-23T15:36:37.197+0000] {processor.py:208} INFO - Processing /home/airflow/.local/lib/python3.11/site-packages/airflow/example_dags/example_trigger_controller_dag.py took 0.199 seconds
[2024-12-23T15:37:07.574+0000] {processor.py:186} INFO - Started process (PID=198) to work on /home/airflow/.local/lib/python3.11/site-packages/airflow/example_dags/example_trigger_controller_dag.py
[2024-12-23T15:37:07.576+0000] {processor.py:914} INFO - Processing file /home/airflow/.local/lib/python3.11/site-packages/airflow/example_dags/example_trigger_controller_dag.py for tasks to queue
[2024-12-23T15:37:07.578+0000] {logging_mixin.py:190} INFO - [2024-12-23T15:37:07.578+0000] {dagbag.py:588} INFO - Filling up the DagBag from /home/airflow/.local/lib/python3.11/site-packages/airflow/example_dags/example_trigger_controller_dag.py
[2024-12-23T15:37:07.583+0000] {processor.py:925} INFO - DAG(s) 'example_trigger_controller_dag' retrieved from /home/airflow/.local/lib/python3.11/site-packages/airflow/example_dags/example_trigger_controller_dag.py
[2024-12-23T15:37:07.600+0000] {logging_mixin.py:190} INFO - [2024-12-23T15:37:07.600+0000] {dag.py:3239} INFO - Sync 1 DAGs
[2024-12-23T15:37:07.617+0000] {logging_mixin.py:190} INFO - [2024-12-23T15:37:07.617+0000] {dag.py:4180} INFO - Setting next_dagrun for example_trigger_controller_dag to 2021-01-01 00:00:00+00:00, run_after=2021-01-01 00:00:00+00:00
[2024-12-23T15:37:07.638+0000] {processor.py:208} INFO - Processing /home/airflow/.local/lib/python3.11/site-packages/airflow/example_dags/example_trigger_controller_dag.py took 0.070 seconds
[2024-12-23T15:37:38.253+0000] {processor.py:186} INFO - Started process (PID=262) to work on /home/airflow/.local/lib/python3.11/site-packages/airflow/example_dags/example_trigger_controller_dag.py
[2024-12-23T15:37:38.254+0000] {processor.py:914} INFO - Processing file /home/airflow/.local/lib/python3.11/site-packages/airflow/example_dags/example_trigger_controller_dag.py for tasks to queue
[2024-12-23T15:37:38.256+0000] {logging_mixin.py:190} INFO - [2024-12-23T15:37:38.256+0000] {dagbag.py:588} INFO - Filling up the DagBag from /home/airflow/.local/lib/python3.11/site-packages/airflow/example_dags/example_trigger_controller_dag.py
[2024-12-23T15:37:38.260+0000] {processor.py:925} INFO - DAG(s) 'example_trigger_controller_dag' retrieved from /home/airflow/.local/lib/python3.11/site-packages/airflow/example_dags/example_trigger_controller_dag.py
[2024-12-23T15:37:38.279+0000] {logging_mixin.py:190} INFO - [2024-12-23T15:37:38.279+0000] {dag.py:3239} INFO - Sync 1 DAGs
[2024-12-23T15:37:38.296+0000] {logging_mixin.py:190} INFO - [2024-12-23T15:37:38.296+0000] {dag.py:4180} INFO - Setting next_dagrun for example_trigger_controller_dag to 2021-01-01 00:00:00+00:00, run_after=2021-01-01 00:00:00+00:00
[2024-12-23T15:37:38.308+0000] {processor.py:208} INFO - Processing /home/airflow/.local/lib/python3.11/site-packages/airflow/example_dags/example_trigger_controller_dag.py took 0.060 seconds
[2024-12-23T15:38:08.393+0000] {processor.py:186} INFO - Started process (PID=324) to work on /home/airflow/.local/lib/python3.11/site-packages/airflow/example_dags/example_trigger_controller_dag.py
[2024-12-23T15:38:08.394+0000] {processor.py:914} INFO - Processing file /home/airflow/.local/lib/python3.11/site-packages/airflow/example_dags/example_trigger_controller_dag.py for tasks to queue
[2024-12-23T15:38:08.395+0000] {logging_mixin.py:190} INFO - [2024-12-23T15:38:08.395+0000] {dagbag.py:588} INFO - Filling up the DagBag from /home/airflow/.local/lib/python3.11/site-packages/airflow/example_dags/example_trigger_controller_dag.py
[2024-12-23T15:38:08.399+0000] {processor.py:925} INFO - DAG(s) 'example_trigger_controller_dag' retrieved from /home/airflow/.local/lib/python3.11/site-packages/airflow/example_dags/example_trigger_controller_dag.py
[2024-12-23T15:38:08.409+0000] {logging_mixin.py:190} INFO - [2024-12-23T15:38:08.409+0000] {dag.py:3239} INFO - Sync 1 DAGs
[2024-12-23T15:38:08.420+0000] {logging_mixin.py:190} INFO - [2024-12-23T15:38:08.420+0000] {dag.py:4180} INFO - Setting next_dagrun for example_trigger_controller_dag to 2021-01-01 00:00:00+00:00, run_after=2021-01-01 00:00:00+00:00
[2024-12-23T15:38:08.428+0000] {processor.py:208} INFO - Processing /home/airflow/.local/lib/python3.11/site-packages/airflow/example_dags/example_trigger_controller_dag.py took 0.038 seconds
[2024-12-23T15:38:39.395+0000] {processor.py:186} INFO - Started process (PID=389) to work on /home/airflow/.local/lib/python3.11/site-packages/airflow/example_dags/example_trigger_controller_dag.py
[2024-12-23T15:38:39.397+0000] {processor.py:914} INFO - Processing file /home/airflow/.local/lib/python3.11/site-packages/airflow/example_dags/example_trigger_controller_dag.py for tasks to queue
[2024-12-23T15:38:39.399+0000] {logging_mixin.py:190} INFO - [2024-12-23T15:38:39.398+0000] {dagbag.py:588} INFO - Filling up the DagBag from /home/airflow/.local/lib/python3.11/site-packages/airflow/example_dags/example_trigger_controller_dag.py
[2024-12-23T15:38:39.402+0000] {processor.py:925} INFO - DAG(s) 'example_trigger_controller_dag' retrieved from /home/airflow/.local/lib/python3.11/site-packages/airflow/example_dags/example_trigger_controller_dag.py
[2024-12-23T15:38:39.412+0000] {logging_mixin.py:190} INFO - [2024-12-23T15:38:39.412+0000] {dag.py:3239} INFO - Sync 1 DAGs
[2024-12-23T15:38:39.423+0000] {logging_mixin.py:190} INFO - [2024-12-23T15:38:39.422+0000] {dag.py:4180} INFO - Setting next_dagrun for example_trigger_controller_dag to 2021-01-01 00:00:00+00:00, run_after=2021-01-01 00:00:00+00:00
[2024-12-23T15:38:39.432+0000] {processor.py:208} INFO - Processing /home/airflow/.local/lib/python3.11/site-packages/airflow/example_dags/example_trigger_controller_dag.py took 0.039 seconds
[2024-12-23T15:39:11.348+0000] {processor.py:186} INFO - Started process (PID=453) to work on /home/airflow/.local/lib/python3.11/site-packages/airflow/example_dags/example_trigger_controller_dag.py
[2024-12-23T15:39:11.349+0000] {processor.py:914} INFO - Processing file /home/airflow/.local/lib/python3.11/site-packages/airflow/example_dags/example_trigger_controller_dag.py for tasks to queue
[2024-12-23T15:39:11.350+0000] {logging_mixin.py:190} INFO - [2024-12-23T15:39:11.350+0000] {dagbag.py:588} INFO - Filling up the DagBag from /home/airflow/.local/lib/python3.11/site-packages/airflow/example_dags/example_trigger_controller_dag.py
[2024-12-23T15:39:11.354+0000] {processor.py:925} INFO - DAG(s) 'example_trigger_controller_dag' retrieved from /home/airflow/.local/lib/python3.11/site-packages/airflow/example_dags/example_trigger_controller_dag.py
[2024-12-23T15:39:11.363+0000] {logging_mixin.py:190} INFO - [2024-12-23T15:39:11.363+0000] {dag.py:3239} INFO - Sync 1 DAGs
[2024-12-23T15:39:11.373+0000] {logging_mixin.py:190} INFO - [2024-12-23T15:39:11.373+0000] {dag.py:4180} INFO - Setting next_dagrun for example_trigger_controller_dag to 2021-01-01 00:00:00+00:00, run_after=2021-01-01 00:00:00+00:00
[2024-12-23T15:39:11.381+0000] {processor.py:208} INFO - Processing /home/airflow/.local/lib/python3.11/site-packages/airflow/example_dags/example_trigger_controller_dag.py took 0.036 seconds
[2024-12-23T15:39:41.938+0000] {processor.py:186} INFO - Started process (PID=517) to work on /home/airflow/.local/lib/python3.11/site-packages/airflow/example_dags/example_trigger_controller_dag.py
[2024-12-23T15:39:41.939+0000] {processor.py:914} INFO - Processing file /home/airflow/.local/lib/python3.11/site-packages/airflow/example_dags/example_trigger_controller_dag.py for tasks to queue
[2024-12-23T15:39:41.941+0000] {logging_mixin.py:190} INFO - [2024-12-23T15:39:41.941+0000] {dagbag.py:588} INFO - Filling up the DagBag from /home/airflow/.local/lib/python3.11/site-packages/airflow/example_dags/example_trigger_controller_dag.py
[2024-12-23T15:39:41.947+0000] {processor.py:925} INFO - DAG(s) 'example_trigger_controller_dag' retrieved from /home/airflow/.local/lib/python3.11/site-packages/airflow/example_dags/example_trigger_controller_dag.py
[2024-12-23T15:39:41.959+0000] {logging_mixin.py:190} INFO - [2024-12-23T15:39:41.959+0000] {dag.py:3239} INFO - Sync 1 DAGs
[2024-12-23T15:39:41.972+0000] {logging_mixin.py:190} INFO - [2024-12-23T15:39:41.972+0000] {dag.py:4180} INFO - Setting next_dagrun for example_trigger_controller_dag to 2021-01-01 00:00:00+00:00, run_after=2021-01-01 00:00:00+00:00
[2024-12-23T15:39:41.985+0000] {processor.py:208} INFO - Processing /home/airflow/.local/lib/python3.11/site-packages/airflow/example_dags/example_trigger_controller_dag.py took 0.051 seconds
[2024-12-23T15:40:12.274+0000] {processor.py:186} INFO - Started process (PID=581) to work on /home/airflow/.local/lib/python3.11/site-packages/airflow/example_dags/example_trigger_controller_dag.py
[2024-12-23T15:40:12.275+0000] {processor.py:914} INFO - Processing file /home/airflow/.local/lib/python3.11/site-packages/airflow/example_dags/example_trigger_controller_dag.py for tasks to queue
[2024-12-23T15:40:12.276+0000] {logging_mixin.py:190} INFO - [2024-12-23T15:40:12.276+0000] {dagbag.py:588} INFO - Filling up the DagBag from /home/airflow/.local/lib/python3.11/site-packages/airflow/example_dags/example_trigger_controller_dag.py
[2024-12-23T15:40:12.280+0000] {processor.py:925} INFO - DAG(s) 'example_trigger_controller_dag' retrieved from /home/airflow/.local/lib/python3.11/site-packages/airflow/example_dags/example_trigger_controller_dag.py
[2024-12-23T15:40:12.292+0000] {logging_mixin.py:190} INFO - [2024-12-23T15:40:12.292+0000] {dag.py:3239} INFO - Sync 1 DAGs
[2024-12-23T15:40:12.303+0000] {logging_mixin.py:190} INFO - [2024-12-23T15:40:12.303+0000] {dag.py:4180} INFO - Setting next_dagrun for example_trigger_controller_dag to 2021-01-01 00:00:00+00:00, run_after=2021-01-01 00:00:00+00:00
[2024-12-23T15:40:12.312+0000] {processor.py:208} INFO - Processing /home/airflow/.local/lib/python3.11/site-packages/airflow/example_dags/example_trigger_controller_dag.py took 0.044 seconds
[2024-12-23T15:40:43.159+0000] {processor.py:186} INFO - Started process (PID=645) to work on /home/airflow/.local/lib/python3.11/site-packages/airflow/example_dags/example_trigger_controller_dag.py
[2024-12-23T15:40:43.161+0000] {processor.py:914} INFO - Processing file /home/airflow/.local/lib/python3.11/site-packages/airflow/example_dags/example_trigger_controller_dag.py for tasks to queue
[2024-12-23T15:40:43.165+0000] {logging_mixin.py:190} INFO - [2024-12-23T15:40:43.165+0000] {dagbag.py:588} INFO - Filling up the DagBag from /home/airflow/.local/lib/python3.11/site-packages/airflow/example_dags/example_trigger_controller_dag.py
[2024-12-23T15:40:43.173+0000] {processor.py:925} INFO - DAG(s) 'example_trigger_controller_dag' retrieved from /home/airflow/.local/lib/python3.11/site-packages/airflow/example_dags/example_trigger_controller_dag.py
[2024-12-23T15:40:43.212+0000] {logging_mixin.py:190} INFO - [2024-12-23T15:40:43.212+0000] {dag.py:3239} INFO - Sync 1 DAGs
[2024-12-23T15:40:43.276+0000] {logging_mixin.py:190} INFO - [2024-12-23T15:40:43.275+0000] {dag.py:4180} INFO - Setting next_dagrun for example_trigger_controller_dag to 2021-01-01 00:00:00+00:00, run_after=2021-01-01 00:00:00+00:00
[2024-12-23T15:40:43.294+0000] {processor.py:208} INFO - Processing /home/airflow/.local/lib/python3.11/site-packages/airflow/example_dags/example_trigger_controller_dag.py took 0.145 seconds
[2024-12-23T15:41:13.337+0000] {processor.py:186} INFO - Started process (PID=709) to work on /home/airflow/.local/lib/python3.11/site-packages/airflow/example_dags/example_trigger_controller_dag.py
[2024-12-23T15:41:13.337+0000] {processor.py:914} INFO - Processing file /home/airflow/.local/lib/python3.11/site-packages/airflow/example_dags/example_trigger_controller_dag.py for tasks to queue
[2024-12-23T15:41:13.341+0000] {logging_mixin.py:190} INFO - [2024-12-23T15:41:13.341+0000] {dagbag.py:588} INFO - Filling up the DagBag from /home/airflow/.local/lib/python3.11/site-packages/airflow/example_dags/example_trigger_controller_dag.py
[2024-12-23T15:41:13.345+0000] {processor.py:925} INFO - DAG(s) 'example_trigger_controller_dag' retrieved from /home/airflow/.local/lib/python3.11/site-packages/airflow/example_dags/example_trigger_controller_dag.py
[2024-12-23T15:41:13.356+0000] {logging_mixin.py:190} INFO - [2024-12-23T15:41:13.356+0000] {dag.py:3239} INFO - Sync 1 DAGs
[2024-12-23T15:41:13.366+0000] {logging_mixin.py:190} INFO - [2024-12-23T15:41:13.366+0000] {dag.py:4180} INFO - Setting next_dagrun for example_trigger_controller_dag to 2021-01-01 00:00:00+00:00, run_after=2021-01-01 00:00:00+00:00
[2024-12-23T15:41:13.374+0000] {processor.py:208} INFO - Processing /home/airflow/.local/lib/python3.11/site-packages/airflow/example_dags/example_trigger_controller_dag.py took 0.040 seconds
[2024-12-23T15:41:43.526+0000] {processor.py:186} INFO - Started process (PID=773) to work on /home/airflow/.local/lib/python3.11/site-packages/airflow/example_dags/example_trigger_controller_dag.py
[2024-12-23T15:41:43.526+0000] {processor.py:914} INFO - Processing file /home/airflow/.local/lib/python3.11/site-packages/airflow/example_dags/example_trigger_controller_dag.py for tasks to queue
[2024-12-23T15:41:43.528+0000] {logging_mixin.py:190} INFO - [2024-12-23T15:41:43.528+0000] {dagbag.py:588} INFO - Filling up the DagBag from /home/airflow/.local/lib/python3.11/site-packages/airflow/example_dags/example_trigger_controller_dag.py
[2024-12-23T15:41:43.533+0000] {processor.py:925} INFO - DAG(s) 'example_trigger_controller_dag' retrieved from /home/airflow/.local/lib/python3.11/site-packages/airflow/example_dags/example_trigger_controller_dag.py
[2024-12-23T15:41:43.544+0000] {logging_mixin.py:190} INFO - [2024-12-23T15:41:43.544+0000] {dag.py:3239} INFO - Sync 1 DAGs
[2024-12-23T15:41:43.559+0000] {logging_mixin.py:190} INFO - [2024-12-23T15:41:43.559+0000] {dag.py:4180} INFO - Setting next_dagrun for example_trigger_controller_dag to 2021-01-01 00:00:00+00:00, run_after=2021-01-01 00:00:00+00:00
[2024-12-23T15:41:43.570+0000] {processor.py:208} INFO - Processing /home/airflow/.local/lib/python3.11/site-packages/airflow/example_dags/example_trigger_controller_dag.py took 0.051 seconds
[2024-12-23T15:42:14.336+0000] {processor.py:186} INFO - Started process (PID=837) to work on /home/airflow/.local/lib/python3.11/site-packages/airflow/example_dags/example_trigger_controller_dag.py
[2024-12-23T15:42:14.338+0000] {processor.py:914} INFO - Processing file /home/airflow/.local/lib/python3.11/site-packages/airflow/example_dags/example_trigger_controller_dag.py for tasks to queue
[2024-12-23T15:42:14.339+0000] {logging_mixin.py:190} INFO - [2024-12-23T15:42:14.339+0000] {dagbag.py:588} INFO - Filling up the DagBag from /home/airflow/.local/lib/python3.11/site-packages/airflow/example_dags/example_trigger_controller_dag.py
[2024-12-23T15:42:14.344+0000] {processor.py:925} INFO - DAG(s) 'example_trigger_controller_dag' retrieved from /home/airflow/.local/lib/python3.11/site-packages/airflow/example_dags/example_trigger_controller_dag.py
[2024-12-23T15:42:14.355+0000] {logging_mixin.py:190} INFO - [2024-12-23T15:42:14.355+0000] {dag.py:3239} INFO - Sync 1 DAGs
[2024-12-23T15:42:14.366+0000] {logging_mixin.py:190} INFO - [2024-12-23T15:42:14.366+0000] {dag.py:4180} INFO - Setting next_dagrun for example_trigger_controller_dag to 2021-01-01 00:00:00+00:00, run_after=2021-01-01 00:00:00+00:00
[2024-12-23T15:42:14.378+0000] {processor.py:208} INFO - Processing /home/airflow/.local/lib/python3.11/site-packages/airflow/example_dags/example_trigger_controller_dag.py took 0.048 seconds
[2024-12-23T15:49:32.290+0000] {processor.py:186} INFO - Started process (PID=901) to work on /home/airflow/.local/lib/python3.11/site-packages/airflow/example_dags/example_trigger_controller_dag.py
[2024-12-23T15:49:32.291+0000] {processor.py:914} INFO - Processing file /home/airflow/.local/lib/python3.11/site-packages/airflow/example_dags/example_trigger_controller_dag.py for tasks to queue
[2024-12-23T15:49:32.296+0000] {logging_mixin.py:190} INFO - [2024-12-23T15:49:32.295+0000] {dagbag.py:588} INFO - Filling up the DagBag from /home/airflow/.local/lib/python3.11/site-packages/airflow/example_dags/example_trigger_controller_dag.py
[2024-12-23T15:49:32.302+0000] {processor.py:925} INFO - DAG(s) 'example_trigger_controller_dag' retrieved from /home/airflow/.local/lib/python3.11/site-packages/airflow/example_dags/example_trigger_controller_dag.py
[2024-12-23T15:49:32.314+0000] {logging_mixin.py:190} INFO - [2024-12-23T15:49:32.314+0000] {dag.py:3239} INFO - Sync 1 DAGs
[2024-12-23T15:49:32.343+0000] {logging_mixin.py:190} INFO - [2024-12-23T15:49:32.343+0000] {dag.py:4180} INFO - Setting next_dagrun for example_trigger_controller_dag to 2021-01-01 00:00:00+00:00, run_after=2021-01-01 00:00:00+00:00
[2024-12-23T15:49:32.356+0000] {processor.py:208} INFO - Processing /home/airflow/.local/lib/python3.11/site-packages/airflow/example_dags/example_trigger_controller_dag.py took 0.072 seconds
[2024-12-23T15:50:02.771+0000] {processor.py:186} INFO - Started process (PID=965) to work on /home/airflow/.local/lib/python3.11/site-packages/airflow/example_dags/example_trigger_controller_dag.py
[2024-12-23T15:50:02.774+0000] {processor.py:914} INFO - Processing file /home/airflow/.local/lib/python3.11/site-packages/airflow/example_dags/example_trigger_controller_dag.py for tasks to queue
[2024-12-23T15:50:02.775+0000] {logging_mixin.py:190} INFO - [2024-12-23T15:50:02.775+0000] {dagbag.py:588} INFO - Filling up the DagBag from /home/airflow/.local/lib/python3.11/site-packages/airflow/example_dags/example_trigger_controller_dag.py
[2024-12-23T15:50:02.779+0000] {processor.py:925} INFO - DAG(s) 'example_trigger_controller_dag' retrieved from /home/airflow/.local/lib/python3.11/site-packages/airflow/example_dags/example_trigger_controller_dag.py
[2024-12-23T15:50:02.790+0000] {logging_mixin.py:190} INFO - [2024-12-23T15:50:02.790+0000] {dag.py:3239} INFO - Sync 1 DAGs
[2024-12-23T15:50:02.801+0000] {logging_mixin.py:190} INFO - [2024-12-23T15:50:02.801+0000] {dag.py:4180} INFO - Setting next_dagrun for example_trigger_controller_dag to 2021-01-01 00:00:00+00:00, run_after=2021-01-01 00:00:00+00:00
[2024-12-23T15:50:02.811+0000] {processor.py:208} INFO - Processing /home/airflow/.local/lib/python3.11/site-packages/airflow/example_dags/example_trigger_controller_dag.py took 0.044 seconds
[2024-12-23T15:50:33.287+0000] {processor.py:186} INFO - Started process (PID=1035) to work on /home/airflow/.local/lib/python3.11/site-packages/airflow/example_dags/example_trigger_controller_dag.py
[2024-12-23T15:50:33.288+0000] {processor.py:914} INFO - Processing file /home/airflow/.local/lib/python3.11/site-packages/airflow/example_dags/example_trigger_controller_dag.py for tasks to queue
[2024-12-23T15:50:33.291+0000] {logging_mixin.py:190} INFO - [2024-12-23T15:50:33.291+0000] {dagbag.py:588} INFO - Filling up the DagBag from /home/airflow/.local/lib/python3.11/site-packages/airflow/example_dags/example_trigger_controller_dag.py
[2024-12-23T15:50:33.300+0000] {processor.py:925} INFO - DAG(s) 'example_trigger_controller_dag' retrieved from /home/airflow/.local/lib/python3.11/site-packages/airflow/example_dags/example_trigger_controller_dag.py
[2024-12-23T15:50:33.313+0000] {logging_mixin.py:190} INFO - [2024-12-23T15:50:33.313+0000] {dag.py:3239} INFO - Sync 1 DAGs
[2024-12-23T15:50:33.325+0000] {logging_mixin.py:190} INFO - [2024-12-23T15:50:33.325+0000] {dag.py:4180} INFO - Setting next_dagrun for example_trigger_controller_dag to 2021-01-01 00:00:00+00:00, run_after=2021-01-01 00:00:00+00:00
[2024-12-23T15:50:33.335+0000] {processor.py:208} INFO - Processing /home/airflow/.local/lib/python3.11/site-packages/airflow/example_dags/example_trigger_controller_dag.py took 0.057 seconds
[2024-12-23T15:51:03.511+0000] {processor.py:186} INFO - Started process (PID=1099) to work on /home/airflow/.local/lib/python3.11/site-packages/airflow/example_dags/example_trigger_controller_dag.py
[2024-12-23T15:51:03.512+0000] {processor.py:914} INFO - Processing file /home/airflow/.local/lib/python3.11/site-packages/airflow/example_dags/example_trigger_controller_dag.py for tasks to queue
[2024-12-23T15:51:03.514+0000] {logging_mixin.py:190} INFO - [2024-12-23T15:51:03.514+0000] {dagbag.py:588} INFO - Filling up the DagBag from /home/airflow/.local/lib/python3.11/site-packages/airflow/example_dags/example_trigger_controller_dag.py
[2024-12-23T15:51:03.519+0000] {processor.py:925} INFO - DAG(s) 'example_trigger_controller_dag' retrieved from /home/airflow/.local/lib/python3.11/site-packages/airflow/example_dags/example_trigger_controller_dag.py
[2024-12-23T15:51:03.529+0000] {logging_mixin.py:190} INFO - [2024-12-23T15:51:03.529+0000] {dag.py:3239} INFO - Sync 1 DAGs
[2024-12-23T15:51:03.544+0000] {logging_mixin.py:190} INFO - [2024-12-23T15:51:03.543+0000] {dag.py:4180} INFO - Setting next_dagrun for example_trigger_controller_dag to 2021-01-01 00:00:00+00:00, run_after=2021-01-01 00:00:00+00:00
[2024-12-23T15:51:03.568+0000] {processor.py:208} INFO - Processing /home/airflow/.local/lib/python3.11/site-packages/airflow/example_dags/example_trigger_controller_dag.py took 0.060 seconds
[2024-12-23T15:51:34.162+0000] {processor.py:186} INFO - Started process (PID=1163) to work on /home/airflow/.local/lib/python3.11/site-packages/airflow/example_dags/example_trigger_controller_dag.py
[2024-12-23T15:51:34.163+0000] {processor.py:914} INFO - Processing file /home/airflow/.local/lib/python3.11/site-packages/airflow/example_dags/example_trigger_controller_dag.py for tasks to queue
[2024-12-23T15:51:34.165+0000] {logging_mixin.py:190} INFO - [2024-12-23T15:51:34.165+0000] {dagbag.py:588} INFO - Filling up the DagBag from /home/airflow/.local/lib/python3.11/site-packages/airflow/example_dags/example_trigger_controller_dag.py
[2024-12-23T15:51:34.168+0000] {processor.py:925} INFO - DAG(s) 'example_trigger_controller_dag' retrieved from /home/airflow/.local/lib/python3.11/site-packages/airflow/example_dags/example_trigger_controller_dag.py
[2024-12-23T15:51:34.178+0000] {logging_mixin.py:190} INFO - [2024-12-23T15:51:34.178+0000] {dag.py:3239} INFO - Sync 1 DAGs
[2024-12-23T15:51:34.189+0000] {logging_mixin.py:190} INFO - [2024-12-23T15:51:34.188+0000] {dag.py:4180} INFO - Setting next_dagrun for example_trigger_controller_dag to 2021-01-01 00:00:00+00:00, run_after=2021-01-01 00:00:00+00:00
[2024-12-23T15:51:34.198+0000] {processor.py:208} INFO - Processing /home/airflow/.local/lib/python3.11/site-packages/airflow/example_dags/example_trigger_controller_dag.py took 0.039 seconds
[2024-12-23T15:52:04.540+0000] {processor.py:186} INFO - Started process (PID=1227) to work on /home/airflow/.local/lib/python3.11/site-packages/airflow/example_dags/example_trigger_controller_dag.py
[2024-12-23T15:52:04.541+0000] {processor.py:914} INFO - Processing file /home/airflow/.local/lib/python3.11/site-packages/airflow/example_dags/example_trigger_controller_dag.py for tasks to queue
[2024-12-23T15:52:04.542+0000] {logging_mixin.py:190} INFO - [2024-12-23T15:52:04.542+0000] {dagbag.py:588} INFO - Filling up the DagBag from /home/airflow/.local/lib/python3.11/site-packages/airflow/example_dags/example_trigger_controller_dag.py
[2024-12-23T15:52:04.546+0000] {processor.py:925} INFO - DAG(s) 'example_trigger_controller_dag' retrieved from /home/airflow/.local/lib/python3.11/site-packages/airflow/example_dags/example_trigger_controller_dag.py
[2024-12-23T15:52:04.555+0000] {logging_mixin.py:190} INFO - [2024-12-23T15:52:04.555+0000] {dag.py:3239} INFO - Sync 1 DAGs
[2024-12-23T15:52:04.569+0000] {logging_mixin.py:190} INFO - [2024-12-23T15:52:04.569+0000] {dag.py:4180} INFO - Setting next_dagrun for example_trigger_controller_dag to 2021-01-01 00:00:00+00:00, run_after=2021-01-01 00:00:00+00:00
[2024-12-23T15:52:04.580+0000] {processor.py:208} INFO - Processing /home/airflow/.local/lib/python3.11/site-packages/airflow/example_dags/example_trigger_controller_dag.py took 0.044 seconds
[2024-12-23T15:52:34.965+0000] {processor.py:186} INFO - Started process (PID=1291) to work on /home/airflow/.local/lib/python3.11/site-packages/airflow/example_dags/example_trigger_controller_dag.py
[2024-12-23T15:52:34.966+0000] {processor.py:914} INFO - Processing file /home/airflow/.local/lib/python3.11/site-packages/airflow/example_dags/example_trigger_controller_dag.py for tasks to queue
[2024-12-23T15:52:34.968+0000] {logging_mixin.py:190} INFO - [2024-12-23T15:52:34.968+0000] {dagbag.py:588} INFO - Filling up the DagBag from /home/airflow/.local/lib/python3.11/site-packages/airflow/example_dags/example_trigger_controller_dag.py
[2024-12-23T15:52:34.971+0000] {processor.py:925} INFO - DAG(s) 'example_trigger_controller_dag' retrieved from /home/airflow/.local/lib/python3.11/site-packages/airflow/example_dags/example_trigger_controller_dag.py
[2024-12-23T15:52:34.982+0000] {logging_mixin.py:190} INFO - [2024-12-23T15:52:34.981+0000] {dag.py:3239} INFO - Sync 1 DAGs
[2024-12-23T15:52:34.993+0000] {logging_mixin.py:190} INFO - [2024-12-23T15:52:34.993+0000] {dag.py:4180} INFO - Setting next_dagrun for example_trigger_controller_dag to 2021-01-01 00:00:00+00:00, run_after=2021-01-01 00:00:00+00:00
[2024-12-23T15:52:35.002+0000] {processor.py:208} INFO - Processing /home/airflow/.local/lib/python3.11/site-packages/airflow/example_dags/example_trigger_controller_dag.py took 0.039 seconds
[2024-12-23T15:53:05.430+0000] {processor.py:186} INFO - Started process (PID=1355) to work on /home/airflow/.local/lib/python3.11/site-packages/airflow/example_dags/example_trigger_controller_dag.py
[2024-12-23T15:53:05.430+0000] {processor.py:914} INFO - Processing file /home/airflow/.local/lib/python3.11/site-packages/airflow/example_dags/example_trigger_controller_dag.py for tasks to queue
[2024-12-23T15:53:05.432+0000] {logging_mixin.py:190} INFO - [2024-12-23T15:53:05.432+0000] {dagbag.py:588} INFO - Filling up the DagBag from /home/airflow/.local/lib/python3.11/site-packages/airflow/example_dags/example_trigger_controller_dag.py
[2024-12-23T15:53:05.436+0000] {processor.py:925} INFO - DAG(s) 'example_trigger_controller_dag' retrieved from /home/airflow/.local/lib/python3.11/site-packages/airflow/example_dags/example_trigger_controller_dag.py
[2024-12-23T15:53:05.446+0000] {logging_mixin.py:190} INFO - [2024-12-23T15:53:05.446+0000] {dag.py:3239} INFO - Sync 1 DAGs
[2024-12-23T15:53:05.458+0000] {logging_mixin.py:190} INFO - [2024-12-23T15:53:05.458+0000] {dag.py:4180} INFO - Setting next_dagrun for example_trigger_controller_dag to 2021-01-01 00:00:00+00:00, run_after=2021-01-01 00:00:00+00:00
[2024-12-23T15:53:05.466+0000] {processor.py:208} INFO - Processing /home/airflow/.local/lib/python3.11/site-packages/airflow/example_dags/example_trigger_controller_dag.py took 0.041 seconds
[2024-12-23T15:53:35.936+0000] {processor.py:186} INFO - Started process (PID=1419) to work on /home/airflow/.local/lib/python3.11/site-packages/airflow/example_dags/example_trigger_controller_dag.py
[2024-12-23T15:53:35.937+0000] {processor.py:914} INFO - Processing file /home/airflow/.local/lib/python3.11/site-packages/airflow/example_dags/example_trigger_controller_dag.py for tasks to queue
[2024-12-23T15:53:35.939+0000] {logging_mixin.py:190} INFO - [2024-12-23T15:53:35.938+0000] {dagbag.py:588} INFO - Filling up the DagBag from /home/airflow/.local/lib/python3.11/site-packages/airflow/example_dags/example_trigger_controller_dag.py
[2024-12-23T15:53:35.943+0000] {processor.py:925} INFO - DAG(s) 'example_trigger_controller_dag' retrieved from /home/airflow/.local/lib/python3.11/site-packages/airflow/example_dags/example_trigger_controller_dag.py
[2024-12-23T15:53:35.953+0000] {logging_mixin.py:190} INFO - [2024-12-23T15:53:35.953+0000] {dag.py:3239} INFO - Sync 1 DAGs
[2024-12-23T15:53:35.964+0000] {logging_mixin.py:190} INFO - [2024-12-23T15:53:35.964+0000] {dag.py:4180} INFO - Setting next_dagrun for example_trigger_controller_dag to 2021-01-01 00:00:00+00:00, run_after=2021-01-01 00:00:00+00:00
[2024-12-23T15:53:35.972+0000] {processor.py:208} INFO - Processing /home/airflow/.local/lib/python3.11/site-packages/airflow/example_dags/example_trigger_controller_dag.py took 0.040 seconds
[2024-12-23T15:54:06.514+0000] {processor.py:186} INFO - Started process (PID=1483) to work on /home/airflow/.local/lib/python3.11/site-packages/airflow/example_dags/example_trigger_controller_dag.py
[2024-12-23T15:54:06.515+0000] {processor.py:914} INFO - Processing file /home/airflow/.local/lib/python3.11/site-packages/airflow/example_dags/example_trigger_controller_dag.py for tasks to queue
[2024-12-23T15:54:06.517+0000] {logging_mixin.py:190} INFO - [2024-12-23T15:54:06.517+0000] {dagbag.py:588} INFO - Filling up the DagBag from /home/airflow/.local/lib/python3.11/site-packages/airflow/example_dags/example_trigger_controller_dag.py
[2024-12-23T15:54:06.521+0000] {processor.py:925} INFO - DAG(s) 'example_trigger_controller_dag' retrieved from /home/airflow/.local/lib/python3.11/site-packages/airflow/example_dags/example_trigger_controller_dag.py
[2024-12-23T15:54:06.532+0000] {logging_mixin.py:190} INFO - [2024-12-23T15:54:06.532+0000] {dag.py:3239} INFO - Sync 1 DAGs
[2024-12-23T15:54:06.543+0000] {logging_mixin.py:190} INFO - [2024-12-23T15:54:06.543+0000] {dag.py:4180} INFO - Setting next_dagrun for example_trigger_controller_dag to 2021-01-01 00:00:00+00:00, run_after=2021-01-01 00:00:00+00:00
[2024-12-23T15:54:06.552+0000] {processor.py:208} INFO - Processing /home/airflow/.local/lib/python3.11/site-packages/airflow/example_dags/example_trigger_controller_dag.py took 0.041 seconds
[2024-12-23T15:54:37.045+0000] {processor.py:186} INFO - Started process (PID=1547) to work on /home/airflow/.local/lib/python3.11/site-packages/airflow/example_dags/example_trigger_controller_dag.py
[2024-12-23T15:54:37.046+0000] {processor.py:914} INFO - Processing file /home/airflow/.local/lib/python3.11/site-packages/airflow/example_dags/example_trigger_controller_dag.py for tasks to queue
[2024-12-23T15:54:37.047+0000] {logging_mixin.py:190} INFO - [2024-12-23T15:54:37.047+0000] {dagbag.py:588} INFO - Filling up the DagBag from /home/airflow/.local/lib/python3.11/site-packages/airflow/example_dags/example_trigger_controller_dag.py
[2024-12-23T15:54:37.051+0000] {processor.py:925} INFO - DAG(s) 'example_trigger_controller_dag' retrieved from /home/airflow/.local/lib/python3.11/site-packages/airflow/example_dags/example_trigger_controller_dag.py
[2024-12-23T15:54:37.064+0000] {logging_mixin.py:190} INFO - [2024-12-23T15:54:37.064+0000] {dag.py:3239} INFO - Sync 1 DAGs
[2024-12-23T15:54:37.076+0000] {logging_mixin.py:190} INFO - [2024-12-23T15:54:37.076+0000] {dag.py:4180} INFO - Setting next_dagrun for example_trigger_controller_dag to 2021-01-01 00:00:00+00:00, run_after=2021-01-01 00:00:00+00:00
[2024-12-23T15:54:37.084+0000] {processor.py:208} INFO - Processing /home/airflow/.local/lib/python3.11/site-packages/airflow/example_dags/example_trigger_controller_dag.py took 0.042 seconds
[2024-12-23T15:55:07.402+0000] {processor.py:186} INFO - Started process (PID=1611) to work on /home/airflow/.local/lib/python3.11/site-packages/airflow/example_dags/example_trigger_controller_dag.py
[2024-12-23T15:55:07.403+0000] {processor.py:914} INFO - Processing file /home/airflow/.local/lib/python3.11/site-packages/airflow/example_dags/example_trigger_controller_dag.py for tasks to queue
[2024-12-23T15:55:07.404+0000] {logging_mixin.py:190} INFO - [2024-12-23T15:55:07.404+0000] {dagbag.py:588} INFO - Filling up the DagBag from /home/airflow/.local/lib/python3.11/site-packages/airflow/example_dags/example_trigger_controller_dag.py
[2024-12-23T15:55:07.408+0000] {processor.py:925} INFO - DAG(s) 'example_trigger_controller_dag' retrieved from /home/airflow/.local/lib/python3.11/site-packages/airflow/example_dags/example_trigger_controller_dag.py
[2024-12-23T15:55:07.419+0000] {logging_mixin.py:190} INFO - [2024-12-23T15:55:07.419+0000] {dag.py:3239} INFO - Sync 1 DAGs
[2024-12-23T15:55:07.430+0000] {logging_mixin.py:190} INFO - [2024-12-23T15:55:07.429+0000] {dag.py:4180} INFO - Setting next_dagrun for example_trigger_controller_dag to 2021-01-01 00:00:00+00:00, run_after=2021-01-01 00:00:00+00:00
[2024-12-23T15:55:07.438+0000] {processor.py:208} INFO - Processing /home/airflow/.local/lib/python3.11/site-packages/airflow/example_dags/example_trigger_controller_dag.py took 0.039 seconds
[2024-12-23T16:14:27.909+0000] {processor.py:186} INFO - Started process (PID=1669) to work on /home/airflow/.local/lib/python3.11/site-packages/airflow/example_dags/example_trigger_controller_dag.py
[2024-12-23T16:14:27.909+0000] {processor.py:914} INFO - Processing file /home/airflow/.local/lib/python3.11/site-packages/airflow/example_dags/example_trigger_controller_dag.py for tasks to queue
[2024-12-23T16:14:27.914+0000] {logging_mixin.py:190} INFO - [2024-12-23T16:14:27.914+0000] {dagbag.py:588} INFO - Filling up the DagBag from /home/airflow/.local/lib/python3.11/site-packages/airflow/example_dags/example_trigger_controller_dag.py
[2024-12-23T16:14:27.918+0000] {processor.py:925} INFO - DAG(s) 'example_trigger_controller_dag' retrieved from /home/airflow/.local/lib/python3.11/site-packages/airflow/example_dags/example_trigger_controller_dag.py
[2024-12-23T16:14:27.937+0000] {logging_mixin.py:190} INFO - [2024-12-23T16:14:27.937+0000] {dag.py:3239} INFO - Sync 1 DAGs
[2024-12-23T16:14:27.952+0000] {logging_mixin.py:190} INFO - [2024-12-23T16:14:27.952+0000] {dag.py:4180} INFO - Setting next_dagrun for example_trigger_controller_dag to 2021-01-01 00:00:00+00:00, run_after=2021-01-01 00:00:00+00:00
[2024-12-23T16:14:27.963+0000] {processor.py:208} INFO - Processing /home/airflow/.local/lib/python3.11/site-packages/airflow/example_dags/example_trigger_controller_dag.py took 0.058 seconds
