[2024-12-23T15:36:15.875+0000] {processor.py:186} INFO - Started process (PID=88) to work on /home/airflow/.local/lib/python3.11/site-packages/airflow/example_dags/example_trigger_target_dag.py
[2024-12-23T15:36:15.878+0000] {processor.py:914} INFO - Processing file /home/airflow/.local/lib/python3.11/site-packages/airflow/example_dags/example_trigger_target_dag.py for tasks to queue
[2024-12-23T15:36:15.885+0000] {logging_mixin.py:190} INFO - [2024-12-23T15:36:15.884+0000] {dagbag.py:588} INFO - Filling up the DagBag from /home/airflow/.local/lib/python3.11/site-packages/airflow/example_dags/example_trigger_target_dag.py
[2024-12-23T15:36:15.919+0000] {processor.py:925} INFO - DAG(s) 'example_trigger_target_dag' retrieved from /home/airflow/.local/lib/python3.11/site-packages/airflow/example_dags/example_trigger_target_dag.py
[2024-12-23T15:36:16.047+0000] {logging_mixin.py:190} INFO - [2024-12-23T15:36:16.046+0000] {dag.py:3239} INFO - Sync 1 DAGs
[2024-12-23T15:36:16.536+0000] {logging_mixin.py:190} INFO - [2024-12-23T15:36:16.536+0000] {dag.py:4180} INFO - Setting next_dagrun for example_trigger_target_dag to None, run_after=None
[2024-12-23T15:36:16.582+0000] {processor.py:208} INFO - Processing /home/airflow/.local/lib/python3.11/site-packages/airflow/example_dags/example_trigger_target_dag.py took 0.737 seconds
[2024-12-23T15:36:47.492+0000] {processor.py:186} INFO - Started process (PID=152) to work on /home/airflow/.local/lib/python3.11/site-packages/airflow/example_dags/example_trigger_target_dag.py
[2024-12-23T15:36:47.493+0000] {processor.py:914} INFO - Processing file /home/airflow/.local/lib/python3.11/site-packages/airflow/example_dags/example_trigger_target_dag.py for tasks to queue
[2024-12-23T15:36:47.497+0000] {logging_mixin.py:190} INFO - [2024-12-23T15:36:47.497+0000] {dagbag.py:588} INFO - Filling up the DagBag from /home/airflow/.local/lib/python3.11/site-packages/airflow/example_dags/example_trigger_target_dag.py
[2024-12-23T15:36:47.523+0000] {processor.py:925} INFO - DAG(s) 'example_trigger_target_dag' retrieved from /home/airflow/.local/lib/python3.11/site-packages/airflow/example_dags/example_trigger_target_dag.py
[2024-12-23T15:36:47.545+0000] {logging_mixin.py:190} INFO - [2024-12-23T15:36:47.545+0000] {dag.py:3239} INFO - Sync 1 DAGs
[2024-12-23T15:36:47.555+0000] {logging_mixin.py:190} INFO - [2024-12-23T15:36:47.554+0000] {dag.py:4180} INFO - Setting next_dagrun for example_trigger_target_dag to None, run_after=None
[2024-12-23T15:36:47.785+0000] {processor.py:208} INFO - Processing /home/airflow/.local/lib/python3.11/site-packages/airflow/example_dags/example_trigger_target_dag.py took 0.302 seconds
[2024-12-23T15:37:17.884+0000] {processor.py:186} INFO - Started process (PID=216) to work on /home/airflow/.local/lib/python3.11/site-packages/airflow/example_dags/example_trigger_target_dag.py
[2024-12-23T15:37:17.886+0000] {processor.py:914} INFO - Processing file /home/airflow/.local/lib/python3.11/site-packages/airflow/example_dags/example_trigger_target_dag.py for tasks to queue
[2024-12-23T15:37:17.889+0000] {logging_mixin.py:190} INFO - [2024-12-23T15:37:17.889+0000] {dagbag.py:588} INFO - Filling up the DagBag from /home/airflow/.local/lib/python3.11/site-packages/airflow/example_dags/example_trigger_target_dag.py
[2024-12-23T15:37:17.901+0000] {processor.py:925} INFO - DAG(s) 'example_trigger_target_dag' retrieved from /home/airflow/.local/lib/python3.11/site-packages/airflow/example_dags/example_trigger_target_dag.py
[2024-12-23T15:37:17.922+0000] {logging_mixin.py:190} INFO - [2024-12-23T15:37:17.922+0000] {dag.py:3239} INFO - Sync 1 DAGs
[2024-12-23T15:37:17.934+0000] {logging_mixin.py:190} INFO - [2024-12-23T15:37:17.934+0000] {dag.py:4180} INFO - Setting next_dagrun for example_trigger_target_dag to None, run_after=None
[2024-12-23T15:37:17.948+0000] {processor.py:208} INFO - Processing /home/airflow/.local/lib/python3.11/site-packages/airflow/example_dags/example_trigger_target_dag.py took 0.081 seconds
[2024-12-23T15:37:48.144+0000] {processor.py:186} INFO - Started process (PID=278) to work on /home/airflow/.local/lib/python3.11/site-packages/airflow/example_dags/example_trigger_target_dag.py
[2024-12-23T15:37:48.147+0000] {processor.py:914} INFO - Processing file /home/airflow/.local/lib/python3.11/site-packages/airflow/example_dags/example_trigger_target_dag.py for tasks to queue
[2024-12-23T15:37:48.151+0000] {logging_mixin.py:190} INFO - [2024-12-23T15:37:48.151+0000] {dagbag.py:588} INFO - Filling up the DagBag from /home/airflow/.local/lib/python3.11/site-packages/airflow/example_dags/example_trigger_target_dag.py
[2024-12-23T15:37:48.163+0000] {processor.py:925} INFO - DAG(s) 'example_trigger_target_dag' retrieved from /home/airflow/.local/lib/python3.11/site-packages/airflow/example_dags/example_trigger_target_dag.py
[2024-12-23T15:37:48.189+0000] {logging_mixin.py:190} INFO - [2024-12-23T15:37:48.188+0000] {dag.py:3239} INFO - Sync 1 DAGs
[2024-12-23T15:37:48.201+0000] {logging_mixin.py:190} INFO - [2024-12-23T15:37:48.201+0000] {dag.py:4180} INFO - Setting next_dagrun for example_trigger_target_dag to None, run_after=None
[2024-12-23T15:37:48.213+0000] {processor.py:208} INFO - Processing /home/airflow/.local/lib/python3.11/site-packages/airflow/example_dags/example_trigger_target_dag.py took 0.080 seconds
[2024-12-23T15:38:18.246+0000] {processor.py:186} INFO - Started process (PID=342) to work on /home/airflow/.local/lib/python3.11/site-packages/airflow/example_dags/example_trigger_target_dag.py
[2024-12-23T15:38:18.247+0000] {processor.py:914} INFO - Processing file /home/airflow/.local/lib/python3.11/site-packages/airflow/example_dags/example_trigger_target_dag.py for tasks to queue
[2024-12-23T15:38:18.248+0000] {logging_mixin.py:190} INFO - [2024-12-23T15:38:18.248+0000] {dagbag.py:588} INFO - Filling up the DagBag from /home/airflow/.local/lib/python3.11/site-packages/airflow/example_dags/example_trigger_target_dag.py
[2024-12-23T15:38:18.254+0000] {processor.py:925} INFO - DAG(s) 'example_trigger_target_dag' retrieved from /home/airflow/.local/lib/python3.11/site-packages/airflow/example_dags/example_trigger_target_dag.py
[2024-12-23T15:38:18.268+0000] {logging_mixin.py:190} INFO - [2024-12-23T15:38:18.268+0000] {dag.py:3239} INFO - Sync 1 DAGs
[2024-12-23T15:38:18.275+0000] {logging_mixin.py:190} INFO - [2024-12-23T15:38:18.275+0000] {dag.py:4180} INFO - Setting next_dagrun for example_trigger_target_dag to None, run_after=None
[2024-12-23T15:38:18.283+0000] {processor.py:208} INFO - Processing /home/airflow/.local/lib/python3.11/site-packages/airflow/example_dags/example_trigger_target_dag.py took 0.043 seconds
[2024-12-23T15:38:49.147+0000] {processor.py:186} INFO - Started process (PID=406) to work on /home/airflow/.local/lib/python3.11/site-packages/airflow/example_dags/example_trigger_target_dag.py
[2024-12-23T15:38:49.148+0000] {processor.py:914} INFO - Processing file /home/airflow/.local/lib/python3.11/site-packages/airflow/example_dags/example_trigger_target_dag.py for tasks to queue
[2024-12-23T15:38:49.150+0000] {logging_mixin.py:190} INFO - [2024-12-23T15:38:49.150+0000] {dagbag.py:588} INFO - Filling up the DagBag from /home/airflow/.local/lib/python3.11/site-packages/airflow/example_dags/example_trigger_target_dag.py
[2024-12-23T15:38:49.160+0000] {processor.py:925} INFO - DAG(s) 'example_trigger_target_dag' retrieved from /home/airflow/.local/lib/python3.11/site-packages/airflow/example_dags/example_trigger_target_dag.py
[2024-12-23T15:38:49.178+0000] {logging_mixin.py:190} INFO - [2024-12-23T15:38:49.178+0000] {dag.py:3239} INFO - Sync 1 DAGs
[2024-12-23T15:38:49.188+0000] {logging_mixin.py:190} INFO - [2024-12-23T15:38:49.188+0000] {dag.py:4180} INFO - Setting next_dagrun for example_trigger_target_dag to None, run_after=None
[2024-12-23T15:38:49.200+0000] {processor.py:208} INFO - Processing /home/airflow/.local/lib/python3.11/site-packages/airflow/example_dags/example_trigger_target_dag.py took 0.060 seconds
[2024-12-23T15:39:19.949+0000] {processor.py:186} INFO - Started process (PID=470) to work on /home/airflow/.local/lib/python3.11/site-packages/airflow/example_dags/example_trigger_target_dag.py
[2024-12-23T15:39:19.950+0000] {processor.py:914} INFO - Processing file /home/airflow/.local/lib/python3.11/site-packages/airflow/example_dags/example_trigger_target_dag.py for tasks to queue
[2024-12-23T15:39:19.951+0000] {logging_mixin.py:190} INFO - [2024-12-23T15:39:19.951+0000] {dagbag.py:588} INFO - Filling up the DagBag from /home/airflow/.local/lib/python3.11/site-packages/airflow/example_dags/example_trigger_target_dag.py
[2024-12-23T15:39:19.956+0000] {processor.py:925} INFO - DAG(s) 'example_trigger_target_dag' retrieved from /home/airflow/.local/lib/python3.11/site-packages/airflow/example_dags/example_trigger_target_dag.py
[2024-12-23T15:39:19.968+0000] {logging_mixin.py:190} INFO - [2024-12-23T15:39:19.968+0000] {dag.py:3239} INFO - Sync 1 DAGs
[2024-12-23T15:39:19.978+0000] {logging_mixin.py:190} INFO - [2024-12-23T15:39:19.977+0000] {dag.py:4180} INFO - Setting next_dagrun for example_trigger_target_dag to None, run_after=None
[2024-12-23T15:39:19.986+0000] {processor.py:208} INFO - Processing /home/airflow/.local/lib/python3.11/site-packages/airflow/example_dags/example_trigger_target_dag.py took 0.041 seconds
[2024-12-23T15:39:50.829+0000] {processor.py:186} INFO - Started process (PID=534) to work on /home/airflow/.local/lib/python3.11/site-packages/airflow/example_dags/example_trigger_target_dag.py
[2024-12-23T15:39:50.830+0000] {processor.py:914} INFO - Processing file /home/airflow/.local/lib/python3.11/site-packages/airflow/example_dags/example_trigger_target_dag.py for tasks to queue
[2024-12-23T15:39:50.832+0000] {logging_mixin.py:190} INFO - [2024-12-23T15:39:50.831+0000] {dagbag.py:588} INFO - Filling up the DagBag from /home/airflow/.local/lib/python3.11/site-packages/airflow/example_dags/example_trigger_target_dag.py
[2024-12-23T15:39:50.838+0000] {processor.py:925} INFO - DAG(s) 'example_trigger_target_dag' retrieved from /home/airflow/.local/lib/python3.11/site-packages/airflow/example_dags/example_trigger_target_dag.py
[2024-12-23T15:39:50.863+0000] {logging_mixin.py:190} INFO - [2024-12-23T15:39:50.862+0000] {dag.py:3239} INFO - Sync 1 DAGs
[2024-12-23T15:39:50.874+0000] {logging_mixin.py:190} INFO - [2024-12-23T15:39:50.873+0000] {dag.py:4180} INFO - Setting next_dagrun for example_trigger_target_dag to None, run_after=None
[2024-12-23T15:39:50.881+0000] {processor.py:208} INFO - Processing /home/airflow/.local/lib/python3.11/site-packages/airflow/example_dags/example_trigger_target_dag.py took 0.056 seconds
[2024-12-23T15:40:21.181+0000] {processor.py:186} INFO - Started process (PID=598) to work on /home/airflow/.local/lib/python3.11/site-packages/airflow/example_dags/example_trigger_target_dag.py
[2024-12-23T15:40:21.181+0000] {processor.py:914} INFO - Processing file /home/airflow/.local/lib/python3.11/site-packages/airflow/example_dags/example_trigger_target_dag.py for tasks to queue
[2024-12-23T15:40:21.184+0000] {logging_mixin.py:190} INFO - [2024-12-23T15:40:21.184+0000] {dagbag.py:588} INFO - Filling up the DagBag from /home/airflow/.local/lib/python3.11/site-packages/airflow/example_dags/example_trigger_target_dag.py
[2024-12-23T15:40:21.192+0000] {processor.py:925} INFO - DAG(s) 'example_trigger_target_dag' retrieved from /home/airflow/.local/lib/python3.11/site-packages/airflow/example_dags/example_trigger_target_dag.py
[2024-12-23T15:40:21.216+0000] {logging_mixin.py:190} INFO - [2024-12-23T15:40:21.215+0000] {dag.py:3239} INFO - Sync 1 DAGs
[2024-12-23T15:40:21.225+0000] {logging_mixin.py:190} INFO - [2024-12-23T15:40:21.225+0000] {dag.py:4180} INFO - Setting next_dagrun for example_trigger_target_dag to None, run_after=None
[2024-12-23T15:40:21.237+0000] {processor.py:208} INFO - Processing /home/airflow/.local/lib/python3.11/site-packages/airflow/example_dags/example_trigger_target_dag.py took 0.060 seconds
[2024-12-23T15:40:52.026+0000] {processor.py:186} INFO - Started process (PID=662) to work on /home/airflow/.local/lib/python3.11/site-packages/airflow/example_dags/example_trigger_target_dag.py
[2024-12-23T15:40:52.026+0000] {processor.py:914} INFO - Processing file /home/airflow/.local/lib/python3.11/site-packages/airflow/example_dags/example_trigger_target_dag.py for tasks to queue
[2024-12-23T15:40:52.028+0000] {logging_mixin.py:190} INFO - [2024-12-23T15:40:52.027+0000] {dagbag.py:588} INFO - Filling up the DagBag from /home/airflow/.local/lib/python3.11/site-packages/airflow/example_dags/example_trigger_target_dag.py
[2024-12-23T15:40:52.032+0000] {processor.py:925} INFO - DAG(s) 'example_trigger_target_dag' retrieved from /home/airflow/.local/lib/python3.11/site-packages/airflow/example_dags/example_trigger_target_dag.py
[2024-12-23T15:40:52.042+0000] {logging_mixin.py:190} INFO - [2024-12-23T15:40:52.042+0000] {dag.py:3239} INFO - Sync 1 DAGs
[2024-12-23T15:40:52.048+0000] {logging_mixin.py:190} INFO - [2024-12-23T15:40:52.048+0000] {dag.py:4180} INFO - Setting next_dagrun for example_trigger_target_dag to None, run_after=None
[2024-12-23T15:40:52.056+0000] {processor.py:208} INFO - Processing /home/airflow/.local/lib/python3.11/site-packages/airflow/example_dags/example_trigger_target_dag.py took 0.033 seconds
[2024-12-23T15:41:22.212+0000] {processor.py:186} INFO - Started process (PID=726) to work on /home/airflow/.local/lib/python3.11/site-packages/airflow/example_dags/example_trigger_target_dag.py
[2024-12-23T15:41:22.213+0000] {processor.py:914} INFO - Processing file /home/airflow/.local/lib/python3.11/site-packages/airflow/example_dags/example_trigger_target_dag.py for tasks to queue
[2024-12-23T15:41:22.214+0000] {logging_mixin.py:190} INFO - [2024-12-23T15:41:22.214+0000] {dagbag.py:588} INFO - Filling up the DagBag from /home/airflow/.local/lib/python3.11/site-packages/airflow/example_dags/example_trigger_target_dag.py
[2024-12-23T15:41:22.221+0000] {processor.py:925} INFO - DAG(s) 'example_trigger_target_dag' retrieved from /home/airflow/.local/lib/python3.11/site-packages/airflow/example_dags/example_trigger_target_dag.py
[2024-12-23T15:41:22.235+0000] {logging_mixin.py:190} INFO - [2024-12-23T15:41:22.235+0000] {dag.py:3239} INFO - Sync 1 DAGs
[2024-12-23T15:41:22.245+0000] {logging_mixin.py:190} INFO - [2024-12-23T15:41:22.245+0000] {dag.py:4180} INFO - Setting next_dagrun for example_trigger_target_dag to None, run_after=None
[2024-12-23T15:41:22.258+0000] {processor.py:208} INFO - Processing /home/airflow/.local/lib/python3.11/site-packages/airflow/example_dags/example_trigger_target_dag.py took 0.052 seconds
[2024-12-23T15:41:53.296+0000] {processor.py:186} INFO - Started process (PID=790) to work on /home/airflow/.local/lib/python3.11/site-packages/airflow/example_dags/example_trigger_target_dag.py
[2024-12-23T15:41:53.297+0000] {processor.py:914} INFO - Processing file /home/airflow/.local/lib/python3.11/site-packages/airflow/example_dags/example_trigger_target_dag.py for tasks to queue
[2024-12-23T15:41:53.299+0000] {logging_mixin.py:190} INFO - [2024-12-23T15:41:53.298+0000] {dagbag.py:588} INFO - Filling up the DagBag from /home/airflow/.local/lib/python3.11/site-packages/airflow/example_dags/example_trigger_target_dag.py
[2024-12-23T15:41:53.303+0000] {processor.py:925} INFO - DAG(s) 'example_trigger_target_dag' retrieved from /home/airflow/.local/lib/python3.11/site-packages/airflow/example_dags/example_trigger_target_dag.py
[2024-12-23T15:41:53.312+0000] {logging_mixin.py:190} INFO - [2024-12-23T15:41:53.312+0000] {dag.py:3239} INFO - Sync 1 DAGs
[2024-12-23T15:41:53.318+0000] {logging_mixin.py:190} INFO - [2024-12-23T15:41:53.318+0000] {dag.py:4180} INFO - Setting next_dagrun for example_trigger_target_dag to None, run_after=None
[2024-12-23T15:41:53.325+0000] {processor.py:208} INFO - Processing /home/airflow/.local/lib/python3.11/site-packages/airflow/example_dags/example_trigger_target_dag.py took 0.031 seconds
[2024-12-23T15:42:24.044+0000] {processor.py:186} INFO - Started process (PID=855) to work on /home/airflow/.local/lib/python3.11/site-packages/airflow/example_dags/example_trigger_target_dag.py
[2024-12-23T15:42:24.045+0000] {processor.py:914} INFO - Processing file /home/airflow/.local/lib/python3.11/site-packages/airflow/example_dags/example_trigger_target_dag.py for tasks to queue
[2024-12-23T15:42:24.046+0000] {logging_mixin.py:190} INFO - [2024-12-23T15:42:24.046+0000] {dagbag.py:588} INFO - Filling up the DagBag from /home/airflow/.local/lib/python3.11/site-packages/airflow/example_dags/example_trigger_target_dag.py
[2024-12-23T15:42:24.050+0000] {processor.py:925} INFO - DAG(s) 'example_trigger_target_dag' retrieved from /home/airflow/.local/lib/python3.11/site-packages/airflow/example_dags/example_trigger_target_dag.py
[2024-12-23T15:42:24.059+0000] {logging_mixin.py:190} INFO - [2024-12-23T15:42:24.058+0000] {dag.py:3239} INFO - Sync 1 DAGs
[2024-12-23T15:42:24.065+0000] {logging_mixin.py:190} INFO - [2024-12-23T15:42:24.065+0000] {dag.py:4180} INFO - Setting next_dagrun for example_trigger_target_dag to None, run_after=None
[2024-12-23T15:42:24.072+0000] {processor.py:208} INFO - Processing /home/airflow/.local/lib/python3.11/site-packages/airflow/example_dags/example_trigger_target_dag.py took 0.031 seconds
[2024-12-23T15:49:33.307+0000] {processor.py:186} INFO - Started process (PID=919) to work on /home/airflow/.local/lib/python3.11/site-packages/airflow/example_dags/example_trigger_target_dag.py
[2024-12-23T15:49:33.308+0000] {processor.py:914} INFO - Processing file /home/airflow/.local/lib/python3.11/site-packages/airflow/example_dags/example_trigger_target_dag.py for tasks to queue
[2024-12-23T15:49:33.310+0000] {logging_mixin.py:190} INFO - [2024-12-23T15:49:33.310+0000] {dagbag.py:588} INFO - Filling up the DagBag from /home/airflow/.local/lib/python3.11/site-packages/airflow/example_dags/example_trigger_target_dag.py
[2024-12-23T15:49:33.315+0000] {processor.py:925} INFO - DAG(s) 'example_trigger_target_dag' retrieved from /home/airflow/.local/lib/python3.11/site-packages/airflow/example_dags/example_trigger_target_dag.py
[2024-12-23T15:49:33.335+0000] {logging_mixin.py:190} INFO - [2024-12-23T15:49:33.335+0000] {dag.py:3239} INFO - Sync 1 DAGs
[2024-12-23T15:49:33.350+0000] {logging_mixin.py:190} INFO - [2024-12-23T15:49:33.349+0000] {dag.py:4180} INFO - Setting next_dagrun for example_trigger_target_dag to None, run_after=None
[2024-12-23T15:49:33.363+0000] {processor.py:208} INFO - Processing /home/airflow/.local/lib/python3.11/site-packages/airflow/example_dags/example_trigger_target_dag.py took 0.059 seconds
[2024-12-23T15:50:03.423+0000] {processor.py:186} INFO - Started process (PID=983) to work on /home/airflow/.local/lib/python3.11/site-packages/airflow/example_dags/example_trigger_target_dag.py
[2024-12-23T15:50:03.424+0000] {processor.py:914} INFO - Processing file /home/airflow/.local/lib/python3.11/site-packages/airflow/example_dags/example_trigger_target_dag.py for tasks to queue
[2024-12-23T15:50:03.426+0000] {logging_mixin.py:190} INFO - [2024-12-23T15:50:03.426+0000] {dagbag.py:588} INFO - Filling up the DagBag from /home/airflow/.local/lib/python3.11/site-packages/airflow/example_dags/example_trigger_target_dag.py
[2024-12-23T15:50:03.432+0000] {processor.py:925} INFO - DAG(s) 'example_trigger_target_dag' retrieved from /home/airflow/.local/lib/python3.11/site-packages/airflow/example_dags/example_trigger_target_dag.py
[2024-12-23T15:50:03.445+0000] {logging_mixin.py:190} INFO - [2024-12-23T15:50:03.445+0000] {dag.py:3239} INFO - Sync 1 DAGs
[2024-12-23T15:50:03.454+0000] {logging_mixin.py:190} INFO - [2024-12-23T15:50:03.453+0000] {dag.py:4180} INFO - Setting next_dagrun for example_trigger_target_dag to None, run_after=None
[2024-12-23T15:50:03.463+0000] {processor.py:208} INFO - Processing /home/airflow/.local/lib/python3.11/site-packages/airflow/example_dags/example_trigger_target_dag.py took 0.046 seconds
[2024-12-23T15:50:33.891+0000] {processor.py:186} INFO - Started process (PID=1047) to work on /home/airflow/.local/lib/python3.11/site-packages/airflow/example_dags/example_trigger_target_dag.py
[2024-12-23T15:50:33.891+0000] {processor.py:914} INFO - Processing file /home/airflow/.local/lib/python3.11/site-packages/airflow/example_dags/example_trigger_target_dag.py for tasks to queue
[2024-12-23T15:50:33.893+0000] {logging_mixin.py:190} INFO - [2024-12-23T15:50:33.893+0000] {dagbag.py:588} INFO - Filling up the DagBag from /home/airflow/.local/lib/python3.11/site-packages/airflow/example_dags/example_trigger_target_dag.py
[2024-12-23T15:50:33.897+0000] {processor.py:925} INFO - DAG(s) 'example_trigger_target_dag' retrieved from /home/airflow/.local/lib/python3.11/site-packages/airflow/example_dags/example_trigger_target_dag.py
[2024-12-23T15:50:33.907+0000] {logging_mixin.py:190} INFO - [2024-12-23T15:50:33.907+0000] {dag.py:3239} INFO - Sync 1 DAGs
[2024-12-23T15:50:33.913+0000] {logging_mixin.py:190} INFO - [2024-12-23T15:50:33.913+0000] {dag.py:4180} INFO - Setting next_dagrun for example_trigger_target_dag to None, run_after=None
[2024-12-23T15:50:33.923+0000] {processor.py:208} INFO - Processing /home/airflow/.local/lib/python3.11/site-packages/airflow/example_dags/example_trigger_target_dag.py took 0.036 seconds
[2024-12-23T15:51:04.879+0000] {processor.py:186} INFO - Started process (PID=1111) to work on /home/airflow/.local/lib/python3.11/site-packages/airflow/example_dags/example_trigger_target_dag.py
[2024-12-23T15:51:04.880+0000] {processor.py:914} INFO - Processing file /home/airflow/.local/lib/python3.11/site-packages/airflow/example_dags/example_trigger_target_dag.py for tasks to queue
[2024-12-23T15:51:04.883+0000] {logging_mixin.py:190} INFO - [2024-12-23T15:51:04.883+0000] {dagbag.py:588} INFO - Filling up the DagBag from /home/airflow/.local/lib/python3.11/site-packages/airflow/example_dags/example_trigger_target_dag.py
[2024-12-23T15:51:04.888+0000] {processor.py:925} INFO - DAG(s) 'example_trigger_target_dag' retrieved from /home/airflow/.local/lib/python3.11/site-packages/airflow/example_dags/example_trigger_target_dag.py
[2024-12-23T15:51:04.899+0000] {logging_mixin.py:190} INFO - [2024-12-23T15:51:04.899+0000] {dag.py:3239} INFO - Sync 1 DAGs
[2024-12-23T15:51:04.906+0000] {logging_mixin.py:190} INFO - [2024-12-23T15:51:04.906+0000] {dag.py:4180} INFO - Setting next_dagrun for example_trigger_target_dag to None, run_after=None
[2024-12-23T15:51:04.919+0000] {processor.py:208} INFO - Processing /home/airflow/.local/lib/python3.11/site-packages/airflow/example_dags/example_trigger_target_dag.py took 0.045 seconds
[2024-12-23T15:51:35.519+0000] {processor.py:186} INFO - Started process (PID=1175) to work on /home/airflow/.local/lib/python3.11/site-packages/airflow/example_dags/example_trigger_target_dag.py
[2024-12-23T15:51:35.519+0000] {processor.py:914} INFO - Processing file /home/airflow/.local/lib/python3.11/site-packages/airflow/example_dags/example_trigger_target_dag.py for tasks to queue
[2024-12-23T15:51:35.521+0000] {logging_mixin.py:190} INFO - [2024-12-23T15:51:35.521+0000] {dagbag.py:588} INFO - Filling up the DagBag from /home/airflow/.local/lib/python3.11/site-packages/airflow/example_dags/example_trigger_target_dag.py
[2024-12-23T15:51:35.526+0000] {processor.py:925} INFO - DAG(s) 'example_trigger_target_dag' retrieved from /home/airflow/.local/lib/python3.11/site-packages/airflow/example_dags/example_trigger_target_dag.py
[2024-12-23T15:51:35.535+0000] {logging_mixin.py:190} INFO - [2024-12-23T15:51:35.535+0000] {dag.py:3239} INFO - Sync 1 DAGs
[2024-12-23T15:51:35.541+0000] {logging_mixin.py:190} INFO - [2024-12-23T15:51:35.541+0000] {dag.py:4180} INFO - Setting next_dagrun for example_trigger_target_dag to None, run_after=None
[2024-12-23T15:51:35.548+0000] {processor.py:208} INFO - Processing /home/airflow/.local/lib/python3.11/site-packages/airflow/example_dags/example_trigger_target_dag.py took 0.033 seconds
[2024-12-23T15:52:06.012+0000] {processor.py:186} INFO - Started process (PID=1239) to work on /home/airflow/.local/lib/python3.11/site-packages/airflow/example_dags/example_trigger_target_dag.py
[2024-12-23T15:52:06.012+0000] {processor.py:914} INFO - Processing file /home/airflow/.local/lib/python3.11/site-packages/airflow/example_dags/example_trigger_target_dag.py for tasks to queue
[2024-12-23T15:52:06.014+0000] {logging_mixin.py:190} INFO - [2024-12-23T15:52:06.014+0000] {dagbag.py:588} INFO - Filling up the DagBag from /home/airflow/.local/lib/python3.11/site-packages/airflow/example_dags/example_trigger_target_dag.py
[2024-12-23T15:52:06.019+0000] {processor.py:925} INFO - DAG(s) 'example_trigger_target_dag' retrieved from /home/airflow/.local/lib/python3.11/site-packages/airflow/example_dags/example_trigger_target_dag.py
[2024-12-23T15:52:06.028+0000] {logging_mixin.py:190} INFO - [2024-12-23T15:52:06.028+0000] {dag.py:3239} INFO - Sync 1 DAGs
[2024-12-23T15:52:06.034+0000] {logging_mixin.py:190} INFO - [2024-12-23T15:52:06.034+0000] {dag.py:4180} INFO - Setting next_dagrun for example_trigger_target_dag to None, run_after=None
[2024-12-23T15:52:06.041+0000] {processor.py:208} INFO - Processing /home/airflow/.local/lib/python3.11/site-packages/airflow/example_dags/example_trigger_target_dag.py took 0.033 seconds
[2024-12-23T15:52:36.352+0000] {processor.py:186} INFO - Started process (PID=1303) to work on /home/airflow/.local/lib/python3.11/site-packages/airflow/example_dags/example_trigger_target_dag.py
[2024-12-23T15:52:36.353+0000] {processor.py:914} INFO - Processing file /home/airflow/.local/lib/python3.11/site-packages/airflow/example_dags/example_trigger_target_dag.py for tasks to queue
[2024-12-23T15:52:36.354+0000] {logging_mixin.py:190} INFO - [2024-12-23T15:52:36.354+0000] {dagbag.py:588} INFO - Filling up the DagBag from /home/airflow/.local/lib/python3.11/site-packages/airflow/example_dags/example_trigger_target_dag.py
[2024-12-23T15:52:36.359+0000] {processor.py:925} INFO - DAG(s) 'example_trigger_target_dag' retrieved from /home/airflow/.local/lib/python3.11/site-packages/airflow/example_dags/example_trigger_target_dag.py
[2024-12-23T15:52:36.368+0000] {logging_mixin.py:190} INFO - [2024-12-23T15:52:36.368+0000] {dag.py:3239} INFO - Sync 1 DAGs
[2024-12-23T15:52:36.374+0000] {logging_mixin.py:190} INFO - [2024-12-23T15:52:36.374+0000] {dag.py:4180} INFO - Setting next_dagrun for example_trigger_target_dag to None, run_after=None
[2024-12-23T15:52:36.381+0000] {processor.py:208} INFO - Processing /home/airflow/.local/lib/python3.11/site-packages/airflow/example_dags/example_trigger_target_dag.py took 0.032 seconds
[2024-12-23T15:53:06.827+0000] {processor.py:186} INFO - Started process (PID=1367) to work on /home/airflow/.local/lib/python3.11/site-packages/airflow/example_dags/example_trigger_target_dag.py
[2024-12-23T15:53:06.828+0000] {processor.py:914} INFO - Processing file /home/airflow/.local/lib/python3.11/site-packages/airflow/example_dags/example_trigger_target_dag.py for tasks to queue
[2024-12-23T15:53:06.829+0000] {logging_mixin.py:190} INFO - [2024-12-23T15:53:06.829+0000] {dagbag.py:588} INFO - Filling up the DagBag from /home/airflow/.local/lib/python3.11/site-packages/airflow/example_dags/example_trigger_target_dag.py
[2024-12-23T15:53:06.833+0000] {processor.py:925} INFO - DAG(s) 'example_trigger_target_dag' retrieved from /home/airflow/.local/lib/python3.11/site-packages/airflow/example_dags/example_trigger_target_dag.py
[2024-12-23T15:53:06.843+0000] {logging_mixin.py:190} INFO - [2024-12-23T15:53:06.843+0000] {dag.py:3239} INFO - Sync 1 DAGs
[2024-12-23T15:53:06.849+0000] {logging_mixin.py:190} INFO - [2024-12-23T15:53:06.849+0000] {dag.py:4180} INFO - Setting next_dagrun for example_trigger_target_dag to None, run_after=None
[2024-12-23T15:53:06.856+0000] {processor.py:208} INFO - Processing /home/airflow/.local/lib/python3.11/site-packages/airflow/example_dags/example_trigger_target_dag.py took 0.033 seconds
[2024-12-23T15:53:37.346+0000] {processor.py:186} INFO - Started process (PID=1431) to work on /home/airflow/.local/lib/python3.11/site-packages/airflow/example_dags/example_trigger_target_dag.py
[2024-12-23T15:53:37.347+0000] {processor.py:914} INFO - Processing file /home/airflow/.local/lib/python3.11/site-packages/airflow/example_dags/example_trigger_target_dag.py for tasks to queue
[2024-12-23T15:53:37.348+0000] {logging_mixin.py:190} INFO - [2024-12-23T15:53:37.348+0000] {dagbag.py:588} INFO - Filling up the DagBag from /home/airflow/.local/lib/python3.11/site-packages/airflow/example_dags/example_trigger_target_dag.py
[2024-12-23T15:53:37.353+0000] {processor.py:925} INFO - DAG(s) 'example_trigger_target_dag' retrieved from /home/airflow/.local/lib/python3.11/site-packages/airflow/example_dags/example_trigger_target_dag.py
[2024-12-23T15:53:37.362+0000] {logging_mixin.py:190} INFO - [2024-12-23T15:53:37.362+0000] {dag.py:3239} INFO - Sync 1 DAGs
[2024-12-23T15:53:37.369+0000] {logging_mixin.py:190} INFO - [2024-12-23T15:53:37.369+0000] {dag.py:4180} INFO - Setting next_dagrun for example_trigger_target_dag to None, run_after=None
[2024-12-23T15:53:37.376+0000] {processor.py:208} INFO - Processing /home/airflow/.local/lib/python3.11/site-packages/airflow/example_dags/example_trigger_target_dag.py took 0.035 seconds
[2024-12-23T15:54:07.928+0000] {processor.py:186} INFO - Started process (PID=1495) to work on /home/airflow/.local/lib/python3.11/site-packages/airflow/example_dags/example_trigger_target_dag.py
[2024-12-23T15:54:07.929+0000] {processor.py:914} INFO - Processing file /home/airflow/.local/lib/python3.11/site-packages/airflow/example_dags/example_trigger_target_dag.py for tasks to queue
[2024-12-23T15:54:07.930+0000] {logging_mixin.py:190} INFO - [2024-12-23T15:54:07.930+0000] {dagbag.py:588} INFO - Filling up the DagBag from /home/airflow/.local/lib/python3.11/site-packages/airflow/example_dags/example_trigger_target_dag.py
[2024-12-23T15:54:07.935+0000] {processor.py:925} INFO - DAG(s) 'example_trigger_target_dag' retrieved from /home/airflow/.local/lib/python3.11/site-packages/airflow/example_dags/example_trigger_target_dag.py
[2024-12-23T15:54:07.944+0000] {logging_mixin.py:190} INFO - [2024-12-23T15:54:07.944+0000] {dag.py:3239} INFO - Sync 1 DAGs
[2024-12-23T15:54:07.951+0000] {logging_mixin.py:190} INFO - [2024-12-23T15:54:07.950+0000] {dag.py:4180} INFO - Setting next_dagrun for example_trigger_target_dag to None, run_after=None
[2024-12-23T15:54:07.958+0000] {processor.py:208} INFO - Processing /home/airflow/.local/lib/python3.11/site-packages/airflow/example_dags/example_trigger_target_dag.py took 0.033 seconds
[2024-12-23T15:54:38.455+0000] {processor.py:186} INFO - Started process (PID=1559) to work on /home/airflow/.local/lib/python3.11/site-packages/airflow/example_dags/example_trigger_target_dag.py
[2024-12-23T15:54:38.456+0000] {processor.py:914} INFO - Processing file /home/airflow/.local/lib/python3.11/site-packages/airflow/example_dags/example_trigger_target_dag.py for tasks to queue
[2024-12-23T15:54:38.457+0000] {logging_mixin.py:190} INFO - [2024-12-23T15:54:38.457+0000] {dagbag.py:588} INFO - Filling up the DagBag from /home/airflow/.local/lib/python3.11/site-packages/airflow/example_dags/example_trigger_target_dag.py
[2024-12-23T15:54:38.462+0000] {processor.py:925} INFO - DAG(s) 'example_trigger_target_dag' retrieved from /home/airflow/.local/lib/python3.11/site-packages/airflow/example_dags/example_trigger_target_dag.py
[2024-12-23T15:54:38.472+0000] {logging_mixin.py:190} INFO - [2024-12-23T15:54:38.472+0000] {dag.py:3239} INFO - Sync 1 DAGs
[2024-12-23T15:54:38.479+0000] {logging_mixin.py:190} INFO - [2024-12-23T15:54:38.478+0000] {dag.py:4180} INFO - Setting next_dagrun for example_trigger_target_dag to None, run_after=None
[2024-12-23T15:54:38.487+0000] {processor.py:208} INFO - Processing /home/airflow/.local/lib/python3.11/site-packages/airflow/example_dags/example_trigger_target_dag.py took 0.034 seconds
[2024-12-23T15:55:08.839+0000] {processor.py:186} INFO - Started process (PID=1623) to work on /home/airflow/.local/lib/python3.11/site-packages/airflow/example_dags/example_trigger_target_dag.py
[2024-12-23T15:55:08.840+0000] {processor.py:914} INFO - Processing file /home/airflow/.local/lib/python3.11/site-packages/airflow/example_dags/example_trigger_target_dag.py for tasks to queue
[2024-12-23T15:55:08.841+0000] {logging_mixin.py:190} INFO - [2024-12-23T15:55:08.841+0000] {dagbag.py:588} INFO - Filling up the DagBag from /home/airflow/.local/lib/python3.11/site-packages/airflow/example_dags/example_trigger_target_dag.py
[2024-12-23T15:55:08.846+0000] {processor.py:925} INFO - DAG(s) 'example_trigger_target_dag' retrieved from /home/airflow/.local/lib/python3.11/site-packages/airflow/example_dags/example_trigger_target_dag.py
[2024-12-23T15:55:08.861+0000] {logging_mixin.py:190} INFO - [2024-12-23T15:55:08.860+0000] {dag.py:3239} INFO - Sync 1 DAGs
[2024-12-23T15:55:08.868+0000] {logging_mixin.py:190} INFO - [2024-12-23T15:55:08.868+0000] {dag.py:4180} INFO - Setting next_dagrun for example_trigger_target_dag to None, run_after=None
[2024-12-23T15:55:08.876+0000] {processor.py:208} INFO - Processing /home/airflow/.local/lib/python3.11/site-packages/airflow/example_dags/example_trigger_target_dag.py took 0.040 seconds
[2024-12-23T16:14:28.377+0000] {processor.py:186} INFO - Started process (PID=1681) to work on /home/airflow/.local/lib/python3.11/site-packages/airflow/example_dags/example_trigger_target_dag.py
[2024-12-23T16:14:28.380+0000] {processor.py:914} INFO - Processing file /home/airflow/.local/lib/python3.11/site-packages/airflow/example_dags/example_trigger_target_dag.py for tasks to queue
[2024-12-23T16:14:28.384+0000] {logging_mixin.py:190} INFO - [2024-12-23T16:14:28.384+0000] {dagbag.py:588} INFO - Filling up the DagBag from /home/airflow/.local/lib/python3.11/site-packages/airflow/example_dags/example_trigger_target_dag.py
[2024-12-23T16:14:28.392+0000] {processor.py:925} INFO - DAG(s) 'example_trigger_target_dag' retrieved from /home/airflow/.local/lib/python3.11/site-packages/airflow/example_dags/example_trigger_target_dag.py
[2024-12-23T16:14:28.407+0000] {logging_mixin.py:190} INFO - [2024-12-23T16:14:28.407+0000] {dag.py:3239} INFO - Sync 1 DAGs
[2024-12-23T16:14:28.415+0000] {logging_mixin.py:190} INFO - [2024-12-23T16:14:28.415+0000] {dag.py:4180} INFO - Setting next_dagrun for example_trigger_target_dag to None, run_after=None
[2024-12-23T16:14:28.425+0000] {processor.py:208} INFO - Processing /home/airflow/.local/lib/python3.11/site-packages/airflow/example_dags/example_trigger_target_dag.py took 0.058 seconds
