[2024-12-23T15:36:20.092+0000] {processor.py:186} INFO - Started process (PID=102) to work on /home/airflow/.local/lib/python3.11/site-packages/airflow/example_dags/example_dataset_alias.py
[2024-12-23T15:36:20.092+0000] {processor.py:914} INFO - Processing file /home/airflow/.local/lib/python3.11/site-packages/airflow/example_dags/example_dataset_alias.py for tasks to queue
[2024-12-23T15:36:20.094+0000] {logging_mixin.py:190} INFO - [2024-12-23T15:36:20.094+0000] {dagbag.py:588} INFO - Filling up the DagBag from /home/airflow/.local/lib/python3.11/site-packages/airflow/example_dags/example_dataset_alias.py
[2024-12-23T15:36:20.588+0000] {processor.py:925} INFO - DAG(s) 'dataset_s3_bucket_consumer', 'dataset_s3_bucket_producer', 'dataset_alias_example_alias_consumer', 'dataset_alias_example_alias_producer' retrieved from /home/airflow/.local/lib/python3.11/site-packages/airflow/example_dags/example_dataset_alias.py
[2024-12-23T15:36:20.605+0000] {logging_mixin.py:190} INFO - [2024-12-23T15:36:20.605+0000] {dag.py:3239} INFO - Sync 4 DAGs
[2024-12-23T15:36:20.621+0000] {logging_mixin.py:190} INFO - [2024-12-23T15:36:20.621+0000] {dag.py:4180} INFO - Setting next_dagrun for dataset_alias_example_alias_consumer to None, run_after=None
[2024-12-23T15:36:20.623+0000] {logging_mixin.py:190} INFO - [2024-12-23T15:36:20.623+0000] {dag.py:4180} INFO - Setting next_dagrun for dataset_alias_example_alias_producer to None, run_after=None
[2024-12-23T15:36:20.624+0000] {logging_mixin.py:190} INFO - [2024-12-23T15:36:20.624+0000] {dag.py:4180} INFO - Setting next_dagrun for dataset_s3_bucket_consumer to None, run_after=None
[2024-12-23T15:36:20.625+0000] {logging_mixin.py:190} INFO - [2024-12-23T15:36:20.624+0000] {dag.py:4180} INFO - Setting next_dagrun for dataset_s3_bucket_producer to None, run_after=None
[2024-12-23T15:36:20.638+0000] {processor.py:208} INFO - Processing /home/airflow/.local/lib/python3.11/site-packages/airflow/example_dags/example_dataset_alias.py took 0.550 seconds
[2024-12-23T15:36:51.082+0000] {processor.py:186} INFO - Started process (PID=166) to work on /home/airflow/.local/lib/python3.11/site-packages/airflow/example_dags/example_dataset_alias.py
[2024-12-23T15:36:51.083+0000] {processor.py:914} INFO - Processing file /home/airflow/.local/lib/python3.11/site-packages/airflow/example_dags/example_dataset_alias.py for tasks to queue
[2024-12-23T15:36:51.085+0000] {logging_mixin.py:190} INFO - [2024-12-23T15:36:51.085+0000] {dagbag.py:588} INFO - Filling up the DagBag from /home/airflow/.local/lib/python3.11/site-packages/airflow/example_dags/example_dataset_alias.py
[2024-12-23T15:36:51.618+0000] {processor.py:925} INFO - DAG(s) 'dataset_alias_example_alias_producer', 'dataset_alias_example_alias_consumer', 'dataset_s3_bucket_producer', 'dataset_s3_bucket_consumer' retrieved from /home/airflow/.local/lib/python3.11/site-packages/airflow/example_dags/example_dataset_alias.py
[2024-12-23T15:36:51.644+0000] {logging_mixin.py:190} INFO - [2024-12-23T15:36:51.643+0000] {dag.py:3239} INFO - Sync 4 DAGs
[2024-12-23T15:36:51.666+0000] {logging_mixin.py:190} INFO - [2024-12-23T15:36:51.666+0000] {dag.py:4180} INFO - Setting next_dagrun for dataset_alias_example_alias_consumer to None, run_after=None
[2024-12-23T15:36:51.668+0000] {logging_mixin.py:190} INFO - [2024-12-23T15:36:51.668+0000] {dag.py:4180} INFO - Setting next_dagrun for dataset_alias_example_alias_producer to None, run_after=None
[2024-12-23T15:36:51.670+0000] {logging_mixin.py:190} INFO - [2024-12-23T15:36:51.670+0000] {dag.py:4180} INFO - Setting next_dagrun for dataset_s3_bucket_consumer to None, run_after=None
[2024-12-23T15:36:51.671+0000] {logging_mixin.py:190} INFO - [2024-12-23T15:36:51.671+0000] {dag.py:4180} INFO - Setting next_dagrun for dataset_s3_bucket_producer to None, run_after=None
[2024-12-23T15:36:51.686+0000] {processor.py:208} INFO - Processing /home/airflow/.local/lib/python3.11/site-packages/airflow/example_dags/example_dataset_alias.py took 0.610 seconds
[2024-12-23T15:37:23.650+0000] {processor.py:186} INFO - Started process (PID=231) to work on /home/airflow/.local/lib/python3.11/site-packages/airflow/example_dags/example_dataset_alias.py
[2024-12-23T15:37:23.652+0000] {processor.py:914} INFO - Processing file /home/airflow/.local/lib/python3.11/site-packages/airflow/example_dags/example_dataset_alias.py for tasks to queue
[2024-12-23T15:37:23.657+0000] {logging_mixin.py:190} INFO - [2024-12-23T15:37:23.657+0000] {dagbag.py:588} INFO - Filling up the DagBag from /home/airflow/.local/lib/python3.11/site-packages/airflow/example_dags/example_dataset_alias.py
[2024-12-23T15:37:24.435+0000] {processor.py:925} INFO - DAG(s) 'dataset_alias_example_alias_consumer', 'dataset_s3_bucket_producer', 'dataset_s3_bucket_consumer', 'dataset_alias_example_alias_producer' retrieved from /home/airflow/.local/lib/python3.11/site-packages/airflow/example_dags/example_dataset_alias.py
[2024-12-23T15:37:24.700+0000] {logging_mixin.py:190} INFO - [2024-12-23T15:37:24.700+0000] {dag.py:3239} INFO - Sync 4 DAGs
[2024-12-23T15:37:24.767+0000] {logging_mixin.py:190} INFO - [2024-12-23T15:37:24.767+0000] {dag.py:4180} INFO - Setting next_dagrun for dataset_alias_example_alias_consumer to None, run_after=None
[2024-12-23T15:37:24.772+0000] {logging_mixin.py:190} INFO - [2024-12-23T15:37:24.772+0000] {dag.py:4180} INFO - Setting next_dagrun for dataset_alias_example_alias_producer to None, run_after=None
[2024-12-23T15:37:24.775+0000] {logging_mixin.py:190} INFO - [2024-12-23T15:37:24.774+0000] {dag.py:4180} INFO - Setting next_dagrun for dataset_s3_bucket_consumer to None, run_after=None
[2024-12-23T15:37:24.777+0000] {logging_mixin.py:190} INFO - [2024-12-23T15:37:24.777+0000] {dag.py:4180} INFO - Setting next_dagrun for dataset_s3_bucket_producer to None, run_after=None
[2024-12-23T15:37:24.864+0000] {processor.py:208} INFO - Processing /home/airflow/.local/lib/python3.11/site-packages/airflow/example_dags/example_dataset_alias.py took 1.229 seconds
[2024-12-23T15:37:55.041+0000] {processor.py:186} INFO - Started process (PID=294) to work on /home/airflow/.local/lib/python3.11/site-packages/airflow/example_dags/example_dataset_alias.py
[2024-12-23T15:37:55.044+0000] {processor.py:914} INFO - Processing file /home/airflow/.local/lib/python3.11/site-packages/airflow/example_dags/example_dataset_alias.py for tasks to queue
[2024-12-23T15:37:55.048+0000] {logging_mixin.py:190} INFO - [2024-12-23T15:37:55.047+0000] {dagbag.py:588} INFO - Filling up the DagBag from /home/airflow/.local/lib/python3.11/site-packages/airflow/example_dags/example_dataset_alias.py
[2024-12-23T15:37:55.341+0000] {processor.py:925} INFO - DAG(s) 'dataset_alias_example_alias_producer', 'dataset_alias_example_alias_consumer', 'dataset_s3_bucket_producer', 'dataset_s3_bucket_consumer' retrieved from /home/airflow/.local/lib/python3.11/site-packages/airflow/example_dags/example_dataset_alias.py
[2024-12-23T15:37:55.350+0000] {logging_mixin.py:190} INFO - [2024-12-23T15:37:55.350+0000] {dag.py:3239} INFO - Sync 4 DAGs
[2024-12-23T15:37:55.370+0000] {logging_mixin.py:190} INFO - [2024-12-23T15:37:55.370+0000] {dag.py:4180} INFO - Setting next_dagrun for dataset_alias_example_alias_consumer to None, run_after=None
[2024-12-23T15:37:55.372+0000] {logging_mixin.py:190} INFO - [2024-12-23T15:37:55.372+0000] {dag.py:4180} INFO - Setting next_dagrun for dataset_alias_example_alias_producer to None, run_after=None
[2024-12-23T15:37:55.374+0000] {logging_mixin.py:190} INFO - [2024-12-23T15:37:55.374+0000] {dag.py:4180} INFO - Setting next_dagrun for dataset_s3_bucket_consumer to None, run_after=None
[2024-12-23T15:37:55.375+0000] {logging_mixin.py:190} INFO - [2024-12-23T15:37:55.374+0000] {dag.py:4180} INFO - Setting next_dagrun for dataset_s3_bucket_producer to None, run_after=None
[2024-12-23T15:37:55.385+0000] {processor.py:208} INFO - Processing /home/airflow/.local/lib/python3.11/site-packages/airflow/example_dags/example_dataset_alias.py took 0.377 seconds
[2024-12-23T15:38:25.955+0000] {processor.py:186} INFO - Started process (PID=358) to work on /home/airflow/.local/lib/python3.11/site-packages/airflow/example_dags/example_dataset_alias.py
[2024-12-23T15:38:25.956+0000] {processor.py:914} INFO - Processing file /home/airflow/.local/lib/python3.11/site-packages/airflow/example_dags/example_dataset_alias.py for tasks to queue
[2024-12-23T15:38:25.960+0000] {logging_mixin.py:190} INFO - [2024-12-23T15:38:25.959+0000] {dagbag.py:588} INFO - Filling up the DagBag from /home/airflow/.local/lib/python3.11/site-packages/airflow/example_dags/example_dataset_alias.py
[2024-12-23T15:38:26.078+0000] {processor.py:925} INFO - DAG(s) 'dataset_s3_bucket_consumer', 'dataset_alias_example_alias_producer', 'dataset_alias_example_alias_consumer', 'dataset_s3_bucket_producer' retrieved from /home/airflow/.local/lib/python3.11/site-packages/airflow/example_dags/example_dataset_alias.py
[2024-12-23T15:38:26.098+0000] {logging_mixin.py:190} INFO - [2024-12-23T15:38:26.097+0000] {dag.py:3239} INFO - Sync 4 DAGs
[2024-12-23T15:38:26.114+0000] {logging_mixin.py:190} INFO - [2024-12-23T15:38:26.114+0000] {dag.py:4180} INFO - Setting next_dagrun for dataset_alias_example_alias_consumer to None, run_after=None
[2024-12-23T15:38:26.116+0000] {logging_mixin.py:190} INFO - [2024-12-23T15:38:26.116+0000] {dag.py:4180} INFO - Setting next_dagrun for dataset_alias_example_alias_producer to None, run_after=None
[2024-12-23T15:38:26.117+0000] {logging_mixin.py:190} INFO - [2024-12-23T15:38:26.117+0000] {dag.py:4180} INFO - Setting next_dagrun for dataset_s3_bucket_consumer to None, run_after=None
[2024-12-23T15:38:26.118+0000] {logging_mixin.py:190} INFO - [2024-12-23T15:38:26.118+0000] {dag.py:4180} INFO - Setting next_dagrun for dataset_s3_bucket_producer to None, run_after=None
[2024-12-23T15:38:26.128+0000] {processor.py:208} INFO - Processing /home/airflow/.local/lib/python3.11/site-packages/airflow/example_dags/example_dataset_alias.py took 0.185 seconds
[2024-12-23T15:38:57.134+0000] {processor.py:186} INFO - Started process (PID=425) to work on /home/airflow/.local/lib/python3.11/site-packages/airflow/example_dags/example_dataset_alias.py
[2024-12-23T15:38:57.136+0000] {processor.py:914} INFO - Processing file /home/airflow/.local/lib/python3.11/site-packages/airflow/example_dags/example_dataset_alias.py for tasks to queue
[2024-12-23T15:38:57.139+0000] {logging_mixin.py:190} INFO - [2024-12-23T15:38:57.139+0000] {dagbag.py:588} INFO - Filling up the DagBag from /home/airflow/.local/lib/python3.11/site-packages/airflow/example_dags/example_dataset_alias.py
[2024-12-23T15:38:57.248+0000] {processor.py:925} INFO - DAG(s) 'dataset_s3_bucket_producer', 'dataset_alias_example_alias_producer', 'dataset_s3_bucket_consumer', 'dataset_alias_example_alias_consumer' retrieved from /home/airflow/.local/lib/python3.11/site-packages/airflow/example_dags/example_dataset_alias.py
[2024-12-23T15:38:57.263+0000] {logging_mixin.py:190} INFO - [2024-12-23T15:38:57.262+0000] {dag.py:3239} INFO - Sync 4 DAGs
[2024-12-23T15:38:57.275+0000] {logging_mixin.py:190} INFO - [2024-12-23T15:38:57.275+0000] {dag.py:4180} INFO - Setting next_dagrun for dataset_alias_example_alias_consumer to None, run_after=None
[2024-12-23T15:38:57.277+0000] {logging_mixin.py:190} INFO - [2024-12-23T15:38:57.276+0000] {dag.py:4180} INFO - Setting next_dagrun for dataset_alias_example_alias_producer to None, run_after=None
[2024-12-23T15:38:57.277+0000] {logging_mixin.py:190} INFO - [2024-12-23T15:38:57.277+0000] {dag.py:4180} INFO - Setting next_dagrun for dataset_s3_bucket_consumer to None, run_after=None
[2024-12-23T15:38:57.278+0000] {logging_mixin.py:190} INFO - [2024-12-23T15:38:57.278+0000] {dag.py:4180} INFO - Setting next_dagrun for dataset_s3_bucket_producer to None, run_after=None
[2024-12-23T15:38:57.286+0000] {processor.py:208} INFO - Processing /home/airflow/.local/lib/python3.11/site-packages/airflow/example_dags/example_dataset_alias.py took 0.163 seconds
[2024-12-23T15:39:27.344+0000] {processor.py:186} INFO - Started process (PID=489) to work on /home/airflow/.local/lib/python3.11/site-packages/airflow/example_dags/example_dataset_alias.py
[2024-12-23T15:39:27.346+0000] {processor.py:914} INFO - Processing file /home/airflow/.local/lib/python3.11/site-packages/airflow/example_dags/example_dataset_alias.py for tasks to queue
[2024-12-23T15:39:27.350+0000] {logging_mixin.py:190} INFO - [2024-12-23T15:39:27.349+0000] {dagbag.py:588} INFO - Filling up the DagBag from /home/airflow/.local/lib/python3.11/site-packages/airflow/example_dags/example_dataset_alias.py
[2024-12-23T15:39:27.468+0000] {processor.py:925} INFO - DAG(s) 'dataset_alias_example_alias_producer', 'dataset_s3_bucket_producer', 'dataset_s3_bucket_consumer', 'dataset_alias_example_alias_consumer' retrieved from /home/airflow/.local/lib/python3.11/site-packages/airflow/example_dags/example_dataset_alias.py
[2024-12-23T15:39:27.478+0000] {logging_mixin.py:190} INFO - [2024-12-23T15:39:27.478+0000] {dag.py:3239} INFO - Sync 4 DAGs
[2024-12-23T15:39:27.493+0000] {logging_mixin.py:190} INFO - [2024-12-23T15:39:27.493+0000] {dag.py:4180} INFO - Setting next_dagrun for dataset_alias_example_alias_consumer to None, run_after=None
[2024-12-23T15:39:27.495+0000] {logging_mixin.py:190} INFO - [2024-12-23T15:39:27.495+0000] {dag.py:4180} INFO - Setting next_dagrun for dataset_alias_example_alias_producer to None, run_after=None
[2024-12-23T15:39:27.496+0000] {logging_mixin.py:190} INFO - [2024-12-23T15:39:27.496+0000] {dag.py:4180} INFO - Setting next_dagrun for dataset_s3_bucket_consumer to None, run_after=None
[2024-12-23T15:39:27.496+0000] {logging_mixin.py:190} INFO - [2024-12-23T15:39:27.496+0000] {dag.py:4180} INFO - Setting next_dagrun for dataset_s3_bucket_producer to None, run_after=None
[2024-12-23T15:39:27.506+0000] {processor.py:208} INFO - Processing /home/airflow/.local/lib/python3.11/site-packages/airflow/example_dags/example_dataset_alias.py took 0.177 seconds
[2024-12-23T15:39:58.008+0000] {processor.py:186} INFO - Started process (PID=553) to work on /home/airflow/.local/lib/python3.11/site-packages/airflow/example_dags/example_dataset_alias.py
[2024-12-23T15:39:58.011+0000] {processor.py:914} INFO - Processing file /home/airflow/.local/lib/python3.11/site-packages/airflow/example_dags/example_dataset_alias.py for tasks to queue
[2024-12-23T15:39:58.014+0000] {logging_mixin.py:190} INFO - [2024-12-23T15:39:58.013+0000] {dagbag.py:588} INFO - Filling up the DagBag from /home/airflow/.local/lib/python3.11/site-packages/airflow/example_dags/example_dataset_alias.py
[2024-12-23T15:39:58.376+0000] {processor.py:925} INFO - DAG(s) 'dataset_alias_example_alias_producer', 'dataset_s3_bucket_producer', 'dataset_s3_bucket_consumer', 'dataset_alias_example_alias_consumer' retrieved from /home/airflow/.local/lib/python3.11/site-packages/airflow/example_dags/example_dataset_alias.py
[2024-12-23T15:39:58.399+0000] {logging_mixin.py:190} INFO - [2024-12-23T15:39:58.398+0000] {dag.py:3239} INFO - Sync 4 DAGs
[2024-12-23T15:39:58.412+0000] {logging_mixin.py:190} INFO - [2024-12-23T15:39:58.412+0000] {dag.py:4180} INFO - Setting next_dagrun for dataset_alias_example_alias_consumer to None, run_after=None
[2024-12-23T15:39:58.413+0000] {logging_mixin.py:190} INFO - [2024-12-23T15:39:58.413+0000] {dag.py:4180} INFO - Setting next_dagrun for dataset_alias_example_alias_producer to None, run_after=None
[2024-12-23T15:39:58.414+0000] {logging_mixin.py:190} INFO - [2024-12-23T15:39:58.414+0000] {dag.py:4180} INFO - Setting next_dagrun for dataset_s3_bucket_consumer to None, run_after=None
[2024-12-23T15:39:58.415+0000] {logging_mixin.py:190} INFO - [2024-12-23T15:39:58.415+0000] {dag.py:4180} INFO - Setting next_dagrun for dataset_s3_bucket_producer to None, run_after=None
[2024-12-23T15:39:58.429+0000] {processor.py:208} INFO - Processing /home/airflow/.local/lib/python3.11/site-packages/airflow/example_dags/example_dataset_alias.py took 0.432 seconds
[2024-12-23T15:40:29.082+0000] {processor.py:186} INFO - Started process (PID=617) to work on /home/airflow/.local/lib/python3.11/site-packages/airflow/example_dags/example_dataset_alias.py
[2024-12-23T15:40:29.086+0000] {processor.py:914} INFO - Processing file /home/airflow/.local/lib/python3.11/site-packages/airflow/example_dags/example_dataset_alias.py for tasks to queue
[2024-12-23T15:40:29.092+0000] {logging_mixin.py:190} INFO - [2024-12-23T15:40:29.092+0000] {dagbag.py:588} INFO - Filling up the DagBag from /home/airflow/.local/lib/python3.11/site-packages/airflow/example_dags/example_dataset_alias.py
[2024-12-23T15:40:29.352+0000] {processor.py:925} INFO - DAG(s) 'dataset_alias_example_alias_producer', 'dataset_s3_bucket_consumer', 'dataset_alias_example_alias_consumer', 'dataset_s3_bucket_producer' retrieved from /home/airflow/.local/lib/python3.11/site-packages/airflow/example_dags/example_dataset_alias.py
[2024-12-23T15:40:29.369+0000] {logging_mixin.py:190} INFO - [2024-12-23T15:40:29.369+0000] {dag.py:3239} INFO - Sync 4 DAGs
[2024-12-23T15:40:29.390+0000] {logging_mixin.py:190} INFO - [2024-12-23T15:40:29.390+0000] {dag.py:4180} INFO - Setting next_dagrun for dataset_alias_example_alias_consumer to None, run_after=None
[2024-12-23T15:40:29.395+0000] {logging_mixin.py:190} INFO - [2024-12-23T15:40:29.395+0000] {dag.py:4180} INFO - Setting next_dagrun for dataset_alias_example_alias_producer to None, run_after=None
[2024-12-23T15:40:29.397+0000] {logging_mixin.py:190} INFO - [2024-12-23T15:40:29.397+0000] {dag.py:4180} INFO - Setting next_dagrun for dataset_s3_bucket_consumer to None, run_after=None
[2024-12-23T15:40:29.399+0000] {logging_mixin.py:190} INFO - [2024-12-23T15:40:29.399+0000] {dag.py:4180} INFO - Setting next_dagrun for dataset_s3_bucket_producer to None, run_after=None
[2024-12-23T15:40:29.416+0000] {processor.py:208} INFO - Processing /home/airflow/.local/lib/python3.11/site-packages/airflow/example_dags/example_dataset_alias.py took 0.361 seconds
[2024-12-23T15:40:59.494+0000] {processor.py:186} INFO - Started process (PID=682) to work on /home/airflow/.local/lib/python3.11/site-packages/airflow/example_dags/example_dataset_alias.py
[2024-12-23T15:40:59.496+0000] {processor.py:914} INFO - Processing file /home/airflow/.local/lib/python3.11/site-packages/airflow/example_dags/example_dataset_alias.py for tasks to queue
[2024-12-23T15:40:59.501+0000] {logging_mixin.py:190} INFO - [2024-12-23T15:40:59.500+0000] {dagbag.py:588} INFO - Filling up the DagBag from /home/airflow/.local/lib/python3.11/site-packages/airflow/example_dags/example_dataset_alias.py
[2024-12-23T15:40:59.655+0000] {processor.py:925} INFO - DAG(s) 'dataset_s3_bucket_producer', 'dataset_alias_example_alias_producer', 'dataset_alias_example_alias_consumer', 'dataset_s3_bucket_consumer' retrieved from /home/airflow/.local/lib/python3.11/site-packages/airflow/example_dags/example_dataset_alias.py
[2024-12-23T15:40:59.667+0000] {logging_mixin.py:190} INFO - [2024-12-23T15:40:59.667+0000] {dag.py:3239} INFO - Sync 4 DAGs
[2024-12-23T15:40:59.691+0000] {logging_mixin.py:190} INFO - [2024-12-23T15:40:59.690+0000] {dag.py:4180} INFO - Setting next_dagrun for dataset_alias_example_alias_consumer to None, run_after=None
[2024-12-23T15:40:59.692+0000] {logging_mixin.py:190} INFO - [2024-12-23T15:40:59.692+0000] {dag.py:4180} INFO - Setting next_dagrun for dataset_alias_example_alias_producer to None, run_after=None
[2024-12-23T15:40:59.693+0000] {logging_mixin.py:190} INFO - [2024-12-23T15:40:59.693+0000] {dag.py:4180} INFO - Setting next_dagrun for dataset_s3_bucket_consumer to None, run_after=None
[2024-12-23T15:40:59.694+0000] {logging_mixin.py:190} INFO - [2024-12-23T15:40:59.694+0000] {dag.py:4180} INFO - Setting next_dagrun for dataset_s3_bucket_producer to None, run_after=None
[2024-12-23T15:40:59.705+0000] {processor.py:208} INFO - Processing /home/airflow/.local/lib/python3.11/site-packages/airflow/example_dags/example_dataset_alias.py took 0.216 seconds
[2024-12-23T15:41:30.341+0000] {processor.py:186} INFO - Started process (PID=745) to work on /home/airflow/.local/lib/python3.11/site-packages/airflow/example_dags/example_dataset_alias.py
[2024-12-23T15:41:30.347+0000] {processor.py:914} INFO - Processing file /home/airflow/.local/lib/python3.11/site-packages/airflow/example_dags/example_dataset_alias.py for tasks to queue
[2024-12-23T15:41:30.356+0000] {logging_mixin.py:190} INFO - [2024-12-23T15:41:30.356+0000] {dagbag.py:588} INFO - Filling up the DagBag from /home/airflow/.local/lib/python3.11/site-packages/airflow/example_dags/example_dataset_alias.py
[2024-12-23T15:41:30.479+0000] {processor.py:925} INFO - DAG(s) 'dataset_s3_bucket_consumer', 'dataset_alias_example_alias_producer', 'dataset_s3_bucket_producer', 'dataset_alias_example_alias_consumer' retrieved from /home/airflow/.local/lib/python3.11/site-packages/airflow/example_dags/example_dataset_alias.py
[2024-12-23T15:41:30.491+0000] {logging_mixin.py:190} INFO - [2024-12-23T15:41:30.490+0000] {dag.py:3239} INFO - Sync 4 DAGs
[2024-12-23T15:41:30.501+0000] {logging_mixin.py:190} INFO - [2024-12-23T15:41:30.501+0000] {dag.py:4180} INFO - Setting next_dagrun for dataset_alias_example_alias_consumer to None, run_after=None
[2024-12-23T15:41:30.503+0000] {logging_mixin.py:190} INFO - [2024-12-23T15:41:30.503+0000] {dag.py:4180} INFO - Setting next_dagrun for dataset_alias_example_alias_producer to None, run_after=None
[2024-12-23T15:41:30.503+0000] {logging_mixin.py:190} INFO - [2024-12-23T15:41:30.503+0000] {dag.py:4180} INFO - Setting next_dagrun for dataset_s3_bucket_consumer to None, run_after=None
[2024-12-23T15:41:30.504+0000] {logging_mixin.py:190} INFO - [2024-12-23T15:41:30.504+0000] {dag.py:4180} INFO - Setting next_dagrun for dataset_s3_bucket_producer to None, run_after=None
[2024-12-23T15:41:30.514+0000] {processor.py:208} INFO - Processing /home/airflow/.local/lib/python3.11/site-packages/airflow/example_dags/example_dataset_alias.py took 0.197 seconds
[2024-12-23T15:42:01.139+0000] {processor.py:186} INFO - Started process (PID=809) to work on /home/airflow/.local/lib/python3.11/site-packages/airflow/example_dags/example_dataset_alias.py
[2024-12-23T15:42:01.141+0000] {processor.py:914} INFO - Processing file /home/airflow/.local/lib/python3.11/site-packages/airflow/example_dags/example_dataset_alias.py for tasks to queue
[2024-12-23T15:42:01.144+0000] {logging_mixin.py:190} INFO - [2024-12-23T15:42:01.144+0000] {dagbag.py:588} INFO - Filling up the DagBag from /home/airflow/.local/lib/python3.11/site-packages/airflow/example_dags/example_dataset_alias.py
[2024-12-23T15:42:01.253+0000] {processor.py:925} INFO - DAG(s) 'dataset_alias_example_alias_consumer', 'dataset_s3_bucket_consumer', 'dataset_alias_example_alias_producer', 'dataset_s3_bucket_producer' retrieved from /home/airflow/.local/lib/python3.11/site-packages/airflow/example_dags/example_dataset_alias.py
[2024-12-23T15:42:01.263+0000] {logging_mixin.py:190} INFO - [2024-12-23T15:42:01.263+0000] {dag.py:3239} INFO - Sync 4 DAGs
[2024-12-23T15:42:01.275+0000] {logging_mixin.py:190} INFO - [2024-12-23T15:42:01.275+0000] {dag.py:4180} INFO - Setting next_dagrun for dataset_alias_example_alias_consumer to None, run_after=None
[2024-12-23T15:42:01.276+0000] {logging_mixin.py:190} INFO - [2024-12-23T15:42:01.276+0000] {dag.py:4180} INFO - Setting next_dagrun for dataset_alias_example_alias_producer to None, run_after=None
[2024-12-23T15:42:01.278+0000] {logging_mixin.py:190} INFO - [2024-12-23T15:42:01.278+0000] {dag.py:4180} INFO - Setting next_dagrun for dataset_s3_bucket_consumer to None, run_after=None
[2024-12-23T15:42:01.278+0000] {logging_mixin.py:190} INFO - [2024-12-23T15:42:01.278+0000] {dag.py:4180} INFO - Setting next_dagrun for dataset_s3_bucket_producer to None, run_after=None
[2024-12-23T15:42:01.300+0000] {processor.py:208} INFO - Processing /home/airflow/.local/lib/python3.11/site-packages/airflow/example_dags/example_dataset_alias.py took 0.170 seconds
[2024-12-23T15:42:32.444+0000] {processor.py:186} INFO - Started process (PID=869) to work on /home/airflow/.local/lib/python3.11/site-packages/airflow/example_dags/example_dataset_alias.py
[2024-12-23T15:42:32.448+0000] {processor.py:914} INFO - Processing file /home/airflow/.local/lib/python3.11/site-packages/airflow/example_dags/example_dataset_alias.py for tasks to queue
[2024-12-23T15:42:32.459+0000] {logging_mixin.py:190} INFO - [2024-12-23T15:42:32.458+0000] {dagbag.py:588} INFO - Filling up the DagBag from /home/airflow/.local/lib/python3.11/site-packages/airflow/example_dags/example_dataset_alias.py
[2024-12-23T15:42:33.388+0000] {processor.py:925} INFO - DAG(s) 'dataset_alias_example_alias_consumer', 'dataset_s3_bucket_producer', 'dataset_s3_bucket_consumer', 'dataset_alias_example_alias_producer' retrieved from /home/airflow/.local/lib/python3.11/site-packages/airflow/example_dags/example_dataset_alias.py
[2024-12-23T15:42:33.429+0000] {logging_mixin.py:190} INFO - [2024-12-23T15:42:33.429+0000] {dag.py:3239} INFO - Sync 4 DAGs
[2024-12-23T15:42:33.456+0000] {logging_mixin.py:190} INFO - [2024-12-23T15:42:33.455+0000] {dag.py:4180} INFO - Setting next_dagrun for dataset_alias_example_alias_consumer to None, run_after=None
[2024-12-23T15:42:33.459+0000] {logging_mixin.py:190} INFO - [2024-12-23T15:42:33.458+0000] {dag.py:4180} INFO - Setting next_dagrun for dataset_alias_example_alias_producer to None, run_after=None
[2024-12-23T15:42:33.461+0000] {logging_mixin.py:190} INFO - [2024-12-23T15:42:33.460+0000] {dag.py:4180} INFO - Setting next_dagrun for dataset_s3_bucket_consumer to None, run_after=None
[2024-12-23T15:42:33.462+0000] {logging_mixin.py:190} INFO - [2024-12-23T15:42:33.462+0000] {dag.py:4180} INFO - Setting next_dagrun for dataset_s3_bucket_producer to None, run_after=None
[2024-12-23T15:42:33.495+0000] {processor.py:208} INFO - Processing /home/airflow/.local/lib/python3.11/site-packages/airflow/example_dags/example_dataset_alias.py took 1.067 seconds
[2024-12-23T15:49:34.635+0000] {processor.py:186} INFO - Started process (PID=933) to work on /home/airflow/.local/lib/python3.11/site-packages/airflow/example_dags/example_dataset_alias.py
[2024-12-23T15:49:34.637+0000] {processor.py:914} INFO - Processing file /home/airflow/.local/lib/python3.11/site-packages/airflow/example_dags/example_dataset_alias.py for tasks to queue
[2024-12-23T15:49:34.640+0000] {logging_mixin.py:190} INFO - [2024-12-23T15:49:34.639+0000] {dagbag.py:588} INFO - Filling up the DagBag from /home/airflow/.local/lib/python3.11/site-packages/airflow/example_dags/example_dataset_alias.py
[2024-12-23T15:49:34.905+0000] {processor.py:925} INFO - DAG(s) 'dataset_s3_bucket_producer', 'dataset_alias_example_alias_producer', 'dataset_s3_bucket_consumer', 'dataset_alias_example_alias_consumer' retrieved from /home/airflow/.local/lib/python3.11/site-packages/airflow/example_dags/example_dataset_alias.py
[2024-12-23T15:49:34.938+0000] {logging_mixin.py:190} INFO - [2024-12-23T15:49:34.938+0000] {dag.py:3239} INFO - Sync 4 DAGs
[2024-12-23T15:49:34.985+0000] {logging_mixin.py:190} INFO - [2024-12-23T15:49:34.984+0000] {dag.py:4180} INFO - Setting next_dagrun for dataset_alias_example_alias_consumer to None, run_after=None
[2024-12-23T15:49:34.988+0000] {logging_mixin.py:190} INFO - [2024-12-23T15:49:34.988+0000] {dag.py:4180} INFO - Setting next_dagrun for dataset_alias_example_alias_producer to None, run_after=None
[2024-12-23T15:49:34.989+0000] {logging_mixin.py:190} INFO - [2024-12-23T15:49:34.989+0000] {dag.py:4180} INFO - Setting next_dagrun for dataset_s3_bucket_consumer to None, run_after=None
[2024-12-23T15:49:34.991+0000] {logging_mixin.py:190} INFO - [2024-12-23T15:49:34.991+0000] {dag.py:4180} INFO - Setting next_dagrun for dataset_s3_bucket_producer to None, run_after=None
[2024-12-23T15:49:35.011+0000] {processor.py:208} INFO - Processing /home/airflow/.local/lib/python3.11/site-packages/airflow/example_dags/example_dataset_alias.py took 0.387 seconds
[2024-12-23T15:50:05.155+0000] {processor.py:186} INFO - Started process (PID=999) to work on /home/airflow/.local/lib/python3.11/site-packages/airflow/example_dags/example_dataset_alias.py
[2024-12-23T15:50:05.157+0000] {processor.py:914} INFO - Processing file /home/airflow/.local/lib/python3.11/site-packages/airflow/example_dags/example_dataset_alias.py for tasks to queue
[2024-12-23T15:50:05.158+0000] {logging_mixin.py:190} INFO - [2024-12-23T15:50:05.158+0000] {dagbag.py:588} INFO - Filling up the DagBag from /home/airflow/.local/lib/python3.11/site-packages/airflow/example_dags/example_dataset_alias.py
[2024-12-23T15:50:05.242+0000] {processor.py:925} INFO - DAG(s) 'dataset_alias_example_alias_producer', 'dataset_s3_bucket_producer', 'dataset_alias_example_alias_consumer', 'dataset_s3_bucket_consumer' retrieved from /home/airflow/.local/lib/python3.11/site-packages/airflow/example_dags/example_dataset_alias.py
[2024-12-23T15:50:05.255+0000] {logging_mixin.py:190} INFO - [2024-12-23T15:50:05.255+0000] {dag.py:3239} INFO - Sync 4 DAGs
[2024-12-23T15:50:05.268+0000] {logging_mixin.py:190} INFO - [2024-12-23T15:50:05.268+0000] {dag.py:4180} INFO - Setting next_dagrun for dataset_alias_example_alias_consumer to None, run_after=None
[2024-12-23T15:50:05.270+0000] {logging_mixin.py:190} INFO - [2024-12-23T15:50:05.270+0000] {dag.py:4180} INFO - Setting next_dagrun for dataset_alias_example_alias_producer to None, run_after=None
[2024-12-23T15:50:05.271+0000] {logging_mixin.py:190} INFO - [2024-12-23T15:50:05.271+0000] {dag.py:4180} INFO - Setting next_dagrun for dataset_s3_bucket_consumer to None, run_after=None
[2024-12-23T15:50:05.273+0000] {logging_mixin.py:190} INFO - [2024-12-23T15:50:05.273+0000] {dag.py:4180} INFO - Setting next_dagrun for dataset_s3_bucket_producer to None, run_after=None
[2024-12-23T15:50:05.283+0000] {processor.py:208} INFO - Processing /home/airflow/.local/lib/python3.11/site-packages/airflow/example_dags/example_dataset_alias.py took 0.133 seconds
[2024-12-23T15:50:35.582+0000] {processor.py:186} INFO - Started process (PID=1064) to work on /home/airflow/.local/lib/python3.11/site-packages/airflow/example_dags/example_dataset_alias.py
[2024-12-23T15:50:35.583+0000] {processor.py:914} INFO - Processing file /home/airflow/.local/lib/python3.11/site-packages/airflow/example_dags/example_dataset_alias.py for tasks to queue
[2024-12-23T15:50:35.584+0000] {logging_mixin.py:190} INFO - [2024-12-23T15:50:35.584+0000] {dagbag.py:588} INFO - Filling up the DagBag from /home/airflow/.local/lib/python3.11/site-packages/airflow/example_dags/example_dataset_alias.py
[2024-12-23T15:50:35.677+0000] {processor.py:925} INFO - DAG(s) 'dataset_s3_bucket_consumer', 'dataset_s3_bucket_producer', 'dataset_alias_example_alias_producer', 'dataset_alias_example_alias_consumer' retrieved from /home/airflow/.local/lib/python3.11/site-packages/airflow/example_dags/example_dataset_alias.py
[2024-12-23T15:50:35.696+0000] {logging_mixin.py:190} INFO - [2024-12-23T15:50:35.695+0000] {dag.py:3239} INFO - Sync 4 DAGs
[2024-12-23T15:50:35.709+0000] {logging_mixin.py:190} INFO - [2024-12-23T15:50:35.709+0000] {dag.py:4180} INFO - Setting next_dagrun for dataset_alias_example_alias_consumer to None, run_after=None
[2024-12-23T15:50:35.711+0000] {logging_mixin.py:190} INFO - [2024-12-23T15:50:35.710+0000] {dag.py:4180} INFO - Setting next_dagrun for dataset_alias_example_alias_producer to None, run_after=None
[2024-12-23T15:50:35.711+0000] {logging_mixin.py:190} INFO - [2024-12-23T15:50:35.711+0000] {dag.py:4180} INFO - Setting next_dagrun for dataset_s3_bucket_consumer to None, run_after=None
[2024-12-23T15:50:35.712+0000] {logging_mixin.py:190} INFO - [2024-12-23T15:50:35.712+0000] {dag.py:4180} INFO - Setting next_dagrun for dataset_s3_bucket_producer to None, run_after=None
[2024-12-23T15:50:35.730+0000] {processor.py:208} INFO - Processing /home/airflow/.local/lib/python3.11/site-packages/airflow/example_dags/example_dataset_alias.py took 0.152 seconds
[2024-12-23T15:51:06.517+0000] {processor.py:186} INFO - Started process (PID=1125) to work on /home/airflow/.local/lib/python3.11/site-packages/airflow/example_dags/example_dataset_alias.py
[2024-12-23T15:51:06.518+0000] {processor.py:914} INFO - Processing file /home/airflow/.local/lib/python3.11/site-packages/airflow/example_dags/example_dataset_alias.py for tasks to queue
[2024-12-23T15:51:06.520+0000] {logging_mixin.py:190} INFO - [2024-12-23T15:51:06.519+0000] {dagbag.py:588} INFO - Filling up the DagBag from /home/airflow/.local/lib/python3.11/site-packages/airflow/example_dags/example_dataset_alias.py
[2024-12-23T15:51:06.594+0000] {processor.py:925} INFO - DAG(s) 'dataset_alias_example_alias_producer', 'dataset_alias_example_alias_consumer', 'dataset_s3_bucket_producer', 'dataset_s3_bucket_consumer' retrieved from /home/airflow/.local/lib/python3.11/site-packages/airflow/example_dags/example_dataset_alias.py
[2024-12-23T15:51:06.604+0000] {logging_mixin.py:190} INFO - [2024-12-23T15:51:06.604+0000] {dag.py:3239} INFO - Sync 4 DAGs
[2024-12-23T15:51:06.615+0000] {logging_mixin.py:190} INFO - [2024-12-23T15:51:06.615+0000] {dag.py:4180} INFO - Setting next_dagrun for dataset_alias_example_alias_consumer to None, run_after=None
[2024-12-23T15:51:06.616+0000] {logging_mixin.py:190} INFO - [2024-12-23T15:51:06.616+0000] {dag.py:4180} INFO - Setting next_dagrun for dataset_alias_example_alias_producer to None, run_after=None
[2024-12-23T15:51:06.617+0000] {logging_mixin.py:190} INFO - [2024-12-23T15:51:06.617+0000] {dag.py:4180} INFO - Setting next_dagrun for dataset_s3_bucket_consumer to None, run_after=None
[2024-12-23T15:51:06.617+0000] {logging_mixin.py:190} INFO - [2024-12-23T15:51:06.617+0000] {dag.py:4180} INFO - Setting next_dagrun for dataset_s3_bucket_producer to None, run_after=None
[2024-12-23T15:51:06.626+0000] {processor.py:208} INFO - Processing /home/airflow/.local/lib/python3.11/site-packages/airflow/example_dags/example_dataset_alias.py took 0.112 seconds
[2024-12-23T15:51:37.021+0000] {processor.py:186} INFO - Started process (PID=1189) to work on /home/airflow/.local/lib/python3.11/site-packages/airflow/example_dags/example_dataset_alias.py
[2024-12-23T15:51:37.022+0000] {processor.py:914} INFO - Processing file /home/airflow/.local/lib/python3.11/site-packages/airflow/example_dags/example_dataset_alias.py for tasks to queue
[2024-12-23T15:51:37.024+0000] {logging_mixin.py:190} INFO - [2024-12-23T15:51:37.024+0000] {dagbag.py:588} INFO - Filling up the DagBag from /home/airflow/.local/lib/python3.11/site-packages/airflow/example_dags/example_dataset_alias.py
[2024-12-23T15:51:37.154+0000] {processor.py:925} INFO - DAG(s) 'dataset_alias_example_alias_producer', 'dataset_alias_example_alias_consumer', 'dataset_s3_bucket_producer', 'dataset_s3_bucket_consumer' retrieved from /home/airflow/.local/lib/python3.11/site-packages/airflow/example_dags/example_dataset_alias.py
[2024-12-23T15:51:37.163+0000] {logging_mixin.py:190} INFO - [2024-12-23T15:51:37.163+0000] {dag.py:3239} INFO - Sync 4 DAGs
[2024-12-23T15:51:37.177+0000] {logging_mixin.py:190} INFO - [2024-12-23T15:51:37.177+0000] {dag.py:4180} INFO - Setting next_dagrun for dataset_alias_example_alias_consumer to None, run_after=None
[2024-12-23T15:51:37.179+0000] {logging_mixin.py:190} INFO - [2024-12-23T15:51:37.178+0000] {dag.py:4180} INFO - Setting next_dagrun for dataset_alias_example_alias_producer to None, run_after=None
[2024-12-23T15:51:37.180+0000] {logging_mixin.py:190} INFO - [2024-12-23T15:51:37.179+0000] {dag.py:4180} INFO - Setting next_dagrun for dataset_s3_bucket_consumer to None, run_after=None
[2024-12-23T15:51:37.180+0000] {logging_mixin.py:190} INFO - [2024-12-23T15:51:37.180+0000] {dag.py:4180} INFO - Setting next_dagrun for dataset_s3_bucket_producer to None, run_after=None
[2024-12-23T15:51:37.192+0000] {processor.py:208} INFO - Processing /home/airflow/.local/lib/python3.11/site-packages/airflow/example_dags/example_dataset_alias.py took 0.177 seconds
[2024-12-23T15:52:07.505+0000] {processor.py:186} INFO - Started process (PID=1253) to work on /home/airflow/.local/lib/python3.11/site-packages/airflow/example_dags/example_dataset_alias.py
[2024-12-23T15:52:07.506+0000] {processor.py:914} INFO - Processing file /home/airflow/.local/lib/python3.11/site-packages/airflow/example_dags/example_dataset_alias.py for tasks to queue
[2024-12-23T15:52:07.508+0000] {logging_mixin.py:190} INFO - [2024-12-23T15:52:07.507+0000] {dagbag.py:588} INFO - Filling up the DagBag from /home/airflow/.local/lib/python3.11/site-packages/airflow/example_dags/example_dataset_alias.py
[2024-12-23T15:52:07.599+0000] {processor.py:925} INFO - DAG(s) 'dataset_alias_example_alias_producer', 'dataset_alias_example_alias_consumer', 'dataset_s3_bucket_producer', 'dataset_s3_bucket_consumer' retrieved from /home/airflow/.local/lib/python3.11/site-packages/airflow/example_dags/example_dataset_alias.py
[2024-12-23T15:52:07.610+0000] {logging_mixin.py:190} INFO - [2024-12-23T15:52:07.610+0000] {dag.py:3239} INFO - Sync 4 DAGs
[2024-12-23T15:52:07.623+0000] {logging_mixin.py:190} INFO - [2024-12-23T15:52:07.623+0000] {dag.py:4180} INFO - Setting next_dagrun for dataset_alias_example_alias_consumer to None, run_after=None
[2024-12-23T15:52:07.624+0000] {logging_mixin.py:190} INFO - [2024-12-23T15:52:07.624+0000] {dag.py:4180} INFO - Setting next_dagrun for dataset_alias_example_alias_producer to None, run_after=None
[2024-12-23T15:52:07.625+0000] {logging_mixin.py:190} INFO - [2024-12-23T15:52:07.625+0000] {dag.py:4180} INFO - Setting next_dagrun for dataset_s3_bucket_consumer to None, run_after=None
[2024-12-23T15:52:07.626+0000] {logging_mixin.py:190} INFO - [2024-12-23T15:52:07.626+0000] {dag.py:4180} INFO - Setting next_dagrun for dataset_s3_bucket_producer to None, run_after=None
[2024-12-23T15:52:07.635+0000] {processor.py:208} INFO - Processing /home/airflow/.local/lib/python3.11/site-packages/airflow/example_dags/example_dataset_alias.py took 0.133 seconds
[2024-12-23T15:52:37.897+0000] {processor.py:186} INFO - Started process (PID=1317) to work on /home/airflow/.local/lib/python3.11/site-packages/airflow/example_dags/example_dataset_alias.py
[2024-12-23T15:52:37.898+0000] {processor.py:914} INFO - Processing file /home/airflow/.local/lib/python3.11/site-packages/airflow/example_dags/example_dataset_alias.py for tasks to queue
[2024-12-23T15:52:37.900+0000] {logging_mixin.py:190} INFO - [2024-12-23T15:52:37.900+0000] {dagbag.py:588} INFO - Filling up the DagBag from /home/airflow/.local/lib/python3.11/site-packages/airflow/example_dags/example_dataset_alias.py
[2024-12-23T15:52:38.026+0000] {processor.py:925} INFO - DAG(s) 'dataset_alias_example_alias_producer', 'dataset_s3_bucket_consumer', 'dataset_s3_bucket_producer', 'dataset_alias_example_alias_consumer' retrieved from /home/airflow/.local/lib/python3.11/site-packages/airflow/example_dags/example_dataset_alias.py
[2024-12-23T15:52:38.039+0000] {logging_mixin.py:190} INFO - [2024-12-23T15:52:38.039+0000] {dag.py:3239} INFO - Sync 4 DAGs
[2024-12-23T15:52:38.051+0000] {logging_mixin.py:190} INFO - [2024-12-23T15:52:38.051+0000] {dag.py:4180} INFO - Setting next_dagrun for dataset_alias_example_alias_consumer to None, run_after=None
[2024-12-23T15:52:38.052+0000] {logging_mixin.py:190} INFO - [2024-12-23T15:52:38.052+0000] {dag.py:4180} INFO - Setting next_dagrun for dataset_alias_example_alias_producer to None, run_after=None
[2024-12-23T15:52:38.053+0000] {logging_mixin.py:190} INFO - [2024-12-23T15:52:38.053+0000] {dag.py:4180} INFO - Setting next_dagrun for dataset_s3_bucket_consumer to None, run_after=None
[2024-12-23T15:52:38.053+0000] {logging_mixin.py:190} INFO - [2024-12-23T15:52:38.053+0000] {dag.py:4180} INFO - Setting next_dagrun for dataset_s3_bucket_producer to None, run_after=None
[2024-12-23T15:52:38.067+0000] {processor.py:208} INFO - Processing /home/airflow/.local/lib/python3.11/site-packages/airflow/example_dags/example_dataset_alias.py took 0.172 seconds
[2024-12-23T15:53:08.411+0000] {processor.py:186} INFO - Started process (PID=1381) to work on /home/airflow/.local/lib/python3.11/site-packages/airflow/example_dags/example_dataset_alias.py
[2024-12-23T15:53:08.412+0000] {processor.py:914} INFO - Processing file /home/airflow/.local/lib/python3.11/site-packages/airflow/example_dags/example_dataset_alias.py for tasks to queue
[2024-12-23T15:53:08.413+0000] {logging_mixin.py:190} INFO - [2024-12-23T15:53:08.413+0000] {dagbag.py:588} INFO - Filling up the DagBag from /home/airflow/.local/lib/python3.11/site-packages/airflow/example_dags/example_dataset_alias.py
[2024-12-23T15:53:08.504+0000] {processor.py:925} INFO - DAG(s) 'dataset_alias_example_alias_consumer', 'dataset_alias_example_alias_producer', 'dataset_s3_bucket_consumer', 'dataset_s3_bucket_producer' retrieved from /home/airflow/.local/lib/python3.11/site-packages/airflow/example_dags/example_dataset_alias.py
[2024-12-23T15:53:08.514+0000] {logging_mixin.py:190} INFO - [2024-12-23T15:53:08.514+0000] {dag.py:3239} INFO - Sync 4 DAGs
[2024-12-23T15:53:08.527+0000] {logging_mixin.py:190} INFO - [2024-12-23T15:53:08.526+0000] {dag.py:4180} INFO - Setting next_dagrun for dataset_alias_example_alias_consumer to None, run_after=None
[2024-12-23T15:53:08.528+0000] {logging_mixin.py:190} INFO - [2024-12-23T15:53:08.528+0000] {dag.py:4180} INFO - Setting next_dagrun for dataset_alias_example_alias_producer to None, run_after=None
[2024-12-23T15:53:08.529+0000] {logging_mixin.py:190} INFO - [2024-12-23T15:53:08.528+0000] {dag.py:4180} INFO - Setting next_dagrun for dataset_s3_bucket_consumer to None, run_after=None
[2024-12-23T15:53:08.529+0000] {logging_mixin.py:190} INFO - [2024-12-23T15:53:08.529+0000] {dag.py:4180} INFO - Setting next_dagrun for dataset_s3_bucket_producer to None, run_after=None
[2024-12-23T15:53:08.538+0000] {processor.py:208} INFO - Processing /home/airflow/.local/lib/python3.11/site-packages/airflow/example_dags/example_dataset_alias.py took 0.131 seconds
[2024-12-23T15:53:38.934+0000] {processor.py:186} INFO - Started process (PID=1445) to work on /home/airflow/.local/lib/python3.11/site-packages/airflow/example_dags/example_dataset_alias.py
[2024-12-23T15:53:38.935+0000] {processor.py:914} INFO - Processing file /home/airflow/.local/lib/python3.11/site-packages/airflow/example_dags/example_dataset_alias.py for tasks to queue
[2024-12-23T15:53:38.936+0000] {logging_mixin.py:190} INFO - [2024-12-23T15:53:38.936+0000] {dagbag.py:588} INFO - Filling up the DagBag from /home/airflow/.local/lib/python3.11/site-packages/airflow/example_dags/example_dataset_alias.py
[2024-12-23T15:53:39.010+0000] {processor.py:925} INFO - DAG(s) 'dataset_s3_bucket_consumer', 'dataset_alias_example_alias_consumer', 'dataset_s3_bucket_producer', 'dataset_alias_example_alias_producer' retrieved from /home/airflow/.local/lib/python3.11/site-packages/airflow/example_dags/example_dataset_alias.py
[2024-12-23T15:53:39.018+0000] {logging_mixin.py:190} INFO - [2024-12-23T15:53:39.018+0000] {dag.py:3239} INFO - Sync 4 DAGs
[2024-12-23T15:53:39.028+0000] {logging_mixin.py:190} INFO - [2024-12-23T15:53:39.028+0000] {dag.py:4180} INFO - Setting next_dagrun for dataset_alias_example_alias_consumer to None, run_after=None
[2024-12-23T15:53:39.029+0000] {logging_mixin.py:190} INFO - [2024-12-23T15:53:39.029+0000] {dag.py:4180} INFO - Setting next_dagrun for dataset_alias_example_alias_producer to None, run_after=None
[2024-12-23T15:53:39.030+0000] {logging_mixin.py:190} INFO - [2024-12-23T15:53:39.030+0000] {dag.py:4180} INFO - Setting next_dagrun for dataset_s3_bucket_consumer to None, run_after=None
[2024-12-23T15:53:39.030+0000] {logging_mixin.py:190} INFO - [2024-12-23T15:53:39.030+0000] {dag.py:4180} INFO - Setting next_dagrun for dataset_s3_bucket_producer to None, run_after=None
[2024-12-23T15:53:39.039+0000] {processor.py:208} INFO - Processing /home/airflow/.local/lib/python3.11/site-packages/airflow/example_dags/example_dataset_alias.py took 0.107 seconds
[2024-12-23T15:54:09.445+0000] {processor.py:186} INFO - Started process (PID=1509) to work on /home/airflow/.local/lib/python3.11/site-packages/airflow/example_dags/example_dataset_alias.py
[2024-12-23T15:54:09.446+0000] {processor.py:914} INFO - Processing file /home/airflow/.local/lib/python3.11/site-packages/airflow/example_dags/example_dataset_alias.py for tasks to queue
[2024-12-23T15:54:09.448+0000] {logging_mixin.py:190} INFO - [2024-12-23T15:54:09.448+0000] {dagbag.py:588} INFO - Filling up the DagBag from /home/airflow/.local/lib/python3.11/site-packages/airflow/example_dags/example_dataset_alias.py
[2024-12-23T15:54:09.548+0000] {processor.py:925} INFO - DAG(s) 'dataset_s3_bucket_consumer', 'dataset_s3_bucket_producer', 'dataset_alias_example_alias_producer', 'dataset_alias_example_alias_consumer' retrieved from /home/airflow/.local/lib/python3.11/site-packages/airflow/example_dags/example_dataset_alias.py
[2024-12-23T15:54:09.558+0000] {logging_mixin.py:190} INFO - [2024-12-23T15:54:09.558+0000] {dag.py:3239} INFO - Sync 4 DAGs
[2024-12-23T15:54:09.568+0000] {logging_mixin.py:190} INFO - [2024-12-23T15:54:09.568+0000] {dag.py:4180} INFO - Setting next_dagrun for dataset_alias_example_alias_consumer to None, run_after=None
[2024-12-23T15:54:09.570+0000] {logging_mixin.py:190} INFO - [2024-12-23T15:54:09.570+0000] {dag.py:4180} INFO - Setting next_dagrun for dataset_alias_example_alias_producer to None, run_after=None
[2024-12-23T15:54:09.570+0000] {logging_mixin.py:190} INFO - [2024-12-23T15:54:09.570+0000] {dag.py:4180} INFO - Setting next_dagrun for dataset_s3_bucket_consumer to None, run_after=None
[2024-12-23T15:54:09.571+0000] {logging_mixin.py:190} INFO - [2024-12-23T15:54:09.571+0000] {dag.py:4180} INFO - Setting next_dagrun for dataset_s3_bucket_producer to None, run_after=None
[2024-12-23T15:54:09.580+0000] {processor.py:208} INFO - Processing /home/airflow/.local/lib/python3.11/site-packages/airflow/example_dags/example_dataset_alias.py took 0.138 seconds
[2024-12-23T15:54:39.978+0000] {processor.py:186} INFO - Started process (PID=1573) to work on /home/airflow/.local/lib/python3.11/site-packages/airflow/example_dags/example_dataset_alias.py
[2024-12-23T15:54:39.980+0000] {processor.py:914} INFO - Processing file /home/airflow/.local/lib/python3.11/site-packages/airflow/example_dags/example_dataset_alias.py for tasks to queue
[2024-12-23T15:54:39.982+0000] {logging_mixin.py:190} INFO - [2024-12-23T15:54:39.982+0000] {dagbag.py:588} INFO - Filling up the DagBag from /home/airflow/.local/lib/python3.11/site-packages/airflow/example_dags/example_dataset_alias.py
[2024-12-23T15:54:40.055+0000] {processor.py:925} INFO - DAG(s) 'dataset_s3_bucket_producer', 'dataset_alias_example_alias_producer', 'dataset_s3_bucket_consumer', 'dataset_alias_example_alias_consumer' retrieved from /home/airflow/.local/lib/python3.11/site-packages/airflow/example_dags/example_dataset_alias.py
[2024-12-23T15:54:40.065+0000] {logging_mixin.py:190} INFO - [2024-12-23T15:54:40.065+0000] {dag.py:3239} INFO - Sync 4 DAGs
[2024-12-23T15:54:40.076+0000] {logging_mixin.py:190} INFO - [2024-12-23T15:54:40.076+0000] {dag.py:4180} INFO - Setting next_dagrun for dataset_alias_example_alias_consumer to None, run_after=None
[2024-12-23T15:54:40.077+0000] {logging_mixin.py:190} INFO - [2024-12-23T15:54:40.077+0000] {dag.py:4180} INFO - Setting next_dagrun for dataset_alias_example_alias_producer to None, run_after=None
[2024-12-23T15:54:40.078+0000] {logging_mixin.py:190} INFO - [2024-12-23T15:54:40.078+0000] {dag.py:4180} INFO - Setting next_dagrun for dataset_s3_bucket_consumer to None, run_after=None
[2024-12-23T15:54:40.079+0000] {logging_mixin.py:190} INFO - [2024-12-23T15:54:40.079+0000] {dag.py:4180} INFO - Setting next_dagrun for dataset_s3_bucket_producer to None, run_after=None
[2024-12-23T15:54:40.093+0000] {processor.py:208} INFO - Processing /home/airflow/.local/lib/python3.11/site-packages/airflow/example_dags/example_dataset_alias.py took 0.118 seconds
[2024-12-23T15:55:10.539+0000] {processor.py:186} INFO - Started process (PID=1637) to work on /home/airflow/.local/lib/python3.11/site-packages/airflow/example_dags/example_dataset_alias.py
[2024-12-23T15:55:10.539+0000] {processor.py:914} INFO - Processing file /home/airflow/.local/lib/python3.11/site-packages/airflow/example_dags/example_dataset_alias.py for tasks to queue
[2024-12-23T15:55:10.541+0000] {logging_mixin.py:190} INFO - [2024-12-23T15:55:10.541+0000] {dagbag.py:588} INFO - Filling up the DagBag from /home/airflow/.local/lib/python3.11/site-packages/airflow/example_dags/example_dataset_alias.py
[2024-12-23T15:55:10.635+0000] {processor.py:925} INFO - DAG(s) 'dataset_alias_example_alias_producer', 'dataset_s3_bucket_consumer', 'dataset_alias_example_alias_consumer', 'dataset_s3_bucket_producer' retrieved from /home/airflow/.local/lib/python3.11/site-packages/airflow/example_dags/example_dataset_alias.py
[2024-12-23T15:55:10.651+0000] {logging_mixin.py:190} INFO - [2024-12-23T15:55:10.651+0000] {dag.py:3239} INFO - Sync 4 DAGs
[2024-12-23T15:55:10.662+0000] {logging_mixin.py:190} INFO - [2024-12-23T15:55:10.662+0000] {dag.py:4180} INFO - Setting next_dagrun for dataset_alias_example_alias_consumer to None, run_after=None
[2024-12-23T15:55:10.664+0000] {logging_mixin.py:190} INFO - [2024-12-23T15:55:10.664+0000] {dag.py:4180} INFO - Setting next_dagrun for dataset_alias_example_alias_producer to None, run_after=None
[2024-12-23T15:55:10.664+0000] {logging_mixin.py:190} INFO - [2024-12-23T15:55:10.664+0000] {dag.py:4180} INFO - Setting next_dagrun for dataset_s3_bucket_consumer to None, run_after=None
[2024-12-23T15:55:10.665+0000] {logging_mixin.py:190} INFO - [2024-12-23T15:55:10.665+0000] {dag.py:4180} INFO - Setting next_dagrun for dataset_s3_bucket_producer to None, run_after=None
[2024-12-23T15:55:10.678+0000] {processor.py:208} INFO - Processing /home/airflow/.local/lib/python3.11/site-packages/airflow/example_dags/example_dataset_alias.py took 0.143 seconds
[2024-12-23T16:14:28.887+0000] {processor.py:186} INFO - Started process (PID=1695) to work on /home/airflow/.local/lib/python3.11/site-packages/airflow/example_dags/example_dataset_alias.py
[2024-12-23T16:14:28.888+0000] {processor.py:914} INFO - Processing file /home/airflow/.local/lib/python3.11/site-packages/airflow/example_dags/example_dataset_alias.py for tasks to queue
[2024-12-23T16:14:28.889+0000] {logging_mixin.py:190} INFO - [2024-12-23T16:14:28.889+0000] {dagbag.py:588} INFO - Filling up the DagBag from /home/airflow/.local/lib/python3.11/site-packages/airflow/example_dags/example_dataset_alias.py
[2024-12-23T16:14:28.970+0000] {processor.py:925} INFO - DAG(s) 'dataset_alias_example_alias_consumer', 'dataset_s3_bucket_consumer', 'dataset_alias_example_alias_producer', 'dataset_s3_bucket_producer' retrieved from /home/airflow/.local/lib/python3.11/site-packages/airflow/example_dags/example_dataset_alias.py
[2024-12-23T16:14:28.982+0000] {logging_mixin.py:190} INFO - [2024-12-23T16:14:28.982+0000] {dag.py:3239} INFO - Sync 4 DAGs
[2024-12-23T16:14:28.996+0000] {logging_mixin.py:190} INFO - [2024-12-23T16:14:28.995+0000] {dag.py:4180} INFO - Setting next_dagrun for dataset_alias_example_alias_consumer to None, run_after=None
[2024-12-23T16:14:28.998+0000] {logging_mixin.py:190} INFO - [2024-12-23T16:14:28.998+0000] {dag.py:4180} INFO - Setting next_dagrun for dataset_alias_example_alias_producer to None, run_after=None
[2024-12-23T16:14:28.999+0000] {logging_mixin.py:190} INFO - [2024-12-23T16:14:28.999+0000] {dag.py:4180} INFO - Setting next_dagrun for dataset_s3_bucket_consumer to None, run_after=None
[2024-12-23T16:14:29.000+0000] {logging_mixin.py:190} INFO - [2024-12-23T16:14:29.000+0000] {dag.py:4180} INFO - Setting next_dagrun for dataset_s3_bucket_producer to None, run_after=None
[2024-12-23T16:14:29.011+0000] {processor.py:208} INFO - Processing /home/airflow/.local/lib/python3.11/site-packages/airflow/example_dags/example_dataset_alias.py took 0.127 seconds
