[2024-12-23T15:36:18.783+0000] {processor.py:186} INFO - Started process (PID=93) to work on /home/airflow/.local/lib/python3.11/site-packages/airflow/example_dags/tutorial_objectstorage.py
[2024-12-23T15:36:18.785+0000] {processor.py:914} INFO - Processing file /home/airflow/.local/lib/python3.11/site-packages/airflow/example_dags/tutorial_objectstorage.py for tasks to queue
[2024-12-23T15:36:18.790+0000] {logging_mixin.py:190} INFO - [2024-12-23T15:36:18.789+0000] {dagbag.py:588} INFO - Filling up the DagBag from /home/airflow/.local/lib/python3.11/site-packages/airflow/example_dags/tutorial_objectstorage.py
[2024-12-23T15:36:18.804+0000] {processor.py:925} INFO - DAG(s) 'tutorial_objectstorage' retrieved from /home/airflow/.local/lib/python3.11/site-packages/airflow/example_dags/tutorial_objectstorage.py
[2024-12-23T15:36:18.826+0000] {logging_mixin.py:190} INFO - [2024-12-23T15:36:18.826+0000] {dag.py:3239} INFO - Sync 1 DAGs
[2024-12-23T15:36:19.278+0000] {logging_mixin.py:190} INFO - [2024-12-23T15:36:19.277+0000] {dag.py:4180} INFO - Setting next_dagrun for tutorial_objectstorage to None, run_after=None
[2024-12-23T15:36:19.293+0000] {processor.py:208} INFO - Processing /home/airflow/.local/lib/python3.11/site-packages/airflow/example_dags/tutorial_objectstorage.py took 0.525 seconds
[2024-12-23T15:36:49.463+0000] {processor.py:186} INFO - Started process (PID=157) to work on /home/airflow/.local/lib/python3.11/site-packages/airflow/example_dags/tutorial_objectstorage.py
[2024-12-23T15:36:49.464+0000] {processor.py:914} INFO - Processing file /home/airflow/.local/lib/python3.11/site-packages/airflow/example_dags/tutorial_objectstorage.py for tasks to queue
[2024-12-23T15:36:49.466+0000] {logging_mixin.py:190} INFO - [2024-12-23T15:36:49.466+0000] {dagbag.py:588} INFO - Filling up the DagBag from /home/airflow/.local/lib/python3.11/site-packages/airflow/example_dags/tutorial_objectstorage.py
[2024-12-23T15:36:49.473+0000] {processor.py:925} INFO - DAG(s) 'tutorial_objectstorage' retrieved from /home/airflow/.local/lib/python3.11/site-packages/airflow/example_dags/tutorial_objectstorage.py
[2024-12-23T15:36:49.484+0000] {logging_mixin.py:190} INFO - [2024-12-23T15:36:49.484+0000] {dag.py:3239} INFO - Sync 1 DAGs
[2024-12-23T15:36:49.592+0000] {logging_mixin.py:190} INFO - [2024-12-23T15:36:49.592+0000] {dag.py:4180} INFO - Setting next_dagrun for tutorial_objectstorage to None, run_after=None
[2024-12-23T15:36:49.602+0000] {processor.py:208} INFO - Processing /home/airflow/.local/lib/python3.11/site-packages/airflow/example_dags/tutorial_objectstorage.py took 0.143 seconds
[2024-12-23T15:37:20.553+0000] {processor.py:186} INFO - Started process (PID=221) to work on /home/airflow/.local/lib/python3.11/site-packages/airflow/example_dags/tutorial_objectstorage.py
[2024-12-23T15:37:20.554+0000] {processor.py:914} INFO - Processing file /home/airflow/.local/lib/python3.11/site-packages/airflow/example_dags/tutorial_objectstorage.py for tasks to queue
[2024-12-23T15:37:20.555+0000] {logging_mixin.py:190} INFO - [2024-12-23T15:37:20.555+0000] {dagbag.py:588} INFO - Filling up the DagBag from /home/airflow/.local/lib/python3.11/site-packages/airflow/example_dags/tutorial_objectstorage.py
[2024-12-23T15:37:20.563+0000] {processor.py:925} INFO - DAG(s) 'tutorial_objectstorage' retrieved from /home/airflow/.local/lib/python3.11/site-packages/airflow/example_dags/tutorial_objectstorage.py
[2024-12-23T15:37:20.576+0000] {logging_mixin.py:190} INFO - [2024-12-23T15:37:20.576+0000] {dag.py:3239} INFO - Sync 1 DAGs
[2024-12-23T15:37:20.587+0000] {logging_mixin.py:190} INFO - [2024-12-23T15:37:20.587+0000] {dag.py:4180} INFO - Setting next_dagrun for tutorial_objectstorage to None, run_after=None
[2024-12-23T15:37:20.785+0000] {processor.py:208} INFO - Processing /home/airflow/.local/lib/python3.11/site-packages/airflow/example_dags/tutorial_objectstorage.py took 0.237 seconds
[2024-12-23T15:37:50.954+0000] {processor.py:186} INFO - Started process (PID=284) to work on /home/airflow/.local/lib/python3.11/site-packages/airflow/example_dags/tutorial_objectstorage.py
[2024-12-23T15:37:50.955+0000] {processor.py:914} INFO - Processing file /home/airflow/.local/lib/python3.11/site-packages/airflow/example_dags/tutorial_objectstorage.py for tasks to queue
[2024-12-23T15:37:50.957+0000] {logging_mixin.py:190} INFO - [2024-12-23T15:37:50.957+0000] {dagbag.py:588} INFO - Filling up the DagBag from /home/airflow/.local/lib/python3.11/site-packages/airflow/example_dags/tutorial_objectstorage.py
[2024-12-23T15:37:50.963+0000] {processor.py:925} INFO - DAG(s) 'tutorial_objectstorage' retrieved from /home/airflow/.local/lib/python3.11/site-packages/airflow/example_dags/tutorial_objectstorage.py
[2024-12-23T15:37:50.975+0000] {logging_mixin.py:190} INFO - [2024-12-23T15:37:50.975+0000] {dag.py:3239} INFO - Sync 1 DAGs
[2024-12-23T15:37:50.983+0000] {logging_mixin.py:190} INFO - [2024-12-23T15:37:50.982+0000] {dag.py:4180} INFO - Setting next_dagrun for tutorial_objectstorage to None, run_after=None
[2024-12-23T15:37:51.113+0000] {processor.py:208} INFO - Processing /home/airflow/.local/lib/python3.11/site-packages/airflow/example_dags/tutorial_objectstorage.py took 0.167 seconds
[2024-12-23T15:38:21.665+0000] {processor.py:186} INFO - Started process (PID=348) to work on /home/airflow/.local/lib/python3.11/site-packages/airflow/example_dags/tutorial_objectstorage.py
[2024-12-23T15:38:21.666+0000] {processor.py:914} INFO - Processing file /home/airflow/.local/lib/python3.11/site-packages/airflow/example_dags/tutorial_objectstorage.py for tasks to queue
[2024-12-23T15:38:21.667+0000] {logging_mixin.py:190} INFO - [2024-12-23T15:38:21.667+0000] {dagbag.py:588} INFO - Filling up the DagBag from /home/airflow/.local/lib/python3.11/site-packages/airflow/example_dags/tutorial_objectstorage.py
[2024-12-23T15:38:21.672+0000] {processor.py:925} INFO - DAG(s) 'tutorial_objectstorage' retrieved from /home/airflow/.local/lib/python3.11/site-packages/airflow/example_dags/tutorial_objectstorage.py
[2024-12-23T15:38:21.681+0000] {logging_mixin.py:190} INFO - [2024-12-23T15:38:21.681+0000] {dag.py:3239} INFO - Sync 1 DAGs
[2024-12-23T15:38:21.687+0000] {logging_mixin.py:190} INFO - [2024-12-23T15:38:21.687+0000] {dag.py:4180} INFO - Setting next_dagrun for tutorial_objectstorage to None, run_after=None
[2024-12-23T15:38:21.697+0000] {processor.py:208} INFO - Processing /home/airflow/.local/lib/python3.11/site-packages/airflow/example_dags/tutorial_objectstorage.py took 0.035 seconds
[2024-12-23T15:38:52.611+0000] {processor.py:186} INFO - Started process (PID=412) to work on /home/airflow/.local/lib/python3.11/site-packages/airflow/example_dags/tutorial_objectstorage.py
[2024-12-23T15:38:52.612+0000] {processor.py:914} INFO - Processing file /home/airflow/.local/lib/python3.11/site-packages/airflow/example_dags/tutorial_objectstorage.py for tasks to queue
[2024-12-23T15:38:52.613+0000] {logging_mixin.py:190} INFO - [2024-12-23T15:38:52.613+0000] {dagbag.py:588} INFO - Filling up the DagBag from /home/airflow/.local/lib/python3.11/site-packages/airflow/example_dags/tutorial_objectstorage.py
[2024-12-23T15:38:52.618+0000] {processor.py:925} INFO - DAG(s) 'tutorial_objectstorage' retrieved from /home/airflow/.local/lib/python3.11/site-packages/airflow/example_dags/tutorial_objectstorage.py
[2024-12-23T15:38:52.627+0000] {logging_mixin.py:190} INFO - [2024-12-23T15:38:52.627+0000] {dag.py:3239} INFO - Sync 1 DAGs
[2024-12-23T15:38:52.633+0000] {logging_mixin.py:190} INFO - [2024-12-23T15:38:52.633+0000] {dag.py:4180} INFO - Setting next_dagrun for tutorial_objectstorage to None, run_after=None
[2024-12-23T15:38:52.640+0000] {processor.py:208} INFO - Processing /home/airflow/.local/lib/python3.11/site-packages/airflow/example_dags/tutorial_objectstorage.py took 0.032 seconds
[2024-12-23T15:39:23.451+0000] {processor.py:186} INFO - Started process (PID=476) to work on /home/airflow/.local/lib/python3.11/site-packages/airflow/example_dags/tutorial_objectstorage.py
[2024-12-23T15:39:23.452+0000] {processor.py:914} INFO - Processing file /home/airflow/.local/lib/python3.11/site-packages/airflow/example_dags/tutorial_objectstorage.py for tasks to queue
[2024-12-23T15:39:23.453+0000] {logging_mixin.py:190} INFO - [2024-12-23T15:39:23.453+0000] {dagbag.py:588} INFO - Filling up the DagBag from /home/airflow/.local/lib/python3.11/site-packages/airflow/example_dags/tutorial_objectstorage.py
[2024-12-23T15:39:23.458+0000] {processor.py:925} INFO - DAG(s) 'tutorial_objectstorage' retrieved from /home/airflow/.local/lib/python3.11/site-packages/airflow/example_dags/tutorial_objectstorage.py
[2024-12-23T15:39:23.467+0000] {logging_mixin.py:190} INFO - [2024-12-23T15:39:23.467+0000] {dag.py:3239} INFO - Sync 1 DAGs
[2024-12-23T15:39:23.473+0000] {logging_mixin.py:190} INFO - [2024-12-23T15:39:23.473+0000] {dag.py:4180} INFO - Setting next_dagrun for tutorial_objectstorage to None, run_after=None
[2024-12-23T15:39:23.481+0000] {processor.py:208} INFO - Processing /home/airflow/.local/lib/python3.11/site-packages/airflow/example_dags/tutorial_objectstorage.py took 0.033 seconds
[2024-12-23T15:39:54.265+0000] {processor.py:186} INFO - Started process (PID=540) to work on /home/airflow/.local/lib/python3.11/site-packages/airflow/example_dags/tutorial_objectstorage.py
[2024-12-23T15:39:54.266+0000] {processor.py:914} INFO - Processing file /home/airflow/.local/lib/python3.11/site-packages/airflow/example_dags/tutorial_objectstorage.py for tasks to queue
[2024-12-23T15:39:54.268+0000] {logging_mixin.py:190} INFO - [2024-12-23T15:39:54.268+0000] {dagbag.py:588} INFO - Filling up the DagBag from /home/airflow/.local/lib/python3.11/site-packages/airflow/example_dags/tutorial_objectstorage.py
[2024-12-23T15:39:54.273+0000] {processor.py:925} INFO - DAG(s) 'tutorial_objectstorage' retrieved from /home/airflow/.local/lib/python3.11/site-packages/airflow/example_dags/tutorial_objectstorage.py
[2024-12-23T15:39:54.282+0000] {logging_mixin.py:190} INFO - [2024-12-23T15:39:54.282+0000] {dag.py:3239} INFO - Sync 1 DAGs
[2024-12-23T15:39:54.290+0000] {logging_mixin.py:190} INFO - [2024-12-23T15:39:54.290+0000] {dag.py:4180} INFO - Setting next_dagrun for tutorial_objectstorage to None, run_after=None
[2024-12-23T15:39:54.298+0000] {processor.py:208} INFO - Processing /home/airflow/.local/lib/python3.11/site-packages/airflow/example_dags/tutorial_objectstorage.py took 0.036 seconds
[2024-12-23T15:40:24.919+0000] {processor.py:186} INFO - Started process (PID=604) to work on /home/airflow/.local/lib/python3.11/site-packages/airflow/example_dags/tutorial_objectstorage.py
[2024-12-23T15:40:24.920+0000] {processor.py:914} INFO - Processing file /home/airflow/.local/lib/python3.11/site-packages/airflow/example_dags/tutorial_objectstorage.py for tasks to queue
[2024-12-23T15:40:24.922+0000] {logging_mixin.py:190} INFO - [2024-12-23T15:40:24.922+0000] {dagbag.py:588} INFO - Filling up the DagBag from /home/airflow/.local/lib/python3.11/site-packages/airflow/example_dags/tutorial_objectstorage.py
[2024-12-23T15:40:24.929+0000] {processor.py:925} INFO - DAG(s) 'tutorial_objectstorage' retrieved from /home/airflow/.local/lib/python3.11/site-packages/airflow/example_dags/tutorial_objectstorage.py
[2024-12-23T15:40:24.941+0000] {logging_mixin.py:190} INFO - [2024-12-23T15:40:24.941+0000] {dag.py:3239} INFO - Sync 1 DAGs
[2024-12-23T15:40:24.954+0000] {logging_mixin.py:190} INFO - [2024-12-23T15:40:24.953+0000] {dag.py:4180} INFO - Setting next_dagrun for tutorial_objectstorage to None, run_after=None
[2024-12-23T15:40:24.966+0000] {processor.py:208} INFO - Processing /home/airflow/.local/lib/python3.11/site-packages/airflow/example_dags/tutorial_objectstorage.py took 0.052 seconds
[2024-12-23T15:40:55.493+0000] {processor.py:186} INFO - Started process (PID=668) to work on /home/airflow/.local/lib/python3.11/site-packages/airflow/example_dags/tutorial_objectstorage.py
[2024-12-23T15:40:55.494+0000] {processor.py:914} INFO - Processing file /home/airflow/.local/lib/python3.11/site-packages/airflow/example_dags/tutorial_objectstorage.py for tasks to queue
[2024-12-23T15:40:55.496+0000] {logging_mixin.py:190} INFO - [2024-12-23T15:40:55.496+0000] {dagbag.py:588} INFO - Filling up the DagBag from /home/airflow/.local/lib/python3.11/site-packages/airflow/example_dags/tutorial_objectstorage.py
[2024-12-23T15:40:55.503+0000] {processor.py:925} INFO - DAG(s) 'tutorial_objectstorage' retrieved from /home/airflow/.local/lib/python3.11/site-packages/airflow/example_dags/tutorial_objectstorage.py
[2024-12-23T15:40:55.513+0000] {logging_mixin.py:190} INFO - [2024-12-23T15:40:55.512+0000] {dag.py:3239} INFO - Sync 1 DAGs
[2024-12-23T15:40:55.521+0000] {logging_mixin.py:190} INFO - [2024-12-23T15:40:55.521+0000] {dag.py:4180} INFO - Setting next_dagrun for tutorial_objectstorage to None, run_after=None
[2024-12-23T15:40:55.529+0000] {processor.py:208} INFO - Processing /home/airflow/.local/lib/python3.11/site-packages/airflow/example_dags/tutorial_objectstorage.py took 0.039 seconds
[2024-12-23T15:41:26.694+0000] {processor.py:186} INFO - Started process (PID=732) to work on /home/airflow/.local/lib/python3.11/site-packages/airflow/example_dags/tutorial_objectstorage.py
[2024-12-23T15:41:26.695+0000] {processor.py:914} INFO - Processing file /home/airflow/.local/lib/python3.11/site-packages/airflow/example_dags/tutorial_objectstorage.py for tasks to queue
[2024-12-23T15:41:26.696+0000] {logging_mixin.py:190} INFO - [2024-12-23T15:41:26.696+0000] {dagbag.py:588} INFO - Filling up the DagBag from /home/airflow/.local/lib/python3.11/site-packages/airflow/example_dags/tutorial_objectstorage.py
[2024-12-23T15:41:26.703+0000] {processor.py:925} INFO - DAG(s) 'tutorial_objectstorage' retrieved from /home/airflow/.local/lib/python3.11/site-packages/airflow/example_dags/tutorial_objectstorage.py
[2024-12-23T15:41:26.716+0000] {logging_mixin.py:190} INFO - [2024-12-23T15:41:26.716+0000] {dag.py:3239} INFO - Sync 1 DAGs
[2024-12-23T15:41:26.729+0000] {logging_mixin.py:190} INFO - [2024-12-23T15:41:26.729+0000] {dag.py:4180} INFO - Setting next_dagrun for tutorial_objectstorage to None, run_after=None
[2024-12-23T15:41:26.744+0000] {processor.py:208} INFO - Processing /home/airflow/.local/lib/python3.11/site-packages/airflow/example_dags/tutorial_objectstorage.py took 0.053 seconds
[2024-12-23T15:41:57.690+0000] {processor.py:186} INFO - Started process (PID=796) to work on /home/airflow/.local/lib/python3.11/site-packages/airflow/example_dags/tutorial_objectstorage.py
[2024-12-23T15:41:57.691+0000] {processor.py:914} INFO - Processing file /home/airflow/.local/lib/python3.11/site-packages/airflow/example_dags/tutorial_objectstorage.py for tasks to queue
[2024-12-23T15:41:57.695+0000] {logging_mixin.py:190} INFO - [2024-12-23T15:41:57.695+0000] {dagbag.py:588} INFO - Filling up the DagBag from /home/airflow/.local/lib/python3.11/site-packages/airflow/example_dags/tutorial_objectstorage.py
[2024-12-23T15:41:57.704+0000] {processor.py:925} INFO - DAG(s) 'tutorial_objectstorage' retrieved from /home/airflow/.local/lib/python3.11/site-packages/airflow/example_dags/tutorial_objectstorage.py
[2024-12-23T15:41:57.715+0000] {logging_mixin.py:190} INFO - [2024-12-23T15:41:57.715+0000] {dag.py:3239} INFO - Sync 1 DAGs
[2024-12-23T15:41:57.722+0000] {logging_mixin.py:190} INFO - [2024-12-23T15:41:57.722+0000] {dag.py:4180} INFO - Setting next_dagrun for tutorial_objectstorage to None, run_after=None
[2024-12-23T15:41:57.729+0000] {processor.py:208} INFO - Processing /home/airflow/.local/lib/python3.11/site-packages/airflow/example_dags/tutorial_objectstorage.py took 0.043 seconds
[2024-12-23T15:42:28.469+0000] {processor.py:186} INFO - Started process (PID=860) to work on /home/airflow/.local/lib/python3.11/site-packages/airflow/example_dags/tutorial_objectstorage.py
[2024-12-23T15:42:28.469+0000] {processor.py:914} INFO - Processing file /home/airflow/.local/lib/python3.11/site-packages/airflow/example_dags/tutorial_objectstorage.py for tasks to queue
[2024-12-23T15:42:28.471+0000] {logging_mixin.py:190} INFO - [2024-12-23T15:42:28.471+0000] {dagbag.py:588} INFO - Filling up the DagBag from /home/airflow/.local/lib/python3.11/site-packages/airflow/example_dags/tutorial_objectstorage.py
[2024-12-23T15:42:28.476+0000] {processor.py:925} INFO - DAG(s) 'tutorial_objectstorage' retrieved from /home/airflow/.local/lib/python3.11/site-packages/airflow/example_dags/tutorial_objectstorage.py
[2024-12-23T15:42:28.485+0000] {logging_mixin.py:190} INFO - [2024-12-23T15:42:28.485+0000] {dag.py:3239} INFO - Sync 1 DAGs
[2024-12-23T15:42:28.491+0000] {logging_mixin.py:190} INFO - [2024-12-23T15:42:28.491+0000] {dag.py:4180} INFO - Setting next_dagrun for tutorial_objectstorage to None, run_after=None
[2024-12-23T15:42:28.498+0000] {processor.py:208} INFO - Processing /home/airflow/.local/lib/python3.11/site-packages/airflow/example_dags/tutorial_objectstorage.py took 0.032 seconds
[2024-12-23T15:49:33.854+0000] {processor.py:186} INFO - Started process (PID=924) to work on /home/airflow/.local/lib/python3.11/site-packages/airflow/example_dags/tutorial_objectstorage.py
[2024-12-23T15:49:33.855+0000] {processor.py:914} INFO - Processing file /home/airflow/.local/lib/python3.11/site-packages/airflow/example_dags/tutorial_objectstorage.py for tasks to queue
[2024-12-23T15:49:33.857+0000] {logging_mixin.py:190} INFO - [2024-12-23T15:49:33.856+0000] {dagbag.py:588} INFO - Filling up the DagBag from /home/airflow/.local/lib/python3.11/site-packages/airflow/example_dags/tutorial_objectstorage.py
[2024-12-23T15:49:33.864+0000] {processor.py:925} INFO - DAG(s) 'tutorial_objectstorage' retrieved from /home/airflow/.local/lib/python3.11/site-packages/airflow/example_dags/tutorial_objectstorage.py
[2024-12-23T15:49:33.887+0000] {logging_mixin.py:190} INFO - [2024-12-23T15:49:33.887+0000] {dag.py:3239} INFO - Sync 1 DAGs
[2024-12-23T15:49:33.900+0000] {logging_mixin.py:190} INFO - [2024-12-23T15:49:33.900+0000] {dag.py:4180} INFO - Setting next_dagrun for tutorial_objectstorage to None, run_after=None
[2024-12-23T15:49:33.921+0000] {processor.py:208} INFO - Processing /home/airflow/.local/lib/python3.11/site-packages/airflow/example_dags/tutorial_objectstorage.py took 0.071 seconds
[2024-12-23T15:50:04.835+0000] {processor.py:186} INFO - Started process (PID=988) to work on /home/airflow/.local/lib/python3.11/site-packages/airflow/example_dags/tutorial_objectstorage.py
[2024-12-23T15:50:04.838+0000] {processor.py:914} INFO - Processing file /home/airflow/.local/lib/python3.11/site-packages/airflow/example_dags/tutorial_objectstorage.py for tasks to queue
[2024-12-23T15:50:04.839+0000] {logging_mixin.py:190} INFO - [2024-12-23T15:50:04.839+0000] {dagbag.py:588} INFO - Filling up the DagBag from /home/airflow/.local/lib/python3.11/site-packages/airflow/example_dags/tutorial_objectstorage.py
[2024-12-23T15:50:04.845+0000] {processor.py:925} INFO - DAG(s) 'tutorial_objectstorage' retrieved from /home/airflow/.local/lib/python3.11/site-packages/airflow/example_dags/tutorial_objectstorage.py
[2024-12-23T15:50:04.857+0000] {logging_mixin.py:190} INFO - [2024-12-23T15:50:04.857+0000] {dag.py:3239} INFO - Sync 1 DAGs
[2024-12-23T15:50:04.865+0000] {logging_mixin.py:190} INFO - [2024-12-23T15:50:04.865+0000] {dag.py:4180} INFO - Setting next_dagrun for tutorial_objectstorage to None, run_after=None
[2024-12-23T15:50:04.875+0000] {processor.py:208} INFO - Processing /home/airflow/.local/lib/python3.11/site-packages/airflow/example_dags/tutorial_objectstorage.py took 0.044 seconds
[2024-12-23T15:50:35.227+0000] {processor.py:186} INFO - Started process (PID=1052) to work on /home/airflow/.local/lib/python3.11/site-packages/airflow/example_dags/tutorial_objectstorage.py
[2024-12-23T15:50:35.228+0000] {processor.py:914} INFO - Processing file /home/airflow/.local/lib/python3.11/site-packages/airflow/example_dags/tutorial_objectstorage.py for tasks to queue
[2024-12-23T15:50:35.230+0000] {logging_mixin.py:190} INFO - [2024-12-23T15:50:35.230+0000] {dagbag.py:588} INFO - Filling up the DagBag from /home/airflow/.local/lib/python3.11/site-packages/airflow/example_dags/tutorial_objectstorage.py
[2024-12-23T15:50:35.236+0000] {processor.py:925} INFO - DAG(s) 'tutorial_objectstorage' retrieved from /home/airflow/.local/lib/python3.11/site-packages/airflow/example_dags/tutorial_objectstorage.py
[2024-12-23T15:50:35.245+0000] {logging_mixin.py:190} INFO - [2024-12-23T15:50:35.245+0000] {dag.py:3239} INFO - Sync 1 DAGs
[2024-12-23T15:50:35.254+0000] {logging_mixin.py:190} INFO - [2024-12-23T15:50:35.254+0000] {dag.py:4180} INFO - Setting next_dagrun for tutorial_objectstorage to None, run_after=None
[2024-12-23T15:50:35.262+0000] {processor.py:208} INFO - Processing /home/airflow/.local/lib/python3.11/site-packages/airflow/example_dags/tutorial_objectstorage.py took 0.037 seconds
[2024-12-23T15:51:06.247+0000] {processor.py:186} INFO - Started process (PID=1116) to work on /home/airflow/.local/lib/python3.11/site-packages/airflow/example_dags/tutorial_objectstorage.py
[2024-12-23T15:51:06.250+0000] {processor.py:914} INFO - Processing file /home/airflow/.local/lib/python3.11/site-packages/airflow/example_dags/tutorial_objectstorage.py for tasks to queue
[2024-12-23T15:51:06.253+0000] {logging_mixin.py:190} INFO - [2024-12-23T15:51:06.253+0000] {dagbag.py:588} INFO - Filling up the DagBag from /home/airflow/.local/lib/python3.11/site-packages/airflow/example_dags/tutorial_objectstorage.py
[2024-12-23T15:51:06.260+0000] {processor.py:925} INFO - DAG(s) 'tutorial_objectstorage' retrieved from /home/airflow/.local/lib/python3.11/site-packages/airflow/example_dags/tutorial_objectstorage.py
[2024-12-23T15:51:06.273+0000] {logging_mixin.py:190} INFO - [2024-12-23T15:51:06.273+0000] {dag.py:3239} INFO - Sync 1 DAGs
[2024-12-23T15:51:06.279+0000] {logging_mixin.py:190} INFO - [2024-12-23T15:51:06.279+0000] {dag.py:4180} INFO - Setting next_dagrun for tutorial_objectstorage to None, run_after=None
[2024-12-23T15:51:06.288+0000] {processor.py:208} INFO - Processing /home/airflow/.local/lib/python3.11/site-packages/airflow/example_dags/tutorial_objectstorage.py took 0.044 seconds
[2024-12-23T15:51:36.780+0000] {processor.py:186} INFO - Started process (PID=1180) to work on /home/airflow/.local/lib/python3.11/site-packages/airflow/example_dags/tutorial_objectstorage.py
[2024-12-23T15:51:36.780+0000] {processor.py:914} INFO - Processing file /home/airflow/.local/lib/python3.11/site-packages/airflow/example_dags/tutorial_objectstorage.py for tasks to queue
[2024-12-23T15:51:36.782+0000] {logging_mixin.py:190} INFO - [2024-12-23T15:51:36.782+0000] {dagbag.py:588} INFO - Filling up the DagBag from /home/airflow/.local/lib/python3.11/site-packages/airflow/example_dags/tutorial_objectstorage.py
[2024-12-23T15:51:36.788+0000] {processor.py:925} INFO - DAG(s) 'tutorial_objectstorage' retrieved from /home/airflow/.local/lib/python3.11/site-packages/airflow/example_dags/tutorial_objectstorage.py
[2024-12-23T15:51:36.797+0000] {logging_mixin.py:190} INFO - [2024-12-23T15:51:36.797+0000] {dag.py:3239} INFO - Sync 1 DAGs
[2024-12-23T15:51:36.804+0000] {logging_mixin.py:190} INFO - [2024-12-23T15:51:36.803+0000] {dag.py:4180} INFO - Setting next_dagrun for tutorial_objectstorage to None, run_after=None
[2024-12-23T15:51:36.813+0000] {processor.py:208} INFO - Processing /home/airflow/.local/lib/python3.11/site-packages/airflow/example_dags/tutorial_objectstorage.py took 0.036 seconds
[2024-12-23T15:52:07.253+0000] {processor.py:186} INFO - Started process (PID=1244) to work on /home/airflow/.local/lib/python3.11/site-packages/airflow/example_dags/tutorial_objectstorage.py
[2024-12-23T15:52:07.254+0000] {processor.py:914} INFO - Processing file /home/airflow/.local/lib/python3.11/site-packages/airflow/example_dags/tutorial_objectstorage.py for tasks to queue
[2024-12-23T15:52:07.256+0000] {logging_mixin.py:190} INFO - [2024-12-23T15:52:07.255+0000] {dagbag.py:588} INFO - Filling up the DagBag from /home/airflow/.local/lib/python3.11/site-packages/airflow/example_dags/tutorial_objectstorage.py
[2024-12-23T15:52:07.261+0000] {processor.py:925} INFO - DAG(s) 'tutorial_objectstorage' retrieved from /home/airflow/.local/lib/python3.11/site-packages/airflow/example_dags/tutorial_objectstorage.py
[2024-12-23T15:52:07.270+0000] {logging_mixin.py:190} INFO - [2024-12-23T15:52:07.270+0000] {dag.py:3239} INFO - Sync 1 DAGs
[2024-12-23T15:52:07.277+0000] {logging_mixin.py:190} INFO - [2024-12-23T15:52:07.277+0000] {dag.py:4180} INFO - Setting next_dagrun for tutorial_objectstorage to None, run_after=None
[2024-12-23T15:52:07.286+0000] {processor.py:208} INFO - Processing /home/airflow/.local/lib/python3.11/site-packages/airflow/example_dags/tutorial_objectstorage.py took 0.035 seconds
[2024-12-23T15:52:37.627+0000] {processor.py:186} INFO - Started process (PID=1308) to work on /home/airflow/.local/lib/python3.11/site-packages/airflow/example_dags/tutorial_objectstorage.py
[2024-12-23T15:52:37.628+0000] {processor.py:914} INFO - Processing file /home/airflow/.local/lib/python3.11/site-packages/airflow/example_dags/tutorial_objectstorage.py for tasks to queue
[2024-12-23T15:52:37.630+0000] {logging_mixin.py:190} INFO - [2024-12-23T15:52:37.629+0000] {dagbag.py:588} INFO - Filling up the DagBag from /home/airflow/.local/lib/python3.11/site-packages/airflow/example_dags/tutorial_objectstorage.py
[2024-12-23T15:52:37.635+0000] {processor.py:925} INFO - DAG(s) 'tutorial_objectstorage' retrieved from /home/airflow/.local/lib/python3.11/site-packages/airflow/example_dags/tutorial_objectstorage.py
[2024-12-23T15:52:37.646+0000] {logging_mixin.py:190} INFO - [2024-12-23T15:52:37.645+0000] {dag.py:3239} INFO - Sync 1 DAGs
[2024-12-23T15:52:37.658+0000] {logging_mixin.py:190} INFO - [2024-12-23T15:52:37.658+0000] {dag.py:4180} INFO - Setting next_dagrun for tutorial_objectstorage to None, run_after=None
[2024-12-23T15:52:37.671+0000] {processor.py:208} INFO - Processing /home/airflow/.local/lib/python3.11/site-packages/airflow/example_dags/tutorial_objectstorage.py took 0.048 seconds
[2024-12-23T15:53:08.090+0000] {processor.py:186} INFO - Started process (PID=1372) to work on /home/airflow/.local/lib/python3.11/site-packages/airflow/example_dags/tutorial_objectstorage.py
[2024-12-23T15:53:08.090+0000] {processor.py:914} INFO - Processing file /home/airflow/.local/lib/python3.11/site-packages/airflow/example_dags/tutorial_objectstorage.py for tasks to queue
[2024-12-23T15:53:08.092+0000] {logging_mixin.py:190} INFO - [2024-12-23T15:53:08.092+0000] {dagbag.py:588} INFO - Filling up the DagBag from /home/airflow/.local/lib/python3.11/site-packages/airflow/example_dags/tutorial_objectstorage.py
[2024-12-23T15:53:08.098+0000] {processor.py:925} INFO - DAG(s) 'tutorial_objectstorage' retrieved from /home/airflow/.local/lib/python3.11/site-packages/airflow/example_dags/tutorial_objectstorage.py
[2024-12-23T15:53:08.107+0000] {logging_mixin.py:190} INFO - [2024-12-23T15:53:08.107+0000] {dag.py:3239} INFO - Sync 1 DAGs
[2024-12-23T15:53:08.114+0000] {logging_mixin.py:190} INFO - [2024-12-23T15:53:08.114+0000] {dag.py:4180} INFO - Setting next_dagrun for tutorial_objectstorage to None, run_after=None
[2024-12-23T15:53:08.131+0000] {processor.py:208} INFO - Processing /home/airflow/.local/lib/python3.11/site-packages/airflow/example_dags/tutorial_objectstorage.py took 0.045 seconds
[2024-12-23T15:53:38.679+0000] {processor.py:186} INFO - Started process (PID=1436) to work on /home/airflow/.local/lib/python3.11/site-packages/airflow/example_dags/tutorial_objectstorage.py
[2024-12-23T15:53:38.680+0000] {processor.py:914} INFO - Processing file /home/airflow/.local/lib/python3.11/site-packages/airflow/example_dags/tutorial_objectstorage.py for tasks to queue
[2024-12-23T15:53:38.682+0000] {logging_mixin.py:190} INFO - [2024-12-23T15:53:38.681+0000] {dagbag.py:588} INFO - Filling up the DagBag from /home/airflow/.local/lib/python3.11/site-packages/airflow/example_dags/tutorial_objectstorage.py
[2024-12-23T15:53:38.688+0000] {processor.py:925} INFO - DAG(s) 'tutorial_objectstorage' retrieved from /home/airflow/.local/lib/python3.11/site-packages/airflow/example_dags/tutorial_objectstorage.py
[2024-12-23T15:53:38.698+0000] {logging_mixin.py:190} INFO - [2024-12-23T15:53:38.698+0000] {dag.py:3239} INFO - Sync 1 DAGs
[2024-12-23T15:53:38.707+0000] {logging_mixin.py:190} INFO - [2024-12-23T15:53:38.707+0000] {dag.py:4180} INFO - Setting next_dagrun for tutorial_objectstorage to None, run_after=None
[2024-12-23T15:53:38.718+0000] {processor.py:208} INFO - Processing /home/airflow/.local/lib/python3.11/site-packages/airflow/example_dags/tutorial_objectstorage.py took 0.042 seconds
[2024-12-23T15:54:09.164+0000] {processor.py:186} INFO - Started process (PID=1500) to work on /home/airflow/.local/lib/python3.11/site-packages/airflow/example_dags/tutorial_objectstorage.py
[2024-12-23T15:54:09.165+0000] {processor.py:914} INFO - Processing file /home/airflow/.local/lib/python3.11/site-packages/airflow/example_dags/tutorial_objectstorage.py for tasks to queue
[2024-12-23T15:54:09.166+0000] {logging_mixin.py:190} INFO - [2024-12-23T15:54:09.166+0000] {dagbag.py:588} INFO - Filling up the DagBag from /home/airflow/.local/lib/python3.11/site-packages/airflow/example_dags/tutorial_objectstorage.py
[2024-12-23T15:54:09.171+0000] {processor.py:925} INFO - DAG(s) 'tutorial_objectstorage' retrieved from /home/airflow/.local/lib/python3.11/site-packages/airflow/example_dags/tutorial_objectstorage.py
[2024-12-23T15:54:09.180+0000] {logging_mixin.py:190} INFO - [2024-12-23T15:54:09.180+0000] {dag.py:3239} INFO - Sync 1 DAGs
[2024-12-23T15:54:09.187+0000] {logging_mixin.py:190} INFO - [2024-12-23T15:54:09.187+0000] {dag.py:4180} INFO - Setting next_dagrun for tutorial_objectstorage to None, run_after=None
[2024-12-23T15:54:09.198+0000] {processor.py:208} INFO - Processing /home/airflow/.local/lib/python3.11/site-packages/airflow/example_dags/tutorial_objectstorage.py took 0.036 seconds
[2024-12-23T15:54:39.736+0000] {processor.py:186} INFO - Started process (PID=1564) to work on /home/airflow/.local/lib/python3.11/site-packages/airflow/example_dags/tutorial_objectstorage.py
[2024-12-23T15:54:39.737+0000] {processor.py:914} INFO - Processing file /home/airflow/.local/lib/python3.11/site-packages/airflow/example_dags/tutorial_objectstorage.py for tasks to queue
[2024-12-23T15:54:39.739+0000] {logging_mixin.py:190} INFO - [2024-12-23T15:54:39.738+0000] {dagbag.py:588} INFO - Filling up the DagBag from /home/airflow/.local/lib/python3.11/site-packages/airflow/example_dags/tutorial_objectstorage.py
[2024-12-23T15:54:39.744+0000] {processor.py:925} INFO - DAG(s) 'tutorial_objectstorage' retrieved from /home/airflow/.local/lib/python3.11/site-packages/airflow/example_dags/tutorial_objectstorage.py
[2024-12-23T15:54:39.753+0000] {logging_mixin.py:190} INFO - [2024-12-23T15:54:39.753+0000] {dag.py:3239} INFO - Sync 1 DAGs
[2024-12-23T15:54:39.760+0000] {logging_mixin.py:190} INFO - [2024-12-23T15:54:39.760+0000] {dag.py:4180} INFO - Setting next_dagrun for tutorial_objectstorage to None, run_after=None
[2024-12-23T15:54:39.773+0000] {processor.py:208} INFO - Processing /home/airflow/.local/lib/python3.11/site-packages/airflow/example_dags/tutorial_objectstorage.py took 0.040 seconds
[2024-12-23T15:55:10.240+0000] {processor.py:186} INFO - Started process (PID=1628) to work on /home/airflow/.local/lib/python3.11/site-packages/airflow/example_dags/tutorial_objectstorage.py
[2024-12-23T15:55:10.241+0000] {processor.py:914} INFO - Processing file /home/airflow/.local/lib/python3.11/site-packages/airflow/example_dags/tutorial_objectstorage.py for tasks to queue
[2024-12-23T15:55:10.242+0000] {logging_mixin.py:190} INFO - [2024-12-23T15:55:10.242+0000] {dagbag.py:588} INFO - Filling up the DagBag from /home/airflow/.local/lib/python3.11/site-packages/airflow/example_dags/tutorial_objectstorage.py
[2024-12-23T15:55:10.247+0000] {processor.py:925} INFO - DAG(s) 'tutorial_objectstorage' retrieved from /home/airflow/.local/lib/python3.11/site-packages/airflow/example_dags/tutorial_objectstorage.py
[2024-12-23T15:55:10.257+0000] {logging_mixin.py:190} INFO - [2024-12-23T15:55:10.257+0000] {dag.py:3239} INFO - Sync 1 DAGs
[2024-12-23T15:55:10.263+0000] {logging_mixin.py:190} INFO - [2024-12-23T15:55:10.262+0000] {dag.py:4180} INFO - Setting next_dagrun for tutorial_objectstorage to None, run_after=None
[2024-12-23T15:55:10.270+0000] {processor.py:208} INFO - Processing /home/airflow/.local/lib/python3.11/site-packages/airflow/example_dags/tutorial_objectstorage.py took 0.033 seconds
[2024-12-23T16:14:28.614+0000] {processor.py:186} INFO - Started process (PID=1686) to work on /home/airflow/.local/lib/python3.11/site-packages/airflow/example_dags/tutorial_objectstorage.py
[2024-12-23T16:14:28.614+0000] {processor.py:914} INFO - Processing file /home/airflow/.local/lib/python3.11/site-packages/airflow/example_dags/tutorial_objectstorage.py for tasks to queue
[2024-12-23T16:14:28.615+0000] {logging_mixin.py:190} INFO - [2024-12-23T16:14:28.615+0000] {dagbag.py:588} INFO - Filling up the DagBag from /home/airflow/.local/lib/python3.11/site-packages/airflow/example_dags/tutorial_objectstorage.py
[2024-12-23T16:14:28.621+0000] {processor.py:925} INFO - DAG(s) 'tutorial_objectstorage' retrieved from /home/airflow/.local/lib/python3.11/site-packages/airflow/example_dags/tutorial_objectstorage.py
[2024-12-23T16:14:28.631+0000] {logging_mixin.py:190} INFO - [2024-12-23T16:14:28.631+0000] {dag.py:3239} INFO - Sync 1 DAGs
[2024-12-23T16:14:28.638+0000] {logging_mixin.py:190} INFO - [2024-12-23T16:14:28.638+0000] {dag.py:4180} INFO - Setting next_dagrun for tutorial_objectstorage to None, run_after=None
[2024-12-23T16:14:28.647+0000] {processor.py:208} INFO - Processing /home/airflow/.local/lib/python3.11/site-packages/airflow/example_dags/tutorial_objectstorage.py took 0.037 seconds
