[2024-10-29T00:50:14.093+0000] {processor.py:186} INFO - Started process (PID=47631) to work on /home/airflow/.local/lib/python3.11/site-packages/airflow/example_dags/example_branch_day_of_week_operator.py
[2024-10-29T00:50:14.094+0000] {processor.py:914} INFO - Processing file /home/airflow/.local/lib/python3.11/site-packages/airflow/example_dags/example_branch_day_of_week_operator.py for tasks to queue
[2024-10-29T00:50:14.096+0000] {logging_mixin.py:190} INFO - [2024-10-29T00:50:14.095+0000] {dagbag.py:588} INFO - Filling up the DagBag from /home/airflow/.local/lib/python3.11/site-packages/airflow/example_dags/example_branch_day_of_week_operator.py
[2024-10-29T00:50:14.103+0000] {processor.py:925} INFO - DAG(s) 'example_weekday_branch_operator' retrieved from /home/airflow/.local/lib/python3.11/site-packages/airflow/example_dags/example_branch_day_of_week_operator.py
[2024-10-29T00:50:14.115+0000] {logging_mixin.py:190} INFO - [2024-10-29T00:50:14.115+0000] {dag.py:3239} INFO - Sync 1 DAGs
[2024-10-29T00:50:14.139+0000] {logging_mixin.py:190} INFO - [2024-10-29T00:50:14.138+0000] {dag.py:4180} INFO - Setting next_dagrun for example_weekday_branch_operator to 2024-10-28 00:00:00+00:00, run_after=2024-10-29 00:00:00+00:00
[2024-10-29T00:50:14.151+0000] {processor.py:208} INFO - Processing /home/airflow/.local/lib/python3.11/site-packages/airflow/example_dags/example_branch_day_of_week_operator.py took 0.062 seconds
[2024-10-29T02:13:53.867+0000] {processor.py:186} INFO - Started process (PID=47694) to work on /home/airflow/.local/lib/python3.11/site-packages/airflow/example_dags/example_branch_day_of_week_operator.py
[2024-10-29T02:13:53.868+0000] {processor.py:914} INFO - Processing file /home/airflow/.local/lib/python3.11/site-packages/airflow/example_dags/example_branch_day_of_week_operator.py for tasks to queue
[2024-10-29T02:13:53.869+0000] {logging_mixin.py:190} INFO - [2024-10-29T02:13:53.869+0000] {dagbag.py:588} INFO - Filling up the DagBag from /home/airflow/.local/lib/python3.11/site-packages/airflow/example_dags/example_branch_day_of_week_operator.py
[2024-10-29T02:13:53.875+0000] {processor.py:925} INFO - DAG(s) 'example_weekday_branch_operator' retrieved from /home/airflow/.local/lib/python3.11/site-packages/airflow/example_dags/example_branch_day_of_week_operator.py
[2024-10-29T02:13:53.885+0000] {logging_mixin.py:190} INFO - [2024-10-29T02:13:53.885+0000] {dag.py:3239} INFO - Sync 1 DAGs
[2024-10-29T02:13:53.896+0000] {logging_mixin.py:190} INFO - [2024-10-29T02:13:53.896+0000] {dag.py:4180} INFO - Setting next_dagrun for example_weekday_branch_operator to 2024-10-28 00:00:00+00:00, run_after=2024-10-29 00:00:00+00:00
[2024-10-29T02:13:53.904+0000] {processor.py:208} INFO - Processing /home/airflow/.local/lib/python3.11/site-packages/airflow/example_dags/example_branch_day_of_week_operator.py took 0.040 seconds
[2024-10-29T02:45:22.903+0000] {processor.py:186} INFO - Started process (PID=47757) to work on /home/airflow/.local/lib/python3.11/site-packages/airflow/example_dags/example_branch_day_of_week_operator.py
[2024-10-29T02:45:22.904+0000] {processor.py:914} INFO - Processing file /home/airflow/.local/lib/python3.11/site-packages/airflow/example_dags/example_branch_day_of_week_operator.py for tasks to queue
[2024-10-29T02:45:22.905+0000] {logging_mixin.py:190} INFO - [2024-10-29T02:45:22.905+0000] {dagbag.py:588} INFO - Filling up the DagBag from /home/airflow/.local/lib/python3.11/site-packages/airflow/example_dags/example_branch_day_of_week_operator.py
[2024-10-29T02:45:22.910+0000] {processor.py:925} INFO - DAG(s) 'example_weekday_branch_operator' retrieved from /home/airflow/.local/lib/python3.11/site-packages/airflow/example_dags/example_branch_day_of_week_operator.py
[2024-10-29T02:45:22.920+0000] {logging_mixin.py:190} INFO - [2024-10-29T02:45:22.920+0000] {dag.py:3239} INFO - Sync 1 DAGs
[2024-10-29T02:45:22.930+0000] {logging_mixin.py:190} INFO - [2024-10-29T02:45:22.930+0000] {dag.py:4180} INFO - Setting next_dagrun for example_weekday_branch_operator to 2024-10-28 00:00:00+00:00, run_after=2024-10-29 00:00:00+00:00
[2024-10-29T02:45:22.937+0000] {processor.py:208} INFO - Processing /home/airflow/.local/lib/python3.11/site-packages/airflow/example_dags/example_branch_day_of_week_operator.py took 0.037 seconds
[2024-10-29T03:18:13.290+0000] {processor.py:186} INFO - Started process (PID=47820) to work on /home/airflow/.local/lib/python3.11/site-packages/airflow/example_dags/example_branch_day_of_week_operator.py
[2024-10-29T03:18:13.291+0000] {processor.py:914} INFO - Processing file /home/airflow/.local/lib/python3.11/site-packages/airflow/example_dags/example_branch_day_of_week_operator.py for tasks to queue
[2024-10-29T03:18:13.293+0000] {logging_mixin.py:190} INFO - [2024-10-29T03:18:13.293+0000] {dagbag.py:588} INFO - Filling up the DagBag from /home/airflow/.local/lib/python3.11/site-packages/airflow/example_dags/example_branch_day_of_week_operator.py
[2024-10-29T03:18:13.299+0000] {processor.py:925} INFO - DAG(s) 'example_weekday_branch_operator' retrieved from /home/airflow/.local/lib/python3.11/site-packages/airflow/example_dags/example_branch_day_of_week_operator.py
[2024-10-29T03:18:13.314+0000] {logging_mixin.py:190} INFO - [2024-10-29T03:18:13.314+0000] {dag.py:3239} INFO - Sync 1 DAGs
[2024-10-29T03:18:13.326+0000] {logging_mixin.py:190} INFO - [2024-10-29T03:18:13.326+0000] {dag.py:4180} INFO - Setting next_dagrun for example_weekday_branch_operator to 2024-10-28 00:00:00+00:00, run_after=2024-10-29 00:00:00+00:00
[2024-10-29T03:18:13.341+0000] {processor.py:208} INFO - Processing /home/airflow/.local/lib/python3.11/site-packages/airflow/example_dags/example_branch_day_of_week_operator.py took 0.055 seconds
[2024-10-29T03:45:36.454+0000] {processor.py:186} INFO - Started process (PID=47883) to work on /home/airflow/.local/lib/python3.11/site-packages/airflow/example_dags/example_branch_day_of_week_operator.py
[2024-10-29T03:45:36.455+0000] {processor.py:914} INFO - Processing file /home/airflow/.local/lib/python3.11/site-packages/airflow/example_dags/example_branch_day_of_week_operator.py for tasks to queue
[2024-10-29T03:45:36.456+0000] {logging_mixin.py:190} INFO - [2024-10-29T03:45:36.456+0000] {dagbag.py:588} INFO - Filling up the DagBag from /home/airflow/.local/lib/python3.11/site-packages/airflow/example_dags/example_branch_day_of_week_operator.py
[2024-10-29T03:45:36.462+0000] {processor.py:925} INFO - DAG(s) 'example_weekday_branch_operator' retrieved from /home/airflow/.local/lib/python3.11/site-packages/airflow/example_dags/example_branch_day_of_week_operator.py
[2024-10-29T03:45:36.475+0000] {logging_mixin.py:190} INFO - [2024-10-29T03:45:36.475+0000] {dag.py:3239} INFO - Sync 1 DAGs
[2024-10-29T03:45:36.490+0000] {logging_mixin.py:190} INFO - [2024-10-29T03:45:36.489+0000] {dag.py:4180} INFO - Setting next_dagrun for example_weekday_branch_operator to 2024-10-28 00:00:00+00:00, run_after=2024-10-29 00:00:00+00:00
[2024-10-29T03:45:36.498+0000] {processor.py:208} INFO - Processing /home/airflow/.local/lib/python3.11/site-packages/airflow/example_dags/example_branch_day_of_week_operator.py took 0.047 seconds
[2024-10-29T04:34:59.250+0000] {processor.py:186} INFO - Started process (PID=47945) to work on /home/airflow/.local/lib/python3.11/site-packages/airflow/example_dags/example_branch_day_of_week_operator.py
[2024-10-29T04:34:59.251+0000] {processor.py:914} INFO - Processing file /home/airflow/.local/lib/python3.11/site-packages/airflow/example_dags/example_branch_day_of_week_operator.py for tasks to queue
[2024-10-29T04:34:59.256+0000] {logging_mixin.py:190} INFO - [2024-10-29T04:34:59.255+0000] {dagbag.py:588} INFO - Filling up the DagBag from /home/airflow/.local/lib/python3.11/site-packages/airflow/example_dags/example_branch_day_of_week_operator.py
[2024-10-29T04:34:59.265+0000] {processor.py:925} INFO - DAG(s) 'example_weekday_branch_operator' retrieved from /home/airflow/.local/lib/python3.11/site-packages/airflow/example_dags/example_branch_day_of_week_operator.py
[2024-10-29T04:34:59.278+0000] {logging_mixin.py:190} INFO - [2024-10-29T04:34:59.278+0000] {dag.py:3239} INFO - Sync 1 DAGs
[2024-10-29T04:34:59.292+0000] {logging_mixin.py:190} INFO - [2024-10-29T04:34:59.292+0000] {dag.py:4180} INFO - Setting next_dagrun for example_weekday_branch_operator to 2024-10-28 00:00:00+00:00, run_after=2024-10-29 00:00:00+00:00
[2024-10-29T04:34:59.300+0000] {processor.py:208} INFO - Processing /home/airflow/.local/lib/python3.11/site-packages/airflow/example_dags/example_branch_day_of_week_operator.py took 0.054 seconds
[2024-10-29T04:59:49.142+0000] {processor.py:186} INFO - Started process (PID=48008) to work on /home/airflow/.local/lib/python3.11/site-packages/airflow/example_dags/example_branch_day_of_week_operator.py
[2024-10-29T04:59:49.142+0000] {processor.py:914} INFO - Processing file /home/airflow/.local/lib/python3.11/site-packages/airflow/example_dags/example_branch_day_of_week_operator.py for tasks to queue
[2024-10-29T04:59:49.144+0000] {logging_mixin.py:190} INFO - [2024-10-29T04:59:49.143+0000] {dagbag.py:588} INFO - Filling up the DagBag from /home/airflow/.local/lib/python3.11/site-packages/airflow/example_dags/example_branch_day_of_week_operator.py
[2024-10-29T04:59:49.149+0000] {processor.py:925} INFO - DAG(s) 'example_weekday_branch_operator' retrieved from /home/airflow/.local/lib/python3.11/site-packages/airflow/example_dags/example_branch_day_of_week_operator.py
[2024-10-29T04:59:49.160+0000] {logging_mixin.py:190} INFO - [2024-10-29T04:59:49.160+0000] {dag.py:3239} INFO - Sync 1 DAGs
[2024-10-29T04:59:49.172+0000] {logging_mixin.py:190} INFO - [2024-10-29T04:59:49.171+0000] {dag.py:4180} INFO - Setting next_dagrun for example_weekday_branch_operator to 2024-10-28 00:00:00+00:00, run_after=2024-10-29 00:00:00+00:00
[2024-10-29T04:59:49.180+0000] {processor.py:208} INFO - Processing /home/airflow/.local/lib/python3.11/site-packages/airflow/example_dags/example_branch_day_of_week_operator.py took 0.041 seconds
[2024-10-29T05:52:13.616+0000] {processor.py:186} INFO - Started process (PID=48070) to work on /home/airflow/.local/lib/python3.11/site-packages/airflow/example_dags/example_branch_day_of_week_operator.py
[2024-10-29T05:52:13.617+0000] {processor.py:914} INFO - Processing file /home/airflow/.local/lib/python3.11/site-packages/airflow/example_dags/example_branch_day_of_week_operator.py for tasks to queue
[2024-10-29T05:52:13.619+0000] {logging_mixin.py:190} INFO - [2024-10-29T05:52:13.619+0000] {dagbag.py:588} INFO - Filling up the DagBag from /home/airflow/.local/lib/python3.11/site-packages/airflow/example_dags/example_branch_day_of_week_operator.py
[2024-10-29T05:52:13.624+0000] {processor.py:925} INFO - DAG(s) 'example_weekday_branch_operator' retrieved from /home/airflow/.local/lib/python3.11/site-packages/airflow/example_dags/example_branch_day_of_week_operator.py
[2024-10-29T05:52:13.635+0000] {logging_mixin.py:190} INFO - [2024-10-29T05:52:13.635+0000] {dag.py:3239} INFO - Sync 1 DAGs
[2024-10-29T05:52:13.646+0000] {logging_mixin.py:190} INFO - [2024-10-29T05:52:13.646+0000] {dag.py:4180} INFO - Setting next_dagrun for example_weekday_branch_operator to 2024-10-28 00:00:00+00:00, run_after=2024-10-29 00:00:00+00:00
[2024-10-29T05:52:13.654+0000] {processor.py:208} INFO - Processing /home/airflow/.local/lib/python3.11/site-packages/airflow/example_dags/example_branch_day_of_week_operator.py took 0.041 seconds
[2024-10-29T06:31:00.355+0000] {processor.py:186} INFO - Started process (PID=48133) to work on /home/airflow/.local/lib/python3.11/site-packages/airflow/example_dags/example_branch_day_of_week_operator.py
[2024-10-29T06:31:00.355+0000] {processor.py:914} INFO - Processing file /home/airflow/.local/lib/python3.11/site-packages/airflow/example_dags/example_branch_day_of_week_operator.py for tasks to queue
[2024-10-29T06:31:00.357+0000] {logging_mixin.py:190} INFO - [2024-10-29T06:31:00.357+0000] {dagbag.py:588} INFO - Filling up the DagBag from /home/airflow/.local/lib/python3.11/site-packages/airflow/example_dags/example_branch_day_of_week_operator.py
[2024-10-29T06:31:00.362+0000] {processor.py:925} INFO - DAG(s) 'example_weekday_branch_operator' retrieved from /home/airflow/.local/lib/python3.11/site-packages/airflow/example_dags/example_branch_day_of_week_operator.py
[2024-10-29T06:31:00.373+0000] {logging_mixin.py:190} INFO - [2024-10-29T06:31:00.372+0000] {dag.py:3239} INFO - Sync 1 DAGs
[2024-10-29T06:31:00.384+0000] {logging_mixin.py:190} INFO - [2024-10-29T06:31:00.384+0000] {dag.py:4180} INFO - Setting next_dagrun for example_weekday_branch_operator to 2024-10-28 00:00:00+00:00, run_after=2024-10-29 00:00:00+00:00
[2024-10-29T06:31:00.392+0000] {processor.py:208} INFO - Processing /home/airflow/.local/lib/python3.11/site-packages/airflow/example_dags/example_branch_day_of_week_operator.py took 0.040 seconds
[2024-10-29T07:19:59.159+0000] {processor.py:186} INFO - Started process (PID=48195) to work on /home/airflow/.local/lib/python3.11/site-packages/airflow/example_dags/example_branch_day_of_week_operator.py
[2024-10-29T07:19:59.160+0000] {processor.py:914} INFO - Processing file /home/airflow/.local/lib/python3.11/site-packages/airflow/example_dags/example_branch_day_of_week_operator.py for tasks to queue
[2024-10-29T07:19:59.161+0000] {logging_mixin.py:190} INFO - [2024-10-29T07:19:59.161+0000] {dagbag.py:588} INFO - Filling up the DagBag from /home/airflow/.local/lib/python3.11/site-packages/airflow/example_dags/example_branch_day_of_week_operator.py
[2024-10-29T07:19:59.168+0000] {processor.py:925} INFO - DAG(s) 'example_weekday_branch_operator' retrieved from /home/airflow/.local/lib/python3.11/site-packages/airflow/example_dags/example_branch_day_of_week_operator.py
[2024-10-29T07:19:59.179+0000] {logging_mixin.py:190} INFO - [2024-10-29T07:19:59.179+0000] {dag.py:3239} INFO - Sync 1 DAGs
[2024-10-29T07:19:59.192+0000] {logging_mixin.py:190} INFO - [2024-10-29T07:19:59.192+0000] {dag.py:4180} INFO - Setting next_dagrun for example_weekday_branch_operator to 2024-10-28 00:00:00+00:00, run_after=2024-10-29 00:00:00+00:00
[2024-10-29T07:19:59.202+0000] {processor.py:208} INFO - Processing /home/airflow/.local/lib/python3.11/site-packages/airflow/example_dags/example_branch_day_of_week_operator.py took 0.047 seconds
[2024-10-29T07:59:19.833+0000] {processor.py:186} INFO - Started process (PID=48258) to work on /home/airflow/.local/lib/python3.11/site-packages/airflow/example_dags/example_branch_day_of_week_operator.py
[2024-10-29T07:59:19.836+0000] {processor.py:914} INFO - Processing file /home/airflow/.local/lib/python3.11/site-packages/airflow/example_dags/example_branch_day_of_week_operator.py for tasks to queue
[2024-10-29T07:59:19.837+0000] {logging_mixin.py:190} INFO - [2024-10-29T07:59:19.837+0000] {dagbag.py:588} INFO - Filling up the DagBag from /home/airflow/.local/lib/python3.11/site-packages/airflow/example_dags/example_branch_day_of_week_operator.py
[2024-10-29T07:59:19.843+0000] {processor.py:925} INFO - DAG(s) 'example_weekday_branch_operator' retrieved from /home/airflow/.local/lib/python3.11/site-packages/airflow/example_dags/example_branch_day_of_week_operator.py
[2024-10-29T07:59:19.854+0000] {logging_mixin.py:190} INFO - [2024-10-29T07:59:19.854+0000] {dag.py:3239} INFO - Sync 1 DAGs
[2024-10-29T07:59:19.867+0000] {logging_mixin.py:190} INFO - [2024-10-29T07:59:19.866+0000] {dag.py:4180} INFO - Setting next_dagrun for example_weekday_branch_operator to 2024-10-28 00:00:00+00:00, run_after=2024-10-29 00:00:00+00:00
[2024-10-29T07:59:19.875+0000] {processor.py:208} INFO - Processing /home/airflow/.local/lib/python3.11/site-packages/airflow/example_dags/example_branch_day_of_week_operator.py took 0.045 seconds
[2024-10-29T07:59:50.021+0000] {processor.py:186} INFO - Started process (PID=48322) to work on /home/airflow/.local/lib/python3.11/site-packages/airflow/example_dags/example_branch_day_of_week_operator.py
[2024-10-29T07:59:50.022+0000] {processor.py:914} INFO - Processing file /home/airflow/.local/lib/python3.11/site-packages/airflow/example_dags/example_branch_day_of_week_operator.py for tasks to queue
[2024-10-29T07:59:50.024+0000] {logging_mixin.py:190} INFO - [2024-10-29T07:59:50.023+0000] {dagbag.py:588} INFO - Filling up the DagBag from /home/airflow/.local/lib/python3.11/site-packages/airflow/example_dags/example_branch_day_of_week_operator.py
[2024-10-29T07:59:50.029+0000] {processor.py:925} INFO - DAG(s) 'example_weekday_branch_operator' retrieved from /home/airflow/.local/lib/python3.11/site-packages/airflow/example_dags/example_branch_day_of_week_operator.py
[2024-10-29T07:59:50.040+0000] {logging_mixin.py:190} INFO - [2024-10-29T07:59:50.040+0000] {dag.py:3239} INFO - Sync 1 DAGs
[2024-10-29T07:59:50.053+0000] {logging_mixin.py:190} INFO - [2024-10-29T07:59:50.053+0000] {dag.py:4180} INFO - Setting next_dagrun for example_weekday_branch_operator to 2024-10-28 00:00:00+00:00, run_after=2024-10-29 00:00:00+00:00
[2024-10-29T07:59:50.061+0000] {processor.py:208} INFO - Processing /home/airflow/.local/lib/python3.11/site-packages/airflow/example_dags/example_branch_day_of_week_operator.py took 0.043 seconds
[2024-10-29T08:00:20.358+0000] {processor.py:186} INFO - Started process (PID=48385) to work on /home/airflow/.local/lib/python3.11/site-packages/airflow/example_dags/example_branch_day_of_week_operator.py
[2024-10-29T08:00:20.359+0000] {processor.py:914} INFO - Processing file /home/airflow/.local/lib/python3.11/site-packages/airflow/example_dags/example_branch_day_of_week_operator.py for tasks to queue
[2024-10-29T08:00:20.360+0000] {logging_mixin.py:190} INFO - [2024-10-29T08:00:20.360+0000] {dagbag.py:588} INFO - Filling up the DagBag from /home/airflow/.local/lib/python3.11/site-packages/airflow/example_dags/example_branch_day_of_week_operator.py
[2024-10-29T08:00:20.365+0000] {processor.py:925} INFO - DAG(s) 'example_weekday_branch_operator' retrieved from /home/airflow/.local/lib/python3.11/site-packages/airflow/example_dags/example_branch_day_of_week_operator.py
[2024-10-29T08:00:20.375+0000] {logging_mixin.py:190} INFO - [2024-10-29T08:00:20.375+0000] {dag.py:3239} INFO - Sync 1 DAGs
[2024-10-29T08:00:20.386+0000] {logging_mixin.py:190} INFO - [2024-10-29T08:00:20.386+0000] {dag.py:4180} INFO - Setting next_dagrun for example_weekday_branch_operator to 2024-10-28 00:00:00+00:00, run_after=2024-10-29 00:00:00+00:00
[2024-10-29T08:00:20.394+0000] {processor.py:208} INFO - Processing /home/airflow/.local/lib/python3.11/site-packages/airflow/example_dags/example_branch_day_of_week_operator.py took 0.040 seconds
[2024-10-29T08:00:50.692+0000] {processor.py:186} INFO - Started process (PID=48448) to work on /home/airflow/.local/lib/python3.11/site-packages/airflow/example_dags/example_branch_day_of_week_operator.py
[2024-10-29T08:00:50.692+0000] {processor.py:914} INFO - Processing file /home/airflow/.local/lib/python3.11/site-packages/airflow/example_dags/example_branch_day_of_week_operator.py for tasks to queue
[2024-10-29T08:00:50.693+0000] {logging_mixin.py:190} INFO - [2024-10-29T08:00:50.693+0000] {dagbag.py:588} INFO - Filling up the DagBag from /home/airflow/.local/lib/python3.11/site-packages/airflow/example_dags/example_branch_day_of_week_operator.py
[2024-10-29T08:00:50.698+0000] {processor.py:925} INFO - DAG(s) 'example_weekday_branch_operator' retrieved from /home/airflow/.local/lib/python3.11/site-packages/airflow/example_dags/example_branch_day_of_week_operator.py
[2024-10-29T08:00:50.709+0000] {logging_mixin.py:190} INFO - [2024-10-29T08:00:50.709+0000] {dag.py:3239} INFO - Sync 1 DAGs
[2024-10-29T08:00:50.720+0000] {logging_mixin.py:190} INFO - [2024-10-29T08:00:50.720+0000] {dag.py:4180} INFO - Setting next_dagrun for example_weekday_branch_operator to 2024-10-28 00:00:00+00:00, run_after=2024-10-29 00:00:00+00:00
[2024-10-29T08:00:50.728+0000] {processor.py:208} INFO - Processing /home/airflow/.local/lib/python3.11/site-packages/airflow/example_dags/example_branch_day_of_week_operator.py took 0.040 seconds
[2024-10-29T08:01:21.518+0000] {processor.py:186} INFO - Started process (PID=48511) to work on /home/airflow/.local/lib/python3.11/site-packages/airflow/example_dags/example_branch_day_of_week_operator.py
[2024-10-29T08:01:21.519+0000] {processor.py:914} INFO - Processing file /home/airflow/.local/lib/python3.11/site-packages/airflow/example_dags/example_branch_day_of_week_operator.py for tasks to queue
[2024-10-29T08:01:21.521+0000] {logging_mixin.py:190} INFO - [2024-10-29T08:01:21.520+0000] {dagbag.py:588} INFO - Filling up the DagBag from /home/airflow/.local/lib/python3.11/site-packages/airflow/example_dags/example_branch_day_of_week_operator.py
[2024-10-29T08:01:21.526+0000] {processor.py:925} INFO - DAG(s) 'example_weekday_branch_operator' retrieved from /home/airflow/.local/lib/python3.11/site-packages/airflow/example_dags/example_branch_day_of_week_operator.py
[2024-10-29T08:01:21.537+0000] {logging_mixin.py:190} INFO - [2024-10-29T08:01:21.537+0000] {dag.py:3239} INFO - Sync 1 DAGs
[2024-10-29T08:01:21.549+0000] {logging_mixin.py:190} INFO - [2024-10-29T08:01:21.549+0000] {dag.py:4180} INFO - Setting next_dagrun for example_weekday_branch_operator to 2024-10-28 00:00:00+00:00, run_after=2024-10-29 00:00:00+00:00
[2024-10-29T08:01:21.557+0000] {processor.py:208} INFO - Processing /home/airflow/.local/lib/python3.11/site-packages/airflow/example_dags/example_branch_day_of_week_operator.py took 0.042 seconds
[2024-10-29T08:01:52.171+0000] {processor.py:186} INFO - Started process (PID=48574) to work on /home/airflow/.local/lib/python3.11/site-packages/airflow/example_dags/example_branch_day_of_week_operator.py
[2024-10-29T08:01:52.172+0000] {processor.py:914} INFO - Processing file /home/airflow/.local/lib/python3.11/site-packages/airflow/example_dags/example_branch_day_of_week_operator.py for tasks to queue
[2024-10-29T08:01:52.174+0000] {logging_mixin.py:190} INFO - [2024-10-29T08:01:52.174+0000] {dagbag.py:588} INFO - Filling up the DagBag from /home/airflow/.local/lib/python3.11/site-packages/airflow/example_dags/example_branch_day_of_week_operator.py
[2024-10-29T08:01:52.185+0000] {processor.py:925} INFO - DAG(s) 'example_weekday_branch_operator' retrieved from /home/airflow/.local/lib/python3.11/site-packages/airflow/example_dags/example_branch_day_of_week_operator.py
[2024-10-29T08:01:52.199+0000] {logging_mixin.py:190} INFO - [2024-10-29T08:01:52.198+0000] {dag.py:3239} INFO - Sync 1 DAGs
[2024-10-29T08:01:52.212+0000] {logging_mixin.py:190} INFO - [2024-10-29T08:01:52.212+0000] {dag.py:4180} INFO - Setting next_dagrun for example_weekday_branch_operator to 2024-10-28 00:00:00+00:00, run_after=2024-10-29 00:00:00+00:00
[2024-10-29T08:01:52.220+0000] {processor.py:208} INFO - Processing /home/airflow/.local/lib/python3.11/site-packages/airflow/example_dags/example_branch_day_of_week_operator.py took 0.053 seconds
[2024-10-29T08:02:23.008+0000] {processor.py:186} INFO - Started process (PID=48637) to work on /home/airflow/.local/lib/python3.11/site-packages/airflow/example_dags/example_branch_day_of_week_operator.py
[2024-10-29T08:02:23.009+0000] {processor.py:914} INFO - Processing file /home/airflow/.local/lib/python3.11/site-packages/airflow/example_dags/example_branch_day_of_week_operator.py for tasks to queue
[2024-10-29T08:02:23.011+0000] {logging_mixin.py:190} INFO - [2024-10-29T08:02:23.011+0000] {dagbag.py:588} INFO - Filling up the DagBag from /home/airflow/.local/lib/python3.11/site-packages/airflow/example_dags/example_branch_day_of_week_operator.py
[2024-10-29T08:02:23.017+0000] {processor.py:925} INFO - DAG(s) 'example_weekday_branch_operator' retrieved from /home/airflow/.local/lib/python3.11/site-packages/airflow/example_dags/example_branch_day_of_week_operator.py
[2024-10-29T08:02:23.027+0000] {logging_mixin.py:190} INFO - [2024-10-29T08:02:23.027+0000] {dag.py:3239} INFO - Sync 1 DAGs
[2024-10-29T08:02:23.040+0000] {logging_mixin.py:190} INFO - [2024-10-29T08:02:23.040+0000] {dag.py:4180} INFO - Setting next_dagrun for example_weekday_branch_operator to 2024-10-28 00:00:00+00:00, run_after=2024-10-29 00:00:00+00:00
[2024-10-29T08:02:23.049+0000] {processor.py:208} INFO - Processing /home/airflow/.local/lib/python3.11/site-packages/airflow/example_dags/example_branch_day_of_week_operator.py took 0.045 seconds
[2024-10-29T08:02:53.668+0000] {processor.py:186} INFO - Started process (PID=48700) to work on /home/airflow/.local/lib/python3.11/site-packages/airflow/example_dags/example_branch_day_of_week_operator.py
[2024-10-29T08:02:53.669+0000] {processor.py:914} INFO - Processing file /home/airflow/.local/lib/python3.11/site-packages/airflow/example_dags/example_branch_day_of_week_operator.py for tasks to queue
[2024-10-29T08:02:53.670+0000] {logging_mixin.py:190} INFO - [2024-10-29T08:02:53.670+0000] {dagbag.py:588} INFO - Filling up the DagBag from /home/airflow/.local/lib/python3.11/site-packages/airflow/example_dags/example_branch_day_of_week_operator.py
[2024-10-29T08:02:53.675+0000] {processor.py:925} INFO - DAG(s) 'example_weekday_branch_operator' retrieved from /home/airflow/.local/lib/python3.11/site-packages/airflow/example_dags/example_branch_day_of_week_operator.py
[2024-10-29T08:02:53.685+0000] {logging_mixin.py:190} INFO - [2024-10-29T08:02:53.685+0000] {dag.py:3239} INFO - Sync 1 DAGs
[2024-10-29T08:02:53.695+0000] {logging_mixin.py:190} INFO - [2024-10-29T08:02:53.695+0000] {dag.py:4180} INFO - Setting next_dagrun for example_weekday_branch_operator to 2024-10-28 00:00:00+00:00, run_after=2024-10-29 00:00:00+00:00
[2024-10-29T08:02:53.702+0000] {processor.py:208} INFO - Processing /home/airflow/.local/lib/python3.11/site-packages/airflow/example_dags/example_branch_day_of_week_operator.py took 0.037 seconds
[2024-10-29T08:03:24.150+0000] {processor.py:186} INFO - Started process (PID=48763) to work on /home/airflow/.local/lib/python3.11/site-packages/airflow/example_dags/example_branch_day_of_week_operator.py
[2024-10-29T08:03:24.151+0000] {processor.py:914} INFO - Processing file /home/airflow/.local/lib/python3.11/site-packages/airflow/example_dags/example_branch_day_of_week_operator.py for tasks to queue
[2024-10-29T08:03:24.153+0000] {logging_mixin.py:190} INFO - [2024-10-29T08:03:24.153+0000] {dagbag.py:588} INFO - Filling up the DagBag from /home/airflow/.local/lib/python3.11/site-packages/airflow/example_dags/example_branch_day_of_week_operator.py
[2024-10-29T08:03:24.158+0000] {processor.py:925} INFO - DAG(s) 'example_weekday_branch_operator' retrieved from /home/airflow/.local/lib/python3.11/site-packages/airflow/example_dags/example_branch_day_of_week_operator.py
[2024-10-29T08:03:24.169+0000] {logging_mixin.py:190} INFO - [2024-10-29T08:03:24.168+0000] {dag.py:3239} INFO - Sync 1 DAGs
[2024-10-29T08:03:24.180+0000] {logging_mixin.py:190} INFO - [2024-10-29T08:03:24.180+0000] {dag.py:4180} INFO - Setting next_dagrun for example_weekday_branch_operator to 2024-10-28 00:00:00+00:00, run_after=2024-10-29 00:00:00+00:00
[2024-10-29T08:03:24.188+0000] {processor.py:208} INFO - Processing /home/airflow/.local/lib/python3.11/site-packages/airflow/example_dags/example_branch_day_of_week_operator.py took 0.042 seconds
[2024-10-29T08:03:54.487+0000] {processor.py:186} INFO - Started process (PID=48826) to work on /home/airflow/.local/lib/python3.11/site-packages/airflow/example_dags/example_branch_day_of_week_operator.py
[2024-10-29T08:03:54.487+0000] {processor.py:914} INFO - Processing file /home/airflow/.local/lib/python3.11/site-packages/airflow/example_dags/example_branch_day_of_week_operator.py for tasks to queue
[2024-10-29T08:03:54.489+0000] {logging_mixin.py:190} INFO - [2024-10-29T08:03:54.488+0000] {dagbag.py:588} INFO - Filling up the DagBag from /home/airflow/.local/lib/python3.11/site-packages/airflow/example_dags/example_branch_day_of_week_operator.py
[2024-10-29T08:03:54.494+0000] {processor.py:925} INFO - DAG(s) 'example_weekday_branch_operator' retrieved from /home/airflow/.local/lib/python3.11/site-packages/airflow/example_dags/example_branch_day_of_week_operator.py
[2024-10-29T08:03:54.504+0000] {logging_mixin.py:190} INFO - [2024-10-29T08:03:54.504+0000] {dag.py:3239} INFO - Sync 1 DAGs
[2024-10-29T08:03:54.513+0000] {logging_mixin.py:190} INFO - [2024-10-29T08:03:54.513+0000] {dag.py:4180} INFO - Setting next_dagrun for example_weekday_branch_operator to 2024-10-28 00:00:00+00:00, run_after=2024-10-29 00:00:00+00:00
[2024-10-29T08:03:54.521+0000] {processor.py:208} INFO - Processing /home/airflow/.local/lib/python3.11/site-packages/airflow/example_dags/example_branch_day_of_week_operator.py took 0.037 seconds
[2024-10-29T08:04:25.049+0000] {processor.py:186} INFO - Started process (PID=48889) to work on /home/airflow/.local/lib/python3.11/site-packages/airflow/example_dags/example_branch_day_of_week_operator.py
[2024-10-29T08:04:25.049+0000] {processor.py:914} INFO - Processing file /home/airflow/.local/lib/python3.11/site-packages/airflow/example_dags/example_branch_day_of_week_operator.py for tasks to queue
[2024-10-29T08:04:25.051+0000] {logging_mixin.py:190} INFO - [2024-10-29T08:04:25.051+0000] {dagbag.py:588} INFO - Filling up the DagBag from /home/airflow/.local/lib/python3.11/site-packages/airflow/example_dags/example_branch_day_of_week_operator.py
[2024-10-29T08:04:25.057+0000] {processor.py:925} INFO - DAG(s) 'example_weekday_branch_operator' retrieved from /home/airflow/.local/lib/python3.11/site-packages/airflow/example_dags/example_branch_day_of_week_operator.py
[2024-10-29T08:04:25.067+0000] {logging_mixin.py:190} INFO - [2024-10-29T08:04:25.067+0000] {dag.py:3239} INFO - Sync 1 DAGs
[2024-10-29T08:04:25.079+0000] {logging_mixin.py:190} INFO - [2024-10-29T08:04:25.079+0000] {dag.py:4180} INFO - Setting next_dagrun for example_weekday_branch_operator to 2024-10-28 00:00:00+00:00, run_after=2024-10-29 00:00:00+00:00
[2024-10-29T08:04:25.087+0000] {processor.py:208} INFO - Processing /home/airflow/.local/lib/python3.11/site-packages/airflow/example_dags/example_branch_day_of_week_operator.py took 0.042 seconds
[2024-10-29T08:04:55.401+0000] {processor.py:186} INFO - Started process (PID=48951) to work on /home/airflow/.local/lib/python3.11/site-packages/airflow/example_dags/example_branch_day_of_week_operator.py
[2024-10-29T08:04:55.402+0000] {processor.py:914} INFO - Processing file /home/airflow/.local/lib/python3.11/site-packages/airflow/example_dags/example_branch_day_of_week_operator.py for tasks to queue
[2024-10-29T08:04:55.403+0000] {logging_mixin.py:190} INFO - [2024-10-29T08:04:55.403+0000] {dagbag.py:588} INFO - Filling up the DagBag from /home/airflow/.local/lib/python3.11/site-packages/airflow/example_dags/example_branch_day_of_week_operator.py
[2024-10-29T08:04:55.409+0000] {processor.py:925} INFO - DAG(s) 'example_weekday_branch_operator' retrieved from /home/airflow/.local/lib/python3.11/site-packages/airflow/example_dags/example_branch_day_of_week_operator.py
[2024-10-29T08:04:55.420+0000] {logging_mixin.py:190} INFO - [2024-10-29T08:04:55.419+0000] {dag.py:3239} INFO - Sync 1 DAGs
[2024-10-29T08:04:55.431+0000] {logging_mixin.py:190} INFO - [2024-10-29T08:04:55.431+0000] {dag.py:4180} INFO - Setting next_dagrun for example_weekday_branch_operator to 2024-10-28 00:00:00+00:00, run_after=2024-10-29 00:00:00+00:00
[2024-10-29T08:04:55.440+0000] {processor.py:208} INFO - Processing /home/airflow/.local/lib/python3.11/site-packages/airflow/example_dags/example_branch_day_of_week_operator.py took 0.042 seconds
[2024-10-29T08:05:26.077+0000] {processor.py:186} INFO - Started process (PID=49014) to work on /home/airflow/.local/lib/python3.11/site-packages/airflow/example_dags/example_branch_day_of_week_operator.py
[2024-10-29T08:05:26.079+0000] {processor.py:914} INFO - Processing file /home/airflow/.local/lib/python3.11/site-packages/airflow/example_dags/example_branch_day_of_week_operator.py for tasks to queue
[2024-10-29T08:05:26.081+0000] {logging_mixin.py:190} INFO - [2024-10-29T08:05:26.081+0000] {dagbag.py:588} INFO - Filling up the DagBag from /home/airflow/.local/lib/python3.11/site-packages/airflow/example_dags/example_branch_day_of_week_operator.py
[2024-10-29T08:05:26.088+0000] {processor.py:925} INFO - DAG(s) 'example_weekday_branch_operator' retrieved from /home/airflow/.local/lib/python3.11/site-packages/airflow/example_dags/example_branch_day_of_week_operator.py
[2024-10-29T08:05:26.099+0000] {logging_mixin.py:190} INFO - [2024-10-29T08:05:26.099+0000] {dag.py:3239} INFO - Sync 1 DAGs
[2024-10-29T08:05:26.116+0000] {logging_mixin.py:190} INFO - [2024-10-29T08:05:26.116+0000] {dag.py:4180} INFO - Setting next_dagrun for example_weekday_branch_operator to 2024-10-28 00:00:00+00:00, run_after=2024-10-29 00:00:00+00:00
[2024-10-29T08:05:26.127+0000] {processor.py:208} INFO - Processing /home/airflow/.local/lib/python3.11/site-packages/airflow/example_dags/example_branch_day_of_week_operator.py took 0.053 seconds
[2024-10-29T08:05:56.592+0000] {processor.py:186} INFO - Started process (PID=49077) to work on /home/airflow/.local/lib/python3.11/site-packages/airflow/example_dags/example_branch_day_of_week_operator.py
[2024-10-29T08:05:56.593+0000] {processor.py:914} INFO - Processing file /home/airflow/.local/lib/python3.11/site-packages/airflow/example_dags/example_branch_day_of_week_operator.py for tasks to queue
[2024-10-29T08:05:56.594+0000] {logging_mixin.py:190} INFO - [2024-10-29T08:05:56.594+0000] {dagbag.py:588} INFO - Filling up the DagBag from /home/airflow/.local/lib/python3.11/site-packages/airflow/example_dags/example_branch_day_of_week_operator.py
[2024-10-29T08:05:56.600+0000] {processor.py:925} INFO - DAG(s) 'example_weekday_branch_operator' retrieved from /home/airflow/.local/lib/python3.11/site-packages/airflow/example_dags/example_branch_day_of_week_operator.py
[2024-10-29T08:05:56.611+0000] {logging_mixin.py:190} INFO - [2024-10-29T08:05:56.611+0000] {dag.py:3239} INFO - Sync 1 DAGs
[2024-10-29T08:05:56.622+0000] {logging_mixin.py:190} INFO - [2024-10-29T08:05:56.622+0000] {dag.py:4180} INFO - Setting next_dagrun for example_weekday_branch_operator to 2024-10-28 00:00:00+00:00, run_after=2024-10-29 00:00:00+00:00
[2024-10-29T08:05:56.631+0000] {processor.py:208} INFO - Processing /home/airflow/.local/lib/python3.11/site-packages/airflow/example_dags/example_branch_day_of_week_operator.py took 0.043 seconds
[2024-10-29T08:06:26.969+0000] {processor.py:186} INFO - Started process (PID=49140) to work on /home/airflow/.local/lib/python3.11/site-packages/airflow/example_dags/example_branch_day_of_week_operator.py
[2024-10-29T08:06:26.970+0000] {processor.py:914} INFO - Processing file /home/airflow/.local/lib/python3.11/site-packages/airflow/example_dags/example_branch_day_of_week_operator.py for tasks to queue
[2024-10-29T08:06:26.972+0000] {logging_mixin.py:190} INFO - [2024-10-29T08:06:26.971+0000] {dagbag.py:588} INFO - Filling up the DagBag from /home/airflow/.local/lib/python3.11/site-packages/airflow/example_dags/example_branch_day_of_week_operator.py
[2024-10-29T08:06:26.977+0000] {processor.py:925} INFO - DAG(s) 'example_weekday_branch_operator' retrieved from /home/airflow/.local/lib/python3.11/site-packages/airflow/example_dags/example_branch_day_of_week_operator.py
[2024-10-29T08:06:26.988+0000] {logging_mixin.py:190} INFO - [2024-10-29T08:06:26.988+0000] {dag.py:3239} INFO - Sync 1 DAGs
[2024-10-29T08:06:26.999+0000] {logging_mixin.py:190} INFO - [2024-10-29T08:06:26.998+0000] {dag.py:4180} INFO - Setting next_dagrun for example_weekday_branch_operator to 2024-10-28 00:00:00+00:00, run_after=2024-10-29 00:00:00+00:00
[2024-10-29T08:06:27.008+0000] {processor.py:208} INFO - Processing /home/airflow/.local/lib/python3.11/site-packages/airflow/example_dags/example_branch_day_of_week_operator.py took 0.042 seconds
[2024-10-29T08:06:58.298+0000] {processor.py:186} INFO - Started process (PID=49203) to work on /home/airflow/.local/lib/python3.11/site-packages/airflow/example_dags/example_branch_day_of_week_operator.py
[2024-10-29T08:06:58.299+0000] {processor.py:914} INFO - Processing file /home/airflow/.local/lib/python3.11/site-packages/airflow/example_dags/example_branch_day_of_week_operator.py for tasks to queue
[2024-10-29T08:06:58.301+0000] {logging_mixin.py:190} INFO - [2024-10-29T08:06:58.300+0000] {dagbag.py:588} INFO - Filling up the DagBag from /home/airflow/.local/lib/python3.11/site-packages/airflow/example_dags/example_branch_day_of_week_operator.py
[2024-10-29T08:06:58.306+0000] {processor.py:925} INFO - DAG(s) 'example_weekday_branch_operator' retrieved from /home/airflow/.local/lib/python3.11/site-packages/airflow/example_dags/example_branch_day_of_week_operator.py
[2024-10-29T08:06:58.317+0000] {logging_mixin.py:190} INFO - [2024-10-29T08:06:58.317+0000] {dag.py:3239} INFO - Sync 1 DAGs
[2024-10-29T08:06:58.328+0000] {logging_mixin.py:190} INFO - [2024-10-29T08:06:58.328+0000] {dag.py:4180} INFO - Setting next_dagrun for example_weekday_branch_operator to 2024-10-28 00:00:00+00:00, run_after=2024-10-29 00:00:00+00:00
[2024-10-29T08:06:58.337+0000] {processor.py:208} INFO - Processing /home/airflow/.local/lib/python3.11/site-packages/airflow/example_dags/example_branch_day_of_week_operator.py took 0.043 seconds
[2024-10-29T08:07:29.110+0000] {processor.py:186} INFO - Started process (PID=49266) to work on /home/airflow/.local/lib/python3.11/site-packages/airflow/example_dags/example_branch_day_of_week_operator.py
[2024-10-29T08:07:29.111+0000] {processor.py:914} INFO - Processing file /home/airflow/.local/lib/python3.11/site-packages/airflow/example_dags/example_branch_day_of_week_operator.py for tasks to queue
[2024-10-29T08:07:29.112+0000] {logging_mixin.py:190} INFO - [2024-10-29T08:07:29.112+0000] {dagbag.py:588} INFO - Filling up the DagBag from /home/airflow/.local/lib/python3.11/site-packages/airflow/example_dags/example_branch_day_of_week_operator.py
[2024-10-29T08:07:29.118+0000] {processor.py:925} INFO - DAG(s) 'example_weekday_branch_operator' retrieved from /home/airflow/.local/lib/python3.11/site-packages/airflow/example_dags/example_branch_day_of_week_operator.py
[2024-10-29T08:07:29.128+0000] {logging_mixin.py:190} INFO - [2024-10-29T08:07:29.128+0000] {dag.py:3239} INFO - Sync 1 DAGs
[2024-10-29T08:07:29.139+0000] {logging_mixin.py:190} INFO - [2024-10-29T08:07:29.139+0000] {dag.py:4180} INFO - Setting next_dagrun for example_weekday_branch_operator to 2024-10-28 00:00:00+00:00, run_after=2024-10-29 00:00:00+00:00
[2024-10-29T08:07:29.157+0000] {processor.py:208} INFO - Processing /home/airflow/.local/lib/python3.11/site-packages/airflow/example_dags/example_branch_day_of_week_operator.py took 0.049 seconds
[2024-10-29T08:08:00.083+0000] {processor.py:186} INFO - Started process (PID=49329) to work on /home/airflow/.local/lib/python3.11/site-packages/airflow/example_dags/example_branch_day_of_week_operator.py
[2024-10-29T08:08:00.084+0000] {processor.py:914} INFO - Processing file /home/airflow/.local/lib/python3.11/site-packages/airflow/example_dags/example_branch_day_of_week_operator.py for tasks to queue
[2024-10-29T08:08:00.085+0000] {logging_mixin.py:190} INFO - [2024-10-29T08:08:00.085+0000] {dagbag.py:588} INFO - Filling up the DagBag from /home/airflow/.local/lib/python3.11/site-packages/airflow/example_dags/example_branch_day_of_week_operator.py
[2024-10-29T08:08:00.091+0000] {processor.py:925} INFO - DAG(s) 'example_weekday_branch_operator' retrieved from /home/airflow/.local/lib/python3.11/site-packages/airflow/example_dags/example_branch_day_of_week_operator.py
[2024-10-29T08:08:00.104+0000] {logging_mixin.py:190} INFO - [2024-10-29T08:08:00.104+0000] {dag.py:3239} INFO - Sync 1 DAGs
[2024-10-29T08:08:00.116+0000] {logging_mixin.py:190} INFO - [2024-10-29T08:08:00.116+0000] {dag.py:4180} INFO - Setting next_dagrun for example_weekday_branch_operator to 2024-10-28 00:00:00+00:00, run_after=2024-10-29 00:00:00+00:00
[2024-10-29T08:08:00.124+0000] {processor.py:208} INFO - Processing /home/airflow/.local/lib/python3.11/site-packages/airflow/example_dags/example_branch_day_of_week_operator.py took 0.045 seconds
[2024-10-29T08:08:31.266+0000] {processor.py:186} INFO - Started process (PID=49392) to work on /home/airflow/.local/lib/python3.11/site-packages/airflow/example_dags/example_branch_day_of_week_operator.py
[2024-10-29T08:08:31.269+0000] {processor.py:914} INFO - Processing file /home/airflow/.local/lib/python3.11/site-packages/airflow/example_dags/example_branch_day_of_week_operator.py for tasks to queue
[2024-10-29T08:08:31.272+0000] {logging_mixin.py:190} INFO - [2024-10-29T08:08:31.271+0000] {dagbag.py:588} INFO - Filling up the DagBag from /home/airflow/.local/lib/python3.11/site-packages/airflow/example_dags/example_branch_day_of_week_operator.py
[2024-10-29T08:08:31.281+0000] {processor.py:925} INFO - DAG(s) 'example_weekday_branch_operator' retrieved from /home/airflow/.local/lib/python3.11/site-packages/airflow/example_dags/example_branch_day_of_week_operator.py
[2024-10-29T08:08:31.295+0000] {logging_mixin.py:190} INFO - [2024-10-29T08:08:31.295+0000] {dag.py:3239} INFO - Sync 1 DAGs
[2024-10-29T08:08:31.309+0000] {logging_mixin.py:190} INFO - [2024-10-29T08:08:31.309+0000] {dag.py:4180} INFO - Setting next_dagrun for example_weekday_branch_operator to 2024-10-28 00:00:00+00:00, run_after=2024-10-29 00:00:00+00:00
[2024-10-29T08:08:31.320+0000] {processor.py:208} INFO - Processing /home/airflow/.local/lib/python3.11/site-packages/airflow/example_dags/example_branch_day_of_week_operator.py took 0.068 seconds
[2024-10-29T08:09:02.374+0000] {processor.py:186} INFO - Started process (PID=49454) to work on /home/airflow/.local/lib/python3.11/site-packages/airflow/example_dags/example_branch_day_of_week_operator.py
[2024-10-29T08:09:02.375+0000] {processor.py:914} INFO - Processing file /home/airflow/.local/lib/python3.11/site-packages/airflow/example_dags/example_branch_day_of_week_operator.py for tasks to queue
[2024-10-29T08:09:02.377+0000] {logging_mixin.py:190} INFO - [2024-10-29T08:09:02.377+0000] {dagbag.py:588} INFO - Filling up the DagBag from /home/airflow/.local/lib/python3.11/site-packages/airflow/example_dags/example_branch_day_of_week_operator.py
[2024-10-29T08:09:02.385+0000] {processor.py:925} INFO - DAG(s) 'example_weekday_branch_operator' retrieved from /home/airflow/.local/lib/python3.11/site-packages/airflow/example_dags/example_branch_day_of_week_operator.py
[2024-10-29T08:09:02.403+0000] {logging_mixin.py:190} INFO - [2024-10-29T08:09:02.403+0000] {dag.py:3239} INFO - Sync 1 DAGs
[2024-10-29T08:09:02.420+0000] {logging_mixin.py:190} INFO - [2024-10-29T08:09:02.420+0000] {dag.py:4180} INFO - Setting next_dagrun for example_weekday_branch_operator to 2024-10-28 00:00:00+00:00, run_after=2024-10-29 00:00:00+00:00
[2024-10-29T08:09:02.430+0000] {processor.py:208} INFO - Processing /home/airflow/.local/lib/python3.11/site-packages/airflow/example_dags/example_branch_day_of_week_operator.py took 0.061 seconds
[2024-10-29T08:09:32.450+0000] {processor.py:186} INFO - Started process (PID=49516) to work on /home/airflow/.local/lib/python3.11/site-packages/airflow/example_dags/example_branch_day_of_week_operator.py
[2024-10-29T08:09:32.451+0000] {processor.py:914} INFO - Processing file /home/airflow/.local/lib/python3.11/site-packages/airflow/example_dags/example_branch_day_of_week_operator.py for tasks to queue
[2024-10-29T08:09:32.453+0000] {logging_mixin.py:190} INFO - [2024-10-29T08:09:32.453+0000] {dagbag.py:588} INFO - Filling up the DagBag from /home/airflow/.local/lib/python3.11/site-packages/airflow/example_dags/example_branch_day_of_week_operator.py
[2024-10-29T08:09:32.461+0000] {processor.py:925} INFO - DAG(s) 'example_weekday_branch_operator' retrieved from /home/airflow/.local/lib/python3.11/site-packages/airflow/example_dags/example_branch_day_of_week_operator.py
[2024-10-29T08:09:32.478+0000] {logging_mixin.py:190} INFO - [2024-10-29T08:09:32.477+0000] {dag.py:3239} INFO - Sync 1 DAGs
[2024-10-29T08:09:32.493+0000] {logging_mixin.py:190} INFO - [2024-10-29T08:09:32.493+0000] {dag.py:4180} INFO - Setting next_dagrun for example_weekday_branch_operator to 2024-10-28 00:00:00+00:00, run_after=2024-10-29 00:00:00+00:00
[2024-10-29T08:09:32.502+0000] {processor.py:208} INFO - Processing /home/airflow/.local/lib/python3.11/site-packages/airflow/example_dags/example_branch_day_of_week_operator.py took 0.055 seconds
[2024-10-29T08:10:03.381+0000] {processor.py:186} INFO - Started process (PID=49579) to work on /home/airflow/.local/lib/python3.11/site-packages/airflow/example_dags/example_branch_day_of_week_operator.py
[2024-10-29T08:10:03.382+0000] {processor.py:914} INFO - Processing file /home/airflow/.local/lib/python3.11/site-packages/airflow/example_dags/example_branch_day_of_week_operator.py for tasks to queue
[2024-10-29T08:10:03.385+0000] {logging_mixin.py:190} INFO - [2024-10-29T08:10:03.385+0000] {dagbag.py:588} INFO - Filling up the DagBag from /home/airflow/.local/lib/python3.11/site-packages/airflow/example_dags/example_branch_day_of_week_operator.py
[2024-10-29T08:10:03.396+0000] {processor.py:925} INFO - DAG(s) 'example_weekday_branch_operator' retrieved from /home/airflow/.local/lib/python3.11/site-packages/airflow/example_dags/example_branch_day_of_week_operator.py
[2024-10-29T08:10:03.410+0000] {logging_mixin.py:190} INFO - [2024-10-29T08:10:03.410+0000] {dag.py:3239} INFO - Sync 1 DAGs
[2024-10-29T08:10:03.424+0000] {logging_mixin.py:190} INFO - [2024-10-29T08:10:03.423+0000] {dag.py:4180} INFO - Setting next_dagrun for example_weekday_branch_operator to 2024-10-28 00:00:00+00:00, run_after=2024-10-29 00:00:00+00:00
[2024-10-29T08:10:03.434+0000] {processor.py:208} INFO - Processing /home/airflow/.local/lib/python3.11/site-packages/airflow/example_dags/example_branch_day_of_week_operator.py took 0.058 seconds
[2024-10-29T08:10:34.794+0000] {processor.py:186} INFO - Started process (PID=49642) to work on /home/airflow/.local/lib/python3.11/site-packages/airflow/example_dags/example_branch_day_of_week_operator.py
[2024-10-29T08:10:34.799+0000] {processor.py:914} INFO - Processing file /home/airflow/.local/lib/python3.11/site-packages/airflow/example_dags/example_branch_day_of_week_operator.py for tasks to queue
[2024-10-29T08:10:34.808+0000] {logging_mixin.py:190} INFO - [2024-10-29T08:10:34.806+0000] {dagbag.py:588} INFO - Filling up the DagBag from /home/airflow/.local/lib/python3.11/site-packages/airflow/example_dags/example_branch_day_of_week_operator.py
[2024-10-29T08:10:34.916+0000] {processor.py:925} INFO - DAG(s) 'example_weekday_branch_operator' retrieved from /home/airflow/.local/lib/python3.11/site-packages/airflow/example_dags/example_branch_day_of_week_operator.py
[2024-10-29T08:10:35.437+0000] {logging_mixin.py:190} INFO - [2024-10-29T08:10:35.427+0000] {dag.py:3239} INFO - Sync 1 DAGs
[2024-10-29T08:10:35.591+0000] {logging_mixin.py:190} INFO - [2024-10-29T08:10:35.590+0000] {dag.py:4180} INFO - Setting next_dagrun for example_weekday_branch_operator to 2024-10-28 00:00:00+00:00, run_after=2024-10-29 00:00:00+00:00
[2024-10-29T08:10:35.628+0000] {processor.py:208} INFO - Processing /home/airflow/.local/lib/python3.11/site-packages/airflow/example_dags/example_branch_day_of_week_operator.py took 0.884 seconds
[2024-10-29T18:53:09.555+0000] {processor.py:186} INFO - Started process (PID=80) to work on /home/airflow/.local/lib/python3.11/site-packages/airflow/example_dags/example_branch_day_of_week_operator.py
[2024-10-29T18:53:09.558+0000] {processor.py:914} INFO - Processing file /home/airflow/.local/lib/python3.11/site-packages/airflow/example_dags/example_branch_day_of_week_operator.py for tasks to queue
[2024-10-29T18:53:09.563+0000] {logging_mixin.py:190} INFO - [2024-10-29T18:53:09.562+0000] {dagbag.py:588} INFO - Filling up the DagBag from /home/airflow/.local/lib/python3.11/site-packages/airflow/example_dags/example_branch_day_of_week_operator.py
[2024-10-29T18:53:09.581+0000] {processor.py:925} INFO - DAG(s) 'example_weekday_branch_operator' retrieved from /home/airflow/.local/lib/python3.11/site-packages/airflow/example_dags/example_branch_day_of_week_operator.py
[2024-10-29T18:53:09.629+0000] {logging_mixin.py:190} INFO - [2024-10-29T18:53:09.628+0000] {dag.py:3239} INFO - Sync 1 DAGs
[2024-10-29T18:53:10.079+0000] {logging_mixin.py:190} INFO - [2024-10-29T18:53:10.078+0000] {dag.py:4180} INFO - Setting next_dagrun for example_weekday_branch_operator to 2024-10-28 00:00:00+00:00, run_after=2024-10-29 00:00:00+00:00
[2024-10-29T18:53:10.117+0000] {processor.py:208} INFO - Processing /home/airflow/.local/lib/python3.11/site-packages/airflow/example_dags/example_branch_day_of_week_operator.py took 0.581 seconds
[2024-10-29T18:53:43.322+0000] {processor.py:186} INFO - Started process (PID=148) to work on /home/airflow/.local/lib/python3.11/site-packages/airflow/example_dags/example_branch_day_of_week_operator.py
[2024-10-29T18:53:43.327+0000] {processor.py:914} INFO - Processing file /home/airflow/.local/lib/python3.11/site-packages/airflow/example_dags/example_branch_day_of_week_operator.py for tasks to queue
[2024-10-29T18:53:43.343+0000] {logging_mixin.py:190} INFO - [2024-10-29T18:53:43.337+0000] {dagbag.py:588} INFO - Filling up the DagBag from /home/airflow/.local/lib/python3.11/site-packages/airflow/example_dags/example_branch_day_of_week_operator.py
[2024-10-29T18:53:43.378+0000] {processor.py:925} INFO - DAG(s) 'example_weekday_branch_operator' retrieved from /home/airflow/.local/lib/python3.11/site-packages/airflow/example_dags/example_branch_day_of_week_operator.py
[2024-10-29T18:53:43.473+0000] {logging_mixin.py:190} INFO - [2024-10-29T18:53:43.471+0000] {dag.py:3239} INFO - Sync 1 DAGs
[2024-10-29T18:53:44.321+0000] {logging_mixin.py:190} INFO - [2024-10-29T18:53:44.320+0000] {dag.py:4180} INFO - Setting next_dagrun for example_weekday_branch_operator to 2024-10-28 00:00:00+00:00, run_after=2024-10-29 00:00:00+00:00
[2024-10-29T18:53:44.388+0000] {processor.py:208} INFO - Processing /home/airflow/.local/lib/python3.11/site-packages/airflow/example_dags/example_branch_day_of_week_operator.py took 1.076 seconds
[2024-10-29T18:54:28.099+0000] {processor.py:186} INFO - Started process (PID=211) to work on /home/airflow/.local/lib/python3.11/site-packages/airflow/example_dags/example_branch_day_of_week_operator.py
[2024-10-29T18:54:28.125+0000] {processor.py:914} INFO - Processing file /home/airflow/.local/lib/python3.11/site-packages/airflow/example_dags/example_branch_day_of_week_operator.py for tasks to queue
[2024-10-29T18:54:28.144+0000] {logging_mixin.py:190} INFO - [2024-10-29T18:54:28.141+0000] {dagbag.py:588} INFO - Filling up the DagBag from /home/airflow/.local/lib/python3.11/site-packages/airflow/example_dags/example_branch_day_of_week_operator.py
[2024-10-29T18:54:28.196+0000] {processor.py:925} INFO - DAG(s) 'example_weekday_branch_operator' retrieved from /home/airflow/.local/lib/python3.11/site-packages/airflow/example_dags/example_branch_day_of_week_operator.py
[2024-10-29T18:54:28.237+0000] {logging_mixin.py:190} INFO - [2024-10-29T18:54:28.236+0000] {dag.py:3239} INFO - Sync 1 DAGs
[2024-10-29T18:54:28.826+0000] {logging_mixin.py:190} INFO - [2024-10-29T18:54:28.826+0000] {dag.py:4180} INFO - Setting next_dagrun for example_weekday_branch_operator to 2024-10-28 00:00:00+00:00, run_after=2024-10-29 00:00:00+00:00
[2024-10-29T18:54:28.866+0000] {processor.py:208} INFO - Processing /home/airflow/.local/lib/python3.11/site-packages/airflow/example_dags/example_branch_day_of_week_operator.py took 0.804 seconds
[2024-10-29T18:55:12.525+0000] {processor.py:186} INFO - Started process (PID=273) to work on /home/airflow/.local/lib/python3.11/site-packages/airflow/example_dags/example_branch_day_of_week_operator.py
[2024-10-29T18:55:12.536+0000] {processor.py:914} INFO - Processing file /home/airflow/.local/lib/python3.11/site-packages/airflow/example_dags/example_branch_day_of_week_operator.py for tasks to queue
[2024-10-29T18:55:12.576+0000] {logging_mixin.py:190} INFO - [2024-10-29T18:55:12.576+0000] {dagbag.py:588} INFO - Filling up the DagBag from /home/airflow/.local/lib/python3.11/site-packages/airflow/example_dags/example_branch_day_of_week_operator.py
[2024-10-29T18:55:12.668+0000] {processor.py:925} INFO - DAG(s) 'example_weekday_branch_operator' retrieved from /home/airflow/.local/lib/python3.11/site-packages/airflow/example_dags/example_branch_day_of_week_operator.py
[2024-10-29T18:55:12.877+0000] {logging_mixin.py:190} INFO - [2024-10-29T18:55:12.876+0000] {dag.py:3239} INFO - Sync 1 DAGs
[2024-10-29T18:55:13.041+0000] {logging_mixin.py:190} INFO - [2024-10-29T18:55:13.041+0000] {dag.py:4180} INFO - Setting next_dagrun for example_weekday_branch_operator to 2024-10-28 00:00:00+00:00, run_after=2024-10-29 00:00:00+00:00
[2024-10-29T18:55:15.967+0000] {processor.py:208} INFO - Processing /home/airflow/.local/lib/python3.11/site-packages/airflow/example_dags/example_branch_day_of_week_operator.py took 3.481 seconds
[2024-10-29T18:55:47.596+0000] {processor.py:186} INFO - Started process (PID=341) to work on /home/airflow/.local/lib/python3.11/site-packages/airflow/example_dags/example_branch_day_of_week_operator.py
[2024-10-29T18:55:47.598+0000] {processor.py:914} INFO - Processing file /home/airflow/.local/lib/python3.11/site-packages/airflow/example_dags/example_branch_day_of_week_operator.py for tasks to queue
[2024-10-29T18:55:47.599+0000] {logging_mixin.py:190} INFO - [2024-10-29T18:55:47.599+0000] {dagbag.py:588} INFO - Filling up the DagBag from /home/airflow/.local/lib/python3.11/site-packages/airflow/example_dags/example_branch_day_of_week_operator.py
[2024-10-29T18:55:47.606+0000] {processor.py:925} INFO - DAG(s) 'example_weekday_branch_operator' retrieved from /home/airflow/.local/lib/python3.11/site-packages/airflow/example_dags/example_branch_day_of_week_operator.py
[2024-10-29T18:55:47.619+0000] {logging_mixin.py:190} INFO - [2024-10-29T18:55:47.619+0000] {dag.py:3239} INFO - Sync 1 DAGs
[2024-10-29T18:55:47.634+0000] {logging_mixin.py:190} INFO - [2024-10-29T18:55:47.634+0000] {dag.py:4180} INFO - Setting next_dagrun for example_weekday_branch_operator to 2024-10-28 00:00:00+00:00, run_after=2024-10-29 00:00:00+00:00
[2024-10-29T18:55:47.648+0000] {processor.py:208} INFO - Processing /home/airflow/.local/lib/python3.11/site-packages/airflow/example_dags/example_branch_day_of_week_operator.py took 0.055 seconds
[2024-10-29T18:56:18.658+0000] {processor.py:186} INFO - Started process (PID=404) to work on /home/airflow/.local/lib/python3.11/site-packages/airflow/example_dags/example_branch_day_of_week_operator.py
[2024-10-29T18:56:18.658+0000] {processor.py:914} INFO - Processing file /home/airflow/.local/lib/python3.11/site-packages/airflow/example_dags/example_branch_day_of_week_operator.py for tasks to queue
[2024-10-29T18:56:18.660+0000] {logging_mixin.py:190} INFO - [2024-10-29T18:56:18.660+0000] {dagbag.py:588} INFO - Filling up the DagBag from /home/airflow/.local/lib/python3.11/site-packages/airflow/example_dags/example_branch_day_of_week_operator.py
[2024-10-29T18:56:18.666+0000] {processor.py:925} INFO - DAG(s) 'example_weekday_branch_operator' retrieved from /home/airflow/.local/lib/python3.11/site-packages/airflow/example_dags/example_branch_day_of_week_operator.py
[2024-10-29T18:56:18.677+0000] {logging_mixin.py:190} INFO - [2024-10-29T18:56:18.677+0000] {dag.py:3239} INFO - Sync 1 DAGs
[2024-10-29T18:56:18.691+0000] {logging_mixin.py:190} INFO - [2024-10-29T18:56:18.691+0000] {dag.py:4180} INFO - Setting next_dagrun for example_weekday_branch_operator to 2024-10-28 00:00:00+00:00, run_after=2024-10-29 00:00:00+00:00
[2024-10-29T18:56:18.700+0000] {processor.py:208} INFO - Processing /home/airflow/.local/lib/python3.11/site-packages/airflow/example_dags/example_branch_day_of_week_operator.py took 0.046 seconds
[2024-10-29T18:56:49.442+0000] {processor.py:186} INFO - Started process (PID=467) to work on /home/airflow/.local/lib/python3.11/site-packages/airflow/example_dags/example_branch_day_of_week_operator.py
[2024-10-29T18:56:49.443+0000] {processor.py:914} INFO - Processing file /home/airflow/.local/lib/python3.11/site-packages/airflow/example_dags/example_branch_day_of_week_operator.py for tasks to queue
[2024-10-29T18:56:49.444+0000] {logging_mixin.py:190} INFO - [2024-10-29T18:56:49.444+0000] {dagbag.py:588} INFO - Filling up the DagBag from /home/airflow/.local/lib/python3.11/site-packages/airflow/example_dags/example_branch_day_of_week_operator.py
[2024-10-29T18:56:49.449+0000] {processor.py:925} INFO - DAG(s) 'example_weekday_branch_operator' retrieved from /home/airflow/.local/lib/python3.11/site-packages/airflow/example_dags/example_branch_day_of_week_operator.py
[2024-10-29T18:56:49.462+0000] {logging_mixin.py:190} INFO - [2024-10-29T18:56:49.462+0000] {dag.py:3239} INFO - Sync 1 DAGs
[2024-10-29T18:56:49.473+0000] {logging_mixin.py:190} INFO - [2024-10-29T18:56:49.473+0000] {dag.py:4180} INFO - Setting next_dagrun for example_weekday_branch_operator to 2024-10-28 00:00:00+00:00, run_after=2024-10-29 00:00:00+00:00
[2024-10-29T18:56:49.481+0000] {processor.py:208} INFO - Processing /home/airflow/.local/lib/python3.11/site-packages/airflow/example_dags/example_branch_day_of_week_operator.py took 0.043 seconds
[2024-10-29T18:57:20.004+0000] {processor.py:186} INFO - Started process (PID=530) to work on /home/airflow/.local/lib/python3.11/site-packages/airflow/example_dags/example_branch_day_of_week_operator.py
[2024-10-29T18:57:20.006+0000] {processor.py:914} INFO - Processing file /home/airflow/.local/lib/python3.11/site-packages/airflow/example_dags/example_branch_day_of_week_operator.py for tasks to queue
[2024-10-29T18:57:20.009+0000] {logging_mixin.py:190} INFO - [2024-10-29T18:57:20.008+0000] {dagbag.py:588} INFO - Filling up the DagBag from /home/airflow/.local/lib/python3.11/site-packages/airflow/example_dags/example_branch_day_of_week_operator.py
[2024-10-29T18:57:20.017+0000] {processor.py:925} INFO - DAG(s) 'example_weekday_branch_operator' retrieved from /home/airflow/.local/lib/python3.11/site-packages/airflow/example_dags/example_branch_day_of_week_operator.py
[2024-10-29T18:57:20.029+0000] {logging_mixin.py:190} INFO - [2024-10-29T18:57:20.029+0000] {dag.py:3239} INFO - Sync 1 DAGs
[2024-10-29T18:57:20.041+0000] {logging_mixin.py:190} INFO - [2024-10-29T18:57:20.041+0000] {dag.py:4180} INFO - Setting next_dagrun for example_weekday_branch_operator to 2024-10-28 00:00:00+00:00, run_after=2024-10-29 00:00:00+00:00
[2024-10-29T18:57:20.054+0000] {processor.py:208} INFO - Processing /home/airflow/.local/lib/python3.11/site-packages/airflow/example_dags/example_branch_day_of_week_operator.py took 0.055 seconds
[2024-10-29T18:57:50.883+0000] {processor.py:186} INFO - Started process (PID=593) to work on /home/airflow/.local/lib/python3.11/site-packages/airflow/example_dags/example_branch_day_of_week_operator.py
[2024-10-29T18:57:50.884+0000] {processor.py:914} INFO - Processing file /home/airflow/.local/lib/python3.11/site-packages/airflow/example_dags/example_branch_day_of_week_operator.py for tasks to queue
[2024-10-29T18:57:50.885+0000] {logging_mixin.py:190} INFO - [2024-10-29T18:57:50.885+0000] {dagbag.py:588} INFO - Filling up the DagBag from /home/airflow/.local/lib/python3.11/site-packages/airflow/example_dags/example_branch_day_of_week_operator.py
[2024-10-29T18:57:50.891+0000] {processor.py:925} INFO - DAG(s) 'example_weekday_branch_operator' retrieved from /home/airflow/.local/lib/python3.11/site-packages/airflow/example_dags/example_branch_day_of_week_operator.py
[2024-10-29T18:57:50.904+0000] {logging_mixin.py:190} INFO - [2024-10-29T18:57:50.904+0000] {dag.py:3239} INFO - Sync 1 DAGs
[2024-10-29T18:57:50.917+0000] {logging_mixin.py:190} INFO - [2024-10-29T18:57:50.917+0000] {dag.py:4180} INFO - Setting next_dagrun for example_weekday_branch_operator to 2024-10-28 00:00:00+00:00, run_after=2024-10-29 00:00:00+00:00
[2024-10-29T18:57:50.925+0000] {processor.py:208} INFO - Processing /home/airflow/.local/lib/python3.11/site-packages/airflow/example_dags/example_branch_day_of_week_operator.py took 0.046 seconds
[2024-10-29T18:58:21.722+0000] {processor.py:186} INFO - Started process (PID=656) to work on /home/airflow/.local/lib/python3.11/site-packages/airflow/example_dags/example_branch_day_of_week_operator.py
[2024-10-29T18:58:21.723+0000] {processor.py:914} INFO - Processing file /home/airflow/.local/lib/python3.11/site-packages/airflow/example_dags/example_branch_day_of_week_operator.py for tasks to queue
[2024-10-29T18:58:21.725+0000] {logging_mixin.py:190} INFO - [2024-10-29T18:58:21.725+0000] {dagbag.py:588} INFO - Filling up the DagBag from /home/airflow/.local/lib/python3.11/site-packages/airflow/example_dags/example_branch_day_of_week_operator.py
[2024-10-29T18:58:21.732+0000] {processor.py:925} INFO - DAG(s) 'example_weekday_branch_operator' retrieved from /home/airflow/.local/lib/python3.11/site-packages/airflow/example_dags/example_branch_day_of_week_operator.py
[2024-10-29T18:58:21.743+0000] {logging_mixin.py:190} INFO - [2024-10-29T18:58:21.743+0000] {dag.py:3239} INFO - Sync 1 DAGs
[2024-10-29T18:58:21.755+0000] {logging_mixin.py:190} INFO - [2024-10-29T18:58:21.755+0000] {dag.py:4180} INFO - Setting next_dagrun for example_weekday_branch_operator to 2024-10-28 00:00:00+00:00, run_after=2024-10-29 00:00:00+00:00
[2024-10-29T18:58:21.763+0000] {processor.py:208} INFO - Processing /home/airflow/.local/lib/python3.11/site-packages/airflow/example_dags/example_branch_day_of_week_operator.py took 0.046 seconds
[2024-10-29T18:58:51.936+0000] {processor.py:186} INFO - Started process (PID=719) to work on /home/airflow/.local/lib/python3.11/site-packages/airflow/example_dags/example_branch_day_of_week_operator.py
[2024-10-29T18:58:51.937+0000] {processor.py:914} INFO - Processing file /home/airflow/.local/lib/python3.11/site-packages/airflow/example_dags/example_branch_day_of_week_operator.py for tasks to queue
[2024-10-29T18:58:51.939+0000] {logging_mixin.py:190} INFO - [2024-10-29T18:58:51.938+0000] {dagbag.py:588} INFO - Filling up the DagBag from /home/airflow/.local/lib/python3.11/site-packages/airflow/example_dags/example_branch_day_of_week_operator.py
[2024-10-29T18:58:51.946+0000] {processor.py:925} INFO - DAG(s) 'example_weekday_branch_operator' retrieved from /home/airflow/.local/lib/python3.11/site-packages/airflow/example_dags/example_branch_day_of_week_operator.py
[2024-10-29T18:58:51.957+0000] {logging_mixin.py:190} INFO - [2024-10-29T18:58:51.957+0000] {dag.py:3239} INFO - Sync 1 DAGs
[2024-10-29T18:58:51.969+0000] {logging_mixin.py:190} INFO - [2024-10-29T18:58:51.969+0000] {dag.py:4180} INFO - Setting next_dagrun for example_weekday_branch_operator to 2024-10-28 00:00:00+00:00, run_after=2024-10-29 00:00:00+00:00
[2024-10-29T18:58:51.980+0000] {processor.py:208} INFO - Processing /home/airflow/.local/lib/python3.11/site-packages/airflow/example_dags/example_branch_day_of_week_operator.py took 0.048 seconds
[2024-10-29T18:59:22.299+0000] {processor.py:186} INFO - Started process (PID=782) to work on /home/airflow/.local/lib/python3.11/site-packages/airflow/example_dags/example_branch_day_of_week_operator.py
[2024-10-29T18:59:22.299+0000] {processor.py:914} INFO - Processing file /home/airflow/.local/lib/python3.11/site-packages/airflow/example_dags/example_branch_day_of_week_operator.py for tasks to queue
[2024-10-29T18:59:22.301+0000] {logging_mixin.py:190} INFO - [2024-10-29T18:59:22.301+0000] {dagbag.py:588} INFO - Filling up the DagBag from /home/airflow/.local/lib/python3.11/site-packages/airflow/example_dags/example_branch_day_of_week_operator.py
[2024-10-29T18:59:22.306+0000] {processor.py:925} INFO - DAG(s) 'example_weekday_branch_operator' retrieved from /home/airflow/.local/lib/python3.11/site-packages/airflow/example_dags/example_branch_day_of_week_operator.py
[2024-10-29T18:59:22.317+0000] {logging_mixin.py:190} INFO - [2024-10-29T18:59:22.317+0000] {dag.py:3239} INFO - Sync 1 DAGs
[2024-10-29T18:59:22.328+0000] {logging_mixin.py:190} INFO - [2024-10-29T18:59:22.328+0000] {dag.py:4180} INFO - Setting next_dagrun for example_weekday_branch_operator to 2024-10-28 00:00:00+00:00, run_after=2024-10-29 00:00:00+00:00
[2024-10-29T18:59:22.337+0000] {processor.py:208} INFO - Processing /home/airflow/.local/lib/python3.11/site-packages/airflow/example_dags/example_branch_day_of_week_operator.py took 0.041 seconds
[2024-10-29T18:59:52.801+0000] {processor.py:186} INFO - Started process (PID=844) to work on /home/airflow/.local/lib/python3.11/site-packages/airflow/example_dags/example_branch_day_of_week_operator.py
[2024-10-29T18:59:52.802+0000] {processor.py:914} INFO - Processing file /home/airflow/.local/lib/python3.11/site-packages/airflow/example_dags/example_branch_day_of_week_operator.py for tasks to queue
[2024-10-29T18:59:52.803+0000] {logging_mixin.py:190} INFO - [2024-10-29T18:59:52.803+0000] {dagbag.py:588} INFO - Filling up the DagBag from /home/airflow/.local/lib/python3.11/site-packages/airflow/example_dags/example_branch_day_of_week_operator.py
[2024-10-29T18:59:52.810+0000] {processor.py:925} INFO - DAG(s) 'example_weekday_branch_operator' retrieved from /home/airflow/.local/lib/python3.11/site-packages/airflow/example_dags/example_branch_day_of_week_operator.py
[2024-10-29T18:59:52.830+0000] {logging_mixin.py:190} INFO - [2024-10-29T18:59:52.830+0000] {dag.py:3239} INFO - Sync 1 DAGs
[2024-10-29T18:59:52.848+0000] {logging_mixin.py:190} INFO - [2024-10-29T18:59:52.848+0000] {dag.py:4180} INFO - Setting next_dagrun for example_weekday_branch_operator to 2024-10-28 00:00:00+00:00, run_after=2024-10-29 00:00:00+00:00
[2024-10-29T18:59:52.864+0000] {processor.py:208} INFO - Processing /home/airflow/.local/lib/python3.11/site-packages/airflow/example_dags/example_branch_day_of_week_operator.py took 0.067 seconds
[2024-10-29T19:00:23.134+0000] {processor.py:186} INFO - Started process (PID=907) to work on /home/airflow/.local/lib/python3.11/site-packages/airflow/example_dags/example_branch_day_of_week_operator.py
[2024-10-29T19:00:23.135+0000] {processor.py:914} INFO - Processing file /home/airflow/.local/lib/python3.11/site-packages/airflow/example_dags/example_branch_day_of_week_operator.py for tasks to queue
[2024-10-29T19:00:23.136+0000] {logging_mixin.py:190} INFO - [2024-10-29T19:00:23.136+0000] {dagbag.py:588} INFO - Filling up the DagBag from /home/airflow/.local/lib/python3.11/site-packages/airflow/example_dags/example_branch_day_of_week_operator.py
[2024-10-29T19:00:23.142+0000] {processor.py:925} INFO - DAG(s) 'example_weekday_branch_operator' retrieved from /home/airflow/.local/lib/python3.11/site-packages/airflow/example_dags/example_branch_day_of_week_operator.py
[2024-10-29T19:00:23.152+0000] {logging_mixin.py:190} INFO - [2024-10-29T19:00:23.152+0000] {dag.py:3239} INFO - Sync 1 DAGs
[2024-10-29T19:00:23.164+0000] {logging_mixin.py:190} INFO - [2024-10-29T19:00:23.164+0000] {dag.py:4180} INFO - Setting next_dagrun for example_weekday_branch_operator to 2024-10-28 00:00:00+00:00, run_after=2024-10-29 00:00:00+00:00
[2024-10-29T19:00:23.172+0000] {processor.py:208} INFO - Processing /home/airflow/.local/lib/python3.11/site-packages/airflow/example_dags/example_branch_day_of_week_operator.py took 0.041 seconds
[2024-10-29T19:00:53.910+0000] {processor.py:186} INFO - Started process (PID=970) to work on /home/airflow/.local/lib/python3.11/site-packages/airflow/example_dags/example_branch_day_of_week_operator.py
[2024-10-29T19:00:53.911+0000] {processor.py:914} INFO - Processing file /home/airflow/.local/lib/python3.11/site-packages/airflow/example_dags/example_branch_day_of_week_operator.py for tasks to queue
[2024-10-29T19:00:53.912+0000] {logging_mixin.py:190} INFO - [2024-10-29T19:00:53.912+0000] {dagbag.py:588} INFO - Filling up the DagBag from /home/airflow/.local/lib/python3.11/site-packages/airflow/example_dags/example_branch_day_of_week_operator.py
[2024-10-29T19:00:53.918+0000] {processor.py:925} INFO - DAG(s) 'example_weekday_branch_operator' retrieved from /home/airflow/.local/lib/python3.11/site-packages/airflow/example_dags/example_branch_day_of_week_operator.py
[2024-10-29T19:00:53.930+0000] {logging_mixin.py:190} INFO - [2024-10-29T19:00:53.929+0000] {dag.py:3239} INFO - Sync 1 DAGs
[2024-10-29T19:00:53.941+0000] {logging_mixin.py:190} INFO - [2024-10-29T19:00:53.941+0000] {dag.py:4180} INFO - Setting next_dagrun for example_weekday_branch_operator to 2024-10-28 00:00:00+00:00, run_after=2024-10-29 00:00:00+00:00
[2024-10-29T19:00:53.949+0000] {processor.py:208} INFO - Processing /home/airflow/.local/lib/python3.11/site-packages/airflow/example_dags/example_branch_day_of_week_operator.py took 0.044 seconds
[2024-10-29T19:01:24.237+0000] {processor.py:186} INFO - Started process (PID=1033) to work on /home/airflow/.local/lib/python3.11/site-packages/airflow/example_dags/example_branch_day_of_week_operator.py
[2024-10-29T19:01:24.238+0000] {processor.py:914} INFO - Processing file /home/airflow/.local/lib/python3.11/site-packages/airflow/example_dags/example_branch_day_of_week_operator.py for tasks to queue
[2024-10-29T19:01:24.240+0000] {logging_mixin.py:190} INFO - [2024-10-29T19:01:24.240+0000] {dagbag.py:588} INFO - Filling up the DagBag from /home/airflow/.local/lib/python3.11/site-packages/airflow/example_dags/example_branch_day_of_week_operator.py
[2024-10-29T19:01:24.248+0000] {processor.py:925} INFO - DAG(s) 'example_weekday_branch_operator' retrieved from /home/airflow/.local/lib/python3.11/site-packages/airflow/example_dags/example_branch_day_of_week_operator.py
[2024-10-29T19:01:24.261+0000] {logging_mixin.py:190} INFO - [2024-10-29T19:01:24.261+0000] {dag.py:3239} INFO - Sync 1 DAGs
[2024-10-29T19:01:24.276+0000] {logging_mixin.py:190} INFO - [2024-10-29T19:01:24.276+0000] {dag.py:4180} INFO - Setting next_dagrun for example_weekday_branch_operator to 2024-10-28 00:00:00+00:00, run_after=2024-10-29 00:00:00+00:00
[2024-10-29T19:01:24.286+0000] {processor.py:208} INFO - Processing /home/airflow/.local/lib/python3.11/site-packages/airflow/example_dags/example_branch_day_of_week_operator.py took 0.054 seconds
[2024-10-29T19:01:54.487+0000] {processor.py:186} INFO - Started process (PID=1096) to work on /home/airflow/.local/lib/python3.11/site-packages/airflow/example_dags/example_branch_day_of_week_operator.py
[2024-10-29T19:01:54.488+0000] {processor.py:914} INFO - Processing file /home/airflow/.local/lib/python3.11/site-packages/airflow/example_dags/example_branch_day_of_week_operator.py for tasks to queue
[2024-10-29T19:01:54.489+0000] {logging_mixin.py:190} INFO - [2024-10-29T19:01:54.489+0000] {dagbag.py:588} INFO - Filling up the DagBag from /home/airflow/.local/lib/python3.11/site-packages/airflow/example_dags/example_branch_day_of_week_operator.py
[2024-10-29T19:01:54.496+0000] {processor.py:925} INFO - DAG(s) 'example_weekday_branch_operator' retrieved from /home/airflow/.local/lib/python3.11/site-packages/airflow/example_dags/example_branch_day_of_week_operator.py
[2024-10-29T19:01:54.509+0000] {logging_mixin.py:190} INFO - [2024-10-29T19:01:54.509+0000] {dag.py:3239} INFO - Sync 1 DAGs
[2024-10-29T19:01:54.524+0000] {logging_mixin.py:190} INFO - [2024-10-29T19:01:54.524+0000] {dag.py:4180} INFO - Setting next_dagrun for example_weekday_branch_operator to 2024-10-28 00:00:00+00:00, run_after=2024-10-29 00:00:00+00:00
[2024-10-29T19:01:54.536+0000] {processor.py:208} INFO - Processing /home/airflow/.local/lib/python3.11/site-packages/airflow/example_dags/example_branch_day_of_week_operator.py took 0.053 seconds
[2024-10-29T19:02:25.584+0000] {processor.py:186} INFO - Started process (PID=1159) to work on /home/airflow/.local/lib/python3.11/site-packages/airflow/example_dags/example_branch_day_of_week_operator.py
[2024-10-29T19:02:25.585+0000] {processor.py:914} INFO - Processing file /home/airflow/.local/lib/python3.11/site-packages/airflow/example_dags/example_branch_day_of_week_operator.py for tasks to queue
[2024-10-29T19:02:25.586+0000] {logging_mixin.py:190} INFO - [2024-10-29T19:02:25.586+0000] {dagbag.py:588} INFO - Filling up the DagBag from /home/airflow/.local/lib/python3.11/site-packages/airflow/example_dags/example_branch_day_of_week_operator.py
[2024-10-29T19:02:25.592+0000] {processor.py:925} INFO - DAG(s) 'example_weekday_branch_operator' retrieved from /home/airflow/.local/lib/python3.11/site-packages/airflow/example_dags/example_branch_day_of_week_operator.py
[2024-10-29T19:02:25.603+0000] {logging_mixin.py:190} INFO - [2024-10-29T19:02:25.603+0000] {dag.py:3239} INFO - Sync 1 DAGs
[2024-10-29T19:02:25.618+0000] {logging_mixin.py:190} INFO - [2024-10-29T19:02:25.618+0000] {dag.py:4180} INFO - Setting next_dagrun for example_weekday_branch_operator to 2024-10-28 00:00:00+00:00, run_after=2024-10-29 00:00:00+00:00
[2024-10-29T19:02:25.629+0000] {processor.py:208} INFO - Processing /home/airflow/.local/lib/python3.11/site-packages/airflow/example_dags/example_branch_day_of_week_operator.py took 0.049 seconds
[2024-10-29T19:02:56.167+0000] {processor.py:186} INFO - Started process (PID=1222) to work on /home/airflow/.local/lib/python3.11/site-packages/airflow/example_dags/example_branch_day_of_week_operator.py
[2024-10-29T19:02:56.169+0000] {processor.py:914} INFO - Processing file /home/airflow/.local/lib/python3.11/site-packages/airflow/example_dags/example_branch_day_of_week_operator.py for tasks to queue
[2024-10-29T19:02:56.171+0000] {logging_mixin.py:190} INFO - [2024-10-29T19:02:56.170+0000] {dagbag.py:588} INFO - Filling up the DagBag from /home/airflow/.local/lib/python3.11/site-packages/airflow/example_dags/example_branch_day_of_week_operator.py
[2024-10-29T19:02:56.179+0000] {processor.py:925} INFO - DAG(s) 'example_weekday_branch_operator' retrieved from /home/airflow/.local/lib/python3.11/site-packages/airflow/example_dags/example_branch_day_of_week_operator.py
[2024-10-29T19:02:56.192+0000] {logging_mixin.py:190} INFO - [2024-10-29T19:02:56.191+0000] {dag.py:3239} INFO - Sync 1 DAGs
[2024-10-29T19:02:56.205+0000] {logging_mixin.py:190} INFO - [2024-10-29T19:02:56.204+0000] {dag.py:4180} INFO - Setting next_dagrun for example_weekday_branch_operator to 2024-10-28 00:00:00+00:00, run_after=2024-10-29 00:00:00+00:00
[2024-10-29T19:02:56.214+0000] {processor.py:208} INFO - Processing /home/airflow/.local/lib/python3.11/site-packages/airflow/example_dags/example_branch_day_of_week_operator.py took 0.051 seconds
[2024-10-29T19:03:27.067+0000] {processor.py:186} INFO - Started process (PID=1285) to work on /home/airflow/.local/lib/python3.11/site-packages/airflow/example_dags/example_branch_day_of_week_operator.py
[2024-10-29T19:03:27.068+0000] {processor.py:914} INFO - Processing file /home/airflow/.local/lib/python3.11/site-packages/airflow/example_dags/example_branch_day_of_week_operator.py for tasks to queue
[2024-10-29T19:03:27.069+0000] {logging_mixin.py:190} INFO - [2024-10-29T19:03:27.069+0000] {dagbag.py:588} INFO - Filling up the DagBag from /home/airflow/.local/lib/python3.11/site-packages/airflow/example_dags/example_branch_day_of_week_operator.py
[2024-10-29T19:03:27.075+0000] {processor.py:925} INFO - DAG(s) 'example_weekday_branch_operator' retrieved from /home/airflow/.local/lib/python3.11/site-packages/airflow/example_dags/example_branch_day_of_week_operator.py
[2024-10-29T19:03:27.087+0000] {logging_mixin.py:190} INFO - [2024-10-29T19:03:27.087+0000] {dag.py:3239} INFO - Sync 1 DAGs
[2024-10-29T19:03:27.100+0000] {logging_mixin.py:190} INFO - [2024-10-29T19:03:27.100+0000] {dag.py:4180} INFO - Setting next_dagrun for example_weekday_branch_operator to 2024-10-28 00:00:00+00:00, run_after=2024-10-29 00:00:00+00:00
[2024-10-29T19:03:27.109+0000] {processor.py:208} INFO - Processing /home/airflow/.local/lib/python3.11/site-packages/airflow/example_dags/example_branch_day_of_week_operator.py took 0.045 seconds
[2024-10-29T19:03:57.816+0000] {processor.py:186} INFO - Started process (PID=1348) to work on /home/airflow/.local/lib/python3.11/site-packages/airflow/example_dags/example_branch_day_of_week_operator.py
[2024-10-29T19:03:57.817+0000] {processor.py:914} INFO - Processing file /home/airflow/.local/lib/python3.11/site-packages/airflow/example_dags/example_branch_day_of_week_operator.py for tasks to queue
[2024-10-29T19:03:57.819+0000] {logging_mixin.py:190} INFO - [2024-10-29T19:03:57.818+0000] {dagbag.py:588} INFO - Filling up the DagBag from /home/airflow/.local/lib/python3.11/site-packages/airflow/example_dags/example_branch_day_of_week_operator.py
[2024-10-29T19:03:57.828+0000] {processor.py:925} INFO - DAG(s) 'example_weekday_branch_operator' retrieved from /home/airflow/.local/lib/python3.11/site-packages/airflow/example_dags/example_branch_day_of_week_operator.py
[2024-10-29T19:03:57.844+0000] {logging_mixin.py:190} INFO - [2024-10-29T19:03:57.844+0000] {dag.py:3239} INFO - Sync 1 DAGs
[2024-10-29T19:03:57.857+0000] {logging_mixin.py:190} INFO - [2024-10-29T19:03:57.857+0000] {dag.py:4180} INFO - Setting next_dagrun for example_weekday_branch_operator to 2024-10-28 00:00:00+00:00, run_after=2024-10-29 00:00:00+00:00
[2024-10-29T19:03:57.867+0000] {processor.py:208} INFO - Processing /home/airflow/.local/lib/python3.11/site-packages/airflow/example_dags/example_branch_day_of_week_operator.py took 0.056 seconds
[2024-10-29T19:04:28.282+0000] {processor.py:186} INFO - Started process (PID=1411) to work on /home/airflow/.local/lib/python3.11/site-packages/airflow/example_dags/example_branch_day_of_week_operator.py
[2024-10-29T19:04:28.283+0000] {processor.py:914} INFO - Processing file /home/airflow/.local/lib/python3.11/site-packages/airflow/example_dags/example_branch_day_of_week_operator.py for tasks to queue
[2024-10-29T19:04:28.285+0000] {logging_mixin.py:190} INFO - [2024-10-29T19:04:28.285+0000] {dagbag.py:588} INFO - Filling up the DagBag from /home/airflow/.local/lib/python3.11/site-packages/airflow/example_dags/example_branch_day_of_week_operator.py
[2024-10-29T19:04:28.294+0000] {processor.py:925} INFO - DAG(s) 'example_weekday_branch_operator' retrieved from /home/airflow/.local/lib/python3.11/site-packages/airflow/example_dags/example_branch_day_of_week_operator.py
[2024-10-29T19:04:28.306+0000] {logging_mixin.py:190} INFO - [2024-10-29T19:04:28.306+0000] {dag.py:3239} INFO - Sync 1 DAGs
[2024-10-29T19:04:28.328+0000] {logging_mixin.py:190} INFO - [2024-10-29T19:04:28.328+0000] {dag.py:4180} INFO - Setting next_dagrun for example_weekday_branch_operator to 2024-10-28 00:00:00+00:00, run_after=2024-10-29 00:00:00+00:00
[2024-10-29T19:04:28.342+0000] {processor.py:208} INFO - Processing /home/airflow/.local/lib/python3.11/site-packages/airflow/example_dags/example_branch_day_of_week_operator.py took 0.065 seconds
[2024-10-29T19:04:58.847+0000] {processor.py:186} INFO - Started process (PID=1474) to work on /home/airflow/.local/lib/python3.11/site-packages/airflow/example_dags/example_branch_day_of_week_operator.py
[2024-10-29T19:04:58.848+0000] {processor.py:914} INFO - Processing file /home/airflow/.local/lib/python3.11/site-packages/airflow/example_dags/example_branch_day_of_week_operator.py for tasks to queue
[2024-10-29T19:04:58.849+0000] {logging_mixin.py:190} INFO - [2024-10-29T19:04:58.849+0000] {dagbag.py:588} INFO - Filling up the DagBag from /home/airflow/.local/lib/python3.11/site-packages/airflow/example_dags/example_branch_day_of_week_operator.py
[2024-10-29T19:04:58.854+0000] {processor.py:925} INFO - DAG(s) 'example_weekday_branch_operator' retrieved from /home/airflow/.local/lib/python3.11/site-packages/airflow/example_dags/example_branch_day_of_week_operator.py
[2024-10-29T19:04:58.866+0000] {logging_mixin.py:190} INFO - [2024-10-29T19:04:58.866+0000] {dag.py:3239} INFO - Sync 1 DAGs
[2024-10-29T19:04:58.879+0000] {logging_mixin.py:190} INFO - [2024-10-29T19:04:58.879+0000] {dag.py:4180} INFO - Setting next_dagrun for example_weekday_branch_operator to 2024-10-28 00:00:00+00:00, run_after=2024-10-29 00:00:00+00:00
[2024-10-29T19:04:58.888+0000] {processor.py:208} INFO - Processing /home/airflow/.local/lib/python3.11/site-packages/airflow/example_dags/example_branch_day_of_week_operator.py took 0.045 seconds
[2024-10-29T19:05:29.367+0000] {processor.py:186} INFO - Started process (PID=1537) to work on /home/airflow/.local/lib/python3.11/site-packages/airflow/example_dags/example_branch_day_of_week_operator.py
[2024-10-29T19:05:29.368+0000] {processor.py:914} INFO - Processing file /home/airflow/.local/lib/python3.11/site-packages/airflow/example_dags/example_branch_day_of_week_operator.py for tasks to queue
[2024-10-29T19:05:29.369+0000] {logging_mixin.py:190} INFO - [2024-10-29T19:05:29.369+0000] {dagbag.py:588} INFO - Filling up the DagBag from /home/airflow/.local/lib/python3.11/site-packages/airflow/example_dags/example_branch_day_of_week_operator.py
[2024-10-29T19:05:29.374+0000] {processor.py:925} INFO - DAG(s) 'example_weekday_branch_operator' retrieved from /home/airflow/.local/lib/python3.11/site-packages/airflow/example_dags/example_branch_day_of_week_operator.py
[2024-10-29T19:05:29.384+0000] {logging_mixin.py:190} INFO - [2024-10-29T19:05:29.383+0000] {dag.py:3239} INFO - Sync 1 DAGs
[2024-10-29T19:05:29.395+0000] {logging_mixin.py:190} INFO - [2024-10-29T19:05:29.395+0000] {dag.py:4180} INFO - Setting next_dagrun for example_weekday_branch_operator to 2024-10-28 00:00:00+00:00, run_after=2024-10-29 00:00:00+00:00
[2024-10-29T19:05:29.403+0000] {processor.py:208} INFO - Processing /home/airflow/.local/lib/python3.11/site-packages/airflow/example_dags/example_branch_day_of_week_operator.py took 0.040 seconds
[2024-10-29T19:05:59.609+0000] {processor.py:186} INFO - Started process (PID=1600) to work on /home/airflow/.local/lib/python3.11/site-packages/airflow/example_dags/example_branch_day_of_week_operator.py
[2024-10-29T19:05:59.610+0000] {processor.py:914} INFO - Processing file /home/airflow/.local/lib/python3.11/site-packages/airflow/example_dags/example_branch_day_of_week_operator.py for tasks to queue
[2024-10-29T19:05:59.611+0000] {logging_mixin.py:190} INFO - [2024-10-29T19:05:59.611+0000] {dagbag.py:588} INFO - Filling up the DagBag from /home/airflow/.local/lib/python3.11/site-packages/airflow/example_dags/example_branch_day_of_week_operator.py
[2024-10-29T19:05:59.723+0000] {processor.py:925} INFO - DAG(s) 'example_weekday_branch_operator' retrieved from /home/airflow/.local/lib/python3.11/site-packages/airflow/example_dags/example_branch_day_of_week_operator.py
[2024-10-29T19:05:59.849+0000] {logging_mixin.py:190} INFO - [2024-10-29T19:05:59.849+0000] {dag.py:3239} INFO - Sync 1 DAGs
[2024-10-29T19:05:59.874+0000] {logging_mixin.py:190} INFO - [2024-10-29T19:05:59.874+0000] {dag.py:4180} INFO - Setting next_dagrun for example_weekday_branch_operator to 2024-10-28 00:00:00+00:00, run_after=2024-10-29 00:00:00+00:00
[2024-10-29T19:05:59.885+0000] {processor.py:208} INFO - Processing /home/airflow/.local/lib/python3.11/site-packages/airflow/example_dags/example_branch_day_of_week_operator.py took 0.279 seconds
[2024-10-29T19:23:18.545+0000] {processor.py:186} INFO - Started process (PID=1638) to work on /home/airflow/.local/lib/python3.11/site-packages/airflow/example_dags/example_branch_day_of_week_operator.py
[2024-10-29T19:23:18.546+0000] {processor.py:914} INFO - Processing file /home/airflow/.local/lib/python3.11/site-packages/airflow/example_dags/example_branch_day_of_week_operator.py for tasks to queue
[2024-10-29T19:23:18.550+0000] {logging_mixin.py:190} INFO - [2024-10-29T19:23:18.549+0000] {dagbag.py:588} INFO - Filling up the DagBag from /home/airflow/.local/lib/python3.11/site-packages/airflow/example_dags/example_branch_day_of_week_operator.py
[2024-10-29T19:23:18.555+0000] {processor.py:925} INFO - DAG(s) 'example_weekday_branch_operator' retrieved from /home/airflow/.local/lib/python3.11/site-packages/airflow/example_dags/example_branch_day_of_week_operator.py
[2024-10-29T19:23:18.565+0000] {logging_mixin.py:190} INFO - [2024-10-29T19:23:18.564+0000] {dag.py:3239} INFO - Sync 1 DAGs
[2024-10-29T19:23:18.575+0000] {logging_mixin.py:190} INFO - [2024-10-29T19:23:18.575+0000] {dag.py:4180} INFO - Setting next_dagrun for example_weekday_branch_operator to 2024-10-28 00:00:00+00:00, run_after=2024-10-29 00:00:00+00:00
[2024-10-29T19:23:18.582+0000] {processor.py:208} INFO - Processing /home/airflow/.local/lib/python3.11/site-packages/airflow/example_dags/example_branch_day_of_week_operator.py took 0.041 seconds
[2024-10-29T20:00:05.034+0000] {processor.py:186} INFO - Started process (PID=1701) to work on /home/airflow/.local/lib/python3.11/site-packages/airflow/example_dags/example_branch_day_of_week_operator.py
[2024-10-29T20:00:05.036+0000] {processor.py:914} INFO - Processing file /home/airflow/.local/lib/python3.11/site-packages/airflow/example_dags/example_branch_day_of_week_operator.py for tasks to queue
[2024-10-29T20:00:05.038+0000] {logging_mixin.py:190} INFO - [2024-10-29T20:00:05.038+0000] {dagbag.py:588} INFO - Filling up the DagBag from /home/airflow/.local/lib/python3.11/site-packages/airflow/example_dags/example_branch_day_of_week_operator.py
[2024-10-29T20:00:05.043+0000] {processor.py:925} INFO - DAG(s) 'example_weekday_branch_operator' retrieved from /home/airflow/.local/lib/python3.11/site-packages/airflow/example_dags/example_branch_day_of_week_operator.py
[2024-10-29T20:00:05.054+0000] {logging_mixin.py:190} INFO - [2024-10-29T20:00:05.053+0000] {dag.py:3239} INFO - Sync 1 DAGs
[2024-10-29T20:00:05.065+0000] {logging_mixin.py:190} INFO - [2024-10-29T20:00:05.065+0000] {dag.py:4180} INFO - Setting next_dagrun for example_weekday_branch_operator to 2024-10-28 00:00:00+00:00, run_after=2024-10-29 00:00:00+00:00
[2024-10-29T20:00:05.074+0000] {processor.py:208} INFO - Processing /home/airflow/.local/lib/python3.11/site-packages/airflow/example_dags/example_branch_day_of_week_operator.py took 0.043 seconds
[2024-10-29T20:32:01.870+0000] {processor.py:186} INFO - Started process (PID=1764) to work on /home/airflow/.local/lib/python3.11/site-packages/airflow/example_dags/example_branch_day_of_week_operator.py
[2024-10-29T20:32:01.871+0000] {processor.py:914} INFO - Processing file /home/airflow/.local/lib/python3.11/site-packages/airflow/example_dags/example_branch_day_of_week_operator.py for tasks to queue
[2024-10-29T20:32:01.872+0000] {logging_mixin.py:190} INFO - [2024-10-29T20:32:01.872+0000] {dagbag.py:588} INFO - Filling up the DagBag from /home/airflow/.local/lib/python3.11/site-packages/airflow/example_dags/example_branch_day_of_week_operator.py
[2024-10-29T20:32:01.886+0000] {processor.py:925} INFO - DAG(s) 'example_weekday_branch_operator' retrieved from /home/airflow/.local/lib/python3.11/site-packages/airflow/example_dags/example_branch_day_of_week_operator.py
[2024-10-29T20:32:01.901+0000] {logging_mixin.py:190} INFO - [2024-10-29T20:32:01.901+0000] {dag.py:3239} INFO - Sync 1 DAGs
[2024-10-29T20:32:01.916+0000] {logging_mixin.py:190} INFO - [2024-10-29T20:32:01.916+0000] {dag.py:4180} INFO - Setting next_dagrun for example_weekday_branch_operator to 2024-10-28 00:00:00+00:00, run_after=2024-10-29 00:00:00+00:00
[2024-10-29T20:32:01.927+0000] {processor.py:208} INFO - Processing /home/airflow/.local/lib/python3.11/site-packages/airflow/example_dags/example_branch_day_of_week_operator.py took 0.062 seconds
[2024-10-29T20:59:00.242+0000] {processor.py:186} INFO - Started process (PID=1827) to work on /home/airflow/.local/lib/python3.11/site-packages/airflow/example_dags/example_branch_day_of_week_operator.py
[2024-10-29T20:59:00.243+0000] {processor.py:914} INFO - Processing file /home/airflow/.local/lib/python3.11/site-packages/airflow/example_dags/example_branch_day_of_week_operator.py for tasks to queue
[2024-10-29T20:59:00.245+0000] {logging_mixin.py:190} INFO - [2024-10-29T20:59:00.244+0000] {dagbag.py:588} INFO - Filling up the DagBag from /home/airflow/.local/lib/python3.11/site-packages/airflow/example_dags/example_branch_day_of_week_operator.py
[2024-10-29T20:59:00.251+0000] {processor.py:925} INFO - DAG(s) 'example_weekday_branch_operator' retrieved from /home/airflow/.local/lib/python3.11/site-packages/airflow/example_dags/example_branch_day_of_week_operator.py
[2024-10-29T20:59:00.263+0000] {logging_mixin.py:190} INFO - [2024-10-29T20:59:00.263+0000] {dag.py:3239} INFO - Sync 1 DAGs
[2024-10-29T20:59:00.281+0000] {logging_mixin.py:190} INFO - [2024-10-29T20:59:00.281+0000] {dag.py:4180} INFO - Setting next_dagrun for example_weekday_branch_operator to 2024-10-28 00:00:00+00:00, run_after=2024-10-29 00:00:00+00:00
[2024-10-29T20:59:00.292+0000] {processor.py:208} INFO - Processing /home/airflow/.local/lib/python3.11/site-packages/airflow/example_dags/example_branch_day_of_week_operator.py took 0.054 seconds
[2024-10-29T21:40:54.181+0000] {processor.py:186} INFO - Started process (PID=1890) to work on /home/airflow/.local/lib/python3.11/site-packages/airflow/example_dags/example_branch_day_of_week_operator.py
[2024-10-29T21:40:54.182+0000] {processor.py:914} INFO - Processing file /home/airflow/.local/lib/python3.11/site-packages/airflow/example_dags/example_branch_day_of_week_operator.py for tasks to queue
[2024-10-29T21:40:54.183+0000] {logging_mixin.py:190} INFO - [2024-10-29T21:40:54.183+0000] {dagbag.py:588} INFO - Filling up the DagBag from /home/airflow/.local/lib/python3.11/site-packages/airflow/example_dags/example_branch_day_of_week_operator.py
[2024-10-29T21:40:54.188+0000] {processor.py:925} INFO - DAG(s) 'example_weekday_branch_operator' retrieved from /home/airflow/.local/lib/python3.11/site-packages/airflow/example_dags/example_branch_day_of_week_operator.py
[2024-10-29T21:40:54.199+0000] {logging_mixin.py:190} INFO - [2024-10-29T21:40:54.199+0000] {dag.py:3239} INFO - Sync 1 DAGs
[2024-10-29T21:40:54.210+0000] {logging_mixin.py:190} INFO - [2024-10-29T21:40:54.210+0000] {dag.py:4180} INFO - Setting next_dagrun for example_weekday_branch_operator to 2024-10-28 00:00:00+00:00, run_after=2024-10-29 00:00:00+00:00
[2024-10-29T21:40:54.219+0000] {processor.py:208} INFO - Processing /home/airflow/.local/lib/python3.11/site-packages/airflow/example_dags/example_branch_day_of_week_operator.py took 0.041 seconds
[2024-10-29T22:49:28.654+0000] {processor.py:186} INFO - Started process (PID=1953) to work on /home/airflow/.local/lib/python3.11/site-packages/airflow/example_dags/example_branch_day_of_week_operator.py
[2024-10-29T22:49:28.655+0000] {processor.py:914} INFO - Processing file /home/airflow/.local/lib/python3.11/site-packages/airflow/example_dags/example_branch_day_of_week_operator.py for tasks to queue
[2024-10-29T22:49:28.657+0000] {logging_mixin.py:190} INFO - [2024-10-29T22:49:28.656+0000] {dagbag.py:588} INFO - Filling up the DagBag from /home/airflow/.local/lib/python3.11/site-packages/airflow/example_dags/example_branch_day_of_week_operator.py
[2024-10-29T22:49:28.662+0000] {processor.py:925} INFO - DAG(s) 'example_weekday_branch_operator' retrieved from /home/airflow/.local/lib/python3.11/site-packages/airflow/example_dags/example_branch_day_of_week_operator.py
[2024-10-29T22:49:28.672+0000] {logging_mixin.py:190} INFO - [2024-10-29T22:49:28.672+0000] {dag.py:3239} INFO - Sync 1 DAGs
[2024-10-29T22:49:28.683+0000] {logging_mixin.py:190} INFO - [2024-10-29T22:49:28.683+0000] {dag.py:4180} INFO - Setting next_dagrun for example_weekday_branch_operator to 2024-10-28 00:00:00+00:00, run_after=2024-10-29 00:00:00+00:00
[2024-10-29T22:49:28.691+0000] {processor.py:208} INFO - Processing /home/airflow/.local/lib/python3.11/site-packages/airflow/example_dags/example_branch_day_of_week_operator.py took 0.040 seconds
[2024-10-29T23:03:29.091+0000] {processor.py:186} INFO - Started process (PID=2016) to work on /home/airflow/.local/lib/python3.11/site-packages/airflow/example_dags/example_branch_day_of_week_operator.py
[2024-10-29T23:03:29.093+0000] {processor.py:914} INFO - Processing file /home/airflow/.local/lib/python3.11/site-packages/airflow/example_dags/example_branch_day_of_week_operator.py for tasks to queue
[2024-10-29T23:03:29.094+0000] {logging_mixin.py:190} INFO - [2024-10-29T23:03:29.094+0000] {dagbag.py:588} INFO - Filling up the DagBag from /home/airflow/.local/lib/python3.11/site-packages/airflow/example_dags/example_branch_day_of_week_operator.py
[2024-10-29T23:03:29.101+0000] {processor.py:925} INFO - DAG(s) 'example_weekday_branch_operator' retrieved from /home/airflow/.local/lib/python3.11/site-packages/airflow/example_dags/example_branch_day_of_week_operator.py
[2024-10-29T23:03:29.113+0000] {logging_mixin.py:190} INFO - [2024-10-29T23:03:29.113+0000] {dag.py:3239} INFO - Sync 1 DAGs
[2024-10-29T23:03:29.125+0000] {logging_mixin.py:190} INFO - [2024-10-29T23:03:29.125+0000] {dag.py:4180} INFO - Setting next_dagrun for example_weekday_branch_operator to 2024-10-28 00:00:00+00:00, run_after=2024-10-29 00:00:00+00:00
[2024-10-29T23:03:29.135+0000] {processor.py:208} INFO - Processing /home/airflow/.local/lib/python3.11/site-packages/airflow/example_dags/example_branch_day_of_week_operator.py took 0.048 seconds
