[2024-10-29T00:50:14.596+0000] {processor.py:186} INFO - Started process (PID=47637) to work on /home/airflow/.local/lib/python3.11/site-packages/airflow/example_dags/example_latest_only_with_trigger.py
[2024-10-29T00:50:14.597+0000] {processor.py:914} INFO - Processing file /home/airflow/.local/lib/python3.11/site-packages/airflow/example_dags/example_latest_only_with_trigger.py for tasks to queue
[2024-10-29T00:50:14.598+0000] {logging_mixin.py:190} INFO - [2024-10-29T00:50:14.598+0000] {dagbag.py:588} INFO - Filling up the DagBag from /home/airflow/.local/lib/python3.11/site-packages/airflow/example_dags/example_latest_only_with_trigger.py
[2024-10-29T00:50:14.603+0000] {processor.py:925} INFO - DAG(s) 'latest_only_with_trigger' retrieved from /home/airflow/.local/lib/python3.11/site-packages/airflow/example_dags/example_latest_only_with_trigger.py
[2024-10-29T00:50:14.622+0000] {logging_mixin.py:190} INFO - [2024-10-29T00:50:14.621+0000] {dag.py:3239} INFO - Sync 1 DAGs
[2024-10-29T00:50:14.637+0000] {logging_mixin.py:190} INFO - [2024-10-29T00:50:14.636+0000] {dag.py:4180} INFO - Setting next_dagrun for latest_only_with_trigger to 2024-10-28 20:00:00+00:00, run_after=2024-10-29 00:00:00+00:00
[2024-10-29T00:50:14.646+0000] {processor.py:208} INFO - Processing /home/airflow/.local/lib/python3.11/site-packages/airflow/example_dags/example_latest_only_with_trigger.py took 0.053 seconds
[2024-10-29T02:13:54.041+0000] {processor.py:186} INFO - Started process (PID=47700) to work on /home/airflow/.local/lib/python3.11/site-packages/airflow/example_dags/example_latest_only_with_trigger.py
[2024-10-29T02:13:54.042+0000] {processor.py:914} INFO - Processing file /home/airflow/.local/lib/python3.11/site-packages/airflow/example_dags/example_latest_only_with_trigger.py for tasks to queue
[2024-10-29T02:13:54.043+0000] {logging_mixin.py:190} INFO - [2024-10-29T02:13:54.043+0000] {dagbag.py:588} INFO - Filling up the DagBag from /home/airflow/.local/lib/python3.11/site-packages/airflow/example_dags/example_latest_only_with_trigger.py
[2024-10-29T02:13:54.047+0000] {processor.py:925} INFO - DAG(s) 'latest_only_with_trigger' retrieved from /home/airflow/.local/lib/python3.11/site-packages/airflow/example_dags/example_latest_only_with_trigger.py
[2024-10-29T02:13:54.058+0000] {logging_mixin.py:190} INFO - [2024-10-29T02:13:54.057+0000] {dag.py:3239} INFO - Sync 1 DAGs
[2024-10-29T02:13:54.068+0000] {logging_mixin.py:190} INFO - [2024-10-29T02:13:54.068+0000] {dag.py:4180} INFO - Setting next_dagrun for latest_only_with_trigger to 2024-10-28 20:00:00+00:00, run_after=2024-10-29 00:00:00+00:00
[2024-10-29T02:13:54.076+0000] {processor.py:208} INFO - Processing /home/airflow/.local/lib/python3.11/site-packages/airflow/example_dags/example_latest_only_with_trigger.py took 0.038 seconds
[2024-10-29T02:45:23.182+0000] {processor.py:186} INFO - Started process (PID=47763) to work on /home/airflow/.local/lib/python3.11/site-packages/airflow/example_dags/example_latest_only_with_trigger.py
[2024-10-29T02:45:23.183+0000] {processor.py:914} INFO - Processing file /home/airflow/.local/lib/python3.11/site-packages/airflow/example_dags/example_latest_only_with_trigger.py for tasks to queue
[2024-10-29T02:45:23.184+0000] {logging_mixin.py:190} INFO - [2024-10-29T02:45:23.184+0000] {dagbag.py:588} INFO - Filling up the DagBag from /home/airflow/.local/lib/python3.11/site-packages/airflow/example_dags/example_latest_only_with_trigger.py
[2024-10-29T02:45:23.191+0000] {processor.py:925} INFO - DAG(s) 'latest_only_with_trigger' retrieved from /home/airflow/.local/lib/python3.11/site-packages/airflow/example_dags/example_latest_only_with_trigger.py
[2024-10-29T02:45:23.205+0000] {logging_mixin.py:190} INFO - [2024-10-29T02:45:23.205+0000] {dag.py:3239} INFO - Sync 1 DAGs
[2024-10-29T02:45:23.216+0000] {logging_mixin.py:190} INFO - [2024-10-29T02:45:23.216+0000] {dag.py:4180} INFO - Setting next_dagrun for latest_only_with_trigger to 2024-10-28 20:00:00+00:00, run_after=2024-10-29 00:00:00+00:00
[2024-10-29T02:45:23.224+0000] {processor.py:208} INFO - Processing /home/airflow/.local/lib/python3.11/site-packages/airflow/example_dags/example_latest_only_with_trigger.py took 0.047 seconds
[2024-10-29T03:18:13.967+0000] {processor.py:186} INFO - Started process (PID=47826) to work on /home/airflow/.local/lib/python3.11/site-packages/airflow/example_dags/example_latest_only_with_trigger.py
[2024-10-29T03:18:13.968+0000] {processor.py:914} INFO - Processing file /home/airflow/.local/lib/python3.11/site-packages/airflow/example_dags/example_latest_only_with_trigger.py for tasks to queue
[2024-10-29T03:18:13.972+0000] {logging_mixin.py:190} INFO - [2024-10-29T03:18:13.971+0000] {dagbag.py:588} INFO - Filling up the DagBag from /home/airflow/.local/lib/python3.11/site-packages/airflow/example_dags/example_latest_only_with_trigger.py
[2024-10-29T03:18:13.981+0000] {processor.py:925} INFO - DAG(s) 'latest_only_with_trigger' retrieved from /home/airflow/.local/lib/python3.11/site-packages/airflow/example_dags/example_latest_only_with_trigger.py
[2024-10-29T03:18:13.996+0000] {logging_mixin.py:190} INFO - [2024-10-29T03:18:13.996+0000] {dag.py:3239} INFO - Sync 1 DAGs
[2024-10-29T03:18:14.010+0000] {logging_mixin.py:190} INFO - [2024-10-29T03:18:14.010+0000] {dag.py:4180} INFO - Setting next_dagrun for latest_only_with_trigger to 2024-10-28 20:00:00+00:00, run_after=2024-10-29 00:00:00+00:00
[2024-10-29T03:18:14.020+0000] {processor.py:208} INFO - Processing /home/airflow/.local/lib/python3.11/site-packages/airflow/example_dags/example_latest_only_with_trigger.py took 0.057 seconds
[2024-10-29T03:45:36.651+0000] {processor.py:186} INFO - Started process (PID=47889) to work on /home/airflow/.local/lib/python3.11/site-packages/airflow/example_dags/example_latest_only_with_trigger.py
[2024-10-29T03:45:36.652+0000] {processor.py:914} INFO - Processing file /home/airflow/.local/lib/python3.11/site-packages/airflow/example_dags/example_latest_only_with_trigger.py for tasks to queue
[2024-10-29T03:45:36.654+0000] {logging_mixin.py:190} INFO - [2024-10-29T03:45:36.653+0000] {dagbag.py:588} INFO - Filling up the DagBag from /home/airflow/.local/lib/python3.11/site-packages/airflow/example_dags/example_latest_only_with_trigger.py
[2024-10-29T03:45:36.658+0000] {processor.py:925} INFO - DAG(s) 'latest_only_with_trigger' retrieved from /home/airflow/.local/lib/python3.11/site-packages/airflow/example_dags/example_latest_only_with_trigger.py
[2024-10-29T03:45:36.668+0000] {logging_mixin.py:190} INFO - [2024-10-29T03:45:36.668+0000] {dag.py:3239} INFO - Sync 1 DAGs
[2024-10-29T03:45:36.679+0000] {logging_mixin.py:190} INFO - [2024-10-29T03:45:36.678+0000] {dag.py:4180} INFO - Setting next_dagrun for latest_only_with_trigger to 2024-10-28 20:00:00+00:00, run_after=2024-10-29 00:00:00+00:00
[2024-10-29T03:45:36.687+0000] {processor.py:208} INFO - Processing /home/airflow/.local/lib/python3.11/site-packages/airflow/example_dags/example_latest_only_with_trigger.py took 0.039 seconds
[2024-10-29T04:34:59.556+0000] {processor.py:186} INFO - Started process (PID=47951) to work on /home/airflow/.local/lib/python3.11/site-packages/airflow/example_dags/example_latest_only_with_trigger.py
[2024-10-29T04:34:59.557+0000] {processor.py:914} INFO - Processing file /home/airflow/.local/lib/python3.11/site-packages/airflow/example_dags/example_latest_only_with_trigger.py for tasks to queue
[2024-10-29T04:34:59.559+0000] {logging_mixin.py:190} INFO - [2024-10-29T04:34:59.558+0000] {dagbag.py:588} INFO - Filling up the DagBag from /home/airflow/.local/lib/python3.11/site-packages/airflow/example_dags/example_latest_only_with_trigger.py
[2024-10-29T04:34:59.563+0000] {processor.py:925} INFO - DAG(s) 'latest_only_with_trigger' retrieved from /home/airflow/.local/lib/python3.11/site-packages/airflow/example_dags/example_latest_only_with_trigger.py
[2024-10-29T04:34:59.575+0000] {logging_mixin.py:190} INFO - [2024-10-29T04:34:59.575+0000] {dag.py:3239} INFO - Sync 1 DAGs
[2024-10-29T04:34:59.589+0000] {logging_mixin.py:190} INFO - [2024-10-29T04:34:59.589+0000] {dag.py:4180} INFO - Setting next_dagrun for latest_only_with_trigger to 2024-10-29 00:00:00+00:00, run_after=2024-10-29 04:00:00+00:00
[2024-10-29T04:34:59.601+0000] {processor.py:208} INFO - Processing /home/airflow/.local/lib/python3.11/site-packages/airflow/example_dags/example_latest_only_with_trigger.py took 0.048 seconds
[2024-10-29T04:59:49.346+0000] {processor.py:186} INFO - Started process (PID=48014) to work on /home/airflow/.local/lib/python3.11/site-packages/airflow/example_dags/example_latest_only_with_trigger.py
[2024-10-29T04:59:49.346+0000] {processor.py:914} INFO - Processing file /home/airflow/.local/lib/python3.11/site-packages/airflow/example_dags/example_latest_only_with_trigger.py for tasks to queue
[2024-10-29T04:59:49.348+0000] {logging_mixin.py:190} INFO - [2024-10-29T04:59:49.348+0000] {dagbag.py:588} INFO - Filling up the DagBag from /home/airflow/.local/lib/python3.11/site-packages/airflow/example_dags/example_latest_only_with_trigger.py
[2024-10-29T04:59:49.352+0000] {processor.py:925} INFO - DAG(s) 'latest_only_with_trigger' retrieved from /home/airflow/.local/lib/python3.11/site-packages/airflow/example_dags/example_latest_only_with_trigger.py
[2024-10-29T04:59:49.363+0000] {logging_mixin.py:190} INFO - [2024-10-29T04:59:49.363+0000] {dag.py:3239} INFO - Sync 1 DAGs
[2024-10-29T04:59:49.373+0000] {logging_mixin.py:190} INFO - [2024-10-29T04:59:49.373+0000] {dag.py:4180} INFO - Setting next_dagrun for latest_only_with_trigger to 2024-10-29 00:00:00+00:00, run_after=2024-10-29 04:00:00+00:00
[2024-10-29T04:59:49.382+0000] {processor.py:208} INFO - Processing /home/airflow/.local/lib/python3.11/site-packages/airflow/example_dags/example_latest_only_with_trigger.py took 0.039 seconds
[2024-10-29T05:52:13.849+0000] {processor.py:186} INFO - Started process (PID=48076) to work on /home/airflow/.local/lib/python3.11/site-packages/airflow/example_dags/example_latest_only_with_trigger.py
[2024-10-29T05:52:13.850+0000] {processor.py:914} INFO - Processing file /home/airflow/.local/lib/python3.11/site-packages/airflow/example_dags/example_latest_only_with_trigger.py for tasks to queue
[2024-10-29T05:52:13.852+0000] {logging_mixin.py:190} INFO - [2024-10-29T05:52:13.852+0000] {dagbag.py:588} INFO - Filling up the DagBag from /home/airflow/.local/lib/python3.11/site-packages/airflow/example_dags/example_latest_only_with_trigger.py
[2024-10-29T05:52:13.856+0000] {processor.py:925} INFO - DAG(s) 'latest_only_with_trigger' retrieved from /home/airflow/.local/lib/python3.11/site-packages/airflow/example_dags/example_latest_only_with_trigger.py
[2024-10-29T05:52:13.867+0000] {logging_mixin.py:190} INFO - [2024-10-29T05:52:13.866+0000] {dag.py:3239} INFO - Sync 1 DAGs
[2024-10-29T05:52:13.877+0000] {logging_mixin.py:190} INFO - [2024-10-29T05:52:13.877+0000] {dag.py:4180} INFO - Setting next_dagrun for latest_only_with_trigger to 2024-10-29 00:00:00+00:00, run_after=2024-10-29 04:00:00+00:00
[2024-10-29T05:52:13.885+0000] {processor.py:208} INFO - Processing /home/airflow/.local/lib/python3.11/site-packages/airflow/example_dags/example_latest_only_with_trigger.py took 0.038 seconds
[2024-10-29T06:31:00.550+0000] {processor.py:186} INFO - Started process (PID=48139) to work on /home/airflow/.local/lib/python3.11/site-packages/airflow/example_dags/example_latest_only_with_trigger.py
[2024-10-29T06:31:00.551+0000] {processor.py:914} INFO - Processing file /home/airflow/.local/lib/python3.11/site-packages/airflow/example_dags/example_latest_only_with_trigger.py for tasks to queue
[2024-10-29T06:31:00.552+0000] {logging_mixin.py:190} INFO - [2024-10-29T06:31:00.552+0000] {dagbag.py:588} INFO - Filling up the DagBag from /home/airflow/.local/lib/python3.11/site-packages/airflow/example_dags/example_latest_only_with_trigger.py
[2024-10-29T06:31:00.556+0000] {processor.py:925} INFO - DAG(s) 'latest_only_with_trigger' retrieved from /home/airflow/.local/lib/python3.11/site-packages/airflow/example_dags/example_latest_only_with_trigger.py
[2024-10-29T06:31:00.567+0000] {logging_mixin.py:190} INFO - [2024-10-29T06:31:00.566+0000] {dag.py:3239} INFO - Sync 1 DAGs
[2024-10-29T06:31:00.577+0000] {logging_mixin.py:190} INFO - [2024-10-29T06:31:00.577+0000] {dag.py:4180} INFO - Setting next_dagrun for latest_only_with_trigger to 2024-10-29 00:00:00+00:00, run_after=2024-10-29 04:00:00+00:00
[2024-10-29T06:31:00.585+0000] {processor.py:208} INFO - Processing /home/airflow/.local/lib/python3.11/site-packages/airflow/example_dags/example_latest_only_with_trigger.py took 0.038 seconds
[2024-10-29T07:19:59.499+0000] {processor.py:186} INFO - Started process (PID=48201) to work on /home/airflow/.local/lib/python3.11/site-packages/airflow/example_dags/example_latest_only_with_trigger.py
[2024-10-29T07:19:59.500+0000] {processor.py:914} INFO - Processing file /home/airflow/.local/lib/python3.11/site-packages/airflow/example_dags/example_latest_only_with_trigger.py for tasks to queue
[2024-10-29T07:19:59.501+0000] {logging_mixin.py:190} INFO - [2024-10-29T07:19:59.501+0000] {dagbag.py:588} INFO - Filling up the DagBag from /home/airflow/.local/lib/python3.11/site-packages/airflow/example_dags/example_latest_only_with_trigger.py
[2024-10-29T07:19:59.506+0000] {processor.py:925} INFO - DAG(s) 'latest_only_with_trigger' retrieved from /home/airflow/.local/lib/python3.11/site-packages/airflow/example_dags/example_latest_only_with_trigger.py
[2024-10-29T07:19:59.521+0000] {logging_mixin.py:190} INFO - [2024-10-29T07:19:59.521+0000] {dag.py:3239} INFO - Sync 1 DAGs
[2024-10-29T07:19:59.542+0000] {logging_mixin.py:190} INFO - [2024-10-29T07:19:59.542+0000] {dag.py:4180} INFO - Setting next_dagrun for latest_only_with_trigger to 2024-10-29 00:00:00+00:00, run_after=2024-10-29 04:00:00+00:00
[2024-10-29T07:19:59.553+0000] {processor.py:208} INFO - Processing /home/airflow/.local/lib/python3.11/site-packages/airflow/example_dags/example_latest_only_with_trigger.py took 0.057 seconds
[2024-10-29T07:59:20.081+0000] {processor.py:186} INFO - Started process (PID=48264) to work on /home/airflow/.local/lib/python3.11/site-packages/airflow/example_dags/example_latest_only_with_trigger.py
[2024-10-29T07:59:20.084+0000] {processor.py:914} INFO - Processing file /home/airflow/.local/lib/python3.11/site-packages/airflow/example_dags/example_latest_only_with_trigger.py for tasks to queue
[2024-10-29T07:59:20.086+0000] {logging_mixin.py:190} INFO - [2024-10-29T07:59:20.085+0000] {dagbag.py:588} INFO - Filling up the DagBag from /home/airflow/.local/lib/python3.11/site-packages/airflow/example_dags/example_latest_only_with_trigger.py
[2024-10-29T07:59:20.091+0000] {processor.py:925} INFO - DAG(s) 'latest_only_with_trigger' retrieved from /home/airflow/.local/lib/python3.11/site-packages/airflow/example_dags/example_latest_only_with_trigger.py
[2024-10-29T07:59:20.114+0000] {logging_mixin.py:190} INFO - [2024-10-29T07:59:20.114+0000] {dag.py:3239} INFO - Sync 1 DAGs
[2024-10-29T07:59:20.127+0000] {logging_mixin.py:190} INFO - [2024-10-29T07:59:20.127+0000] {dag.py:4180} INFO - Setting next_dagrun for latest_only_with_trigger to 2024-10-29 00:00:00+00:00, run_after=2024-10-29 04:00:00+00:00
[2024-10-29T07:59:20.140+0000] {processor.py:208} INFO - Processing /home/airflow/.local/lib/python3.11/site-packages/airflow/example_dags/example_latest_only_with_trigger.py took 0.063 seconds
[2024-10-29T07:59:50.190+0000] {processor.py:186} INFO - Started process (PID=48327) to work on /home/airflow/.local/lib/python3.11/site-packages/airflow/example_dags/example_latest_only_with_trigger.py
[2024-10-29T07:59:50.191+0000] {processor.py:914} INFO - Processing file /home/airflow/.local/lib/python3.11/site-packages/airflow/example_dags/example_latest_only_with_trigger.py for tasks to queue
[2024-10-29T07:59:50.193+0000] {logging_mixin.py:190} INFO - [2024-10-29T07:59:50.192+0000] {dagbag.py:588} INFO - Filling up the DagBag from /home/airflow/.local/lib/python3.11/site-packages/airflow/example_dags/example_latest_only_with_trigger.py
[2024-10-29T07:59:50.198+0000] {processor.py:925} INFO - DAG(s) 'latest_only_with_trigger' retrieved from /home/airflow/.local/lib/python3.11/site-packages/airflow/example_dags/example_latest_only_with_trigger.py
[2024-10-29T07:59:50.209+0000] {logging_mixin.py:190} INFO - [2024-10-29T07:59:50.209+0000] {dag.py:3239} INFO - Sync 1 DAGs
[2024-10-29T07:59:50.221+0000] {logging_mixin.py:190} INFO - [2024-10-29T07:59:50.220+0000] {dag.py:4180} INFO - Setting next_dagrun for latest_only_with_trigger to 2024-10-29 00:00:00+00:00, run_after=2024-10-29 04:00:00+00:00
[2024-10-29T07:59:50.229+0000] {processor.py:208} INFO - Processing /home/airflow/.local/lib/python3.11/site-packages/airflow/example_dags/example_latest_only_with_trigger.py took 0.044 seconds
[2024-10-29T08:00:20.565+0000] {processor.py:186} INFO - Started process (PID=48390) to work on /home/airflow/.local/lib/python3.11/site-packages/airflow/example_dags/example_latest_only_with_trigger.py
[2024-10-29T08:00:20.566+0000] {processor.py:914} INFO - Processing file /home/airflow/.local/lib/python3.11/site-packages/airflow/example_dags/example_latest_only_with_trigger.py for tasks to queue
[2024-10-29T08:00:20.567+0000] {logging_mixin.py:190} INFO - [2024-10-29T08:00:20.567+0000] {dagbag.py:588} INFO - Filling up the DagBag from /home/airflow/.local/lib/python3.11/site-packages/airflow/example_dags/example_latest_only_with_trigger.py
[2024-10-29T08:00:20.571+0000] {processor.py:925} INFO - DAG(s) 'latest_only_with_trigger' retrieved from /home/airflow/.local/lib/python3.11/site-packages/airflow/example_dags/example_latest_only_with_trigger.py
[2024-10-29T08:00:20.581+0000] {logging_mixin.py:190} INFO - [2024-10-29T08:00:20.581+0000] {dag.py:3239} INFO - Sync 1 DAGs
[2024-10-29T08:00:20.592+0000] {logging_mixin.py:190} INFO - [2024-10-29T08:00:20.591+0000] {dag.py:4180} INFO - Setting next_dagrun for latest_only_with_trigger to 2024-10-29 04:00:00+00:00, run_after=2024-10-29 08:00:00+00:00
[2024-10-29T08:00:20.599+0000] {processor.py:208} INFO - Processing /home/airflow/.local/lib/python3.11/site-packages/airflow/example_dags/example_latest_only_with_trigger.py took 0.038 seconds
[2024-10-29T08:00:50.893+0000] {processor.py:186} INFO - Started process (PID=48453) to work on /home/airflow/.local/lib/python3.11/site-packages/airflow/example_dags/example_latest_only_with_trigger.py
[2024-10-29T08:00:50.894+0000] {processor.py:914} INFO - Processing file /home/airflow/.local/lib/python3.11/site-packages/airflow/example_dags/example_latest_only_with_trigger.py for tasks to queue
[2024-10-29T08:00:50.895+0000] {logging_mixin.py:190} INFO - [2024-10-29T08:00:50.895+0000] {dagbag.py:588} INFO - Filling up the DagBag from /home/airflow/.local/lib/python3.11/site-packages/airflow/example_dags/example_latest_only_with_trigger.py
[2024-10-29T08:00:50.899+0000] {processor.py:925} INFO - DAG(s) 'latest_only_with_trigger' retrieved from /home/airflow/.local/lib/python3.11/site-packages/airflow/example_dags/example_latest_only_with_trigger.py
[2024-10-29T08:00:50.908+0000] {logging_mixin.py:190} INFO - [2024-10-29T08:00:50.908+0000] {dag.py:3239} INFO - Sync 1 DAGs
[2024-10-29T08:00:50.918+0000] {logging_mixin.py:190} INFO - [2024-10-29T08:00:50.918+0000] {dag.py:4180} INFO - Setting next_dagrun for latest_only_with_trigger to 2024-10-29 04:00:00+00:00, run_after=2024-10-29 08:00:00+00:00
[2024-10-29T08:00:50.928+0000] {processor.py:208} INFO - Processing /home/airflow/.local/lib/python3.11/site-packages/airflow/example_dags/example_latest_only_with_trigger.py took 0.038 seconds
[2024-10-29T08:01:21.678+0000] {processor.py:186} INFO - Started process (PID=48516) to work on /home/airflow/.local/lib/python3.11/site-packages/airflow/example_dags/example_latest_only_with_trigger.py
[2024-10-29T08:01:21.679+0000] {processor.py:914} INFO - Processing file /home/airflow/.local/lib/python3.11/site-packages/airflow/example_dags/example_latest_only_with_trigger.py for tasks to queue
[2024-10-29T08:01:21.681+0000] {logging_mixin.py:190} INFO - [2024-10-29T08:01:21.681+0000] {dagbag.py:588} INFO - Filling up the DagBag from /home/airflow/.local/lib/python3.11/site-packages/airflow/example_dags/example_latest_only_with_trigger.py
[2024-10-29T08:01:21.686+0000] {processor.py:925} INFO - DAG(s) 'latest_only_with_trigger' retrieved from /home/airflow/.local/lib/python3.11/site-packages/airflow/example_dags/example_latest_only_with_trigger.py
[2024-10-29T08:01:21.697+0000] {logging_mixin.py:190} INFO - [2024-10-29T08:01:21.697+0000] {dag.py:3239} INFO - Sync 1 DAGs
[2024-10-29T08:01:21.708+0000] {logging_mixin.py:190} INFO - [2024-10-29T08:01:21.708+0000] {dag.py:4180} INFO - Setting next_dagrun for latest_only_with_trigger to 2024-10-29 04:00:00+00:00, run_after=2024-10-29 08:00:00+00:00
[2024-10-29T08:01:21.717+0000] {processor.py:208} INFO - Processing /home/airflow/.local/lib/python3.11/site-packages/airflow/example_dags/example_latest_only_with_trigger.py took 0.044 seconds
[2024-10-29T08:01:52.432+0000] {processor.py:186} INFO - Started process (PID=48579) to work on /home/airflow/.local/lib/python3.11/site-packages/airflow/example_dags/example_latest_only_with_trigger.py
[2024-10-29T08:01:52.435+0000] {processor.py:914} INFO - Processing file /home/airflow/.local/lib/python3.11/site-packages/airflow/example_dags/example_latest_only_with_trigger.py for tasks to queue
[2024-10-29T08:01:52.437+0000] {logging_mixin.py:190} INFO - [2024-10-29T08:01:52.437+0000] {dagbag.py:588} INFO - Filling up the DagBag from /home/airflow/.local/lib/python3.11/site-packages/airflow/example_dags/example_latest_only_with_trigger.py
[2024-10-29T08:01:52.442+0000] {processor.py:925} INFO - DAG(s) 'latest_only_with_trigger' retrieved from /home/airflow/.local/lib/python3.11/site-packages/airflow/example_dags/example_latest_only_with_trigger.py
[2024-10-29T08:01:52.455+0000] {logging_mixin.py:190} INFO - [2024-10-29T08:01:52.455+0000] {dag.py:3239} INFO - Sync 1 DAGs
[2024-10-29T08:01:52.481+0000] {logging_mixin.py:190} INFO - [2024-10-29T08:01:52.481+0000] {dag.py:4180} INFO - Setting next_dagrun for latest_only_with_trigger to 2024-10-29 04:00:00+00:00, run_after=2024-10-29 08:00:00+00:00
[2024-10-29T08:01:52.495+0000] {processor.py:208} INFO - Processing /home/airflow/.local/lib/python3.11/site-packages/airflow/example_dags/example_latest_only_with_trigger.py took 0.069 seconds
[2024-10-29T08:02:23.175+0000] {processor.py:186} INFO - Started process (PID=48642) to work on /home/airflow/.local/lib/python3.11/site-packages/airflow/example_dags/example_latest_only_with_trigger.py
[2024-10-29T08:02:23.175+0000] {processor.py:914} INFO - Processing file /home/airflow/.local/lib/python3.11/site-packages/airflow/example_dags/example_latest_only_with_trigger.py for tasks to queue
[2024-10-29T08:02:23.177+0000] {logging_mixin.py:190} INFO - [2024-10-29T08:02:23.177+0000] {dagbag.py:588} INFO - Filling up the DagBag from /home/airflow/.local/lib/python3.11/site-packages/airflow/example_dags/example_latest_only_with_trigger.py
[2024-10-29T08:02:23.181+0000] {processor.py:925} INFO - DAG(s) 'latest_only_with_trigger' retrieved from /home/airflow/.local/lib/python3.11/site-packages/airflow/example_dags/example_latest_only_with_trigger.py
[2024-10-29T08:02:23.194+0000] {logging_mixin.py:190} INFO - [2024-10-29T08:02:23.194+0000] {dag.py:3239} INFO - Sync 1 DAGs
[2024-10-29T08:02:23.205+0000] {logging_mixin.py:190} INFO - [2024-10-29T08:02:23.205+0000] {dag.py:4180} INFO - Setting next_dagrun for latest_only_with_trigger to 2024-10-29 04:00:00+00:00, run_after=2024-10-29 08:00:00+00:00
[2024-10-29T08:02:23.214+0000] {processor.py:208} INFO - Processing /home/airflow/.local/lib/python3.11/site-packages/airflow/example_dags/example_latest_only_with_trigger.py took 0.043 seconds
[2024-10-29T08:02:53.821+0000] {processor.py:186} INFO - Started process (PID=48705) to work on /home/airflow/.local/lib/python3.11/site-packages/airflow/example_dags/example_latest_only_with_trigger.py
[2024-10-29T08:02:53.821+0000] {processor.py:914} INFO - Processing file /home/airflow/.local/lib/python3.11/site-packages/airflow/example_dags/example_latest_only_with_trigger.py for tasks to queue
[2024-10-29T08:02:53.823+0000] {logging_mixin.py:190} INFO - [2024-10-29T08:02:53.823+0000] {dagbag.py:588} INFO - Filling up the DagBag from /home/airflow/.local/lib/python3.11/site-packages/airflow/example_dags/example_latest_only_with_trigger.py
[2024-10-29T08:02:53.827+0000] {processor.py:925} INFO - DAG(s) 'latest_only_with_trigger' retrieved from /home/airflow/.local/lib/python3.11/site-packages/airflow/example_dags/example_latest_only_with_trigger.py
[2024-10-29T08:02:53.838+0000] {logging_mixin.py:190} INFO - [2024-10-29T08:02:53.838+0000] {dag.py:3239} INFO - Sync 1 DAGs
[2024-10-29T08:02:53.849+0000] {logging_mixin.py:190} INFO - [2024-10-29T08:02:53.849+0000] {dag.py:4180} INFO - Setting next_dagrun for latest_only_with_trigger to 2024-10-29 04:00:00+00:00, run_after=2024-10-29 08:00:00+00:00
[2024-10-29T08:02:53.858+0000] {processor.py:208} INFO - Processing /home/airflow/.local/lib/python3.11/site-packages/airflow/example_dags/example_latest_only_with_trigger.py took 0.040 seconds
[2024-10-29T08:03:24.253+0000] {processor.py:186} INFO - Started process (PID=48767) to work on /home/airflow/.local/lib/python3.11/site-packages/airflow/example_dags/example_latest_only_with_trigger.py
[2024-10-29T08:03:24.254+0000] {processor.py:914} INFO - Processing file /home/airflow/.local/lib/python3.11/site-packages/airflow/example_dags/example_latest_only_with_trigger.py for tasks to queue
[2024-10-29T08:03:24.255+0000] {logging_mixin.py:190} INFO - [2024-10-29T08:03:24.255+0000] {dagbag.py:588} INFO - Filling up the DagBag from /home/airflow/.local/lib/python3.11/site-packages/airflow/example_dags/example_latest_only_with_trigger.py
[2024-10-29T08:03:24.260+0000] {processor.py:925} INFO - DAG(s) 'latest_only_with_trigger' retrieved from /home/airflow/.local/lib/python3.11/site-packages/airflow/example_dags/example_latest_only_with_trigger.py
[2024-10-29T08:03:24.271+0000] {logging_mixin.py:190} INFO - [2024-10-29T08:03:24.271+0000] {dag.py:3239} INFO - Sync 1 DAGs
[2024-10-29T08:03:24.283+0000] {logging_mixin.py:190} INFO - [2024-10-29T08:03:24.283+0000] {dag.py:4180} INFO - Setting next_dagrun for latest_only_with_trigger to 2024-10-29 04:00:00+00:00, run_after=2024-10-29 08:00:00+00:00
[2024-10-29T08:03:24.291+0000] {processor.py:208} INFO - Processing /home/airflow/.local/lib/python3.11/site-packages/airflow/example_dags/example_latest_only_with_trigger.py took 0.042 seconds
[2024-10-29T08:03:54.652+0000] {processor.py:186} INFO - Started process (PID=48831) to work on /home/airflow/.local/lib/python3.11/site-packages/airflow/example_dags/example_latest_only_with_trigger.py
[2024-10-29T08:03:54.652+0000] {processor.py:914} INFO - Processing file /home/airflow/.local/lib/python3.11/site-packages/airflow/example_dags/example_latest_only_with_trigger.py for tasks to queue
[2024-10-29T08:03:54.654+0000] {logging_mixin.py:190} INFO - [2024-10-29T08:03:54.654+0000] {dagbag.py:588} INFO - Filling up the DagBag from /home/airflow/.local/lib/python3.11/site-packages/airflow/example_dags/example_latest_only_with_trigger.py
[2024-10-29T08:03:54.658+0000] {processor.py:925} INFO - DAG(s) 'latest_only_with_trigger' retrieved from /home/airflow/.local/lib/python3.11/site-packages/airflow/example_dags/example_latest_only_with_trigger.py
[2024-10-29T08:03:54.669+0000] {logging_mixin.py:190} INFO - [2024-10-29T08:03:54.669+0000] {dag.py:3239} INFO - Sync 1 DAGs
[2024-10-29T08:03:54.680+0000] {logging_mixin.py:190} INFO - [2024-10-29T08:03:54.679+0000] {dag.py:4180} INFO - Setting next_dagrun for latest_only_with_trigger to 2024-10-29 04:00:00+00:00, run_after=2024-10-29 08:00:00+00:00
[2024-10-29T08:03:54.688+0000] {processor.py:208} INFO - Processing /home/airflow/.local/lib/python3.11/site-packages/airflow/example_dags/example_latest_only_with_trigger.py took 0.039 seconds
[2024-10-29T08:04:25.199+0000] {processor.py:186} INFO - Started process (PID=48894) to work on /home/airflow/.local/lib/python3.11/site-packages/airflow/example_dags/example_latest_only_with_trigger.py
[2024-10-29T08:04:25.200+0000] {processor.py:914} INFO - Processing file /home/airflow/.local/lib/python3.11/site-packages/airflow/example_dags/example_latest_only_with_trigger.py for tasks to queue
[2024-10-29T08:04:25.201+0000] {logging_mixin.py:190} INFO - [2024-10-29T08:04:25.201+0000] {dagbag.py:588} INFO - Filling up the DagBag from /home/airflow/.local/lib/python3.11/site-packages/airflow/example_dags/example_latest_only_with_trigger.py
[2024-10-29T08:04:25.205+0000] {processor.py:925} INFO - DAG(s) 'latest_only_with_trigger' retrieved from /home/airflow/.local/lib/python3.11/site-packages/airflow/example_dags/example_latest_only_with_trigger.py
[2024-10-29T08:04:25.216+0000] {logging_mixin.py:190} INFO - [2024-10-29T08:04:25.216+0000] {dag.py:3239} INFO - Sync 1 DAGs
[2024-10-29T08:04:25.226+0000] {logging_mixin.py:190} INFO - [2024-10-29T08:04:25.226+0000] {dag.py:4180} INFO - Setting next_dagrun for latest_only_with_trigger to 2024-10-29 04:00:00+00:00, run_after=2024-10-29 08:00:00+00:00
[2024-10-29T08:04:25.235+0000] {processor.py:208} INFO - Processing /home/airflow/.local/lib/python3.11/site-packages/airflow/example_dags/example_latest_only_with_trigger.py took 0.040 seconds
[2024-10-29T08:04:55.553+0000] {processor.py:186} INFO - Started process (PID=48956) to work on /home/airflow/.local/lib/python3.11/site-packages/airflow/example_dags/example_latest_only_with_trigger.py
[2024-10-29T08:04:55.554+0000] {processor.py:914} INFO - Processing file /home/airflow/.local/lib/python3.11/site-packages/airflow/example_dags/example_latest_only_with_trigger.py for tasks to queue
[2024-10-29T08:04:55.555+0000] {logging_mixin.py:190} INFO - [2024-10-29T08:04:55.555+0000] {dagbag.py:588} INFO - Filling up the DagBag from /home/airflow/.local/lib/python3.11/site-packages/airflow/example_dags/example_latest_only_with_trigger.py
[2024-10-29T08:04:55.560+0000] {processor.py:925} INFO - DAG(s) 'latest_only_with_trigger' retrieved from /home/airflow/.local/lib/python3.11/site-packages/airflow/example_dags/example_latest_only_with_trigger.py
[2024-10-29T08:04:55.570+0000] {logging_mixin.py:190} INFO - [2024-10-29T08:04:55.570+0000] {dag.py:3239} INFO - Sync 1 DAGs
[2024-10-29T08:04:55.580+0000] {logging_mixin.py:190} INFO - [2024-10-29T08:04:55.580+0000] {dag.py:4180} INFO - Setting next_dagrun for latest_only_with_trigger to 2024-10-29 04:00:00+00:00, run_after=2024-10-29 08:00:00+00:00
[2024-10-29T08:04:55.588+0000] {processor.py:208} INFO - Processing /home/airflow/.local/lib/python3.11/site-packages/airflow/example_dags/example_latest_only_with_trigger.py took 0.038 seconds
[2024-10-29T08:05:26.311+0000] {processor.py:186} INFO - Started process (PID=49019) to work on /home/airflow/.local/lib/python3.11/site-packages/airflow/example_dags/example_latest_only_with_trigger.py
[2024-10-29T08:05:26.312+0000] {processor.py:914} INFO - Processing file /home/airflow/.local/lib/python3.11/site-packages/airflow/example_dags/example_latest_only_with_trigger.py for tasks to queue
[2024-10-29T08:05:26.313+0000] {logging_mixin.py:190} INFO - [2024-10-29T08:05:26.313+0000] {dagbag.py:588} INFO - Filling up the DagBag from /home/airflow/.local/lib/python3.11/site-packages/airflow/example_dags/example_latest_only_with_trigger.py
[2024-10-29T08:05:26.318+0000] {processor.py:925} INFO - DAG(s) 'latest_only_with_trigger' retrieved from /home/airflow/.local/lib/python3.11/site-packages/airflow/example_dags/example_latest_only_with_trigger.py
[2024-10-29T08:05:26.331+0000] {logging_mixin.py:190} INFO - [2024-10-29T08:05:26.331+0000] {dag.py:3239} INFO - Sync 1 DAGs
[2024-10-29T08:05:26.343+0000] {logging_mixin.py:190} INFO - [2024-10-29T08:05:26.343+0000] {dag.py:4180} INFO - Setting next_dagrun for latest_only_with_trigger to 2024-10-29 04:00:00+00:00, run_after=2024-10-29 08:00:00+00:00
[2024-10-29T08:05:26.351+0000] {processor.py:208} INFO - Processing /home/airflow/.local/lib/python3.11/site-packages/airflow/example_dags/example_latest_only_with_trigger.py took 0.044 seconds
[2024-10-29T08:05:56.753+0000] {processor.py:186} INFO - Started process (PID=49082) to work on /home/airflow/.local/lib/python3.11/site-packages/airflow/example_dags/example_latest_only_with_trigger.py
[2024-10-29T08:05:56.754+0000] {processor.py:914} INFO - Processing file /home/airflow/.local/lib/python3.11/site-packages/airflow/example_dags/example_latest_only_with_trigger.py for tasks to queue
[2024-10-29T08:05:56.755+0000] {logging_mixin.py:190} INFO - [2024-10-29T08:05:56.755+0000] {dagbag.py:588} INFO - Filling up the DagBag from /home/airflow/.local/lib/python3.11/site-packages/airflow/example_dags/example_latest_only_with_trigger.py
[2024-10-29T08:05:56.760+0000] {processor.py:925} INFO - DAG(s) 'latest_only_with_trigger' retrieved from /home/airflow/.local/lib/python3.11/site-packages/airflow/example_dags/example_latest_only_with_trigger.py
[2024-10-29T08:05:56.772+0000] {logging_mixin.py:190} INFO - [2024-10-29T08:05:56.772+0000] {dag.py:3239} INFO - Sync 1 DAGs
[2024-10-29T08:05:56.782+0000] {logging_mixin.py:190} INFO - [2024-10-29T08:05:56.782+0000] {dag.py:4180} INFO - Setting next_dagrun for latest_only_with_trigger to 2024-10-29 04:00:00+00:00, run_after=2024-10-29 08:00:00+00:00
[2024-10-29T08:05:56.790+0000] {processor.py:208} INFO - Processing /home/airflow/.local/lib/python3.11/site-packages/airflow/example_dags/example_latest_only_with_trigger.py took 0.040 seconds
[2024-10-29T08:06:27.130+0000] {processor.py:186} INFO - Started process (PID=49145) to work on /home/airflow/.local/lib/python3.11/site-packages/airflow/example_dags/example_latest_only_with_trigger.py
[2024-10-29T08:06:27.131+0000] {processor.py:914} INFO - Processing file /home/airflow/.local/lib/python3.11/site-packages/airflow/example_dags/example_latest_only_with_trigger.py for tasks to queue
[2024-10-29T08:06:27.132+0000] {logging_mixin.py:190} INFO - [2024-10-29T08:06:27.132+0000] {dagbag.py:588} INFO - Filling up the DagBag from /home/airflow/.local/lib/python3.11/site-packages/airflow/example_dags/example_latest_only_with_trigger.py
[2024-10-29T08:06:27.136+0000] {processor.py:925} INFO - DAG(s) 'latest_only_with_trigger' retrieved from /home/airflow/.local/lib/python3.11/site-packages/airflow/example_dags/example_latest_only_with_trigger.py
[2024-10-29T08:06:27.147+0000] {logging_mixin.py:190} INFO - [2024-10-29T08:06:27.147+0000] {dag.py:3239} INFO - Sync 1 DAGs
[2024-10-29T08:06:27.158+0000] {logging_mixin.py:190} INFO - [2024-10-29T08:06:27.158+0000] {dag.py:4180} INFO - Setting next_dagrun for latest_only_with_trigger to 2024-10-29 04:00:00+00:00, run_after=2024-10-29 08:00:00+00:00
[2024-10-29T08:06:27.165+0000] {processor.py:208} INFO - Processing /home/airflow/.local/lib/python3.11/site-packages/airflow/example_dags/example_latest_only_with_trigger.py took 0.039 seconds
[2024-10-29T08:06:58.565+0000] {processor.py:186} INFO - Started process (PID=49209) to work on /home/airflow/.local/lib/python3.11/site-packages/airflow/example_dags/example_latest_only_with_trigger.py
[2024-10-29T08:06:58.566+0000] {processor.py:914} INFO - Processing file /home/airflow/.local/lib/python3.11/site-packages/airflow/example_dags/example_latest_only_with_trigger.py for tasks to queue
[2024-10-29T08:06:58.567+0000] {logging_mixin.py:190} INFO - [2024-10-29T08:06:58.567+0000] {dagbag.py:588} INFO - Filling up the DagBag from /home/airflow/.local/lib/python3.11/site-packages/airflow/example_dags/example_latest_only_with_trigger.py
[2024-10-29T08:06:58.573+0000] {processor.py:925} INFO - DAG(s) 'latest_only_with_trigger' retrieved from /home/airflow/.local/lib/python3.11/site-packages/airflow/example_dags/example_latest_only_with_trigger.py
[2024-10-29T08:06:58.585+0000] {logging_mixin.py:190} INFO - [2024-10-29T08:06:58.585+0000] {dag.py:3239} INFO - Sync 1 DAGs
[2024-10-29T08:06:58.597+0000] {logging_mixin.py:190} INFO - [2024-10-29T08:06:58.597+0000] {dag.py:4180} INFO - Setting next_dagrun for latest_only_with_trigger to 2024-10-29 04:00:00+00:00, run_after=2024-10-29 08:00:00+00:00
[2024-10-29T08:06:58.606+0000] {processor.py:208} INFO - Processing /home/airflow/.local/lib/python3.11/site-packages/airflow/example_dags/example_latest_only_with_trigger.py took 0.053 seconds
[2024-10-29T08:07:29.403+0000] {processor.py:186} INFO - Started process (PID=49272) to work on /home/airflow/.local/lib/python3.11/site-packages/airflow/example_dags/example_latest_only_with_trigger.py
[2024-10-29T08:07:29.404+0000] {processor.py:914} INFO - Processing file /home/airflow/.local/lib/python3.11/site-packages/airflow/example_dags/example_latest_only_with_trigger.py for tasks to queue
[2024-10-29T08:07:29.406+0000] {logging_mixin.py:190} INFO - [2024-10-29T08:07:29.405+0000] {dagbag.py:588} INFO - Filling up the DagBag from /home/airflow/.local/lib/python3.11/site-packages/airflow/example_dags/example_latest_only_with_trigger.py
[2024-10-29T08:07:29.411+0000] {processor.py:925} INFO - DAG(s) 'latest_only_with_trigger' retrieved from /home/airflow/.local/lib/python3.11/site-packages/airflow/example_dags/example_latest_only_with_trigger.py
[2024-10-29T08:07:29.427+0000] {logging_mixin.py:190} INFO - [2024-10-29T08:07:29.426+0000] {dag.py:3239} INFO - Sync 1 DAGs
[2024-10-29T08:07:29.439+0000] {logging_mixin.py:190} INFO - [2024-10-29T08:07:29.439+0000] {dag.py:4180} INFO - Setting next_dagrun for latest_only_with_trigger to 2024-10-29 04:00:00+00:00, run_after=2024-10-29 08:00:00+00:00
[2024-10-29T08:07:29.448+0000] {processor.py:208} INFO - Processing /home/airflow/.local/lib/python3.11/site-packages/airflow/example_dags/example_latest_only_with_trigger.py took 0.048 seconds
[2024-10-29T08:08:00.306+0000] {processor.py:186} INFO - Started process (PID=49335) to work on /home/airflow/.local/lib/python3.11/site-packages/airflow/example_dags/example_latest_only_with_trigger.py
[2024-10-29T08:08:00.307+0000] {processor.py:914} INFO - Processing file /home/airflow/.local/lib/python3.11/site-packages/airflow/example_dags/example_latest_only_with_trigger.py for tasks to queue
[2024-10-29T08:08:00.308+0000] {logging_mixin.py:190} INFO - [2024-10-29T08:08:00.308+0000] {dagbag.py:588} INFO - Filling up the DagBag from /home/airflow/.local/lib/python3.11/site-packages/airflow/example_dags/example_latest_only_with_trigger.py
[2024-10-29T08:08:00.313+0000] {processor.py:925} INFO - DAG(s) 'latest_only_with_trigger' retrieved from /home/airflow/.local/lib/python3.11/site-packages/airflow/example_dags/example_latest_only_with_trigger.py
[2024-10-29T08:08:00.328+0000] {logging_mixin.py:190} INFO - [2024-10-29T08:08:00.328+0000] {dag.py:3239} INFO - Sync 1 DAGs
[2024-10-29T08:08:00.345+0000] {logging_mixin.py:190} INFO - [2024-10-29T08:08:00.345+0000] {dag.py:4180} INFO - Setting next_dagrun for latest_only_with_trigger to 2024-10-29 04:00:00+00:00, run_after=2024-10-29 08:00:00+00:00
[2024-10-29T08:08:00.357+0000] {processor.py:208} INFO - Processing /home/airflow/.local/lib/python3.11/site-packages/airflow/example_dags/example_latest_only_with_trigger.py took 0.055 seconds
[2024-10-29T08:08:31.520+0000] {processor.py:186} INFO - Started process (PID=49398) to work on /home/airflow/.local/lib/python3.11/site-packages/airflow/example_dags/example_latest_only_with_trigger.py
[2024-10-29T08:08:31.520+0000] {processor.py:914} INFO - Processing file /home/airflow/.local/lib/python3.11/site-packages/airflow/example_dags/example_latest_only_with_trigger.py for tasks to queue
[2024-10-29T08:08:31.522+0000] {logging_mixin.py:190} INFO - [2024-10-29T08:08:31.522+0000] {dagbag.py:588} INFO - Filling up the DagBag from /home/airflow/.local/lib/python3.11/site-packages/airflow/example_dags/example_latest_only_with_trigger.py
[2024-10-29T08:08:31.526+0000] {processor.py:925} INFO - DAG(s) 'latest_only_with_trigger' retrieved from /home/airflow/.local/lib/python3.11/site-packages/airflow/example_dags/example_latest_only_with_trigger.py
[2024-10-29T08:08:31.538+0000] {logging_mixin.py:190} INFO - [2024-10-29T08:08:31.538+0000] {dag.py:3239} INFO - Sync 1 DAGs
[2024-10-29T08:08:31.551+0000] {logging_mixin.py:190} INFO - [2024-10-29T08:08:31.550+0000] {dag.py:4180} INFO - Setting next_dagrun for latest_only_with_trigger to 2024-10-29 04:00:00+00:00, run_after=2024-10-29 08:00:00+00:00
[2024-10-29T08:08:31.559+0000] {processor.py:208} INFO - Processing /home/airflow/.local/lib/python3.11/site-packages/airflow/example_dags/example_latest_only_with_trigger.py took 0.043 seconds
[2024-10-29T08:09:02.910+0000] {processor.py:186} INFO - Started process (PID=49460) to work on /home/airflow/.local/lib/python3.11/site-packages/airflow/example_dags/example_latest_only_with_trigger.py
[2024-10-29T08:09:02.911+0000] {processor.py:914} INFO - Processing file /home/airflow/.local/lib/python3.11/site-packages/airflow/example_dags/example_latest_only_with_trigger.py for tasks to queue
[2024-10-29T08:09:02.913+0000] {logging_mixin.py:190} INFO - [2024-10-29T08:09:02.913+0000] {dagbag.py:588} INFO - Filling up the DagBag from /home/airflow/.local/lib/python3.11/site-packages/airflow/example_dags/example_latest_only_with_trigger.py
[2024-10-29T08:09:02.920+0000] {processor.py:925} INFO - DAG(s) 'latest_only_with_trigger' retrieved from /home/airflow/.local/lib/python3.11/site-packages/airflow/example_dags/example_latest_only_with_trigger.py
[2024-10-29T08:09:02.950+0000] {logging_mixin.py:190} INFO - [2024-10-29T08:09:02.950+0000] {dag.py:3239} INFO - Sync 1 DAGs
[2024-10-29T08:09:02.974+0000] {logging_mixin.py:190} INFO - [2024-10-29T08:09:02.974+0000] {dag.py:4180} INFO - Setting next_dagrun for latest_only_with_trigger to 2024-10-29 04:00:00+00:00, run_after=2024-10-29 08:00:00+00:00
[2024-10-29T08:09:02.989+0000] {processor.py:208} INFO - Processing /home/airflow/.local/lib/python3.11/site-packages/airflow/example_dags/example_latest_only_with_trigger.py took 0.085 seconds
[2024-10-29T08:09:33.864+0000] {processor.py:186} INFO - Started process (PID=49523) to work on /home/airflow/.local/lib/python3.11/site-packages/airflow/example_dags/example_latest_only_with_trigger.py
[2024-10-29T08:09:33.866+0000] {processor.py:914} INFO - Processing file /home/airflow/.local/lib/python3.11/site-packages/airflow/example_dags/example_latest_only_with_trigger.py for tasks to queue
[2024-10-29T08:09:33.870+0000] {logging_mixin.py:190} INFO - [2024-10-29T08:09:33.869+0000] {dagbag.py:588} INFO - Filling up the DagBag from /home/airflow/.local/lib/python3.11/site-packages/airflow/example_dags/example_latest_only_with_trigger.py
[2024-10-29T08:09:33.879+0000] {processor.py:925} INFO - DAG(s) 'latest_only_with_trigger' retrieved from /home/airflow/.local/lib/python3.11/site-packages/airflow/example_dags/example_latest_only_with_trigger.py
[2024-10-29T08:09:33.902+0000] {logging_mixin.py:190} INFO - [2024-10-29T08:09:33.902+0000] {dag.py:3239} INFO - Sync 1 DAGs
[2024-10-29T08:09:33.938+0000] {logging_mixin.py:190} INFO - [2024-10-29T08:09:33.936+0000] {dag.py:4180} INFO - Setting next_dagrun for latest_only_with_trigger to 2024-10-29 04:00:00+00:00, run_after=2024-10-29 08:00:00+00:00
[2024-10-29T08:09:33.955+0000] {processor.py:208} INFO - Processing /home/airflow/.local/lib/python3.11/site-packages/airflow/example_dags/example_latest_only_with_trigger.py took 0.104 seconds
[2024-10-29T08:10:05.136+0000] {processor.py:186} INFO - Started process (PID=49585) to work on /home/airflow/.local/lib/python3.11/site-packages/airflow/example_dags/example_latest_only_with_trigger.py
[2024-10-29T08:10:05.137+0000] {processor.py:914} INFO - Processing file /home/airflow/.local/lib/python3.11/site-packages/airflow/example_dags/example_latest_only_with_trigger.py for tasks to queue
[2024-10-29T08:10:05.139+0000] {logging_mixin.py:190} INFO - [2024-10-29T08:10:05.139+0000] {dagbag.py:588} INFO - Filling up the DagBag from /home/airflow/.local/lib/python3.11/site-packages/airflow/example_dags/example_latest_only_with_trigger.py
[2024-10-29T08:10:05.147+0000] {processor.py:925} INFO - DAG(s) 'latest_only_with_trigger' retrieved from /home/airflow/.local/lib/python3.11/site-packages/airflow/example_dags/example_latest_only_with_trigger.py
[2024-10-29T08:10:05.162+0000] {logging_mixin.py:190} INFO - [2024-10-29T08:10:05.162+0000] {dag.py:3239} INFO - Sync 1 DAGs
[2024-10-29T08:10:05.176+0000] {logging_mixin.py:190} INFO - [2024-10-29T08:10:05.176+0000] {dag.py:4180} INFO - Setting next_dagrun for latest_only_with_trigger to 2024-10-29 04:00:00+00:00, run_after=2024-10-29 08:00:00+00:00
[2024-10-29T08:10:05.184+0000] {processor.py:208} INFO - Processing /home/airflow/.local/lib/python3.11/site-packages/airflow/example_dags/example_latest_only_with_trigger.py took 0.055 seconds
[2024-10-29T08:10:38.766+0000] {processor.py:186} INFO - Started process (PID=49649) to work on /home/airflow/.local/lib/python3.11/site-packages/airflow/example_dags/example_latest_only_with_trigger.py
[2024-10-29T08:10:38.767+0000] {processor.py:914} INFO - Processing file /home/airflow/.local/lib/python3.11/site-packages/airflow/example_dags/example_latest_only_with_trigger.py for tasks to queue
[2024-10-29T08:10:38.774+0000] {logging_mixin.py:190} INFO - [2024-10-29T08:10:38.773+0000] {dagbag.py:588} INFO - Filling up the DagBag from /home/airflow/.local/lib/python3.11/site-packages/airflow/example_dags/example_latest_only_with_trigger.py
[2024-10-29T08:10:38.786+0000] {processor.py:925} INFO - DAG(s) 'latest_only_with_trigger' retrieved from /home/airflow/.local/lib/python3.11/site-packages/airflow/example_dags/example_latest_only_with_trigger.py
[2024-10-29T08:10:38.811+0000] {logging_mixin.py:190} INFO - [2024-10-29T08:10:38.811+0000] {dag.py:3239} INFO - Sync 1 DAGs
[2024-10-29T08:10:38.842+0000] {logging_mixin.py:190} INFO - [2024-10-29T08:10:38.841+0000] {dag.py:4180} INFO - Setting next_dagrun for latest_only_with_trigger to 2024-10-29 04:00:00+00:00, run_after=2024-10-29 08:00:00+00:00
[2024-10-29T08:10:38.856+0000] {processor.py:208} INFO - Processing /home/airflow/.local/lib/python3.11/site-packages/airflow/example_dags/example_latest_only_with_trigger.py took 0.096 seconds
[2024-10-29T18:53:12.570+0000] {processor.py:186} INFO - Started process (PID=91) to work on /home/airflow/.local/lib/python3.11/site-packages/airflow/example_dags/example_latest_only_with_trigger.py
[2024-10-29T18:53:12.573+0000] {processor.py:914} INFO - Processing file /home/airflow/.local/lib/python3.11/site-packages/airflow/example_dags/example_latest_only_with_trigger.py for tasks to queue
[2024-10-29T18:53:12.580+0000] {logging_mixin.py:190} INFO - [2024-10-29T18:53:12.580+0000] {dagbag.py:588} INFO - Filling up the DagBag from /home/airflow/.local/lib/python3.11/site-packages/airflow/example_dags/example_latest_only_with_trigger.py
[2024-10-29T18:53:12.618+0000] {processor.py:925} INFO - DAG(s) 'latest_only_with_trigger' retrieved from /home/airflow/.local/lib/python3.11/site-packages/airflow/example_dags/example_latest_only_with_trigger.py
[2024-10-29T18:53:12.652+0000] {logging_mixin.py:190} INFO - [2024-10-29T18:53:12.652+0000] {dag.py:3239} INFO - Sync 1 DAGs
[2024-10-29T18:53:13.866+0000] {logging_mixin.py:190} INFO - [2024-10-29T18:53:13.865+0000] {dag.py:4180} INFO - Setting next_dagrun for latest_only_with_trigger to 2024-10-29 12:00:00+00:00, run_after=2024-10-29 16:00:00+00:00
[2024-10-29T18:53:13.920+0000] {processor.py:208} INFO - Processing /home/airflow/.local/lib/python3.11/site-packages/airflow/example_dags/example_latest_only_with_trigger.py took 1.376 seconds
[2024-10-29T18:53:49.055+0000] {processor.py:186} INFO - Started process (PID=154) to work on /home/airflow/.local/lib/python3.11/site-packages/airflow/example_dags/example_latest_only_with_trigger.py
[2024-10-29T18:53:49.061+0000] {processor.py:914} INFO - Processing file /home/airflow/.local/lib/python3.11/site-packages/airflow/example_dags/example_latest_only_with_trigger.py for tasks to queue
[2024-10-29T18:53:49.065+0000] {logging_mixin.py:190} INFO - [2024-10-29T18:53:49.065+0000] {dagbag.py:588} INFO - Filling up the DagBag from /home/airflow/.local/lib/python3.11/site-packages/airflow/example_dags/example_latest_only_with_trigger.py
[2024-10-29T18:53:49.243+0000] {processor.py:925} INFO - DAG(s) 'latest_only_with_trigger' retrieved from /home/airflow/.local/lib/python3.11/site-packages/airflow/example_dags/example_latest_only_with_trigger.py
[2024-10-29T18:53:49.388+0000] {logging_mixin.py:190} INFO - [2024-10-29T18:53:49.387+0000] {dag.py:3239} INFO - Sync 1 DAGs
[2024-10-29T18:53:53.790+0000] {logging_mixin.py:190} INFO - [2024-10-29T18:53:53.790+0000] {dag.py:4180} INFO - Setting next_dagrun for latest_only_with_trigger to 2024-10-29 12:00:00+00:00, run_after=2024-10-29 16:00:00+00:00
[2024-10-29T18:53:53.906+0000] {processor.py:208} INFO - Processing /home/airflow/.local/lib/python3.11/site-packages/airflow/example_dags/example_latest_only_with_trigger.py took 4.859 seconds
[2024-10-29T18:54:30.537+0000] {processor.py:186} INFO - Started process (PID=217) to work on /home/airflow/.local/lib/python3.11/site-packages/airflow/example_dags/example_latest_only_with_trigger.py
[2024-10-29T18:54:30.540+0000] {processor.py:914} INFO - Processing file /home/airflow/.local/lib/python3.11/site-packages/airflow/example_dags/example_latest_only_with_trigger.py for tasks to queue
[2024-10-29T18:54:30.546+0000] {logging_mixin.py:190} INFO - [2024-10-29T18:54:30.545+0000] {dagbag.py:588} INFO - Filling up the DagBag from /home/airflow/.local/lib/python3.11/site-packages/airflow/example_dags/example_latest_only_with_trigger.py
[2024-10-29T18:54:30.561+0000] {processor.py:925} INFO - DAG(s) 'latest_only_with_trigger' retrieved from /home/airflow/.local/lib/python3.11/site-packages/airflow/example_dags/example_latest_only_with_trigger.py
[2024-10-29T18:54:30.619+0000] {logging_mixin.py:190} INFO - [2024-10-29T18:54:30.619+0000] {dag.py:3239} INFO - Sync 1 DAGs
[2024-10-29T18:54:30.953+0000] {logging_mixin.py:190} INFO - [2024-10-29T18:54:30.953+0000] {dag.py:4180} INFO - Setting next_dagrun for latest_only_with_trigger to 2024-10-29 12:00:00+00:00, run_after=2024-10-29 16:00:00+00:00
[2024-10-29T18:54:30.997+0000] {processor.py:208} INFO - Processing /home/airflow/.local/lib/python3.11/site-packages/airflow/example_dags/example_latest_only_with_trigger.py took 0.488 seconds
[2024-10-29T18:55:23.153+0000] {processor.py:186} INFO - Started process (PID=285) to work on /home/airflow/.local/lib/python3.11/site-packages/airflow/example_dags/example_latest_only_with_trigger.py
[2024-10-29T18:55:23.216+0000] {processor.py:914} INFO - Processing file /home/airflow/.local/lib/python3.11/site-packages/airflow/example_dags/example_latest_only_with_trigger.py for tasks to queue
[2024-10-29T18:55:23.221+0000] {logging_mixin.py:190} INFO - [2024-10-29T18:55:23.221+0000] {dagbag.py:588} INFO - Filling up the DagBag from /home/airflow/.local/lib/python3.11/site-packages/airflow/example_dags/example_latest_only_with_trigger.py
[2024-10-29T18:55:23.306+0000] {processor.py:925} INFO - DAG(s) 'latest_only_with_trigger' retrieved from /home/airflow/.local/lib/python3.11/site-packages/airflow/example_dags/example_latest_only_with_trigger.py
[2024-10-29T18:55:23.614+0000] {logging_mixin.py:190} INFO - [2024-10-29T18:55:23.608+0000] {dag.py:3239} INFO - Sync 1 DAGs
[2024-10-29T18:55:25.712+0000] {logging_mixin.py:190} INFO - [2024-10-29T18:55:25.711+0000] {dag.py:4180} INFO - Setting next_dagrun for latest_only_with_trigger to 2024-10-29 12:00:00+00:00, run_after=2024-10-29 16:00:00+00:00
[2024-10-29T18:55:25.813+0000] {processor.py:208} INFO - Processing /home/airflow/.local/lib/python3.11/site-packages/airflow/example_dags/example_latest_only_with_trigger.py took 2.682 seconds
[2024-10-29T18:55:56.260+0000] {processor.py:186} INFO - Started process (PID=346) to work on /home/airflow/.local/lib/python3.11/site-packages/airflow/example_dags/example_latest_only_with_trigger.py
[2024-10-29T18:55:56.264+0000] {processor.py:914} INFO - Processing file /home/airflow/.local/lib/python3.11/site-packages/airflow/example_dags/example_latest_only_with_trigger.py for tasks to queue
[2024-10-29T18:55:56.272+0000] {logging_mixin.py:190} INFO - [2024-10-29T18:55:56.271+0000] {dagbag.py:588} INFO - Filling up the DagBag from /home/airflow/.local/lib/python3.11/site-packages/airflow/example_dags/example_latest_only_with_trigger.py
[2024-10-29T18:55:56.312+0000] {processor.py:925} INFO - DAG(s) 'latest_only_with_trigger' retrieved from /home/airflow/.local/lib/python3.11/site-packages/airflow/example_dags/example_latest_only_with_trigger.py
[2024-10-29T18:55:56.406+0000] {logging_mixin.py:190} INFO - [2024-10-29T18:55:56.406+0000] {dag.py:3239} INFO - Sync 1 DAGs
[2024-10-29T18:55:56.463+0000] {logging_mixin.py:190} INFO - [2024-10-29T18:55:56.463+0000] {dag.py:4180} INFO - Setting next_dagrun for latest_only_with_trigger to 2024-10-29 12:00:00+00:00, run_after=2024-10-29 16:00:00+00:00
[2024-10-29T18:55:56.514+0000] {processor.py:208} INFO - Processing /home/airflow/.local/lib/python3.11/site-packages/airflow/example_dags/example_latest_only_with_trigger.py took 0.275 seconds
[2024-10-29T18:56:27.059+0000] {processor.py:186} INFO - Started process (PID=409) to work on /home/airflow/.local/lib/python3.11/site-packages/airflow/example_dags/example_latest_only_with_trigger.py
[2024-10-29T18:56:27.060+0000] {processor.py:914} INFO - Processing file /home/airflow/.local/lib/python3.11/site-packages/airflow/example_dags/example_latest_only_with_trigger.py for tasks to queue
[2024-10-29T18:56:27.061+0000] {logging_mixin.py:190} INFO - [2024-10-29T18:56:27.061+0000] {dagbag.py:588} INFO - Filling up the DagBag from /home/airflow/.local/lib/python3.11/site-packages/airflow/example_dags/example_latest_only_with_trigger.py
[2024-10-29T18:56:27.067+0000] {processor.py:925} INFO - DAG(s) 'latest_only_with_trigger' retrieved from /home/airflow/.local/lib/python3.11/site-packages/airflow/example_dags/example_latest_only_with_trigger.py
[2024-10-29T18:56:27.078+0000] {logging_mixin.py:190} INFO - [2024-10-29T18:56:27.078+0000] {dag.py:3239} INFO - Sync 1 DAGs
[2024-10-29T18:56:27.089+0000] {logging_mixin.py:190} INFO - [2024-10-29T18:56:27.089+0000] {dag.py:4180} INFO - Setting next_dagrun for latest_only_with_trigger to 2024-10-29 12:00:00+00:00, run_after=2024-10-29 16:00:00+00:00
[2024-10-29T18:56:27.097+0000] {processor.py:208} INFO - Processing /home/airflow/.local/lib/python3.11/site-packages/airflow/example_dags/example_latest_only_with_trigger.py took 0.042 seconds
[2024-10-29T18:56:57.806+0000] {processor.py:186} INFO - Started process (PID=472) to work on /home/airflow/.local/lib/python3.11/site-packages/airflow/example_dags/example_latest_only_with_trigger.py
[2024-10-29T18:56:57.808+0000] {processor.py:914} INFO - Processing file /home/airflow/.local/lib/python3.11/site-packages/airflow/example_dags/example_latest_only_with_trigger.py for tasks to queue
[2024-10-29T18:56:57.812+0000] {logging_mixin.py:190} INFO - [2024-10-29T18:56:57.811+0000] {dagbag.py:588} INFO - Filling up the DagBag from /home/airflow/.local/lib/python3.11/site-packages/airflow/example_dags/example_latest_only_with_trigger.py
[2024-10-29T18:56:57.826+0000] {processor.py:925} INFO - DAG(s) 'latest_only_with_trigger' retrieved from /home/airflow/.local/lib/python3.11/site-packages/airflow/example_dags/example_latest_only_with_trigger.py
[2024-10-29T18:56:57.852+0000] {logging_mixin.py:190} INFO - [2024-10-29T18:56:57.852+0000] {dag.py:3239} INFO - Sync 1 DAGs
[2024-10-29T18:56:57.867+0000] {logging_mixin.py:190} INFO - [2024-10-29T18:56:57.867+0000] {dag.py:4180} INFO - Setting next_dagrun for latest_only_with_trigger to 2024-10-29 12:00:00+00:00, run_after=2024-10-29 16:00:00+00:00
[2024-10-29T18:56:57.875+0000] {processor.py:208} INFO - Processing /home/airflow/.local/lib/python3.11/site-packages/airflow/example_dags/example_latest_only_with_trigger.py took 0.076 seconds
[2024-10-29T18:57:28.536+0000] {processor.py:186} INFO - Started process (PID=535) to work on /home/airflow/.local/lib/python3.11/site-packages/airflow/example_dags/example_latest_only_with_trigger.py
[2024-10-29T18:57:28.538+0000] {processor.py:914} INFO - Processing file /home/airflow/.local/lib/python3.11/site-packages/airflow/example_dags/example_latest_only_with_trigger.py for tasks to queue
[2024-10-29T18:57:28.542+0000] {logging_mixin.py:190} INFO - [2024-10-29T18:57:28.542+0000] {dagbag.py:588} INFO - Filling up the DagBag from /home/airflow/.local/lib/python3.11/site-packages/airflow/example_dags/example_latest_only_with_trigger.py
[2024-10-29T18:57:28.555+0000] {processor.py:925} INFO - DAG(s) 'latest_only_with_trigger' retrieved from /home/airflow/.local/lib/python3.11/site-packages/airflow/example_dags/example_latest_only_with_trigger.py
[2024-10-29T18:57:28.596+0000] {logging_mixin.py:190} INFO - [2024-10-29T18:57:28.596+0000] {dag.py:3239} INFO - Sync 1 DAGs
[2024-10-29T18:57:28.618+0000] {logging_mixin.py:190} INFO - [2024-10-29T18:57:28.618+0000] {dag.py:4180} INFO - Setting next_dagrun for latest_only_with_trigger to 2024-10-29 12:00:00+00:00, run_after=2024-10-29 16:00:00+00:00
[2024-10-29T18:57:28.633+0000] {processor.py:208} INFO - Processing /home/airflow/.local/lib/python3.11/site-packages/airflow/example_dags/example_latest_only_with_trigger.py took 0.109 seconds
[2024-10-29T18:57:59.501+0000] {processor.py:186} INFO - Started process (PID=598) to work on /home/airflow/.local/lib/python3.11/site-packages/airflow/example_dags/example_latest_only_with_trigger.py
[2024-10-29T18:57:59.503+0000] {processor.py:914} INFO - Processing file /home/airflow/.local/lib/python3.11/site-packages/airflow/example_dags/example_latest_only_with_trigger.py for tasks to queue
[2024-10-29T18:57:59.507+0000] {logging_mixin.py:190} INFO - [2024-10-29T18:57:59.507+0000] {dagbag.py:588} INFO - Filling up the DagBag from /home/airflow/.local/lib/python3.11/site-packages/airflow/example_dags/example_latest_only_with_trigger.py
[2024-10-29T18:57:59.521+0000] {processor.py:925} INFO - DAG(s) 'latest_only_with_trigger' retrieved from /home/airflow/.local/lib/python3.11/site-packages/airflow/example_dags/example_latest_only_with_trigger.py
[2024-10-29T18:57:59.549+0000] {logging_mixin.py:190} INFO - [2024-10-29T18:57:59.549+0000] {dag.py:3239} INFO - Sync 1 DAGs
[2024-10-29T18:57:59.569+0000] {logging_mixin.py:190} INFO - [2024-10-29T18:57:59.569+0000] {dag.py:4180} INFO - Setting next_dagrun for latest_only_with_trigger to 2024-10-29 12:00:00+00:00, run_after=2024-10-29 16:00:00+00:00
[2024-10-29T18:57:59.580+0000] {processor.py:208} INFO - Processing /home/airflow/.local/lib/python3.11/site-packages/airflow/example_dags/example_latest_only_with_trigger.py took 0.105 seconds
[2024-10-29T18:58:30.215+0000] {processor.py:186} INFO - Started process (PID=661) to work on /home/airflow/.local/lib/python3.11/site-packages/airflow/example_dags/example_latest_only_with_trigger.py
[2024-10-29T18:58:30.218+0000] {processor.py:914} INFO - Processing file /home/airflow/.local/lib/python3.11/site-packages/airflow/example_dags/example_latest_only_with_trigger.py for tasks to queue
[2024-10-29T18:58:30.223+0000] {logging_mixin.py:190} INFO - [2024-10-29T18:58:30.223+0000] {dagbag.py:588} INFO - Filling up the DagBag from /home/airflow/.local/lib/python3.11/site-packages/airflow/example_dags/example_latest_only_with_trigger.py
[2024-10-29T18:58:30.238+0000] {processor.py:925} INFO - DAG(s) 'latest_only_with_trigger' retrieved from /home/airflow/.local/lib/python3.11/site-packages/airflow/example_dags/example_latest_only_with_trigger.py
[2024-10-29T18:58:30.256+0000] {logging_mixin.py:190} INFO - [2024-10-29T18:58:30.256+0000] {dag.py:3239} INFO - Sync 1 DAGs
[2024-10-29T18:58:30.271+0000] {logging_mixin.py:190} INFO - [2024-10-29T18:58:30.271+0000] {dag.py:4180} INFO - Setting next_dagrun for latest_only_with_trigger to 2024-10-29 12:00:00+00:00, run_after=2024-10-29 16:00:00+00:00
[2024-10-29T18:58:30.280+0000] {processor.py:208} INFO - Processing /home/airflow/.local/lib/python3.11/site-packages/airflow/example_dags/example_latest_only_with_trigger.py took 0.081 seconds
[2024-10-29T18:59:00.400+0000] {processor.py:186} INFO - Started process (PID=724) to work on /home/airflow/.local/lib/python3.11/site-packages/airflow/example_dags/example_latest_only_with_trigger.py
[2024-10-29T18:59:00.402+0000] {processor.py:914} INFO - Processing file /home/airflow/.local/lib/python3.11/site-packages/airflow/example_dags/example_latest_only_with_trigger.py for tasks to queue
[2024-10-29T18:59:00.405+0000] {logging_mixin.py:190} INFO - [2024-10-29T18:59:00.404+0000] {dagbag.py:588} INFO - Filling up the DagBag from /home/airflow/.local/lib/python3.11/site-packages/airflow/example_dags/example_latest_only_with_trigger.py
[2024-10-29T18:59:00.414+0000] {processor.py:925} INFO - DAG(s) 'latest_only_with_trigger' retrieved from /home/airflow/.local/lib/python3.11/site-packages/airflow/example_dags/example_latest_only_with_trigger.py
[2024-10-29T18:59:00.434+0000] {logging_mixin.py:190} INFO - [2024-10-29T18:59:00.434+0000] {dag.py:3239} INFO - Sync 1 DAGs
[2024-10-29T18:59:00.448+0000] {logging_mixin.py:190} INFO - [2024-10-29T18:59:00.448+0000] {dag.py:4180} INFO - Setting next_dagrun for latest_only_with_trigger to 2024-10-29 12:00:00+00:00, run_after=2024-10-29 16:00:00+00:00
[2024-10-29T18:59:00.457+0000] {processor.py:208} INFO - Processing /home/airflow/.local/lib/python3.11/site-packages/airflow/example_dags/example_latest_only_with_trigger.py took 0.067 seconds
[2024-10-29T18:59:30.629+0000] {processor.py:186} INFO - Started process (PID=787) to work on /home/airflow/.local/lib/python3.11/site-packages/airflow/example_dags/example_latest_only_with_trigger.py
[2024-10-29T18:59:30.631+0000] {processor.py:914} INFO - Processing file /home/airflow/.local/lib/python3.11/site-packages/airflow/example_dags/example_latest_only_with_trigger.py for tasks to queue
[2024-10-29T18:59:30.635+0000] {logging_mixin.py:190} INFO - [2024-10-29T18:59:30.634+0000] {dagbag.py:588} INFO - Filling up the DagBag from /home/airflow/.local/lib/python3.11/site-packages/airflow/example_dags/example_latest_only_with_trigger.py
[2024-10-29T18:59:30.651+0000] {processor.py:925} INFO - DAG(s) 'latest_only_with_trigger' retrieved from /home/airflow/.local/lib/python3.11/site-packages/airflow/example_dags/example_latest_only_with_trigger.py
[2024-10-29T18:59:30.685+0000] {logging_mixin.py:190} INFO - [2024-10-29T18:59:30.685+0000] {dag.py:3239} INFO - Sync 1 DAGs
[2024-10-29T18:59:30.704+0000] {logging_mixin.py:190} INFO - [2024-10-29T18:59:30.704+0000] {dag.py:4180} INFO - Setting next_dagrun for latest_only_with_trigger to 2024-10-29 12:00:00+00:00, run_after=2024-10-29 16:00:00+00:00
[2024-10-29T18:59:30.714+0000] {processor.py:208} INFO - Processing /home/airflow/.local/lib/python3.11/site-packages/airflow/example_dags/example_latest_only_with_trigger.py took 0.095 seconds
[2024-10-29T19:00:01.265+0000] {processor.py:186} INFO - Started process (PID=849) to work on /home/airflow/.local/lib/python3.11/site-packages/airflow/example_dags/example_latest_only_with_trigger.py
[2024-10-29T19:00:01.267+0000] {processor.py:914} INFO - Processing file /home/airflow/.local/lib/python3.11/site-packages/airflow/example_dags/example_latest_only_with_trigger.py for tasks to queue
[2024-10-29T19:00:01.269+0000] {logging_mixin.py:190} INFO - [2024-10-29T19:00:01.269+0000] {dagbag.py:588} INFO - Filling up the DagBag from /home/airflow/.local/lib/python3.11/site-packages/airflow/example_dags/example_latest_only_with_trigger.py
[2024-10-29T19:00:01.276+0000] {processor.py:925} INFO - DAG(s) 'latest_only_with_trigger' retrieved from /home/airflow/.local/lib/python3.11/site-packages/airflow/example_dags/example_latest_only_with_trigger.py
[2024-10-29T19:00:01.291+0000] {logging_mixin.py:190} INFO - [2024-10-29T19:00:01.291+0000] {dag.py:3239} INFO - Sync 1 DAGs
[2024-10-29T19:00:01.303+0000] {logging_mixin.py:190} INFO - [2024-10-29T19:00:01.303+0000] {dag.py:4180} INFO - Setting next_dagrun for latest_only_with_trigger to 2024-10-29 12:00:00+00:00, run_after=2024-10-29 16:00:00+00:00
[2024-10-29T19:00:01.312+0000] {processor.py:208} INFO - Processing /home/airflow/.local/lib/python3.11/site-packages/airflow/example_dags/example_latest_only_with_trigger.py took 0.055 seconds
[2024-10-29T19:00:31.499+0000] {processor.py:186} INFO - Started process (PID=912) to work on /home/airflow/.local/lib/python3.11/site-packages/airflow/example_dags/example_latest_only_with_trigger.py
[2024-10-29T19:00:31.501+0000] {processor.py:914} INFO - Processing file /home/airflow/.local/lib/python3.11/site-packages/airflow/example_dags/example_latest_only_with_trigger.py for tasks to queue
[2024-10-29T19:00:31.503+0000] {logging_mixin.py:190} INFO - [2024-10-29T19:00:31.503+0000] {dagbag.py:588} INFO - Filling up the DagBag from /home/airflow/.local/lib/python3.11/site-packages/airflow/example_dags/example_latest_only_with_trigger.py
[2024-10-29T19:00:31.511+0000] {processor.py:925} INFO - DAG(s) 'latest_only_with_trigger' retrieved from /home/airflow/.local/lib/python3.11/site-packages/airflow/example_dags/example_latest_only_with_trigger.py
[2024-10-29T19:00:31.528+0000] {logging_mixin.py:190} INFO - [2024-10-29T19:00:31.528+0000] {dag.py:3239} INFO - Sync 1 DAGs
[2024-10-29T19:00:31.544+0000] {logging_mixin.py:190} INFO - [2024-10-29T19:00:31.544+0000] {dag.py:4180} INFO - Setting next_dagrun for latest_only_with_trigger to 2024-10-29 12:00:00+00:00, run_after=2024-10-29 16:00:00+00:00
[2024-10-29T19:00:31.552+0000] {processor.py:208} INFO - Processing /home/airflow/.local/lib/python3.11/site-packages/airflow/example_dags/example_latest_only_with_trigger.py took 0.060 seconds
[2024-10-29T19:01:02.454+0000] {processor.py:186} INFO - Started process (PID=975) to work on /home/airflow/.local/lib/python3.11/site-packages/airflow/example_dags/example_latest_only_with_trigger.py
[2024-10-29T19:01:02.457+0000] {processor.py:914} INFO - Processing file /home/airflow/.local/lib/python3.11/site-packages/airflow/example_dags/example_latest_only_with_trigger.py for tasks to queue
[2024-10-29T19:01:02.460+0000] {logging_mixin.py:190} INFO - [2024-10-29T19:01:02.460+0000] {dagbag.py:588} INFO - Filling up the DagBag from /home/airflow/.local/lib/python3.11/site-packages/airflow/example_dags/example_latest_only_with_trigger.py
[2024-10-29T19:01:02.476+0000] {processor.py:925} INFO - DAG(s) 'latest_only_with_trigger' retrieved from /home/airflow/.local/lib/python3.11/site-packages/airflow/example_dags/example_latest_only_with_trigger.py
[2024-10-29T19:01:02.507+0000] {logging_mixin.py:190} INFO - [2024-10-29T19:01:02.507+0000] {dag.py:3239} INFO - Sync 1 DAGs
[2024-10-29T19:01:02.544+0000] {logging_mixin.py:190} INFO - [2024-10-29T19:01:02.543+0000] {dag.py:4180} INFO - Setting next_dagrun for latest_only_with_trigger to 2024-10-29 12:00:00+00:00, run_after=2024-10-29 16:00:00+00:00
[2024-10-29T19:01:02.561+0000] {processor.py:208} INFO - Processing /home/airflow/.local/lib/python3.11/site-packages/airflow/example_dags/example_latest_only_with_trigger.py took 0.118 seconds
[2024-10-29T19:01:32.638+0000] {processor.py:186} INFO - Started process (PID=1038) to work on /home/airflow/.local/lib/python3.11/site-packages/airflow/example_dags/example_latest_only_with_trigger.py
[2024-10-29T19:01:32.641+0000] {processor.py:914} INFO - Processing file /home/airflow/.local/lib/python3.11/site-packages/airflow/example_dags/example_latest_only_with_trigger.py for tasks to queue
[2024-10-29T19:01:32.642+0000] {logging_mixin.py:190} INFO - [2024-10-29T19:01:32.642+0000] {dagbag.py:588} INFO - Filling up the DagBag from /home/airflow/.local/lib/python3.11/site-packages/airflow/example_dags/example_latest_only_with_trigger.py
[2024-10-29T19:01:32.649+0000] {processor.py:925} INFO - DAG(s) 'latest_only_with_trigger' retrieved from /home/airflow/.local/lib/python3.11/site-packages/airflow/example_dags/example_latest_only_with_trigger.py
[2024-10-29T19:01:32.661+0000] {logging_mixin.py:190} INFO - [2024-10-29T19:01:32.661+0000] {dag.py:3239} INFO - Sync 1 DAGs
[2024-10-29T19:01:32.675+0000] {logging_mixin.py:190} INFO - [2024-10-29T19:01:32.675+0000] {dag.py:4180} INFO - Setting next_dagrun for latest_only_with_trigger to 2024-10-29 12:00:00+00:00, run_after=2024-10-29 16:00:00+00:00
[2024-10-29T19:01:32.684+0000] {processor.py:208} INFO - Processing /home/airflow/.local/lib/python3.11/site-packages/airflow/example_dags/example_latest_only_with_trigger.py took 0.053 seconds
[2024-10-29T19:02:02.877+0000] {processor.py:186} INFO - Started process (PID=1101) to work on /home/airflow/.local/lib/python3.11/site-packages/airflow/example_dags/example_latest_only_with_trigger.py
[2024-10-29T19:02:02.878+0000] {processor.py:914} INFO - Processing file /home/airflow/.local/lib/python3.11/site-packages/airflow/example_dags/example_latest_only_with_trigger.py for tasks to queue
[2024-10-29T19:02:02.881+0000] {logging_mixin.py:190} INFO - [2024-10-29T19:02:02.881+0000] {dagbag.py:588} INFO - Filling up the DagBag from /home/airflow/.local/lib/python3.11/site-packages/airflow/example_dags/example_latest_only_with_trigger.py
[2024-10-29T19:02:02.889+0000] {processor.py:925} INFO - DAG(s) 'latest_only_with_trigger' retrieved from /home/airflow/.local/lib/python3.11/site-packages/airflow/example_dags/example_latest_only_with_trigger.py
[2024-10-29T19:02:02.901+0000] {logging_mixin.py:190} INFO - [2024-10-29T19:02:02.901+0000] {dag.py:3239} INFO - Sync 1 DAGs
[2024-10-29T19:02:02.913+0000] {logging_mixin.py:190} INFO - [2024-10-29T19:02:02.913+0000] {dag.py:4180} INFO - Setting next_dagrun for latest_only_with_trigger to 2024-10-29 12:00:00+00:00, run_after=2024-10-29 16:00:00+00:00
[2024-10-29T19:02:02.921+0000] {processor.py:208} INFO - Processing /home/airflow/.local/lib/python3.11/site-packages/airflow/example_dags/example_latest_only_with_trigger.py took 0.054 seconds
[2024-10-29T19:02:32.952+0000] {processor.py:186} INFO - Started process (PID=1164) to work on /home/airflow/.local/lib/python3.11/site-packages/airflow/example_dags/example_latest_only_with_trigger.py
[2024-10-29T19:02:32.953+0000] {processor.py:914} INFO - Processing file /home/airflow/.local/lib/python3.11/site-packages/airflow/example_dags/example_latest_only_with_trigger.py for tasks to queue
[2024-10-29T19:02:32.954+0000] {logging_mixin.py:190} INFO - [2024-10-29T19:02:32.954+0000] {dagbag.py:588} INFO - Filling up the DagBag from /home/airflow/.local/lib/python3.11/site-packages/airflow/example_dags/example_latest_only_with_trigger.py
[2024-10-29T19:02:32.960+0000] {processor.py:925} INFO - DAG(s) 'latest_only_with_trigger' retrieved from /home/airflow/.local/lib/python3.11/site-packages/airflow/example_dags/example_latest_only_with_trigger.py
[2024-10-29T19:02:32.975+0000] {logging_mixin.py:190} INFO - [2024-10-29T19:02:32.974+0000] {dag.py:3239} INFO - Sync 1 DAGs
[2024-10-29T19:02:32.987+0000] {logging_mixin.py:190} INFO - [2024-10-29T19:02:32.987+0000] {dag.py:4180} INFO - Setting next_dagrun for latest_only_with_trigger to 2024-10-29 12:00:00+00:00, run_after=2024-10-29 16:00:00+00:00
[2024-10-29T19:02:32.997+0000] {processor.py:208} INFO - Processing /home/airflow/.local/lib/python3.11/site-packages/airflow/example_dags/example_latest_only_with_trigger.py took 0.051 seconds
[2024-10-29T19:03:03.578+0000] {processor.py:186} INFO - Started process (PID=1227) to work on /home/airflow/.local/lib/python3.11/site-packages/airflow/example_dags/example_latest_only_with_trigger.py
[2024-10-29T19:03:03.581+0000] {processor.py:914} INFO - Processing file /home/airflow/.local/lib/python3.11/site-packages/airflow/example_dags/example_latest_only_with_trigger.py for tasks to queue
[2024-10-29T19:03:03.584+0000] {logging_mixin.py:190} INFO - [2024-10-29T19:03:03.584+0000] {dagbag.py:588} INFO - Filling up the DagBag from /home/airflow/.local/lib/python3.11/site-packages/airflow/example_dags/example_latest_only_with_trigger.py
[2024-10-29T19:03:03.592+0000] {processor.py:925} INFO - DAG(s) 'latest_only_with_trigger' retrieved from /home/airflow/.local/lib/python3.11/site-packages/airflow/example_dags/example_latest_only_with_trigger.py
[2024-10-29T19:03:03.609+0000] {logging_mixin.py:190} INFO - [2024-10-29T19:03:03.609+0000] {dag.py:3239} INFO - Sync 1 DAGs
[2024-10-29T19:03:03.622+0000] {logging_mixin.py:190} INFO - [2024-10-29T19:03:03.622+0000] {dag.py:4180} INFO - Setting next_dagrun for latest_only_with_trigger to 2024-10-29 12:00:00+00:00, run_after=2024-10-29 16:00:00+00:00
[2024-10-29T19:03:03.631+0000] {processor.py:208} INFO - Processing /home/airflow/.local/lib/python3.11/site-packages/airflow/example_dags/example_latest_only_with_trigger.py took 0.060 seconds
[2024-10-29T19:03:34.354+0000] {processor.py:186} INFO - Started process (PID=1290) to work on /home/airflow/.local/lib/python3.11/site-packages/airflow/example_dags/example_latest_only_with_trigger.py
[2024-10-29T19:03:34.357+0000] {processor.py:914} INFO - Processing file /home/airflow/.local/lib/python3.11/site-packages/airflow/example_dags/example_latest_only_with_trigger.py for tasks to queue
[2024-10-29T19:03:34.359+0000] {logging_mixin.py:190} INFO - [2024-10-29T19:03:34.359+0000] {dagbag.py:588} INFO - Filling up the DagBag from /home/airflow/.local/lib/python3.11/site-packages/airflow/example_dags/example_latest_only_with_trigger.py
[2024-10-29T19:03:34.367+0000] {processor.py:925} INFO - DAG(s) 'latest_only_with_trigger' retrieved from /home/airflow/.local/lib/python3.11/site-packages/airflow/example_dags/example_latest_only_with_trigger.py
[2024-10-29T19:03:34.394+0000] {logging_mixin.py:190} INFO - [2024-10-29T19:03:34.394+0000] {dag.py:3239} INFO - Sync 1 DAGs
[2024-10-29T19:03:34.412+0000] {logging_mixin.py:190} INFO - [2024-10-29T19:03:34.412+0000] {dag.py:4180} INFO - Setting next_dagrun for latest_only_with_trigger to 2024-10-29 12:00:00+00:00, run_after=2024-10-29 16:00:00+00:00
[2024-10-29T19:03:34.420+0000] {processor.py:208} INFO - Processing /home/airflow/.local/lib/python3.11/site-packages/airflow/example_dags/example_latest_only_with_trigger.py took 0.074 seconds
[2024-10-29T19:04:05.136+0000] {processor.py:186} INFO - Started process (PID=1353) to work on /home/airflow/.local/lib/python3.11/site-packages/airflow/example_dags/example_latest_only_with_trigger.py
[2024-10-29T19:04:05.138+0000] {processor.py:914} INFO - Processing file /home/airflow/.local/lib/python3.11/site-packages/airflow/example_dags/example_latest_only_with_trigger.py for tasks to queue
[2024-10-29T19:04:05.141+0000] {logging_mixin.py:190} INFO - [2024-10-29T19:04:05.140+0000] {dagbag.py:588} INFO - Filling up the DagBag from /home/airflow/.local/lib/python3.11/site-packages/airflow/example_dags/example_latest_only_with_trigger.py
[2024-10-29T19:04:05.148+0000] {processor.py:925} INFO - DAG(s) 'latest_only_with_trigger' retrieved from /home/airflow/.local/lib/python3.11/site-packages/airflow/example_dags/example_latest_only_with_trigger.py
[2024-10-29T19:04:05.164+0000] {logging_mixin.py:190} INFO - [2024-10-29T19:04:05.164+0000] {dag.py:3239} INFO - Sync 1 DAGs
[2024-10-29T19:04:05.178+0000] {logging_mixin.py:190} INFO - [2024-10-29T19:04:05.178+0000] {dag.py:4180} INFO - Setting next_dagrun for latest_only_with_trigger to 2024-10-29 12:00:00+00:00, run_after=2024-10-29 16:00:00+00:00
[2024-10-29T19:04:05.186+0000] {processor.py:208} INFO - Processing /home/airflow/.local/lib/python3.11/site-packages/airflow/example_dags/example_latest_only_with_trigger.py took 0.057 seconds
[2024-10-29T19:04:35.622+0000] {processor.py:186} INFO - Started process (PID=1416) to work on /home/airflow/.local/lib/python3.11/site-packages/airflow/example_dags/example_latest_only_with_trigger.py
[2024-10-29T19:04:35.623+0000] {processor.py:914} INFO - Processing file /home/airflow/.local/lib/python3.11/site-packages/airflow/example_dags/example_latest_only_with_trigger.py for tasks to queue
[2024-10-29T19:04:35.626+0000] {logging_mixin.py:190} INFO - [2024-10-29T19:04:35.625+0000] {dagbag.py:588} INFO - Filling up the DagBag from /home/airflow/.local/lib/python3.11/site-packages/airflow/example_dags/example_latest_only_with_trigger.py
[2024-10-29T19:04:35.634+0000] {processor.py:925} INFO - DAG(s) 'latest_only_with_trigger' retrieved from /home/airflow/.local/lib/python3.11/site-packages/airflow/example_dags/example_latest_only_with_trigger.py
[2024-10-29T19:04:35.649+0000] {logging_mixin.py:190} INFO - [2024-10-29T19:04:35.649+0000] {dag.py:3239} INFO - Sync 1 DAGs
[2024-10-29T19:04:35.661+0000] {logging_mixin.py:190} INFO - [2024-10-29T19:04:35.661+0000] {dag.py:4180} INFO - Setting next_dagrun for latest_only_with_trigger to 2024-10-29 12:00:00+00:00, run_after=2024-10-29 16:00:00+00:00
[2024-10-29T19:04:35.670+0000] {processor.py:208} INFO - Processing /home/airflow/.local/lib/python3.11/site-packages/airflow/example_dags/example_latest_only_with_trigger.py took 0.056 seconds
[2024-10-29T19:05:06.162+0000] {processor.py:186} INFO - Started process (PID=1479) to work on /home/airflow/.local/lib/python3.11/site-packages/airflow/example_dags/example_latest_only_with_trigger.py
[2024-10-29T19:05:06.164+0000] {processor.py:914} INFO - Processing file /home/airflow/.local/lib/python3.11/site-packages/airflow/example_dags/example_latest_only_with_trigger.py for tasks to queue
[2024-10-29T19:05:06.166+0000] {logging_mixin.py:190} INFO - [2024-10-29T19:05:06.166+0000] {dagbag.py:588} INFO - Filling up the DagBag from /home/airflow/.local/lib/python3.11/site-packages/airflow/example_dags/example_latest_only_with_trigger.py
[2024-10-29T19:05:06.174+0000] {processor.py:925} INFO - DAG(s) 'latest_only_with_trigger' retrieved from /home/airflow/.local/lib/python3.11/site-packages/airflow/example_dags/example_latest_only_with_trigger.py
[2024-10-29T19:05:06.190+0000] {logging_mixin.py:190} INFO - [2024-10-29T19:05:06.190+0000] {dag.py:3239} INFO - Sync 1 DAGs
[2024-10-29T19:05:06.203+0000] {logging_mixin.py:190} INFO - [2024-10-29T19:05:06.203+0000] {dag.py:4180} INFO - Setting next_dagrun for latest_only_with_trigger to 2024-10-29 12:00:00+00:00, run_after=2024-10-29 16:00:00+00:00
[2024-10-29T19:05:06.212+0000] {processor.py:208} INFO - Processing /home/airflow/.local/lib/python3.11/site-packages/airflow/example_dags/example_latest_only_with_trigger.py took 0.059 seconds
[2024-10-29T19:05:36.707+0000] {processor.py:186} INFO - Started process (PID=1542) to work on /home/airflow/.local/lib/python3.11/site-packages/airflow/example_dags/example_latest_only_with_trigger.py
[2024-10-29T19:05:36.709+0000] {processor.py:914} INFO - Processing file /home/airflow/.local/lib/python3.11/site-packages/airflow/example_dags/example_latest_only_with_trigger.py for tasks to queue
[2024-10-29T19:05:36.712+0000] {logging_mixin.py:190} INFO - [2024-10-29T19:05:36.712+0000] {dagbag.py:588} INFO - Filling up the DagBag from /home/airflow/.local/lib/python3.11/site-packages/airflow/example_dags/example_latest_only_with_trigger.py
[2024-10-29T19:05:36.720+0000] {processor.py:925} INFO - DAG(s) 'latest_only_with_trigger' retrieved from /home/airflow/.local/lib/python3.11/site-packages/airflow/example_dags/example_latest_only_with_trigger.py
[2024-10-29T19:05:36.736+0000] {logging_mixin.py:190} INFO - [2024-10-29T19:05:36.736+0000] {dag.py:3239} INFO - Sync 1 DAGs
[2024-10-29T19:05:36.749+0000] {logging_mixin.py:190} INFO - [2024-10-29T19:05:36.749+0000] {dag.py:4180} INFO - Setting next_dagrun for latest_only_with_trigger to 2024-10-29 12:00:00+00:00, run_after=2024-10-29 16:00:00+00:00
[2024-10-29T19:05:36.757+0000] {processor.py:208} INFO - Processing /home/airflow/.local/lib/python3.11/site-packages/airflow/example_dags/example_latest_only_with_trigger.py took 0.058 seconds
[2024-10-29T19:06:07.172+0000] {processor.py:186} INFO - Started process (PID=1605) to work on /home/airflow/.local/lib/python3.11/site-packages/airflow/example_dags/example_latest_only_with_trigger.py
[2024-10-29T19:06:07.173+0000] {processor.py:914} INFO - Processing file /home/airflow/.local/lib/python3.11/site-packages/airflow/example_dags/example_latest_only_with_trigger.py for tasks to queue
[2024-10-29T19:06:07.175+0000] {logging_mixin.py:190} INFO - [2024-10-29T19:06:07.175+0000] {dagbag.py:588} INFO - Filling up the DagBag from /home/airflow/.local/lib/python3.11/site-packages/airflow/example_dags/example_latest_only_with_trigger.py
[2024-10-29T19:06:07.181+0000] {processor.py:925} INFO - DAG(s) 'latest_only_with_trigger' retrieved from /home/airflow/.local/lib/python3.11/site-packages/airflow/example_dags/example_latest_only_with_trigger.py
[2024-10-29T19:06:07.204+0000] {logging_mixin.py:190} INFO - [2024-10-29T19:06:07.204+0000] {dag.py:3239} INFO - Sync 1 DAGs
[2024-10-29T19:06:07.218+0000] {logging_mixin.py:190} INFO - [2024-10-29T19:06:07.218+0000] {dag.py:4180} INFO - Setting next_dagrun for latest_only_with_trigger to 2024-10-29 12:00:00+00:00, run_after=2024-10-29 16:00:00+00:00
[2024-10-29T19:06:07.226+0000] {processor.py:208} INFO - Processing /home/airflow/.local/lib/python3.11/site-packages/airflow/example_dags/example_latest_only_with_trigger.py took 0.059 seconds
[2024-10-29T19:23:18.718+0000] {processor.py:186} INFO - Started process (PID=1644) to work on /home/airflow/.local/lib/python3.11/site-packages/airflow/example_dags/example_latest_only_with_trigger.py
[2024-10-29T19:23:18.718+0000] {processor.py:914} INFO - Processing file /home/airflow/.local/lib/python3.11/site-packages/airflow/example_dags/example_latest_only_with_trigger.py for tasks to queue
[2024-10-29T19:23:18.719+0000] {logging_mixin.py:190} INFO - [2024-10-29T19:23:18.719+0000] {dagbag.py:588} INFO - Filling up the DagBag from /home/airflow/.local/lib/python3.11/site-packages/airflow/example_dags/example_latest_only_with_trigger.py
[2024-10-29T19:23:18.724+0000] {processor.py:925} INFO - DAG(s) 'latest_only_with_trigger' retrieved from /home/airflow/.local/lib/python3.11/site-packages/airflow/example_dags/example_latest_only_with_trigger.py
[2024-10-29T19:23:18.734+0000] {logging_mixin.py:190} INFO - [2024-10-29T19:23:18.733+0000] {dag.py:3239} INFO - Sync 1 DAGs
[2024-10-29T19:23:18.743+0000] {logging_mixin.py:190} INFO - [2024-10-29T19:23:18.743+0000] {dag.py:4180} INFO - Setting next_dagrun for latest_only_with_trigger to 2024-10-29 12:00:00+00:00, run_after=2024-10-29 16:00:00+00:00
[2024-10-29T19:23:18.751+0000] {processor.py:208} INFO - Processing /home/airflow/.local/lib/python3.11/site-packages/airflow/example_dags/example_latest_only_with_trigger.py took 0.037 seconds
[2024-10-29T20:00:05.343+0000] {processor.py:186} INFO - Started process (PID=1707) to work on /home/airflow/.local/lib/python3.11/site-packages/airflow/example_dags/example_latest_only_with_trigger.py
[2024-10-29T20:00:05.344+0000] {processor.py:914} INFO - Processing file /home/airflow/.local/lib/python3.11/site-packages/airflow/example_dags/example_latest_only_with_trigger.py for tasks to queue
[2024-10-29T20:00:05.347+0000] {logging_mixin.py:190} INFO - [2024-10-29T20:00:05.346+0000] {dagbag.py:588} INFO - Filling up the DagBag from /home/airflow/.local/lib/python3.11/site-packages/airflow/example_dags/example_latest_only_with_trigger.py
[2024-10-29T20:00:05.357+0000] {processor.py:925} INFO - DAG(s) 'latest_only_with_trigger' retrieved from /home/airflow/.local/lib/python3.11/site-packages/airflow/example_dags/example_latest_only_with_trigger.py
[2024-10-29T20:00:05.373+0000] {logging_mixin.py:190} INFO - [2024-10-29T20:00:05.373+0000] {dag.py:3239} INFO - Sync 1 DAGs
[2024-10-29T20:00:05.385+0000] {logging_mixin.py:190} INFO - [2024-10-29T20:00:05.385+0000] {dag.py:4180} INFO - Setting next_dagrun for latest_only_with_trigger to 2024-10-29 16:00:00+00:00, run_after=2024-10-29 20:00:00+00:00
[2024-10-29T20:00:05.399+0000] {processor.py:208} INFO - Processing /home/airflow/.local/lib/python3.11/site-packages/airflow/example_dags/example_latest_only_with_trigger.py took 0.061 seconds
[2024-10-29T20:32:02.140+0000] {processor.py:186} INFO - Started process (PID=1770) to work on /home/airflow/.local/lib/python3.11/site-packages/airflow/example_dags/example_latest_only_with_trigger.py
[2024-10-29T20:32:02.141+0000] {processor.py:914} INFO - Processing file /home/airflow/.local/lib/python3.11/site-packages/airflow/example_dags/example_latest_only_with_trigger.py for tasks to queue
[2024-10-29T20:32:02.142+0000] {logging_mixin.py:190} INFO - [2024-10-29T20:32:02.142+0000] {dagbag.py:588} INFO - Filling up the DagBag from /home/airflow/.local/lib/python3.11/site-packages/airflow/example_dags/example_latest_only_with_trigger.py
[2024-10-29T20:32:02.147+0000] {processor.py:925} INFO - DAG(s) 'latest_only_with_trigger' retrieved from /home/airflow/.local/lib/python3.11/site-packages/airflow/example_dags/example_latest_only_with_trigger.py
[2024-10-29T20:32:02.162+0000] {logging_mixin.py:190} INFO - [2024-10-29T20:32:02.162+0000] {dag.py:3239} INFO - Sync 1 DAGs
[2024-10-29T20:32:02.174+0000] {logging_mixin.py:190} INFO - [2024-10-29T20:32:02.174+0000] {dag.py:4180} INFO - Setting next_dagrun for latest_only_with_trigger to 2024-10-29 16:00:00+00:00, run_after=2024-10-29 20:00:00+00:00
[2024-10-29T20:32:02.183+0000] {processor.py:208} INFO - Processing /home/airflow/.local/lib/python3.11/site-packages/airflow/example_dags/example_latest_only_with_trigger.py took 0.046 seconds
[2024-10-29T20:59:00.615+0000] {processor.py:186} INFO - Started process (PID=1833) to work on /home/airflow/.local/lib/python3.11/site-packages/airflow/example_dags/example_latest_only_with_trigger.py
[2024-10-29T20:59:00.616+0000] {processor.py:914} INFO - Processing file /home/airflow/.local/lib/python3.11/site-packages/airflow/example_dags/example_latest_only_with_trigger.py for tasks to queue
[2024-10-29T20:59:00.617+0000] {logging_mixin.py:190} INFO - [2024-10-29T20:59:00.617+0000] {dagbag.py:588} INFO - Filling up the DagBag from /home/airflow/.local/lib/python3.11/site-packages/airflow/example_dags/example_latest_only_with_trigger.py
[2024-10-29T20:59:00.622+0000] {processor.py:925} INFO - DAG(s) 'latest_only_with_trigger' retrieved from /home/airflow/.local/lib/python3.11/site-packages/airflow/example_dags/example_latest_only_with_trigger.py
[2024-10-29T20:59:00.637+0000] {logging_mixin.py:190} INFO - [2024-10-29T20:59:00.637+0000] {dag.py:3239} INFO - Sync 1 DAGs
[2024-10-29T20:59:00.664+0000] {logging_mixin.py:190} INFO - [2024-10-29T20:59:00.663+0000] {dag.py:4180} INFO - Setting next_dagrun for latest_only_with_trigger to 2024-10-29 16:00:00+00:00, run_after=2024-10-29 20:00:00+00:00
[2024-10-29T20:59:00.683+0000] {processor.py:208} INFO - Processing /home/airflow/.local/lib/python3.11/site-packages/airflow/example_dags/example_latest_only_with_trigger.py took 0.073 seconds
[2024-10-29T21:40:54.365+0000] {processor.py:186} INFO - Started process (PID=1896) to work on /home/airflow/.local/lib/python3.11/site-packages/airflow/example_dags/example_latest_only_with_trigger.py
[2024-10-29T21:40:54.366+0000] {processor.py:914} INFO - Processing file /home/airflow/.local/lib/python3.11/site-packages/airflow/example_dags/example_latest_only_with_trigger.py for tasks to queue
[2024-10-29T21:40:54.368+0000] {logging_mixin.py:190} INFO - [2024-10-29T21:40:54.367+0000] {dagbag.py:588} INFO - Filling up the DagBag from /home/airflow/.local/lib/python3.11/site-packages/airflow/example_dags/example_latest_only_with_trigger.py
[2024-10-29T21:40:54.372+0000] {processor.py:925} INFO - DAG(s) 'latest_only_with_trigger' retrieved from /home/airflow/.local/lib/python3.11/site-packages/airflow/example_dags/example_latest_only_with_trigger.py
[2024-10-29T21:40:54.381+0000] {logging_mixin.py:190} INFO - [2024-10-29T21:40:54.381+0000] {dag.py:3239} INFO - Sync 1 DAGs
[2024-10-29T21:40:54.392+0000] {logging_mixin.py:190} INFO - [2024-10-29T21:40:54.392+0000] {dag.py:4180} INFO - Setting next_dagrun for latest_only_with_trigger to 2024-10-29 16:00:00+00:00, run_after=2024-10-29 20:00:00+00:00
[2024-10-29T21:40:54.400+0000] {processor.py:208} INFO - Processing /home/airflow/.local/lib/python3.11/site-packages/airflow/example_dags/example_latest_only_with_trigger.py took 0.038 seconds
[2024-10-29T22:49:28.832+0000] {processor.py:186} INFO - Started process (PID=1959) to work on /home/airflow/.local/lib/python3.11/site-packages/airflow/example_dags/example_latest_only_with_trigger.py
[2024-10-29T22:49:28.833+0000] {processor.py:914} INFO - Processing file /home/airflow/.local/lib/python3.11/site-packages/airflow/example_dags/example_latest_only_with_trigger.py for tasks to queue
[2024-10-29T22:49:28.835+0000] {logging_mixin.py:190} INFO - [2024-10-29T22:49:28.834+0000] {dagbag.py:588} INFO - Filling up the DagBag from /home/airflow/.local/lib/python3.11/site-packages/airflow/example_dags/example_latest_only_with_trigger.py
[2024-10-29T22:49:28.839+0000] {processor.py:925} INFO - DAG(s) 'latest_only_with_trigger' retrieved from /home/airflow/.local/lib/python3.11/site-packages/airflow/example_dags/example_latest_only_with_trigger.py
[2024-10-29T22:49:28.849+0000] {logging_mixin.py:190} INFO - [2024-10-29T22:49:28.849+0000] {dag.py:3239} INFO - Sync 1 DAGs
[2024-10-29T22:49:28.859+0000] {logging_mixin.py:190} INFO - [2024-10-29T22:49:28.859+0000] {dag.py:4180} INFO - Setting next_dagrun for latest_only_with_trigger to 2024-10-29 16:00:00+00:00, run_after=2024-10-29 20:00:00+00:00
[2024-10-29T22:49:28.867+0000] {processor.py:208} INFO - Processing /home/airflow/.local/lib/python3.11/site-packages/airflow/example_dags/example_latest_only_with_trigger.py took 0.038 seconds
[2024-10-29T23:03:29.361+0000] {processor.py:186} INFO - Started process (PID=2022) to work on /home/airflow/.local/lib/python3.11/site-packages/airflow/example_dags/example_latest_only_with_trigger.py
[2024-10-29T23:03:29.362+0000] {processor.py:914} INFO - Processing file /home/airflow/.local/lib/python3.11/site-packages/airflow/example_dags/example_latest_only_with_trigger.py for tasks to queue
[2024-10-29T23:03:29.363+0000] {logging_mixin.py:190} INFO - [2024-10-29T23:03:29.363+0000] {dagbag.py:588} INFO - Filling up the DagBag from /home/airflow/.local/lib/python3.11/site-packages/airflow/example_dags/example_latest_only_with_trigger.py
[2024-10-29T23:03:29.369+0000] {processor.py:925} INFO - DAG(s) 'latest_only_with_trigger' retrieved from /home/airflow/.local/lib/python3.11/site-packages/airflow/example_dags/example_latest_only_with_trigger.py
[2024-10-29T23:03:29.384+0000] {logging_mixin.py:190} INFO - [2024-10-29T23:03:29.384+0000] {dag.py:3239} INFO - Sync 1 DAGs
[2024-10-29T23:03:29.396+0000] {logging_mixin.py:190} INFO - [2024-10-29T23:03:29.396+0000] {dag.py:4180} INFO - Setting next_dagrun for latest_only_with_trigger to 2024-10-29 16:00:00+00:00, run_after=2024-10-29 20:00:00+00:00
[2024-10-29T23:03:29.406+0000] {processor.py:208} INFO - Processing /home/airflow/.local/lib/python3.11/site-packages/airflow/example_dags/example_latest_only_with_trigger.py took 0.048 seconds
