[2024-10-29T00:50:14.911+0000] {processor.py:186} INFO - Started process (PID=47646) to work on /home/airflow/.local/lib/python3.11/site-packages/airflow/example_dags/example_time_delta_sensor_async.py
[2024-10-29T00:50:14.913+0000] {processor.py:914} INFO - Processing file /home/airflow/.local/lib/python3.11/site-packages/airflow/example_dags/example_time_delta_sensor_async.py for tasks to queue
[2024-10-29T00:50:14.916+0000] {logging_mixin.py:190} INFO - [2024-10-29T00:50:14.916+0000] {dagbag.py:588} INFO - Filling up the DagBag from /home/airflow/.local/lib/python3.11/site-packages/airflow/example_dags/example_time_delta_sensor_async.py
[2024-10-29T00:50:14.926+0000] {processor.py:925} INFO - DAG(s) 'example_time_delta_sensor_async' retrieved from /home/airflow/.local/lib/python3.11/site-packages/airflow/example_dags/example_time_delta_sensor_async.py
[2024-10-29T00:50:14.944+0000] {logging_mixin.py:190} INFO - [2024-10-29T00:50:14.944+0000] {dag.py:3239} INFO - Sync 1 DAGs
[2024-10-29T00:50:14.953+0000] {logging_mixin.py:190} INFO - [2024-10-29T00:50:14.952+0000] {dag.py:4180} INFO - Setting next_dagrun for example_time_delta_sensor_async to None, run_after=None
[2024-10-29T00:50:14.963+0000] {processor.py:208} INFO - Processing /home/airflow/.local/lib/python3.11/site-packages/airflow/example_dags/example_time_delta_sensor_async.py took 0.059 seconds
[2024-10-29T02:13:54.478+0000] {processor.py:186} INFO - Started process (PID=47709) to work on /home/airflow/.local/lib/python3.11/site-packages/airflow/example_dags/example_time_delta_sensor_async.py
[2024-10-29T02:13:54.479+0000] {processor.py:914} INFO - Processing file /home/airflow/.local/lib/python3.11/site-packages/airflow/example_dags/example_time_delta_sensor_async.py for tasks to queue
[2024-10-29T02:13:54.481+0000] {logging_mixin.py:190} INFO - [2024-10-29T02:13:54.480+0000] {dagbag.py:588} INFO - Filling up the DagBag from /home/airflow/.local/lib/python3.11/site-packages/airflow/example_dags/example_time_delta_sensor_async.py
[2024-10-29T02:13:54.485+0000] {processor.py:925} INFO - DAG(s) 'example_time_delta_sensor_async' retrieved from /home/airflow/.local/lib/python3.11/site-packages/airflow/example_dags/example_time_delta_sensor_async.py
[2024-10-29T02:13:54.497+0000] {logging_mixin.py:190} INFO - [2024-10-29T02:13:54.497+0000] {dag.py:3239} INFO - Sync 1 DAGs
[2024-10-29T02:13:54.504+0000] {logging_mixin.py:190} INFO - [2024-10-29T02:13:54.504+0000] {dag.py:4180} INFO - Setting next_dagrun for example_time_delta_sensor_async to None, run_after=None
[2024-10-29T02:13:54.513+0000] {processor.py:208} INFO - Processing /home/airflow/.local/lib/python3.11/site-packages/airflow/example_dags/example_time_delta_sensor_async.py took 0.039 seconds
[2024-10-29T02:45:23.477+0000] {processor.py:186} INFO - Started process (PID=47772) to work on /home/airflow/.local/lib/python3.11/site-packages/airflow/example_dags/example_time_delta_sensor_async.py
[2024-10-29T02:45:23.478+0000] {processor.py:914} INFO - Processing file /home/airflow/.local/lib/python3.11/site-packages/airflow/example_dags/example_time_delta_sensor_async.py for tasks to queue
[2024-10-29T02:45:23.480+0000] {logging_mixin.py:190} INFO - [2024-10-29T02:45:23.480+0000] {dagbag.py:588} INFO - Filling up the DagBag from /home/airflow/.local/lib/python3.11/site-packages/airflow/example_dags/example_time_delta_sensor_async.py
[2024-10-29T02:45:23.484+0000] {processor.py:925} INFO - DAG(s) 'example_time_delta_sensor_async' retrieved from /home/airflow/.local/lib/python3.11/site-packages/airflow/example_dags/example_time_delta_sensor_async.py
[2024-10-29T02:45:23.494+0000] {logging_mixin.py:190} INFO - [2024-10-29T02:45:23.494+0000] {dag.py:3239} INFO - Sync 1 DAGs
[2024-10-29T02:45:23.501+0000] {logging_mixin.py:190} INFO - [2024-10-29T02:45:23.500+0000] {dag.py:4180} INFO - Setting next_dagrun for example_time_delta_sensor_async to None, run_after=None
[2024-10-29T02:45:23.508+0000] {processor.py:208} INFO - Processing /home/airflow/.local/lib/python3.11/site-packages/airflow/example_dags/example_time_delta_sensor_async.py took 0.034 seconds
[2024-10-29T03:18:14.582+0000] {processor.py:186} INFO - Started process (PID=47835) to work on /home/airflow/.local/lib/python3.11/site-packages/airflow/example_dags/example_time_delta_sensor_async.py
[2024-10-29T03:18:14.582+0000] {processor.py:914} INFO - Processing file /home/airflow/.local/lib/python3.11/site-packages/airflow/example_dags/example_time_delta_sensor_async.py for tasks to queue
[2024-10-29T03:18:14.584+0000] {logging_mixin.py:190} INFO - [2024-10-29T03:18:14.584+0000] {dagbag.py:588} INFO - Filling up the DagBag from /home/airflow/.local/lib/python3.11/site-packages/airflow/example_dags/example_time_delta_sensor_async.py
[2024-10-29T03:18:14.587+0000] {processor.py:925} INFO - DAG(s) 'example_time_delta_sensor_async' retrieved from /home/airflow/.local/lib/python3.11/site-packages/airflow/example_dags/example_time_delta_sensor_async.py
[2024-10-29T03:18:14.598+0000] {logging_mixin.py:190} INFO - [2024-10-29T03:18:14.598+0000] {dag.py:3239} INFO - Sync 1 DAGs
[2024-10-29T03:18:14.605+0000] {logging_mixin.py:190} INFO - [2024-10-29T03:18:14.605+0000] {dag.py:4180} INFO - Setting next_dagrun for example_time_delta_sensor_async to None, run_after=None
[2024-10-29T03:18:14.614+0000] {processor.py:208} INFO - Processing /home/airflow/.local/lib/python3.11/site-packages/airflow/example_dags/example_time_delta_sensor_async.py took 0.036 seconds
[2024-10-29T03:45:36.922+0000] {processor.py:186} INFO - Started process (PID=47898) to work on /home/airflow/.local/lib/python3.11/site-packages/airflow/example_dags/example_time_delta_sensor_async.py
[2024-10-29T03:45:36.923+0000] {processor.py:914} INFO - Processing file /home/airflow/.local/lib/python3.11/site-packages/airflow/example_dags/example_time_delta_sensor_async.py for tasks to queue
[2024-10-29T03:45:36.924+0000] {logging_mixin.py:190} INFO - [2024-10-29T03:45:36.924+0000] {dagbag.py:588} INFO - Filling up the DagBag from /home/airflow/.local/lib/python3.11/site-packages/airflow/example_dags/example_time_delta_sensor_async.py
[2024-10-29T03:45:36.929+0000] {processor.py:925} INFO - DAG(s) 'example_time_delta_sensor_async' retrieved from /home/airflow/.local/lib/python3.11/site-packages/airflow/example_dags/example_time_delta_sensor_async.py
[2024-10-29T03:45:36.941+0000] {logging_mixin.py:190} INFO - [2024-10-29T03:45:36.941+0000] {dag.py:3239} INFO - Sync 1 DAGs
[2024-10-29T03:45:36.950+0000] {logging_mixin.py:190} INFO - [2024-10-29T03:45:36.950+0000] {dag.py:4180} INFO - Setting next_dagrun for example_time_delta_sensor_async to None, run_after=None
[2024-10-29T03:45:36.961+0000] {processor.py:208} INFO - Processing /home/airflow/.local/lib/python3.11/site-packages/airflow/example_dags/example_time_delta_sensor_async.py took 0.042 seconds
[2024-10-29T04:34:59.901+0000] {processor.py:186} INFO - Started process (PID=47960) to work on /home/airflow/.local/lib/python3.11/site-packages/airflow/example_dags/example_time_delta_sensor_async.py
[2024-10-29T04:34:59.902+0000] {processor.py:914} INFO - Processing file /home/airflow/.local/lib/python3.11/site-packages/airflow/example_dags/example_time_delta_sensor_async.py for tasks to queue
[2024-10-29T04:34:59.904+0000] {logging_mixin.py:190} INFO - [2024-10-29T04:34:59.904+0000] {dagbag.py:588} INFO - Filling up the DagBag from /home/airflow/.local/lib/python3.11/site-packages/airflow/example_dags/example_time_delta_sensor_async.py
[2024-10-29T04:34:59.908+0000] {processor.py:925} INFO - DAG(s) 'example_time_delta_sensor_async' retrieved from /home/airflow/.local/lib/python3.11/site-packages/airflow/example_dags/example_time_delta_sensor_async.py
[2024-10-29T04:34:59.920+0000] {logging_mixin.py:190} INFO - [2024-10-29T04:34:59.920+0000] {dag.py:3239} INFO - Sync 1 DAGs
[2024-10-29T04:34:59.927+0000] {logging_mixin.py:190} INFO - [2024-10-29T04:34:59.927+0000] {dag.py:4180} INFO - Setting next_dagrun for example_time_delta_sensor_async to None, run_after=None
[2024-10-29T04:34:59.935+0000] {processor.py:208} INFO - Processing /home/airflow/.local/lib/python3.11/site-packages/airflow/example_dags/example_time_delta_sensor_async.py took 0.038 seconds
[2024-10-29T04:59:49.834+0000] {processor.py:186} INFO - Started process (PID=48023) to work on /home/airflow/.local/lib/python3.11/site-packages/airflow/example_dags/example_time_delta_sensor_async.py
[2024-10-29T04:59:49.835+0000] {processor.py:914} INFO - Processing file /home/airflow/.local/lib/python3.11/site-packages/airflow/example_dags/example_time_delta_sensor_async.py for tasks to queue
[2024-10-29T04:59:49.837+0000] {logging_mixin.py:190} INFO - [2024-10-29T04:59:49.837+0000] {dagbag.py:588} INFO - Filling up the DagBag from /home/airflow/.local/lib/python3.11/site-packages/airflow/example_dags/example_time_delta_sensor_async.py
[2024-10-29T04:59:49.843+0000] {processor.py:925} INFO - DAG(s) 'example_time_delta_sensor_async' retrieved from /home/airflow/.local/lib/python3.11/site-packages/airflow/example_dags/example_time_delta_sensor_async.py
[2024-10-29T04:59:49.861+0000] {logging_mixin.py:190} INFO - [2024-10-29T04:59:49.861+0000] {dag.py:3239} INFO - Sync 1 DAGs
[2024-10-29T04:59:49.868+0000] {logging_mixin.py:190} INFO - [2024-10-29T04:59:49.868+0000] {dag.py:4180} INFO - Setting next_dagrun for example_time_delta_sensor_async to None, run_after=None
[2024-10-29T04:59:49.877+0000] {processor.py:208} INFO - Processing /home/airflow/.local/lib/python3.11/site-packages/airflow/example_dags/example_time_delta_sensor_async.py took 0.047 seconds
[2024-10-29T05:52:14.153+0000] {processor.py:186} INFO - Started process (PID=48085) to work on /home/airflow/.local/lib/python3.11/site-packages/airflow/example_dags/example_time_delta_sensor_async.py
[2024-10-29T05:52:14.157+0000] {processor.py:914} INFO - Processing file /home/airflow/.local/lib/python3.11/site-packages/airflow/example_dags/example_time_delta_sensor_async.py for tasks to queue
[2024-10-29T05:52:14.159+0000] {logging_mixin.py:190} INFO - [2024-10-29T05:52:14.158+0000] {dagbag.py:588} INFO - Filling up the DagBag from /home/airflow/.local/lib/python3.11/site-packages/airflow/example_dags/example_time_delta_sensor_async.py
[2024-10-29T05:52:14.162+0000] {processor.py:925} INFO - DAG(s) 'example_time_delta_sensor_async' retrieved from /home/airflow/.local/lib/python3.11/site-packages/airflow/example_dags/example_time_delta_sensor_async.py
[2024-10-29T05:52:14.173+0000] {logging_mixin.py:190} INFO - [2024-10-29T05:52:14.172+0000] {dag.py:3239} INFO - Sync 1 DAGs
[2024-10-29T05:52:14.179+0000] {logging_mixin.py:190} INFO - [2024-10-29T05:52:14.179+0000] {dag.py:4180} INFO - Setting next_dagrun for example_time_delta_sensor_async to None, run_after=None
[2024-10-29T05:52:14.187+0000] {processor.py:208} INFO - Processing /home/airflow/.local/lib/python3.11/site-packages/airflow/example_dags/example_time_delta_sensor_async.py took 0.037 seconds
[2024-10-29T06:31:00.844+0000] {processor.py:186} INFO - Started process (PID=48148) to work on /home/airflow/.local/lib/python3.11/site-packages/airflow/example_dags/example_time_delta_sensor_async.py
[2024-10-29T06:31:00.845+0000] {processor.py:914} INFO - Processing file /home/airflow/.local/lib/python3.11/site-packages/airflow/example_dags/example_time_delta_sensor_async.py for tasks to queue
[2024-10-29T06:31:00.846+0000] {logging_mixin.py:190} INFO - [2024-10-29T06:31:00.846+0000] {dagbag.py:588} INFO - Filling up the DagBag from /home/airflow/.local/lib/python3.11/site-packages/airflow/example_dags/example_time_delta_sensor_async.py
[2024-10-29T06:31:00.850+0000] {processor.py:925} INFO - DAG(s) 'example_time_delta_sensor_async' retrieved from /home/airflow/.local/lib/python3.11/site-packages/airflow/example_dags/example_time_delta_sensor_async.py
[2024-10-29T06:31:00.859+0000] {logging_mixin.py:190} INFO - [2024-10-29T06:31:00.859+0000] {dag.py:3239} INFO - Sync 1 DAGs
[2024-10-29T06:31:00.865+0000] {logging_mixin.py:190} INFO - [2024-10-29T06:31:00.865+0000] {dag.py:4180} INFO - Setting next_dagrun for example_time_delta_sensor_async to None, run_after=None
[2024-10-29T06:31:00.873+0000] {processor.py:208} INFO - Processing /home/airflow/.local/lib/python3.11/site-packages/airflow/example_dags/example_time_delta_sensor_async.py took 0.032 seconds
[2024-10-29T07:20:00.129+0000] {processor.py:186} INFO - Started process (PID=48210) to work on /home/airflow/.local/lib/python3.11/site-packages/airflow/example_dags/example_time_delta_sensor_async.py
[2024-10-29T07:20:00.130+0000] {processor.py:914} INFO - Processing file /home/airflow/.local/lib/python3.11/site-packages/airflow/example_dags/example_time_delta_sensor_async.py for tasks to queue
[2024-10-29T07:20:00.132+0000] {logging_mixin.py:190} INFO - [2024-10-29T07:20:00.132+0000] {dagbag.py:588} INFO - Filling up the DagBag from /home/airflow/.local/lib/python3.11/site-packages/airflow/example_dags/example_time_delta_sensor_async.py
[2024-10-29T07:20:00.136+0000] {processor.py:925} INFO - DAG(s) 'example_time_delta_sensor_async' retrieved from /home/airflow/.local/lib/python3.11/site-packages/airflow/example_dags/example_time_delta_sensor_async.py
[2024-10-29T07:20:00.149+0000] {logging_mixin.py:190} INFO - [2024-10-29T07:20:00.148+0000] {dag.py:3239} INFO - Sync 1 DAGs
[2024-10-29T07:20:00.158+0000] {logging_mixin.py:190} INFO - [2024-10-29T07:20:00.158+0000] {dag.py:4180} INFO - Setting next_dagrun for example_time_delta_sensor_async to None, run_after=None
[2024-10-29T07:20:00.172+0000] {processor.py:208} INFO - Processing /home/airflow/.local/lib/python3.11/site-packages/airflow/example_dags/example_time_delta_sensor_async.py took 0.047 seconds
[2024-10-29T07:59:20.611+0000] {processor.py:186} INFO - Started process (PID=48273) to work on /home/airflow/.local/lib/python3.11/site-packages/airflow/example_dags/example_time_delta_sensor_async.py
[2024-10-29T07:59:20.612+0000] {processor.py:914} INFO - Processing file /home/airflow/.local/lib/python3.11/site-packages/airflow/example_dags/example_time_delta_sensor_async.py for tasks to queue
[2024-10-29T07:59:20.615+0000] {logging_mixin.py:190} INFO - [2024-10-29T07:59:20.615+0000] {dagbag.py:588} INFO - Filling up the DagBag from /home/airflow/.local/lib/python3.11/site-packages/airflow/example_dags/example_time_delta_sensor_async.py
[2024-10-29T07:59:20.621+0000] {processor.py:925} INFO - DAG(s) 'example_time_delta_sensor_async' retrieved from /home/airflow/.local/lib/python3.11/site-packages/airflow/example_dags/example_time_delta_sensor_async.py
[2024-10-29T07:59:20.635+0000] {logging_mixin.py:190} INFO - [2024-10-29T07:59:20.635+0000] {dag.py:3239} INFO - Sync 1 DAGs
[2024-10-29T07:59:20.654+0000] {logging_mixin.py:190} INFO - [2024-10-29T07:59:20.653+0000] {dag.py:4180} INFO - Setting next_dagrun for example_time_delta_sensor_async to None, run_after=None
[2024-10-29T07:59:20.681+0000] {processor.py:208} INFO - Processing /home/airflow/.local/lib/python3.11/site-packages/airflow/example_dags/example_time_delta_sensor_async.py took 0.075 seconds
[2024-10-29T07:59:51.581+0000] {processor.py:186} INFO - Started process (PID=48337) to work on /home/airflow/.local/lib/python3.11/site-packages/airflow/example_dags/example_time_delta_sensor_async.py
[2024-10-29T07:59:51.582+0000] {processor.py:914} INFO - Processing file /home/airflow/.local/lib/python3.11/site-packages/airflow/example_dags/example_time_delta_sensor_async.py for tasks to queue
[2024-10-29T07:59:51.583+0000] {logging_mixin.py:190} INFO - [2024-10-29T07:59:51.583+0000] {dagbag.py:588} INFO - Filling up the DagBag from /home/airflow/.local/lib/python3.11/site-packages/airflow/example_dags/example_time_delta_sensor_async.py
[2024-10-29T07:59:51.587+0000] {processor.py:925} INFO - DAG(s) 'example_time_delta_sensor_async' retrieved from /home/airflow/.local/lib/python3.11/site-packages/airflow/example_dags/example_time_delta_sensor_async.py
[2024-10-29T07:59:51.598+0000] {logging_mixin.py:190} INFO - [2024-10-29T07:59:51.598+0000] {dag.py:3239} INFO - Sync 1 DAGs
[2024-10-29T07:59:51.606+0000] {logging_mixin.py:190} INFO - [2024-10-29T07:59:51.605+0000] {dag.py:4180} INFO - Setting next_dagrun for example_time_delta_sensor_async to None, run_after=None
[2024-10-29T07:59:51.614+0000] {processor.py:208} INFO - Processing /home/airflow/.local/lib/python3.11/site-packages/airflow/example_dags/example_time_delta_sensor_async.py took 0.036 seconds
[2024-10-29T08:00:21.887+0000] {processor.py:186} INFO - Started process (PID=48400) to work on /home/airflow/.local/lib/python3.11/site-packages/airflow/example_dags/example_time_delta_sensor_async.py
[2024-10-29T08:00:21.888+0000] {processor.py:914} INFO - Processing file /home/airflow/.local/lib/python3.11/site-packages/airflow/example_dags/example_time_delta_sensor_async.py for tasks to queue
[2024-10-29T08:00:21.890+0000] {logging_mixin.py:190} INFO - [2024-10-29T08:00:21.889+0000] {dagbag.py:588} INFO - Filling up the DagBag from /home/airflow/.local/lib/python3.11/site-packages/airflow/example_dags/example_time_delta_sensor_async.py
[2024-10-29T08:00:21.893+0000] {processor.py:925} INFO - DAG(s) 'example_time_delta_sensor_async' retrieved from /home/airflow/.local/lib/python3.11/site-packages/airflow/example_dags/example_time_delta_sensor_async.py
[2024-10-29T08:00:21.903+0000] {logging_mixin.py:190} INFO - [2024-10-29T08:00:21.903+0000] {dag.py:3239} INFO - Sync 1 DAGs
[2024-10-29T08:00:21.910+0000] {logging_mixin.py:190} INFO - [2024-10-29T08:00:21.910+0000] {dag.py:4180} INFO - Setting next_dagrun for example_time_delta_sensor_async to None, run_after=None
[2024-10-29T08:00:21.922+0000] {processor.py:208} INFO - Processing /home/airflow/.local/lib/python3.11/site-packages/airflow/example_dags/example_time_delta_sensor_async.py took 0.038 seconds
[2024-10-29T08:00:52.252+0000] {processor.py:186} INFO - Started process (PID=48463) to work on /home/airflow/.local/lib/python3.11/site-packages/airflow/example_dags/example_time_delta_sensor_async.py
[2024-10-29T08:00:52.253+0000] {processor.py:914} INFO - Processing file /home/airflow/.local/lib/python3.11/site-packages/airflow/example_dags/example_time_delta_sensor_async.py for tasks to queue
[2024-10-29T08:00:52.255+0000] {logging_mixin.py:190} INFO - [2024-10-29T08:00:52.254+0000] {dagbag.py:588} INFO - Filling up the DagBag from /home/airflow/.local/lib/python3.11/site-packages/airflow/example_dags/example_time_delta_sensor_async.py
[2024-10-29T08:00:52.258+0000] {processor.py:925} INFO - DAG(s) 'example_time_delta_sensor_async' retrieved from /home/airflow/.local/lib/python3.11/site-packages/airflow/example_dags/example_time_delta_sensor_async.py
[2024-10-29T08:00:52.269+0000] {logging_mixin.py:190} INFO - [2024-10-29T08:00:52.268+0000] {dag.py:3239} INFO - Sync 1 DAGs
[2024-10-29T08:00:52.276+0000] {logging_mixin.py:190} INFO - [2024-10-29T08:00:52.276+0000] {dag.py:4180} INFO - Setting next_dagrun for example_time_delta_sensor_async to None, run_after=None
[2024-10-29T08:00:52.285+0000] {processor.py:208} INFO - Processing /home/airflow/.local/lib/python3.11/site-packages/airflow/example_dags/example_time_delta_sensor_async.py took 0.036 seconds
[2024-10-29T08:01:23.077+0000] {processor.py:186} INFO - Started process (PID=48526) to work on /home/airflow/.local/lib/python3.11/site-packages/airflow/example_dags/example_time_delta_sensor_async.py
[2024-10-29T08:01:23.078+0000] {processor.py:914} INFO - Processing file /home/airflow/.local/lib/python3.11/site-packages/airflow/example_dags/example_time_delta_sensor_async.py for tasks to queue
[2024-10-29T08:01:23.080+0000] {logging_mixin.py:190} INFO - [2024-10-29T08:01:23.080+0000] {dagbag.py:588} INFO - Filling up the DagBag from /home/airflow/.local/lib/python3.11/site-packages/airflow/example_dags/example_time_delta_sensor_async.py
[2024-10-29T08:01:23.083+0000] {processor.py:925} INFO - DAG(s) 'example_time_delta_sensor_async' retrieved from /home/airflow/.local/lib/python3.11/site-packages/airflow/example_dags/example_time_delta_sensor_async.py
[2024-10-29T08:01:23.094+0000] {logging_mixin.py:190} INFO - [2024-10-29T08:01:23.094+0000] {dag.py:3239} INFO - Sync 1 DAGs
[2024-10-29T08:01:23.101+0000] {logging_mixin.py:190} INFO - [2024-10-29T08:01:23.101+0000] {dag.py:4180} INFO - Setting next_dagrun for example_time_delta_sensor_async to None, run_after=None
[2024-10-29T08:01:23.109+0000] {processor.py:208} INFO - Processing /home/airflow/.local/lib/python3.11/site-packages/airflow/example_dags/example_time_delta_sensor_async.py took 0.035 seconds
[2024-10-29T08:01:53.929+0000] {processor.py:186} INFO - Started process (PID=48589) to work on /home/airflow/.local/lib/python3.11/site-packages/airflow/example_dags/example_time_delta_sensor_async.py
[2024-10-29T08:01:53.930+0000] {processor.py:914} INFO - Processing file /home/airflow/.local/lib/python3.11/site-packages/airflow/example_dags/example_time_delta_sensor_async.py for tasks to queue
[2024-10-29T08:01:53.931+0000] {logging_mixin.py:190} INFO - [2024-10-29T08:01:53.931+0000] {dagbag.py:588} INFO - Filling up the DagBag from /home/airflow/.local/lib/python3.11/site-packages/airflow/example_dags/example_time_delta_sensor_async.py
[2024-10-29T08:01:53.935+0000] {processor.py:925} INFO - DAG(s) 'example_time_delta_sensor_async' retrieved from /home/airflow/.local/lib/python3.11/site-packages/airflow/example_dags/example_time_delta_sensor_async.py
[2024-10-29T08:01:53.945+0000] {logging_mixin.py:190} INFO - [2024-10-29T08:01:53.945+0000] {dag.py:3239} INFO - Sync 1 DAGs
[2024-10-29T08:01:53.952+0000] {logging_mixin.py:190} INFO - [2024-10-29T08:01:53.952+0000] {dag.py:4180} INFO - Setting next_dagrun for example_time_delta_sensor_async to None, run_after=None
[2024-10-29T08:01:53.960+0000] {processor.py:208} INFO - Processing /home/airflow/.local/lib/python3.11/site-packages/airflow/example_dags/example_time_delta_sensor_async.py took 0.035 seconds
[2024-10-29T08:02:24.701+0000] {processor.py:186} INFO - Started process (PID=48652) to work on /home/airflow/.local/lib/python3.11/site-packages/airflow/example_dags/example_time_delta_sensor_async.py
[2024-10-29T08:02:24.701+0000] {processor.py:914} INFO - Processing file /home/airflow/.local/lib/python3.11/site-packages/airflow/example_dags/example_time_delta_sensor_async.py for tasks to queue
[2024-10-29T08:02:24.703+0000] {logging_mixin.py:190} INFO - [2024-10-29T08:02:24.703+0000] {dagbag.py:588} INFO - Filling up the DagBag from /home/airflow/.local/lib/python3.11/site-packages/airflow/example_dags/example_time_delta_sensor_async.py
[2024-10-29T08:02:24.707+0000] {processor.py:925} INFO - DAG(s) 'example_time_delta_sensor_async' retrieved from /home/airflow/.local/lib/python3.11/site-packages/airflow/example_dags/example_time_delta_sensor_async.py
[2024-10-29T08:02:24.717+0000] {logging_mixin.py:190} INFO - [2024-10-29T08:02:24.717+0000] {dag.py:3239} INFO - Sync 1 DAGs
[2024-10-29T08:02:24.724+0000] {logging_mixin.py:190} INFO - [2024-10-29T08:02:24.724+0000] {dag.py:4180} INFO - Setting next_dagrun for example_time_delta_sensor_async to None, run_after=None
[2024-10-29T08:02:24.733+0000] {processor.py:208} INFO - Processing /home/airflow/.local/lib/python3.11/site-packages/airflow/example_dags/example_time_delta_sensor_async.py took 0.035 seconds
[2024-10-29T08:02:55.215+0000] {processor.py:186} INFO - Started process (PID=48715) to work on /home/airflow/.local/lib/python3.11/site-packages/airflow/example_dags/example_time_delta_sensor_async.py
[2024-10-29T08:02:55.216+0000] {processor.py:914} INFO - Processing file /home/airflow/.local/lib/python3.11/site-packages/airflow/example_dags/example_time_delta_sensor_async.py for tasks to queue
[2024-10-29T08:02:55.218+0000] {logging_mixin.py:190} INFO - [2024-10-29T08:02:55.217+0000] {dagbag.py:588} INFO - Filling up the DagBag from /home/airflow/.local/lib/python3.11/site-packages/airflow/example_dags/example_time_delta_sensor_async.py
[2024-10-29T08:02:55.221+0000] {processor.py:925} INFO - DAG(s) 'example_time_delta_sensor_async' retrieved from /home/airflow/.local/lib/python3.11/site-packages/airflow/example_dags/example_time_delta_sensor_async.py
[2024-10-29T08:02:55.233+0000] {logging_mixin.py:190} INFO - [2024-10-29T08:02:55.232+0000] {dag.py:3239} INFO - Sync 1 DAGs
[2024-10-29T08:02:55.242+0000] {logging_mixin.py:190} INFO - [2024-10-29T08:02:55.242+0000] {dag.py:4180} INFO - Setting next_dagrun for example_time_delta_sensor_async to None, run_after=None
[2024-10-29T08:02:55.253+0000] {processor.py:208} INFO - Processing /home/airflow/.local/lib/python3.11/site-packages/airflow/example_dags/example_time_delta_sensor_async.py took 0.042 seconds
[2024-10-29T08:03:25.648+0000] {processor.py:186} INFO - Started process (PID=48778) to work on /home/airflow/.local/lib/python3.11/site-packages/airflow/example_dags/example_time_delta_sensor_async.py
[2024-10-29T08:03:25.649+0000] {processor.py:914} INFO - Processing file /home/airflow/.local/lib/python3.11/site-packages/airflow/example_dags/example_time_delta_sensor_async.py for tasks to queue
[2024-10-29T08:03:25.651+0000] {logging_mixin.py:190} INFO - [2024-10-29T08:03:25.651+0000] {dagbag.py:588} INFO - Filling up the DagBag from /home/airflow/.local/lib/python3.11/site-packages/airflow/example_dags/example_time_delta_sensor_async.py
[2024-10-29T08:03:25.654+0000] {processor.py:925} INFO - DAG(s) 'example_time_delta_sensor_async' retrieved from /home/airflow/.local/lib/python3.11/site-packages/airflow/example_dags/example_time_delta_sensor_async.py
[2024-10-29T08:03:25.665+0000] {logging_mixin.py:190} INFO - [2024-10-29T08:03:25.665+0000] {dag.py:3239} INFO - Sync 1 DAGs
[2024-10-29T08:03:25.672+0000] {logging_mixin.py:190} INFO - [2024-10-29T08:03:25.672+0000] {dag.py:4180} INFO - Setting next_dagrun for example_time_delta_sensor_async to None, run_after=None
[2024-10-29T08:03:25.681+0000] {processor.py:208} INFO - Processing /home/airflow/.local/lib/python3.11/site-packages/airflow/example_dags/example_time_delta_sensor_async.py took 0.037 seconds
[2024-10-29T08:03:56.042+0000] {processor.py:186} INFO - Started process (PID=48841) to work on /home/airflow/.local/lib/python3.11/site-packages/airflow/example_dags/example_time_delta_sensor_async.py
[2024-10-29T08:03:56.042+0000] {processor.py:914} INFO - Processing file /home/airflow/.local/lib/python3.11/site-packages/airflow/example_dags/example_time_delta_sensor_async.py for tasks to queue
[2024-10-29T08:03:56.044+0000] {logging_mixin.py:190} INFO - [2024-10-29T08:03:56.044+0000] {dagbag.py:588} INFO - Filling up the DagBag from /home/airflow/.local/lib/python3.11/site-packages/airflow/example_dags/example_time_delta_sensor_async.py
[2024-10-29T08:03:56.048+0000] {processor.py:925} INFO - DAG(s) 'example_time_delta_sensor_async' retrieved from /home/airflow/.local/lib/python3.11/site-packages/airflow/example_dags/example_time_delta_sensor_async.py
[2024-10-29T08:03:56.058+0000] {logging_mixin.py:190} INFO - [2024-10-29T08:03:56.058+0000] {dag.py:3239} INFO - Sync 1 DAGs
[2024-10-29T08:03:56.066+0000] {logging_mixin.py:190} INFO - [2024-10-29T08:03:56.066+0000] {dag.py:4180} INFO - Setting next_dagrun for example_time_delta_sensor_async to None, run_after=None
[2024-10-29T08:03:56.074+0000] {processor.py:208} INFO - Processing /home/airflow/.local/lib/python3.11/site-packages/airflow/example_dags/example_time_delta_sensor_async.py took 0.036 seconds
[2024-10-29T08:04:26.594+0000] {processor.py:186} INFO - Started process (PID=48904) to work on /home/airflow/.local/lib/python3.11/site-packages/airflow/example_dags/example_time_delta_sensor_async.py
[2024-10-29T08:04:26.595+0000] {processor.py:914} INFO - Processing file /home/airflow/.local/lib/python3.11/site-packages/airflow/example_dags/example_time_delta_sensor_async.py for tasks to queue
[2024-10-29T08:04:26.596+0000] {logging_mixin.py:190} INFO - [2024-10-29T08:04:26.596+0000] {dagbag.py:588} INFO - Filling up the DagBag from /home/airflow/.local/lib/python3.11/site-packages/airflow/example_dags/example_time_delta_sensor_async.py
[2024-10-29T08:04:26.600+0000] {processor.py:925} INFO - DAG(s) 'example_time_delta_sensor_async' retrieved from /home/airflow/.local/lib/python3.11/site-packages/airflow/example_dags/example_time_delta_sensor_async.py
[2024-10-29T08:04:26.610+0000] {logging_mixin.py:190} INFO - [2024-10-29T08:04:26.610+0000] {dag.py:3239} INFO - Sync 1 DAGs
[2024-10-29T08:04:26.617+0000] {logging_mixin.py:190} INFO - [2024-10-29T08:04:26.617+0000] {dag.py:4180} INFO - Setting next_dagrun for example_time_delta_sensor_async to None, run_after=None
[2024-10-29T08:04:26.626+0000] {processor.py:208} INFO - Processing /home/airflow/.local/lib/python3.11/site-packages/airflow/example_dags/example_time_delta_sensor_async.py took 0.035 seconds
[2024-10-29T08:04:56.927+0000] {processor.py:186} INFO - Started process (PID=48966) to work on /home/airflow/.local/lib/python3.11/site-packages/airflow/example_dags/example_time_delta_sensor_async.py
[2024-10-29T08:04:56.928+0000] {processor.py:914} INFO - Processing file /home/airflow/.local/lib/python3.11/site-packages/airflow/example_dags/example_time_delta_sensor_async.py for tasks to queue
[2024-10-29T08:04:56.929+0000] {logging_mixin.py:190} INFO - [2024-10-29T08:04:56.929+0000] {dagbag.py:588} INFO - Filling up the DagBag from /home/airflow/.local/lib/python3.11/site-packages/airflow/example_dags/example_time_delta_sensor_async.py
[2024-10-29T08:04:56.933+0000] {processor.py:925} INFO - DAG(s) 'example_time_delta_sensor_async' retrieved from /home/airflow/.local/lib/python3.11/site-packages/airflow/example_dags/example_time_delta_sensor_async.py
[2024-10-29T08:04:56.943+0000] {logging_mixin.py:190} INFO - [2024-10-29T08:04:56.943+0000] {dag.py:3239} INFO - Sync 1 DAGs
[2024-10-29T08:04:56.950+0000] {logging_mixin.py:190} INFO - [2024-10-29T08:04:56.950+0000] {dag.py:4180} INFO - Setting next_dagrun for example_time_delta_sensor_async to None, run_after=None
[2024-10-29T08:04:56.958+0000] {processor.py:208} INFO - Processing /home/airflow/.local/lib/python3.11/site-packages/airflow/example_dags/example_time_delta_sensor_async.py took 0.035 seconds
[2024-10-29T08:05:27.718+0000] {processor.py:186} INFO - Started process (PID=49029) to work on /home/airflow/.local/lib/python3.11/site-packages/airflow/example_dags/example_time_delta_sensor_async.py
[2024-10-29T08:05:27.719+0000] {processor.py:914} INFO - Processing file /home/airflow/.local/lib/python3.11/site-packages/airflow/example_dags/example_time_delta_sensor_async.py for tasks to queue
[2024-10-29T08:05:27.721+0000] {logging_mixin.py:190} INFO - [2024-10-29T08:05:27.720+0000] {dagbag.py:588} INFO - Filling up the DagBag from /home/airflow/.local/lib/python3.11/site-packages/airflow/example_dags/example_time_delta_sensor_async.py
[2024-10-29T08:05:27.724+0000] {processor.py:925} INFO - DAG(s) 'example_time_delta_sensor_async' retrieved from /home/airflow/.local/lib/python3.11/site-packages/airflow/example_dags/example_time_delta_sensor_async.py
[2024-10-29T08:05:27.735+0000] {logging_mixin.py:190} INFO - [2024-10-29T08:05:27.735+0000] {dag.py:3239} INFO - Sync 1 DAGs
[2024-10-29T08:05:27.742+0000] {logging_mixin.py:190} INFO - [2024-10-29T08:05:27.742+0000] {dag.py:4180} INFO - Setting next_dagrun for example_time_delta_sensor_async to None, run_after=None
[2024-10-29T08:05:27.751+0000] {processor.py:208} INFO - Processing /home/airflow/.local/lib/python3.11/site-packages/airflow/example_dags/example_time_delta_sensor_async.py took 0.036 seconds
[2024-10-29T08:05:58.101+0000] {processor.py:186} INFO - Started process (PID=49092) to work on /home/airflow/.local/lib/python3.11/site-packages/airflow/example_dags/example_time_delta_sensor_async.py
[2024-10-29T08:05:58.101+0000] {processor.py:914} INFO - Processing file /home/airflow/.local/lib/python3.11/site-packages/airflow/example_dags/example_time_delta_sensor_async.py for tasks to queue
[2024-10-29T08:05:58.103+0000] {logging_mixin.py:190} INFO - [2024-10-29T08:05:58.103+0000] {dagbag.py:588} INFO - Filling up the DagBag from /home/airflow/.local/lib/python3.11/site-packages/airflow/example_dags/example_time_delta_sensor_async.py
[2024-10-29T08:05:58.107+0000] {processor.py:925} INFO - DAG(s) 'example_time_delta_sensor_async' retrieved from /home/airflow/.local/lib/python3.11/site-packages/airflow/example_dags/example_time_delta_sensor_async.py
[2024-10-29T08:05:58.117+0000] {logging_mixin.py:190} INFO - [2024-10-29T08:05:58.117+0000] {dag.py:3239} INFO - Sync 1 DAGs
[2024-10-29T08:05:58.124+0000] {logging_mixin.py:190} INFO - [2024-10-29T08:05:58.124+0000] {dag.py:4180} INFO - Setting next_dagrun for example_time_delta_sensor_async to None, run_after=None
[2024-10-29T08:05:58.133+0000] {processor.py:208} INFO - Processing /home/airflow/.local/lib/python3.11/site-packages/airflow/example_dags/example_time_delta_sensor_async.py took 0.036 seconds
[2024-10-29T08:06:28.544+0000] {processor.py:186} INFO - Started process (PID=49155) to work on /home/airflow/.local/lib/python3.11/site-packages/airflow/example_dags/example_time_delta_sensor_async.py
[2024-10-29T08:06:28.545+0000] {processor.py:914} INFO - Processing file /home/airflow/.local/lib/python3.11/site-packages/airflow/example_dags/example_time_delta_sensor_async.py for tasks to queue
[2024-10-29T08:06:28.546+0000] {logging_mixin.py:190} INFO - [2024-10-29T08:06:28.546+0000] {dagbag.py:588} INFO - Filling up the DagBag from /home/airflow/.local/lib/python3.11/site-packages/airflow/example_dags/example_time_delta_sensor_async.py
[2024-10-29T08:06:28.550+0000] {processor.py:925} INFO - DAG(s) 'example_time_delta_sensor_async' retrieved from /home/airflow/.local/lib/python3.11/site-packages/airflow/example_dags/example_time_delta_sensor_async.py
[2024-10-29T08:06:28.560+0000] {logging_mixin.py:190} INFO - [2024-10-29T08:06:28.560+0000] {dag.py:3239} INFO - Sync 1 DAGs
[2024-10-29T08:06:28.568+0000] {logging_mixin.py:190} INFO - [2024-10-29T08:06:28.568+0000] {dag.py:4180} INFO - Setting next_dagrun for example_time_delta_sensor_async to None, run_after=None
[2024-10-29T08:06:28.577+0000] {processor.py:208} INFO - Processing /home/airflow/.local/lib/python3.11/site-packages/airflow/example_dags/example_time_delta_sensor_async.py took 0.036 seconds
[2024-10-29T08:06:58.888+0000] {processor.py:186} INFO - Started process (PID=49218) to work on /home/airflow/.local/lib/python3.11/site-packages/airflow/example_dags/example_time_delta_sensor_async.py
[2024-10-29T08:06:58.891+0000] {processor.py:914} INFO - Processing file /home/airflow/.local/lib/python3.11/site-packages/airflow/example_dags/example_time_delta_sensor_async.py for tasks to queue
[2024-10-29T08:06:58.894+0000] {logging_mixin.py:190} INFO - [2024-10-29T08:06:58.894+0000] {dagbag.py:588} INFO - Filling up the DagBag from /home/airflow/.local/lib/python3.11/site-packages/airflow/example_dags/example_time_delta_sensor_async.py
[2024-10-29T08:06:58.906+0000] {processor.py:925} INFO - DAG(s) 'example_time_delta_sensor_async' retrieved from /home/airflow/.local/lib/python3.11/site-packages/airflow/example_dags/example_time_delta_sensor_async.py
[2024-10-29T08:06:58.928+0000] {logging_mixin.py:190} INFO - [2024-10-29T08:06:58.928+0000] {dag.py:3239} INFO - Sync 1 DAGs
[2024-10-29T08:06:58.935+0000] {logging_mixin.py:190} INFO - [2024-10-29T08:06:58.935+0000] {dag.py:4180} INFO - Setting next_dagrun for example_time_delta_sensor_async to None, run_after=None
[2024-10-29T08:06:58.943+0000] {processor.py:208} INFO - Processing /home/airflow/.local/lib/python3.11/site-packages/airflow/example_dags/example_time_delta_sensor_async.py took 0.063 seconds
[2024-10-29T08:07:29.675+0000] {processor.py:186} INFO - Started process (PID=49281) to work on /home/airflow/.local/lib/python3.11/site-packages/airflow/example_dags/example_time_delta_sensor_async.py
[2024-10-29T08:07:29.676+0000] {processor.py:914} INFO - Processing file /home/airflow/.local/lib/python3.11/site-packages/airflow/example_dags/example_time_delta_sensor_async.py for tasks to queue
[2024-10-29T08:07:29.678+0000] {logging_mixin.py:190} INFO - [2024-10-29T08:07:29.678+0000] {dagbag.py:588} INFO - Filling up the DagBag from /home/airflow/.local/lib/python3.11/site-packages/airflow/example_dags/example_time_delta_sensor_async.py
[2024-10-29T08:07:29.682+0000] {processor.py:925} INFO - DAG(s) 'example_time_delta_sensor_async' retrieved from /home/airflow/.local/lib/python3.11/site-packages/airflow/example_dags/example_time_delta_sensor_async.py
[2024-10-29T08:07:29.694+0000] {logging_mixin.py:190} INFO - [2024-10-29T08:07:29.694+0000] {dag.py:3239} INFO - Sync 1 DAGs
[2024-10-29T08:07:29.701+0000] {logging_mixin.py:190} INFO - [2024-10-29T08:07:29.701+0000] {dag.py:4180} INFO - Setting next_dagrun for example_time_delta_sensor_async to None, run_after=None
[2024-10-29T08:07:29.709+0000] {processor.py:208} INFO - Processing /home/airflow/.local/lib/python3.11/site-packages/airflow/example_dags/example_time_delta_sensor_async.py took 0.038 seconds
[2024-10-29T08:08:00.631+0000] {processor.py:186} INFO - Started process (PID=49344) to work on /home/airflow/.local/lib/python3.11/site-packages/airflow/example_dags/example_time_delta_sensor_async.py
[2024-10-29T08:08:00.633+0000] {processor.py:914} INFO - Processing file /home/airflow/.local/lib/python3.11/site-packages/airflow/example_dags/example_time_delta_sensor_async.py for tasks to queue
[2024-10-29T08:08:00.635+0000] {logging_mixin.py:190} INFO - [2024-10-29T08:08:00.634+0000] {dagbag.py:588} INFO - Filling up the DagBag from /home/airflow/.local/lib/python3.11/site-packages/airflow/example_dags/example_time_delta_sensor_async.py
[2024-10-29T08:08:00.639+0000] {processor.py:925} INFO - DAG(s) 'example_time_delta_sensor_async' retrieved from /home/airflow/.local/lib/python3.11/site-packages/airflow/example_dags/example_time_delta_sensor_async.py
[2024-10-29T08:08:00.651+0000] {logging_mixin.py:190} INFO - [2024-10-29T08:08:00.651+0000] {dag.py:3239} INFO - Sync 1 DAGs
[2024-10-29T08:08:00.660+0000] {logging_mixin.py:190} INFO - [2024-10-29T08:08:00.660+0000] {dag.py:4180} INFO - Setting next_dagrun for example_time_delta_sensor_async to None, run_after=None
[2024-10-29T08:08:00.669+0000] {processor.py:208} INFO - Processing /home/airflow/.local/lib/python3.11/site-packages/airflow/example_dags/example_time_delta_sensor_async.py took 0.043 seconds
[2024-10-29T08:08:31.840+0000] {processor.py:186} INFO - Started process (PID=49407) to work on /home/airflow/.local/lib/python3.11/site-packages/airflow/example_dags/example_time_delta_sensor_async.py
[2024-10-29T08:08:31.840+0000] {processor.py:914} INFO - Processing file /home/airflow/.local/lib/python3.11/site-packages/airflow/example_dags/example_time_delta_sensor_async.py for tasks to queue
[2024-10-29T08:08:31.842+0000] {logging_mixin.py:190} INFO - [2024-10-29T08:08:31.842+0000] {dagbag.py:588} INFO - Filling up the DagBag from /home/airflow/.local/lib/python3.11/site-packages/airflow/example_dags/example_time_delta_sensor_async.py
[2024-10-29T08:08:31.846+0000] {processor.py:925} INFO - DAG(s) 'example_time_delta_sensor_async' retrieved from /home/airflow/.local/lib/python3.11/site-packages/airflow/example_dags/example_time_delta_sensor_async.py
[2024-10-29T08:08:31.857+0000] {logging_mixin.py:190} INFO - [2024-10-29T08:08:31.856+0000] {dag.py:3239} INFO - Sync 1 DAGs
[2024-10-29T08:08:31.863+0000] {logging_mixin.py:190} INFO - [2024-10-29T08:08:31.863+0000] {dag.py:4180} INFO - Setting next_dagrun for example_time_delta_sensor_async to None, run_after=None
[2024-10-29T08:08:31.870+0000] {processor.py:208} INFO - Processing /home/airflow/.local/lib/python3.11/site-packages/airflow/example_dags/example_time_delta_sensor_async.py took 0.034 seconds
[2024-10-29T08:09:03.356+0000] {processor.py:186} INFO - Started process (PID=49469) to work on /home/airflow/.local/lib/python3.11/site-packages/airflow/example_dags/example_time_delta_sensor_async.py
[2024-10-29T08:09:03.357+0000] {processor.py:914} INFO - Processing file /home/airflow/.local/lib/python3.11/site-packages/airflow/example_dags/example_time_delta_sensor_async.py for tasks to queue
[2024-10-29T08:09:03.359+0000] {logging_mixin.py:190} INFO - [2024-10-29T08:09:03.358+0000] {dagbag.py:588} INFO - Filling up the DagBag from /home/airflow/.local/lib/python3.11/site-packages/airflow/example_dags/example_time_delta_sensor_async.py
[2024-10-29T08:09:03.362+0000] {processor.py:925} INFO - DAG(s) 'example_time_delta_sensor_async' retrieved from /home/airflow/.local/lib/python3.11/site-packages/airflow/example_dags/example_time_delta_sensor_async.py
[2024-10-29T08:09:03.373+0000] {logging_mixin.py:190} INFO - [2024-10-29T08:09:03.373+0000] {dag.py:3239} INFO - Sync 1 DAGs
[2024-10-29T08:09:03.380+0000] {logging_mixin.py:190} INFO - [2024-10-29T08:09:03.379+0000] {dag.py:4180} INFO - Setting next_dagrun for example_time_delta_sensor_async to None, run_after=None
[2024-10-29T08:09:03.388+0000] {processor.py:208} INFO - Processing /home/airflow/.local/lib/python3.11/site-packages/airflow/example_dags/example_time_delta_sensor_async.py took 0.035 seconds
[2024-10-29T08:09:34.671+0000] {processor.py:186} INFO - Started process (PID=49532) to work on /home/airflow/.local/lib/python3.11/site-packages/airflow/example_dags/example_time_delta_sensor_async.py
[2024-10-29T08:09:34.671+0000] {processor.py:914} INFO - Processing file /home/airflow/.local/lib/python3.11/site-packages/airflow/example_dags/example_time_delta_sensor_async.py for tasks to queue
[2024-10-29T08:09:34.673+0000] {logging_mixin.py:190} INFO - [2024-10-29T08:09:34.673+0000] {dagbag.py:588} INFO - Filling up the DagBag from /home/airflow/.local/lib/python3.11/site-packages/airflow/example_dags/example_time_delta_sensor_async.py
[2024-10-29T08:09:34.678+0000] {processor.py:925} INFO - DAG(s) 'example_time_delta_sensor_async' retrieved from /home/airflow/.local/lib/python3.11/site-packages/airflow/example_dags/example_time_delta_sensor_async.py
[2024-10-29T08:09:34.695+0000] {logging_mixin.py:190} INFO - [2024-10-29T08:09:34.695+0000] {dag.py:3239} INFO - Sync 1 DAGs
[2024-10-29T08:09:34.704+0000] {logging_mixin.py:190} INFO - [2024-10-29T08:09:34.704+0000] {dag.py:4180} INFO - Setting next_dagrun for example_time_delta_sensor_async to None, run_after=None
[2024-10-29T08:09:34.715+0000] {processor.py:208} INFO - Processing /home/airflow/.local/lib/python3.11/site-packages/airflow/example_dags/example_time_delta_sensor_async.py took 0.047 seconds
[2024-10-29T08:10:05.620+0000] {processor.py:186} INFO - Started process (PID=49595) to work on /home/airflow/.local/lib/python3.11/site-packages/airflow/example_dags/example_time_delta_sensor_async.py
[2024-10-29T08:10:05.621+0000] {processor.py:914} INFO - Processing file /home/airflow/.local/lib/python3.11/site-packages/airflow/example_dags/example_time_delta_sensor_async.py for tasks to queue
[2024-10-29T08:10:05.623+0000] {logging_mixin.py:190} INFO - [2024-10-29T08:10:05.623+0000] {dagbag.py:588} INFO - Filling up the DagBag from /home/airflow/.local/lib/python3.11/site-packages/airflow/example_dags/example_time_delta_sensor_async.py
[2024-10-29T08:10:05.628+0000] {processor.py:925} INFO - DAG(s) 'example_time_delta_sensor_async' retrieved from /home/airflow/.local/lib/python3.11/site-packages/airflow/example_dags/example_time_delta_sensor_async.py
[2024-10-29T08:10:05.639+0000] {logging_mixin.py:190} INFO - [2024-10-29T08:10:05.639+0000] {dag.py:3239} INFO - Sync 1 DAGs
[2024-10-29T08:10:05.647+0000] {logging_mixin.py:190} INFO - [2024-10-29T08:10:05.647+0000] {dag.py:4180} INFO - Setting next_dagrun for example_time_delta_sensor_async to None, run_after=None
[2024-10-29T08:10:05.656+0000] {processor.py:208} INFO - Processing /home/airflow/.local/lib/python3.11/site-packages/airflow/example_dags/example_time_delta_sensor_async.py took 0.040 seconds
[2024-10-29T08:10:39.948+0000] {processor.py:186} INFO - Started process (PID=49658) to work on /home/airflow/.local/lib/python3.11/site-packages/airflow/example_dags/example_time_delta_sensor_async.py
[2024-10-29T08:10:39.949+0000] {processor.py:914} INFO - Processing file /home/airflow/.local/lib/python3.11/site-packages/airflow/example_dags/example_time_delta_sensor_async.py for tasks to queue
[2024-10-29T08:10:39.951+0000] {logging_mixin.py:190} INFO - [2024-10-29T08:10:39.950+0000] {dagbag.py:588} INFO - Filling up the DagBag from /home/airflow/.local/lib/python3.11/site-packages/airflow/example_dags/example_time_delta_sensor_async.py
[2024-10-29T08:10:39.956+0000] {processor.py:925} INFO - DAG(s) 'example_time_delta_sensor_async' retrieved from /home/airflow/.local/lib/python3.11/site-packages/airflow/example_dags/example_time_delta_sensor_async.py
[2024-10-29T08:10:39.968+0000] {logging_mixin.py:190} INFO - [2024-10-29T08:10:39.967+0000] {dag.py:3239} INFO - Sync 1 DAGs
[2024-10-29T08:10:39.975+0000] {logging_mixin.py:190} INFO - [2024-10-29T08:10:39.975+0000] {dag.py:4180} INFO - Setting next_dagrun for example_time_delta_sensor_async to None, run_after=None
[2024-10-29T08:10:39.986+0000] {processor.py:208} INFO - Processing /home/airflow/.local/lib/python3.11/site-packages/airflow/example_dags/example_time_delta_sensor_async.py took 0.042 seconds
[2024-10-29T18:53:16.251+0000] {processor.py:186} INFO - Started process (PID=100) to work on /home/airflow/.local/lib/python3.11/site-packages/airflow/example_dags/example_time_delta_sensor_async.py
[2024-10-29T18:53:16.260+0000] {processor.py:914} INFO - Processing file /home/airflow/.local/lib/python3.11/site-packages/airflow/example_dags/example_time_delta_sensor_async.py for tasks to queue
[2024-10-29T18:53:16.270+0000] {logging_mixin.py:190} INFO - [2024-10-29T18:53:16.269+0000] {dagbag.py:588} INFO - Filling up the DagBag from /home/airflow/.local/lib/python3.11/site-packages/airflow/example_dags/example_time_delta_sensor_async.py
[2024-10-29T18:53:16.308+0000] {processor.py:925} INFO - DAG(s) 'example_time_delta_sensor_async' retrieved from /home/airflow/.local/lib/python3.11/site-packages/airflow/example_dags/example_time_delta_sensor_async.py
[2024-10-29T18:53:16.376+0000] {logging_mixin.py:190} INFO - [2024-10-29T18:53:16.376+0000] {dag.py:3239} INFO - Sync 1 DAGs
[2024-10-29T18:53:16.426+0000] {logging_mixin.py:190} INFO - [2024-10-29T18:53:16.426+0000] {dag.py:4180} INFO - Setting next_dagrun for example_time_delta_sensor_async to None, run_after=None
[2024-10-29T18:53:16.477+0000] {processor.py:208} INFO - Processing /home/airflow/.local/lib/python3.11/site-packages/airflow/example_dags/example_time_delta_sensor_async.py took 0.253 seconds
[2024-10-29T18:54:09.904+0000] {processor.py:186} INFO - Started process (PID=163) to work on /home/airflow/.local/lib/python3.11/site-packages/airflow/example_dags/example_time_delta_sensor_async.py
[2024-10-29T18:54:09.911+0000] {processor.py:914} INFO - Processing file /home/airflow/.local/lib/python3.11/site-packages/airflow/example_dags/example_time_delta_sensor_async.py for tasks to queue
[2024-10-29T18:54:09.923+0000] {logging_mixin.py:190} INFO - [2024-10-29T18:54:09.922+0000] {dagbag.py:588} INFO - Filling up the DagBag from /home/airflow/.local/lib/python3.11/site-packages/airflow/example_dags/example_time_delta_sensor_async.py
[2024-10-29T18:54:09.959+0000] {processor.py:925} INFO - DAG(s) 'example_time_delta_sensor_async' retrieved from /home/airflow/.local/lib/python3.11/site-packages/airflow/example_dags/example_time_delta_sensor_async.py
[2024-10-29T18:54:10.032+0000] {logging_mixin.py:190} INFO - [2024-10-29T18:54:10.032+0000] {dag.py:3239} INFO - Sync 1 DAGs
[2024-10-29T18:54:10.077+0000] {logging_mixin.py:190} INFO - [2024-10-29T18:54:10.077+0000] {dag.py:4180} INFO - Setting next_dagrun for example_time_delta_sensor_async to None, run_after=None
[2024-10-29T18:54:10.122+0000] {processor.py:208} INFO - Processing /home/airflow/.local/lib/python3.11/site-packages/airflow/example_dags/example_time_delta_sensor_async.py took 0.266 seconds
[2024-10-29T18:54:46.778+0000] {processor.py:186} INFO - Started process (PID=231) to work on /home/airflow/.local/lib/python3.11/site-packages/airflow/example_dags/example_time_delta_sensor_async.py
[2024-10-29T18:54:46.780+0000] {processor.py:914} INFO - Processing file /home/airflow/.local/lib/python3.11/site-packages/airflow/example_dags/example_time_delta_sensor_async.py for tasks to queue
[2024-10-29T18:54:46.805+0000] {logging_mixin.py:190} INFO - [2024-10-29T18:54:46.802+0000] {dagbag.py:588} INFO - Filling up the DagBag from /home/airflow/.local/lib/python3.11/site-packages/airflow/example_dags/example_time_delta_sensor_async.py
[2024-10-29T18:54:46.849+0000] {processor.py:925} INFO - DAG(s) 'example_time_delta_sensor_async' retrieved from /home/airflow/.local/lib/python3.11/site-packages/airflow/example_dags/example_time_delta_sensor_async.py
[2024-10-29T18:54:47.023+0000] {logging_mixin.py:190} INFO - [2024-10-29T18:54:47.013+0000] {dag.py:3239} INFO - Sync 1 DAGs
[2024-10-29T18:54:49.895+0000] {logging_mixin.py:190} INFO - [2024-10-29T18:54:49.891+0000] {dag.py:4180} INFO - Setting next_dagrun for example_time_delta_sensor_async to None, run_after=None
[2024-10-29T18:54:49.997+0000] {processor.py:208} INFO - Processing /home/airflow/.local/lib/python3.11/site-packages/airflow/example_dags/example_time_delta_sensor_async.py took 3.231 seconds
[2024-10-29T18:55:38.953+0000] {processor.py:186} INFO - Started process (PID=299) to work on /home/airflow/.local/lib/python3.11/site-packages/airflow/example_dags/example_time_delta_sensor_async.py
[2024-10-29T18:55:38.960+0000] {processor.py:914} INFO - Processing file /home/airflow/.local/lib/python3.11/site-packages/airflow/example_dags/example_time_delta_sensor_async.py for tasks to queue
[2024-10-29T18:55:38.964+0000] {logging_mixin.py:190} INFO - [2024-10-29T18:55:38.964+0000] {dagbag.py:588} INFO - Filling up the DagBag from /home/airflow/.local/lib/python3.11/site-packages/airflow/example_dags/example_time_delta_sensor_async.py
[2024-10-29T18:55:38.985+0000] {processor.py:925} INFO - DAG(s) 'example_time_delta_sensor_async' retrieved from /home/airflow/.local/lib/python3.11/site-packages/airflow/example_dags/example_time_delta_sensor_async.py
[2024-10-29T18:55:39.032+0000] {logging_mixin.py:190} INFO - [2024-10-29T18:55:39.031+0000] {dag.py:3239} INFO - Sync 1 DAGs
[2024-10-29T18:55:40.277+0000] {logging_mixin.py:190} INFO - [2024-10-29T18:55:40.276+0000] {dag.py:4180} INFO - Setting next_dagrun for example_time_delta_sensor_async to None, run_after=None
[2024-10-29T18:55:40.328+0000] {processor.py:208} INFO - Processing /home/airflow/.local/lib/python3.11/site-packages/airflow/example_dags/example_time_delta_sensor_async.py took 1.373 seconds
[2024-10-29T18:56:10.823+0000] {processor.py:186} INFO - Started process (PID=361) to work on /home/airflow/.local/lib/python3.11/site-packages/airflow/example_dags/example_time_delta_sensor_async.py
[2024-10-29T18:56:10.825+0000] {processor.py:914} INFO - Processing file /home/airflow/.local/lib/python3.11/site-packages/airflow/example_dags/example_time_delta_sensor_async.py for tasks to queue
[2024-10-29T18:56:10.827+0000] {logging_mixin.py:190} INFO - [2024-10-29T18:56:10.827+0000] {dagbag.py:588} INFO - Filling up the DagBag from /home/airflow/.local/lib/python3.11/site-packages/airflow/example_dags/example_time_delta_sensor_async.py
[2024-10-29T18:56:10.835+0000] {processor.py:925} INFO - DAG(s) 'example_time_delta_sensor_async' retrieved from /home/airflow/.local/lib/python3.11/site-packages/airflow/example_dags/example_time_delta_sensor_async.py
[2024-10-29T18:56:10.853+0000] {logging_mixin.py:190} INFO - [2024-10-29T18:56:10.853+0000] {dag.py:3239} INFO - Sync 1 DAGs
[2024-10-29T18:56:10.864+0000] {logging_mixin.py:190} INFO - [2024-10-29T18:56:10.863+0000] {dag.py:4180} INFO - Setting next_dagrun for example_time_delta_sensor_async to None, run_after=None
[2024-10-29T18:56:10.873+0000] {processor.py:208} INFO - Processing /home/airflow/.local/lib/python3.11/site-packages/airflow/example_dags/example_time_delta_sensor_async.py took 0.057 seconds
[2024-10-29T18:56:40.965+0000] {processor.py:186} INFO - Started process (PID=424) to work on /home/airflow/.local/lib/python3.11/site-packages/airflow/example_dags/example_time_delta_sensor_async.py
[2024-10-29T18:56:40.967+0000] {processor.py:914} INFO - Processing file /home/airflow/.local/lib/python3.11/site-packages/airflow/example_dags/example_time_delta_sensor_async.py for tasks to queue
[2024-10-29T18:56:40.968+0000] {logging_mixin.py:190} INFO - [2024-10-29T18:56:40.968+0000] {dagbag.py:588} INFO - Filling up the DagBag from /home/airflow/.local/lib/python3.11/site-packages/airflow/example_dags/example_time_delta_sensor_async.py
[2024-10-29T18:56:40.975+0000] {processor.py:925} INFO - DAG(s) 'example_time_delta_sensor_async' retrieved from /home/airflow/.local/lib/python3.11/site-packages/airflow/example_dags/example_time_delta_sensor_async.py
[2024-10-29T18:56:40.991+0000] {logging_mixin.py:190} INFO - [2024-10-29T18:56:40.991+0000] {dag.py:3239} INFO - Sync 1 DAGs
[2024-10-29T18:56:40.998+0000] {logging_mixin.py:190} INFO - [2024-10-29T18:56:40.998+0000] {dag.py:4180} INFO - Setting next_dagrun for example_time_delta_sensor_async to None, run_after=None
[2024-10-29T18:56:41.006+0000] {processor.py:208} INFO - Processing /home/airflow/.local/lib/python3.11/site-packages/airflow/example_dags/example_time_delta_sensor_async.py took 0.047 seconds
[2024-10-29T18:57:12.002+0000] {processor.py:186} INFO - Started process (PID=487) to work on /home/airflow/.local/lib/python3.11/site-packages/airflow/example_dags/example_time_delta_sensor_async.py
[2024-10-29T18:57:12.002+0000] {processor.py:914} INFO - Processing file /home/airflow/.local/lib/python3.11/site-packages/airflow/example_dags/example_time_delta_sensor_async.py for tasks to queue
[2024-10-29T18:57:12.003+0000] {logging_mixin.py:190} INFO - [2024-10-29T18:57:12.003+0000] {dagbag.py:588} INFO - Filling up the DagBag from /home/airflow/.local/lib/python3.11/site-packages/airflow/example_dags/example_time_delta_sensor_async.py
[2024-10-29T18:57:12.008+0000] {processor.py:925} INFO - DAG(s) 'example_time_delta_sensor_async' retrieved from /home/airflow/.local/lib/python3.11/site-packages/airflow/example_dags/example_time_delta_sensor_async.py
[2024-10-29T18:57:12.018+0000] {logging_mixin.py:190} INFO - [2024-10-29T18:57:12.018+0000] {dag.py:3239} INFO - Sync 1 DAGs
[2024-10-29T18:57:12.025+0000] {logging_mixin.py:190} INFO - [2024-10-29T18:57:12.025+0000] {dag.py:4180} INFO - Setting next_dagrun for example_time_delta_sensor_async to None, run_after=None
[2024-10-29T18:57:12.035+0000] {processor.py:208} INFO - Processing /home/airflow/.local/lib/python3.11/site-packages/airflow/example_dags/example_time_delta_sensor_async.py took 0.038 seconds
[2024-10-29T18:57:42.337+0000] {processor.py:186} INFO - Started process (PID=550) to work on /home/airflow/.local/lib/python3.11/site-packages/airflow/example_dags/example_time_delta_sensor_async.py
[2024-10-29T18:57:42.338+0000] {processor.py:914} INFO - Processing file /home/airflow/.local/lib/python3.11/site-packages/airflow/example_dags/example_time_delta_sensor_async.py for tasks to queue
[2024-10-29T18:57:42.339+0000] {logging_mixin.py:190} INFO - [2024-10-29T18:57:42.339+0000] {dagbag.py:588} INFO - Filling up the DagBag from /home/airflow/.local/lib/python3.11/site-packages/airflow/example_dags/example_time_delta_sensor_async.py
[2024-10-29T18:57:42.343+0000] {processor.py:925} INFO - DAG(s) 'example_time_delta_sensor_async' retrieved from /home/airflow/.local/lib/python3.11/site-packages/airflow/example_dags/example_time_delta_sensor_async.py
[2024-10-29T18:57:42.353+0000] {logging_mixin.py:190} INFO - [2024-10-29T18:57:42.353+0000] {dag.py:3239} INFO - Sync 1 DAGs
[2024-10-29T18:57:42.359+0000] {logging_mixin.py:190} INFO - [2024-10-29T18:57:42.359+0000] {dag.py:4180} INFO - Setting next_dagrun for example_time_delta_sensor_async to None, run_after=None
[2024-10-29T18:57:42.367+0000] {processor.py:208} INFO - Processing /home/airflow/.local/lib/python3.11/site-packages/airflow/example_dags/example_time_delta_sensor_async.py took 0.041 seconds
[2024-10-29T18:58:12.838+0000] {processor.py:186} INFO - Started process (PID=613) to work on /home/airflow/.local/lib/python3.11/site-packages/airflow/example_dags/example_time_delta_sensor_async.py
[2024-10-29T18:58:12.839+0000] {processor.py:914} INFO - Processing file /home/airflow/.local/lib/python3.11/site-packages/airflow/example_dags/example_time_delta_sensor_async.py for tasks to queue
[2024-10-29T18:58:12.840+0000] {logging_mixin.py:190} INFO - [2024-10-29T18:58:12.840+0000] {dagbag.py:588} INFO - Filling up the DagBag from /home/airflow/.local/lib/python3.11/site-packages/airflow/example_dags/example_time_delta_sensor_async.py
[2024-10-29T18:58:12.845+0000] {processor.py:925} INFO - DAG(s) 'example_time_delta_sensor_async' retrieved from /home/airflow/.local/lib/python3.11/site-packages/airflow/example_dags/example_time_delta_sensor_async.py
[2024-10-29T18:58:12.860+0000] {logging_mixin.py:190} INFO - [2024-10-29T18:58:12.859+0000] {dag.py:3239} INFO - Sync 1 DAGs
[2024-10-29T18:58:12.868+0000] {logging_mixin.py:190} INFO - [2024-10-29T18:58:12.868+0000] {dag.py:4180} INFO - Setting next_dagrun for example_time_delta_sensor_async to None, run_after=None
[2024-10-29T18:58:12.877+0000] {processor.py:208} INFO - Processing /home/airflow/.local/lib/python3.11/site-packages/airflow/example_dags/example_time_delta_sensor_async.py took 0.049 seconds
[2024-10-29T18:58:43.025+0000] {processor.py:186} INFO - Started process (PID=676) to work on /home/airflow/.local/lib/python3.11/site-packages/airflow/example_dags/example_time_delta_sensor_async.py
[2024-10-29T18:58:43.026+0000] {processor.py:914} INFO - Processing file /home/airflow/.local/lib/python3.11/site-packages/airflow/example_dags/example_time_delta_sensor_async.py for tasks to queue
[2024-10-29T18:58:43.028+0000] {logging_mixin.py:190} INFO - [2024-10-29T18:58:43.028+0000] {dagbag.py:588} INFO - Filling up the DagBag from /home/airflow/.local/lib/python3.11/site-packages/airflow/example_dags/example_time_delta_sensor_async.py
[2024-10-29T18:58:43.032+0000] {processor.py:925} INFO - DAG(s) 'example_time_delta_sensor_async' retrieved from /home/airflow/.local/lib/python3.11/site-packages/airflow/example_dags/example_time_delta_sensor_async.py
[2024-10-29T18:58:43.043+0000] {logging_mixin.py:190} INFO - [2024-10-29T18:58:43.043+0000] {dag.py:3239} INFO - Sync 1 DAGs
[2024-10-29T18:58:43.049+0000] {logging_mixin.py:190} INFO - [2024-10-29T18:58:43.049+0000] {dag.py:4180} INFO - Setting next_dagrun for example_time_delta_sensor_async to None, run_after=None
[2024-10-29T18:58:43.056+0000] {processor.py:208} INFO - Processing /home/airflow/.local/lib/python3.11/site-packages/airflow/example_dags/example_time_delta_sensor_async.py took 0.034 seconds
[2024-10-29T18:59:13.215+0000] {processor.py:186} INFO - Started process (PID=739) to work on /home/airflow/.local/lib/python3.11/site-packages/airflow/example_dags/example_time_delta_sensor_async.py
[2024-10-29T18:59:13.215+0000] {processor.py:914} INFO - Processing file /home/airflow/.local/lib/python3.11/site-packages/airflow/example_dags/example_time_delta_sensor_async.py for tasks to queue
[2024-10-29T18:59:13.217+0000] {logging_mixin.py:190} INFO - [2024-10-29T18:59:13.217+0000] {dagbag.py:588} INFO - Filling up the DagBag from /home/airflow/.local/lib/python3.11/site-packages/airflow/example_dags/example_time_delta_sensor_async.py
[2024-10-29T18:59:13.221+0000] {processor.py:925} INFO - DAG(s) 'example_time_delta_sensor_async' retrieved from /home/airflow/.local/lib/python3.11/site-packages/airflow/example_dags/example_time_delta_sensor_async.py
[2024-10-29T18:59:13.230+0000] {logging_mixin.py:190} INFO - [2024-10-29T18:59:13.230+0000] {dag.py:3239} INFO - Sync 1 DAGs
[2024-10-29T18:59:13.236+0000] {logging_mixin.py:190} INFO - [2024-10-29T18:59:13.236+0000] {dag.py:4180} INFO - Setting next_dagrun for example_time_delta_sensor_async to None, run_after=None
[2024-10-29T18:59:13.243+0000] {processor.py:208} INFO - Processing /home/airflow/.local/lib/python3.11/site-packages/airflow/example_dags/example_time_delta_sensor_async.py took 0.032 seconds
[2024-10-29T18:59:43.403+0000] {processor.py:186} INFO - Started process (PID=802) to work on /home/airflow/.local/lib/python3.11/site-packages/airflow/example_dags/example_time_delta_sensor_async.py
[2024-10-29T18:59:43.403+0000] {processor.py:914} INFO - Processing file /home/airflow/.local/lib/python3.11/site-packages/airflow/example_dags/example_time_delta_sensor_async.py for tasks to queue
[2024-10-29T18:59:43.405+0000] {logging_mixin.py:190} INFO - [2024-10-29T18:59:43.405+0000] {dagbag.py:588} INFO - Filling up the DagBag from /home/airflow/.local/lib/python3.11/site-packages/airflow/example_dags/example_time_delta_sensor_async.py
[2024-10-29T18:59:43.408+0000] {processor.py:925} INFO - DAG(s) 'example_time_delta_sensor_async' retrieved from /home/airflow/.local/lib/python3.11/site-packages/airflow/example_dags/example_time_delta_sensor_async.py
[2024-10-29T18:59:43.416+0000] {logging_mixin.py:190} INFO - [2024-10-29T18:59:43.416+0000] {dag.py:3239} INFO - Sync 1 DAGs
[2024-10-29T18:59:43.423+0000] {logging_mixin.py:190} INFO - [2024-10-29T18:59:43.422+0000] {dag.py:4180} INFO - Setting next_dagrun for example_time_delta_sensor_async to None, run_after=None
[2024-10-29T18:59:43.430+0000] {processor.py:208} INFO - Processing /home/airflow/.local/lib/python3.11/site-packages/airflow/example_dags/example_time_delta_sensor_async.py took 0.030 seconds
[2024-10-29T19:00:14.475+0000] {processor.py:186} INFO - Started process (PID=864) to work on /home/airflow/.local/lib/python3.11/site-packages/airflow/example_dags/example_time_delta_sensor_async.py
[2024-10-29T19:00:14.476+0000] {processor.py:914} INFO - Processing file /home/airflow/.local/lib/python3.11/site-packages/airflow/example_dags/example_time_delta_sensor_async.py for tasks to queue
[2024-10-29T19:00:14.478+0000] {logging_mixin.py:190} INFO - [2024-10-29T19:00:14.478+0000] {dagbag.py:588} INFO - Filling up the DagBag from /home/airflow/.local/lib/python3.11/site-packages/airflow/example_dags/example_time_delta_sensor_async.py
[2024-10-29T19:00:14.482+0000] {processor.py:925} INFO - DAG(s) 'example_time_delta_sensor_async' retrieved from /home/airflow/.local/lib/python3.11/site-packages/airflow/example_dags/example_time_delta_sensor_async.py
[2024-10-29T19:00:14.491+0000] {logging_mixin.py:190} INFO - [2024-10-29T19:00:14.491+0000] {dag.py:3239} INFO - Sync 1 DAGs
[2024-10-29T19:00:14.498+0000] {logging_mixin.py:190} INFO - [2024-10-29T19:00:14.498+0000] {dag.py:4180} INFO - Setting next_dagrun for example_time_delta_sensor_async to None, run_after=None
[2024-10-29T19:00:14.505+0000] {processor.py:208} INFO - Processing /home/airflow/.local/lib/python3.11/site-packages/airflow/example_dags/example_time_delta_sensor_async.py took 0.034 seconds
[2024-10-29T19:00:44.593+0000] {processor.py:186} INFO - Started process (PID=927) to work on /home/airflow/.local/lib/python3.11/site-packages/airflow/example_dags/example_time_delta_sensor_async.py
[2024-10-29T19:00:44.594+0000] {processor.py:914} INFO - Processing file /home/airflow/.local/lib/python3.11/site-packages/airflow/example_dags/example_time_delta_sensor_async.py for tasks to queue
[2024-10-29T19:00:44.599+0000] {logging_mixin.py:190} INFO - [2024-10-29T19:00:44.599+0000] {dagbag.py:588} INFO - Filling up the DagBag from /home/airflow/.local/lib/python3.11/site-packages/airflow/example_dags/example_time_delta_sensor_async.py
[2024-10-29T19:00:44.603+0000] {processor.py:925} INFO - DAG(s) 'example_time_delta_sensor_async' retrieved from /home/airflow/.local/lib/python3.11/site-packages/airflow/example_dags/example_time_delta_sensor_async.py
[2024-10-29T19:00:44.612+0000] {logging_mixin.py:190} INFO - [2024-10-29T19:00:44.612+0000] {dag.py:3239} INFO - Sync 1 DAGs
[2024-10-29T19:00:44.619+0000] {logging_mixin.py:190} INFO - [2024-10-29T19:00:44.619+0000] {dag.py:4180} INFO - Setting next_dagrun for example_time_delta_sensor_async to None, run_after=None
[2024-10-29T19:00:44.631+0000] {processor.py:208} INFO - Processing /home/airflow/.local/lib/python3.11/site-packages/airflow/example_dags/example_time_delta_sensor_async.py took 0.042 seconds
[2024-10-29T19:01:15.609+0000] {processor.py:186} INFO - Started process (PID=990) to work on /home/airflow/.local/lib/python3.11/site-packages/airflow/example_dags/example_time_delta_sensor_async.py
[2024-10-29T19:01:15.610+0000] {processor.py:914} INFO - Processing file /home/airflow/.local/lib/python3.11/site-packages/airflow/example_dags/example_time_delta_sensor_async.py for tasks to queue
[2024-10-29T19:01:15.611+0000] {logging_mixin.py:190} INFO - [2024-10-29T19:01:15.611+0000] {dagbag.py:588} INFO - Filling up the DagBag from /home/airflow/.local/lib/python3.11/site-packages/airflow/example_dags/example_time_delta_sensor_async.py
[2024-10-29T19:01:15.619+0000] {processor.py:925} INFO - DAG(s) 'example_time_delta_sensor_async' retrieved from /home/airflow/.local/lib/python3.11/site-packages/airflow/example_dags/example_time_delta_sensor_async.py
[2024-10-29T19:01:15.633+0000] {logging_mixin.py:190} INFO - [2024-10-29T19:01:15.632+0000] {dag.py:3239} INFO - Sync 1 DAGs
[2024-10-29T19:01:15.641+0000] {logging_mixin.py:190} INFO - [2024-10-29T19:01:15.641+0000] {dag.py:4180} INFO - Setting next_dagrun for example_time_delta_sensor_async to None, run_after=None
[2024-10-29T19:01:15.653+0000] {processor.py:208} INFO - Processing /home/airflow/.local/lib/python3.11/site-packages/airflow/example_dags/example_time_delta_sensor_async.py took 0.050 seconds
[2024-10-29T19:01:45.720+0000] {processor.py:186} INFO - Started process (PID=1053) to work on /home/airflow/.local/lib/python3.11/site-packages/airflow/example_dags/example_time_delta_sensor_async.py
[2024-10-29T19:01:45.722+0000] {processor.py:914} INFO - Processing file /home/airflow/.local/lib/python3.11/site-packages/airflow/example_dags/example_time_delta_sensor_async.py for tasks to queue
[2024-10-29T19:01:45.724+0000] {logging_mixin.py:190} INFO - [2024-10-29T19:01:45.724+0000] {dagbag.py:588} INFO - Filling up the DagBag from /home/airflow/.local/lib/python3.11/site-packages/airflow/example_dags/example_time_delta_sensor_async.py
[2024-10-29T19:01:45.729+0000] {processor.py:925} INFO - DAG(s) 'example_time_delta_sensor_async' retrieved from /home/airflow/.local/lib/python3.11/site-packages/airflow/example_dags/example_time_delta_sensor_async.py
[2024-10-29T19:01:45.740+0000] {logging_mixin.py:190} INFO - [2024-10-29T19:01:45.740+0000] {dag.py:3239} INFO - Sync 1 DAGs
[2024-10-29T19:01:45.747+0000] {logging_mixin.py:190} INFO - [2024-10-29T19:01:45.747+0000] {dag.py:4180} INFO - Setting next_dagrun for example_time_delta_sensor_async to None, run_after=None
[2024-10-29T19:01:45.755+0000] {processor.py:208} INFO - Processing /home/airflow/.local/lib/python3.11/site-packages/airflow/example_dags/example_time_delta_sensor_async.py took 0.039 seconds
[2024-10-29T19:02:15.901+0000] {processor.py:186} INFO - Started process (PID=1116) to work on /home/airflow/.local/lib/python3.11/site-packages/airflow/example_dags/example_time_delta_sensor_async.py
[2024-10-29T19:02:15.902+0000] {processor.py:914} INFO - Processing file /home/airflow/.local/lib/python3.11/site-packages/airflow/example_dags/example_time_delta_sensor_async.py for tasks to queue
[2024-10-29T19:02:15.903+0000] {logging_mixin.py:190} INFO - [2024-10-29T19:02:15.903+0000] {dagbag.py:588} INFO - Filling up the DagBag from /home/airflow/.local/lib/python3.11/site-packages/airflow/example_dags/example_time_delta_sensor_async.py
[2024-10-29T19:02:15.907+0000] {processor.py:925} INFO - DAG(s) 'example_time_delta_sensor_async' retrieved from /home/airflow/.local/lib/python3.11/site-packages/airflow/example_dags/example_time_delta_sensor_async.py
[2024-10-29T19:02:15.916+0000] {logging_mixin.py:190} INFO - [2024-10-29T19:02:15.916+0000] {dag.py:3239} INFO - Sync 1 DAGs
[2024-10-29T19:02:15.923+0000] {logging_mixin.py:190} INFO - [2024-10-29T19:02:15.923+0000] {dag.py:4180} INFO - Setting next_dagrun for example_time_delta_sensor_async to None, run_after=None
[2024-10-29T19:02:15.931+0000] {processor.py:208} INFO - Processing /home/airflow/.local/lib/python3.11/site-packages/airflow/example_dags/example_time_delta_sensor_async.py took 0.033 seconds
[2024-10-29T19:02:46.897+0000] {processor.py:186} INFO - Started process (PID=1185) to work on /home/airflow/.local/lib/python3.11/site-packages/airflow/example_dags/example_time_delta_sensor_async.py
[2024-10-29T19:02:46.898+0000] {processor.py:914} INFO - Processing file /home/airflow/.local/lib/python3.11/site-packages/airflow/example_dags/example_time_delta_sensor_async.py for tasks to queue
[2024-10-29T19:02:46.899+0000] {logging_mixin.py:190} INFO - [2024-10-29T19:02:46.899+0000] {dagbag.py:588} INFO - Filling up the DagBag from /home/airflow/.local/lib/python3.11/site-packages/airflow/example_dags/example_time_delta_sensor_async.py
[2024-10-29T19:02:46.903+0000] {processor.py:925} INFO - DAG(s) 'example_time_delta_sensor_async' retrieved from /home/airflow/.local/lib/python3.11/site-packages/airflow/example_dags/example_time_delta_sensor_async.py
[2024-10-29T19:02:46.915+0000] {logging_mixin.py:190} INFO - [2024-10-29T19:02:46.915+0000] {dag.py:3239} INFO - Sync 1 DAGs
[2024-10-29T19:02:46.923+0000] {logging_mixin.py:190} INFO - [2024-10-29T19:02:46.923+0000] {dag.py:4180} INFO - Setting next_dagrun for example_time_delta_sensor_async to None, run_after=None
[2024-10-29T19:02:46.932+0000] {processor.py:208} INFO - Processing /home/airflow/.local/lib/python3.11/site-packages/airflow/example_dags/example_time_delta_sensor_async.py took 0.039 seconds
[2024-10-29T19:03:17.631+0000] {processor.py:186} INFO - Started process (PID=1248) to work on /home/airflow/.local/lib/python3.11/site-packages/airflow/example_dags/example_time_delta_sensor_async.py
[2024-10-29T19:03:17.632+0000] {processor.py:914} INFO - Processing file /home/airflow/.local/lib/python3.11/site-packages/airflow/example_dags/example_time_delta_sensor_async.py for tasks to queue
[2024-10-29T19:03:17.634+0000] {logging_mixin.py:190} INFO - [2024-10-29T19:03:17.634+0000] {dagbag.py:588} INFO - Filling up the DagBag from /home/airflow/.local/lib/python3.11/site-packages/airflow/example_dags/example_time_delta_sensor_async.py
[2024-10-29T19:03:17.639+0000] {processor.py:925} INFO - DAG(s) 'example_time_delta_sensor_async' retrieved from /home/airflow/.local/lib/python3.11/site-packages/airflow/example_dags/example_time_delta_sensor_async.py
[2024-10-29T19:03:17.655+0000] {logging_mixin.py:190} INFO - [2024-10-29T19:03:17.655+0000] {dag.py:3239} INFO - Sync 1 DAGs
[2024-10-29T19:03:17.664+0000] {logging_mixin.py:190} INFO - [2024-10-29T19:03:17.664+0000] {dag.py:4180} INFO - Setting next_dagrun for example_time_delta_sensor_async to None, run_after=None
[2024-10-29T19:03:17.676+0000] {processor.py:208} INFO - Processing /home/airflow/.local/lib/python3.11/site-packages/airflow/example_dags/example_time_delta_sensor_async.py took 0.052 seconds
[2024-10-29T19:03:48.373+0000] {processor.py:186} INFO - Started process (PID=1311) to work on /home/airflow/.local/lib/python3.11/site-packages/airflow/example_dags/example_time_delta_sensor_async.py
[2024-10-29T19:03:48.374+0000] {processor.py:914} INFO - Processing file /home/airflow/.local/lib/python3.11/site-packages/airflow/example_dags/example_time_delta_sensor_async.py for tasks to queue
[2024-10-29T19:03:48.375+0000] {logging_mixin.py:190} INFO - [2024-10-29T19:03:48.375+0000] {dagbag.py:588} INFO - Filling up the DagBag from /home/airflow/.local/lib/python3.11/site-packages/airflow/example_dags/example_time_delta_sensor_async.py
[2024-10-29T19:03:48.379+0000] {processor.py:925} INFO - DAG(s) 'example_time_delta_sensor_async' retrieved from /home/airflow/.local/lib/python3.11/site-packages/airflow/example_dags/example_time_delta_sensor_async.py
[2024-10-29T19:03:48.389+0000] {logging_mixin.py:190} INFO - [2024-10-29T19:03:48.388+0000] {dag.py:3239} INFO - Sync 1 DAGs
[2024-10-29T19:03:48.395+0000] {logging_mixin.py:190} INFO - [2024-10-29T19:03:48.395+0000] {dag.py:4180} INFO - Setting next_dagrun for example_time_delta_sensor_async to None, run_after=None
[2024-10-29T19:03:48.404+0000] {processor.py:208} INFO - Processing /home/airflow/.local/lib/python3.11/site-packages/airflow/example_dags/example_time_delta_sensor_async.py took 0.034 seconds
[2024-10-29T19:04:18.949+0000] {processor.py:186} INFO - Started process (PID=1374) to work on /home/airflow/.local/lib/python3.11/site-packages/airflow/example_dags/example_time_delta_sensor_async.py
[2024-10-29T19:04:18.949+0000] {processor.py:914} INFO - Processing file /home/airflow/.local/lib/python3.11/site-packages/airflow/example_dags/example_time_delta_sensor_async.py for tasks to queue
[2024-10-29T19:04:18.951+0000] {logging_mixin.py:190} INFO - [2024-10-29T19:04:18.950+0000] {dagbag.py:588} INFO - Filling up the DagBag from /home/airflow/.local/lib/python3.11/site-packages/airflow/example_dags/example_time_delta_sensor_async.py
[2024-10-29T19:04:18.954+0000] {processor.py:925} INFO - DAG(s) 'example_time_delta_sensor_async' retrieved from /home/airflow/.local/lib/python3.11/site-packages/airflow/example_dags/example_time_delta_sensor_async.py
[2024-10-29T19:04:18.964+0000] {logging_mixin.py:190} INFO - [2024-10-29T19:04:18.963+0000] {dag.py:3239} INFO - Sync 1 DAGs
[2024-10-29T19:04:18.970+0000] {logging_mixin.py:190} INFO - [2024-10-29T19:04:18.970+0000] {dag.py:4180} INFO - Setting next_dagrun for example_time_delta_sensor_async to None, run_after=None
[2024-10-29T19:04:18.978+0000] {processor.py:208} INFO - Processing /home/airflow/.local/lib/python3.11/site-packages/airflow/example_dags/example_time_delta_sensor_async.py took 0.033 seconds
[2024-10-29T19:04:49.407+0000] {processor.py:186} INFO - Started process (PID=1437) to work on /home/airflow/.local/lib/python3.11/site-packages/airflow/example_dags/example_time_delta_sensor_async.py
[2024-10-29T19:04:49.408+0000] {processor.py:914} INFO - Processing file /home/airflow/.local/lib/python3.11/site-packages/airflow/example_dags/example_time_delta_sensor_async.py for tasks to queue
[2024-10-29T19:04:49.409+0000] {logging_mixin.py:190} INFO - [2024-10-29T19:04:49.409+0000] {dagbag.py:588} INFO - Filling up the DagBag from /home/airflow/.local/lib/python3.11/site-packages/airflow/example_dags/example_time_delta_sensor_async.py
[2024-10-29T19:04:49.413+0000] {processor.py:925} INFO - DAG(s) 'example_time_delta_sensor_async' retrieved from /home/airflow/.local/lib/python3.11/site-packages/airflow/example_dags/example_time_delta_sensor_async.py
[2024-10-29T19:04:49.423+0000] {logging_mixin.py:190} INFO - [2024-10-29T19:04:49.423+0000] {dag.py:3239} INFO - Sync 1 DAGs
[2024-10-29T19:04:49.430+0000] {logging_mixin.py:190} INFO - [2024-10-29T19:04:49.430+0000] {dag.py:4180} INFO - Setting next_dagrun for example_time_delta_sensor_async to None, run_after=None
[2024-10-29T19:04:49.439+0000] {processor.py:208} INFO - Processing /home/airflow/.local/lib/python3.11/site-packages/airflow/example_dags/example_time_delta_sensor_async.py took 0.036 seconds
[2024-10-29T19:05:20.006+0000] {processor.py:186} INFO - Started process (PID=1500) to work on /home/airflow/.local/lib/python3.11/site-packages/airflow/example_dags/example_time_delta_sensor_async.py
[2024-10-29T19:05:20.007+0000] {processor.py:914} INFO - Processing file /home/airflow/.local/lib/python3.11/site-packages/airflow/example_dags/example_time_delta_sensor_async.py for tasks to queue
[2024-10-29T19:05:20.008+0000] {logging_mixin.py:190} INFO - [2024-10-29T19:05:20.008+0000] {dagbag.py:588} INFO - Filling up the DagBag from /home/airflow/.local/lib/python3.11/site-packages/airflow/example_dags/example_time_delta_sensor_async.py
[2024-10-29T19:05:20.012+0000] {processor.py:925} INFO - DAG(s) 'example_time_delta_sensor_async' retrieved from /home/airflow/.local/lib/python3.11/site-packages/airflow/example_dags/example_time_delta_sensor_async.py
[2024-10-29T19:05:20.021+0000] {logging_mixin.py:190} INFO - [2024-10-29T19:05:20.021+0000] {dag.py:3239} INFO - Sync 1 DAGs
[2024-10-29T19:05:20.027+0000] {logging_mixin.py:190} INFO - [2024-10-29T19:05:20.027+0000] {dag.py:4180} INFO - Setting next_dagrun for example_time_delta_sensor_async to None, run_after=None
[2024-10-29T19:05:20.035+0000] {processor.py:208} INFO - Processing /home/airflow/.local/lib/python3.11/site-packages/airflow/example_dags/example_time_delta_sensor_async.py took 0.034 seconds
[2024-10-29T19:05:50.369+0000] {processor.py:186} INFO - Started process (PID=1563) to work on /home/airflow/.local/lib/python3.11/site-packages/airflow/example_dags/example_time_delta_sensor_async.py
[2024-10-29T19:05:50.370+0000] {processor.py:914} INFO - Processing file /home/airflow/.local/lib/python3.11/site-packages/airflow/example_dags/example_time_delta_sensor_async.py for tasks to queue
[2024-10-29T19:05:50.372+0000] {logging_mixin.py:190} INFO - [2024-10-29T19:05:50.371+0000] {dagbag.py:588} INFO - Filling up the DagBag from /home/airflow/.local/lib/python3.11/site-packages/airflow/example_dags/example_time_delta_sensor_async.py
[2024-10-29T19:05:50.375+0000] {processor.py:925} INFO - DAG(s) 'example_time_delta_sensor_async' retrieved from /home/airflow/.local/lib/python3.11/site-packages/airflow/example_dags/example_time_delta_sensor_async.py
[2024-10-29T19:05:50.385+0000] {logging_mixin.py:190} INFO - [2024-10-29T19:05:50.385+0000] {dag.py:3239} INFO - Sync 1 DAGs
[2024-10-29T19:05:50.391+0000] {logging_mixin.py:190} INFO - [2024-10-29T19:05:50.391+0000] {dag.py:4180} INFO - Setting next_dagrun for example_time_delta_sensor_async to None, run_after=None
[2024-10-29T19:05:50.399+0000] {processor.py:208} INFO - Processing /home/airflow/.local/lib/python3.11/site-packages/airflow/example_dags/example_time_delta_sensor_async.py took 0.032 seconds
[2024-10-29T19:23:19.014+0000] {processor.py:186} INFO - Started process (PID=1653) to work on /home/airflow/.local/lib/python3.11/site-packages/airflow/example_dags/example_time_delta_sensor_async.py
[2024-10-29T19:23:19.015+0000] {processor.py:914} INFO - Processing file /home/airflow/.local/lib/python3.11/site-packages/airflow/example_dags/example_time_delta_sensor_async.py for tasks to queue
[2024-10-29T19:23:19.016+0000] {logging_mixin.py:190} INFO - [2024-10-29T19:23:19.016+0000] {dagbag.py:588} INFO - Filling up the DagBag from /home/airflow/.local/lib/python3.11/site-packages/airflow/example_dags/example_time_delta_sensor_async.py
[2024-10-29T19:23:19.020+0000] {processor.py:925} INFO - DAG(s) 'example_time_delta_sensor_async' retrieved from /home/airflow/.local/lib/python3.11/site-packages/airflow/example_dags/example_time_delta_sensor_async.py
[2024-10-29T19:23:19.030+0000] {logging_mixin.py:190} INFO - [2024-10-29T19:23:19.029+0000] {dag.py:3239} INFO - Sync 1 DAGs
[2024-10-29T19:23:19.037+0000] {logging_mixin.py:190} INFO - [2024-10-29T19:23:19.037+0000] {dag.py:4180} INFO - Setting next_dagrun for example_time_delta_sensor_async to None, run_after=None
[2024-10-29T19:23:19.045+0000] {processor.py:208} INFO - Processing /home/airflow/.local/lib/python3.11/site-packages/airflow/example_dags/example_time_delta_sensor_async.py took 0.034 seconds
[2024-10-29T20:00:05.667+0000] {processor.py:186} INFO - Started process (PID=1716) to work on /home/airflow/.local/lib/python3.11/site-packages/airflow/example_dags/example_time_delta_sensor_async.py
[2024-10-29T20:00:05.668+0000] {processor.py:914} INFO - Processing file /home/airflow/.local/lib/python3.11/site-packages/airflow/example_dags/example_time_delta_sensor_async.py for tasks to queue
[2024-10-29T20:00:05.670+0000] {logging_mixin.py:190} INFO - [2024-10-29T20:00:05.670+0000] {dagbag.py:588} INFO - Filling up the DagBag from /home/airflow/.local/lib/python3.11/site-packages/airflow/example_dags/example_time_delta_sensor_async.py
[2024-10-29T20:00:05.674+0000] {processor.py:925} INFO - DAG(s) 'example_time_delta_sensor_async' retrieved from /home/airflow/.local/lib/python3.11/site-packages/airflow/example_dags/example_time_delta_sensor_async.py
[2024-10-29T20:00:05.685+0000] {logging_mixin.py:190} INFO - [2024-10-29T20:00:05.685+0000] {dag.py:3239} INFO - Sync 1 DAGs
[2024-10-29T20:00:05.693+0000] {logging_mixin.py:190} INFO - [2024-10-29T20:00:05.692+0000] {dag.py:4180} INFO - Setting next_dagrun for example_time_delta_sensor_async to None, run_after=None
[2024-10-29T20:00:05.701+0000] {processor.py:208} INFO - Processing /home/airflow/.local/lib/python3.11/site-packages/airflow/example_dags/example_time_delta_sensor_async.py took 0.037 seconds
[2024-10-29T20:32:02.432+0000] {processor.py:186} INFO - Started process (PID=1779) to work on /home/airflow/.local/lib/python3.11/site-packages/airflow/example_dags/example_time_delta_sensor_async.py
[2024-10-29T20:32:02.433+0000] {processor.py:914} INFO - Processing file /home/airflow/.local/lib/python3.11/site-packages/airflow/example_dags/example_time_delta_sensor_async.py for tasks to queue
[2024-10-29T20:32:02.434+0000] {logging_mixin.py:190} INFO - [2024-10-29T20:32:02.434+0000] {dagbag.py:588} INFO - Filling up the DagBag from /home/airflow/.local/lib/python3.11/site-packages/airflow/example_dags/example_time_delta_sensor_async.py
[2024-10-29T20:32:02.438+0000] {processor.py:925} INFO - DAG(s) 'example_time_delta_sensor_async' retrieved from /home/airflow/.local/lib/python3.11/site-packages/airflow/example_dags/example_time_delta_sensor_async.py
[2024-10-29T20:32:02.449+0000] {logging_mixin.py:190} INFO - [2024-10-29T20:32:02.449+0000] {dag.py:3239} INFO - Sync 1 DAGs
[2024-10-29T20:32:02.456+0000] {logging_mixin.py:190} INFO - [2024-10-29T20:32:02.456+0000] {dag.py:4180} INFO - Setting next_dagrun for example_time_delta_sensor_async to None, run_after=None
[2024-10-29T20:32:02.464+0000] {processor.py:208} INFO - Processing /home/airflow/.local/lib/python3.11/site-packages/airflow/example_dags/example_time_delta_sensor_async.py took 0.036 seconds
[2024-10-29T20:59:00.951+0000] {processor.py:186} INFO - Started process (PID=1842) to work on /home/airflow/.local/lib/python3.11/site-packages/airflow/example_dags/example_time_delta_sensor_async.py
[2024-10-29T20:59:00.952+0000] {processor.py:914} INFO - Processing file /home/airflow/.local/lib/python3.11/site-packages/airflow/example_dags/example_time_delta_sensor_async.py for tasks to queue
[2024-10-29T20:59:00.954+0000] {logging_mixin.py:190} INFO - [2024-10-29T20:59:00.954+0000] {dagbag.py:588} INFO - Filling up the DagBag from /home/airflow/.local/lib/python3.11/site-packages/airflow/example_dags/example_time_delta_sensor_async.py
[2024-10-29T20:59:00.959+0000] {processor.py:925} INFO - DAG(s) 'example_time_delta_sensor_async' retrieved from /home/airflow/.local/lib/python3.11/site-packages/airflow/example_dags/example_time_delta_sensor_async.py
[2024-10-29T20:59:00.970+0000] {logging_mixin.py:190} INFO - [2024-10-29T20:59:00.970+0000] {dag.py:3239} INFO - Sync 1 DAGs
[2024-10-29T20:59:00.979+0000] {logging_mixin.py:190} INFO - [2024-10-29T20:59:00.979+0000] {dag.py:4180} INFO - Setting next_dagrun for example_time_delta_sensor_async to None, run_after=None
[2024-10-29T20:59:00.989+0000] {processor.py:208} INFO - Processing /home/airflow/.local/lib/python3.11/site-packages/airflow/example_dags/example_time_delta_sensor_async.py took 0.041 seconds
[2024-10-29T21:40:54.751+0000] {processor.py:186} INFO - Started process (PID=1905) to work on /home/airflow/.local/lib/python3.11/site-packages/airflow/example_dags/example_time_delta_sensor_async.py
[2024-10-29T21:40:54.752+0000] {processor.py:914} INFO - Processing file /home/airflow/.local/lib/python3.11/site-packages/airflow/example_dags/example_time_delta_sensor_async.py for tasks to queue
[2024-10-29T21:40:54.753+0000] {logging_mixin.py:190} INFO - [2024-10-29T21:40:54.753+0000] {dagbag.py:588} INFO - Filling up the DagBag from /home/airflow/.local/lib/python3.11/site-packages/airflow/example_dags/example_time_delta_sensor_async.py
[2024-10-29T21:40:54.757+0000] {processor.py:925} INFO - DAG(s) 'example_time_delta_sensor_async' retrieved from /home/airflow/.local/lib/python3.11/site-packages/airflow/example_dags/example_time_delta_sensor_async.py
[2024-10-29T21:40:54.769+0000] {logging_mixin.py:190} INFO - [2024-10-29T21:40:54.769+0000] {dag.py:3239} INFO - Sync 1 DAGs
[2024-10-29T21:40:54.776+0000] {logging_mixin.py:190} INFO - [2024-10-29T21:40:54.776+0000] {dag.py:4180} INFO - Setting next_dagrun for example_time_delta_sensor_async to None, run_after=None
[2024-10-29T21:40:54.786+0000] {processor.py:208} INFO - Processing /home/airflow/.local/lib/python3.11/site-packages/airflow/example_dags/example_time_delta_sensor_async.py took 0.038 seconds
[2024-10-29T22:49:29.150+0000] {processor.py:186} INFO - Started process (PID=1968) to work on /home/airflow/.local/lib/python3.11/site-packages/airflow/example_dags/example_time_delta_sensor_async.py
[2024-10-29T22:49:29.151+0000] {processor.py:914} INFO - Processing file /home/airflow/.local/lib/python3.11/site-packages/airflow/example_dags/example_time_delta_sensor_async.py for tasks to queue
[2024-10-29T22:49:29.152+0000] {logging_mixin.py:190} INFO - [2024-10-29T22:49:29.152+0000] {dagbag.py:588} INFO - Filling up the DagBag from /home/airflow/.local/lib/python3.11/site-packages/airflow/example_dags/example_time_delta_sensor_async.py
[2024-10-29T22:49:29.156+0000] {processor.py:925} INFO - DAG(s) 'example_time_delta_sensor_async' retrieved from /home/airflow/.local/lib/python3.11/site-packages/airflow/example_dags/example_time_delta_sensor_async.py
[2024-10-29T22:49:29.288+0000] {logging_mixin.py:190} INFO - [2024-10-29T22:49:29.288+0000] {dag.py:3239} INFO - Sync 1 DAGs
[2024-10-29T22:49:29.378+0000] {logging_mixin.py:190} INFO - [2024-10-29T22:49:29.377+0000] {dag.py:4180} INFO - Setting next_dagrun for example_time_delta_sensor_async to None, run_after=None
[2024-10-29T22:49:29.414+0000] {processor.py:208} INFO - Processing /home/airflow/.local/lib/python3.11/site-packages/airflow/example_dags/example_time_delta_sensor_async.py took 0.266 seconds
[2024-10-29T23:03:29.676+0000] {processor.py:186} INFO - Started process (PID=2031) to work on /home/airflow/.local/lib/python3.11/site-packages/airflow/example_dags/example_time_delta_sensor_async.py
[2024-10-29T23:03:29.676+0000] {processor.py:914} INFO - Processing file /home/airflow/.local/lib/python3.11/site-packages/airflow/example_dags/example_time_delta_sensor_async.py for tasks to queue
[2024-10-29T23:03:29.678+0000] {logging_mixin.py:190} INFO - [2024-10-29T23:03:29.677+0000] {dagbag.py:588} INFO - Filling up the DagBag from /home/airflow/.local/lib/python3.11/site-packages/airflow/example_dags/example_time_delta_sensor_async.py
[2024-10-29T23:03:29.681+0000] {processor.py:925} INFO - DAG(s) 'example_time_delta_sensor_async' retrieved from /home/airflow/.local/lib/python3.11/site-packages/airflow/example_dags/example_time_delta_sensor_async.py
[2024-10-29T23:03:29.692+0000] {logging_mixin.py:190} INFO - [2024-10-29T23:03:29.692+0000] {dag.py:3239} INFO - Sync 1 DAGs
[2024-10-29T23:03:29.699+0000] {logging_mixin.py:190} INFO - [2024-10-29T23:03:29.699+0000] {dag.py:4180} INFO - Setting next_dagrun for example_time_delta_sensor_async to None, run_after=None
[2024-10-29T23:03:29.710+0000] {processor.py:208} INFO - Processing /home/airflow/.local/lib/python3.11/site-packages/airflow/example_dags/example_time_delta_sensor_async.py took 0.038 seconds
