[2024-10-29T00:50:13.265+0000] {processor.py:186} INFO - Started process (PID=47612) to work on /home/airflow/.local/lib/python3.11/site-packages/airflow/example_dags/example_python_decorator.py
[2024-10-29T00:50:13.266+0000] {processor.py:914} INFO - Processing file /home/airflow/.local/lib/python3.11/site-packages/airflow/example_dags/example_python_decorator.py for tasks to queue
[2024-10-29T00:50:13.267+0000] {logging_mixin.py:190} INFO - [2024-10-29T00:50:13.267+0000] {dagbag.py:588} INFO - Filling up the DagBag from /home/airflow/.local/lib/python3.11/site-packages/airflow/example_dags/example_python_decorator.py
[2024-10-29T00:50:13.276+0000] {processor.py:925} INFO - DAG(s) 'example_python_decorator' retrieved from /home/airflow/.local/lib/python3.11/site-packages/airflow/example_dags/example_python_decorator.py
[2024-10-29T00:50:13.288+0000] {logging_mixin.py:190} INFO - [2024-10-29T00:50:13.288+0000] {dag.py:3239} INFO - Sync 1 DAGs
[2024-10-29T00:50:13.296+0000] {logging_mixin.py:190} INFO - [2024-10-29T00:50:13.296+0000] {dag.py:4180} INFO - Setting next_dagrun for example_python_decorator to None, run_after=None
[2024-10-29T00:50:13.304+0000] {processor.py:208} INFO - Processing /home/airflow/.local/lib/python3.11/site-packages/airflow/example_dags/example_python_decorator.py took 0.043 seconds
[2024-10-29T02:13:53.268+0000] {processor.py:186} INFO - Started process (PID=47675) to work on /home/airflow/.local/lib/python3.11/site-packages/airflow/example_dags/example_python_decorator.py
[2024-10-29T02:13:53.268+0000] {processor.py:914} INFO - Processing file /home/airflow/.local/lib/python3.11/site-packages/airflow/example_dags/example_python_decorator.py for tasks to queue
[2024-10-29T02:13:53.270+0000] {logging_mixin.py:190} INFO - [2024-10-29T02:13:53.270+0000] {dagbag.py:588} INFO - Filling up the DagBag from /home/airflow/.local/lib/python3.11/site-packages/airflow/example_dags/example_python_decorator.py
[2024-10-29T02:13:53.277+0000] {processor.py:925} INFO - DAG(s) 'example_python_decorator' retrieved from /home/airflow/.local/lib/python3.11/site-packages/airflow/example_dags/example_python_decorator.py
[2024-10-29T02:13:53.288+0000] {logging_mixin.py:190} INFO - [2024-10-29T02:13:53.288+0000] {dag.py:3239} INFO - Sync 1 DAGs
[2024-10-29T02:13:53.293+0000] {logging_mixin.py:190} INFO - [2024-10-29T02:13:53.293+0000] {dag.py:4180} INFO - Setting next_dagrun for example_python_decorator to None, run_after=None
[2024-10-29T02:13:53.301+0000] {processor.py:208} INFO - Processing /home/airflow/.local/lib/python3.11/site-packages/airflow/example_dags/example_python_decorator.py took 0.037 seconds
[2024-10-29T02:45:22.314+0000] {processor.py:186} INFO - Started process (PID=47738) to work on /home/airflow/.local/lib/python3.11/site-packages/airflow/example_dags/example_python_decorator.py
[2024-10-29T02:45:22.315+0000] {processor.py:914} INFO - Processing file /home/airflow/.local/lib/python3.11/site-packages/airflow/example_dags/example_python_decorator.py for tasks to queue
[2024-10-29T02:45:22.317+0000] {logging_mixin.py:190} INFO - [2024-10-29T02:45:22.317+0000] {dagbag.py:588} INFO - Filling up the DagBag from /home/airflow/.local/lib/python3.11/site-packages/airflow/example_dags/example_python_decorator.py
[2024-10-29T02:45:22.326+0000] {processor.py:925} INFO - DAG(s) 'example_python_decorator' retrieved from /home/airflow/.local/lib/python3.11/site-packages/airflow/example_dags/example_python_decorator.py
[2024-10-29T02:45:22.336+0000] {logging_mixin.py:190} INFO - [2024-10-29T02:45:22.336+0000] {dag.py:3239} INFO - Sync 1 DAGs
[2024-10-29T02:45:22.343+0000] {logging_mixin.py:190} INFO - [2024-10-29T02:45:22.343+0000] {dag.py:4180} INFO - Setting next_dagrun for example_python_decorator to None, run_after=None
[2024-10-29T02:45:22.352+0000] {processor.py:208} INFO - Processing /home/airflow/.local/lib/python3.11/site-packages/airflow/example_dags/example_python_decorator.py took 0.044 seconds
[2024-10-29T03:18:12.339+0000] {processor.py:186} INFO - Started process (PID=47795) to work on /home/airflow/.local/lib/python3.11/site-packages/airflow/example_dags/example_python_decorator.py
[2024-10-29T03:18:12.343+0000] {processor.py:914} INFO - Processing file /home/airflow/.local/lib/python3.11/site-packages/airflow/example_dags/example_python_decorator.py for tasks to queue
[2024-10-29T03:18:12.345+0000] {logging_mixin.py:190} INFO - [2024-10-29T03:18:12.345+0000] {dagbag.py:588} INFO - Filling up the DagBag from /home/airflow/.local/lib/python3.11/site-packages/airflow/example_dags/example_python_decorator.py
[2024-10-29T03:18:12.356+0000] {processor.py:925} INFO - DAG(s) 'example_python_decorator' retrieved from /home/airflow/.local/lib/python3.11/site-packages/airflow/example_dags/example_python_decorator.py
[2024-10-29T03:18:12.368+0000] {logging_mixin.py:190} INFO - [2024-10-29T03:18:12.368+0000] {dag.py:3239} INFO - Sync 1 DAGs
[2024-10-29T03:18:12.375+0000] {logging_mixin.py:190} INFO - [2024-10-29T03:18:12.375+0000] {dag.py:4180} INFO - Setting next_dagrun for example_python_decorator to None, run_after=None
[2024-10-29T03:18:12.403+0000] {processor.py:208} INFO - Processing /home/airflow/.local/lib/python3.11/site-packages/airflow/example_dags/example_python_decorator.py took 0.068 seconds
[2024-10-29T03:45:35.802+0000] {processor.py:186} INFO - Started process (PID=47864) to work on /home/airflow/.local/lib/python3.11/site-packages/airflow/example_dags/example_python_decorator.py
[2024-10-29T03:45:35.803+0000] {processor.py:914} INFO - Processing file /home/airflow/.local/lib/python3.11/site-packages/airflow/example_dags/example_python_decorator.py for tasks to queue
[2024-10-29T03:45:35.805+0000] {logging_mixin.py:190} INFO - [2024-10-29T03:45:35.805+0000] {dagbag.py:588} INFO - Filling up the DagBag from /home/airflow/.local/lib/python3.11/site-packages/airflow/example_dags/example_python_decorator.py
[2024-10-29T03:45:35.815+0000] {processor.py:925} INFO - DAG(s) 'example_python_decorator' retrieved from /home/airflow/.local/lib/python3.11/site-packages/airflow/example_dags/example_python_decorator.py
[2024-10-29T03:45:35.827+0000] {logging_mixin.py:190} INFO - [2024-10-29T03:45:35.827+0000] {dag.py:3239} INFO - Sync 1 DAGs
[2024-10-29T03:45:35.834+0000] {logging_mixin.py:190} INFO - [2024-10-29T03:45:35.834+0000] {dag.py:4180} INFO - Setting next_dagrun for example_python_decorator to None, run_after=None
[2024-10-29T03:45:35.843+0000] {processor.py:208} INFO - Processing /home/airflow/.local/lib/python3.11/site-packages/airflow/example_dags/example_python_decorator.py took 0.044 seconds
[2024-10-29T04:34:58.323+0000] {processor.py:186} INFO - Started process (PID=47926) to work on /home/airflow/.local/lib/python3.11/site-packages/airflow/example_dags/example_python_decorator.py
[2024-10-29T04:34:58.323+0000] {processor.py:914} INFO - Processing file /home/airflow/.local/lib/python3.11/site-packages/airflow/example_dags/example_python_decorator.py for tasks to queue
[2024-10-29T04:34:58.325+0000] {logging_mixin.py:190} INFO - [2024-10-29T04:34:58.324+0000] {dagbag.py:588} INFO - Filling up the DagBag from /home/airflow/.local/lib/python3.11/site-packages/airflow/example_dags/example_python_decorator.py
[2024-10-29T04:34:58.332+0000] {processor.py:925} INFO - DAG(s) 'example_python_decorator' retrieved from /home/airflow/.local/lib/python3.11/site-packages/airflow/example_dags/example_python_decorator.py
[2024-10-29T04:34:58.344+0000] {logging_mixin.py:190} INFO - [2024-10-29T04:34:58.343+0000] {dag.py:3239} INFO - Sync 1 DAGs
[2024-10-29T04:34:58.351+0000] {logging_mixin.py:190} INFO - [2024-10-29T04:34:58.351+0000] {dag.py:4180} INFO - Setting next_dagrun for example_python_decorator to None, run_after=None
[2024-10-29T04:34:58.359+0000] {processor.py:208} INFO - Processing /home/airflow/.local/lib/python3.11/site-packages/airflow/example_dags/example_python_decorator.py took 0.040 seconds
[2024-10-29T04:59:48.530+0000] {processor.py:186} INFO - Started process (PID=47983) to work on /home/airflow/.local/lib/python3.11/site-packages/airflow/example_dags/example_python_decorator.py
[2024-10-29T04:59:48.531+0000] {processor.py:914} INFO - Processing file /home/airflow/.local/lib/python3.11/site-packages/airflow/example_dags/example_python_decorator.py for tasks to queue
[2024-10-29T04:59:48.532+0000] {logging_mixin.py:190} INFO - [2024-10-29T04:59:48.532+0000] {dagbag.py:588} INFO - Filling up the DagBag from /home/airflow/.local/lib/python3.11/site-packages/airflow/example_dags/example_python_decorator.py
[2024-10-29T04:59:48.540+0000] {processor.py:925} INFO - DAG(s) 'example_python_decorator' retrieved from /home/airflow/.local/lib/python3.11/site-packages/airflow/example_dags/example_python_decorator.py
[2024-10-29T04:59:48.552+0000] {logging_mixin.py:190} INFO - [2024-10-29T04:59:48.552+0000] {dag.py:3239} INFO - Sync 1 DAGs
[2024-10-29T04:59:48.562+0000] {logging_mixin.py:190} INFO - [2024-10-29T04:59:48.562+0000] {dag.py:4180} INFO - Setting next_dagrun for example_python_decorator to None, run_after=None
[2024-10-29T04:59:48.571+0000] {processor.py:208} INFO - Processing /home/airflow/.local/lib/python3.11/site-packages/airflow/example_dags/example_python_decorator.py took 0.044 seconds
[2024-10-29T05:52:12.988+0000] {processor.py:186} INFO - Started process (PID=48051) to work on /home/airflow/.local/lib/python3.11/site-packages/airflow/example_dags/example_python_decorator.py
[2024-10-29T05:52:12.988+0000] {processor.py:914} INFO - Processing file /home/airflow/.local/lib/python3.11/site-packages/airflow/example_dags/example_python_decorator.py for tasks to queue
[2024-10-29T05:52:12.990+0000] {logging_mixin.py:190} INFO - [2024-10-29T05:52:12.989+0000] {dagbag.py:588} INFO - Filling up the DagBag from /home/airflow/.local/lib/python3.11/site-packages/airflow/example_dags/example_python_decorator.py
[2024-10-29T05:52:12.997+0000] {processor.py:925} INFO - DAG(s) 'example_python_decorator' retrieved from /home/airflow/.local/lib/python3.11/site-packages/airflow/example_dags/example_python_decorator.py
[2024-10-29T05:52:13.007+0000] {logging_mixin.py:190} INFO - [2024-10-29T05:52:13.007+0000] {dag.py:3239} INFO - Sync 1 DAGs
[2024-10-29T05:52:13.013+0000] {logging_mixin.py:190} INFO - [2024-10-29T05:52:13.013+0000] {dag.py:4180} INFO - Setting next_dagrun for example_python_decorator to None, run_after=None
[2024-10-29T05:52:13.021+0000] {processor.py:208} INFO - Processing /home/airflow/.local/lib/python3.11/site-packages/airflow/example_dags/example_python_decorator.py took 0.037 seconds
[2024-10-29T06:30:59.712+0000] {processor.py:186} INFO - Started process (PID=48108) to work on /home/airflow/.local/lib/python3.11/site-packages/airflow/example_dags/example_python_decorator.py
[2024-10-29T06:30:59.712+0000] {processor.py:914} INFO - Processing file /home/airflow/.local/lib/python3.11/site-packages/airflow/example_dags/example_python_decorator.py for tasks to queue
[2024-10-29T06:30:59.714+0000] {logging_mixin.py:190} INFO - [2024-10-29T06:30:59.714+0000] {dagbag.py:588} INFO - Filling up the DagBag from /home/airflow/.local/lib/python3.11/site-packages/airflow/example_dags/example_python_decorator.py
[2024-10-29T06:30:59.724+0000] {processor.py:925} INFO - DAG(s) 'example_python_decorator' retrieved from /home/airflow/.local/lib/python3.11/site-packages/airflow/example_dags/example_python_decorator.py
[2024-10-29T06:30:59.736+0000] {logging_mixin.py:190} INFO - [2024-10-29T06:30:59.736+0000] {dag.py:3239} INFO - Sync 1 DAGs
[2024-10-29T06:30:59.744+0000] {logging_mixin.py:190} INFO - [2024-10-29T06:30:59.744+0000] {dag.py:4180} INFO - Setting next_dagrun for example_python_decorator to None, run_after=None
[2024-10-29T06:30:59.753+0000] {processor.py:208} INFO - Processing /home/airflow/.local/lib/python3.11/site-packages/airflow/example_dags/example_python_decorator.py took 0.045 seconds
[2024-10-29T07:19:57.321+0000] {processor.py:186} INFO - Started process (PID=48176) to work on /home/airflow/.local/lib/python3.11/site-packages/airflow/example_dags/example_python_decorator.py
[2024-10-29T07:19:57.323+0000] {processor.py:914} INFO - Processing file /home/airflow/.local/lib/python3.11/site-packages/airflow/example_dags/example_python_decorator.py for tasks to queue
[2024-10-29T07:19:57.325+0000] {logging_mixin.py:190} INFO - [2024-10-29T07:19:57.324+0000] {dagbag.py:588} INFO - Filling up the DagBag from /home/airflow/.local/lib/python3.11/site-packages/airflow/example_dags/example_python_decorator.py
[2024-10-29T07:19:57.342+0000] {processor.py:925} INFO - DAG(s) 'example_python_decorator' retrieved from /home/airflow/.local/lib/python3.11/site-packages/airflow/example_dags/example_python_decorator.py
[2024-10-29T07:19:57.354+0000] {logging_mixin.py:190} INFO - [2024-10-29T07:19:57.354+0000] {dag.py:3239} INFO - Sync 1 DAGs
[2024-10-29T07:19:57.361+0000] {logging_mixin.py:190} INFO - [2024-10-29T07:19:57.361+0000] {dag.py:4180} INFO - Setting next_dagrun for example_python_decorator to None, run_after=None
[2024-10-29T07:19:57.372+0000] {processor.py:208} INFO - Processing /home/airflow/.local/lib/python3.11/site-packages/airflow/example_dags/example_python_decorator.py took 0.055 seconds
[2024-10-29T07:59:18.821+0000] {processor.py:186} INFO - Started process (PID=48239) to work on /home/airflow/.local/lib/python3.11/site-packages/airflow/example_dags/example_python_decorator.py
[2024-10-29T07:59:18.825+0000] {processor.py:914} INFO - Processing file /home/airflow/.local/lib/python3.11/site-packages/airflow/example_dags/example_python_decorator.py for tasks to queue
[2024-10-29T07:59:18.827+0000] {logging_mixin.py:190} INFO - [2024-10-29T07:59:18.826+0000] {dagbag.py:588} INFO - Filling up the DagBag from /home/airflow/.local/lib/python3.11/site-packages/airflow/example_dags/example_python_decorator.py
[2024-10-29T07:59:18.838+0000] {processor.py:925} INFO - DAG(s) 'example_python_decorator' retrieved from /home/airflow/.local/lib/python3.11/site-packages/airflow/example_dags/example_python_decorator.py
[2024-10-29T07:59:18.854+0000] {logging_mixin.py:190} INFO - [2024-10-29T07:59:18.854+0000] {dag.py:3239} INFO - Sync 1 DAGs
[2024-10-29T07:59:18.864+0000] {logging_mixin.py:190} INFO - [2024-10-29T07:59:18.864+0000] {dag.py:4180} INFO - Setting next_dagrun for example_python_decorator to None, run_after=None
[2024-10-29T07:59:18.875+0000] {processor.py:208} INFO - Processing /home/airflow/.local/lib/python3.11/site-packages/airflow/example_dags/example_python_decorator.py took 0.060 seconds
[2024-10-29T07:59:49.423+0000] {processor.py:186} INFO - Started process (PID=48303) to work on /home/airflow/.local/lib/python3.11/site-packages/airflow/example_dags/example_python_decorator.py
[2024-10-29T07:59:49.424+0000] {processor.py:914} INFO - Processing file /home/airflow/.local/lib/python3.11/site-packages/airflow/example_dags/example_python_decorator.py for tasks to queue
[2024-10-29T07:59:49.425+0000] {logging_mixin.py:190} INFO - [2024-10-29T07:59:49.425+0000] {dagbag.py:588} INFO - Filling up the DagBag from /home/airflow/.local/lib/python3.11/site-packages/airflow/example_dags/example_python_decorator.py
[2024-10-29T07:59:49.434+0000] {processor.py:925} INFO - DAG(s) 'example_python_decorator' retrieved from /home/airflow/.local/lib/python3.11/site-packages/airflow/example_dags/example_python_decorator.py
[2024-10-29T07:59:49.450+0000] {logging_mixin.py:190} INFO - [2024-10-29T07:59:49.450+0000] {dag.py:3239} INFO - Sync 1 DAGs
[2024-10-29T07:59:49.459+0000] {logging_mixin.py:190} INFO - [2024-10-29T07:59:49.459+0000] {dag.py:4180} INFO - Setting next_dagrun for example_python_decorator to None, run_after=None
[2024-10-29T07:59:49.472+0000] {processor.py:208} INFO - Processing /home/airflow/.local/lib/python3.11/site-packages/airflow/example_dags/example_python_decorator.py took 0.052 seconds
[2024-10-29T08:00:19.784+0000] {processor.py:186} INFO - Started process (PID=48366) to work on /home/airflow/.local/lib/python3.11/site-packages/airflow/example_dags/example_python_decorator.py
[2024-10-29T08:00:19.785+0000] {processor.py:914} INFO - Processing file /home/airflow/.local/lib/python3.11/site-packages/airflow/example_dags/example_python_decorator.py for tasks to queue
[2024-10-29T08:00:19.786+0000] {logging_mixin.py:190} INFO - [2024-10-29T08:00:19.786+0000] {dagbag.py:588} INFO - Filling up the DagBag from /home/airflow/.local/lib/python3.11/site-packages/airflow/example_dags/example_python_decorator.py
[2024-10-29T08:00:19.794+0000] {processor.py:925} INFO - DAG(s) 'example_python_decorator' retrieved from /home/airflow/.local/lib/python3.11/site-packages/airflow/example_dags/example_python_decorator.py
[2024-10-29T08:00:19.807+0000] {logging_mixin.py:190} INFO - [2024-10-29T08:00:19.806+0000] {dag.py:3239} INFO - Sync 1 DAGs
[2024-10-29T08:00:19.814+0000] {logging_mixin.py:190} INFO - [2024-10-29T08:00:19.814+0000] {dag.py:4180} INFO - Setting next_dagrun for example_python_decorator to None, run_after=None
[2024-10-29T08:00:19.822+0000] {processor.py:208} INFO - Processing /home/airflow/.local/lib/python3.11/site-packages/airflow/example_dags/example_python_decorator.py took 0.042 seconds
[2024-10-29T08:00:50.081+0000] {processor.py:186} INFO - Started process (PID=48429) to work on /home/airflow/.local/lib/python3.11/site-packages/airflow/example_dags/example_python_decorator.py
[2024-10-29T08:00:50.082+0000] {processor.py:914} INFO - Processing file /home/airflow/.local/lib/python3.11/site-packages/airflow/example_dags/example_python_decorator.py for tasks to queue
[2024-10-29T08:00:50.084+0000] {logging_mixin.py:190} INFO - [2024-10-29T08:00:50.084+0000] {dagbag.py:588} INFO - Filling up the DagBag from /home/airflow/.local/lib/python3.11/site-packages/airflow/example_dags/example_python_decorator.py
[2024-10-29T08:00:50.092+0000] {processor.py:925} INFO - DAG(s) 'example_python_decorator' retrieved from /home/airflow/.local/lib/python3.11/site-packages/airflow/example_dags/example_python_decorator.py
[2024-10-29T08:00:50.109+0000] {logging_mixin.py:190} INFO - [2024-10-29T08:00:50.109+0000] {dag.py:3239} INFO - Sync 1 DAGs
[2024-10-29T08:00:50.117+0000] {logging_mixin.py:190} INFO - [2024-10-29T08:00:50.117+0000] {dag.py:4180} INFO - Setting next_dagrun for example_python_decorator to None, run_after=None
[2024-10-29T08:00:50.126+0000] {processor.py:208} INFO - Processing /home/airflow/.local/lib/python3.11/site-packages/airflow/example_dags/example_python_decorator.py took 0.048 seconds
[2024-10-29T08:01:20.630+0000] {processor.py:186} INFO - Started process (PID=48492) to work on /home/airflow/.local/lib/python3.11/site-packages/airflow/example_dags/example_python_decorator.py
[2024-10-29T08:01:20.631+0000] {processor.py:914} INFO - Processing file /home/airflow/.local/lib/python3.11/site-packages/airflow/example_dags/example_python_decorator.py for tasks to queue
[2024-10-29T08:01:20.633+0000] {logging_mixin.py:190} INFO - [2024-10-29T08:01:20.632+0000] {dagbag.py:588} INFO - Filling up the DagBag from /home/airflow/.local/lib/python3.11/site-packages/airflow/example_dags/example_python_decorator.py
[2024-10-29T08:01:20.641+0000] {processor.py:925} INFO - DAG(s) 'example_python_decorator' retrieved from /home/airflow/.local/lib/python3.11/site-packages/airflow/example_dags/example_python_decorator.py
[2024-10-29T08:01:20.657+0000] {logging_mixin.py:190} INFO - [2024-10-29T08:01:20.657+0000] {dag.py:3239} INFO - Sync 1 DAGs
[2024-10-29T08:01:20.666+0000] {logging_mixin.py:190} INFO - [2024-10-29T08:01:20.666+0000] {dag.py:4180} INFO - Setting next_dagrun for example_python_decorator to None, run_after=None
[2024-10-29T08:01:20.678+0000] {processor.py:208} INFO - Processing /home/airflow/.local/lib/python3.11/site-packages/airflow/example_dags/example_python_decorator.py took 0.052 seconds
[2024-10-29T08:01:51.436+0000] {processor.py:186} INFO - Started process (PID=48555) to work on /home/airflow/.local/lib/python3.11/site-packages/airflow/example_dags/example_python_decorator.py
[2024-10-29T08:01:51.437+0000] {processor.py:914} INFO - Processing file /home/airflow/.local/lib/python3.11/site-packages/airflow/example_dags/example_python_decorator.py for tasks to queue
[2024-10-29T08:01:51.438+0000] {logging_mixin.py:190} INFO - [2024-10-29T08:01:51.438+0000] {dagbag.py:588} INFO - Filling up the DagBag from /home/airflow/.local/lib/python3.11/site-packages/airflow/example_dags/example_python_decorator.py
[2024-10-29T08:01:51.447+0000] {processor.py:925} INFO - DAG(s) 'example_python_decorator' retrieved from /home/airflow/.local/lib/python3.11/site-packages/airflow/example_dags/example_python_decorator.py
[2024-10-29T08:01:51.459+0000] {logging_mixin.py:190} INFO - [2024-10-29T08:01:51.459+0000] {dag.py:3239} INFO - Sync 1 DAGs
[2024-10-29T08:01:51.468+0000] {logging_mixin.py:190} INFO - [2024-10-29T08:01:51.467+0000] {dag.py:4180} INFO - Setting next_dagrun for example_python_decorator to None, run_after=None
[2024-10-29T08:01:51.477+0000] {processor.py:208} INFO - Processing /home/airflow/.local/lib/python3.11/site-packages/airflow/example_dags/example_python_decorator.py took 0.045 seconds
[2024-10-29T08:02:22.294+0000] {processor.py:186} INFO - Started process (PID=48618) to work on /home/airflow/.local/lib/python3.11/site-packages/airflow/example_dags/example_python_decorator.py
[2024-10-29T08:02:22.295+0000] {processor.py:914} INFO - Processing file /home/airflow/.local/lib/python3.11/site-packages/airflow/example_dags/example_python_decorator.py for tasks to queue
[2024-10-29T08:02:22.296+0000] {logging_mixin.py:190} INFO - [2024-10-29T08:02:22.296+0000] {dagbag.py:588} INFO - Filling up the DagBag from /home/airflow/.local/lib/python3.11/site-packages/airflow/example_dags/example_python_decorator.py
[2024-10-29T08:02:22.304+0000] {processor.py:925} INFO - DAG(s) 'example_python_decorator' retrieved from /home/airflow/.local/lib/python3.11/site-packages/airflow/example_dags/example_python_decorator.py
[2024-10-29T08:02:22.315+0000] {logging_mixin.py:190} INFO - [2024-10-29T08:02:22.315+0000] {dag.py:3239} INFO - Sync 1 DAGs
[2024-10-29T08:02:22.322+0000] {logging_mixin.py:190} INFO - [2024-10-29T08:02:22.322+0000] {dag.py:4180} INFO - Setting next_dagrun for example_python_decorator to None, run_after=None
[2024-10-29T08:02:22.330+0000] {processor.py:208} INFO - Processing /home/airflow/.local/lib/python3.11/site-packages/airflow/example_dags/example_python_decorator.py took 0.039 seconds
[2024-10-29T08:02:53.048+0000] {processor.py:186} INFO - Started process (PID=48681) to work on /home/airflow/.local/lib/python3.11/site-packages/airflow/example_dags/example_python_decorator.py
[2024-10-29T08:02:53.049+0000] {processor.py:914} INFO - Processing file /home/airflow/.local/lib/python3.11/site-packages/airflow/example_dags/example_python_decorator.py for tasks to queue
[2024-10-29T08:02:53.051+0000] {logging_mixin.py:190} INFO - [2024-10-29T08:02:53.050+0000] {dagbag.py:588} INFO - Filling up the DagBag from /home/airflow/.local/lib/python3.11/site-packages/airflow/example_dags/example_python_decorator.py
[2024-10-29T08:02:53.064+0000] {processor.py:925} INFO - DAG(s) 'example_python_decorator' retrieved from /home/airflow/.local/lib/python3.11/site-packages/airflow/example_dags/example_python_decorator.py
[2024-10-29T08:02:53.076+0000] {logging_mixin.py:190} INFO - [2024-10-29T08:02:53.076+0000] {dag.py:3239} INFO - Sync 1 DAGs
[2024-10-29T08:02:53.083+0000] {logging_mixin.py:190} INFO - [2024-10-29T08:02:53.083+0000] {dag.py:4180} INFO - Setting next_dagrun for example_python_decorator to None, run_after=None
[2024-10-29T08:02:53.091+0000] {processor.py:208} INFO - Processing /home/airflow/.local/lib/python3.11/site-packages/airflow/example_dags/example_python_decorator.py took 0.047 seconds
[2024-10-29T08:03:23.541+0000] {processor.py:186} INFO - Started process (PID=48744) to work on /home/airflow/.local/lib/python3.11/site-packages/airflow/example_dags/example_python_decorator.py
[2024-10-29T08:03:23.542+0000] {processor.py:914} INFO - Processing file /home/airflow/.local/lib/python3.11/site-packages/airflow/example_dags/example_python_decorator.py for tasks to queue
[2024-10-29T08:03:23.544+0000] {logging_mixin.py:190} INFO - [2024-10-29T08:03:23.544+0000] {dagbag.py:588} INFO - Filling up the DagBag from /home/airflow/.local/lib/python3.11/site-packages/airflow/example_dags/example_python_decorator.py
[2024-10-29T08:03:23.552+0000] {processor.py:925} INFO - DAG(s) 'example_python_decorator' retrieved from /home/airflow/.local/lib/python3.11/site-packages/airflow/example_dags/example_python_decorator.py
[2024-10-29T08:03:23.564+0000] {logging_mixin.py:190} INFO - [2024-10-29T08:03:23.564+0000] {dag.py:3239} INFO - Sync 1 DAGs
[2024-10-29T08:03:23.572+0000] {logging_mixin.py:190} INFO - [2024-10-29T08:03:23.571+0000] {dag.py:4180} INFO - Setting next_dagrun for example_python_decorator to None, run_after=None
[2024-10-29T08:03:23.581+0000] {processor.py:208} INFO - Processing /home/airflow/.local/lib/python3.11/site-packages/airflow/example_dags/example_python_decorator.py took 0.043 seconds
[2024-10-29T08:03:53.854+0000] {processor.py:186} INFO - Started process (PID=48807) to work on /home/airflow/.local/lib/python3.11/site-packages/airflow/example_dags/example_python_decorator.py
[2024-10-29T08:03:53.855+0000] {processor.py:914} INFO - Processing file /home/airflow/.local/lib/python3.11/site-packages/airflow/example_dags/example_python_decorator.py for tasks to queue
[2024-10-29T08:03:53.857+0000] {logging_mixin.py:190} INFO - [2024-10-29T08:03:53.856+0000] {dagbag.py:588} INFO - Filling up the DagBag from /home/airflow/.local/lib/python3.11/site-packages/airflow/example_dags/example_python_decorator.py
[2024-10-29T08:03:53.864+0000] {processor.py:925} INFO - DAG(s) 'example_python_decorator' retrieved from /home/airflow/.local/lib/python3.11/site-packages/airflow/example_dags/example_python_decorator.py
[2024-10-29T08:03:53.876+0000] {logging_mixin.py:190} INFO - [2024-10-29T08:03:53.876+0000] {dag.py:3239} INFO - Sync 1 DAGs
[2024-10-29T08:03:53.883+0000] {logging_mixin.py:190} INFO - [2024-10-29T08:03:53.883+0000] {dag.py:4180} INFO - Setting next_dagrun for example_python_decorator to None, run_after=None
[2024-10-29T08:03:53.894+0000] {processor.py:208} INFO - Processing /home/airflow/.local/lib/python3.11/site-packages/airflow/example_dags/example_python_decorator.py took 0.043 seconds
[2024-10-29T08:04:24.376+0000] {processor.py:186} INFO - Started process (PID=48870) to work on /home/airflow/.local/lib/python3.11/site-packages/airflow/example_dags/example_python_decorator.py
[2024-10-29T08:04:24.377+0000] {processor.py:914} INFO - Processing file /home/airflow/.local/lib/python3.11/site-packages/airflow/example_dags/example_python_decorator.py for tasks to queue
[2024-10-29T08:04:24.379+0000] {logging_mixin.py:190} INFO - [2024-10-29T08:04:24.379+0000] {dagbag.py:588} INFO - Filling up the DagBag from /home/airflow/.local/lib/python3.11/site-packages/airflow/example_dags/example_python_decorator.py
[2024-10-29T08:04:24.391+0000] {processor.py:925} INFO - DAG(s) 'example_python_decorator' retrieved from /home/airflow/.local/lib/python3.11/site-packages/airflow/example_dags/example_python_decorator.py
[2024-10-29T08:04:24.404+0000] {logging_mixin.py:190} INFO - [2024-10-29T08:04:24.403+0000] {dag.py:3239} INFO - Sync 1 DAGs
[2024-10-29T08:04:24.411+0000] {logging_mixin.py:190} INFO - [2024-10-29T08:04:24.411+0000] {dag.py:4180} INFO - Setting next_dagrun for example_python_decorator to None, run_after=None
[2024-10-29T08:04:24.420+0000] {processor.py:208} INFO - Processing /home/airflow/.local/lib/python3.11/site-packages/airflow/example_dags/example_python_decorator.py took 0.048 seconds
[2024-10-29T08:04:54.798+0000] {processor.py:186} INFO - Started process (PID=48932) to work on /home/airflow/.local/lib/python3.11/site-packages/airflow/example_dags/example_python_decorator.py
[2024-10-29T08:04:54.798+0000] {processor.py:914} INFO - Processing file /home/airflow/.local/lib/python3.11/site-packages/airflow/example_dags/example_python_decorator.py for tasks to queue
[2024-10-29T08:04:54.800+0000] {logging_mixin.py:190} INFO - [2024-10-29T08:04:54.800+0000] {dagbag.py:588} INFO - Filling up the DagBag from /home/airflow/.local/lib/python3.11/site-packages/airflow/example_dags/example_python_decorator.py
[2024-10-29T08:04:54.808+0000] {processor.py:925} INFO - DAG(s) 'example_python_decorator' retrieved from /home/airflow/.local/lib/python3.11/site-packages/airflow/example_dags/example_python_decorator.py
[2024-10-29T08:04:54.820+0000] {logging_mixin.py:190} INFO - [2024-10-29T08:04:54.820+0000] {dag.py:3239} INFO - Sync 1 DAGs
[2024-10-29T08:04:54.827+0000] {logging_mixin.py:190} INFO - [2024-10-29T08:04:54.827+0000] {dag.py:4180} INFO - Setting next_dagrun for example_python_decorator to None, run_after=None
[2024-10-29T08:04:54.835+0000] {processor.py:208} INFO - Processing /home/airflow/.local/lib/python3.11/site-packages/airflow/example_dags/example_python_decorator.py took 0.041 seconds
[2024-10-29T08:05:25.399+0000] {processor.py:186} INFO - Started process (PID=48995) to work on /home/airflow/.local/lib/python3.11/site-packages/airflow/example_dags/example_python_decorator.py
[2024-10-29T08:05:25.400+0000] {processor.py:914} INFO - Processing file /home/airflow/.local/lib/python3.11/site-packages/airflow/example_dags/example_python_decorator.py for tasks to queue
[2024-10-29T08:05:25.401+0000] {logging_mixin.py:190} INFO - [2024-10-29T08:05:25.401+0000] {dagbag.py:588} INFO - Filling up the DagBag from /home/airflow/.local/lib/python3.11/site-packages/airflow/example_dags/example_python_decorator.py
[2024-10-29T08:05:25.409+0000] {processor.py:925} INFO - DAG(s) 'example_python_decorator' retrieved from /home/airflow/.local/lib/python3.11/site-packages/airflow/example_dags/example_python_decorator.py
[2024-10-29T08:05:25.421+0000] {logging_mixin.py:190} INFO - [2024-10-29T08:05:25.421+0000] {dag.py:3239} INFO - Sync 1 DAGs
[2024-10-29T08:05:25.428+0000] {logging_mixin.py:190} INFO - [2024-10-29T08:05:25.428+0000] {dag.py:4180} INFO - Setting next_dagrun for example_python_decorator to None, run_after=None
[2024-10-29T08:05:25.436+0000] {processor.py:208} INFO - Processing /home/airflow/.local/lib/python3.11/site-packages/airflow/example_dags/example_python_decorator.py took 0.041 seconds
[2024-10-29T08:05:55.971+0000] {processor.py:186} INFO - Started process (PID=49058) to work on /home/airflow/.local/lib/python3.11/site-packages/airflow/example_dags/example_python_decorator.py
[2024-10-29T08:05:55.972+0000] {processor.py:914} INFO - Processing file /home/airflow/.local/lib/python3.11/site-packages/airflow/example_dags/example_python_decorator.py for tasks to queue
[2024-10-29T08:05:55.973+0000] {logging_mixin.py:190} INFO - [2024-10-29T08:05:55.973+0000] {dagbag.py:588} INFO - Filling up the DagBag from /home/airflow/.local/lib/python3.11/site-packages/airflow/example_dags/example_python_decorator.py
[2024-10-29T08:05:55.981+0000] {processor.py:925} INFO - DAG(s) 'example_python_decorator' retrieved from /home/airflow/.local/lib/python3.11/site-packages/airflow/example_dags/example_python_decorator.py
[2024-10-29T08:05:55.992+0000] {logging_mixin.py:190} INFO - [2024-10-29T08:05:55.992+0000] {dag.py:3239} INFO - Sync 1 DAGs
[2024-10-29T08:05:55.999+0000] {logging_mixin.py:190} INFO - [2024-10-29T08:05:55.999+0000] {dag.py:4180} INFO - Setting next_dagrun for example_python_decorator to None, run_after=None
[2024-10-29T08:05:56.008+0000] {processor.py:208} INFO - Processing /home/airflow/.local/lib/python3.11/site-packages/airflow/example_dags/example_python_decorator.py took 0.041 seconds
[2024-10-29T08:06:26.332+0000] {processor.py:186} INFO - Started process (PID=49121) to work on /home/airflow/.local/lib/python3.11/site-packages/airflow/example_dags/example_python_decorator.py
[2024-10-29T08:06:26.334+0000] {processor.py:914} INFO - Processing file /home/airflow/.local/lib/python3.11/site-packages/airflow/example_dags/example_python_decorator.py for tasks to queue
[2024-10-29T08:06:26.335+0000] {logging_mixin.py:190} INFO - [2024-10-29T08:06:26.335+0000] {dagbag.py:588} INFO - Filling up the DagBag from /home/airflow/.local/lib/python3.11/site-packages/airflow/example_dags/example_python_decorator.py
[2024-10-29T08:06:26.343+0000] {processor.py:925} INFO - DAG(s) 'example_python_decorator' retrieved from /home/airflow/.local/lib/python3.11/site-packages/airflow/example_dags/example_python_decorator.py
[2024-10-29T08:06:26.359+0000] {logging_mixin.py:190} INFO - [2024-10-29T08:06:26.358+0000] {dag.py:3239} INFO - Sync 1 DAGs
[2024-10-29T08:06:26.365+0000] {logging_mixin.py:190} INFO - [2024-10-29T08:06:26.365+0000] {dag.py:4180} INFO - Setting next_dagrun for example_python_decorator to None, run_after=None
[2024-10-29T08:06:26.374+0000] {processor.py:208} INFO - Processing /home/airflow/.local/lib/python3.11/site-packages/airflow/example_dags/example_python_decorator.py took 0.046 seconds
[2024-10-29T08:06:57.324+0000] {processor.py:186} INFO - Started process (PID=49184) to work on /home/airflow/.local/lib/python3.11/site-packages/airflow/example_dags/example_python_decorator.py
[2024-10-29T08:06:57.325+0000] {processor.py:914} INFO - Processing file /home/airflow/.local/lib/python3.11/site-packages/airflow/example_dags/example_python_decorator.py for tasks to queue
[2024-10-29T08:06:57.328+0000] {logging_mixin.py:190} INFO - [2024-10-29T08:06:57.327+0000] {dagbag.py:588} INFO - Filling up the DagBag from /home/airflow/.local/lib/python3.11/site-packages/airflow/example_dags/example_python_decorator.py
[2024-10-29T08:06:57.344+0000] {processor.py:925} INFO - DAG(s) 'example_python_decorator' retrieved from /home/airflow/.local/lib/python3.11/site-packages/airflow/example_dags/example_python_decorator.py
[2024-10-29T08:06:57.361+0000] {logging_mixin.py:190} INFO - [2024-10-29T08:06:57.361+0000] {dag.py:3239} INFO - Sync 1 DAGs
[2024-10-29T08:06:57.373+0000] {logging_mixin.py:190} INFO - [2024-10-29T08:06:57.372+0000] {dag.py:4180} INFO - Setting next_dagrun for example_python_decorator to None, run_after=None
[2024-10-29T08:06:57.384+0000] {processor.py:208} INFO - Processing /home/airflow/.local/lib/python3.11/site-packages/airflow/example_dags/example_python_decorator.py took 0.066 seconds
[2024-10-29T08:07:28.390+0000] {processor.py:186} INFO - Started process (PID=49247) to work on /home/airflow/.local/lib/python3.11/site-packages/airflow/example_dags/example_python_decorator.py
[2024-10-29T08:07:28.391+0000] {processor.py:914} INFO - Processing file /home/airflow/.local/lib/python3.11/site-packages/airflow/example_dags/example_python_decorator.py for tasks to queue
[2024-10-29T08:07:28.392+0000] {logging_mixin.py:190} INFO - [2024-10-29T08:07:28.392+0000] {dagbag.py:588} INFO - Filling up the DagBag from /home/airflow/.local/lib/python3.11/site-packages/airflow/example_dags/example_python_decorator.py
[2024-10-29T08:07:28.400+0000] {processor.py:925} INFO - DAG(s) 'example_python_decorator' retrieved from /home/airflow/.local/lib/python3.11/site-packages/airflow/example_dags/example_python_decorator.py
[2024-10-29T08:07:28.413+0000] {logging_mixin.py:190} INFO - [2024-10-29T08:07:28.413+0000] {dag.py:3239} INFO - Sync 1 DAGs
[2024-10-29T08:07:28.420+0000] {logging_mixin.py:190} INFO - [2024-10-29T08:07:28.420+0000] {dag.py:4180} INFO - Setting next_dagrun for example_python_decorator to None, run_after=None
[2024-10-29T08:07:28.429+0000] {processor.py:208} INFO - Processing /home/airflow/.local/lib/python3.11/site-packages/airflow/example_dags/example_python_decorator.py took 0.043 seconds
[2024-10-29T08:07:59.324+0000] {processor.py:186} INFO - Started process (PID=49310) to work on /home/airflow/.local/lib/python3.11/site-packages/airflow/example_dags/example_python_decorator.py
[2024-10-29T08:07:59.325+0000] {processor.py:914} INFO - Processing file /home/airflow/.local/lib/python3.11/site-packages/airflow/example_dags/example_python_decorator.py for tasks to queue
[2024-10-29T08:07:59.327+0000] {logging_mixin.py:190} INFO - [2024-10-29T08:07:59.326+0000] {dagbag.py:588} INFO - Filling up the DagBag from /home/airflow/.local/lib/python3.11/site-packages/airflow/example_dags/example_python_decorator.py
[2024-10-29T08:07:59.335+0000] {processor.py:925} INFO - DAG(s) 'example_python_decorator' retrieved from /home/airflow/.local/lib/python3.11/site-packages/airflow/example_dags/example_python_decorator.py
[2024-10-29T08:07:59.351+0000] {logging_mixin.py:190} INFO - [2024-10-29T08:07:59.351+0000] {dag.py:3239} INFO - Sync 1 DAGs
[2024-10-29T08:07:59.365+0000] {logging_mixin.py:190} INFO - [2024-10-29T08:07:59.365+0000] {dag.py:4180} INFO - Setting next_dagrun for example_python_decorator to None, run_after=None
[2024-10-29T08:07:59.375+0000] {processor.py:208} INFO - Processing /home/airflow/.local/lib/python3.11/site-packages/airflow/example_dags/example_python_decorator.py took 0.055 seconds
[2024-10-29T08:08:29.816+0000] {processor.py:186} INFO - Started process (PID=49373) to work on /home/airflow/.local/lib/python3.11/site-packages/airflow/example_dags/example_python_decorator.py
[2024-10-29T08:08:29.819+0000] {processor.py:914} INFO - Processing file /home/airflow/.local/lib/python3.11/site-packages/airflow/example_dags/example_python_decorator.py for tasks to queue
[2024-10-29T08:08:29.828+0000] {logging_mixin.py:190} INFO - [2024-10-29T08:08:29.827+0000] {dagbag.py:588} INFO - Filling up the DagBag from /home/airflow/.local/lib/python3.11/site-packages/airflow/example_dags/example_python_decorator.py
[2024-10-29T08:08:29.846+0000] {processor.py:925} INFO - DAG(s) 'example_python_decorator' retrieved from /home/airflow/.local/lib/python3.11/site-packages/airflow/example_dags/example_python_decorator.py
[2024-10-29T08:08:29.864+0000] {logging_mixin.py:190} INFO - [2024-10-29T08:08:29.864+0000] {dag.py:3239} INFO - Sync 1 DAGs
[2024-10-29T08:08:29.876+0000] {logging_mixin.py:190} INFO - [2024-10-29T08:08:29.876+0000] {dag.py:4180} INFO - Setting next_dagrun for example_python_decorator to None, run_after=None
[2024-10-29T08:08:29.892+0000] {processor.py:208} INFO - Processing /home/airflow/.local/lib/python3.11/site-packages/airflow/example_dags/example_python_decorator.py took 0.087 seconds
[2024-10-29T08:09:00.448+0000] {processor.py:186} INFO - Started process (PID=49435) to work on /home/airflow/.local/lib/python3.11/site-packages/airflow/example_dags/example_python_decorator.py
[2024-10-29T08:09:00.449+0000] {processor.py:914} INFO - Processing file /home/airflow/.local/lib/python3.11/site-packages/airflow/example_dags/example_python_decorator.py for tasks to queue
[2024-10-29T08:09:00.451+0000] {logging_mixin.py:190} INFO - [2024-10-29T08:09:00.451+0000] {dagbag.py:588} INFO - Filling up the DagBag from /home/airflow/.local/lib/python3.11/site-packages/airflow/example_dags/example_python_decorator.py
[2024-10-29T08:09:00.461+0000] {processor.py:925} INFO - DAG(s) 'example_python_decorator' retrieved from /home/airflow/.local/lib/python3.11/site-packages/airflow/example_dags/example_python_decorator.py
[2024-10-29T08:09:00.475+0000] {logging_mixin.py:190} INFO - [2024-10-29T08:09:00.475+0000] {dag.py:3239} INFO - Sync 1 DAGs
[2024-10-29T08:09:00.486+0000] {logging_mixin.py:190} INFO - [2024-10-29T08:09:00.485+0000] {dag.py:4180} INFO - Setting next_dagrun for example_python_decorator to None, run_after=None
[2024-10-29T08:09:00.501+0000] {processor.py:208} INFO - Processing /home/airflow/.local/lib/python3.11/site-packages/airflow/example_dags/example_python_decorator.py took 0.057 seconds
[2024-10-29T08:09:30.837+0000] {processor.py:186} INFO - Started process (PID=49497) to work on /home/airflow/.local/lib/python3.11/site-packages/airflow/example_dags/example_python_decorator.py
[2024-10-29T08:09:30.838+0000] {processor.py:914} INFO - Processing file /home/airflow/.local/lib/python3.11/site-packages/airflow/example_dags/example_python_decorator.py for tasks to queue
[2024-10-29T08:09:30.840+0000] {logging_mixin.py:190} INFO - [2024-10-29T08:09:30.839+0000] {dagbag.py:588} INFO - Filling up the DagBag from /home/airflow/.local/lib/python3.11/site-packages/airflow/example_dags/example_python_decorator.py
[2024-10-29T08:09:30.849+0000] {processor.py:925} INFO - DAG(s) 'example_python_decorator' retrieved from /home/airflow/.local/lib/python3.11/site-packages/airflow/example_dags/example_python_decorator.py
[2024-10-29T08:09:30.862+0000] {logging_mixin.py:190} INFO - [2024-10-29T08:09:30.862+0000] {dag.py:3239} INFO - Sync 1 DAGs
[2024-10-29T08:09:30.871+0000] {logging_mixin.py:190} INFO - [2024-10-29T08:09:30.871+0000] {dag.py:4180} INFO - Setting next_dagrun for example_python_decorator to None, run_after=None
[2024-10-29T08:09:30.885+0000] {processor.py:208} INFO - Processing /home/airflow/.local/lib/python3.11/site-packages/airflow/example_dags/example_python_decorator.py took 0.052 seconds
[2024-10-29T08:10:01.641+0000] {processor.py:186} INFO - Started process (PID=49560) to work on /home/airflow/.local/lib/python3.11/site-packages/airflow/example_dags/example_python_decorator.py
[2024-10-29T08:10:01.643+0000] {processor.py:914} INFO - Processing file /home/airflow/.local/lib/python3.11/site-packages/airflow/example_dags/example_python_decorator.py for tasks to queue
[2024-10-29T08:10:01.645+0000] {logging_mixin.py:190} INFO - [2024-10-29T08:10:01.644+0000] {dagbag.py:588} INFO - Filling up the DagBag from /home/airflow/.local/lib/python3.11/site-packages/airflow/example_dags/example_python_decorator.py
[2024-10-29T08:10:01.654+0000] {processor.py:925} INFO - DAG(s) 'example_python_decorator' retrieved from /home/airflow/.local/lib/python3.11/site-packages/airflow/example_dags/example_python_decorator.py
[2024-10-29T08:10:01.667+0000] {logging_mixin.py:190} INFO - [2024-10-29T08:10:01.667+0000] {dag.py:3239} INFO - Sync 1 DAGs
[2024-10-29T08:10:01.679+0000] {logging_mixin.py:190} INFO - [2024-10-29T08:10:01.679+0000] {dag.py:4180} INFO - Setting next_dagrun for example_python_decorator to None, run_after=None
[2024-10-29T08:10:01.694+0000] {processor.py:208} INFO - Processing /home/airflow/.local/lib/python3.11/site-packages/airflow/example_dags/example_python_decorator.py took 0.058 seconds
[2024-10-29T08:10:32.323+0000] {processor.py:186} INFO - Started process (PID=49623) to work on /home/airflow/.local/lib/python3.11/site-packages/airflow/example_dags/example_python_decorator.py
[2024-10-29T08:10:32.323+0000] {processor.py:914} INFO - Processing file /home/airflow/.local/lib/python3.11/site-packages/airflow/example_dags/example_python_decorator.py for tasks to queue
[2024-10-29T08:10:32.325+0000] {logging_mixin.py:190} INFO - [2024-10-29T08:10:32.325+0000] {dagbag.py:588} INFO - Filling up the DagBag from /home/airflow/.local/lib/python3.11/site-packages/airflow/example_dags/example_python_decorator.py
[2024-10-29T08:10:32.354+0000] {processor.py:925} INFO - DAG(s) 'example_python_decorator' retrieved from /home/airflow/.local/lib/python3.11/site-packages/airflow/example_dags/example_python_decorator.py
[2024-10-29T08:10:32.389+0000] {logging_mixin.py:190} INFO - [2024-10-29T08:10:32.388+0000] {dag.py:3239} INFO - Sync 1 DAGs
[2024-10-29T08:10:32.402+0000] {logging_mixin.py:190} INFO - [2024-10-29T08:10:32.402+0000] {dag.py:4180} INFO - Setting next_dagrun for example_python_decorator to None, run_after=None
[2024-10-29T08:10:32.417+0000] {processor.py:208} INFO - Processing /home/airflow/.local/lib/python3.11/site-packages/airflow/example_dags/example_python_decorator.py took 0.099 seconds
[2024-10-29T18:52:59.554+0000] {processor.py:186} INFO - Started process (PID=61) to work on /home/airflow/.local/lib/python3.11/site-packages/airflow/example_dags/example_python_decorator.py
[2024-10-29T18:52:59.558+0000] {processor.py:914} INFO - Processing file /home/airflow/.local/lib/python3.11/site-packages/airflow/example_dags/example_python_decorator.py for tasks to queue
[2024-10-29T18:52:59.573+0000] {logging_mixin.py:190} INFO - [2024-10-29T18:52:59.572+0000] {dagbag.py:588} INFO - Filling up the DagBag from /home/airflow/.local/lib/python3.11/site-packages/airflow/example_dags/example_python_decorator.py
[2024-10-29T18:52:59.621+0000] {processor.py:925} INFO - DAG(s) 'example_python_decorator' retrieved from /home/airflow/.local/lib/python3.11/site-packages/airflow/example_dags/example_python_decorator.py
[2024-10-29T18:53:00.652+0000] {logging_mixin.py:190} INFO - [2024-10-29T18:53:00.648+0000] {dag.py:3239} INFO - Sync 1 DAGs
[2024-10-29T18:53:00.699+0000] {logging_mixin.py:190} INFO - [2024-10-29T18:53:00.698+0000] {dag.py:4180} INFO - Setting next_dagrun for example_python_decorator to None, run_after=None
[2024-10-29T18:53:00.759+0000] {processor.py:208} INFO - Processing /home/airflow/.local/lib/python3.11/site-packages/airflow/example_dags/example_python_decorator.py took 1.226 seconds
[2024-10-29T18:53:32.792+0000] {processor.py:186} INFO - Started process (PID=123) to work on /home/airflow/.local/lib/python3.11/site-packages/airflow/example_dags/example_python_decorator.py
[2024-10-29T18:53:32.797+0000] {processor.py:914} INFO - Processing file /home/airflow/.local/lib/python3.11/site-packages/airflow/example_dags/example_python_decorator.py for tasks to queue
[2024-10-29T18:53:32.802+0000] {logging_mixin.py:190} INFO - [2024-10-29T18:53:32.802+0000] {dagbag.py:588} INFO - Filling up the DagBag from /home/airflow/.local/lib/python3.11/site-packages/airflow/example_dags/example_python_decorator.py
[2024-10-29T18:53:32.828+0000] {processor.py:925} INFO - DAG(s) 'example_python_decorator' retrieved from /home/airflow/.local/lib/python3.11/site-packages/airflow/example_dags/example_python_decorator.py
[2024-10-29T18:53:32.933+0000] {logging_mixin.py:190} INFO - [2024-10-29T18:53:32.932+0000] {dag.py:3239} INFO - Sync 1 DAGs
[2024-10-29T18:53:32.954+0000] {logging_mixin.py:190} INFO - [2024-10-29T18:53:32.953+0000] {dag.py:4180} INFO - Setting next_dagrun for example_python_decorator to None, run_after=None
[2024-10-29T18:53:33.033+0000] {processor.py:208} INFO - Processing /home/airflow/.local/lib/python3.11/site-packages/airflow/example_dags/example_python_decorator.py took 0.263 seconds
[2024-10-29T18:54:18.852+0000] {processor.py:186} INFO - Started process (PID=192) to work on /home/airflow/.local/lib/python3.11/site-packages/airflow/example_dags/example_python_decorator.py
[2024-10-29T18:54:18.856+0000] {processor.py:914} INFO - Processing file /home/airflow/.local/lib/python3.11/site-packages/airflow/example_dags/example_python_decorator.py for tasks to queue
[2024-10-29T18:54:18.863+0000] {logging_mixin.py:190} INFO - [2024-10-29T18:54:18.862+0000] {dagbag.py:588} INFO - Filling up the DagBag from /home/airflow/.local/lib/python3.11/site-packages/airflow/example_dags/example_python_decorator.py
[2024-10-29T18:54:18.913+0000] {processor.py:925} INFO - DAG(s) 'example_python_decorator' retrieved from /home/airflow/.local/lib/python3.11/site-packages/airflow/example_dags/example_python_decorator.py
[2024-10-29T18:54:18.978+0000] {logging_mixin.py:190} INFO - [2024-10-29T18:54:18.978+0000] {dag.py:3239} INFO - Sync 1 DAGs
[2024-10-29T18:54:19.003+0000] {logging_mixin.py:190} INFO - [2024-10-29T18:54:19.002+0000] {dag.py:4180} INFO - Setting next_dagrun for example_python_decorator to None, run_after=None
[2024-10-29T18:54:19.070+0000] {processor.py:208} INFO - Processing /home/airflow/.local/lib/python3.11/site-packages/airflow/example_dags/example_python_decorator.py took 0.234 seconds
[2024-10-29T18:55:03.577+0000] {processor.py:186} INFO - Started process (PID=254) to work on /home/airflow/.local/lib/python3.11/site-packages/airflow/example_dags/example_python_decorator.py
[2024-10-29T18:55:03.587+0000] {processor.py:914} INFO - Processing file /home/airflow/.local/lib/python3.11/site-packages/airflow/example_dags/example_python_decorator.py for tasks to queue
[2024-10-29T18:55:03.608+0000] {logging_mixin.py:190} INFO - [2024-10-29T18:55:03.605+0000] {dagbag.py:588} INFO - Filling up the DagBag from /home/airflow/.local/lib/python3.11/site-packages/airflow/example_dags/example_python_decorator.py
[2024-10-29T18:55:03.636+0000] {processor.py:925} INFO - DAG(s) 'example_python_decorator' retrieved from /home/airflow/.local/lib/python3.11/site-packages/airflow/example_dags/example_python_decorator.py
[2024-10-29T18:55:03.690+0000] {logging_mixin.py:190} INFO - [2024-10-29T18:55:03.690+0000] {dag.py:3239} INFO - Sync 1 DAGs
[2024-10-29T18:55:03.715+0000] {logging_mixin.py:190} INFO - [2024-10-29T18:55:03.715+0000] {dag.py:4180} INFO - Setting next_dagrun for example_python_decorator to None, run_after=None
[2024-10-29T18:55:03.745+0000] {processor.py:208} INFO - Processing /home/airflow/.local/lib/python3.11/site-packages/airflow/example_dags/example_python_decorator.py took 0.195 seconds
[2024-10-29T18:55:46.212+0000] {processor.py:186} INFO - Started process (PID=322) to work on /home/airflow/.local/lib/python3.11/site-packages/airflow/example_dags/example_python_decorator.py
[2024-10-29T18:55:46.214+0000] {processor.py:914} INFO - Processing file /home/airflow/.local/lib/python3.11/site-packages/airflow/example_dags/example_python_decorator.py for tasks to queue
[2024-10-29T18:55:46.215+0000] {logging_mixin.py:190} INFO - [2024-10-29T18:55:46.215+0000] {dagbag.py:588} INFO - Filling up the DagBag from /home/airflow/.local/lib/python3.11/site-packages/airflow/example_dags/example_python_decorator.py
[2024-10-29T18:55:46.224+0000] {processor.py:925} INFO - DAG(s) 'example_python_decorator' retrieved from /home/airflow/.local/lib/python3.11/site-packages/airflow/example_dags/example_python_decorator.py
[2024-10-29T18:55:46.238+0000] {logging_mixin.py:190} INFO - [2024-10-29T18:55:46.238+0000] {dag.py:3239} INFO - Sync 1 DAGs
[2024-10-29T18:55:46.246+0000] {logging_mixin.py:190} INFO - [2024-10-29T18:55:46.246+0000] {dag.py:4180} INFO - Setting next_dagrun for example_python_decorator to None, run_after=None
[2024-10-29T18:55:46.254+0000] {processor.py:208} INFO - Processing /home/airflow/.local/lib/python3.11/site-packages/airflow/example_dags/example_python_decorator.py took 0.046 seconds
[2024-10-29T18:56:16.920+0000] {processor.py:186} INFO - Started process (PID=385) to work on /home/airflow/.local/lib/python3.11/site-packages/airflow/example_dags/example_python_decorator.py
[2024-10-29T18:56:16.921+0000] {processor.py:914} INFO - Processing file /home/airflow/.local/lib/python3.11/site-packages/airflow/example_dags/example_python_decorator.py for tasks to queue
[2024-10-29T18:56:16.922+0000] {logging_mixin.py:190} INFO - [2024-10-29T18:56:16.922+0000] {dagbag.py:588} INFO - Filling up the DagBag from /home/airflow/.local/lib/python3.11/site-packages/airflow/example_dags/example_python_decorator.py
[2024-10-29T18:56:16.935+0000] {processor.py:925} INFO - DAG(s) 'example_python_decorator' retrieved from /home/airflow/.local/lib/python3.11/site-packages/airflow/example_dags/example_python_decorator.py
[2024-10-29T18:56:16.949+0000] {logging_mixin.py:190} INFO - [2024-10-29T18:56:16.949+0000] {dag.py:3239} INFO - Sync 1 DAGs
[2024-10-29T18:56:16.957+0000] {logging_mixin.py:190} INFO - [2024-10-29T18:56:16.957+0000] {dag.py:4180} INFO - Setting next_dagrun for example_python_decorator to None, run_after=None
[2024-10-29T18:56:16.966+0000] {processor.py:208} INFO - Processing /home/airflow/.local/lib/python3.11/site-packages/airflow/example_dags/example_python_decorator.py took 0.054 seconds
[2024-10-29T18:56:47.728+0000] {processor.py:186} INFO - Started process (PID=448) to work on /home/airflow/.local/lib/python3.11/site-packages/airflow/example_dags/example_python_decorator.py
[2024-10-29T18:56:47.729+0000] {processor.py:914} INFO - Processing file /home/airflow/.local/lib/python3.11/site-packages/airflow/example_dags/example_python_decorator.py for tasks to queue
[2024-10-29T18:56:47.731+0000] {logging_mixin.py:190} INFO - [2024-10-29T18:56:47.730+0000] {dagbag.py:588} INFO - Filling up the DagBag from /home/airflow/.local/lib/python3.11/site-packages/airflow/example_dags/example_python_decorator.py
[2024-10-29T18:56:47.740+0000] {processor.py:925} INFO - DAG(s) 'example_python_decorator' retrieved from /home/airflow/.local/lib/python3.11/site-packages/airflow/example_dags/example_python_decorator.py
[2024-10-29T18:56:47.752+0000] {logging_mixin.py:190} INFO - [2024-10-29T18:56:47.752+0000] {dag.py:3239} INFO - Sync 1 DAGs
[2024-10-29T18:56:47.759+0000] {logging_mixin.py:190} INFO - [2024-10-29T18:56:47.759+0000] {dag.py:4180} INFO - Setting next_dagrun for example_python_decorator to None, run_after=None
[2024-10-29T18:56:47.767+0000] {processor.py:208} INFO - Processing /home/airflow/.local/lib/python3.11/site-packages/airflow/example_dags/example_python_decorator.py took 0.043 seconds
[2024-10-29T18:57:18.110+0000] {processor.py:186} INFO - Started process (PID=511) to work on /home/airflow/.local/lib/python3.11/site-packages/airflow/example_dags/example_python_decorator.py
[2024-10-29T18:57:18.111+0000] {processor.py:914} INFO - Processing file /home/airflow/.local/lib/python3.11/site-packages/airflow/example_dags/example_python_decorator.py for tasks to queue
[2024-10-29T18:57:18.113+0000] {logging_mixin.py:190} INFO - [2024-10-29T18:57:18.112+0000] {dagbag.py:588} INFO - Filling up the DagBag from /home/airflow/.local/lib/python3.11/site-packages/airflow/example_dags/example_python_decorator.py
[2024-10-29T18:57:18.122+0000] {processor.py:925} INFO - DAG(s) 'example_python_decorator' retrieved from /home/airflow/.local/lib/python3.11/site-packages/airflow/example_dags/example_python_decorator.py
[2024-10-29T18:57:18.133+0000] {logging_mixin.py:190} INFO - [2024-10-29T18:57:18.133+0000] {dag.py:3239} INFO - Sync 1 DAGs
[2024-10-29T18:57:18.140+0000] {logging_mixin.py:190} INFO - [2024-10-29T18:57:18.140+0000] {dag.py:4180} INFO - Setting next_dagrun for example_python_decorator to None, run_after=None
[2024-10-29T18:57:18.148+0000] {processor.py:208} INFO - Processing /home/airflow/.local/lib/python3.11/site-packages/airflow/example_dags/example_python_decorator.py took 0.041 seconds
[2024-10-29T18:57:49.220+0000] {processor.py:186} INFO - Started process (PID=574) to work on /home/airflow/.local/lib/python3.11/site-packages/airflow/example_dags/example_python_decorator.py
[2024-10-29T18:57:49.221+0000] {processor.py:914} INFO - Processing file /home/airflow/.local/lib/python3.11/site-packages/airflow/example_dags/example_python_decorator.py for tasks to queue
[2024-10-29T18:57:49.223+0000] {logging_mixin.py:190} INFO - [2024-10-29T18:57:49.223+0000] {dagbag.py:588} INFO - Filling up the DagBag from /home/airflow/.local/lib/python3.11/site-packages/airflow/example_dags/example_python_decorator.py
[2024-10-29T18:57:49.234+0000] {processor.py:925} INFO - DAG(s) 'example_python_decorator' retrieved from /home/airflow/.local/lib/python3.11/site-packages/airflow/example_dags/example_python_decorator.py
[2024-10-29T18:57:49.246+0000] {logging_mixin.py:190} INFO - [2024-10-29T18:57:49.246+0000] {dag.py:3239} INFO - Sync 1 DAGs
[2024-10-29T18:57:49.254+0000] {logging_mixin.py:190} INFO - [2024-10-29T18:57:49.254+0000] {dag.py:4180} INFO - Setting next_dagrun for example_python_decorator to None, run_after=None
[2024-10-29T18:57:49.262+0000] {processor.py:208} INFO - Processing /home/airflow/.local/lib/python3.11/site-packages/airflow/example_dags/example_python_decorator.py took 0.047 seconds
[2024-10-29T18:58:19.814+0000] {processor.py:186} INFO - Started process (PID=637) to work on /home/airflow/.local/lib/python3.11/site-packages/airflow/example_dags/example_python_decorator.py
[2024-10-29T18:58:19.815+0000] {processor.py:914} INFO - Processing file /home/airflow/.local/lib/python3.11/site-packages/airflow/example_dags/example_python_decorator.py for tasks to queue
[2024-10-29T18:58:19.816+0000] {logging_mixin.py:190} INFO - [2024-10-29T18:58:19.816+0000] {dagbag.py:588} INFO - Filling up the DagBag from /home/airflow/.local/lib/python3.11/site-packages/airflow/example_dags/example_python_decorator.py
[2024-10-29T18:58:19.826+0000] {processor.py:925} INFO - DAG(s) 'example_python_decorator' retrieved from /home/airflow/.local/lib/python3.11/site-packages/airflow/example_dags/example_python_decorator.py
[2024-10-29T18:58:19.840+0000] {logging_mixin.py:190} INFO - [2024-10-29T18:58:19.839+0000] {dag.py:3239} INFO - Sync 1 DAGs
[2024-10-29T18:58:19.847+0000] {logging_mixin.py:190} INFO - [2024-10-29T18:58:19.847+0000] {dag.py:4180} INFO - Setting next_dagrun for example_python_decorator to None, run_after=None
[2024-10-29T18:58:19.858+0000] {processor.py:208} INFO - Processing /home/airflow/.local/lib/python3.11/site-packages/airflow/example_dags/example_python_decorator.py took 0.049 seconds
[2024-10-29T18:58:50.161+0000] {processor.py:186} INFO - Started process (PID=700) to work on /home/airflow/.local/lib/python3.11/site-packages/airflow/example_dags/example_python_decorator.py
[2024-10-29T18:58:50.162+0000] {processor.py:914} INFO - Processing file /home/airflow/.local/lib/python3.11/site-packages/airflow/example_dags/example_python_decorator.py for tasks to queue
[2024-10-29T18:58:50.163+0000] {logging_mixin.py:190} INFO - [2024-10-29T18:58:50.163+0000] {dagbag.py:588} INFO - Filling up the DagBag from /home/airflow/.local/lib/python3.11/site-packages/airflow/example_dags/example_python_decorator.py
[2024-10-29T18:58:50.174+0000] {processor.py:925} INFO - DAG(s) 'example_python_decorator' retrieved from /home/airflow/.local/lib/python3.11/site-packages/airflow/example_dags/example_python_decorator.py
[2024-10-29T18:58:50.187+0000] {logging_mixin.py:190} INFO - [2024-10-29T18:58:50.187+0000] {dag.py:3239} INFO - Sync 1 DAGs
[2024-10-29T18:58:50.194+0000] {logging_mixin.py:190} INFO - [2024-10-29T18:58:50.194+0000] {dag.py:4180} INFO - Setting next_dagrun for example_python_decorator to None, run_after=None
[2024-10-29T18:58:50.203+0000] {processor.py:208} INFO - Processing /home/airflow/.local/lib/python3.11/site-packages/airflow/example_dags/example_python_decorator.py took 0.050 seconds
[2024-10-29T18:59:20.577+0000] {processor.py:186} INFO - Started process (PID=763) to work on /home/airflow/.local/lib/python3.11/site-packages/airflow/example_dags/example_python_decorator.py
[2024-10-29T18:59:20.579+0000] {processor.py:914} INFO - Processing file /home/airflow/.local/lib/python3.11/site-packages/airflow/example_dags/example_python_decorator.py for tasks to queue
[2024-10-29T18:59:20.580+0000] {logging_mixin.py:190} INFO - [2024-10-29T18:59:20.580+0000] {dagbag.py:588} INFO - Filling up the DagBag from /home/airflow/.local/lib/python3.11/site-packages/airflow/example_dags/example_python_decorator.py
[2024-10-29T18:59:20.590+0000] {processor.py:925} INFO - DAG(s) 'example_python_decorator' retrieved from /home/airflow/.local/lib/python3.11/site-packages/airflow/example_dags/example_python_decorator.py
[2024-10-29T18:59:20.602+0000] {logging_mixin.py:190} INFO - [2024-10-29T18:59:20.602+0000] {dag.py:3239} INFO - Sync 1 DAGs
[2024-10-29T18:59:20.609+0000] {logging_mixin.py:190} INFO - [2024-10-29T18:59:20.609+0000] {dag.py:4180} INFO - Setting next_dagrun for example_python_decorator to None, run_after=None
[2024-10-29T18:59:20.622+0000] {processor.py:208} INFO - Processing /home/airflow/.local/lib/python3.11/site-packages/airflow/example_dags/example_python_decorator.py took 0.050 seconds
[2024-10-29T18:59:51.147+0000] {processor.py:186} INFO - Started process (PID=825) to work on /home/airflow/.local/lib/python3.11/site-packages/airflow/example_dags/example_python_decorator.py
[2024-10-29T18:59:51.148+0000] {processor.py:914} INFO - Processing file /home/airflow/.local/lib/python3.11/site-packages/airflow/example_dags/example_python_decorator.py for tasks to queue
[2024-10-29T18:59:51.150+0000] {logging_mixin.py:190} INFO - [2024-10-29T18:59:51.150+0000] {dagbag.py:588} INFO - Filling up the DagBag from /home/airflow/.local/lib/python3.11/site-packages/airflow/example_dags/example_python_decorator.py
[2024-10-29T18:59:51.166+0000] {processor.py:925} INFO - DAG(s) 'example_python_decorator' retrieved from /home/airflow/.local/lib/python3.11/site-packages/airflow/example_dags/example_python_decorator.py
[2024-10-29T18:59:51.179+0000] {logging_mixin.py:190} INFO - [2024-10-29T18:59:51.179+0000] {dag.py:3239} INFO - Sync 1 DAGs
[2024-10-29T18:59:51.186+0000] {logging_mixin.py:190} INFO - [2024-10-29T18:59:51.186+0000] {dag.py:4180} INFO - Setting next_dagrun for example_python_decorator to None, run_after=None
[2024-10-29T18:59:51.195+0000] {processor.py:208} INFO - Processing /home/airflow/.local/lib/python3.11/site-packages/airflow/example_dags/example_python_decorator.py took 0.052 seconds
[2024-10-29T19:00:21.399+0000] {processor.py:186} INFO - Started process (PID=888) to work on /home/airflow/.local/lib/python3.11/site-packages/airflow/example_dags/example_python_decorator.py
[2024-10-29T19:00:21.400+0000] {processor.py:914} INFO - Processing file /home/airflow/.local/lib/python3.11/site-packages/airflow/example_dags/example_python_decorator.py for tasks to queue
[2024-10-29T19:00:21.402+0000] {logging_mixin.py:190} INFO - [2024-10-29T19:00:21.402+0000] {dagbag.py:588} INFO - Filling up the DagBag from /home/airflow/.local/lib/python3.11/site-packages/airflow/example_dags/example_python_decorator.py
[2024-10-29T19:00:21.410+0000] {processor.py:925} INFO - DAG(s) 'example_python_decorator' retrieved from /home/airflow/.local/lib/python3.11/site-packages/airflow/example_dags/example_python_decorator.py
[2024-10-29T19:00:21.423+0000] {logging_mixin.py:190} INFO - [2024-10-29T19:00:21.423+0000] {dag.py:3239} INFO - Sync 1 DAGs
[2024-10-29T19:00:21.430+0000] {logging_mixin.py:190} INFO - [2024-10-29T19:00:21.430+0000] {dag.py:4180} INFO - Setting next_dagrun for example_python_decorator to None, run_after=None
[2024-10-29T19:00:21.442+0000] {processor.py:208} INFO - Processing /home/airflow/.local/lib/python3.11/site-packages/airflow/example_dags/example_python_decorator.py took 0.046 seconds
[2024-10-29T19:00:52.265+0000] {processor.py:186} INFO - Started process (PID=951) to work on /home/airflow/.local/lib/python3.11/site-packages/airflow/example_dags/example_python_decorator.py
[2024-10-29T19:00:52.266+0000] {processor.py:914} INFO - Processing file /home/airflow/.local/lib/python3.11/site-packages/airflow/example_dags/example_python_decorator.py for tasks to queue
[2024-10-29T19:00:52.268+0000] {logging_mixin.py:190} INFO - [2024-10-29T19:00:52.268+0000] {dagbag.py:588} INFO - Filling up the DagBag from /home/airflow/.local/lib/python3.11/site-packages/airflow/example_dags/example_python_decorator.py
[2024-10-29T19:00:52.279+0000] {processor.py:925} INFO - DAG(s) 'example_python_decorator' retrieved from /home/airflow/.local/lib/python3.11/site-packages/airflow/example_dags/example_python_decorator.py
[2024-10-29T19:00:52.290+0000] {logging_mixin.py:190} INFO - [2024-10-29T19:00:52.290+0000] {dag.py:3239} INFO - Sync 1 DAGs
[2024-10-29T19:00:52.298+0000] {logging_mixin.py:190} INFO - [2024-10-29T19:00:52.298+0000] {dag.py:4180} INFO - Setting next_dagrun for example_python_decorator to None, run_after=None
[2024-10-29T19:00:52.306+0000] {processor.py:208} INFO - Processing /home/airflow/.local/lib/python3.11/site-packages/airflow/example_dags/example_python_decorator.py took 0.046 seconds
[2024-10-29T19:01:22.428+0000] {processor.py:186} INFO - Started process (PID=1014) to work on /home/airflow/.local/lib/python3.11/site-packages/airflow/example_dags/example_python_decorator.py
[2024-10-29T19:01:22.429+0000] {processor.py:914} INFO - Processing file /home/airflow/.local/lib/python3.11/site-packages/airflow/example_dags/example_python_decorator.py for tasks to queue
[2024-10-29T19:01:22.430+0000] {logging_mixin.py:190} INFO - [2024-10-29T19:01:22.430+0000] {dagbag.py:588} INFO - Filling up the DagBag from /home/airflow/.local/lib/python3.11/site-packages/airflow/example_dags/example_python_decorator.py
[2024-10-29T19:01:22.439+0000] {processor.py:925} INFO - DAG(s) 'example_python_decorator' retrieved from /home/airflow/.local/lib/python3.11/site-packages/airflow/example_dags/example_python_decorator.py
[2024-10-29T19:01:22.449+0000] {logging_mixin.py:190} INFO - [2024-10-29T19:01:22.449+0000] {dag.py:3239} INFO - Sync 1 DAGs
[2024-10-29T19:01:22.459+0000] {logging_mixin.py:190} INFO - [2024-10-29T19:01:22.459+0000] {dag.py:4180} INFO - Setting next_dagrun for example_python_decorator to None, run_after=None
[2024-10-29T19:01:22.467+0000] {processor.py:208} INFO - Processing /home/airflow/.local/lib/python3.11/site-packages/airflow/example_dags/example_python_decorator.py took 0.043 seconds
[2024-10-29T19:01:52.657+0000] {processor.py:186} INFO - Started process (PID=1077) to work on /home/airflow/.local/lib/python3.11/site-packages/airflow/example_dags/example_python_decorator.py
[2024-10-29T19:01:52.658+0000] {processor.py:914} INFO - Processing file /home/airflow/.local/lib/python3.11/site-packages/airflow/example_dags/example_python_decorator.py for tasks to queue
[2024-10-29T19:01:52.659+0000] {logging_mixin.py:190} INFO - [2024-10-29T19:01:52.659+0000] {dagbag.py:588} INFO - Filling up the DagBag from /home/airflow/.local/lib/python3.11/site-packages/airflow/example_dags/example_python_decorator.py
[2024-10-29T19:01:52.675+0000] {processor.py:925} INFO - DAG(s) 'example_python_decorator' retrieved from /home/airflow/.local/lib/python3.11/site-packages/airflow/example_dags/example_python_decorator.py
[2024-10-29T19:01:52.702+0000] {logging_mixin.py:190} INFO - [2024-10-29T19:01:52.702+0000] {dag.py:3239} INFO - Sync 1 DAGs
[2024-10-29T19:01:52.714+0000] {logging_mixin.py:190} INFO - [2024-10-29T19:01:52.714+0000] {dag.py:4180} INFO - Setting next_dagrun for example_python_decorator to None, run_after=None
[2024-10-29T19:01:52.750+0000] {processor.py:208} INFO - Processing /home/airflow/.local/lib/python3.11/site-packages/airflow/example_dags/example_python_decorator.py took 0.097 seconds
[2024-10-29T19:02:23.670+0000] {processor.py:186} INFO - Started process (PID=1140) to work on /home/airflow/.local/lib/python3.11/site-packages/airflow/example_dags/example_python_decorator.py
[2024-10-29T19:02:23.672+0000] {processor.py:914} INFO - Processing file /home/airflow/.local/lib/python3.11/site-packages/airflow/example_dags/example_python_decorator.py for tasks to queue
[2024-10-29T19:02:23.674+0000] {logging_mixin.py:190} INFO - [2024-10-29T19:02:23.674+0000] {dagbag.py:588} INFO - Filling up the DagBag from /home/airflow/.local/lib/python3.11/site-packages/airflow/example_dags/example_python_decorator.py
[2024-10-29T19:02:23.686+0000] {processor.py:925} INFO - DAG(s) 'example_python_decorator' retrieved from /home/airflow/.local/lib/python3.11/site-packages/airflow/example_dags/example_python_decorator.py
[2024-10-29T19:02:23.700+0000] {logging_mixin.py:190} INFO - [2024-10-29T19:02:23.700+0000] {dag.py:3239} INFO - Sync 1 DAGs
[2024-10-29T19:02:23.711+0000] {logging_mixin.py:190} INFO - [2024-10-29T19:02:23.711+0000] {dag.py:4180} INFO - Setting next_dagrun for example_python_decorator to None, run_after=None
[2024-10-29T19:02:23.724+0000] {processor.py:208} INFO - Processing /home/airflow/.local/lib/python3.11/site-packages/airflow/example_dags/example_python_decorator.py took 0.058 seconds
[2024-10-29T19:02:54.563+0000] {processor.py:186} INFO - Started process (PID=1203) to work on /home/airflow/.local/lib/python3.11/site-packages/airflow/example_dags/example_python_decorator.py
[2024-10-29T19:02:54.564+0000] {processor.py:914} INFO - Processing file /home/airflow/.local/lib/python3.11/site-packages/airflow/example_dags/example_python_decorator.py for tasks to queue
[2024-10-29T19:02:54.565+0000] {logging_mixin.py:190} INFO - [2024-10-29T19:02:54.565+0000] {dagbag.py:588} INFO - Filling up the DagBag from /home/airflow/.local/lib/python3.11/site-packages/airflow/example_dags/example_python_decorator.py
[2024-10-29T19:02:54.573+0000] {processor.py:925} INFO - DAG(s) 'example_python_decorator' retrieved from /home/airflow/.local/lib/python3.11/site-packages/airflow/example_dags/example_python_decorator.py
[2024-10-29T19:02:54.584+0000] {logging_mixin.py:190} INFO - [2024-10-29T19:02:54.584+0000] {dag.py:3239} INFO - Sync 1 DAGs
[2024-10-29T19:02:54.592+0000] {logging_mixin.py:190} INFO - [2024-10-29T19:02:54.592+0000] {dag.py:4180} INFO - Setting next_dagrun for example_python_decorator to None, run_after=None
[2024-10-29T19:02:54.601+0000] {processor.py:208} INFO - Processing /home/airflow/.local/lib/python3.11/site-packages/airflow/example_dags/example_python_decorator.py took 0.041 seconds
[2024-10-29T19:03:25.418+0000] {processor.py:186} INFO - Started process (PID=1266) to work on /home/airflow/.local/lib/python3.11/site-packages/airflow/example_dags/example_python_decorator.py
[2024-10-29T19:03:25.419+0000] {processor.py:914} INFO - Processing file /home/airflow/.local/lib/python3.11/site-packages/airflow/example_dags/example_python_decorator.py for tasks to queue
[2024-10-29T19:03:25.420+0000] {logging_mixin.py:190} INFO - [2024-10-29T19:03:25.420+0000] {dagbag.py:588} INFO - Filling up the DagBag from /home/airflow/.local/lib/python3.11/site-packages/airflow/example_dags/example_python_decorator.py
[2024-10-29T19:03:25.429+0000] {processor.py:925} INFO - DAG(s) 'example_python_decorator' retrieved from /home/airflow/.local/lib/python3.11/site-packages/airflow/example_dags/example_python_decorator.py
[2024-10-29T19:03:25.442+0000] {logging_mixin.py:190} INFO - [2024-10-29T19:03:25.441+0000] {dag.py:3239} INFO - Sync 1 DAGs
[2024-10-29T19:03:25.449+0000] {logging_mixin.py:190} INFO - [2024-10-29T19:03:25.449+0000] {dag.py:4180} INFO - Setting next_dagrun for example_python_decorator to None, run_after=None
[2024-10-29T19:03:25.457+0000] {processor.py:208} INFO - Processing /home/airflow/.local/lib/python3.11/site-packages/airflow/example_dags/example_python_decorator.py took 0.042 seconds
[2024-10-29T19:03:56.176+0000] {processor.py:186} INFO - Started process (PID=1329) to work on /home/airflow/.local/lib/python3.11/site-packages/airflow/example_dags/example_python_decorator.py
[2024-10-29T19:03:56.177+0000] {processor.py:914} INFO - Processing file /home/airflow/.local/lib/python3.11/site-packages/airflow/example_dags/example_python_decorator.py for tasks to queue
[2024-10-29T19:03:56.178+0000] {logging_mixin.py:190} INFO - [2024-10-29T19:03:56.178+0000] {dagbag.py:588} INFO - Filling up the DagBag from /home/airflow/.local/lib/python3.11/site-packages/airflow/example_dags/example_python_decorator.py
[2024-10-29T19:03:56.192+0000] {processor.py:925} INFO - DAG(s) 'example_python_decorator' retrieved from /home/airflow/.local/lib/python3.11/site-packages/airflow/example_dags/example_python_decorator.py
[2024-10-29T19:03:56.207+0000] {logging_mixin.py:190} INFO - [2024-10-29T19:03:56.207+0000] {dag.py:3239} INFO - Sync 1 DAGs
[2024-10-29T19:03:56.217+0000] {logging_mixin.py:190} INFO - [2024-10-29T19:03:56.217+0000] {dag.py:4180} INFO - Setting next_dagrun for example_python_decorator to None, run_after=None
[2024-10-29T19:03:56.232+0000] {processor.py:208} INFO - Processing /home/airflow/.local/lib/python3.11/site-packages/airflow/example_dags/example_python_decorator.py took 0.060 seconds
[2024-10-29T19:04:26.644+0000] {processor.py:186} INFO - Started process (PID=1392) to work on /home/airflow/.local/lib/python3.11/site-packages/airflow/example_dags/example_python_decorator.py
[2024-10-29T19:04:26.646+0000] {processor.py:914} INFO - Processing file /home/airflow/.local/lib/python3.11/site-packages/airflow/example_dags/example_python_decorator.py for tasks to queue
[2024-10-29T19:04:26.647+0000] {logging_mixin.py:190} INFO - [2024-10-29T19:04:26.647+0000] {dagbag.py:588} INFO - Filling up the DagBag from /home/airflow/.local/lib/python3.11/site-packages/airflow/example_dags/example_python_decorator.py
[2024-10-29T19:04:26.655+0000] {processor.py:925} INFO - DAG(s) 'example_python_decorator' retrieved from /home/airflow/.local/lib/python3.11/site-packages/airflow/example_dags/example_python_decorator.py
[2024-10-29T19:04:26.669+0000] {logging_mixin.py:190} INFO - [2024-10-29T19:04:26.669+0000] {dag.py:3239} INFO - Sync 1 DAGs
[2024-10-29T19:04:26.676+0000] {logging_mixin.py:190} INFO - [2024-10-29T19:04:26.676+0000] {dag.py:4180} INFO - Setting next_dagrun for example_python_decorator to None, run_after=None
[2024-10-29T19:04:26.684+0000] {processor.py:208} INFO - Processing /home/airflow/.local/lib/python3.11/site-packages/airflow/example_dags/example_python_decorator.py took 0.044 seconds
[2024-10-29T19:04:57.144+0000] {processor.py:186} INFO - Started process (PID=1455) to work on /home/airflow/.local/lib/python3.11/site-packages/airflow/example_dags/example_python_decorator.py
[2024-10-29T19:04:57.144+0000] {processor.py:914} INFO - Processing file /home/airflow/.local/lib/python3.11/site-packages/airflow/example_dags/example_python_decorator.py for tasks to queue
[2024-10-29T19:04:57.146+0000] {logging_mixin.py:190} INFO - [2024-10-29T19:04:57.146+0000] {dagbag.py:588} INFO - Filling up the DagBag from /home/airflow/.local/lib/python3.11/site-packages/airflow/example_dags/example_python_decorator.py
[2024-10-29T19:04:57.160+0000] {processor.py:925} INFO - DAG(s) 'example_python_decorator' retrieved from /home/airflow/.local/lib/python3.11/site-packages/airflow/example_dags/example_python_decorator.py
[2024-10-29T19:04:57.174+0000] {logging_mixin.py:190} INFO - [2024-10-29T19:04:57.174+0000] {dag.py:3239} INFO - Sync 1 DAGs
[2024-10-29T19:04:57.188+0000] {logging_mixin.py:190} INFO - [2024-10-29T19:04:57.188+0000] {dag.py:4180} INFO - Setting next_dagrun for example_python_decorator to None, run_after=None
[2024-10-29T19:04:57.209+0000] {processor.py:208} INFO - Processing /home/airflow/.local/lib/python3.11/site-packages/airflow/example_dags/example_python_decorator.py took 0.069 seconds
[2024-10-29T19:05:27.686+0000] {processor.py:186} INFO - Started process (PID=1518) to work on /home/airflow/.local/lib/python3.11/site-packages/airflow/example_dags/example_python_decorator.py
[2024-10-29T19:05:27.687+0000] {processor.py:914} INFO - Processing file /home/airflow/.local/lib/python3.11/site-packages/airflow/example_dags/example_python_decorator.py for tasks to queue
[2024-10-29T19:05:27.689+0000] {logging_mixin.py:190} INFO - [2024-10-29T19:05:27.688+0000] {dagbag.py:588} INFO - Filling up the DagBag from /home/airflow/.local/lib/python3.11/site-packages/airflow/example_dags/example_python_decorator.py
[2024-10-29T19:05:27.698+0000] {processor.py:925} INFO - DAG(s) 'example_python_decorator' retrieved from /home/airflow/.local/lib/python3.11/site-packages/airflow/example_dags/example_python_decorator.py
[2024-10-29T19:05:27.713+0000] {logging_mixin.py:190} INFO - [2024-10-29T19:05:27.713+0000] {dag.py:3239} INFO - Sync 1 DAGs
[2024-10-29T19:05:27.724+0000] {logging_mixin.py:190} INFO - [2024-10-29T19:05:27.724+0000] {dag.py:4180} INFO - Setting next_dagrun for example_python_decorator to None, run_after=None
[2024-10-29T19:05:27.733+0000] {processor.py:208} INFO - Processing /home/airflow/.local/lib/python3.11/site-packages/airflow/example_dags/example_python_decorator.py took 0.051 seconds
[2024-10-29T19:05:58.026+0000] {processor.py:186} INFO - Started process (PID=1581) to work on /home/airflow/.local/lib/python3.11/site-packages/airflow/example_dags/example_python_decorator.py
[2024-10-29T19:05:58.027+0000] {processor.py:914} INFO - Processing file /home/airflow/.local/lib/python3.11/site-packages/airflow/example_dags/example_python_decorator.py for tasks to queue
[2024-10-29T19:05:58.029+0000] {logging_mixin.py:190} INFO - [2024-10-29T19:05:58.028+0000] {dagbag.py:588} INFO - Filling up the DagBag from /home/airflow/.local/lib/python3.11/site-packages/airflow/example_dags/example_python_decorator.py
[2024-10-29T19:05:58.039+0000] {processor.py:925} INFO - DAG(s) 'example_python_decorator' retrieved from /home/airflow/.local/lib/python3.11/site-packages/airflow/example_dags/example_python_decorator.py
[2024-10-29T19:05:58.052+0000] {logging_mixin.py:190} INFO - [2024-10-29T19:05:58.052+0000] {dag.py:3239} INFO - Sync 1 DAGs
[2024-10-29T19:05:58.059+0000] {logging_mixin.py:190} INFO - [2024-10-29T19:05:58.059+0000] {dag.py:4180} INFO - Setting next_dagrun for example_python_decorator to None, run_after=None
[2024-10-29T19:05:58.069+0000] {processor.py:208} INFO - Processing /home/airflow/.local/lib/python3.11/site-packages/airflow/example_dags/example_python_decorator.py took 0.047 seconds
[2024-10-29T19:23:17.954+0000] {processor.py:186} INFO - Started process (PID=1619) to work on /home/airflow/.local/lib/python3.11/site-packages/airflow/example_dags/example_python_decorator.py
[2024-10-29T19:23:17.955+0000] {processor.py:914} INFO - Processing file /home/airflow/.local/lib/python3.11/site-packages/airflow/example_dags/example_python_decorator.py for tasks to queue
[2024-10-29T19:23:17.956+0000] {logging_mixin.py:190} INFO - [2024-10-29T19:23:17.956+0000] {dagbag.py:588} INFO - Filling up the DagBag from /home/airflow/.local/lib/python3.11/site-packages/airflow/example_dags/example_python_decorator.py
[2024-10-29T19:23:17.964+0000] {processor.py:925} INFO - DAG(s) 'example_python_decorator' retrieved from /home/airflow/.local/lib/python3.11/site-packages/airflow/example_dags/example_python_decorator.py
[2024-10-29T19:23:17.975+0000] {logging_mixin.py:190} INFO - [2024-10-29T19:23:17.975+0000] {dag.py:3239} INFO - Sync 1 DAGs
[2024-10-29T19:23:17.982+0000] {logging_mixin.py:190} INFO - [2024-10-29T19:23:17.982+0000] {dag.py:4180} INFO - Setting next_dagrun for example_python_decorator to None, run_after=None
[2024-10-29T19:23:17.990+0000] {processor.py:208} INFO - Processing /home/airflow/.local/lib/python3.11/site-packages/airflow/example_dags/example_python_decorator.py took 0.039 seconds
[2024-10-29T20:00:04.193+0000] {processor.py:186} INFO - Started process (PID=1682) to work on /home/airflow/.local/lib/python3.11/site-packages/airflow/example_dags/example_python_decorator.py
[2024-10-29T20:00:04.195+0000] {processor.py:914} INFO - Processing file /home/airflow/.local/lib/python3.11/site-packages/airflow/example_dags/example_python_decorator.py for tasks to queue
[2024-10-29T20:00:04.198+0000] {logging_mixin.py:190} INFO - [2024-10-29T20:00:04.197+0000] {dagbag.py:588} INFO - Filling up the DagBag from /home/airflow/.local/lib/python3.11/site-packages/airflow/example_dags/example_python_decorator.py
[2024-10-29T20:00:04.210+0000] {processor.py:925} INFO - DAG(s) 'example_python_decorator' retrieved from /home/airflow/.local/lib/python3.11/site-packages/airflow/example_dags/example_python_decorator.py
[2024-10-29T20:00:04.231+0000] {logging_mixin.py:190} INFO - [2024-10-29T20:00:04.231+0000] {dag.py:3239} INFO - Sync 1 DAGs
[2024-10-29T20:00:04.242+0000] {logging_mixin.py:190} INFO - [2024-10-29T20:00:04.242+0000] {dag.py:4180} INFO - Setting next_dagrun for example_python_decorator to None, run_after=None
[2024-10-29T20:00:04.251+0000] {processor.py:208} INFO - Processing /home/airflow/.local/lib/python3.11/site-packages/airflow/example_dags/example_python_decorator.py took 0.066 seconds
[2024-10-29T20:32:00.915+0000] {processor.py:186} INFO - Started process (PID=1745) to work on /home/airflow/.local/lib/python3.11/site-packages/airflow/example_dags/example_python_decorator.py
[2024-10-29T20:32:00.915+0000] {processor.py:914} INFO - Processing file /home/airflow/.local/lib/python3.11/site-packages/airflow/example_dags/example_python_decorator.py for tasks to queue
[2024-10-29T20:32:00.917+0000] {logging_mixin.py:190} INFO - [2024-10-29T20:32:00.917+0000] {dagbag.py:588} INFO - Filling up the DagBag from /home/airflow/.local/lib/python3.11/site-packages/airflow/example_dags/example_python_decorator.py
[2024-10-29T20:32:00.928+0000] {processor.py:925} INFO - DAG(s) 'example_python_decorator' retrieved from /home/airflow/.local/lib/python3.11/site-packages/airflow/example_dags/example_python_decorator.py
[2024-10-29T20:32:00.942+0000] {logging_mixin.py:190} INFO - [2024-10-29T20:32:00.942+0000] {dag.py:3239} INFO - Sync 1 DAGs
[2024-10-29T20:32:00.949+0000] {logging_mixin.py:190} INFO - [2024-10-29T20:32:00.948+0000] {dag.py:4180} INFO - Setting next_dagrun for example_python_decorator to None, run_after=None
[2024-10-29T20:32:00.958+0000] {processor.py:208} INFO - Processing /home/airflow/.local/lib/python3.11/site-packages/airflow/example_dags/example_python_decorator.py took 0.048 seconds
[2024-10-29T20:58:59.406+0000] {processor.py:186} INFO - Started process (PID=1808) to work on /home/airflow/.local/lib/python3.11/site-packages/airflow/example_dags/example_python_decorator.py
[2024-10-29T20:58:59.407+0000] {processor.py:914} INFO - Processing file /home/airflow/.local/lib/python3.11/site-packages/airflow/example_dags/example_python_decorator.py for tasks to queue
[2024-10-29T20:58:59.408+0000] {logging_mixin.py:190} INFO - [2024-10-29T20:58:59.408+0000] {dagbag.py:588} INFO - Filling up the DagBag from /home/airflow/.local/lib/python3.11/site-packages/airflow/example_dags/example_python_decorator.py
[2024-10-29T20:58:59.416+0000] {processor.py:925} INFO - DAG(s) 'example_python_decorator' retrieved from /home/airflow/.local/lib/python3.11/site-packages/airflow/example_dags/example_python_decorator.py
[2024-10-29T20:58:59.428+0000] {logging_mixin.py:190} INFO - [2024-10-29T20:58:59.428+0000] {dag.py:3239} INFO - Sync 1 DAGs
[2024-10-29T20:58:59.436+0000] {logging_mixin.py:190} INFO - [2024-10-29T20:58:59.436+0000] {dag.py:4180} INFO - Setting next_dagrun for example_python_decorator to None, run_after=None
[2024-10-29T20:58:59.450+0000] {processor.py:208} INFO - Processing /home/airflow/.local/lib/python3.11/site-packages/airflow/example_dags/example_python_decorator.py took 0.048 seconds
[2024-10-29T21:40:53.338+0000] {processor.py:186} INFO - Started process (PID=1871) to work on /home/airflow/.local/lib/python3.11/site-packages/airflow/example_dags/example_python_decorator.py
[2024-10-29T21:40:53.339+0000] {processor.py:914} INFO - Processing file /home/airflow/.local/lib/python3.11/site-packages/airflow/example_dags/example_python_decorator.py for tasks to queue
[2024-10-29T21:40:53.340+0000] {logging_mixin.py:190} INFO - [2024-10-29T21:40:53.340+0000] {dagbag.py:588} INFO - Filling up the DagBag from /home/airflow/.local/lib/python3.11/site-packages/airflow/example_dags/example_python_decorator.py
[2024-10-29T21:40:53.349+0000] {processor.py:925} INFO - DAG(s) 'example_python_decorator' retrieved from /home/airflow/.local/lib/python3.11/site-packages/airflow/example_dags/example_python_decorator.py
[2024-10-29T21:40:53.360+0000] {logging_mixin.py:190} INFO - [2024-10-29T21:40:53.360+0000] {dag.py:3239} INFO - Sync 1 DAGs
[2024-10-29T21:40:53.367+0000] {logging_mixin.py:190} INFO - [2024-10-29T21:40:53.367+0000] {dag.py:4180} INFO - Setting next_dagrun for example_python_decorator to None, run_after=None
[2024-10-29T21:40:53.375+0000] {processor.py:208} INFO - Processing /home/airflow/.local/lib/python3.11/site-packages/airflow/example_dags/example_python_decorator.py took 0.041 seconds
[2024-10-29T22:49:28.076+0000] {processor.py:186} INFO - Started process (PID=1934) to work on /home/airflow/.local/lib/python3.11/site-packages/airflow/example_dags/example_python_decorator.py
[2024-10-29T22:49:28.077+0000] {processor.py:914} INFO - Processing file /home/airflow/.local/lib/python3.11/site-packages/airflow/example_dags/example_python_decorator.py for tasks to queue
[2024-10-29T22:49:28.078+0000] {logging_mixin.py:190} INFO - [2024-10-29T22:49:28.078+0000] {dagbag.py:588} INFO - Filling up the DagBag from /home/airflow/.local/lib/python3.11/site-packages/airflow/example_dags/example_python_decorator.py
[2024-10-29T22:49:28.086+0000] {processor.py:925} INFO - DAG(s) 'example_python_decorator' retrieved from /home/airflow/.local/lib/python3.11/site-packages/airflow/example_dags/example_python_decorator.py
[2024-10-29T22:49:28.097+0000] {logging_mixin.py:190} INFO - [2024-10-29T22:49:28.097+0000] {dag.py:3239} INFO - Sync 1 DAGs
[2024-10-29T22:49:28.103+0000] {logging_mixin.py:190} INFO - [2024-10-29T22:49:28.103+0000] {dag.py:4180} INFO - Setting next_dagrun for example_python_decorator to None, run_after=None
[2024-10-29T22:49:28.111+0000] {processor.py:208} INFO - Processing /home/airflow/.local/lib/python3.11/site-packages/airflow/example_dags/example_python_decorator.py took 0.038 seconds
[2024-10-29T23:03:28.228+0000] {processor.py:186} INFO - Started process (PID=1997) to work on /home/airflow/.local/lib/python3.11/site-packages/airflow/example_dags/example_python_decorator.py
[2024-10-29T23:03:28.229+0000] {processor.py:914} INFO - Processing file /home/airflow/.local/lib/python3.11/site-packages/airflow/example_dags/example_python_decorator.py for tasks to queue
[2024-10-29T23:03:28.231+0000] {logging_mixin.py:190} INFO - [2024-10-29T23:03:28.231+0000] {dagbag.py:588} INFO - Filling up the DagBag from /home/airflow/.local/lib/python3.11/site-packages/airflow/example_dags/example_python_decorator.py
[2024-10-29T23:03:28.246+0000] {processor.py:925} INFO - DAG(s) 'example_python_decorator' retrieved from /home/airflow/.local/lib/python3.11/site-packages/airflow/example_dags/example_python_decorator.py
[2024-10-29T23:03:28.268+0000] {logging_mixin.py:190} INFO - [2024-10-29T23:03:28.268+0000] {dag.py:3239} INFO - Sync 1 DAGs
[2024-10-29T23:03:28.281+0000] {logging_mixin.py:190} INFO - [2024-10-29T23:03:28.281+0000] {dag.py:4180} INFO - Setting next_dagrun for example_python_decorator to None, run_after=None
[2024-10-29T23:03:28.295+0000] {processor.py:208} INFO - Processing /home/airflow/.local/lib/python3.11/site-packages/airflow/example_dags/example_python_decorator.py took 0.071 seconds
