[2024-10-29T00:50:14.855+0000] {processor.py:186} INFO - Started process (PID=47645) to work on /home/airflow/.local/lib/python3.11/site-packages/airflow/example_dags/example_params_trigger_ui.py
[2024-10-29T00:50:14.855+0000] {processor.py:914} INFO - Processing file /home/airflow/.local/lib/python3.11/site-packages/airflow/example_dags/example_params_trigger_ui.py for tasks to queue
[2024-10-29T00:50:14.857+0000] {logging_mixin.py:190} INFO - [2024-10-29T00:50:14.857+0000] {dagbag.py:588} INFO - Filling up the DagBag from /home/airflow/.local/lib/python3.11/site-packages/airflow/example_dags/example_params_trigger_ui.py
[2024-10-29T00:50:14.866+0000] {processor.py:925} INFO - DAG(s) 'example_params_trigger_ui' retrieved from /home/airflow/.local/lib/python3.11/site-packages/airflow/example_dags/example_params_trigger_ui.py
[2024-10-29T00:50:14.905+0000] {logging_mixin.py:190} INFO - [2024-10-29T00:50:14.905+0000] {dag.py:3239} INFO - Sync 1 DAGs
[2024-10-29T00:50:14.920+0000] {logging_mixin.py:190} INFO - [2024-10-29T00:50:14.920+0000] {dag.py:4180} INFO - Setting next_dagrun for example_params_trigger_ui to None, run_after=None
[2024-10-29T00:50:14.935+0000] {processor.py:208} INFO - Processing /home/airflow/.local/lib/python3.11/site-packages/airflow/example_dags/example_params_trigger_ui.py took 0.086 seconds
[2024-10-29T02:13:54.312+0000] {processor.py:186} INFO - Started process (PID=47708) to work on /home/airflow/.local/lib/python3.11/site-packages/airflow/example_dags/example_params_trigger_ui.py
[2024-10-29T02:13:54.313+0000] {processor.py:914} INFO - Processing file /home/airflow/.local/lib/python3.11/site-packages/airflow/example_dags/example_params_trigger_ui.py for tasks to queue
[2024-10-29T02:13:54.315+0000] {logging_mixin.py:190} INFO - [2024-10-29T02:13:54.315+0000] {dagbag.py:588} INFO - Filling up the DagBag from /home/airflow/.local/lib/python3.11/site-packages/airflow/example_dags/example_params_trigger_ui.py
[2024-10-29T02:13:54.334+0000] {processor.py:925} INFO - DAG(s) 'example_params_trigger_ui' retrieved from /home/airflow/.local/lib/python3.11/site-packages/airflow/example_dags/example_params_trigger_ui.py
[2024-10-29T02:13:54.466+0000] {logging_mixin.py:190} INFO - [2024-10-29T02:13:54.466+0000] {dag.py:3239} INFO - Sync 1 DAGs
[2024-10-29T02:13:54.475+0000] {logging_mixin.py:190} INFO - [2024-10-29T02:13:54.475+0000] {dag.py:4180} INFO - Setting next_dagrun for example_params_trigger_ui to None, run_after=None
[2024-10-29T02:13:54.485+0000] {processor.py:208} INFO - Processing /home/airflow/.local/lib/python3.11/site-packages/airflow/example_dags/example_params_trigger_ui.py took 0.176 seconds
[2024-10-29T02:45:23.461+0000] {processor.py:186} INFO - Started process (PID=47771) to work on /home/airflow/.local/lib/python3.11/site-packages/airflow/example_dags/example_params_trigger_ui.py
[2024-10-29T02:45:23.462+0000] {processor.py:914} INFO - Processing file /home/airflow/.local/lib/python3.11/site-packages/airflow/example_dags/example_params_trigger_ui.py for tasks to queue
[2024-10-29T02:45:23.463+0000] {logging_mixin.py:190} INFO - [2024-10-29T02:45:23.463+0000] {dagbag.py:588} INFO - Filling up the DagBag from /home/airflow/.local/lib/python3.11/site-packages/airflow/example_dags/example_params_trigger_ui.py
[2024-10-29T02:45:23.470+0000] {processor.py:925} INFO - DAG(s) 'example_params_trigger_ui' retrieved from /home/airflow/.local/lib/python3.11/site-packages/airflow/example_dags/example_params_trigger_ui.py
[2024-10-29T02:45:23.491+0000] {logging_mixin.py:190} INFO - [2024-10-29T02:45:23.490+0000] {dag.py:3239} INFO - Sync 1 DAGs
[2024-10-29T02:45:23.497+0000] {logging_mixin.py:190} INFO - [2024-10-29T02:45:23.497+0000] {dag.py:4180} INFO - Setting next_dagrun for example_params_trigger_ui to None, run_after=None
[2024-10-29T02:45:23.505+0000] {processor.py:208} INFO - Processing /home/airflow/.local/lib/python3.11/site-packages/airflow/example_dags/example_params_trigger_ui.py took 0.047 seconds
[2024-10-29T03:18:14.578+0000] {processor.py:186} INFO - Started process (PID=47834) to work on /home/airflow/.local/lib/python3.11/site-packages/airflow/example_dags/example_params_trigger_ui.py
[2024-10-29T03:18:14.580+0000] {processor.py:914} INFO - Processing file /home/airflow/.local/lib/python3.11/site-packages/airflow/example_dags/example_params_trigger_ui.py for tasks to queue
[2024-10-29T03:18:14.581+0000] {logging_mixin.py:190} INFO - [2024-10-29T03:18:14.581+0000] {dagbag.py:588} INFO - Filling up the DagBag from /home/airflow/.local/lib/python3.11/site-packages/airflow/example_dags/example_params_trigger_ui.py
[2024-10-29T03:18:14.587+0000] {processor.py:925} INFO - DAG(s) 'example_params_trigger_ui' retrieved from /home/airflow/.local/lib/python3.11/site-packages/airflow/example_dags/example_params_trigger_ui.py
[2024-10-29T03:18:14.607+0000] {logging_mixin.py:190} INFO - [2024-10-29T03:18:14.607+0000] {dag.py:3239} INFO - Sync 1 DAGs
[2024-10-29T03:18:14.614+0000] {logging_mixin.py:190} INFO - [2024-10-29T03:18:14.614+0000] {dag.py:4180} INFO - Setting next_dagrun for example_params_trigger_ui to None, run_after=None
[2024-10-29T03:18:14.623+0000] {processor.py:208} INFO - Processing /home/airflow/.local/lib/python3.11/site-packages/airflow/example_dags/example_params_trigger_ui.py took 0.048 seconds
[2024-10-29T03:45:36.904+0000] {processor.py:186} INFO - Started process (PID=47897) to work on /home/airflow/.local/lib/python3.11/site-packages/airflow/example_dags/example_params_trigger_ui.py
[2024-10-29T03:45:36.905+0000] {processor.py:914} INFO - Processing file /home/airflow/.local/lib/python3.11/site-packages/airflow/example_dags/example_params_trigger_ui.py for tasks to queue
[2024-10-29T03:45:36.906+0000] {logging_mixin.py:190} INFO - [2024-10-29T03:45:36.906+0000] {dagbag.py:588} INFO - Filling up the DagBag from /home/airflow/.local/lib/python3.11/site-packages/airflow/example_dags/example_params_trigger_ui.py
[2024-10-29T03:45:36.913+0000] {processor.py:925} INFO - DAG(s) 'example_params_trigger_ui' retrieved from /home/airflow/.local/lib/python3.11/site-packages/airflow/example_dags/example_params_trigger_ui.py
[2024-10-29T03:45:36.934+0000] {logging_mixin.py:190} INFO - [2024-10-29T03:45:36.934+0000] {dag.py:3239} INFO - Sync 1 DAGs
[2024-10-29T03:45:36.942+0000] {logging_mixin.py:190} INFO - [2024-10-29T03:45:36.942+0000] {dag.py:4180} INFO - Setting next_dagrun for example_params_trigger_ui to None, run_after=None
[2024-10-29T03:45:36.953+0000] {processor.py:208} INFO - Processing /home/airflow/.local/lib/python3.11/site-packages/airflow/example_dags/example_params_trigger_ui.py took 0.052 seconds
[2024-10-29T04:34:59.849+0000] {processor.py:186} INFO - Started process (PID=47959) to work on /home/airflow/.local/lib/python3.11/site-packages/airflow/example_dags/example_params_trigger_ui.py
[2024-10-29T04:34:59.850+0000] {processor.py:914} INFO - Processing file /home/airflow/.local/lib/python3.11/site-packages/airflow/example_dags/example_params_trigger_ui.py for tasks to queue
[2024-10-29T04:34:59.851+0000] {logging_mixin.py:190} INFO - [2024-10-29T04:34:59.851+0000] {dagbag.py:588} INFO - Filling up the DagBag from /home/airflow/.local/lib/python3.11/site-packages/airflow/example_dags/example_params_trigger_ui.py
[2024-10-29T04:34:59.858+0000] {processor.py:925} INFO - DAG(s) 'example_params_trigger_ui' retrieved from /home/airflow/.local/lib/python3.11/site-packages/airflow/example_dags/example_params_trigger_ui.py
[2024-10-29T04:34:59.880+0000] {logging_mixin.py:190} INFO - [2024-10-29T04:34:59.880+0000] {dag.py:3239} INFO - Sync 1 DAGs
[2024-10-29T04:34:59.887+0000] {logging_mixin.py:190} INFO - [2024-10-29T04:34:59.887+0000] {dag.py:4180} INFO - Setting next_dagrun for example_params_trigger_ui to None, run_after=None
[2024-10-29T04:34:59.896+0000] {processor.py:208} INFO - Processing /home/airflow/.local/lib/python3.11/site-packages/airflow/example_dags/example_params_trigger_ui.py took 0.051 seconds
[2024-10-29T04:59:49.830+0000] {processor.py:186} INFO - Started process (PID=48022) to work on /home/airflow/.local/lib/python3.11/site-packages/airflow/example_dags/example_params_trigger_ui.py
[2024-10-29T04:59:49.831+0000] {processor.py:914} INFO - Processing file /home/airflow/.local/lib/python3.11/site-packages/airflow/example_dags/example_params_trigger_ui.py for tasks to queue
[2024-10-29T04:59:49.833+0000] {logging_mixin.py:190} INFO - [2024-10-29T04:59:49.833+0000] {dagbag.py:588} INFO - Filling up the DagBag from /home/airflow/.local/lib/python3.11/site-packages/airflow/example_dags/example_params_trigger_ui.py
[2024-10-29T04:59:49.842+0000] {processor.py:925} INFO - DAG(s) 'example_params_trigger_ui' retrieved from /home/airflow/.local/lib/python3.11/site-packages/airflow/example_dags/example_params_trigger_ui.py
[2024-10-29T04:59:49.870+0000] {logging_mixin.py:190} INFO - [2024-10-29T04:59:49.870+0000] {dag.py:3239} INFO - Sync 1 DAGs
[2024-10-29T04:59:49.877+0000] {logging_mixin.py:190} INFO - [2024-10-29T04:59:49.877+0000] {dag.py:4180} INFO - Setting next_dagrun for example_params_trigger_ui to None, run_after=None
[2024-10-29T04:59:49.887+0000] {processor.py:208} INFO - Processing /home/airflow/.local/lib/python3.11/site-packages/airflow/example_dags/example_params_trigger_ui.py took 0.062 seconds
[2024-10-29T05:52:14.100+0000] {processor.py:186} INFO - Started process (PID=48084) to work on /home/airflow/.local/lib/python3.11/site-packages/airflow/example_dags/example_params_trigger_ui.py
[2024-10-29T05:52:14.100+0000] {processor.py:914} INFO - Processing file /home/airflow/.local/lib/python3.11/site-packages/airflow/example_dags/example_params_trigger_ui.py for tasks to queue
[2024-10-29T05:52:14.102+0000] {logging_mixin.py:190} INFO - [2024-10-29T05:52:14.101+0000] {dagbag.py:588} INFO - Filling up the DagBag from /home/airflow/.local/lib/python3.11/site-packages/airflow/example_dags/example_params_trigger_ui.py
[2024-10-29T05:52:14.107+0000] {processor.py:925} INFO - DAG(s) 'example_params_trigger_ui' retrieved from /home/airflow/.local/lib/python3.11/site-packages/airflow/example_dags/example_params_trigger_ui.py
[2024-10-29T05:52:14.128+0000] {logging_mixin.py:190} INFO - [2024-10-29T05:52:14.128+0000] {dag.py:3239} INFO - Sync 1 DAGs
[2024-10-29T05:52:14.136+0000] {logging_mixin.py:190} INFO - [2024-10-29T05:52:14.136+0000] {dag.py:4180} INFO - Setting next_dagrun for example_params_trigger_ui to None, run_after=None
[2024-10-29T05:52:14.146+0000] {processor.py:208} INFO - Processing /home/airflow/.local/lib/python3.11/site-packages/airflow/example_dags/example_params_trigger_ui.py took 0.050 seconds
[2024-10-29T06:31:00.842+0000] {processor.py:186} INFO - Started process (PID=48147) to work on /home/airflow/.local/lib/python3.11/site-packages/airflow/example_dags/example_params_trigger_ui.py
[2024-10-29T06:31:00.843+0000] {processor.py:914} INFO - Processing file /home/airflow/.local/lib/python3.11/site-packages/airflow/example_dags/example_params_trigger_ui.py for tasks to queue
[2024-10-29T06:31:00.844+0000] {logging_mixin.py:190} INFO - [2024-10-29T06:31:00.844+0000] {dagbag.py:588} INFO - Filling up the DagBag from /home/airflow/.local/lib/python3.11/site-packages/airflow/example_dags/example_params_trigger_ui.py
[2024-10-29T06:31:00.850+0000] {processor.py:925} INFO - DAG(s) 'example_params_trigger_ui' retrieved from /home/airflow/.local/lib/python3.11/site-packages/airflow/example_dags/example_params_trigger_ui.py
[2024-10-29T06:31:00.867+0000] {logging_mixin.py:190} INFO - [2024-10-29T06:31:00.867+0000] {dag.py:3239} INFO - Sync 1 DAGs
[2024-10-29T06:31:00.874+0000] {logging_mixin.py:190} INFO - [2024-10-29T06:31:00.873+0000] {dag.py:4180} INFO - Setting next_dagrun for example_params_trigger_ui to None, run_after=None
[2024-10-29T06:31:00.885+0000] {processor.py:208} INFO - Processing /home/airflow/.local/lib/python3.11/site-packages/airflow/example_dags/example_params_trigger_ui.py took 0.046 seconds
[2024-10-29T07:20:00.049+0000] {processor.py:186} INFO - Started process (PID=48209) to work on /home/airflow/.local/lib/python3.11/site-packages/airflow/example_dags/example_params_trigger_ui.py
[2024-10-29T07:20:00.051+0000] {processor.py:914} INFO - Processing file /home/airflow/.local/lib/python3.11/site-packages/airflow/example_dags/example_params_trigger_ui.py for tasks to queue
[2024-10-29T07:20:00.058+0000] {logging_mixin.py:190} INFO - [2024-10-29T07:20:00.057+0000] {dagbag.py:588} INFO - Filling up the DagBag from /home/airflow/.local/lib/python3.11/site-packages/airflow/example_dags/example_params_trigger_ui.py
[2024-10-29T07:20:00.068+0000] {processor.py:925} INFO - DAG(s) 'example_params_trigger_ui' retrieved from /home/airflow/.local/lib/python3.11/site-packages/airflow/example_dags/example_params_trigger_ui.py
[2024-10-29T07:20:00.092+0000] {logging_mixin.py:190} INFO - [2024-10-29T07:20:00.092+0000] {dag.py:3239} INFO - Sync 1 DAGs
[2024-10-29T07:20:00.105+0000] {logging_mixin.py:190} INFO - [2024-10-29T07:20:00.105+0000] {dag.py:4180} INFO - Setting next_dagrun for example_params_trigger_ui to None, run_after=None
[2024-10-29T07:20:00.114+0000] {processor.py:208} INFO - Processing /home/airflow/.local/lib/python3.11/site-packages/airflow/example_dags/example_params_trigger_ui.py took 0.074 seconds
[2024-10-29T07:59:20.530+0000] {processor.py:186} INFO - Started process (PID=48272) to work on /home/airflow/.local/lib/python3.11/site-packages/airflow/example_dags/example_params_trigger_ui.py
[2024-10-29T07:59:20.533+0000] {processor.py:914} INFO - Processing file /home/airflow/.local/lib/python3.11/site-packages/airflow/example_dags/example_params_trigger_ui.py for tasks to queue
[2024-10-29T07:59:20.537+0000] {logging_mixin.py:190} INFO - [2024-10-29T07:59:20.536+0000] {dagbag.py:588} INFO - Filling up the DagBag from /home/airflow/.local/lib/python3.11/site-packages/airflow/example_dags/example_params_trigger_ui.py
[2024-10-29T07:59:20.547+0000] {processor.py:925} INFO - DAG(s) 'example_params_trigger_ui' retrieved from /home/airflow/.local/lib/python3.11/site-packages/airflow/example_dags/example_params_trigger_ui.py
[2024-10-29T07:59:20.569+0000] {logging_mixin.py:190} INFO - [2024-10-29T07:59:20.568+0000] {dag.py:3239} INFO - Sync 1 DAGs
[2024-10-29T07:59:20.580+0000] {logging_mixin.py:190} INFO - [2024-10-29T07:59:20.579+0000] {dag.py:4180} INFO - Setting next_dagrun for example_params_trigger_ui to None, run_after=None
[2024-10-29T07:59:20.599+0000] {processor.py:208} INFO - Processing /home/airflow/.local/lib/python3.11/site-packages/airflow/example_dags/example_params_trigger_ui.py took 0.078 seconds
[2024-10-29T07:59:51.544+0000] {processor.py:186} INFO - Started process (PID=48336) to work on /home/airflow/.local/lib/python3.11/site-packages/airflow/example_dags/example_params_trigger_ui.py
[2024-10-29T07:59:51.545+0000] {processor.py:914} INFO - Processing file /home/airflow/.local/lib/python3.11/site-packages/airflow/example_dags/example_params_trigger_ui.py for tasks to queue
[2024-10-29T07:59:51.546+0000] {logging_mixin.py:190} INFO - [2024-10-29T07:59:51.546+0000] {dagbag.py:588} INFO - Filling up the DagBag from /home/airflow/.local/lib/python3.11/site-packages/airflow/example_dags/example_params_trigger_ui.py
[2024-10-29T07:59:51.552+0000] {processor.py:925} INFO - DAG(s) 'example_params_trigger_ui' retrieved from /home/airflow/.local/lib/python3.11/site-packages/airflow/example_dags/example_params_trigger_ui.py
[2024-10-29T07:59:51.573+0000] {logging_mixin.py:190} INFO - [2024-10-29T07:59:51.573+0000] {dag.py:3239} INFO - Sync 1 DAGs
[2024-10-29T07:59:51.580+0000] {logging_mixin.py:190} INFO - [2024-10-29T07:59:51.580+0000] {dag.py:4180} INFO - Setting next_dagrun for example_params_trigger_ui to None, run_after=None
[2024-10-29T07:59:51.589+0000] {processor.py:208} INFO - Processing /home/airflow/.local/lib/python3.11/site-packages/airflow/example_dags/example_params_trigger_ui.py took 0.049 seconds
[2024-10-29T08:00:21.855+0000] {processor.py:186} INFO - Started process (PID=48399) to work on /home/airflow/.local/lib/python3.11/site-packages/airflow/example_dags/example_params_trigger_ui.py
[2024-10-29T08:00:21.856+0000] {processor.py:914} INFO - Processing file /home/airflow/.local/lib/python3.11/site-packages/airflow/example_dags/example_params_trigger_ui.py for tasks to queue
[2024-10-29T08:00:21.857+0000] {logging_mixin.py:190} INFO - [2024-10-29T08:00:21.857+0000] {dagbag.py:588} INFO - Filling up the DagBag from /home/airflow/.local/lib/python3.11/site-packages/airflow/example_dags/example_params_trigger_ui.py
[2024-10-29T08:00:21.863+0000] {processor.py:925} INFO - DAG(s) 'example_params_trigger_ui' retrieved from /home/airflow/.local/lib/python3.11/site-packages/airflow/example_dags/example_params_trigger_ui.py
[2024-10-29T08:00:21.882+0000] {logging_mixin.py:190} INFO - [2024-10-29T08:00:21.882+0000] {dag.py:3239} INFO - Sync 1 DAGs
[2024-10-29T08:00:21.890+0000] {logging_mixin.py:190} INFO - [2024-10-29T08:00:21.889+0000] {dag.py:4180} INFO - Setting next_dagrun for example_params_trigger_ui to None, run_after=None
[2024-10-29T08:00:21.898+0000] {processor.py:208} INFO - Processing /home/airflow/.local/lib/python3.11/site-packages/airflow/example_dags/example_params_trigger_ui.py took 0.046 seconds
[2024-10-29T08:00:52.216+0000] {processor.py:186} INFO - Started process (PID=48462) to work on /home/airflow/.local/lib/python3.11/site-packages/airflow/example_dags/example_params_trigger_ui.py
[2024-10-29T08:00:52.217+0000] {processor.py:914} INFO - Processing file /home/airflow/.local/lib/python3.11/site-packages/airflow/example_dags/example_params_trigger_ui.py for tasks to queue
[2024-10-29T08:00:52.218+0000] {logging_mixin.py:190} INFO - [2024-10-29T08:00:52.218+0000] {dagbag.py:588} INFO - Filling up the DagBag from /home/airflow/.local/lib/python3.11/site-packages/airflow/example_dags/example_params_trigger_ui.py
[2024-10-29T08:00:52.225+0000] {processor.py:925} INFO - DAG(s) 'example_params_trigger_ui' retrieved from /home/airflow/.local/lib/python3.11/site-packages/airflow/example_dags/example_params_trigger_ui.py
[2024-10-29T08:00:52.244+0000] {logging_mixin.py:190} INFO - [2024-10-29T08:00:52.244+0000] {dag.py:3239} INFO - Sync 1 DAGs
[2024-10-29T08:00:52.252+0000] {logging_mixin.py:190} INFO - [2024-10-29T08:00:52.251+0000] {dag.py:4180} INFO - Setting next_dagrun for example_params_trigger_ui to None, run_after=None
[2024-10-29T08:00:52.260+0000] {processor.py:208} INFO - Processing /home/airflow/.local/lib/python3.11/site-packages/airflow/example_dags/example_params_trigger_ui.py took 0.047 seconds
[2024-10-29T08:01:23.043+0000] {processor.py:186} INFO - Started process (PID=48525) to work on /home/airflow/.local/lib/python3.11/site-packages/airflow/example_dags/example_params_trigger_ui.py
[2024-10-29T08:01:23.043+0000] {processor.py:914} INFO - Processing file /home/airflow/.local/lib/python3.11/site-packages/airflow/example_dags/example_params_trigger_ui.py for tasks to queue
[2024-10-29T08:01:23.045+0000] {logging_mixin.py:190} INFO - [2024-10-29T08:01:23.045+0000] {dagbag.py:588} INFO - Filling up the DagBag from /home/airflow/.local/lib/python3.11/site-packages/airflow/example_dags/example_params_trigger_ui.py
[2024-10-29T08:01:23.051+0000] {processor.py:925} INFO - DAG(s) 'example_params_trigger_ui' retrieved from /home/airflow/.local/lib/python3.11/site-packages/airflow/example_dags/example_params_trigger_ui.py
[2024-10-29T08:01:23.070+0000] {logging_mixin.py:190} INFO - [2024-10-29T08:01:23.070+0000] {dag.py:3239} INFO - Sync 1 DAGs
[2024-10-29T08:01:23.080+0000] {logging_mixin.py:190} INFO - [2024-10-29T08:01:23.079+0000] {dag.py:4180} INFO - Setting next_dagrun for example_params_trigger_ui to None, run_after=None
[2024-10-29T08:01:23.088+0000] {processor.py:208} INFO - Processing /home/airflow/.local/lib/python3.11/site-packages/airflow/example_dags/example_params_trigger_ui.py took 0.049 seconds
[2024-10-29T08:01:53.892+0000] {processor.py:186} INFO - Started process (PID=48588) to work on /home/airflow/.local/lib/python3.11/site-packages/airflow/example_dags/example_params_trigger_ui.py
[2024-10-29T08:01:53.893+0000] {processor.py:914} INFO - Processing file /home/airflow/.local/lib/python3.11/site-packages/airflow/example_dags/example_params_trigger_ui.py for tasks to queue
[2024-10-29T08:01:53.894+0000] {logging_mixin.py:190} INFO - [2024-10-29T08:01:53.894+0000] {dagbag.py:588} INFO - Filling up the DagBag from /home/airflow/.local/lib/python3.11/site-packages/airflow/example_dags/example_params_trigger_ui.py
[2024-10-29T08:01:53.907+0000] {processor.py:925} INFO - DAG(s) 'example_params_trigger_ui' retrieved from /home/airflow/.local/lib/python3.11/site-packages/airflow/example_dags/example_params_trigger_ui.py
[2024-10-29T08:01:53.931+0000] {logging_mixin.py:190} INFO - [2024-10-29T08:01:53.930+0000] {dag.py:3239} INFO - Sync 1 DAGs
[2024-10-29T08:01:53.938+0000] {logging_mixin.py:190} INFO - [2024-10-29T08:01:53.937+0000] {dag.py:4180} INFO - Setting next_dagrun for example_params_trigger_ui to None, run_after=None
[2024-10-29T08:01:53.946+0000] {processor.py:208} INFO - Processing /home/airflow/.local/lib/python3.11/site-packages/airflow/example_dags/example_params_trigger_ui.py took 0.057 seconds
[2024-10-29T08:02:24.669+0000] {processor.py:186} INFO - Started process (PID=48651) to work on /home/airflow/.local/lib/python3.11/site-packages/airflow/example_dags/example_params_trigger_ui.py
[2024-10-29T08:02:24.670+0000] {processor.py:914} INFO - Processing file /home/airflow/.local/lib/python3.11/site-packages/airflow/example_dags/example_params_trigger_ui.py for tasks to queue
[2024-10-29T08:02:24.671+0000] {logging_mixin.py:190} INFO - [2024-10-29T08:02:24.671+0000] {dagbag.py:588} INFO - Filling up the DagBag from /home/airflow/.local/lib/python3.11/site-packages/airflow/example_dags/example_params_trigger_ui.py
[2024-10-29T08:02:24.677+0000] {processor.py:925} INFO - DAG(s) 'example_params_trigger_ui' retrieved from /home/airflow/.local/lib/python3.11/site-packages/airflow/example_dags/example_params_trigger_ui.py
[2024-10-29T08:02:24.696+0000] {logging_mixin.py:190} INFO - [2024-10-29T08:02:24.696+0000] {dag.py:3239} INFO - Sync 1 DAGs
[2024-10-29T08:02:24.703+0000] {logging_mixin.py:190} INFO - [2024-10-29T08:02:24.703+0000] {dag.py:4180} INFO - Setting next_dagrun for example_params_trigger_ui to None, run_after=None
[2024-10-29T08:02:24.712+0000] {processor.py:208} INFO - Processing /home/airflow/.local/lib/python3.11/site-packages/airflow/example_dags/example_params_trigger_ui.py took 0.046 seconds
[2024-10-29T08:02:55.180+0000] {processor.py:186} INFO - Started process (PID=48714) to work on /home/airflow/.local/lib/python3.11/site-packages/airflow/example_dags/example_params_trigger_ui.py
[2024-10-29T08:02:55.181+0000] {processor.py:914} INFO - Processing file /home/airflow/.local/lib/python3.11/site-packages/airflow/example_dags/example_params_trigger_ui.py for tasks to queue
[2024-10-29T08:02:55.182+0000] {logging_mixin.py:190} INFO - [2024-10-29T08:02:55.182+0000] {dagbag.py:588} INFO - Filling up the DagBag from /home/airflow/.local/lib/python3.11/site-packages/airflow/example_dags/example_params_trigger_ui.py
[2024-10-29T08:02:55.188+0000] {processor.py:925} INFO - DAG(s) 'example_params_trigger_ui' retrieved from /home/airflow/.local/lib/python3.11/site-packages/airflow/example_dags/example_params_trigger_ui.py
[2024-10-29T08:02:55.209+0000] {logging_mixin.py:190} INFO - [2024-10-29T08:02:55.208+0000] {dag.py:3239} INFO - Sync 1 DAGs
[2024-10-29T08:02:55.217+0000] {logging_mixin.py:190} INFO - [2024-10-29T08:02:55.217+0000] {dag.py:4180} INFO - Setting next_dagrun for example_params_trigger_ui to None, run_after=None
[2024-10-29T08:02:55.226+0000] {processor.py:208} INFO - Processing /home/airflow/.local/lib/python3.11/site-packages/airflow/example_dags/example_params_trigger_ui.py took 0.050 seconds
[2024-10-29T08:03:25.618+0000] {processor.py:186} INFO - Started process (PID=48777) to work on /home/airflow/.local/lib/python3.11/site-packages/airflow/example_dags/example_params_trigger_ui.py
[2024-10-29T08:03:25.619+0000] {processor.py:914} INFO - Processing file /home/airflow/.local/lib/python3.11/site-packages/airflow/example_dags/example_params_trigger_ui.py for tasks to queue
[2024-10-29T08:03:25.621+0000] {logging_mixin.py:190} INFO - [2024-10-29T08:03:25.621+0000] {dagbag.py:588} INFO - Filling up the DagBag from /home/airflow/.local/lib/python3.11/site-packages/airflow/example_dags/example_params_trigger_ui.py
[2024-10-29T08:03:25.627+0000] {processor.py:925} INFO - DAG(s) 'example_params_trigger_ui' retrieved from /home/airflow/.local/lib/python3.11/site-packages/airflow/example_dags/example_params_trigger_ui.py
[2024-10-29T08:03:25.646+0000] {logging_mixin.py:190} INFO - [2024-10-29T08:03:25.646+0000] {dag.py:3239} INFO - Sync 1 DAGs
[2024-10-29T08:03:25.654+0000] {logging_mixin.py:190} INFO - [2024-10-29T08:03:25.653+0000] {dag.py:4180} INFO - Setting next_dagrun for example_params_trigger_ui to None, run_after=None
[2024-10-29T08:03:25.662+0000] {processor.py:208} INFO - Processing /home/airflow/.local/lib/python3.11/site-packages/airflow/example_dags/example_params_trigger_ui.py took 0.047 seconds
[2024-10-29T08:03:56.012+0000] {processor.py:186} INFO - Started process (PID=48840) to work on /home/airflow/.local/lib/python3.11/site-packages/airflow/example_dags/example_params_trigger_ui.py
[2024-10-29T08:03:56.013+0000] {processor.py:914} INFO - Processing file /home/airflow/.local/lib/python3.11/site-packages/airflow/example_dags/example_params_trigger_ui.py for tasks to queue
[2024-10-29T08:03:56.014+0000] {logging_mixin.py:190} INFO - [2024-10-29T08:03:56.014+0000] {dagbag.py:588} INFO - Filling up the DagBag from /home/airflow/.local/lib/python3.11/site-packages/airflow/example_dags/example_params_trigger_ui.py
[2024-10-29T08:03:56.020+0000] {processor.py:925} INFO - DAG(s) 'example_params_trigger_ui' retrieved from /home/airflow/.local/lib/python3.11/site-packages/airflow/example_dags/example_params_trigger_ui.py
[2024-10-29T08:03:56.040+0000] {logging_mixin.py:190} INFO - [2024-10-29T08:03:56.040+0000] {dag.py:3239} INFO - Sync 1 DAGs
[2024-10-29T08:03:56.047+0000] {logging_mixin.py:190} INFO - [2024-10-29T08:03:56.047+0000] {dag.py:4180} INFO - Setting next_dagrun for example_params_trigger_ui to None, run_after=None
[2024-10-29T08:03:56.056+0000] {processor.py:208} INFO - Processing /home/airflow/.local/lib/python3.11/site-packages/airflow/example_dags/example_params_trigger_ui.py took 0.047 seconds
[2024-10-29T08:04:26.563+0000] {processor.py:186} INFO - Started process (PID=48903) to work on /home/airflow/.local/lib/python3.11/site-packages/airflow/example_dags/example_params_trigger_ui.py
[2024-10-29T08:04:26.564+0000] {processor.py:914} INFO - Processing file /home/airflow/.local/lib/python3.11/site-packages/airflow/example_dags/example_params_trigger_ui.py for tasks to queue
[2024-10-29T08:04:26.565+0000] {logging_mixin.py:190} INFO - [2024-10-29T08:04:26.565+0000] {dagbag.py:588} INFO - Filling up the DagBag from /home/airflow/.local/lib/python3.11/site-packages/airflow/example_dags/example_params_trigger_ui.py
[2024-10-29T08:04:26.571+0000] {processor.py:925} INFO - DAG(s) 'example_params_trigger_ui' retrieved from /home/airflow/.local/lib/python3.11/site-packages/airflow/example_dags/example_params_trigger_ui.py
[2024-10-29T08:04:26.590+0000] {logging_mixin.py:190} INFO - [2024-10-29T08:04:26.589+0000] {dag.py:3239} INFO - Sync 1 DAGs
[2024-10-29T08:04:26.597+0000] {logging_mixin.py:190} INFO - [2024-10-29T08:04:26.597+0000] {dag.py:4180} INFO - Setting next_dagrun for example_params_trigger_ui to None, run_after=None
[2024-10-29T08:04:26.606+0000] {processor.py:208} INFO - Processing /home/airflow/.local/lib/python3.11/site-packages/airflow/example_dags/example_params_trigger_ui.py took 0.049 seconds
[2024-10-29T08:04:56.895+0000] {processor.py:186} INFO - Started process (PID=48965) to work on /home/airflow/.local/lib/python3.11/site-packages/airflow/example_dags/example_params_trigger_ui.py
[2024-10-29T08:04:56.895+0000] {processor.py:914} INFO - Processing file /home/airflow/.local/lib/python3.11/site-packages/airflow/example_dags/example_params_trigger_ui.py for tasks to queue
[2024-10-29T08:04:56.897+0000] {logging_mixin.py:190} INFO - [2024-10-29T08:04:56.896+0000] {dagbag.py:588} INFO - Filling up the DagBag from /home/airflow/.local/lib/python3.11/site-packages/airflow/example_dags/example_params_trigger_ui.py
[2024-10-29T08:04:56.902+0000] {processor.py:925} INFO - DAG(s) 'example_params_trigger_ui' retrieved from /home/airflow/.local/lib/python3.11/site-packages/airflow/example_dags/example_params_trigger_ui.py
[2024-10-29T08:04:56.921+0000] {logging_mixin.py:190} INFO - [2024-10-29T08:04:56.921+0000] {dag.py:3239} INFO - Sync 1 DAGs
[2024-10-29T08:04:56.929+0000] {logging_mixin.py:190} INFO - [2024-10-29T08:04:56.929+0000] {dag.py:4180} INFO - Setting next_dagrun for example_params_trigger_ui to None, run_after=None
[2024-10-29T08:04:56.937+0000] {processor.py:208} INFO - Processing /home/airflow/.local/lib/python3.11/site-packages/airflow/example_dags/example_params_trigger_ui.py took 0.046 seconds
[2024-10-29T08:05:27.687+0000] {processor.py:186} INFO - Started process (PID=49028) to work on /home/airflow/.local/lib/python3.11/site-packages/airflow/example_dags/example_params_trigger_ui.py
[2024-10-29T08:05:27.689+0000] {processor.py:914} INFO - Processing file /home/airflow/.local/lib/python3.11/site-packages/airflow/example_dags/example_params_trigger_ui.py for tasks to queue
[2024-10-29T08:05:27.691+0000] {logging_mixin.py:190} INFO - [2024-10-29T08:05:27.691+0000] {dagbag.py:588} INFO - Filling up the DagBag from /home/airflow/.local/lib/python3.11/site-packages/airflow/example_dags/example_params_trigger_ui.py
[2024-10-29T08:05:27.697+0000] {processor.py:925} INFO - DAG(s) 'example_params_trigger_ui' retrieved from /home/airflow/.local/lib/python3.11/site-packages/airflow/example_dags/example_params_trigger_ui.py
[2024-10-29T08:05:27.716+0000] {logging_mixin.py:190} INFO - [2024-10-29T08:05:27.716+0000] {dag.py:3239} INFO - Sync 1 DAGs
[2024-10-29T08:05:27.723+0000] {logging_mixin.py:190} INFO - [2024-10-29T08:05:27.723+0000] {dag.py:4180} INFO - Setting next_dagrun for example_params_trigger_ui to None, run_after=None
[2024-10-29T08:05:27.732+0000] {processor.py:208} INFO - Processing /home/airflow/.local/lib/python3.11/site-packages/airflow/example_dags/example_params_trigger_ui.py took 0.048 seconds
[2024-10-29T08:05:58.068+0000] {processor.py:186} INFO - Started process (PID=49091) to work on /home/airflow/.local/lib/python3.11/site-packages/airflow/example_dags/example_params_trigger_ui.py
[2024-10-29T08:05:58.068+0000] {processor.py:914} INFO - Processing file /home/airflow/.local/lib/python3.11/site-packages/airflow/example_dags/example_params_trigger_ui.py for tasks to queue
[2024-10-29T08:05:58.070+0000] {logging_mixin.py:190} INFO - [2024-10-29T08:05:58.070+0000] {dagbag.py:588} INFO - Filling up the DagBag from /home/airflow/.local/lib/python3.11/site-packages/airflow/example_dags/example_params_trigger_ui.py
[2024-10-29T08:05:58.076+0000] {processor.py:925} INFO - DAG(s) 'example_params_trigger_ui' retrieved from /home/airflow/.local/lib/python3.11/site-packages/airflow/example_dags/example_params_trigger_ui.py
[2024-10-29T08:05:58.095+0000] {logging_mixin.py:190} INFO - [2024-10-29T08:05:58.095+0000] {dag.py:3239} INFO - Sync 1 DAGs
[2024-10-29T08:05:58.102+0000] {logging_mixin.py:190} INFO - [2024-10-29T08:05:58.102+0000] {dag.py:4180} INFO - Setting next_dagrun for example_params_trigger_ui to None, run_after=None
[2024-10-29T08:05:58.111+0000] {processor.py:208} INFO - Processing /home/airflow/.local/lib/python3.11/site-packages/airflow/example_dags/example_params_trigger_ui.py took 0.047 seconds
[2024-10-29T08:06:28.511+0000] {processor.py:186} INFO - Started process (PID=49154) to work on /home/airflow/.local/lib/python3.11/site-packages/airflow/example_dags/example_params_trigger_ui.py
[2024-10-29T08:06:28.512+0000] {processor.py:914} INFO - Processing file /home/airflow/.local/lib/python3.11/site-packages/airflow/example_dags/example_params_trigger_ui.py for tasks to queue
[2024-10-29T08:06:28.513+0000] {logging_mixin.py:190} INFO - [2024-10-29T08:06:28.513+0000] {dagbag.py:588} INFO - Filling up the DagBag from /home/airflow/.local/lib/python3.11/site-packages/airflow/example_dags/example_params_trigger_ui.py
[2024-10-29T08:06:28.520+0000] {processor.py:925} INFO - DAG(s) 'example_params_trigger_ui' retrieved from /home/airflow/.local/lib/python3.11/site-packages/airflow/example_dags/example_params_trigger_ui.py
[2024-10-29T08:06:28.539+0000] {logging_mixin.py:190} INFO - [2024-10-29T08:06:28.539+0000] {dag.py:3239} INFO - Sync 1 DAGs
[2024-10-29T08:06:28.546+0000] {logging_mixin.py:190} INFO - [2024-10-29T08:06:28.546+0000] {dag.py:4180} INFO - Setting next_dagrun for example_params_trigger_ui to None, run_after=None
[2024-10-29T08:06:28.555+0000] {processor.py:208} INFO - Processing /home/airflow/.local/lib/python3.11/site-packages/airflow/example_dags/example_params_trigger_ui.py took 0.048 seconds
[2024-10-29T08:06:58.869+0000] {processor.py:186} INFO - Started process (PID=49217) to work on /home/airflow/.local/lib/python3.11/site-packages/airflow/example_dags/example_params_trigger_ui.py
[2024-10-29T08:06:58.869+0000] {processor.py:914} INFO - Processing file /home/airflow/.local/lib/python3.11/site-packages/airflow/example_dags/example_params_trigger_ui.py for tasks to queue
[2024-10-29T08:06:58.872+0000] {logging_mixin.py:190} INFO - [2024-10-29T08:06:58.871+0000] {dagbag.py:588} INFO - Filling up the DagBag from /home/airflow/.local/lib/python3.11/site-packages/airflow/example_dags/example_params_trigger_ui.py
[2024-10-29T08:06:58.881+0000] {processor.py:925} INFO - DAG(s) 'example_params_trigger_ui' retrieved from /home/airflow/.local/lib/python3.11/site-packages/airflow/example_dags/example_params_trigger_ui.py
[2024-10-29T08:06:58.926+0000] {logging_mixin.py:190} INFO - [2024-10-29T08:06:58.926+0000] {dag.py:3239} INFO - Sync 1 DAGs
[2024-10-29T08:06:58.934+0000] {logging_mixin.py:190} INFO - [2024-10-29T08:06:58.933+0000] {dag.py:4180} INFO - Setting next_dagrun for example_params_trigger_ui to None, run_after=None
[2024-10-29T08:06:58.943+0000] {processor.py:208} INFO - Processing /home/airflow/.local/lib/python3.11/site-packages/airflow/example_dags/example_params_trigger_ui.py took 0.078 seconds
[2024-10-29T08:07:29.655+0000] {processor.py:186} INFO - Started process (PID=49280) to work on /home/airflow/.local/lib/python3.11/site-packages/airflow/example_dags/example_params_trigger_ui.py
[2024-10-29T08:07:29.656+0000] {processor.py:914} INFO - Processing file /home/airflow/.local/lib/python3.11/site-packages/airflow/example_dags/example_params_trigger_ui.py for tasks to queue
[2024-10-29T08:07:29.657+0000] {logging_mixin.py:190} INFO - [2024-10-29T08:07:29.657+0000] {dagbag.py:588} INFO - Filling up the DagBag from /home/airflow/.local/lib/python3.11/site-packages/airflow/example_dags/example_params_trigger_ui.py
[2024-10-29T08:07:29.664+0000] {processor.py:925} INFO - DAG(s) 'example_params_trigger_ui' retrieved from /home/airflow/.local/lib/python3.11/site-packages/airflow/example_dags/example_params_trigger_ui.py
[2024-10-29T08:07:29.686+0000] {logging_mixin.py:190} INFO - [2024-10-29T08:07:29.686+0000] {dag.py:3239} INFO - Sync 1 DAGs
[2024-10-29T08:07:29.694+0000] {logging_mixin.py:190} INFO - [2024-10-29T08:07:29.694+0000] {dag.py:4180} INFO - Setting next_dagrun for example_params_trigger_ui to None, run_after=None
[2024-10-29T08:07:29.702+0000] {processor.py:208} INFO - Processing /home/airflow/.local/lib/python3.11/site-packages/airflow/example_dags/example_params_trigger_ui.py took 0.050 seconds
[2024-10-29T08:08:00.567+0000] {processor.py:186} INFO - Started process (PID=49343) to work on /home/airflow/.local/lib/python3.11/site-packages/airflow/example_dags/example_params_trigger_ui.py
[2024-10-29T08:08:00.568+0000] {processor.py:914} INFO - Processing file /home/airflow/.local/lib/python3.11/site-packages/airflow/example_dags/example_params_trigger_ui.py for tasks to queue
[2024-10-29T08:08:00.569+0000] {logging_mixin.py:190} INFO - [2024-10-29T08:08:00.569+0000] {dagbag.py:588} INFO - Filling up the DagBag from /home/airflow/.local/lib/python3.11/site-packages/airflow/example_dags/example_params_trigger_ui.py
[2024-10-29T08:08:00.575+0000] {processor.py:925} INFO - DAG(s) 'example_params_trigger_ui' retrieved from /home/airflow/.local/lib/python3.11/site-packages/airflow/example_dags/example_params_trigger_ui.py
[2024-10-29T08:08:00.599+0000] {logging_mixin.py:190} INFO - [2024-10-29T08:08:00.598+0000] {dag.py:3239} INFO - Sync 1 DAGs
[2024-10-29T08:08:00.610+0000] {logging_mixin.py:190} INFO - [2024-10-29T08:08:00.609+0000] {dag.py:4180} INFO - Setting next_dagrun for example_params_trigger_ui to None, run_after=None
[2024-10-29T08:08:00.623+0000] {processor.py:208} INFO - Processing /home/airflow/.local/lib/python3.11/site-packages/airflow/example_dags/example_params_trigger_ui.py took 0.060 seconds
[2024-10-29T08:08:31.824+0000] {processor.py:186} INFO - Started process (PID=49406) to work on /home/airflow/.local/lib/python3.11/site-packages/airflow/example_dags/example_params_trigger_ui.py
[2024-10-29T08:08:31.827+0000] {processor.py:914} INFO - Processing file /home/airflow/.local/lib/python3.11/site-packages/airflow/example_dags/example_params_trigger_ui.py for tasks to queue
[2024-10-29T08:08:31.828+0000] {logging_mixin.py:190} INFO - [2024-10-29T08:08:31.828+0000] {dagbag.py:588} INFO - Filling up the DagBag from /home/airflow/.local/lib/python3.11/site-packages/airflow/example_dags/example_params_trigger_ui.py
[2024-10-29T08:08:31.835+0000] {processor.py:925} INFO - DAG(s) 'example_params_trigger_ui' retrieved from /home/airflow/.local/lib/python3.11/site-packages/airflow/example_dags/example_params_trigger_ui.py
[2024-10-29T08:08:31.854+0000] {logging_mixin.py:190} INFO - [2024-10-29T08:08:31.854+0000] {dag.py:3239} INFO - Sync 1 DAGs
[2024-10-29T08:08:31.862+0000] {logging_mixin.py:190} INFO - [2024-10-29T08:08:31.862+0000] {dag.py:4180} INFO - Setting next_dagrun for example_params_trigger_ui to None, run_after=None
[2024-10-29T08:08:31.870+0000] {processor.py:208} INFO - Processing /home/airflow/.local/lib/python3.11/site-packages/airflow/example_dags/example_params_trigger_ui.py took 0.049 seconds
[2024-10-29T08:09:03.353+0000] {processor.py:186} INFO - Started process (PID=49468) to work on /home/airflow/.local/lib/python3.11/site-packages/airflow/example_dags/example_params_trigger_ui.py
[2024-10-29T08:09:03.354+0000] {processor.py:914} INFO - Processing file /home/airflow/.local/lib/python3.11/site-packages/airflow/example_dags/example_params_trigger_ui.py for tasks to queue
[2024-10-29T08:09:03.355+0000] {logging_mixin.py:190} INFO - [2024-10-29T08:09:03.355+0000] {dagbag.py:588} INFO - Filling up the DagBag from /home/airflow/.local/lib/python3.11/site-packages/airflow/example_dags/example_params_trigger_ui.py
[2024-10-29T08:09:03.362+0000] {processor.py:925} INFO - DAG(s) 'example_params_trigger_ui' retrieved from /home/airflow/.local/lib/python3.11/site-packages/airflow/example_dags/example_params_trigger_ui.py
[2024-10-29T08:09:03.381+0000] {logging_mixin.py:190} INFO - [2024-10-29T08:09:03.381+0000] {dag.py:3239} INFO - Sync 1 DAGs
[2024-10-29T08:09:03.388+0000] {logging_mixin.py:190} INFO - [2024-10-29T08:09:03.388+0000] {dag.py:4180} INFO - Setting next_dagrun for example_params_trigger_ui to None, run_after=None
[2024-10-29T08:09:03.397+0000] {processor.py:208} INFO - Processing /home/airflow/.local/lib/python3.11/site-packages/airflow/example_dags/example_params_trigger_ui.py took 0.048 seconds
[2024-10-29T08:09:34.623+0000] {processor.py:186} INFO - Started process (PID=49531) to work on /home/airflow/.local/lib/python3.11/site-packages/airflow/example_dags/example_params_trigger_ui.py
[2024-10-29T08:09:34.624+0000] {processor.py:914} INFO - Processing file /home/airflow/.local/lib/python3.11/site-packages/airflow/example_dags/example_params_trigger_ui.py for tasks to queue
[2024-10-29T08:09:34.626+0000] {logging_mixin.py:190} INFO - [2024-10-29T08:09:34.625+0000] {dagbag.py:588} INFO - Filling up the DagBag from /home/airflow/.local/lib/python3.11/site-packages/airflow/example_dags/example_params_trigger_ui.py
[2024-10-29T08:09:34.632+0000] {processor.py:925} INFO - DAG(s) 'example_params_trigger_ui' retrieved from /home/airflow/.local/lib/python3.11/site-packages/airflow/example_dags/example_params_trigger_ui.py
[2024-10-29T08:09:34.652+0000] {logging_mixin.py:190} INFO - [2024-10-29T08:09:34.652+0000] {dag.py:3239} INFO - Sync 1 DAGs
[2024-10-29T08:09:34.660+0000] {logging_mixin.py:190} INFO - [2024-10-29T08:09:34.659+0000] {dag.py:4180} INFO - Setting next_dagrun for example_params_trigger_ui to None, run_after=None
[2024-10-29T08:09:34.671+0000] {processor.py:208} INFO - Processing /home/airflow/.local/lib/python3.11/site-packages/airflow/example_dags/example_params_trigger_ui.py took 0.052 seconds
[2024-10-29T08:10:05.605+0000] {processor.py:186} INFO - Started process (PID=49594) to work on /home/airflow/.local/lib/python3.11/site-packages/airflow/example_dags/example_params_trigger_ui.py
[2024-10-29T08:10:05.606+0000] {processor.py:914} INFO - Processing file /home/airflow/.local/lib/python3.11/site-packages/airflow/example_dags/example_params_trigger_ui.py for tasks to queue
[2024-10-29T08:10:05.607+0000] {logging_mixin.py:190} INFO - [2024-10-29T08:10:05.607+0000] {dagbag.py:588} INFO - Filling up the DagBag from /home/airflow/.local/lib/python3.11/site-packages/airflow/example_dags/example_params_trigger_ui.py
[2024-10-29T08:10:05.615+0000] {processor.py:925} INFO - DAG(s) 'example_params_trigger_ui' retrieved from /home/airflow/.local/lib/python3.11/site-packages/airflow/example_dags/example_params_trigger_ui.py
[2024-10-29T08:10:05.638+0000] {logging_mixin.py:190} INFO - [2024-10-29T08:10:05.638+0000] {dag.py:3239} INFO - Sync 1 DAGs
[2024-10-29T08:10:05.647+0000] {logging_mixin.py:190} INFO - [2024-10-29T08:10:05.647+0000] {dag.py:4180} INFO - Setting next_dagrun for example_params_trigger_ui to None, run_after=None
[2024-10-29T08:10:05.656+0000] {processor.py:208} INFO - Processing /home/airflow/.local/lib/python3.11/site-packages/airflow/example_dags/example_params_trigger_ui.py took 0.055 seconds
[2024-10-29T08:10:39.913+0000] {processor.py:186} INFO - Started process (PID=49657) to work on /home/airflow/.local/lib/python3.11/site-packages/airflow/example_dags/example_params_trigger_ui.py
[2024-10-29T08:10:39.915+0000] {processor.py:914} INFO - Processing file /home/airflow/.local/lib/python3.11/site-packages/airflow/example_dags/example_params_trigger_ui.py for tasks to queue
[2024-10-29T08:10:39.916+0000] {logging_mixin.py:190} INFO - [2024-10-29T08:10:39.916+0000] {dagbag.py:588} INFO - Filling up the DagBag from /home/airflow/.local/lib/python3.11/site-packages/airflow/example_dags/example_params_trigger_ui.py
[2024-10-29T08:10:39.923+0000] {processor.py:925} INFO - DAG(s) 'example_params_trigger_ui' retrieved from /home/airflow/.local/lib/python3.11/site-packages/airflow/example_dags/example_params_trigger_ui.py
[2024-10-29T08:10:39.947+0000] {logging_mixin.py:190} INFO - [2024-10-29T08:10:39.947+0000] {dag.py:3239} INFO - Sync 1 DAGs
[2024-10-29T08:10:39.957+0000] {logging_mixin.py:190} INFO - [2024-10-29T08:10:39.957+0000] {dag.py:4180} INFO - Setting next_dagrun for example_params_trigger_ui to None, run_after=None
[2024-10-29T08:10:39.966+0000] {processor.py:208} INFO - Processing /home/airflow/.local/lib/python3.11/site-packages/airflow/example_dags/example_params_trigger_ui.py took 0.056 seconds
[2024-10-29T18:53:15.807+0000] {processor.py:186} INFO - Started process (PID=99) to work on /home/airflow/.local/lib/python3.11/site-packages/airflow/example_dags/example_params_trigger_ui.py
[2024-10-29T18:53:15.812+0000] {processor.py:914} INFO - Processing file /home/airflow/.local/lib/python3.11/site-packages/airflow/example_dags/example_params_trigger_ui.py for tasks to queue
[2024-10-29T18:53:15.822+0000] {logging_mixin.py:190} INFO - [2024-10-29T18:53:15.821+0000] {dagbag.py:588} INFO - Filling up the DagBag from /home/airflow/.local/lib/python3.11/site-packages/airflow/example_dags/example_params_trigger_ui.py
[2024-10-29T18:53:15.869+0000] {processor.py:925} INFO - DAG(s) 'example_params_trigger_ui' retrieved from /home/airflow/.local/lib/python3.11/site-packages/airflow/example_dags/example_params_trigger_ui.py
[2024-10-29T18:53:15.971+0000] {logging_mixin.py:190} INFO - [2024-10-29T18:53:15.971+0000] {dag.py:3239} INFO - Sync 1 DAGs
[2024-10-29T18:53:16.041+0000] {logging_mixin.py:190} INFO - [2024-10-29T18:53:16.040+0000] {dag.py:4180} INFO - Setting next_dagrun for example_params_trigger_ui to None, run_after=None
[2024-10-29T18:53:16.099+0000] {processor.py:208} INFO - Processing /home/airflow/.local/lib/python3.11/site-packages/airflow/example_dags/example_params_trigger_ui.py took 0.318 seconds
[2024-10-29T18:54:09.375+0000] {processor.py:186} INFO - Started process (PID=162) to work on /home/airflow/.local/lib/python3.11/site-packages/airflow/example_dags/example_params_trigger_ui.py
[2024-10-29T18:54:09.382+0000] {processor.py:914} INFO - Processing file /home/airflow/.local/lib/python3.11/site-packages/airflow/example_dags/example_params_trigger_ui.py for tasks to queue
[2024-10-29T18:54:09.388+0000] {logging_mixin.py:190} INFO - [2024-10-29T18:54:09.387+0000] {dagbag.py:588} INFO - Filling up the DagBag from /home/airflow/.local/lib/python3.11/site-packages/airflow/example_dags/example_params_trigger_ui.py
[2024-10-29T18:54:09.412+0000] {processor.py:925} INFO - DAG(s) 'example_params_trigger_ui' retrieved from /home/airflow/.local/lib/python3.11/site-packages/airflow/example_dags/example_params_trigger_ui.py
[2024-10-29T18:54:09.573+0000] {logging_mixin.py:190} INFO - [2024-10-29T18:54:09.572+0000] {dag.py:3239} INFO - Sync 1 DAGs
[2024-10-29T18:54:09.619+0000] {logging_mixin.py:190} INFO - [2024-10-29T18:54:09.618+0000] {dag.py:4180} INFO - Setting next_dagrun for example_params_trigger_ui to None, run_after=None
[2024-10-29T18:54:09.724+0000] {processor.py:208} INFO - Processing /home/airflow/.local/lib/python3.11/site-packages/airflow/example_dags/example_params_trigger_ui.py took 0.382 seconds
[2024-10-29T18:54:44.863+0000] {processor.py:186} INFO - Started process (PID=230) to work on /home/airflow/.local/lib/python3.11/site-packages/airflow/example_dags/example_params_trigger_ui.py
[2024-10-29T18:54:44.883+0000] {processor.py:914} INFO - Processing file /home/airflow/.local/lib/python3.11/site-packages/airflow/example_dags/example_params_trigger_ui.py for tasks to queue
[2024-10-29T18:54:44.894+0000] {logging_mixin.py:190} INFO - [2024-10-29T18:54:44.894+0000] {dagbag.py:588} INFO - Filling up the DagBag from /home/airflow/.local/lib/python3.11/site-packages/airflow/example_dags/example_params_trigger_ui.py
[2024-10-29T18:54:44.962+0000] {processor.py:925} INFO - DAG(s) 'example_params_trigger_ui' retrieved from /home/airflow/.local/lib/python3.11/site-packages/airflow/example_dags/example_params_trigger_ui.py
[2024-10-29T18:54:46.534+0000] {logging_mixin.py:190} INFO - [2024-10-29T18:54:46.533+0000] {dag.py:3239} INFO - Sync 1 DAGs
[2024-10-29T18:54:46.570+0000] {logging_mixin.py:190} INFO - [2024-10-29T18:54:46.570+0000] {dag.py:4180} INFO - Setting next_dagrun for example_params_trigger_ui to None, run_after=None
[2024-10-29T18:54:46.625+0000] {processor.py:208} INFO - Processing /home/airflow/.local/lib/python3.11/site-packages/airflow/example_dags/example_params_trigger_ui.py took 1.789 seconds
[2024-10-29T18:55:38.522+0000] {processor.py:186} INFO - Started process (PID=298) to work on /home/airflow/.local/lib/python3.11/site-packages/airflow/example_dags/example_params_trigger_ui.py
[2024-10-29T18:55:38.524+0000] {processor.py:914} INFO - Processing file /home/airflow/.local/lib/python3.11/site-packages/airflow/example_dags/example_params_trigger_ui.py for tasks to queue
[2024-10-29T18:55:38.531+0000] {logging_mixin.py:190} INFO - [2024-10-29T18:55:38.529+0000] {dagbag.py:588} INFO - Filling up the DagBag from /home/airflow/.local/lib/python3.11/site-packages/airflow/example_dags/example_params_trigger_ui.py
[2024-10-29T18:55:38.576+0000] {processor.py:925} INFO - DAG(s) 'example_params_trigger_ui' retrieved from /home/airflow/.local/lib/python3.11/site-packages/airflow/example_dags/example_params_trigger_ui.py
[2024-10-29T18:55:38.943+0000] {logging_mixin.py:190} INFO - [2024-10-29T18:55:38.942+0000] {dag.py:3239} INFO - Sync 1 DAGs
[2024-10-29T18:55:38.961+0000] {logging_mixin.py:190} INFO - [2024-10-29T18:55:38.960+0000] {dag.py:4180} INFO - Setting next_dagrun for example_params_trigger_ui to None, run_after=None
[2024-10-29T18:55:39.030+0000] {processor.py:208} INFO - Processing /home/airflow/.local/lib/python3.11/site-packages/airflow/example_dags/example_params_trigger_ui.py took 0.525 seconds
[2024-10-29T18:56:09.743+0000] {processor.py:186} INFO - Started process (PID=360) to work on /home/airflow/.local/lib/python3.11/site-packages/airflow/example_dags/example_params_trigger_ui.py
[2024-10-29T18:56:09.744+0000] {processor.py:914} INFO - Processing file /home/airflow/.local/lib/python3.11/site-packages/airflow/example_dags/example_params_trigger_ui.py for tasks to queue
[2024-10-29T18:56:09.745+0000] {logging_mixin.py:190} INFO - [2024-10-29T18:56:09.745+0000] {dagbag.py:588} INFO - Filling up the DagBag from /home/airflow/.local/lib/python3.11/site-packages/airflow/example_dags/example_params_trigger_ui.py
[2024-10-29T18:56:09.753+0000] {processor.py:925} INFO - DAG(s) 'example_params_trigger_ui' retrieved from /home/airflow/.local/lib/python3.11/site-packages/airflow/example_dags/example_params_trigger_ui.py
[2024-10-29T18:56:09.777+0000] {logging_mixin.py:190} INFO - [2024-10-29T18:56:09.776+0000] {dag.py:3239} INFO - Sync 1 DAGs
[2024-10-29T18:56:09.785+0000] {logging_mixin.py:190} INFO - [2024-10-29T18:56:09.785+0000] {dag.py:4180} INFO - Setting next_dagrun for example_params_trigger_ui to None, run_after=None
[2024-10-29T18:56:09.796+0000] {processor.py:208} INFO - Processing /home/airflow/.local/lib/python3.11/site-packages/airflow/example_dags/example_params_trigger_ui.py took 0.057 seconds
[2024-10-29T18:56:40.811+0000] {processor.py:186} INFO - Started process (PID=423) to work on /home/airflow/.local/lib/python3.11/site-packages/airflow/example_dags/example_params_trigger_ui.py
[2024-10-29T18:56:40.813+0000] {processor.py:914} INFO - Processing file /home/airflow/.local/lib/python3.11/site-packages/airflow/example_dags/example_params_trigger_ui.py for tasks to queue
[2024-10-29T18:56:40.818+0000] {logging_mixin.py:190} INFO - [2024-10-29T18:56:40.817+0000] {dagbag.py:588} INFO - Filling up the DagBag from /home/airflow/.local/lib/python3.11/site-packages/airflow/example_dags/example_params_trigger_ui.py
[2024-10-29T18:56:40.850+0000] {processor.py:925} INFO - DAG(s) 'example_params_trigger_ui' retrieved from /home/airflow/.local/lib/python3.11/site-packages/airflow/example_dags/example_params_trigger_ui.py
[2024-10-29T18:56:40.901+0000] {logging_mixin.py:190} INFO - [2024-10-29T18:56:40.901+0000] {dag.py:3239} INFO - Sync 1 DAGs
[2024-10-29T18:56:40.917+0000] {logging_mixin.py:190} INFO - [2024-10-29T18:56:40.917+0000] {dag.py:4180} INFO - Setting next_dagrun for example_params_trigger_ui to None, run_after=None
[2024-10-29T18:56:40.946+0000] {processor.py:208} INFO - Processing /home/airflow/.local/lib/python3.11/site-packages/airflow/example_dags/example_params_trigger_ui.py took 0.147 seconds
[2024-10-29T18:57:11.860+0000] {processor.py:186} INFO - Started process (PID=486) to work on /home/airflow/.local/lib/python3.11/site-packages/airflow/example_dags/example_params_trigger_ui.py
[2024-10-29T18:57:11.861+0000] {processor.py:914} INFO - Processing file /home/airflow/.local/lib/python3.11/site-packages/airflow/example_dags/example_params_trigger_ui.py for tasks to queue
[2024-10-29T18:57:11.865+0000] {logging_mixin.py:190} INFO - [2024-10-29T18:57:11.864+0000] {dagbag.py:588} INFO - Filling up the DagBag from /home/airflow/.local/lib/python3.11/site-packages/airflow/example_dags/example_params_trigger_ui.py
[2024-10-29T18:57:11.890+0000] {processor.py:925} INFO - DAG(s) 'example_params_trigger_ui' retrieved from /home/airflow/.local/lib/python3.11/site-packages/airflow/example_dags/example_params_trigger_ui.py
[2024-10-29T18:57:11.947+0000] {logging_mixin.py:190} INFO - [2024-10-29T18:57:11.947+0000] {dag.py:3239} INFO - Sync 1 DAGs
[2024-10-29T18:57:11.961+0000] {logging_mixin.py:190} INFO - [2024-10-29T18:57:11.960+0000] {dag.py:4180} INFO - Setting next_dagrun for example_params_trigger_ui to None, run_after=None
[2024-10-29T18:57:11.974+0000] {processor.py:208} INFO - Processing /home/airflow/.local/lib/python3.11/site-packages/airflow/example_dags/example_params_trigger_ui.py took 0.126 seconds
[2024-10-29T18:57:42.258+0000] {processor.py:186} INFO - Started process (PID=549) to work on /home/airflow/.local/lib/python3.11/site-packages/airflow/example_dags/example_params_trigger_ui.py
[2024-10-29T18:57:42.259+0000] {processor.py:914} INFO - Processing file /home/airflow/.local/lib/python3.11/site-packages/airflow/example_dags/example_params_trigger_ui.py for tasks to queue
[2024-10-29T18:57:42.262+0000] {logging_mixin.py:190} INFO - [2024-10-29T18:57:42.261+0000] {dagbag.py:588} INFO - Filling up the DagBag from /home/airflow/.local/lib/python3.11/site-packages/airflow/example_dags/example_params_trigger_ui.py
[2024-10-29T18:57:42.275+0000] {processor.py:925} INFO - DAG(s) 'example_params_trigger_ui' retrieved from /home/airflow/.local/lib/python3.11/site-packages/airflow/example_dags/example_params_trigger_ui.py
[2024-10-29T18:57:42.302+0000] {logging_mixin.py:190} INFO - [2024-10-29T18:57:42.301+0000] {dag.py:3239} INFO - Sync 1 DAGs
[2024-10-29T18:57:42.313+0000] {logging_mixin.py:190} INFO - [2024-10-29T18:57:42.312+0000] {dag.py:4180} INFO - Setting next_dagrun for example_params_trigger_ui to None, run_after=None
[2024-10-29T18:57:42.323+0000] {processor.py:208} INFO - Processing /home/airflow/.local/lib/python3.11/site-packages/airflow/example_dags/example_params_trigger_ui.py took 0.072 seconds
[2024-10-29T18:58:12.757+0000] {processor.py:186} INFO - Started process (PID=612) to work on /home/airflow/.local/lib/python3.11/site-packages/airflow/example_dags/example_params_trigger_ui.py
[2024-10-29T18:58:12.758+0000] {processor.py:914} INFO - Processing file /home/airflow/.local/lib/python3.11/site-packages/airflow/example_dags/example_params_trigger_ui.py for tasks to queue
[2024-10-29T18:58:12.761+0000] {logging_mixin.py:190} INFO - [2024-10-29T18:58:12.760+0000] {dagbag.py:588} INFO - Filling up the DagBag from /home/airflow/.local/lib/python3.11/site-packages/airflow/example_dags/example_params_trigger_ui.py
[2024-10-29T18:58:12.772+0000] {processor.py:925} INFO - DAG(s) 'example_params_trigger_ui' retrieved from /home/airflow/.local/lib/python3.11/site-packages/airflow/example_dags/example_params_trigger_ui.py
[2024-10-29T18:58:12.799+0000] {logging_mixin.py:190} INFO - [2024-10-29T18:58:12.799+0000] {dag.py:3239} INFO - Sync 1 DAGs
[2024-10-29T18:58:12.807+0000] {logging_mixin.py:190} INFO - [2024-10-29T18:58:12.807+0000] {dag.py:4180} INFO - Setting next_dagrun for example_params_trigger_ui to None, run_after=None
[2024-10-29T18:58:12.816+0000] {processor.py:208} INFO - Processing /home/airflow/.local/lib/python3.11/site-packages/airflow/example_dags/example_params_trigger_ui.py took 0.065 seconds
[2024-10-29T18:58:42.942+0000] {processor.py:186} INFO - Started process (PID=675) to work on /home/airflow/.local/lib/python3.11/site-packages/airflow/example_dags/example_params_trigger_ui.py
[2024-10-29T18:58:42.944+0000] {processor.py:914} INFO - Processing file /home/airflow/.local/lib/python3.11/site-packages/airflow/example_dags/example_params_trigger_ui.py for tasks to queue
[2024-10-29T18:58:42.946+0000] {logging_mixin.py:190} INFO - [2024-10-29T18:58:42.946+0000] {dagbag.py:588} INFO - Filling up the DagBag from /home/airflow/.local/lib/python3.11/site-packages/airflow/example_dags/example_params_trigger_ui.py
[2024-10-29T18:58:42.959+0000] {processor.py:925} INFO - DAG(s) 'example_params_trigger_ui' retrieved from /home/airflow/.local/lib/python3.11/site-packages/airflow/example_dags/example_params_trigger_ui.py
[2024-10-29T18:58:42.988+0000] {logging_mixin.py:190} INFO - [2024-10-29T18:58:42.988+0000] {dag.py:3239} INFO - Sync 1 DAGs
[2024-10-29T18:58:43.006+0000] {logging_mixin.py:190} INFO - [2024-10-29T18:58:43.006+0000] {dag.py:4180} INFO - Setting next_dagrun for example_params_trigger_ui to None, run_after=None
[2024-10-29T18:58:43.024+0000] {processor.py:208} INFO - Processing /home/airflow/.local/lib/python3.11/site-packages/airflow/example_dags/example_params_trigger_ui.py took 0.089 seconds
[2024-10-29T18:59:13.149+0000] {processor.py:186} INFO - Started process (PID=738) to work on /home/airflow/.local/lib/python3.11/site-packages/airflow/example_dags/example_params_trigger_ui.py
[2024-10-29T18:59:13.152+0000] {processor.py:914} INFO - Processing file /home/airflow/.local/lib/python3.11/site-packages/airflow/example_dags/example_params_trigger_ui.py for tasks to queue
[2024-10-29T18:59:13.158+0000] {logging_mixin.py:190} INFO - [2024-10-29T18:59:13.158+0000] {dagbag.py:588} INFO - Filling up the DagBag from /home/airflow/.local/lib/python3.11/site-packages/airflow/example_dags/example_params_trigger_ui.py
[2024-10-29T18:59:13.170+0000] {processor.py:925} INFO - DAG(s) 'example_params_trigger_ui' retrieved from /home/airflow/.local/lib/python3.11/site-packages/airflow/example_dags/example_params_trigger_ui.py
[2024-10-29T18:59:13.196+0000] {logging_mixin.py:190} INFO - [2024-10-29T18:59:13.196+0000] {dag.py:3239} INFO - Sync 1 DAGs
[2024-10-29T18:59:13.206+0000] {logging_mixin.py:190} INFO - [2024-10-29T18:59:13.206+0000] {dag.py:4180} INFO - Setting next_dagrun for example_params_trigger_ui to None, run_after=None
[2024-10-29T18:59:13.214+0000] {processor.py:208} INFO - Processing /home/airflow/.local/lib/python3.11/site-packages/airflow/example_dags/example_params_trigger_ui.py took 0.073 seconds
[2024-10-29T18:59:43.343+0000] {processor.py:186} INFO - Started process (PID=801) to work on /home/airflow/.local/lib/python3.11/site-packages/airflow/example_dags/example_params_trigger_ui.py
[2024-10-29T18:59:43.344+0000] {processor.py:914} INFO - Processing file /home/airflow/.local/lib/python3.11/site-packages/airflow/example_dags/example_params_trigger_ui.py for tasks to queue
[2024-10-29T18:59:43.347+0000] {logging_mixin.py:190} INFO - [2024-10-29T18:59:43.346+0000] {dagbag.py:588} INFO - Filling up the DagBag from /home/airflow/.local/lib/python3.11/site-packages/airflow/example_dags/example_params_trigger_ui.py
[2024-10-29T18:59:43.357+0000] {processor.py:925} INFO - DAG(s) 'example_params_trigger_ui' retrieved from /home/airflow/.local/lib/python3.11/site-packages/airflow/example_dags/example_params_trigger_ui.py
[2024-10-29T18:59:43.380+0000] {logging_mixin.py:190} INFO - [2024-10-29T18:59:43.380+0000] {dag.py:3239} INFO - Sync 1 DAGs
[2024-10-29T18:59:43.388+0000] {logging_mixin.py:190} INFO - [2024-10-29T18:59:43.388+0000] {dag.py:4180} INFO - Setting next_dagrun for example_params_trigger_ui to None, run_after=None
[2024-10-29T18:59:43.396+0000] {processor.py:208} INFO - Processing /home/airflow/.local/lib/python3.11/site-packages/airflow/example_dags/example_params_trigger_ui.py took 0.059 seconds
[2024-10-29T19:00:14.388+0000] {processor.py:186} INFO - Started process (PID=863) to work on /home/airflow/.local/lib/python3.11/site-packages/airflow/example_dags/example_params_trigger_ui.py
[2024-10-29T19:00:14.390+0000] {processor.py:914} INFO - Processing file /home/airflow/.local/lib/python3.11/site-packages/airflow/example_dags/example_params_trigger_ui.py for tasks to queue
[2024-10-29T19:00:14.393+0000] {logging_mixin.py:190} INFO - [2024-10-29T19:00:14.392+0000] {dagbag.py:588} INFO - Filling up the DagBag from /home/airflow/.local/lib/python3.11/site-packages/airflow/example_dags/example_params_trigger_ui.py
[2024-10-29T19:00:14.411+0000] {processor.py:925} INFO - DAG(s) 'example_params_trigger_ui' retrieved from /home/airflow/.local/lib/python3.11/site-packages/airflow/example_dags/example_params_trigger_ui.py
[2024-10-29T19:00:14.444+0000] {logging_mixin.py:190} INFO - [2024-10-29T19:00:14.444+0000] {dag.py:3239} INFO - Sync 1 DAGs
[2024-10-29T19:00:14.454+0000] {logging_mixin.py:190} INFO - [2024-10-29T19:00:14.454+0000] {dag.py:4180} INFO - Setting next_dagrun for example_params_trigger_ui to None, run_after=None
[2024-10-29T19:00:14.466+0000] {processor.py:208} INFO - Processing /home/airflow/.local/lib/python3.11/site-packages/airflow/example_dags/example_params_trigger_ui.py took 0.087 seconds
[2024-10-29T19:00:44.537+0000] {processor.py:186} INFO - Started process (PID=926) to work on /home/airflow/.local/lib/python3.11/site-packages/airflow/example_dags/example_params_trigger_ui.py
[2024-10-29T19:00:44.538+0000] {processor.py:914} INFO - Processing file /home/airflow/.local/lib/python3.11/site-packages/airflow/example_dags/example_params_trigger_ui.py for tasks to queue
[2024-10-29T19:00:44.540+0000] {logging_mixin.py:190} INFO - [2024-10-29T19:00:44.540+0000] {dagbag.py:588} INFO - Filling up the DagBag from /home/airflow/.local/lib/python3.11/site-packages/airflow/example_dags/example_params_trigger_ui.py
[2024-10-29T19:00:44.549+0000] {processor.py:925} INFO - DAG(s) 'example_params_trigger_ui' retrieved from /home/airflow/.local/lib/python3.11/site-packages/airflow/example_dags/example_params_trigger_ui.py
[2024-10-29T19:00:44.571+0000] {logging_mixin.py:190} INFO - [2024-10-29T19:00:44.571+0000] {dag.py:3239} INFO - Sync 1 DAGs
[2024-10-29T19:00:44.578+0000] {logging_mixin.py:190} INFO - [2024-10-29T19:00:44.578+0000] {dag.py:4180} INFO - Setting next_dagrun for example_params_trigger_ui to None, run_after=None
[2024-10-29T19:00:44.587+0000] {processor.py:208} INFO - Processing /home/airflow/.local/lib/python3.11/site-packages/airflow/example_dags/example_params_trigger_ui.py took 0.056 seconds
[2024-10-29T19:01:15.538+0000] {processor.py:186} INFO - Started process (PID=989) to work on /home/airflow/.local/lib/python3.11/site-packages/airflow/example_dags/example_params_trigger_ui.py
[2024-10-29T19:01:15.540+0000] {processor.py:914} INFO - Processing file /home/airflow/.local/lib/python3.11/site-packages/airflow/example_dags/example_params_trigger_ui.py for tasks to queue
[2024-10-29T19:01:15.542+0000] {logging_mixin.py:190} INFO - [2024-10-29T19:01:15.542+0000] {dagbag.py:588} INFO - Filling up the DagBag from /home/airflow/.local/lib/python3.11/site-packages/airflow/example_dags/example_params_trigger_ui.py
[2024-10-29T19:01:15.551+0000] {processor.py:925} INFO - DAG(s) 'example_params_trigger_ui' retrieved from /home/airflow/.local/lib/python3.11/site-packages/airflow/example_dags/example_params_trigger_ui.py
[2024-10-29T19:01:15.587+0000] {logging_mixin.py:190} INFO - [2024-10-29T19:01:15.587+0000] {dag.py:3239} INFO - Sync 1 DAGs
[2024-10-29T19:01:15.597+0000] {logging_mixin.py:190} INFO - [2024-10-29T19:01:15.596+0000] {dag.py:4180} INFO - Setting next_dagrun for example_params_trigger_ui to None, run_after=None
[2024-10-29T19:01:15.610+0000] {processor.py:208} INFO - Processing /home/airflow/.local/lib/python3.11/site-packages/airflow/example_dags/example_params_trigger_ui.py took 0.077 seconds
[2024-10-29T19:01:45.640+0000] {processor.py:186} INFO - Started process (PID=1052) to work on /home/airflow/.local/lib/python3.11/site-packages/airflow/example_dags/example_params_trigger_ui.py
[2024-10-29T19:01:45.641+0000] {processor.py:914} INFO - Processing file /home/airflow/.local/lib/python3.11/site-packages/airflow/example_dags/example_params_trigger_ui.py for tasks to queue
[2024-10-29T19:01:45.645+0000] {logging_mixin.py:190} INFO - [2024-10-29T19:01:45.644+0000] {dagbag.py:588} INFO - Filling up the DagBag from /home/airflow/.local/lib/python3.11/site-packages/airflow/example_dags/example_params_trigger_ui.py
[2024-10-29T19:01:45.656+0000] {processor.py:925} INFO - DAG(s) 'example_params_trigger_ui' retrieved from /home/airflow/.local/lib/python3.11/site-packages/airflow/example_dags/example_params_trigger_ui.py
[2024-10-29T19:01:45.688+0000] {logging_mixin.py:190} INFO - [2024-10-29T19:01:45.688+0000] {dag.py:3239} INFO - Sync 1 DAGs
[2024-10-29T19:01:45.697+0000] {logging_mixin.py:190} INFO - [2024-10-29T19:01:45.697+0000] {dag.py:4180} INFO - Setting next_dagrun for example_params_trigger_ui to None, run_after=None
[2024-10-29T19:01:45.711+0000] {processor.py:208} INFO - Processing /home/airflow/.local/lib/python3.11/site-packages/airflow/example_dags/example_params_trigger_ui.py took 0.075 seconds
[2024-10-29T19:02:15.815+0000] {processor.py:186} INFO - Started process (PID=1115) to work on /home/airflow/.local/lib/python3.11/site-packages/airflow/example_dags/example_params_trigger_ui.py
[2024-10-29T19:02:15.816+0000] {processor.py:914} INFO - Processing file /home/airflow/.local/lib/python3.11/site-packages/airflow/example_dags/example_params_trigger_ui.py for tasks to queue
[2024-10-29T19:02:15.818+0000] {logging_mixin.py:190} INFO - [2024-10-29T19:02:15.817+0000] {dagbag.py:588} INFO - Filling up the DagBag from /home/airflow/.local/lib/python3.11/site-packages/airflow/example_dags/example_params_trigger_ui.py
[2024-10-29T19:02:15.826+0000] {processor.py:925} INFO - DAG(s) 'example_params_trigger_ui' retrieved from /home/airflow/.local/lib/python3.11/site-packages/airflow/example_dags/example_params_trigger_ui.py
[2024-10-29T19:02:15.851+0000] {logging_mixin.py:190} INFO - [2024-10-29T19:02:15.851+0000] {dag.py:3239} INFO - Sync 1 DAGs
[2024-10-29T19:02:15.866+0000] {logging_mixin.py:190} INFO - [2024-10-29T19:02:15.866+0000] {dag.py:4180} INFO - Setting next_dagrun for example_params_trigger_ui to None, run_after=None
[2024-10-29T19:02:15.886+0000] {processor.py:208} INFO - Processing /home/airflow/.local/lib/python3.11/site-packages/airflow/example_dags/example_params_trigger_ui.py took 0.075 seconds
[2024-10-29T19:02:46.836+0000] {processor.py:186} INFO - Started process (PID=1184) to work on /home/airflow/.local/lib/python3.11/site-packages/airflow/example_dags/example_params_trigger_ui.py
[2024-10-29T19:02:46.837+0000] {processor.py:914} INFO - Processing file /home/airflow/.local/lib/python3.11/site-packages/airflow/example_dags/example_params_trigger_ui.py for tasks to queue
[2024-10-29T19:02:46.838+0000] {logging_mixin.py:190} INFO - [2024-10-29T19:02:46.838+0000] {dagbag.py:588} INFO - Filling up the DagBag from /home/airflow/.local/lib/python3.11/site-packages/airflow/example_dags/example_params_trigger_ui.py
[2024-10-29T19:02:46.845+0000] {processor.py:925} INFO - DAG(s) 'example_params_trigger_ui' retrieved from /home/airflow/.local/lib/python3.11/site-packages/airflow/example_dags/example_params_trigger_ui.py
[2024-10-29T19:02:46.864+0000] {logging_mixin.py:190} INFO - [2024-10-29T19:02:46.864+0000] {dag.py:3239} INFO - Sync 1 DAGs
[2024-10-29T19:02:46.872+0000] {logging_mixin.py:190} INFO - [2024-10-29T19:02:46.872+0000] {dag.py:4180} INFO - Setting next_dagrun for example_params_trigger_ui to None, run_after=None
[2024-10-29T19:02:46.881+0000] {processor.py:208} INFO - Processing /home/airflow/.local/lib/python3.11/site-packages/airflow/example_dags/example_params_trigger_ui.py took 0.048 seconds
[2024-10-29T19:03:17.565+0000] {processor.py:186} INFO - Started process (PID=1247) to work on /home/airflow/.local/lib/python3.11/site-packages/airflow/example_dags/example_params_trigger_ui.py
[2024-10-29T19:03:17.566+0000] {processor.py:914} INFO - Processing file /home/airflow/.local/lib/python3.11/site-packages/airflow/example_dags/example_params_trigger_ui.py for tasks to queue
[2024-10-29T19:03:17.568+0000] {logging_mixin.py:190} INFO - [2024-10-29T19:03:17.567+0000] {dagbag.py:588} INFO - Filling up the DagBag from /home/airflow/.local/lib/python3.11/site-packages/airflow/example_dags/example_params_trigger_ui.py
[2024-10-29T19:03:17.575+0000] {processor.py:925} INFO - DAG(s) 'example_params_trigger_ui' retrieved from /home/airflow/.local/lib/python3.11/site-packages/airflow/example_dags/example_params_trigger_ui.py
[2024-10-29T19:03:17.594+0000] {logging_mixin.py:190} INFO - [2024-10-29T19:03:17.594+0000] {dag.py:3239} INFO - Sync 1 DAGs
[2024-10-29T19:03:17.602+0000] {logging_mixin.py:190} INFO - [2024-10-29T19:03:17.602+0000] {dag.py:4180} INFO - Setting next_dagrun for example_params_trigger_ui to None, run_after=None
[2024-10-29T19:03:17.610+0000] {processor.py:208} INFO - Processing /home/airflow/.local/lib/python3.11/site-packages/airflow/example_dags/example_params_trigger_ui.py took 0.050 seconds
[2024-10-29T19:03:48.321+0000] {processor.py:186} INFO - Started process (PID=1310) to work on /home/airflow/.local/lib/python3.11/site-packages/airflow/example_dags/example_params_trigger_ui.py
[2024-10-29T19:03:48.322+0000] {processor.py:914} INFO - Processing file /home/airflow/.local/lib/python3.11/site-packages/airflow/example_dags/example_params_trigger_ui.py for tasks to queue
[2024-10-29T19:03:48.323+0000] {logging_mixin.py:190} INFO - [2024-10-29T19:03:48.323+0000] {dagbag.py:588} INFO - Filling up the DagBag from /home/airflow/.local/lib/python3.11/site-packages/airflow/example_dags/example_params_trigger_ui.py
[2024-10-29T19:03:48.329+0000] {processor.py:925} INFO - DAG(s) 'example_params_trigger_ui' retrieved from /home/airflow/.local/lib/python3.11/site-packages/airflow/example_dags/example_params_trigger_ui.py
[2024-10-29T19:03:48.345+0000] {logging_mixin.py:190} INFO - [2024-10-29T19:03:48.345+0000] {dag.py:3239} INFO - Sync 1 DAGs
[2024-10-29T19:03:48.351+0000] {logging_mixin.py:190} INFO - [2024-10-29T19:03:48.351+0000] {dag.py:4180} INFO - Setting next_dagrun for example_params_trigger_ui to None, run_after=None
[2024-10-29T19:03:48.358+0000] {processor.py:208} INFO - Processing /home/airflow/.local/lib/python3.11/site-packages/airflow/example_dags/example_params_trigger_ui.py took 0.040 seconds
[2024-10-29T19:04:18.942+0000] {processor.py:186} INFO - Started process (PID=1373) to work on /home/airflow/.local/lib/python3.11/site-packages/airflow/example_dags/example_params_trigger_ui.py
[2024-10-29T19:04:18.943+0000] {processor.py:914} INFO - Processing file /home/airflow/.local/lib/python3.11/site-packages/airflow/example_dags/example_params_trigger_ui.py for tasks to queue
[2024-10-29T19:04:18.944+0000] {logging_mixin.py:190} INFO - [2024-10-29T19:04:18.944+0000] {dagbag.py:588} INFO - Filling up the DagBag from /home/airflow/.local/lib/python3.11/site-packages/airflow/example_dags/example_params_trigger_ui.py
[2024-10-29T19:04:18.951+0000] {processor.py:925} INFO - DAG(s) 'example_params_trigger_ui' retrieved from /home/airflow/.local/lib/python3.11/site-packages/airflow/example_dags/example_params_trigger_ui.py
[2024-10-29T19:04:18.968+0000] {logging_mixin.py:190} INFO - [2024-10-29T19:04:18.968+0000] {dag.py:3239} INFO - Sync 1 DAGs
[2024-10-29T19:04:18.974+0000] {logging_mixin.py:190} INFO - [2024-10-29T19:04:18.974+0000] {dag.py:4180} INFO - Setting next_dagrun for example_params_trigger_ui to None, run_after=None
[2024-10-29T19:04:18.982+0000] {processor.py:208} INFO - Processing /home/airflow/.local/lib/python3.11/site-packages/airflow/example_dags/example_params_trigger_ui.py took 0.043 seconds
[2024-10-29T19:04:49.399+0000] {processor.py:186} INFO - Started process (PID=1436) to work on /home/airflow/.local/lib/python3.11/site-packages/airflow/example_dags/example_params_trigger_ui.py
[2024-10-29T19:04:49.400+0000] {processor.py:914} INFO - Processing file /home/airflow/.local/lib/python3.11/site-packages/airflow/example_dags/example_params_trigger_ui.py for tasks to queue
[2024-10-29T19:04:49.402+0000] {logging_mixin.py:190} INFO - [2024-10-29T19:04:49.402+0000] {dagbag.py:588} INFO - Filling up the DagBag from /home/airflow/.local/lib/python3.11/site-packages/airflow/example_dags/example_params_trigger_ui.py
[2024-10-29T19:04:49.409+0000] {processor.py:925} INFO - DAG(s) 'example_params_trigger_ui' retrieved from /home/airflow/.local/lib/python3.11/site-packages/airflow/example_dags/example_params_trigger_ui.py
[2024-10-29T19:04:49.427+0000] {logging_mixin.py:190} INFO - [2024-10-29T19:04:49.427+0000] {dag.py:3239} INFO - Sync 1 DAGs
[2024-10-29T19:04:49.434+0000] {logging_mixin.py:190} INFO - [2024-10-29T19:04:49.434+0000] {dag.py:4180} INFO - Setting next_dagrun for example_params_trigger_ui to None, run_after=None
[2024-10-29T19:04:49.445+0000] {processor.py:208} INFO - Processing /home/airflow/.local/lib/python3.11/site-packages/airflow/example_dags/example_params_trigger_ui.py took 0.048 seconds
[2024-10-29T19:05:19.999+0000] {processor.py:186} INFO - Started process (PID=1499) to work on /home/airflow/.local/lib/python3.11/site-packages/airflow/example_dags/example_params_trigger_ui.py
[2024-10-29T19:05:20.000+0000] {processor.py:914} INFO - Processing file /home/airflow/.local/lib/python3.11/site-packages/airflow/example_dags/example_params_trigger_ui.py for tasks to queue
[2024-10-29T19:05:20.002+0000] {logging_mixin.py:190} INFO - [2024-10-29T19:05:20.002+0000] {dagbag.py:588} INFO - Filling up the DagBag from /home/airflow/.local/lib/python3.11/site-packages/airflow/example_dags/example_params_trigger_ui.py
[2024-10-29T19:05:20.008+0000] {processor.py:925} INFO - DAG(s) 'example_params_trigger_ui' retrieved from /home/airflow/.local/lib/python3.11/site-packages/airflow/example_dags/example_params_trigger_ui.py
[2024-10-29T19:05:20.026+0000] {logging_mixin.py:190} INFO - [2024-10-29T19:05:20.026+0000] {dag.py:3239} INFO - Sync 1 DAGs
[2024-10-29T19:05:20.032+0000] {logging_mixin.py:190} INFO - [2024-10-29T19:05:20.032+0000] {dag.py:4180} INFO - Setting next_dagrun for example_params_trigger_ui to None, run_after=None
[2024-10-29T19:05:20.040+0000] {processor.py:208} INFO - Processing /home/airflow/.local/lib/python3.11/site-packages/airflow/example_dags/example_params_trigger_ui.py took 0.044 seconds
[2024-10-29T19:05:50.317+0000] {processor.py:186} INFO - Started process (PID=1562) to work on /home/airflow/.local/lib/python3.11/site-packages/airflow/example_dags/example_params_trigger_ui.py
[2024-10-29T19:05:50.318+0000] {processor.py:914} INFO - Processing file /home/airflow/.local/lib/python3.11/site-packages/airflow/example_dags/example_params_trigger_ui.py for tasks to queue
[2024-10-29T19:05:50.319+0000] {logging_mixin.py:190} INFO - [2024-10-29T19:05:50.319+0000] {dagbag.py:588} INFO - Filling up the DagBag from /home/airflow/.local/lib/python3.11/site-packages/airflow/example_dags/example_params_trigger_ui.py
[2024-10-29T19:05:50.325+0000] {processor.py:925} INFO - DAG(s) 'example_params_trigger_ui' retrieved from /home/airflow/.local/lib/python3.11/site-packages/airflow/example_dags/example_params_trigger_ui.py
[2024-10-29T19:05:50.342+0000] {logging_mixin.py:190} INFO - [2024-10-29T19:05:50.342+0000] {dag.py:3239} INFO - Sync 1 DAGs
[2024-10-29T19:05:50.348+0000] {logging_mixin.py:190} INFO - [2024-10-29T19:05:50.348+0000] {dag.py:4180} INFO - Setting next_dagrun for example_params_trigger_ui to None, run_after=None
[2024-10-29T19:05:50.354+0000] {processor.py:208} INFO - Processing /home/airflow/.local/lib/python3.11/site-packages/airflow/example_dags/example_params_trigger_ui.py took 0.040 seconds
[2024-10-29T19:23:18.973+0000] {processor.py:186} INFO - Started process (PID=1652) to work on /home/airflow/.local/lib/python3.11/site-packages/airflow/example_dags/example_params_trigger_ui.py
[2024-10-29T19:23:18.973+0000] {processor.py:914} INFO - Processing file /home/airflow/.local/lib/python3.11/site-packages/airflow/example_dags/example_params_trigger_ui.py for tasks to queue
[2024-10-29T19:23:18.975+0000] {logging_mixin.py:190} INFO - [2024-10-29T19:23:18.974+0000] {dagbag.py:588} INFO - Filling up the DagBag from /home/airflow/.local/lib/python3.11/site-packages/airflow/example_dags/example_params_trigger_ui.py
[2024-10-29T19:23:18.980+0000] {processor.py:925} INFO - DAG(s) 'example_params_trigger_ui' retrieved from /home/airflow/.local/lib/python3.11/site-packages/airflow/example_dags/example_params_trigger_ui.py
[2024-10-29T19:23:19.000+0000] {logging_mixin.py:190} INFO - [2024-10-29T19:23:19.000+0000] {dag.py:3239} INFO - Sync 1 DAGs
[2024-10-29T19:23:19.007+0000] {logging_mixin.py:190} INFO - [2024-10-29T19:23:19.007+0000] {dag.py:4180} INFO - Setting next_dagrun for example_params_trigger_ui to None, run_after=None
[2024-10-29T19:23:19.016+0000] {processor.py:208} INFO - Processing /home/airflow/.local/lib/python3.11/site-packages/airflow/example_dags/example_params_trigger_ui.py took 0.046 seconds
[2024-10-29T20:00:05.640+0000] {processor.py:186} INFO - Started process (PID=1715) to work on /home/airflow/.local/lib/python3.11/site-packages/airflow/example_dags/example_params_trigger_ui.py
[2024-10-29T20:00:05.641+0000] {processor.py:914} INFO - Processing file /home/airflow/.local/lib/python3.11/site-packages/airflow/example_dags/example_params_trigger_ui.py for tasks to queue
[2024-10-29T20:00:05.642+0000] {logging_mixin.py:190} INFO - [2024-10-29T20:00:05.642+0000] {dagbag.py:588} INFO - Filling up the DagBag from /home/airflow/.local/lib/python3.11/site-packages/airflow/example_dags/example_params_trigger_ui.py
[2024-10-29T20:00:05.648+0000] {processor.py:925} INFO - DAG(s) 'example_params_trigger_ui' retrieved from /home/airflow/.local/lib/python3.11/site-packages/airflow/example_dags/example_params_trigger_ui.py
[2024-10-29T20:00:05.670+0000] {logging_mixin.py:190} INFO - [2024-10-29T20:00:05.670+0000] {dag.py:3239} INFO - Sync 1 DAGs
[2024-10-29T20:00:05.677+0000] {logging_mixin.py:190} INFO - [2024-10-29T20:00:05.677+0000] {dag.py:4180} INFO - Setting next_dagrun for example_params_trigger_ui to None, run_after=None
[2024-10-29T20:00:05.686+0000] {processor.py:208} INFO - Processing /home/airflow/.local/lib/python3.11/site-packages/airflow/example_dags/example_params_trigger_ui.py took 0.050 seconds
[2024-10-29T20:32:02.423+0000] {processor.py:186} INFO - Started process (PID=1778) to work on /home/airflow/.local/lib/python3.11/site-packages/airflow/example_dags/example_params_trigger_ui.py
[2024-10-29T20:32:02.424+0000] {processor.py:914} INFO - Processing file /home/airflow/.local/lib/python3.11/site-packages/airflow/example_dags/example_params_trigger_ui.py for tasks to queue
[2024-10-29T20:32:02.426+0000] {logging_mixin.py:190} INFO - [2024-10-29T20:32:02.425+0000] {dagbag.py:588} INFO - Filling up the DagBag from /home/airflow/.local/lib/python3.11/site-packages/airflow/example_dags/example_params_trigger_ui.py
[2024-10-29T20:32:02.432+0000] {processor.py:925} INFO - DAG(s) 'example_params_trigger_ui' retrieved from /home/airflow/.local/lib/python3.11/site-packages/airflow/example_dags/example_params_trigger_ui.py
[2024-10-29T20:32:02.451+0000] {logging_mixin.py:190} INFO - [2024-10-29T20:32:02.451+0000] {dag.py:3239} INFO - Sync 1 DAGs
[2024-10-29T20:32:02.458+0000] {logging_mixin.py:190} INFO - [2024-10-29T20:32:02.458+0000] {dag.py:4180} INFO - Setting next_dagrun for example_params_trigger_ui to None, run_after=None
[2024-10-29T20:32:02.466+0000] {processor.py:208} INFO - Processing /home/airflow/.local/lib/python3.11/site-packages/airflow/example_dags/example_params_trigger_ui.py took 0.046 seconds
[2024-10-29T20:59:00.917+0000] {processor.py:186} INFO - Started process (PID=1841) to work on /home/airflow/.local/lib/python3.11/site-packages/airflow/example_dags/example_params_trigger_ui.py
[2024-10-29T20:59:00.919+0000] {processor.py:914} INFO - Processing file /home/airflow/.local/lib/python3.11/site-packages/airflow/example_dags/example_params_trigger_ui.py for tasks to queue
[2024-10-29T20:59:00.920+0000] {logging_mixin.py:190} INFO - [2024-10-29T20:59:00.920+0000] {dagbag.py:588} INFO - Filling up the DagBag from /home/airflow/.local/lib/python3.11/site-packages/airflow/example_dags/example_params_trigger_ui.py
[2024-10-29T20:59:00.927+0000] {processor.py:925} INFO - DAG(s) 'example_params_trigger_ui' retrieved from /home/airflow/.local/lib/python3.11/site-packages/airflow/example_dags/example_params_trigger_ui.py
[2024-10-29T20:59:00.947+0000] {logging_mixin.py:190} INFO - [2024-10-29T20:59:00.947+0000] {dag.py:3239} INFO - Sync 1 DAGs
[2024-10-29T20:59:00.955+0000] {logging_mixin.py:190} INFO - [2024-10-29T20:59:00.955+0000] {dag.py:4180} INFO - Setting next_dagrun for example_params_trigger_ui to None, run_after=None
[2024-10-29T20:59:00.965+0000] {processor.py:208} INFO - Processing /home/airflow/.local/lib/python3.11/site-packages/airflow/example_dags/example_params_trigger_ui.py took 0.052 seconds
[2024-10-29T21:40:54.747+0000] {processor.py:186} INFO - Started process (PID=1904) to work on /home/airflow/.local/lib/python3.11/site-packages/airflow/example_dags/example_params_trigger_ui.py
[2024-10-29T21:40:54.747+0000] {processor.py:914} INFO - Processing file /home/airflow/.local/lib/python3.11/site-packages/airflow/example_dags/example_params_trigger_ui.py for tasks to queue
[2024-10-29T21:40:54.749+0000] {logging_mixin.py:190} INFO - [2024-10-29T21:40:54.749+0000] {dagbag.py:588} INFO - Filling up the DagBag from /home/airflow/.local/lib/python3.11/site-packages/airflow/example_dags/example_params_trigger_ui.py
[2024-10-29T21:40:54.756+0000] {processor.py:925} INFO - DAG(s) 'example_params_trigger_ui' retrieved from /home/airflow/.local/lib/python3.11/site-packages/airflow/example_dags/example_params_trigger_ui.py
[2024-10-29T21:40:54.779+0000] {logging_mixin.py:190} INFO - [2024-10-29T21:40:54.779+0000] {dag.py:3239} INFO - Sync 1 DAGs
[2024-10-29T21:40:54.786+0000] {logging_mixin.py:190} INFO - [2024-10-29T21:40:54.786+0000] {dag.py:4180} INFO - Setting next_dagrun for example_params_trigger_ui to None, run_after=None
[2024-10-29T21:40:54.797+0000] {processor.py:208} INFO - Processing /home/airflow/.local/lib/python3.11/site-packages/airflow/example_dags/example_params_trigger_ui.py took 0.054 seconds
[2024-10-29T22:49:29.103+0000] {processor.py:186} INFO - Started process (PID=1967) to work on /home/airflow/.local/lib/python3.11/site-packages/airflow/example_dags/example_params_trigger_ui.py
[2024-10-29T22:49:29.103+0000] {processor.py:914} INFO - Processing file /home/airflow/.local/lib/python3.11/site-packages/airflow/example_dags/example_params_trigger_ui.py for tasks to queue
[2024-10-29T22:49:29.105+0000] {logging_mixin.py:190} INFO - [2024-10-29T22:49:29.104+0000] {dagbag.py:588} INFO - Filling up the DagBag from /home/airflow/.local/lib/python3.11/site-packages/airflow/example_dags/example_params_trigger_ui.py
[2024-10-29T22:49:29.110+0000] {processor.py:925} INFO - DAG(s) 'example_params_trigger_ui' retrieved from /home/airflow/.local/lib/python3.11/site-packages/airflow/example_dags/example_params_trigger_ui.py
[2024-10-29T22:49:29.127+0000] {logging_mixin.py:190} INFO - [2024-10-29T22:49:29.127+0000] {dag.py:3239} INFO - Sync 1 DAGs
[2024-10-29T22:49:29.134+0000] {logging_mixin.py:190} INFO - [2024-10-29T22:49:29.134+0000] {dag.py:4180} INFO - Setting next_dagrun for example_params_trigger_ui to None, run_after=None
[2024-10-29T22:49:29.142+0000] {processor.py:208} INFO - Processing /home/airflow/.local/lib/python3.11/site-packages/airflow/example_dags/example_params_trigger_ui.py took 0.042 seconds
[2024-10-29T23:03:29.656+0000] {processor.py:186} INFO - Started process (PID=2030) to work on /home/airflow/.local/lib/python3.11/site-packages/airflow/example_dags/example_params_trigger_ui.py
[2024-10-29T23:03:29.657+0000] {processor.py:914} INFO - Processing file /home/airflow/.local/lib/python3.11/site-packages/airflow/example_dags/example_params_trigger_ui.py for tasks to queue
[2024-10-29T23:03:29.658+0000] {logging_mixin.py:190} INFO - [2024-10-29T23:03:29.658+0000] {dagbag.py:588} INFO - Filling up the DagBag from /home/airflow/.local/lib/python3.11/site-packages/airflow/example_dags/example_params_trigger_ui.py
[2024-10-29T23:03:29.664+0000] {processor.py:925} INFO - DAG(s) 'example_params_trigger_ui' retrieved from /home/airflow/.local/lib/python3.11/site-packages/airflow/example_dags/example_params_trigger_ui.py
[2024-10-29T23:03:29.683+0000] {logging_mixin.py:190} INFO - [2024-10-29T23:03:29.683+0000] {dag.py:3239} INFO - Sync 1 DAGs
[2024-10-29T23:03:29.691+0000] {logging_mixin.py:190} INFO - [2024-10-29T23:03:29.690+0000] {dag.py:4180} INFO - Setting next_dagrun for example_params_trigger_ui to None, run_after=None
[2024-10-29T23:03:29.700+0000] {processor.py:208} INFO - Processing /home/airflow/.local/lib/python3.11/site-packages/airflow/example_dags/example_params_trigger_ui.py took 0.047 seconds
