[2024-10-29T00:50:13.497+0000] {processor.py:186} INFO - Started process (PID=47617) to work on /home/airflow/.local/lib/python3.11/site-packages/airflow/example_dags/example_sensors.py
[2024-10-29T00:50:13.498+0000] {processor.py:914} INFO - Processing file /home/airflow/.local/lib/python3.11/site-packages/airflow/example_dags/example_sensors.py for tasks to queue
[2024-10-29T00:50:13.500+0000] {logging_mixin.py:190} INFO - [2024-10-29T00:50:13.499+0000] {dagbag.py:588} INFO - Filling up the DagBag from /home/airflow/.local/lib/python3.11/site-packages/airflow/example_dags/example_sensors.py
[2024-10-29T00:50:13.512+0000] {processor.py:925} INFO - DAG(s) 'example_sensors' retrieved from /home/airflow/.local/lib/python3.11/site-packages/airflow/example_dags/example_sensors.py
[2024-10-29T00:50:13.535+0000] {logging_mixin.py:190} INFO - [2024-10-29T00:50:13.534+0000] {dag.py:3239} INFO - Sync 1 DAGs
[2024-10-29T00:50:13.547+0000] {logging_mixin.py:190} INFO - [2024-10-29T00:50:13.547+0000] {dag.py:4180} INFO - Setting next_dagrun for example_sensors to None, run_after=None
[2024-10-29T00:50:13.558+0000] {processor.py:208} INFO - Processing /home/airflow/.local/lib/python3.11/site-packages/airflow/example_dags/example_sensors.py took 0.068 seconds
[2024-10-29T02:13:53.411+0000] {processor.py:186} INFO - Started process (PID=47680) to work on /home/airflow/.local/lib/python3.11/site-packages/airflow/example_dags/example_sensors.py
[2024-10-29T02:13:53.412+0000] {processor.py:914} INFO - Processing file /home/airflow/.local/lib/python3.11/site-packages/airflow/example_dags/example_sensors.py for tasks to queue
[2024-10-29T02:13:53.414+0000] {logging_mixin.py:190} INFO - [2024-10-29T02:13:53.413+0000] {dagbag.py:588} INFO - Filling up the DagBag from /home/airflow/.local/lib/python3.11/site-packages/airflow/example_dags/example_sensors.py
[2024-10-29T02:13:53.419+0000] {processor.py:925} INFO - DAG(s) 'example_sensors' retrieved from /home/airflow/.local/lib/python3.11/site-packages/airflow/example_dags/example_sensors.py
[2024-10-29T02:13:53.432+0000] {logging_mixin.py:190} INFO - [2024-10-29T02:13:53.432+0000] {dag.py:3239} INFO - Sync 1 DAGs
[2024-10-29T02:13:53.439+0000] {logging_mixin.py:190} INFO - [2024-10-29T02:13:53.438+0000] {dag.py:4180} INFO - Setting next_dagrun for example_sensors to None, run_after=None
[2024-10-29T02:13:53.447+0000] {processor.py:208} INFO - Processing /home/airflow/.local/lib/python3.11/site-packages/airflow/example_dags/example_sensors.py took 0.039 seconds
[2024-10-29T02:45:22.429+0000] {processor.py:186} INFO - Started process (PID=47743) to work on /home/airflow/.local/lib/python3.11/site-packages/airflow/example_dags/example_sensors.py
[2024-10-29T02:45:22.429+0000] {processor.py:914} INFO - Processing file /home/airflow/.local/lib/python3.11/site-packages/airflow/example_dags/example_sensors.py for tasks to queue
[2024-10-29T02:45:22.431+0000] {logging_mixin.py:190} INFO - [2024-10-29T02:45:22.431+0000] {dagbag.py:588} INFO - Filling up the DagBag from /home/airflow/.local/lib/python3.11/site-packages/airflow/example_dags/example_sensors.py
[2024-10-29T02:45:22.437+0000] {processor.py:925} INFO - DAG(s) 'example_sensors' retrieved from /home/airflow/.local/lib/python3.11/site-packages/airflow/example_dags/example_sensors.py
[2024-10-29T02:45:22.450+0000] {logging_mixin.py:190} INFO - [2024-10-29T02:45:22.450+0000] {dag.py:3239} INFO - Sync 1 DAGs
[2024-10-29T02:45:22.457+0000] {logging_mixin.py:190} INFO - [2024-10-29T02:45:22.457+0000] {dag.py:4180} INFO - Setting next_dagrun for example_sensors to None, run_after=None
[2024-10-29T02:45:22.470+0000] {processor.py:208} INFO - Processing /home/airflow/.local/lib/python3.11/site-packages/airflow/example_dags/example_sensors.py took 0.044 seconds
[2024-10-29T03:18:12.735+0000] {processor.py:186} INFO - Started process (PID=47806) to work on /home/airflow/.local/lib/python3.11/site-packages/airflow/example_dags/example_sensors.py
[2024-10-29T03:18:12.736+0000] {processor.py:914} INFO - Processing file /home/airflow/.local/lib/python3.11/site-packages/airflow/example_dags/example_sensors.py for tasks to queue
[2024-10-29T03:18:12.738+0000] {logging_mixin.py:190} INFO - [2024-10-29T03:18:12.738+0000] {dagbag.py:588} INFO - Filling up the DagBag from /home/airflow/.local/lib/python3.11/site-packages/airflow/example_dags/example_sensors.py
[2024-10-29T03:18:12.744+0000] {processor.py:925} INFO - DAG(s) 'example_sensors' retrieved from /home/airflow/.local/lib/python3.11/site-packages/airflow/example_dags/example_sensors.py
[2024-10-29T03:18:12.759+0000] {logging_mixin.py:190} INFO - [2024-10-29T03:18:12.759+0000] {dag.py:3239} INFO - Sync 1 DAGs
[2024-10-29T03:18:12.822+0000] {logging_mixin.py:190} INFO - [2024-10-29T03:18:12.822+0000] {dag.py:4180} INFO - Setting next_dagrun for example_sensors to None, run_after=None
[2024-10-29T03:18:12.846+0000] {processor.py:208} INFO - Processing /home/airflow/.local/lib/python3.11/site-packages/airflow/example_dags/example_sensors.py took 0.115 seconds
[2024-10-29T03:45:35.939+0000] {processor.py:186} INFO - Started process (PID=47869) to work on /home/airflow/.local/lib/python3.11/site-packages/airflow/example_dags/example_sensors.py
[2024-10-29T03:45:35.940+0000] {processor.py:914} INFO - Processing file /home/airflow/.local/lib/python3.11/site-packages/airflow/example_dags/example_sensors.py for tasks to queue
[2024-10-29T03:45:35.941+0000] {logging_mixin.py:190} INFO - [2024-10-29T03:45:35.941+0000] {dagbag.py:588} INFO - Filling up the DagBag from /home/airflow/.local/lib/python3.11/site-packages/airflow/example_dags/example_sensors.py
[2024-10-29T03:45:35.947+0000] {processor.py:925} INFO - DAG(s) 'example_sensors' retrieved from /home/airflow/.local/lib/python3.11/site-packages/airflow/example_dags/example_sensors.py
[2024-10-29T03:45:35.967+0000] {logging_mixin.py:190} INFO - [2024-10-29T03:45:35.967+0000] {dag.py:3239} INFO - Sync 1 DAGs
[2024-10-29T03:45:35.978+0000] {logging_mixin.py:190} INFO - [2024-10-29T03:45:35.977+0000] {dag.py:4180} INFO - Setting next_dagrun for example_sensors to None, run_after=None
[2024-10-29T03:45:35.991+0000] {processor.py:208} INFO - Processing /home/airflow/.local/lib/python3.11/site-packages/airflow/example_dags/example_sensors.py took 0.054 seconds
[2024-10-29T04:34:58.486+0000] {processor.py:186} INFO - Started process (PID=47931) to work on /home/airflow/.local/lib/python3.11/site-packages/airflow/example_dags/example_sensors.py
[2024-10-29T04:34:58.490+0000] {processor.py:914} INFO - Processing file /home/airflow/.local/lib/python3.11/site-packages/airflow/example_dags/example_sensors.py for tasks to queue
[2024-10-29T04:34:58.491+0000] {logging_mixin.py:190} INFO - [2024-10-29T04:34:58.491+0000] {dagbag.py:588} INFO - Filling up the DagBag from /home/airflow/.local/lib/python3.11/site-packages/airflow/example_dags/example_sensors.py
[2024-10-29T04:34:58.498+0000] {processor.py:925} INFO - DAG(s) 'example_sensors' retrieved from /home/airflow/.local/lib/python3.11/site-packages/airflow/example_dags/example_sensors.py
[2024-10-29T04:34:58.510+0000] {logging_mixin.py:190} INFO - [2024-10-29T04:34:58.510+0000] {dag.py:3239} INFO - Sync 1 DAGs
[2024-10-29T04:34:58.517+0000] {logging_mixin.py:190} INFO - [2024-10-29T04:34:58.517+0000] {dag.py:4180} INFO - Setting next_dagrun for example_sensors to None, run_after=None
[2024-10-29T04:34:58.525+0000] {processor.py:208} INFO - Processing /home/airflow/.local/lib/python3.11/site-packages/airflow/example_dags/example_sensors.py took 0.042 seconds
[2024-10-29T04:59:48.671+0000] {processor.py:186} INFO - Started process (PID=47988) to work on /home/airflow/.local/lib/python3.11/site-packages/airflow/example_dags/example_sensors.py
[2024-10-29T04:59:48.672+0000] {processor.py:914} INFO - Processing file /home/airflow/.local/lib/python3.11/site-packages/airflow/example_dags/example_sensors.py for tasks to queue
[2024-10-29T04:59:48.673+0000] {logging_mixin.py:190} INFO - [2024-10-29T04:59:48.673+0000] {dagbag.py:588} INFO - Filling up the DagBag from /home/airflow/.local/lib/python3.11/site-packages/airflow/example_dags/example_sensors.py
[2024-10-29T04:59:48.679+0000] {processor.py:925} INFO - DAG(s) 'example_sensors' retrieved from /home/airflow/.local/lib/python3.11/site-packages/airflow/example_dags/example_sensors.py
[2024-10-29T04:59:48.692+0000] {logging_mixin.py:190} INFO - [2024-10-29T04:59:48.692+0000] {dag.py:3239} INFO - Sync 1 DAGs
[2024-10-29T04:59:48.699+0000] {logging_mixin.py:190} INFO - [2024-10-29T04:59:48.699+0000] {dag.py:4180} INFO - Setting next_dagrun for example_sensors to None, run_after=None
[2024-10-29T04:59:48.707+0000] {processor.py:208} INFO - Processing /home/airflow/.local/lib/python3.11/site-packages/airflow/example_dags/example_sensors.py took 0.040 seconds
[2024-10-29T05:52:13.128+0000] {processor.py:186} INFO - Started process (PID=48056) to work on /home/airflow/.local/lib/python3.11/site-packages/airflow/example_dags/example_sensors.py
[2024-10-29T05:52:13.129+0000] {processor.py:914} INFO - Processing file /home/airflow/.local/lib/python3.11/site-packages/airflow/example_dags/example_sensors.py for tasks to queue
[2024-10-29T05:52:13.131+0000] {logging_mixin.py:190} INFO - [2024-10-29T05:52:13.130+0000] {dagbag.py:588} INFO - Filling up the DagBag from /home/airflow/.local/lib/python3.11/site-packages/airflow/example_dags/example_sensors.py
[2024-10-29T05:52:13.141+0000] {processor.py:925} INFO - DAG(s) 'example_sensors' retrieved from /home/airflow/.local/lib/python3.11/site-packages/airflow/example_dags/example_sensors.py
[2024-10-29T05:52:13.158+0000] {logging_mixin.py:190} INFO - [2024-10-29T05:52:13.158+0000] {dag.py:3239} INFO - Sync 1 DAGs
[2024-10-29T05:52:13.167+0000] {logging_mixin.py:190} INFO - [2024-10-29T05:52:13.167+0000] {dag.py:4180} INFO - Setting next_dagrun for example_sensors to None, run_after=None
[2024-10-29T05:52:13.176+0000] {processor.py:208} INFO - Processing /home/airflow/.local/lib/python3.11/site-packages/airflow/example_dags/example_sensors.py took 0.051 seconds
[2024-10-29T06:30:59.890+0000] {processor.py:186} INFO - Started process (PID=48113) to work on /home/airflow/.local/lib/python3.11/site-packages/airflow/example_dags/example_sensors.py
[2024-10-29T06:30:59.891+0000] {processor.py:914} INFO - Processing file /home/airflow/.local/lib/python3.11/site-packages/airflow/example_dags/example_sensors.py for tasks to queue
[2024-10-29T06:30:59.892+0000] {logging_mixin.py:190} INFO - [2024-10-29T06:30:59.892+0000] {dagbag.py:588} INFO - Filling up the DagBag from /home/airflow/.local/lib/python3.11/site-packages/airflow/example_dags/example_sensors.py
[2024-10-29T06:30:59.899+0000] {processor.py:925} INFO - DAG(s) 'example_sensors' retrieved from /home/airflow/.local/lib/python3.11/site-packages/airflow/example_dags/example_sensors.py
[2024-10-29T06:30:59.912+0000] {logging_mixin.py:190} INFO - [2024-10-29T06:30:59.912+0000] {dag.py:3239} INFO - Sync 1 DAGs
[2024-10-29T06:30:59.918+0000] {logging_mixin.py:190} INFO - [2024-10-29T06:30:59.918+0000] {dag.py:4180} INFO - Setting next_dagrun for example_sensors to None, run_after=None
[2024-10-29T06:30:59.926+0000] {processor.py:208} INFO - Processing /home/airflow/.local/lib/python3.11/site-packages/airflow/example_dags/example_sensors.py took 0.040 seconds
[2024-10-29T07:19:57.498+0000] {processor.py:186} INFO - Started process (PID=48181) to work on /home/airflow/.local/lib/python3.11/site-packages/airflow/example_dags/example_sensors.py
[2024-10-29T07:19:57.500+0000] {processor.py:914} INFO - Processing file /home/airflow/.local/lib/python3.11/site-packages/airflow/example_dags/example_sensors.py for tasks to queue
[2024-10-29T07:19:57.502+0000] {logging_mixin.py:190} INFO - [2024-10-29T07:19:57.502+0000] {dagbag.py:588} INFO - Filling up the DagBag from /home/airflow/.local/lib/python3.11/site-packages/airflow/example_dags/example_sensors.py
[2024-10-29T07:19:57.513+0000] {processor.py:925} INFO - DAG(s) 'example_sensors' retrieved from /home/airflow/.local/lib/python3.11/site-packages/airflow/example_dags/example_sensors.py
[2024-10-29T07:19:57.528+0000] {logging_mixin.py:190} INFO - [2024-10-29T07:19:57.528+0000] {dag.py:3239} INFO - Sync 1 DAGs
[2024-10-29T07:19:57.535+0000] {logging_mixin.py:190} INFO - [2024-10-29T07:19:57.535+0000] {dag.py:4180} INFO - Setting next_dagrun for example_sensors to None, run_after=None
[2024-10-29T07:19:57.544+0000] {processor.py:208} INFO - Processing /home/airflow/.local/lib/python3.11/site-packages/airflow/example_dags/example_sensors.py took 0.051 seconds
[2024-10-29T07:59:19.039+0000] {processor.py:186} INFO - Started process (PID=48244) to work on /home/airflow/.local/lib/python3.11/site-packages/airflow/example_dags/example_sensors.py
[2024-10-29T07:59:19.043+0000] {processor.py:914} INFO - Processing file /home/airflow/.local/lib/python3.11/site-packages/airflow/example_dags/example_sensors.py for tasks to queue
[2024-10-29T07:59:19.050+0000] {logging_mixin.py:190} INFO - [2024-10-29T07:59:19.049+0000] {dagbag.py:588} INFO - Filling up the DagBag from /home/airflow/.local/lib/python3.11/site-packages/airflow/example_dags/example_sensors.py
[2024-10-29T07:59:19.059+0000] {processor.py:925} INFO - DAG(s) 'example_sensors' retrieved from /home/airflow/.local/lib/python3.11/site-packages/airflow/example_dags/example_sensors.py
[2024-10-29T07:59:19.074+0000] {logging_mixin.py:190} INFO - [2024-10-29T07:59:19.074+0000] {dag.py:3239} INFO - Sync 1 DAGs
[2024-10-29T07:59:19.081+0000] {logging_mixin.py:190} INFO - [2024-10-29T07:59:19.081+0000] {dag.py:4180} INFO - Setting next_dagrun for example_sensors to None, run_after=None
[2024-10-29T07:59:19.089+0000] {processor.py:208} INFO - Processing /home/airflow/.local/lib/python3.11/site-packages/airflow/example_dags/example_sensors.py took 0.055 seconds
[2024-10-29T07:59:49.570+0000] {processor.py:186} INFO - Started process (PID=48308) to work on /home/airflow/.local/lib/python3.11/site-packages/airflow/example_dags/example_sensors.py
[2024-10-29T07:59:49.571+0000] {processor.py:914} INFO - Processing file /home/airflow/.local/lib/python3.11/site-packages/airflow/example_dags/example_sensors.py for tasks to queue
[2024-10-29T07:59:49.573+0000] {logging_mixin.py:190} INFO - [2024-10-29T07:59:49.572+0000] {dagbag.py:588} INFO - Filling up the DagBag from /home/airflow/.local/lib/python3.11/site-packages/airflow/example_dags/example_sensors.py
[2024-10-29T07:59:49.578+0000] {processor.py:925} INFO - DAG(s) 'example_sensors' retrieved from /home/airflow/.local/lib/python3.11/site-packages/airflow/example_dags/example_sensors.py
[2024-10-29T07:59:49.593+0000] {logging_mixin.py:190} INFO - [2024-10-29T07:59:49.592+0000] {dag.py:3239} INFO - Sync 1 DAGs
[2024-10-29T07:59:49.600+0000] {logging_mixin.py:190} INFO - [2024-10-29T07:59:49.600+0000] {dag.py:4180} INFO - Setting next_dagrun for example_sensors to None, run_after=None
[2024-10-29T07:59:49.608+0000] {processor.py:208} INFO - Processing /home/airflow/.local/lib/python3.11/site-packages/airflow/example_dags/example_sensors.py took 0.041 seconds
[2024-10-29T08:00:19.913+0000] {processor.py:186} INFO - Started process (PID=48371) to work on /home/airflow/.local/lib/python3.11/site-packages/airflow/example_dags/example_sensors.py
[2024-10-29T08:00:19.914+0000] {processor.py:914} INFO - Processing file /home/airflow/.local/lib/python3.11/site-packages/airflow/example_dags/example_sensors.py for tasks to queue
[2024-10-29T08:00:19.916+0000] {logging_mixin.py:190} INFO - [2024-10-29T08:00:19.916+0000] {dagbag.py:588} INFO - Filling up the DagBag from /home/airflow/.local/lib/python3.11/site-packages/airflow/example_dags/example_sensors.py
[2024-10-29T08:00:19.926+0000] {processor.py:925} INFO - DAG(s) 'example_sensors' retrieved from /home/airflow/.local/lib/python3.11/site-packages/airflow/example_dags/example_sensors.py
[2024-10-29T08:00:19.941+0000] {logging_mixin.py:190} INFO - [2024-10-29T08:00:19.941+0000] {dag.py:3239} INFO - Sync 1 DAGs
[2024-10-29T08:00:19.948+0000] {logging_mixin.py:190} INFO - [2024-10-29T08:00:19.948+0000] {dag.py:4180} INFO - Setting next_dagrun for example_sensors to None, run_after=None
[2024-10-29T08:00:19.957+0000] {processor.py:208} INFO - Processing /home/airflow/.local/lib/python3.11/site-packages/airflow/example_dags/example_sensors.py took 0.047 seconds
[2024-10-29T08:00:50.225+0000] {processor.py:186} INFO - Started process (PID=48434) to work on /home/airflow/.local/lib/python3.11/site-packages/airflow/example_dags/example_sensors.py
[2024-10-29T08:00:50.226+0000] {processor.py:914} INFO - Processing file /home/airflow/.local/lib/python3.11/site-packages/airflow/example_dags/example_sensors.py for tasks to queue
[2024-10-29T08:00:50.227+0000] {logging_mixin.py:190} INFO - [2024-10-29T08:00:50.227+0000] {dagbag.py:588} INFO - Filling up the DagBag from /home/airflow/.local/lib/python3.11/site-packages/airflow/example_dags/example_sensors.py
[2024-10-29T08:00:50.234+0000] {processor.py:925} INFO - DAG(s) 'example_sensors' retrieved from /home/airflow/.local/lib/python3.11/site-packages/airflow/example_dags/example_sensors.py
[2024-10-29T08:00:50.249+0000] {logging_mixin.py:190} INFO - [2024-10-29T08:00:50.249+0000] {dag.py:3239} INFO - Sync 1 DAGs
[2024-10-29T08:00:50.256+0000] {logging_mixin.py:190} INFO - [2024-10-29T08:00:50.256+0000] {dag.py:4180} INFO - Setting next_dagrun for example_sensors to None, run_after=None
[2024-10-29T08:00:50.264+0000] {processor.py:208} INFO - Processing /home/airflow/.local/lib/python3.11/site-packages/airflow/example_dags/example_sensors.py took 0.044 seconds
[2024-10-29T08:01:20.794+0000] {processor.py:186} INFO - Started process (PID=48497) to work on /home/airflow/.local/lib/python3.11/site-packages/airflow/example_dags/example_sensors.py
[2024-10-29T08:01:20.795+0000] {processor.py:914} INFO - Processing file /home/airflow/.local/lib/python3.11/site-packages/airflow/example_dags/example_sensors.py for tasks to queue
[2024-10-29T08:01:20.797+0000] {logging_mixin.py:190} INFO - [2024-10-29T08:01:20.797+0000] {dagbag.py:588} INFO - Filling up the DagBag from /home/airflow/.local/lib/python3.11/site-packages/airflow/example_dags/example_sensors.py
[2024-10-29T08:01:20.805+0000] {processor.py:925} INFO - DAG(s) 'example_sensors' retrieved from /home/airflow/.local/lib/python3.11/site-packages/airflow/example_dags/example_sensors.py
[2024-10-29T08:01:20.820+0000] {logging_mixin.py:190} INFO - [2024-10-29T08:01:20.820+0000] {dag.py:3239} INFO - Sync 1 DAGs
[2024-10-29T08:01:20.829+0000] {logging_mixin.py:190} INFO - [2024-10-29T08:01:20.828+0000] {dag.py:4180} INFO - Setting next_dagrun for example_sensors to None, run_after=None
[2024-10-29T08:01:20.839+0000] {processor.py:208} INFO - Processing /home/airflow/.local/lib/python3.11/site-packages/airflow/example_dags/example_sensors.py took 0.050 seconds
[2024-10-29T08:01:51.580+0000] {processor.py:186} INFO - Started process (PID=48560) to work on /home/airflow/.local/lib/python3.11/site-packages/airflow/example_dags/example_sensors.py
[2024-10-29T08:01:51.581+0000] {processor.py:914} INFO - Processing file /home/airflow/.local/lib/python3.11/site-packages/airflow/example_dags/example_sensors.py for tasks to queue
[2024-10-29T08:01:51.583+0000] {logging_mixin.py:190} INFO - [2024-10-29T08:01:51.583+0000] {dagbag.py:588} INFO - Filling up the DagBag from /home/airflow/.local/lib/python3.11/site-packages/airflow/example_dags/example_sensors.py
[2024-10-29T08:01:51.590+0000] {processor.py:925} INFO - DAG(s) 'example_sensors' retrieved from /home/airflow/.local/lib/python3.11/site-packages/airflow/example_dags/example_sensors.py
[2024-10-29T08:01:51.604+0000] {logging_mixin.py:190} INFO - [2024-10-29T08:01:51.604+0000] {dag.py:3239} INFO - Sync 1 DAGs
[2024-10-29T08:01:51.612+0000] {logging_mixin.py:190} INFO - [2024-10-29T08:01:51.612+0000] {dag.py:4180} INFO - Setting next_dagrun for example_sensors to None, run_after=None
[2024-10-29T08:01:51.623+0000] {processor.py:208} INFO - Processing /home/airflow/.local/lib/python3.11/site-packages/airflow/example_dags/example_sensors.py took 0.046 seconds
[2024-10-29T08:02:22.451+0000] {processor.py:186} INFO - Started process (PID=48623) to work on /home/airflow/.local/lib/python3.11/site-packages/airflow/example_dags/example_sensors.py
[2024-10-29T08:02:22.451+0000] {processor.py:914} INFO - Processing file /home/airflow/.local/lib/python3.11/site-packages/airflow/example_dags/example_sensors.py for tasks to queue
[2024-10-29T08:02:22.453+0000] {logging_mixin.py:190} INFO - [2024-10-29T08:02:22.452+0000] {dagbag.py:588} INFO - Filling up the DagBag from /home/airflow/.local/lib/python3.11/site-packages/airflow/example_dags/example_sensors.py
[2024-10-29T08:02:22.458+0000] {processor.py:925} INFO - DAG(s) 'example_sensors' retrieved from /home/airflow/.local/lib/python3.11/site-packages/airflow/example_dags/example_sensors.py
[2024-10-29T08:02:22.471+0000] {logging_mixin.py:190} INFO - [2024-10-29T08:02:22.470+0000] {dag.py:3239} INFO - Sync 1 DAGs
[2024-10-29T08:02:22.477+0000] {logging_mixin.py:190} INFO - [2024-10-29T08:02:22.477+0000] {dag.py:4180} INFO - Setting next_dagrun for example_sensors to None, run_after=None
[2024-10-29T08:02:22.484+0000] {processor.py:208} INFO - Processing /home/airflow/.local/lib/python3.11/site-packages/airflow/example_dags/example_sensors.py took 0.038 seconds
[2024-10-29T08:02:53.206+0000] {processor.py:186} INFO - Started process (PID=48686) to work on /home/airflow/.local/lib/python3.11/site-packages/airflow/example_dags/example_sensors.py
[2024-10-29T08:02:53.207+0000] {processor.py:914} INFO - Processing file /home/airflow/.local/lib/python3.11/site-packages/airflow/example_dags/example_sensors.py for tasks to queue
[2024-10-29T08:02:53.208+0000] {logging_mixin.py:190} INFO - [2024-10-29T08:02:53.208+0000] {dagbag.py:588} INFO - Filling up the DagBag from /home/airflow/.local/lib/python3.11/site-packages/airflow/example_dags/example_sensors.py
[2024-10-29T08:02:53.214+0000] {processor.py:925} INFO - DAG(s) 'example_sensors' retrieved from /home/airflow/.local/lib/python3.11/site-packages/airflow/example_dags/example_sensors.py
[2024-10-29T08:02:53.226+0000] {logging_mixin.py:190} INFO - [2024-10-29T08:02:53.226+0000] {dag.py:3239} INFO - Sync 1 DAGs
[2024-10-29T08:02:53.232+0000] {logging_mixin.py:190} INFO - [2024-10-29T08:02:53.232+0000] {dag.py:4180} INFO - Setting next_dagrun for example_sensors to None, run_after=None
[2024-10-29T08:02:53.240+0000] {processor.py:208} INFO - Processing /home/airflow/.local/lib/python3.11/site-packages/airflow/example_dags/example_sensors.py took 0.037 seconds
[2024-10-29T08:03:23.669+0000] {processor.py:186} INFO - Started process (PID=48749) to work on /home/airflow/.local/lib/python3.11/site-packages/airflow/example_dags/example_sensors.py
[2024-10-29T08:03:23.670+0000] {processor.py:914} INFO - Processing file /home/airflow/.local/lib/python3.11/site-packages/airflow/example_dags/example_sensors.py for tasks to queue
[2024-10-29T08:03:23.671+0000] {logging_mixin.py:190} INFO - [2024-10-29T08:03:23.671+0000] {dagbag.py:588} INFO - Filling up the DagBag from /home/airflow/.local/lib/python3.11/site-packages/airflow/example_dags/example_sensors.py
[2024-10-29T08:03:23.678+0000] {processor.py:925} INFO - DAG(s) 'example_sensors' retrieved from /home/airflow/.local/lib/python3.11/site-packages/airflow/example_dags/example_sensors.py
[2024-10-29T08:03:23.691+0000] {logging_mixin.py:190} INFO - [2024-10-29T08:03:23.691+0000] {dag.py:3239} INFO - Sync 1 DAGs
[2024-10-29T08:03:23.697+0000] {logging_mixin.py:190} INFO - [2024-10-29T08:03:23.697+0000] {dag.py:4180} INFO - Setting next_dagrun for example_sensors to None, run_after=None
[2024-10-29T08:03:23.706+0000] {processor.py:208} INFO - Processing /home/airflow/.local/lib/python3.11/site-packages/airflow/example_dags/example_sensors.py took 0.040 seconds
[2024-10-29T08:03:54.026+0000] {processor.py:186} INFO - Started process (PID=48812) to work on /home/airflow/.local/lib/python3.11/site-packages/airflow/example_dags/example_sensors.py
[2024-10-29T08:03:54.027+0000] {processor.py:914} INFO - Processing file /home/airflow/.local/lib/python3.11/site-packages/airflow/example_dags/example_sensors.py for tasks to queue
[2024-10-29T08:03:54.028+0000] {logging_mixin.py:190} INFO - [2024-10-29T08:03:54.028+0000] {dagbag.py:588} INFO - Filling up the DagBag from /home/airflow/.local/lib/python3.11/site-packages/airflow/example_dags/example_sensors.py
[2024-10-29T08:03:54.035+0000] {processor.py:925} INFO - DAG(s) 'example_sensors' retrieved from /home/airflow/.local/lib/python3.11/site-packages/airflow/example_dags/example_sensors.py
[2024-10-29T08:03:54.047+0000] {logging_mixin.py:190} INFO - [2024-10-29T08:03:54.047+0000] {dag.py:3239} INFO - Sync 1 DAGs
[2024-10-29T08:03:54.057+0000] {logging_mixin.py:190} INFO - [2024-10-29T08:03:54.057+0000] {dag.py:4180} INFO - Setting next_dagrun for example_sensors to None, run_after=None
[2024-10-29T08:03:54.067+0000] {processor.py:208} INFO - Processing /home/airflow/.local/lib/python3.11/site-packages/airflow/example_dags/example_sensors.py took 0.044 seconds
[2024-10-29T08:04:24.515+0000] {processor.py:186} INFO - Started process (PID=48875) to work on /home/airflow/.local/lib/python3.11/site-packages/airflow/example_dags/example_sensors.py
[2024-10-29T08:04:24.516+0000] {processor.py:914} INFO - Processing file /home/airflow/.local/lib/python3.11/site-packages/airflow/example_dags/example_sensors.py for tasks to queue
[2024-10-29T08:04:24.518+0000] {logging_mixin.py:190} INFO - [2024-10-29T08:04:24.518+0000] {dagbag.py:588} INFO - Filling up the DagBag from /home/airflow/.local/lib/python3.11/site-packages/airflow/example_dags/example_sensors.py
[2024-10-29T08:04:24.525+0000] {processor.py:925} INFO - DAG(s) 'example_sensors' retrieved from /home/airflow/.local/lib/python3.11/site-packages/airflow/example_dags/example_sensors.py
[2024-10-29T08:04:24.539+0000] {logging_mixin.py:190} INFO - [2024-10-29T08:04:24.539+0000] {dag.py:3239} INFO - Sync 1 DAGs
[2024-10-29T08:04:24.550+0000] {logging_mixin.py:190} INFO - [2024-10-29T08:04:24.550+0000] {dag.py:4180} INFO - Setting next_dagrun for example_sensors to None, run_after=None
[2024-10-29T08:04:24.560+0000] {processor.py:208} INFO - Processing /home/airflow/.local/lib/python3.11/site-packages/airflow/example_dags/example_sensors.py took 0.048 seconds
[2024-10-29T08:04:54.938+0000] {processor.py:186} INFO - Started process (PID=48937) to work on /home/airflow/.local/lib/python3.11/site-packages/airflow/example_dags/example_sensors.py
[2024-10-29T08:04:54.940+0000] {processor.py:914} INFO - Processing file /home/airflow/.local/lib/python3.11/site-packages/airflow/example_dags/example_sensors.py for tasks to queue
[2024-10-29T08:04:54.942+0000] {logging_mixin.py:190} INFO - [2024-10-29T08:04:54.941+0000] {dagbag.py:588} INFO - Filling up the DagBag from /home/airflow/.local/lib/python3.11/site-packages/airflow/example_dags/example_sensors.py
[2024-10-29T08:04:54.948+0000] {processor.py:925} INFO - DAG(s) 'example_sensors' retrieved from /home/airflow/.local/lib/python3.11/site-packages/airflow/example_dags/example_sensors.py
[2024-10-29T08:04:54.962+0000] {logging_mixin.py:190} INFO - [2024-10-29T08:04:54.962+0000] {dag.py:3239} INFO - Sync 1 DAGs
[2024-10-29T08:04:54.969+0000] {logging_mixin.py:190} INFO - [2024-10-29T08:04:54.969+0000] {dag.py:4180} INFO - Setting next_dagrun for example_sensors to None, run_after=None
[2024-10-29T08:04:54.977+0000] {processor.py:208} INFO - Processing /home/airflow/.local/lib/python3.11/site-packages/airflow/example_dags/example_sensors.py took 0.042 seconds
[2024-10-29T08:05:25.540+0000] {processor.py:186} INFO - Started process (PID=49000) to work on /home/airflow/.local/lib/python3.11/site-packages/airflow/example_dags/example_sensors.py
[2024-10-29T08:05:25.543+0000] {processor.py:914} INFO - Processing file /home/airflow/.local/lib/python3.11/site-packages/airflow/example_dags/example_sensors.py for tasks to queue
[2024-10-29T08:05:25.545+0000] {logging_mixin.py:190} INFO - [2024-10-29T08:05:25.545+0000] {dagbag.py:588} INFO - Filling up the DagBag from /home/airflow/.local/lib/python3.11/site-packages/airflow/example_dags/example_sensors.py
[2024-10-29T08:05:25.551+0000] {processor.py:925} INFO - DAG(s) 'example_sensors' retrieved from /home/airflow/.local/lib/python3.11/site-packages/airflow/example_dags/example_sensors.py
[2024-10-29T08:05:25.564+0000] {logging_mixin.py:190} INFO - [2024-10-29T08:05:25.564+0000] {dag.py:3239} INFO - Sync 1 DAGs
[2024-10-29T08:05:25.571+0000] {logging_mixin.py:190} INFO - [2024-10-29T08:05:25.571+0000] {dag.py:4180} INFO - Setting next_dagrun for example_sensors to None, run_after=None
[2024-10-29T08:05:25.580+0000] {processor.py:208} INFO - Processing /home/airflow/.local/lib/python3.11/site-packages/airflow/example_dags/example_sensors.py took 0.043 seconds
[2024-10-29T08:05:56.108+0000] {processor.py:186} INFO - Started process (PID=49063) to work on /home/airflow/.local/lib/python3.11/site-packages/airflow/example_dags/example_sensors.py
[2024-10-29T08:05:56.109+0000] {processor.py:914} INFO - Processing file /home/airflow/.local/lib/python3.11/site-packages/airflow/example_dags/example_sensors.py for tasks to queue
[2024-10-29T08:05:56.111+0000] {logging_mixin.py:190} INFO - [2024-10-29T08:05:56.111+0000] {dagbag.py:588} INFO - Filling up the DagBag from /home/airflow/.local/lib/python3.11/site-packages/airflow/example_dags/example_sensors.py
[2024-10-29T08:05:56.120+0000] {processor.py:925} INFO - DAG(s) 'example_sensors' retrieved from /home/airflow/.local/lib/python3.11/site-packages/airflow/example_dags/example_sensors.py
[2024-10-29T08:05:56.137+0000] {logging_mixin.py:190} INFO - [2024-10-29T08:05:56.137+0000] {dag.py:3239} INFO - Sync 1 DAGs
[2024-10-29T08:05:56.144+0000] {logging_mixin.py:190} INFO - [2024-10-29T08:05:56.144+0000] {dag.py:4180} INFO - Setting next_dagrun for example_sensors to None, run_after=None
[2024-10-29T08:05:56.153+0000] {processor.py:208} INFO - Processing /home/airflow/.local/lib/python3.11/site-packages/airflow/example_dags/example_sensors.py took 0.049 seconds
[2024-10-29T08:06:26.496+0000] {processor.py:186} INFO - Started process (PID=49126) to work on /home/airflow/.local/lib/python3.11/site-packages/airflow/example_dags/example_sensors.py
[2024-10-29T08:06:26.497+0000] {processor.py:914} INFO - Processing file /home/airflow/.local/lib/python3.11/site-packages/airflow/example_dags/example_sensors.py for tasks to queue
[2024-10-29T08:06:26.498+0000] {logging_mixin.py:190} INFO - [2024-10-29T08:06:26.498+0000] {dagbag.py:588} INFO - Filling up the DagBag from /home/airflow/.local/lib/python3.11/site-packages/airflow/example_dags/example_sensors.py
[2024-10-29T08:06:26.505+0000] {processor.py:925} INFO - DAG(s) 'example_sensors' retrieved from /home/airflow/.local/lib/python3.11/site-packages/airflow/example_dags/example_sensors.py
[2024-10-29T08:06:26.517+0000] {logging_mixin.py:190} INFO - [2024-10-29T08:06:26.517+0000] {dag.py:3239} INFO - Sync 1 DAGs
[2024-10-29T08:06:26.524+0000] {logging_mixin.py:190} INFO - [2024-10-29T08:06:26.524+0000] {dag.py:4180} INFO - Setting next_dagrun for example_sensors to None, run_after=None
[2024-10-29T08:06:26.533+0000] {processor.py:208} INFO - Processing /home/airflow/.local/lib/python3.11/site-packages/airflow/example_dags/example_sensors.py took 0.040 seconds
[2024-10-29T08:06:57.681+0000] {processor.py:186} INFO - Started process (PID=49189) to work on /home/airflow/.local/lib/python3.11/site-packages/airflow/example_dags/example_sensors.py
[2024-10-29T08:06:57.681+0000] {processor.py:914} INFO - Processing file /home/airflow/.local/lib/python3.11/site-packages/airflow/example_dags/example_sensors.py for tasks to queue
[2024-10-29T08:06:57.683+0000] {logging_mixin.py:190} INFO - [2024-10-29T08:06:57.683+0000] {dagbag.py:588} INFO - Filling up the DagBag from /home/airflow/.local/lib/python3.11/site-packages/airflow/example_dags/example_sensors.py
[2024-10-29T08:06:57.692+0000] {processor.py:925} INFO - DAG(s) 'example_sensors' retrieved from /home/airflow/.local/lib/python3.11/site-packages/airflow/example_dags/example_sensors.py
[2024-10-29T08:06:57.708+0000] {logging_mixin.py:190} INFO - [2024-10-29T08:06:57.708+0000] {dag.py:3239} INFO - Sync 1 DAGs
[2024-10-29T08:06:57.717+0000] {logging_mixin.py:190} INFO - [2024-10-29T08:06:57.717+0000] {dag.py:4180} INFO - Setting next_dagrun for example_sensors to None, run_after=None
[2024-10-29T08:06:57.728+0000] {processor.py:208} INFO - Processing /home/airflow/.local/lib/python3.11/site-packages/airflow/example_dags/example_sensors.py took 0.051 seconds
[2024-10-29T08:07:28.557+0000] {processor.py:186} INFO - Started process (PID=49252) to work on /home/airflow/.local/lib/python3.11/site-packages/airflow/example_dags/example_sensors.py
[2024-10-29T08:07:28.558+0000] {processor.py:914} INFO - Processing file /home/airflow/.local/lib/python3.11/site-packages/airflow/example_dags/example_sensors.py for tasks to queue
[2024-10-29T08:07:28.560+0000] {logging_mixin.py:190} INFO - [2024-10-29T08:07:28.560+0000] {dagbag.py:588} INFO - Filling up the DagBag from /home/airflow/.local/lib/python3.11/site-packages/airflow/example_dags/example_sensors.py
[2024-10-29T08:07:28.567+0000] {processor.py:925} INFO - DAG(s) 'example_sensors' retrieved from /home/airflow/.local/lib/python3.11/site-packages/airflow/example_dags/example_sensors.py
[2024-10-29T08:07:28.583+0000] {logging_mixin.py:190} INFO - [2024-10-29T08:07:28.582+0000] {dag.py:3239} INFO - Sync 1 DAGs
[2024-10-29T08:07:28.590+0000] {logging_mixin.py:190} INFO - [2024-10-29T08:07:28.589+0000] {dag.py:4180} INFO - Setting next_dagrun for example_sensors to None, run_after=None
[2024-10-29T08:07:28.598+0000] {processor.py:208} INFO - Processing /home/airflow/.local/lib/python3.11/site-packages/airflow/example_dags/example_sensors.py took 0.046 seconds
[2024-10-29T08:07:59.516+0000] {processor.py:186} INFO - Started process (PID=49315) to work on /home/airflow/.local/lib/python3.11/site-packages/airflow/example_dags/example_sensors.py
[2024-10-29T08:07:59.517+0000] {processor.py:914} INFO - Processing file /home/airflow/.local/lib/python3.11/site-packages/airflow/example_dags/example_sensors.py for tasks to queue
[2024-10-29T08:07:59.519+0000] {logging_mixin.py:190} INFO - [2024-10-29T08:07:59.518+0000] {dagbag.py:588} INFO - Filling up the DagBag from /home/airflow/.local/lib/python3.11/site-packages/airflow/example_dags/example_sensors.py
[2024-10-29T08:07:59.525+0000] {processor.py:925} INFO - DAG(s) 'example_sensors' retrieved from /home/airflow/.local/lib/python3.11/site-packages/airflow/example_dags/example_sensors.py
[2024-10-29T08:07:59.545+0000] {logging_mixin.py:190} INFO - [2024-10-29T08:07:59.545+0000] {dag.py:3239} INFO - Sync 1 DAGs
[2024-10-29T08:07:59.557+0000] {logging_mixin.py:190} INFO - [2024-10-29T08:07:59.557+0000] {dag.py:4180} INFO - Setting next_dagrun for example_sensors to None, run_after=None
[2024-10-29T08:07:59.569+0000] {processor.py:208} INFO - Processing /home/airflow/.local/lib/python3.11/site-packages/airflow/example_dags/example_sensors.py took 0.057 seconds
[2024-10-29T08:08:30.148+0000] {processor.py:186} INFO - Started process (PID=49378) to work on /home/airflow/.local/lib/python3.11/site-packages/airflow/example_dags/example_sensors.py
[2024-10-29T08:08:30.149+0000] {processor.py:914} INFO - Processing file /home/airflow/.local/lib/python3.11/site-packages/airflow/example_dags/example_sensors.py for tasks to queue
[2024-10-29T08:08:30.150+0000] {logging_mixin.py:190} INFO - [2024-10-29T08:08:30.150+0000] {dagbag.py:588} INFO - Filling up the DagBag from /home/airflow/.local/lib/python3.11/site-packages/airflow/example_dags/example_sensors.py
[2024-10-29T08:08:30.157+0000] {processor.py:925} INFO - DAG(s) 'example_sensors' retrieved from /home/airflow/.local/lib/python3.11/site-packages/airflow/example_dags/example_sensors.py
[2024-10-29T08:08:30.171+0000] {logging_mixin.py:190} INFO - [2024-10-29T08:08:30.171+0000] {dag.py:3239} INFO - Sync 1 DAGs
[2024-10-29T08:08:30.178+0000] {logging_mixin.py:190} INFO - [2024-10-29T08:08:30.178+0000] {dag.py:4180} INFO - Setting next_dagrun for example_sensors to None, run_after=None
[2024-10-29T08:08:30.187+0000] {processor.py:208} INFO - Processing /home/airflow/.local/lib/python3.11/site-packages/airflow/example_dags/example_sensors.py took 0.043 seconds
[2024-10-29T08:09:00.782+0000] {processor.py:186} INFO - Started process (PID=49440) to work on /home/airflow/.local/lib/python3.11/site-packages/airflow/example_dags/example_sensors.py
[2024-10-29T08:09:00.783+0000] {processor.py:914} INFO - Processing file /home/airflow/.local/lib/python3.11/site-packages/airflow/example_dags/example_sensors.py for tasks to queue
[2024-10-29T08:09:00.784+0000] {logging_mixin.py:190} INFO - [2024-10-29T08:09:00.784+0000] {dagbag.py:588} INFO - Filling up the DagBag from /home/airflow/.local/lib/python3.11/site-packages/airflow/example_dags/example_sensors.py
[2024-10-29T08:09:00.791+0000] {processor.py:925} INFO - DAG(s) 'example_sensors' retrieved from /home/airflow/.local/lib/python3.11/site-packages/airflow/example_dags/example_sensors.py
[2024-10-29T08:09:00.812+0000] {logging_mixin.py:190} INFO - [2024-10-29T08:09:00.812+0000] {dag.py:3239} INFO - Sync 1 DAGs
[2024-10-29T08:09:00.823+0000] {logging_mixin.py:190} INFO - [2024-10-29T08:09:00.823+0000] {dag.py:4180} INFO - Setting next_dagrun for example_sensors to None, run_after=None
[2024-10-29T08:09:00.835+0000] {processor.py:208} INFO - Processing /home/airflow/.local/lib/python3.11/site-packages/airflow/example_dags/example_sensors.py took 0.057 seconds
[2024-10-29T08:09:31.261+0000] {processor.py:186} INFO - Started process (PID=49503) to work on /home/airflow/.local/lib/python3.11/site-packages/airflow/example_dags/example_sensors.py
[2024-10-29T08:09:31.263+0000] {processor.py:914} INFO - Processing file /home/airflow/.local/lib/python3.11/site-packages/airflow/example_dags/example_sensors.py for tasks to queue
[2024-10-29T08:09:31.266+0000] {logging_mixin.py:190} INFO - [2024-10-29T08:09:31.266+0000] {dagbag.py:588} INFO - Filling up the DagBag from /home/airflow/.local/lib/python3.11/site-packages/airflow/example_dags/example_sensors.py
[2024-10-29T08:09:31.281+0000] {processor.py:925} INFO - DAG(s) 'example_sensors' retrieved from /home/airflow/.local/lib/python3.11/site-packages/airflow/example_dags/example_sensors.py
[2024-10-29T08:09:31.319+0000] {logging_mixin.py:190} INFO - [2024-10-29T08:09:31.319+0000] {dag.py:3239} INFO - Sync 1 DAGs
[2024-10-29T08:09:31.334+0000] {logging_mixin.py:190} INFO - [2024-10-29T08:09:31.333+0000] {dag.py:4180} INFO - Setting next_dagrun for example_sensors to None, run_after=None
[2024-10-29T08:09:31.350+0000] {processor.py:208} INFO - Processing /home/airflow/.local/lib/python3.11/site-packages/airflow/example_dags/example_sensors.py took 0.100 seconds
[2024-10-29T08:10:02.473+0000] {processor.py:186} INFO - Started process (PID=49566) to work on /home/airflow/.local/lib/python3.11/site-packages/airflow/example_dags/example_sensors.py
[2024-10-29T08:10:02.475+0000] {processor.py:914} INFO - Processing file /home/airflow/.local/lib/python3.11/site-packages/airflow/example_dags/example_sensors.py for tasks to queue
[2024-10-29T08:10:02.483+0000] {logging_mixin.py:190} INFO - [2024-10-29T08:10:02.482+0000] {dagbag.py:588} INFO - Filling up the DagBag from /home/airflow/.local/lib/python3.11/site-packages/airflow/example_dags/example_sensors.py
[2024-10-29T08:10:02.508+0000] {processor.py:925} INFO - DAG(s) 'example_sensors' retrieved from /home/airflow/.local/lib/python3.11/site-packages/airflow/example_dags/example_sensors.py
[2024-10-29T08:10:02.533+0000] {logging_mixin.py:190} INFO - [2024-10-29T08:10:02.533+0000] {dag.py:3239} INFO - Sync 1 DAGs
[2024-10-29T08:10:02.580+0000] {logging_mixin.py:190} INFO - [2024-10-29T08:10:02.580+0000] {dag.py:4180} INFO - Setting next_dagrun for example_sensors to None, run_after=None
[2024-10-29T08:10:02.622+0000] {processor.py:208} INFO - Processing /home/airflow/.local/lib/python3.11/site-packages/airflow/example_dags/example_sensors.py took 0.158 seconds
[2024-10-29T08:10:32.707+0000] {processor.py:186} INFO - Started process (PID=49629) to work on /home/airflow/.local/lib/python3.11/site-packages/airflow/example_dags/example_sensors.py
[2024-10-29T08:10:32.708+0000] {processor.py:914} INFO - Processing file /home/airflow/.local/lib/python3.11/site-packages/airflow/example_dags/example_sensors.py for tasks to queue
[2024-10-29T08:10:32.710+0000] {logging_mixin.py:190} INFO - [2024-10-29T08:10:32.710+0000] {dagbag.py:588} INFO - Filling up the DagBag from /home/airflow/.local/lib/python3.11/site-packages/airflow/example_dags/example_sensors.py
[2024-10-29T08:10:32.720+0000] {processor.py:925} INFO - DAG(s) 'example_sensors' retrieved from /home/airflow/.local/lib/python3.11/site-packages/airflow/example_dags/example_sensors.py
[2024-10-29T08:10:32.740+0000] {logging_mixin.py:190} INFO - [2024-10-29T08:10:32.740+0000] {dag.py:3239} INFO - Sync 1 DAGs
[2024-10-29T08:10:32.759+0000] {logging_mixin.py:190} INFO - [2024-10-29T08:10:32.758+0000] {dag.py:4180} INFO - Setting next_dagrun for example_sensors to None, run_after=None
[2024-10-29T08:10:32.784+0000] {processor.py:208} INFO - Processing /home/airflow/.local/lib/python3.11/site-packages/airflow/example_dags/example_sensors.py took 0.082 seconds
[2024-10-29T18:53:01.976+0000] {processor.py:186} INFO - Started process (PID=66) to work on /home/airflow/.local/lib/python3.11/site-packages/airflow/example_dags/example_sensors.py
[2024-10-29T18:53:01.980+0000] {processor.py:914} INFO - Processing file /home/airflow/.local/lib/python3.11/site-packages/airflow/example_dags/example_sensors.py for tasks to queue
[2024-10-29T18:53:01.988+0000] {logging_mixin.py:190} INFO - [2024-10-29T18:53:01.988+0000] {dagbag.py:588} INFO - Filling up the DagBag from /home/airflow/.local/lib/python3.11/site-packages/airflow/example_dags/example_sensors.py
[2024-10-29T18:53:02.003+0000] {processor.py:925} INFO - DAG(s) 'example_sensors' retrieved from /home/airflow/.local/lib/python3.11/site-packages/airflow/example_dags/example_sensors.py
[2024-10-29T18:53:02.045+0000] {logging_mixin.py:190} INFO - [2024-10-29T18:53:02.045+0000] {dag.py:3239} INFO - Sync 1 DAGs
[2024-10-29T18:53:02.062+0000] {logging_mixin.py:190} INFO - [2024-10-29T18:53:02.062+0000] {dag.py:4180} INFO - Setting next_dagrun for example_sensors to None, run_after=None
[2024-10-29T18:53:02.091+0000] {processor.py:208} INFO - Processing /home/airflow/.local/lib/python3.11/site-packages/airflow/example_dags/example_sensors.py took 0.137 seconds
[2024-10-29T18:53:34.095+0000] {processor.py:186} INFO - Started process (PID=128) to work on /home/airflow/.local/lib/python3.11/site-packages/airflow/example_dags/example_sensors.py
[2024-10-29T18:53:34.101+0000] {processor.py:914} INFO - Processing file /home/airflow/.local/lib/python3.11/site-packages/airflow/example_dags/example_sensors.py for tasks to queue
[2024-10-29T18:53:34.106+0000] {logging_mixin.py:190} INFO - [2024-10-29T18:53:34.105+0000] {dagbag.py:588} INFO - Filling up the DagBag from /home/airflow/.local/lib/python3.11/site-packages/airflow/example_dags/example_sensors.py
[2024-10-29T18:53:34.128+0000] {processor.py:925} INFO - DAG(s) 'example_sensors' retrieved from /home/airflow/.local/lib/python3.11/site-packages/airflow/example_dags/example_sensors.py
[2024-10-29T18:53:34.243+0000] {logging_mixin.py:190} INFO - [2024-10-29T18:53:34.242+0000] {dag.py:3239} INFO - Sync 1 DAGs
[2024-10-29T18:53:34.295+0000] {logging_mixin.py:190} INFO - [2024-10-29T18:53:34.294+0000] {dag.py:4180} INFO - Setting next_dagrun for example_sensors to None, run_after=None
[2024-10-29T18:53:34.338+0000] {processor.py:208} INFO - Processing /home/airflow/.local/lib/python3.11/site-packages/airflow/example_dags/example_sensors.py took 0.254 seconds
[2024-10-29T18:54:20.450+0000] {processor.py:186} INFO - Started process (PID=197) to work on /home/airflow/.local/lib/python3.11/site-packages/airflow/example_dags/example_sensors.py
[2024-10-29T18:54:20.455+0000] {processor.py:914} INFO - Processing file /home/airflow/.local/lib/python3.11/site-packages/airflow/example_dags/example_sensors.py for tasks to queue
[2024-10-29T18:54:20.460+0000] {logging_mixin.py:190} INFO - [2024-10-29T18:54:20.459+0000] {dagbag.py:588} INFO - Filling up the DagBag from /home/airflow/.local/lib/python3.11/site-packages/airflow/example_dags/example_sensors.py
[2024-10-29T18:54:20.487+0000] {processor.py:925} INFO - DAG(s) 'example_sensors' retrieved from /home/airflow/.local/lib/python3.11/site-packages/airflow/example_dags/example_sensors.py
[2024-10-29T18:54:20.573+0000] {logging_mixin.py:190} INFO - [2024-10-29T18:54:20.572+0000] {dag.py:3239} INFO - Sync 1 DAGs
[2024-10-29T18:54:20.626+0000] {logging_mixin.py:190} INFO - [2024-10-29T18:54:20.625+0000] {dag.py:4180} INFO - Setting next_dagrun for example_sensors to None, run_after=None
[2024-10-29T18:54:20.697+0000] {processor.py:208} INFO - Processing /home/airflow/.local/lib/python3.11/site-packages/airflow/example_dags/example_sensors.py took 0.274 seconds
[2024-10-29T18:55:04.359+0000] {processor.py:186} INFO - Started process (PID=259) to work on /home/airflow/.local/lib/python3.11/site-packages/airflow/example_dags/example_sensors.py
[2024-10-29T18:55:04.364+0000] {processor.py:914} INFO - Processing file /home/airflow/.local/lib/python3.11/site-packages/airflow/example_dags/example_sensors.py for tasks to queue
[2024-10-29T18:55:04.373+0000] {logging_mixin.py:190} INFO - [2024-10-29T18:55:04.372+0000] {dagbag.py:588} INFO - Filling up the DagBag from /home/airflow/.local/lib/python3.11/site-packages/airflow/example_dags/example_sensors.py
[2024-10-29T18:55:04.422+0000] {processor.py:925} INFO - DAG(s) 'example_sensors' retrieved from /home/airflow/.local/lib/python3.11/site-packages/airflow/example_dags/example_sensors.py
[2024-10-29T18:55:04.481+0000] {logging_mixin.py:190} INFO - [2024-10-29T18:55:04.481+0000] {dag.py:3239} INFO - Sync 1 DAGs
[2024-10-29T18:55:04.514+0000] {logging_mixin.py:190} INFO - [2024-10-29T18:55:04.513+0000] {dag.py:4180} INFO - Setting next_dagrun for example_sensors to None, run_after=None
[2024-10-29T18:55:04.546+0000] {processor.py:208} INFO - Processing /home/airflow/.local/lib/python3.11/site-packages/airflow/example_dags/example_sensors.py took 0.198 seconds
[2024-10-29T18:55:46.430+0000] {processor.py:186} INFO - Started process (PID=327) to work on /home/airflow/.local/lib/python3.11/site-packages/airflow/example_dags/example_sensors.py
[2024-10-29T18:55:46.432+0000] {processor.py:914} INFO - Processing file /home/airflow/.local/lib/python3.11/site-packages/airflow/example_dags/example_sensors.py for tasks to queue
[2024-10-29T18:55:46.434+0000] {logging_mixin.py:190} INFO - [2024-10-29T18:55:46.434+0000] {dagbag.py:588} INFO - Filling up the DagBag from /home/airflow/.local/lib/python3.11/site-packages/airflow/example_dags/example_sensors.py
[2024-10-29T18:55:46.442+0000] {processor.py:925} INFO - DAG(s) 'example_sensors' retrieved from /home/airflow/.local/lib/python3.11/site-packages/airflow/example_dags/example_sensors.py
[2024-10-29T18:55:46.456+0000] {logging_mixin.py:190} INFO - [2024-10-29T18:55:46.456+0000] {dag.py:3239} INFO - Sync 1 DAGs
[2024-10-29T18:55:46.468+0000] {logging_mixin.py:190} INFO - [2024-10-29T18:55:46.468+0000] {dag.py:4180} INFO - Setting next_dagrun for example_sensors to None, run_after=None
[2024-10-29T18:55:46.508+0000] {processor.py:208} INFO - Processing /home/airflow/.local/lib/python3.11/site-packages/airflow/example_dags/example_sensors.py took 0.082 seconds
[2024-10-29T18:56:17.063+0000] {processor.py:186} INFO - Started process (PID=390) to work on /home/airflow/.local/lib/python3.11/site-packages/airflow/example_dags/example_sensors.py
[2024-10-29T18:56:17.064+0000] {processor.py:914} INFO - Processing file /home/airflow/.local/lib/python3.11/site-packages/airflow/example_dags/example_sensors.py for tasks to queue
[2024-10-29T18:56:17.065+0000] {logging_mixin.py:190} INFO - [2024-10-29T18:56:17.065+0000] {dagbag.py:588} INFO - Filling up the DagBag from /home/airflow/.local/lib/python3.11/site-packages/airflow/example_dags/example_sensors.py
[2024-10-29T18:56:17.072+0000] {processor.py:925} INFO - DAG(s) 'example_sensors' retrieved from /home/airflow/.local/lib/python3.11/site-packages/airflow/example_dags/example_sensors.py
[2024-10-29T18:56:17.085+0000] {logging_mixin.py:190} INFO - [2024-10-29T18:56:17.085+0000] {dag.py:3239} INFO - Sync 1 DAGs
[2024-10-29T18:56:17.092+0000] {logging_mixin.py:190} INFO - [2024-10-29T18:56:17.092+0000] {dag.py:4180} INFO - Setting next_dagrun for example_sensors to None, run_after=None
[2024-10-29T18:56:17.100+0000] {processor.py:208} INFO - Processing /home/airflow/.local/lib/python3.11/site-packages/airflow/example_dags/example_sensors.py took 0.040 seconds
[2024-10-29T18:56:47.878+0000] {processor.py:186} INFO - Started process (PID=453) to work on /home/airflow/.local/lib/python3.11/site-packages/airflow/example_dags/example_sensors.py
[2024-10-29T18:56:47.879+0000] {processor.py:914} INFO - Processing file /home/airflow/.local/lib/python3.11/site-packages/airflow/example_dags/example_sensors.py for tasks to queue
[2024-10-29T18:56:47.880+0000] {logging_mixin.py:190} INFO - [2024-10-29T18:56:47.880+0000] {dagbag.py:588} INFO - Filling up the DagBag from /home/airflow/.local/lib/python3.11/site-packages/airflow/example_dags/example_sensors.py
[2024-10-29T18:56:47.887+0000] {processor.py:925} INFO - DAG(s) 'example_sensors' retrieved from /home/airflow/.local/lib/python3.11/site-packages/airflow/example_dags/example_sensors.py
[2024-10-29T18:56:47.900+0000] {logging_mixin.py:190} INFO - [2024-10-29T18:56:47.900+0000] {dag.py:3239} INFO - Sync 1 DAGs
[2024-10-29T18:56:47.907+0000] {logging_mixin.py:190} INFO - [2024-10-29T18:56:47.907+0000] {dag.py:4180} INFO - Setting next_dagrun for example_sensors to None, run_after=None
[2024-10-29T18:56:47.915+0000] {processor.py:208} INFO - Processing /home/airflow/.local/lib/python3.11/site-packages/airflow/example_dags/example_sensors.py took 0.041 seconds
[2024-10-29T18:57:18.240+0000] {processor.py:186} INFO - Started process (PID=516) to work on /home/airflow/.local/lib/python3.11/site-packages/airflow/example_dags/example_sensors.py
[2024-10-29T18:57:18.241+0000] {processor.py:914} INFO - Processing file /home/airflow/.local/lib/python3.11/site-packages/airflow/example_dags/example_sensors.py for tasks to queue
[2024-10-29T18:57:18.242+0000] {logging_mixin.py:190} INFO - [2024-10-29T18:57:18.242+0000] {dagbag.py:588} INFO - Filling up the DagBag from /home/airflow/.local/lib/python3.11/site-packages/airflow/example_dags/example_sensors.py
[2024-10-29T18:57:18.248+0000] {processor.py:925} INFO - DAG(s) 'example_sensors' retrieved from /home/airflow/.local/lib/python3.11/site-packages/airflow/example_dags/example_sensors.py
[2024-10-29T18:57:18.263+0000] {logging_mixin.py:190} INFO - [2024-10-29T18:57:18.263+0000] {dag.py:3239} INFO - Sync 1 DAGs
[2024-10-29T18:57:18.270+0000] {logging_mixin.py:190} INFO - [2024-10-29T18:57:18.270+0000] {dag.py:4180} INFO - Setting next_dagrun for example_sensors to None, run_after=None
[2024-10-29T18:57:18.278+0000] {processor.py:208} INFO - Processing /home/airflow/.local/lib/python3.11/site-packages/airflow/example_dags/example_sensors.py took 0.041 seconds
[2024-10-29T18:57:49.386+0000] {processor.py:186} INFO - Started process (PID=579) to work on /home/airflow/.local/lib/python3.11/site-packages/airflow/example_dags/example_sensors.py
[2024-10-29T18:57:49.387+0000] {processor.py:914} INFO - Processing file /home/airflow/.local/lib/python3.11/site-packages/airflow/example_dags/example_sensors.py for tasks to queue
[2024-10-29T18:57:49.389+0000] {logging_mixin.py:190} INFO - [2024-10-29T18:57:49.388+0000] {dagbag.py:588} INFO - Filling up the DagBag from /home/airflow/.local/lib/python3.11/site-packages/airflow/example_dags/example_sensors.py
[2024-10-29T18:57:49.396+0000] {processor.py:925} INFO - DAG(s) 'example_sensors' retrieved from /home/airflow/.local/lib/python3.11/site-packages/airflow/example_dags/example_sensors.py
[2024-10-29T18:57:49.415+0000] {logging_mixin.py:190} INFO - [2024-10-29T18:57:49.415+0000] {dag.py:3239} INFO - Sync 1 DAGs
[2024-10-29T18:57:49.422+0000] {logging_mixin.py:190} INFO - [2024-10-29T18:57:49.422+0000] {dag.py:4180} INFO - Setting next_dagrun for example_sensors to None, run_after=None
[2024-10-29T18:57:49.431+0000] {processor.py:208} INFO - Processing /home/airflow/.local/lib/python3.11/site-packages/airflow/example_dags/example_sensors.py took 0.052 seconds
[2024-10-29T18:58:19.969+0000] {processor.py:186} INFO - Started process (PID=642) to work on /home/airflow/.local/lib/python3.11/site-packages/airflow/example_dags/example_sensors.py
[2024-10-29T18:58:19.970+0000] {processor.py:914} INFO - Processing file /home/airflow/.local/lib/python3.11/site-packages/airflow/example_dags/example_sensors.py for tasks to queue
[2024-10-29T18:58:19.972+0000] {logging_mixin.py:190} INFO - [2024-10-29T18:58:19.972+0000] {dagbag.py:588} INFO - Filling up the DagBag from /home/airflow/.local/lib/python3.11/site-packages/airflow/example_dags/example_sensors.py
[2024-10-29T18:58:19.978+0000] {processor.py:925} INFO - DAG(s) 'example_sensors' retrieved from /home/airflow/.local/lib/python3.11/site-packages/airflow/example_dags/example_sensors.py
[2024-10-29T18:58:19.992+0000] {logging_mixin.py:190} INFO - [2024-10-29T18:58:19.992+0000] {dag.py:3239} INFO - Sync 1 DAGs
[2024-10-29T18:58:20.000+0000] {logging_mixin.py:190} INFO - [2024-10-29T18:58:20.000+0000] {dag.py:4180} INFO - Setting next_dagrun for example_sensors to None, run_after=None
[2024-10-29T18:58:20.010+0000] {processor.py:208} INFO - Processing /home/airflow/.local/lib/python3.11/site-packages/airflow/example_dags/example_sensors.py took 0.044 seconds
[2024-10-29T18:58:50.318+0000] {processor.py:186} INFO - Started process (PID=705) to work on /home/airflow/.local/lib/python3.11/site-packages/airflow/example_dags/example_sensors.py
[2024-10-29T18:58:50.319+0000] {processor.py:914} INFO - Processing file /home/airflow/.local/lib/python3.11/site-packages/airflow/example_dags/example_sensors.py for tasks to queue
[2024-10-29T18:58:50.321+0000] {logging_mixin.py:190} INFO - [2024-10-29T18:58:50.320+0000] {dagbag.py:588} INFO - Filling up the DagBag from /home/airflow/.local/lib/python3.11/site-packages/airflow/example_dags/example_sensors.py
[2024-10-29T18:58:50.327+0000] {processor.py:925} INFO - DAG(s) 'example_sensors' retrieved from /home/airflow/.local/lib/python3.11/site-packages/airflow/example_dags/example_sensors.py
[2024-10-29T18:58:50.341+0000] {logging_mixin.py:190} INFO - [2024-10-29T18:58:50.341+0000] {dag.py:3239} INFO - Sync 1 DAGs
[2024-10-29T18:58:50.348+0000] {logging_mixin.py:190} INFO - [2024-10-29T18:58:50.347+0000] {dag.py:4180} INFO - Setting next_dagrun for example_sensors to None, run_after=None
[2024-10-29T18:58:50.356+0000] {processor.py:208} INFO - Processing /home/airflow/.local/lib/python3.11/site-packages/airflow/example_dags/example_sensors.py took 0.041 seconds
[2024-10-29T18:59:20.732+0000] {processor.py:186} INFO - Started process (PID=768) to work on /home/airflow/.local/lib/python3.11/site-packages/airflow/example_dags/example_sensors.py
[2024-10-29T18:59:20.733+0000] {processor.py:914} INFO - Processing file /home/airflow/.local/lib/python3.11/site-packages/airflow/example_dags/example_sensors.py for tasks to queue
[2024-10-29T18:59:20.735+0000] {logging_mixin.py:190} INFO - [2024-10-29T18:59:20.735+0000] {dagbag.py:588} INFO - Filling up the DagBag from /home/airflow/.local/lib/python3.11/site-packages/airflow/example_dags/example_sensors.py
[2024-10-29T18:59:20.744+0000] {processor.py:925} INFO - DAG(s) 'example_sensors' retrieved from /home/airflow/.local/lib/python3.11/site-packages/airflow/example_dags/example_sensors.py
[2024-10-29T18:59:20.757+0000] {logging_mixin.py:190} INFO - [2024-10-29T18:59:20.757+0000] {dag.py:3239} INFO - Sync 1 DAGs
[2024-10-29T18:59:20.765+0000] {logging_mixin.py:190} INFO - [2024-10-29T18:59:20.765+0000] {dag.py:4180} INFO - Setting next_dagrun for example_sensors to None, run_after=None
[2024-10-29T18:59:20.775+0000] {processor.py:208} INFO - Processing /home/airflow/.local/lib/python3.11/site-packages/airflow/example_dags/example_sensors.py took 0.051 seconds
[2024-10-29T18:59:51.282+0000] {processor.py:186} INFO - Started process (PID=830) to work on /home/airflow/.local/lib/python3.11/site-packages/airflow/example_dags/example_sensors.py
[2024-10-29T18:59:51.283+0000] {processor.py:914} INFO - Processing file /home/airflow/.local/lib/python3.11/site-packages/airflow/example_dags/example_sensors.py for tasks to queue
[2024-10-29T18:59:51.285+0000] {logging_mixin.py:190} INFO - [2024-10-29T18:59:51.285+0000] {dagbag.py:588} INFO - Filling up the DagBag from /home/airflow/.local/lib/python3.11/site-packages/airflow/example_dags/example_sensors.py
[2024-10-29T18:59:51.293+0000] {processor.py:925} INFO - DAG(s) 'example_sensors' retrieved from /home/airflow/.local/lib/python3.11/site-packages/airflow/example_dags/example_sensors.py
[2024-10-29T18:59:51.306+0000] {logging_mixin.py:190} INFO - [2024-10-29T18:59:51.306+0000] {dag.py:3239} INFO - Sync 1 DAGs
[2024-10-29T18:59:51.313+0000] {logging_mixin.py:190} INFO - [2024-10-29T18:59:51.313+0000] {dag.py:4180} INFO - Setting next_dagrun for example_sensors to None, run_after=None
[2024-10-29T18:59:51.322+0000] {processor.py:208} INFO - Processing /home/airflow/.local/lib/python3.11/site-packages/airflow/example_dags/example_sensors.py took 0.043 seconds
[2024-10-29T19:00:21.565+0000] {processor.py:186} INFO - Started process (PID=893) to work on /home/airflow/.local/lib/python3.11/site-packages/airflow/example_dags/example_sensors.py
[2024-10-29T19:00:21.567+0000] {processor.py:914} INFO - Processing file /home/airflow/.local/lib/python3.11/site-packages/airflow/example_dags/example_sensors.py for tasks to queue
[2024-10-29T19:00:21.574+0000] {logging_mixin.py:190} INFO - [2024-10-29T19:00:21.574+0000] {dagbag.py:588} INFO - Filling up the DagBag from /home/airflow/.local/lib/python3.11/site-packages/airflow/example_dags/example_sensors.py
[2024-10-29T19:00:21.583+0000] {processor.py:925} INFO - DAG(s) 'example_sensors' retrieved from /home/airflow/.local/lib/python3.11/site-packages/airflow/example_dags/example_sensors.py
[2024-10-29T19:00:21.620+0000] {logging_mixin.py:190} INFO - [2024-10-29T19:00:21.619+0000] {dag.py:3239} INFO - Sync 1 DAGs
[2024-10-29T19:00:21.630+0000] {logging_mixin.py:190} INFO - [2024-10-29T19:00:21.630+0000] {dag.py:4180} INFO - Setting next_dagrun for example_sensors to None, run_after=None
[2024-10-29T19:00:21.642+0000] {processor.py:208} INFO - Processing /home/airflow/.local/lib/python3.11/site-packages/airflow/example_dags/example_sensors.py took 0.088 seconds
[2024-10-29T19:00:52.397+0000] {processor.py:186} INFO - Started process (PID=956) to work on /home/airflow/.local/lib/python3.11/site-packages/airflow/example_dags/example_sensors.py
[2024-10-29T19:00:52.398+0000] {processor.py:914} INFO - Processing file /home/airflow/.local/lib/python3.11/site-packages/airflow/example_dags/example_sensors.py for tasks to queue
[2024-10-29T19:00:52.399+0000] {logging_mixin.py:190} INFO - [2024-10-29T19:00:52.399+0000] {dagbag.py:588} INFO - Filling up the DagBag from /home/airflow/.local/lib/python3.11/site-packages/airflow/example_dags/example_sensors.py
[2024-10-29T19:00:52.408+0000] {processor.py:925} INFO - DAG(s) 'example_sensors' retrieved from /home/airflow/.local/lib/python3.11/site-packages/airflow/example_dags/example_sensors.py
[2024-10-29T19:00:52.421+0000] {logging_mixin.py:190} INFO - [2024-10-29T19:00:52.421+0000] {dag.py:3239} INFO - Sync 1 DAGs
[2024-10-29T19:00:52.429+0000] {logging_mixin.py:190} INFO - [2024-10-29T19:00:52.429+0000] {dag.py:4180} INFO - Setting next_dagrun for example_sensors to None, run_after=None
[2024-10-29T19:00:52.438+0000] {processor.py:208} INFO - Processing /home/airflow/.local/lib/python3.11/site-packages/airflow/example_dags/example_sensors.py took 0.045 seconds
[2024-10-29T19:01:22.606+0000] {processor.py:186} INFO - Started process (PID=1019) to work on /home/airflow/.local/lib/python3.11/site-packages/airflow/example_dags/example_sensors.py
[2024-10-29T19:01:22.607+0000] {processor.py:914} INFO - Processing file /home/airflow/.local/lib/python3.11/site-packages/airflow/example_dags/example_sensors.py for tasks to queue
[2024-10-29T19:01:22.608+0000] {logging_mixin.py:190} INFO - [2024-10-29T19:01:22.608+0000] {dagbag.py:588} INFO - Filling up the DagBag from /home/airflow/.local/lib/python3.11/site-packages/airflow/example_dags/example_sensors.py
[2024-10-29T19:01:22.615+0000] {processor.py:925} INFO - DAG(s) 'example_sensors' retrieved from /home/airflow/.local/lib/python3.11/site-packages/airflow/example_dags/example_sensors.py
[2024-10-29T19:01:22.628+0000] {logging_mixin.py:190} INFO - [2024-10-29T19:01:22.628+0000] {dag.py:3239} INFO - Sync 1 DAGs
[2024-10-29T19:01:22.635+0000] {logging_mixin.py:190} INFO - [2024-10-29T19:01:22.634+0000] {dag.py:4180} INFO - Setting next_dagrun for example_sensors to None, run_after=None
[2024-10-29T19:01:22.644+0000] {processor.py:208} INFO - Processing /home/airflow/.local/lib/python3.11/site-packages/airflow/example_dags/example_sensors.py took 0.041 seconds
[2024-10-29T19:01:52.895+0000] {processor.py:186} INFO - Started process (PID=1082) to work on /home/airflow/.local/lib/python3.11/site-packages/airflow/example_dags/example_sensors.py
[2024-10-29T19:01:52.896+0000] {processor.py:914} INFO - Processing file /home/airflow/.local/lib/python3.11/site-packages/airflow/example_dags/example_sensors.py for tasks to queue
[2024-10-29T19:01:52.897+0000] {logging_mixin.py:190} INFO - [2024-10-29T19:01:52.897+0000] {dagbag.py:588} INFO - Filling up the DagBag from /home/airflow/.local/lib/python3.11/site-packages/airflow/example_dags/example_sensors.py
[2024-10-29T19:01:52.903+0000] {processor.py:925} INFO - DAG(s) 'example_sensors' retrieved from /home/airflow/.local/lib/python3.11/site-packages/airflow/example_dags/example_sensors.py
[2024-10-29T19:01:52.917+0000] {logging_mixin.py:190} INFO - [2024-10-29T19:01:52.917+0000] {dag.py:3239} INFO - Sync 1 DAGs
[2024-10-29T19:01:52.925+0000] {logging_mixin.py:190} INFO - [2024-10-29T19:01:52.925+0000] {dag.py:4180} INFO - Setting next_dagrun for example_sensors to None, run_after=None
[2024-10-29T19:01:52.934+0000] {processor.py:208} INFO - Processing /home/airflow/.local/lib/python3.11/site-packages/airflow/example_dags/example_sensors.py took 0.042 seconds
[2024-10-29T19:02:23.894+0000] {processor.py:186} INFO - Started process (PID=1145) to work on /home/airflow/.local/lib/python3.11/site-packages/airflow/example_dags/example_sensors.py
[2024-10-29T19:02:23.895+0000] {processor.py:914} INFO - Processing file /home/airflow/.local/lib/python3.11/site-packages/airflow/example_dags/example_sensors.py for tasks to queue
[2024-10-29T19:02:23.897+0000] {logging_mixin.py:190} INFO - [2024-10-29T19:02:23.897+0000] {dagbag.py:588} INFO - Filling up the DagBag from /home/airflow/.local/lib/python3.11/site-packages/airflow/example_dags/example_sensors.py
[2024-10-29T19:02:23.903+0000] {processor.py:925} INFO - DAG(s) 'example_sensors' retrieved from /home/airflow/.local/lib/python3.11/site-packages/airflow/example_dags/example_sensors.py
[2024-10-29T19:02:23.920+0000] {logging_mixin.py:190} INFO - [2024-10-29T19:02:23.920+0000] {dag.py:3239} INFO - Sync 1 DAGs
[2024-10-29T19:02:23.932+0000] {logging_mixin.py:190} INFO - [2024-10-29T19:02:23.932+0000] {dag.py:4180} INFO - Setting next_dagrun for example_sensors to None, run_after=None
[2024-10-29T19:02:23.943+0000] {processor.py:208} INFO - Processing /home/airflow/.local/lib/python3.11/site-packages/airflow/example_dags/example_sensors.py took 0.054 seconds
[2024-10-29T19:02:54.687+0000] {processor.py:186} INFO - Started process (PID=1208) to work on /home/airflow/.local/lib/python3.11/site-packages/airflow/example_dags/example_sensors.py
[2024-10-29T19:02:54.688+0000] {processor.py:914} INFO - Processing file /home/airflow/.local/lib/python3.11/site-packages/airflow/example_dags/example_sensors.py for tasks to queue
[2024-10-29T19:02:54.689+0000] {logging_mixin.py:190} INFO - [2024-10-29T19:02:54.689+0000] {dagbag.py:588} INFO - Filling up the DagBag from /home/airflow/.local/lib/python3.11/site-packages/airflow/example_dags/example_sensors.py
[2024-10-29T19:02:54.695+0000] {processor.py:925} INFO - DAG(s) 'example_sensors' retrieved from /home/airflow/.local/lib/python3.11/site-packages/airflow/example_dags/example_sensors.py
[2024-10-29T19:02:54.708+0000] {logging_mixin.py:190} INFO - [2024-10-29T19:02:54.708+0000] {dag.py:3239} INFO - Sync 1 DAGs
[2024-10-29T19:02:54.715+0000] {logging_mixin.py:190} INFO - [2024-10-29T19:02:54.715+0000] {dag.py:4180} INFO - Setting next_dagrun for example_sensors to None, run_after=None
[2024-10-29T19:02:54.723+0000] {processor.py:208} INFO - Processing /home/airflow/.local/lib/python3.11/site-packages/airflow/example_dags/example_sensors.py took 0.039 seconds
[2024-10-29T19:03:25.578+0000] {processor.py:186} INFO - Started process (PID=1271) to work on /home/airflow/.local/lib/python3.11/site-packages/airflow/example_dags/example_sensors.py
[2024-10-29T19:03:25.579+0000] {processor.py:914} INFO - Processing file /home/airflow/.local/lib/python3.11/site-packages/airflow/example_dags/example_sensors.py for tasks to queue
[2024-10-29T19:03:25.580+0000] {logging_mixin.py:190} INFO - [2024-10-29T19:03:25.580+0000] {dagbag.py:588} INFO - Filling up the DagBag from /home/airflow/.local/lib/python3.11/site-packages/airflow/example_dags/example_sensors.py
[2024-10-29T19:03:25.586+0000] {processor.py:925} INFO - DAG(s) 'example_sensors' retrieved from /home/airflow/.local/lib/python3.11/site-packages/airflow/example_dags/example_sensors.py
[2024-10-29T19:03:25.599+0000] {logging_mixin.py:190} INFO - [2024-10-29T19:03:25.599+0000] {dag.py:3239} INFO - Sync 1 DAGs
[2024-10-29T19:03:25.605+0000] {logging_mixin.py:190} INFO - [2024-10-29T19:03:25.605+0000] {dag.py:4180} INFO - Setting next_dagrun for example_sensors to None, run_after=None
[2024-10-29T19:03:25.614+0000] {processor.py:208} INFO - Processing /home/airflow/.local/lib/python3.11/site-packages/airflow/example_dags/example_sensors.py took 0.039 seconds
[2024-10-29T19:03:56.358+0000] {processor.py:186} INFO - Started process (PID=1334) to work on /home/airflow/.local/lib/python3.11/site-packages/airflow/example_dags/example_sensors.py
[2024-10-29T19:03:56.359+0000] {processor.py:914} INFO - Processing file /home/airflow/.local/lib/python3.11/site-packages/airflow/example_dags/example_sensors.py for tasks to queue
[2024-10-29T19:03:56.361+0000] {logging_mixin.py:190} INFO - [2024-10-29T19:03:56.361+0000] {dagbag.py:588} INFO - Filling up the DagBag from /home/airflow/.local/lib/python3.11/site-packages/airflow/example_dags/example_sensors.py
[2024-10-29T19:03:56.368+0000] {processor.py:925} INFO - DAG(s) 'example_sensors' retrieved from /home/airflow/.local/lib/python3.11/site-packages/airflow/example_dags/example_sensors.py
[2024-10-29T19:03:56.381+0000] {logging_mixin.py:190} INFO - [2024-10-29T19:03:56.380+0000] {dag.py:3239} INFO - Sync 1 DAGs
[2024-10-29T19:03:56.387+0000] {logging_mixin.py:190} INFO - [2024-10-29T19:03:56.387+0000] {dag.py:4180} INFO - Setting next_dagrun for example_sensors to None, run_after=None
[2024-10-29T19:03:56.395+0000] {processor.py:208} INFO - Processing /home/airflow/.local/lib/python3.11/site-packages/airflow/example_dags/example_sensors.py took 0.040 seconds
[2024-10-29T19:04:26.802+0000] {processor.py:186} INFO - Started process (PID=1397) to work on /home/airflow/.local/lib/python3.11/site-packages/airflow/example_dags/example_sensors.py
[2024-10-29T19:04:26.803+0000] {processor.py:914} INFO - Processing file /home/airflow/.local/lib/python3.11/site-packages/airflow/example_dags/example_sensors.py for tasks to queue
[2024-10-29T19:04:26.804+0000] {logging_mixin.py:190} INFO - [2024-10-29T19:04:26.804+0000] {dagbag.py:588} INFO - Filling up the DagBag from /home/airflow/.local/lib/python3.11/site-packages/airflow/example_dags/example_sensors.py
[2024-10-29T19:04:26.810+0000] {processor.py:925} INFO - DAG(s) 'example_sensors' retrieved from /home/airflow/.local/lib/python3.11/site-packages/airflow/example_dags/example_sensors.py
[2024-10-29T19:04:26.822+0000] {logging_mixin.py:190} INFO - [2024-10-29T19:04:26.822+0000] {dag.py:3239} INFO - Sync 1 DAGs
[2024-10-29T19:04:26.829+0000] {logging_mixin.py:190} INFO - [2024-10-29T19:04:26.829+0000] {dag.py:4180} INFO - Setting next_dagrun for example_sensors to None, run_after=None
[2024-10-29T19:04:26.837+0000] {processor.py:208} INFO - Processing /home/airflow/.local/lib/python3.11/site-packages/airflow/example_dags/example_sensors.py took 0.038 seconds
[2024-10-29T19:04:57.378+0000] {processor.py:186} INFO - Started process (PID=1460) to work on /home/airflow/.local/lib/python3.11/site-packages/airflow/example_dags/example_sensors.py
[2024-10-29T19:04:57.379+0000] {processor.py:914} INFO - Processing file /home/airflow/.local/lib/python3.11/site-packages/airflow/example_dags/example_sensors.py for tasks to queue
[2024-10-29T19:04:57.381+0000] {logging_mixin.py:190} INFO - [2024-10-29T19:04:57.381+0000] {dagbag.py:588} INFO - Filling up the DagBag from /home/airflow/.local/lib/python3.11/site-packages/airflow/example_dags/example_sensors.py
[2024-10-29T19:04:57.388+0000] {processor.py:925} INFO - DAG(s) 'example_sensors' retrieved from /home/airflow/.local/lib/python3.11/site-packages/airflow/example_dags/example_sensors.py
[2024-10-29T19:04:57.403+0000] {logging_mixin.py:190} INFO - [2024-10-29T19:04:57.403+0000] {dag.py:3239} INFO - Sync 1 DAGs
[2024-10-29T19:04:57.411+0000] {logging_mixin.py:190} INFO - [2024-10-29T19:04:57.410+0000] {dag.py:4180} INFO - Setting next_dagrun for example_sensors to None, run_after=None
[2024-10-29T19:04:57.421+0000] {processor.py:208} INFO - Processing /home/airflow/.local/lib/python3.11/site-packages/airflow/example_dags/example_sensors.py took 0.046 seconds
[2024-10-29T19:05:27.857+0000] {processor.py:186} INFO - Started process (PID=1523) to work on /home/airflow/.local/lib/python3.11/site-packages/airflow/example_dags/example_sensors.py
[2024-10-29T19:05:27.859+0000] {processor.py:914} INFO - Processing file /home/airflow/.local/lib/python3.11/site-packages/airflow/example_dags/example_sensors.py for tasks to queue
[2024-10-29T19:05:27.860+0000] {logging_mixin.py:190} INFO - [2024-10-29T19:05:27.860+0000] {dagbag.py:588} INFO - Filling up the DagBag from /home/airflow/.local/lib/python3.11/site-packages/airflow/example_dags/example_sensors.py
[2024-10-29T19:05:27.867+0000] {processor.py:925} INFO - DAG(s) 'example_sensors' retrieved from /home/airflow/.local/lib/python3.11/site-packages/airflow/example_dags/example_sensors.py
[2024-10-29T19:05:27.882+0000] {logging_mixin.py:190} INFO - [2024-10-29T19:05:27.882+0000] {dag.py:3239} INFO - Sync 1 DAGs
[2024-10-29T19:05:27.890+0000] {logging_mixin.py:190} INFO - [2024-10-29T19:05:27.890+0000] {dag.py:4180} INFO - Setting next_dagrun for example_sensors to None, run_after=None
[2024-10-29T19:05:27.898+0000] {processor.py:208} INFO - Processing /home/airflow/.local/lib/python3.11/site-packages/airflow/example_dags/example_sensors.py took 0.044 seconds
[2024-10-29T19:05:58.160+0000] {processor.py:186} INFO - Started process (PID=1586) to work on /home/airflow/.local/lib/python3.11/site-packages/airflow/example_dags/example_sensors.py
[2024-10-29T19:05:58.160+0000] {processor.py:914} INFO - Processing file /home/airflow/.local/lib/python3.11/site-packages/airflow/example_dags/example_sensors.py for tasks to queue
[2024-10-29T19:05:58.161+0000] {logging_mixin.py:190} INFO - [2024-10-29T19:05:58.161+0000] {dagbag.py:588} INFO - Filling up the DagBag from /home/airflow/.local/lib/python3.11/site-packages/airflow/example_dags/example_sensors.py
[2024-10-29T19:05:58.168+0000] {processor.py:925} INFO - DAG(s) 'example_sensors' retrieved from /home/airflow/.local/lib/python3.11/site-packages/airflow/example_dags/example_sensors.py
[2024-10-29T19:05:58.180+0000] {logging_mixin.py:190} INFO - [2024-10-29T19:05:58.180+0000] {dag.py:3239} INFO - Sync 1 DAGs
[2024-10-29T19:05:58.187+0000] {logging_mixin.py:190} INFO - [2024-10-29T19:05:58.187+0000] {dag.py:4180} INFO - Setting next_dagrun for example_sensors to None, run_after=None
[2024-10-29T19:05:58.196+0000] {processor.py:208} INFO - Processing /home/airflow/.local/lib/python3.11/site-packages/airflow/example_dags/example_sensors.py took 0.040 seconds
[2024-10-29T19:23:18.077+0000] {processor.py:186} INFO - Started process (PID=1624) to work on /home/airflow/.local/lib/python3.11/site-packages/airflow/example_dags/example_sensors.py
[2024-10-29T19:23:18.077+0000] {processor.py:914} INFO - Processing file /home/airflow/.local/lib/python3.11/site-packages/airflow/example_dags/example_sensors.py for tasks to queue
[2024-10-29T19:23:18.079+0000] {logging_mixin.py:190} INFO - [2024-10-29T19:23:18.079+0000] {dagbag.py:588} INFO - Filling up the DagBag from /home/airflow/.local/lib/python3.11/site-packages/airflow/example_dags/example_sensors.py
[2024-10-29T19:23:18.087+0000] {processor.py:925} INFO - DAG(s) 'example_sensors' retrieved from /home/airflow/.local/lib/python3.11/site-packages/airflow/example_dags/example_sensors.py
[2024-10-29T19:23:18.107+0000] {logging_mixin.py:190} INFO - [2024-10-29T19:23:18.107+0000] {dag.py:3239} INFO - Sync 1 DAGs
[2024-10-29T19:23:18.120+0000] {logging_mixin.py:190} INFO - [2024-10-29T19:23:18.120+0000] {dag.py:4180} INFO - Setting next_dagrun for example_sensors to None, run_after=None
[2024-10-29T19:23:18.130+0000] {processor.py:208} INFO - Processing /home/airflow/.local/lib/python3.11/site-packages/airflow/example_dags/example_sensors.py took 0.057 seconds
[2024-10-29T20:00:04.401+0000] {processor.py:186} INFO - Started process (PID=1687) to work on /home/airflow/.local/lib/python3.11/site-packages/airflow/example_dags/example_sensors.py
[2024-10-29T20:00:04.402+0000] {processor.py:914} INFO - Processing file /home/airflow/.local/lib/python3.11/site-packages/airflow/example_dags/example_sensors.py for tasks to queue
[2024-10-29T20:00:04.404+0000] {logging_mixin.py:190} INFO - [2024-10-29T20:00:04.404+0000] {dagbag.py:588} INFO - Filling up the DagBag from /home/airflow/.local/lib/python3.11/site-packages/airflow/example_dags/example_sensors.py
[2024-10-29T20:00:04.411+0000] {processor.py:925} INFO - DAG(s) 'example_sensors' retrieved from /home/airflow/.local/lib/python3.11/site-packages/airflow/example_dags/example_sensors.py
[2024-10-29T20:00:04.427+0000] {logging_mixin.py:190} INFO - [2024-10-29T20:00:04.427+0000] {dag.py:3239} INFO - Sync 1 DAGs
[2024-10-29T20:00:04.435+0000] {logging_mixin.py:190} INFO - [2024-10-29T20:00:04.435+0000] {dag.py:4180} INFO - Setting next_dagrun for example_sensors to None, run_after=None
[2024-10-29T20:00:04.444+0000] {processor.py:208} INFO - Processing /home/airflow/.local/lib/python3.11/site-packages/airflow/example_dags/example_sensors.py took 0.047 seconds
[2024-10-29T20:32:01.085+0000] {processor.py:186} INFO - Started process (PID=1750) to work on /home/airflow/.local/lib/python3.11/site-packages/airflow/example_dags/example_sensors.py
[2024-10-29T20:32:01.089+0000] {processor.py:914} INFO - Processing file /home/airflow/.local/lib/python3.11/site-packages/airflow/example_dags/example_sensors.py for tasks to queue
[2024-10-29T20:32:01.090+0000] {logging_mixin.py:190} INFO - [2024-10-29T20:32:01.090+0000] {dagbag.py:588} INFO - Filling up the DagBag from /home/airflow/.local/lib/python3.11/site-packages/airflow/example_dags/example_sensors.py
[2024-10-29T20:32:01.097+0000] {processor.py:925} INFO - DAG(s) 'example_sensors' retrieved from /home/airflow/.local/lib/python3.11/site-packages/airflow/example_dags/example_sensors.py
[2024-10-29T20:32:01.110+0000] {logging_mixin.py:190} INFO - [2024-10-29T20:32:01.110+0000] {dag.py:3239} INFO - Sync 1 DAGs
[2024-10-29T20:32:01.117+0000] {logging_mixin.py:190} INFO - [2024-10-29T20:32:01.117+0000] {dag.py:4180} INFO - Setting next_dagrun for example_sensors to None, run_after=None
[2024-10-29T20:32:01.125+0000] {processor.py:208} INFO - Processing /home/airflow/.local/lib/python3.11/site-packages/airflow/example_dags/example_sensors.py took 0.043 seconds
[2024-10-29T20:58:59.612+0000] {processor.py:186} INFO - Started process (PID=1813) to work on /home/airflow/.local/lib/python3.11/site-packages/airflow/example_dags/example_sensors.py
[2024-10-29T20:58:59.613+0000] {processor.py:914} INFO - Processing file /home/airflow/.local/lib/python3.11/site-packages/airflow/example_dags/example_sensors.py for tasks to queue
[2024-10-29T20:58:59.614+0000] {logging_mixin.py:190} INFO - [2024-10-29T20:58:59.614+0000] {dagbag.py:588} INFO - Filling up the DagBag from /home/airflow/.local/lib/python3.11/site-packages/airflow/example_dags/example_sensors.py
[2024-10-29T20:58:59.624+0000] {processor.py:925} INFO - DAG(s) 'example_sensors' retrieved from /home/airflow/.local/lib/python3.11/site-packages/airflow/example_dags/example_sensors.py
[2024-10-29T20:58:59.646+0000] {logging_mixin.py:190} INFO - [2024-10-29T20:58:59.645+0000] {dag.py:3239} INFO - Sync 1 DAGs
[2024-10-29T20:58:59.656+0000] {logging_mixin.py:190} INFO - [2024-10-29T20:58:59.656+0000] {dag.py:4180} INFO - Setting next_dagrun for example_sensors to None, run_after=None
[2024-10-29T20:58:59.667+0000] {processor.py:208} INFO - Processing /home/airflow/.local/lib/python3.11/site-packages/airflow/example_dags/example_sensors.py took 0.059 seconds
[2024-10-29T21:40:53.490+0000] {processor.py:186} INFO - Started process (PID=1876) to work on /home/airflow/.local/lib/python3.11/site-packages/airflow/example_dags/example_sensors.py
[2024-10-29T21:40:53.493+0000] {processor.py:914} INFO - Processing file /home/airflow/.local/lib/python3.11/site-packages/airflow/example_dags/example_sensors.py for tasks to queue
[2024-10-29T21:40:53.495+0000] {logging_mixin.py:190} INFO - [2024-10-29T21:40:53.495+0000] {dagbag.py:588} INFO - Filling up the DagBag from /home/airflow/.local/lib/python3.11/site-packages/airflow/example_dags/example_sensors.py
[2024-10-29T21:40:53.503+0000] {processor.py:925} INFO - DAG(s) 'example_sensors' retrieved from /home/airflow/.local/lib/python3.11/site-packages/airflow/example_dags/example_sensors.py
[2024-10-29T21:40:53.533+0000] {logging_mixin.py:190} INFO - [2024-10-29T21:40:53.533+0000] {dag.py:3239} INFO - Sync 1 DAGs
[2024-10-29T21:40:53.543+0000] {logging_mixin.py:190} INFO - [2024-10-29T21:40:53.543+0000] {dag.py:4180} INFO - Setting next_dagrun for example_sensors to None, run_after=None
[2024-10-29T21:40:53.561+0000] {processor.py:208} INFO - Processing /home/airflow/.local/lib/python3.11/site-packages/airflow/example_dags/example_sensors.py took 0.075 seconds
[2024-10-29T22:49:28.199+0000] {processor.py:186} INFO - Started process (PID=1939) to work on /home/airflow/.local/lib/python3.11/site-packages/airflow/example_dags/example_sensors.py
[2024-10-29T22:49:28.200+0000] {processor.py:914} INFO - Processing file /home/airflow/.local/lib/python3.11/site-packages/airflow/example_dags/example_sensors.py for tasks to queue
[2024-10-29T22:49:28.201+0000] {logging_mixin.py:190} INFO - [2024-10-29T22:49:28.201+0000] {dagbag.py:588} INFO - Filling up the DagBag from /home/airflow/.local/lib/python3.11/site-packages/airflow/example_dags/example_sensors.py
[2024-10-29T22:49:28.207+0000] {processor.py:925} INFO - DAG(s) 'example_sensors' retrieved from /home/airflow/.local/lib/python3.11/site-packages/airflow/example_dags/example_sensors.py
[2024-10-29T22:49:28.220+0000] {logging_mixin.py:190} INFO - [2024-10-29T22:49:28.220+0000] {dag.py:3239} INFO - Sync 1 DAGs
[2024-10-29T22:49:28.227+0000] {logging_mixin.py:190} INFO - [2024-10-29T22:49:28.226+0000] {dag.py:4180} INFO - Setting next_dagrun for example_sensors to None, run_after=None
[2024-10-29T22:49:28.235+0000] {processor.py:208} INFO - Processing /home/airflow/.local/lib/python3.11/site-packages/airflow/example_dags/example_sensors.py took 0.039 seconds
[2024-10-29T23:03:28.455+0000] {processor.py:186} INFO - Started process (PID=2002) to work on /home/airflow/.local/lib/python3.11/site-packages/airflow/example_dags/example_sensors.py
[2024-10-29T23:03:28.456+0000] {processor.py:914} INFO - Processing file /home/airflow/.local/lib/python3.11/site-packages/airflow/example_dags/example_sensors.py for tasks to queue
[2024-10-29T23:03:28.459+0000] {logging_mixin.py:190} INFO - [2024-10-29T23:03:28.459+0000] {dagbag.py:588} INFO - Filling up the DagBag from /home/airflow/.local/lib/python3.11/site-packages/airflow/example_dags/example_sensors.py
[2024-10-29T23:03:28.468+0000] {processor.py:925} INFO - DAG(s) 'example_sensors' retrieved from /home/airflow/.local/lib/python3.11/site-packages/airflow/example_dags/example_sensors.py
[2024-10-29T23:03:28.482+0000] {logging_mixin.py:190} INFO - [2024-10-29T23:03:28.482+0000] {dag.py:3239} INFO - Sync 1 DAGs
[2024-10-29T23:03:28.489+0000] {logging_mixin.py:190} INFO - [2024-10-29T23:03:28.489+0000] {dag.py:4180} INFO - Setting next_dagrun for example_sensors to None, run_after=None
[2024-10-29T23:03:28.498+0000] {processor.py:208} INFO - Processing /home/airflow/.local/lib/python3.11/site-packages/airflow/example_dags/example_sensors.py took 0.049 seconds
