[2024-10-29T00:50:13.237+0000] {processor.py:186} INFO - Started process (PID=47611) to work on /home/airflow/.local/lib/python3.11/site-packages/airflow/example_dags/example_workday_timetable.py
[2024-10-29T00:50:13.238+0000] {processor.py:914} INFO - Processing file /home/airflow/.local/lib/python3.11/site-packages/airflow/example_dags/example_workday_timetable.py for tasks to queue
[2024-10-29T00:50:13.244+0000] {logging_mixin.py:190} INFO - [2024-10-29T00:50:13.243+0000] {dagbag.py:588} INFO - Filling up the DagBag from /home/airflow/.local/lib/python3.11/site-packages/airflow/example_dags/example_workday_timetable.py
[2024-10-29T00:50:13.250+0000] {processor.py:925} INFO - DAG(s) 'example_workday_timetable' retrieved from /home/airflow/.local/lib/python3.11/site-packages/airflow/example_dags/example_workday_timetable.py
[2024-10-29T00:50:13.265+0000] {logging_mixin.py:190} INFO - [2024-10-29T00:50:13.265+0000] {dag.py:3239} INFO - Sync 1 DAGs
[2024-10-29T00:50:13.301+0000] {logging_mixin.py:190} INFO - [2024-10-29T00:50:13.301+0000] {dag.py:4180} INFO - Setting next_dagrun for example_workday_timetable to 2021-01-04 00:00:00+00:00, run_after=2021-01-05 00:00:00+00:00
[2024-10-29T00:50:13.310+0000] {processor.py:208} INFO - Processing /home/airflow/.local/lib/python3.11/site-packages/airflow/example_dags/example_workday_timetable.py took 0.079 seconds
[2024-10-29T02:13:53.188+0000] {processor.py:186} INFO - Started process (PID=47674) to work on /home/airflow/.local/lib/python3.11/site-packages/airflow/example_dags/example_workday_timetable.py
[2024-10-29T02:13:53.189+0000] {processor.py:914} INFO - Processing file /home/airflow/.local/lib/python3.11/site-packages/airflow/example_dags/example_workday_timetable.py for tasks to queue
[2024-10-29T02:13:53.190+0000] {logging_mixin.py:190} INFO - [2024-10-29T02:13:53.190+0000] {dagbag.py:588} INFO - Filling up the DagBag from /home/airflow/.local/lib/python3.11/site-packages/airflow/example_dags/example_workday_timetable.py
[2024-10-29T02:13:53.193+0000] {processor.py:925} INFO - DAG(s) 'example_workday_timetable' retrieved from /home/airflow/.local/lib/python3.11/site-packages/airflow/example_dags/example_workday_timetable.py
[2024-10-29T02:13:53.202+0000] {logging_mixin.py:190} INFO - [2024-10-29T02:13:53.202+0000] {dag.py:3239} INFO - Sync 1 DAGs
[2024-10-29T02:13:53.244+0000] {logging_mixin.py:190} INFO - [2024-10-29T02:13:53.244+0000] {dag.py:4180} INFO - Setting next_dagrun for example_workday_timetable to 2021-01-04 00:00:00+00:00, run_after=2021-01-05 00:00:00+00:00
[2024-10-29T02:13:53.251+0000] {processor.py:208} INFO - Processing /home/airflow/.local/lib/python3.11/site-packages/airflow/example_dags/example_workday_timetable.py took 0.066 seconds
[2024-10-29T02:45:22.224+0000] {processor.py:186} INFO - Started process (PID=47737) to work on /home/airflow/.local/lib/python3.11/site-packages/airflow/example_dags/example_workday_timetable.py
[2024-10-29T02:45:22.225+0000] {processor.py:914} INFO - Processing file /home/airflow/.local/lib/python3.11/site-packages/airflow/example_dags/example_workday_timetable.py for tasks to queue
[2024-10-29T02:45:22.227+0000] {logging_mixin.py:190} INFO - [2024-10-29T02:45:22.227+0000] {dagbag.py:588} INFO - Filling up the DagBag from /home/airflow/.local/lib/python3.11/site-packages/airflow/example_dags/example_workday_timetable.py
[2024-10-29T02:45:22.232+0000] {processor.py:925} INFO - DAG(s) 'example_workday_timetable' retrieved from /home/airflow/.local/lib/python3.11/site-packages/airflow/example_dags/example_workday_timetable.py
[2024-10-29T02:45:22.248+0000] {logging_mixin.py:190} INFO - [2024-10-29T02:45:22.248+0000] {dag.py:3239} INFO - Sync 1 DAGs
[2024-10-29T02:45:22.280+0000] {logging_mixin.py:190} INFO - [2024-10-29T02:45:22.280+0000] {dag.py:4180} INFO - Setting next_dagrun for example_workday_timetable to 2021-01-04 00:00:00+00:00, run_after=2021-01-05 00:00:00+00:00
[2024-10-29T02:45:22.288+0000] {processor.py:208} INFO - Processing /home/airflow/.local/lib/python3.11/site-packages/airflow/example_dags/example_workday_timetable.py took 0.067 seconds
[2024-10-29T03:18:12.338+0000] {processor.py:186} INFO - Started process (PID=47794) to work on /home/airflow/.local/lib/python3.11/site-packages/airflow/example_dags/example_workday_timetable.py
[2024-10-29T03:18:12.343+0000] {processor.py:914} INFO - Processing file /home/airflow/.local/lib/python3.11/site-packages/airflow/example_dags/example_workday_timetable.py for tasks to queue
[2024-10-29T03:18:12.345+0000] {logging_mixin.py:190} INFO - [2024-10-29T03:18:12.345+0000] {dagbag.py:588} INFO - Filling up the DagBag from /home/airflow/.local/lib/python3.11/site-packages/airflow/example_dags/example_workday_timetable.py
[2024-10-29T03:18:12.349+0000] {processor.py:925} INFO - DAG(s) 'example_workday_timetable' retrieved from /home/airflow/.local/lib/python3.11/site-packages/airflow/example_dags/example_workday_timetable.py
[2024-10-29T03:18:12.364+0000] {logging_mixin.py:190} INFO - [2024-10-29T03:18:12.364+0000] {dag.py:3239} INFO - Sync 1 DAGs
[2024-10-29T03:18:12.421+0000] {logging_mixin.py:190} INFO - [2024-10-29T03:18:12.421+0000] {dag.py:4180} INFO - Setting next_dagrun for example_workday_timetable to 2021-01-04 00:00:00+00:00, run_after=2021-01-05 00:00:00+00:00
[2024-10-29T03:18:12.440+0000] {processor.py:208} INFO - Processing /home/airflow/.local/lib/python3.11/site-packages/airflow/example_dags/example_workday_timetable.py took 0.105 seconds
[2024-10-29T03:45:35.742+0000] {processor.py:186} INFO - Started process (PID=47863) to work on /home/airflow/.local/lib/python3.11/site-packages/airflow/example_dags/example_workday_timetable.py
[2024-10-29T03:45:35.743+0000] {processor.py:914} INFO - Processing file /home/airflow/.local/lib/python3.11/site-packages/airflow/example_dags/example_workday_timetable.py for tasks to queue
[2024-10-29T03:45:35.744+0000] {logging_mixin.py:190} INFO - [2024-10-29T03:45:35.744+0000] {dagbag.py:588} INFO - Filling up the DagBag from /home/airflow/.local/lib/python3.11/site-packages/airflow/example_dags/example_workday_timetable.py
[2024-10-29T03:45:35.747+0000] {processor.py:925} INFO - DAG(s) 'example_workday_timetable' retrieved from /home/airflow/.local/lib/python3.11/site-packages/airflow/example_dags/example_workday_timetable.py
[2024-10-29T03:45:35.758+0000] {logging_mixin.py:190} INFO - [2024-10-29T03:45:35.758+0000] {dag.py:3239} INFO - Sync 1 DAGs
[2024-10-29T03:45:35.804+0000] {logging_mixin.py:190} INFO - [2024-10-29T03:45:35.804+0000] {dag.py:4180} INFO - Setting next_dagrun for example_workday_timetable to 2021-01-04 00:00:00+00:00, run_after=2021-01-05 00:00:00+00:00
[2024-10-29T03:45:35.815+0000] {processor.py:208} INFO - Processing /home/airflow/.local/lib/python3.11/site-packages/airflow/example_dags/example_workday_timetable.py took 0.076 seconds
[2024-10-29T04:34:58.319+0000] {processor.py:186} INFO - Started process (PID=47925) to work on /home/airflow/.local/lib/python3.11/site-packages/airflow/example_dags/example_workday_timetable.py
[2024-10-29T04:34:58.319+0000] {processor.py:914} INFO - Processing file /home/airflow/.local/lib/python3.11/site-packages/airflow/example_dags/example_workday_timetable.py for tasks to queue
[2024-10-29T04:34:58.321+0000] {logging_mixin.py:190} INFO - [2024-10-29T04:34:58.321+0000] {dagbag.py:588} INFO - Filling up the DagBag from /home/airflow/.local/lib/python3.11/site-packages/airflow/example_dags/example_workday_timetable.py
[2024-10-29T04:34:58.324+0000] {processor.py:925} INFO - DAG(s) 'example_workday_timetable' retrieved from /home/airflow/.local/lib/python3.11/site-packages/airflow/example_dags/example_workday_timetable.py
[2024-10-29T04:34:58.335+0000] {logging_mixin.py:190} INFO - [2024-10-29T04:34:58.335+0000] {dag.py:3239} INFO - Sync 1 DAGs
[2024-10-29T04:34:58.377+0000] {logging_mixin.py:190} INFO - [2024-10-29T04:34:58.377+0000] {dag.py:4180} INFO - Setting next_dagrun for example_workday_timetable to 2021-01-04 00:00:00+00:00, run_after=2021-01-05 00:00:00+00:00
[2024-10-29T04:34:58.387+0000] {processor.py:208} INFO - Processing /home/airflow/.local/lib/python3.11/site-packages/airflow/example_dags/example_workday_timetable.py took 0.072 seconds
[2024-10-29T04:59:48.482+0000] {processor.py:186} INFO - Started process (PID=47982) to work on /home/airflow/.local/lib/python3.11/site-packages/airflow/example_dags/example_workday_timetable.py
[2024-10-29T04:59:48.483+0000] {processor.py:914} INFO - Processing file /home/airflow/.local/lib/python3.11/site-packages/airflow/example_dags/example_workday_timetable.py for tasks to queue
[2024-10-29T04:59:48.484+0000] {logging_mixin.py:190} INFO - [2024-10-29T04:59:48.484+0000] {dagbag.py:588} INFO - Filling up the DagBag from /home/airflow/.local/lib/python3.11/site-packages/airflow/example_dags/example_workday_timetable.py
[2024-10-29T04:59:48.487+0000] {processor.py:925} INFO - DAG(s) 'example_workday_timetable' retrieved from /home/airflow/.local/lib/python3.11/site-packages/airflow/example_dags/example_workday_timetable.py
[2024-10-29T04:59:48.496+0000] {logging_mixin.py:190} INFO - [2024-10-29T04:59:48.496+0000] {dag.py:3239} INFO - Sync 1 DAGs
[2024-10-29T04:59:48.530+0000] {logging_mixin.py:190} INFO - [2024-10-29T04:59:48.529+0000] {dag.py:4180} INFO - Setting next_dagrun for example_workday_timetable to 2021-01-04 00:00:00+00:00, run_after=2021-01-05 00:00:00+00:00
[2024-10-29T04:59:48.538+0000] {processor.py:208} INFO - Processing /home/airflow/.local/lib/python3.11/site-packages/airflow/example_dags/example_workday_timetable.py took 0.059 seconds
[2024-10-29T05:52:12.923+0000] {processor.py:186} INFO - Started process (PID=48050) to work on /home/airflow/.local/lib/python3.11/site-packages/airflow/example_dags/example_workday_timetable.py
[2024-10-29T05:52:12.924+0000] {processor.py:914} INFO - Processing file /home/airflow/.local/lib/python3.11/site-packages/airflow/example_dags/example_workday_timetable.py for tasks to queue
[2024-10-29T05:52:12.925+0000] {logging_mixin.py:190} INFO - [2024-10-29T05:52:12.925+0000] {dagbag.py:588} INFO - Filling up the DagBag from /home/airflow/.local/lib/python3.11/site-packages/airflow/example_dags/example_workday_timetable.py
[2024-10-29T05:52:12.928+0000] {processor.py:925} INFO - DAG(s) 'example_workday_timetable' retrieved from /home/airflow/.local/lib/python3.11/site-packages/airflow/example_dags/example_workday_timetable.py
[2024-10-29T05:52:12.938+0000] {logging_mixin.py:190} INFO - [2024-10-29T05:52:12.937+0000] {dag.py:3239} INFO - Sync 1 DAGs
[2024-10-29T05:52:12.967+0000] {logging_mixin.py:190} INFO - [2024-10-29T05:52:12.967+0000] {dag.py:4180} INFO - Setting next_dagrun for example_workday_timetable to 2021-01-04 00:00:00+00:00, run_after=2021-01-05 00:00:00+00:00
[2024-10-29T05:52:12.974+0000] {processor.py:208} INFO - Processing /home/airflow/.local/lib/python3.11/site-packages/airflow/example_dags/example_workday_timetable.py took 0.053 seconds
[2024-10-29T06:30:59.708+0000] {processor.py:186} INFO - Started process (PID=48107) to work on /home/airflow/.local/lib/python3.11/site-packages/airflow/example_dags/example_workday_timetable.py
[2024-10-29T06:30:59.708+0000] {processor.py:914} INFO - Processing file /home/airflow/.local/lib/python3.11/site-packages/airflow/example_dags/example_workday_timetable.py for tasks to queue
[2024-10-29T06:30:59.710+0000] {logging_mixin.py:190} INFO - [2024-10-29T06:30:59.710+0000] {dagbag.py:588} INFO - Filling up the DagBag from /home/airflow/.local/lib/python3.11/site-packages/airflow/example_dags/example_workday_timetable.py
[2024-10-29T06:30:59.714+0000] {processor.py:925} INFO - DAG(s) 'example_workday_timetable' retrieved from /home/airflow/.local/lib/python3.11/site-packages/airflow/example_dags/example_workday_timetable.py
[2024-10-29T06:30:59.729+0000] {logging_mixin.py:190} INFO - [2024-10-29T06:30:59.728+0000] {dag.py:3239} INFO - Sync 1 DAGs
[2024-10-29T06:30:59.764+0000] {logging_mixin.py:190} INFO - [2024-10-29T06:30:59.764+0000] {dag.py:4180} INFO - Setting next_dagrun for example_workday_timetable to 2021-01-04 00:00:00+00:00, run_after=2021-01-05 00:00:00+00:00
[2024-10-29T06:30:59.775+0000] {processor.py:208} INFO - Processing /home/airflow/.local/lib/python3.11/site-packages/airflow/example_dags/example_workday_timetable.py took 0.070 seconds
[2024-10-29T07:19:57.284+0000] {processor.py:186} INFO - Started process (PID=48175) to work on /home/airflow/.local/lib/python3.11/site-packages/airflow/example_dags/example_workday_timetable.py
[2024-10-29T07:19:57.285+0000] {processor.py:914} INFO - Processing file /home/airflow/.local/lib/python3.11/site-packages/airflow/example_dags/example_workday_timetable.py for tasks to queue
[2024-10-29T07:19:57.287+0000] {logging_mixin.py:190} INFO - [2024-10-29T07:19:57.287+0000] {dagbag.py:588} INFO - Filling up the DagBag from /home/airflow/.local/lib/python3.11/site-packages/airflow/example_dags/example_workday_timetable.py
[2024-10-29T07:19:57.291+0000] {processor.py:925} INFO - DAG(s) 'example_workday_timetable' retrieved from /home/airflow/.local/lib/python3.11/site-packages/airflow/example_dags/example_workday_timetable.py
[2024-10-29T07:19:57.301+0000] {logging_mixin.py:190} INFO - [2024-10-29T07:19:57.301+0000] {dag.py:3239} INFO - Sync 1 DAGs
[2024-10-29T07:19:57.340+0000] {logging_mixin.py:190} INFO - [2024-10-29T07:19:57.340+0000] {dag.py:4180} INFO - Setting next_dagrun for example_workday_timetable to 2021-01-04 00:00:00+00:00, run_after=2021-01-05 00:00:00+00:00
[2024-10-29T07:19:57.351+0000] {processor.py:208} INFO - Processing /home/airflow/.local/lib/python3.11/site-packages/airflow/example_dags/example_workday_timetable.py took 0.071 seconds
[2024-10-29T07:59:18.800+0000] {processor.py:186} INFO - Started process (PID=48238) to work on /home/airflow/.local/lib/python3.11/site-packages/airflow/example_dags/example_workday_timetable.py
[2024-10-29T07:59:18.804+0000] {processor.py:914} INFO - Processing file /home/airflow/.local/lib/python3.11/site-packages/airflow/example_dags/example_workday_timetable.py for tasks to queue
[2024-10-29T07:59:18.807+0000] {logging_mixin.py:190} INFO - [2024-10-29T07:59:18.807+0000] {dagbag.py:588} INFO - Filling up the DagBag from /home/airflow/.local/lib/python3.11/site-packages/airflow/example_dags/example_workday_timetable.py
[2024-10-29T07:59:18.815+0000] {processor.py:925} INFO - DAG(s) 'example_workday_timetable' retrieved from /home/airflow/.local/lib/python3.11/site-packages/airflow/example_dags/example_workday_timetable.py
[2024-10-29T07:59:18.831+0000] {logging_mixin.py:190} INFO - [2024-10-29T07:59:18.831+0000] {dag.py:3239} INFO - Sync 1 DAGs
[2024-10-29T07:59:18.882+0000] {logging_mixin.py:190} INFO - [2024-10-29T07:59:18.882+0000] {dag.py:4180} INFO - Setting next_dagrun for example_workday_timetable to 2021-01-04 00:00:00+00:00, run_after=2021-01-05 00:00:00+00:00
[2024-10-29T07:59:18.892+0000] {processor.py:208} INFO - Processing /home/airflow/.local/lib/python3.11/site-packages/airflow/example_dags/example_workday_timetable.py took 0.096 seconds
[2024-10-29T07:59:49.373+0000] {processor.py:186} INFO - Started process (PID=48302) to work on /home/airflow/.local/lib/python3.11/site-packages/airflow/example_dags/example_workday_timetable.py
[2024-10-29T07:59:49.374+0000] {processor.py:914} INFO - Processing file /home/airflow/.local/lib/python3.11/site-packages/airflow/example_dags/example_workday_timetable.py for tasks to queue
[2024-10-29T07:59:49.376+0000] {logging_mixin.py:190} INFO - [2024-10-29T07:59:49.375+0000] {dagbag.py:588} INFO - Filling up the DagBag from /home/airflow/.local/lib/python3.11/site-packages/airflow/example_dags/example_workday_timetable.py
[2024-10-29T07:59:49.378+0000] {processor.py:925} INFO - DAG(s) 'example_workday_timetable' retrieved from /home/airflow/.local/lib/python3.11/site-packages/airflow/example_dags/example_workday_timetable.py
[2024-10-29T07:59:49.388+0000] {logging_mixin.py:190} INFO - [2024-10-29T07:59:49.388+0000] {dag.py:3239} INFO - Sync 1 DAGs
[2024-10-29T07:59:49.422+0000] {logging_mixin.py:190} INFO - [2024-10-29T07:59:49.422+0000] {dag.py:4180} INFO - Setting next_dagrun for example_workday_timetable to 2021-01-04 00:00:00+00:00, run_after=2021-01-05 00:00:00+00:00
[2024-10-29T07:59:49.431+0000] {processor.py:208} INFO - Processing /home/airflow/.local/lib/python3.11/site-packages/airflow/example_dags/example_workday_timetable.py took 0.061 seconds
[2024-10-29T08:00:19.726+0000] {processor.py:186} INFO - Started process (PID=48365) to work on /home/airflow/.local/lib/python3.11/site-packages/airflow/example_dags/example_workday_timetable.py
[2024-10-29T08:00:19.727+0000] {processor.py:914} INFO - Processing file /home/airflow/.local/lib/python3.11/site-packages/airflow/example_dags/example_workday_timetable.py for tasks to queue
[2024-10-29T08:00:19.728+0000] {logging_mixin.py:190} INFO - [2024-10-29T08:00:19.728+0000] {dagbag.py:588} INFO - Filling up the DagBag from /home/airflow/.local/lib/python3.11/site-packages/airflow/example_dags/example_workday_timetable.py
[2024-10-29T08:00:19.735+0000] {processor.py:925} INFO - DAG(s) 'example_workday_timetable' retrieved from /home/airflow/.local/lib/python3.11/site-packages/airflow/example_dags/example_workday_timetable.py
[2024-10-29T08:00:19.746+0000] {logging_mixin.py:190} INFO - [2024-10-29T08:00:19.746+0000] {dag.py:3239} INFO - Sync 1 DAGs
[2024-10-29T08:00:19.782+0000] {logging_mixin.py:190} INFO - [2024-10-29T08:00:19.782+0000] {dag.py:4180} INFO - Setting next_dagrun for example_workday_timetable to 2021-01-04 00:00:00+00:00, run_after=2021-01-05 00:00:00+00:00
[2024-10-29T08:00:19.791+0000] {processor.py:208} INFO - Processing /home/airflow/.local/lib/python3.11/site-packages/airflow/example_dags/example_workday_timetable.py took 0.068 seconds
[2024-10-29T08:00:50.031+0000] {processor.py:186} INFO - Started process (PID=48428) to work on /home/airflow/.local/lib/python3.11/site-packages/airflow/example_dags/example_workday_timetable.py
[2024-10-29T08:00:50.032+0000] {processor.py:914} INFO - Processing file /home/airflow/.local/lib/python3.11/site-packages/airflow/example_dags/example_workday_timetable.py for tasks to queue
[2024-10-29T08:00:50.033+0000] {logging_mixin.py:190} INFO - [2024-10-29T08:00:50.033+0000] {dagbag.py:588} INFO - Filling up the DagBag from /home/airflow/.local/lib/python3.11/site-packages/airflow/example_dags/example_workday_timetable.py
[2024-10-29T08:00:50.036+0000] {processor.py:925} INFO - DAG(s) 'example_workday_timetable' retrieved from /home/airflow/.local/lib/python3.11/site-packages/airflow/example_dags/example_workday_timetable.py
[2024-10-29T08:00:50.046+0000] {logging_mixin.py:190} INFO - [2024-10-29T08:00:50.045+0000] {dag.py:3239} INFO - Sync 1 DAGs
[2024-10-29T08:00:50.079+0000] {logging_mixin.py:190} INFO - [2024-10-29T08:00:50.079+0000] {dag.py:4180} INFO - Setting next_dagrun for example_workday_timetable to 2021-01-04 00:00:00+00:00, run_after=2021-01-05 00:00:00+00:00
[2024-10-29T08:00:50.088+0000] {processor.py:208} INFO - Processing /home/airflow/.local/lib/python3.11/site-packages/airflow/example_dags/example_workday_timetable.py took 0.061 seconds
[2024-10-29T08:01:20.572+0000] {processor.py:186} INFO - Started process (PID=48491) to work on /home/airflow/.local/lib/python3.11/site-packages/airflow/example_dags/example_workday_timetable.py
[2024-10-29T08:01:20.573+0000] {processor.py:914} INFO - Processing file /home/airflow/.local/lib/python3.11/site-packages/airflow/example_dags/example_workday_timetable.py for tasks to queue
[2024-10-29T08:01:20.574+0000] {logging_mixin.py:190} INFO - [2024-10-29T08:01:20.574+0000] {dagbag.py:588} INFO - Filling up the DagBag from /home/airflow/.local/lib/python3.11/site-packages/airflow/example_dags/example_workday_timetable.py
[2024-10-29T08:01:20.578+0000] {processor.py:925} INFO - DAG(s) 'example_workday_timetable' retrieved from /home/airflow/.local/lib/python3.11/site-packages/airflow/example_dags/example_workday_timetable.py
[2024-10-29T08:01:20.588+0000] {logging_mixin.py:190} INFO - [2024-10-29T08:01:20.588+0000] {dag.py:3239} INFO - Sync 1 DAGs
[2024-10-29T08:01:20.633+0000] {logging_mixin.py:190} INFO - [2024-10-29T08:01:20.633+0000] {dag.py:4180} INFO - Setting next_dagrun for example_workday_timetable to 2021-01-04 00:00:00+00:00, run_after=2021-01-05 00:00:00+00:00
[2024-10-29T08:01:20.643+0000] {processor.py:208} INFO - Processing /home/airflow/.local/lib/python3.11/site-packages/airflow/example_dags/example_workday_timetable.py took 0.074 seconds
[2024-10-29T08:01:51.380+0000] {processor.py:186} INFO - Started process (PID=48554) to work on /home/airflow/.local/lib/python3.11/site-packages/airflow/example_dags/example_workday_timetable.py
[2024-10-29T08:01:51.381+0000] {processor.py:914} INFO - Processing file /home/airflow/.local/lib/python3.11/site-packages/airflow/example_dags/example_workday_timetable.py for tasks to queue
[2024-10-29T08:01:51.382+0000] {logging_mixin.py:190} INFO - [2024-10-29T08:01:51.382+0000] {dagbag.py:588} INFO - Filling up the DagBag from /home/airflow/.local/lib/python3.11/site-packages/airflow/example_dags/example_workday_timetable.py
[2024-10-29T08:01:51.385+0000] {processor.py:925} INFO - DAG(s) 'example_workday_timetable' retrieved from /home/airflow/.local/lib/python3.11/site-packages/airflow/example_dags/example_workday_timetable.py
[2024-10-29T08:01:51.397+0000] {logging_mixin.py:190} INFO - [2024-10-29T08:01:51.397+0000] {dag.py:3239} INFO - Sync 1 DAGs
[2024-10-29T08:01:51.434+0000] {logging_mixin.py:190} INFO - [2024-10-29T08:01:51.433+0000] {dag.py:4180} INFO - Setting next_dagrun for example_workday_timetable to 2021-01-04 00:00:00+00:00, run_after=2021-01-05 00:00:00+00:00
[2024-10-29T08:01:51.444+0000] {processor.py:208} INFO - Processing /home/airflow/.local/lib/python3.11/site-packages/airflow/example_dags/example_workday_timetable.py took 0.067 seconds
[2024-10-29T08:02:22.257+0000] {processor.py:186} INFO - Started process (PID=48617) to work on /home/airflow/.local/lib/python3.11/site-packages/airflow/example_dags/example_workday_timetable.py
[2024-10-29T08:02:22.257+0000] {processor.py:914} INFO - Processing file /home/airflow/.local/lib/python3.11/site-packages/airflow/example_dags/example_workday_timetable.py for tasks to queue
[2024-10-29T08:02:22.259+0000] {logging_mixin.py:190} INFO - [2024-10-29T08:02:22.259+0000] {dagbag.py:588} INFO - Filling up the DagBag from /home/airflow/.local/lib/python3.11/site-packages/airflow/example_dags/example_workday_timetable.py
[2024-10-29T08:02:22.262+0000] {processor.py:925} INFO - DAG(s) 'example_workday_timetable' retrieved from /home/airflow/.local/lib/python3.11/site-packages/airflow/example_dags/example_workday_timetable.py
[2024-10-29T08:02:22.272+0000] {logging_mixin.py:190} INFO - [2024-10-29T08:02:22.272+0000] {dag.py:3239} INFO - Sync 1 DAGs
[2024-10-29T08:02:22.307+0000] {logging_mixin.py:190} INFO - [2024-10-29T08:02:22.307+0000] {dag.py:4180} INFO - Setting next_dagrun for example_workday_timetable to 2021-01-04 00:00:00+00:00, run_after=2021-01-05 00:00:00+00:00
[2024-10-29T08:02:22.315+0000] {processor.py:208} INFO - Processing /home/airflow/.local/lib/python3.11/site-packages/airflow/example_dags/example_workday_timetable.py took 0.062 seconds
[2024-10-29T08:02:52.999+0000] {processor.py:186} INFO - Started process (PID=48680) to work on /home/airflow/.local/lib/python3.11/site-packages/airflow/example_dags/example_workday_timetable.py
[2024-10-29T08:02:52.999+0000] {processor.py:914} INFO - Processing file /home/airflow/.local/lib/python3.11/site-packages/airflow/example_dags/example_workday_timetable.py for tasks to queue
[2024-10-29T08:02:53.001+0000] {logging_mixin.py:190} INFO - [2024-10-29T08:02:53.001+0000] {dagbag.py:588} INFO - Filling up the DagBag from /home/airflow/.local/lib/python3.11/site-packages/airflow/example_dags/example_workday_timetable.py
[2024-10-29T08:02:53.004+0000] {processor.py:925} INFO - DAG(s) 'example_workday_timetable' retrieved from /home/airflow/.local/lib/python3.11/site-packages/airflow/example_dags/example_workday_timetable.py
[2024-10-29T08:02:53.015+0000] {logging_mixin.py:190} INFO - [2024-10-29T08:02:53.015+0000] {dag.py:3239} INFO - Sync 1 DAGs
[2024-10-29T08:02:53.082+0000] {logging_mixin.py:190} INFO - [2024-10-29T08:02:53.082+0000] {dag.py:4180} INFO - Setting next_dagrun for example_workday_timetable to 2021-01-04 00:00:00+00:00, run_after=2021-01-05 00:00:00+00:00
[2024-10-29T08:02:53.090+0000] {processor.py:208} INFO - Processing /home/airflow/.local/lib/python3.11/site-packages/airflow/example_dags/example_workday_timetable.py took 0.095 seconds
[2024-10-29T08:03:23.491+0000] {processor.py:186} INFO - Started process (PID=48743) to work on /home/airflow/.local/lib/python3.11/site-packages/airflow/example_dags/example_workday_timetable.py
[2024-10-29T08:03:23.492+0000] {processor.py:914} INFO - Processing file /home/airflow/.local/lib/python3.11/site-packages/airflow/example_dags/example_workday_timetable.py for tasks to queue
[2024-10-29T08:03:23.493+0000] {logging_mixin.py:190} INFO - [2024-10-29T08:03:23.493+0000] {dagbag.py:588} INFO - Filling up the DagBag from /home/airflow/.local/lib/python3.11/site-packages/airflow/example_dags/example_workday_timetable.py
[2024-10-29T08:03:23.496+0000] {processor.py:925} INFO - DAG(s) 'example_workday_timetable' retrieved from /home/airflow/.local/lib/python3.11/site-packages/airflow/example_dags/example_workday_timetable.py
[2024-10-29T08:03:23.507+0000] {logging_mixin.py:190} INFO - [2024-10-29T08:03:23.507+0000] {dag.py:3239} INFO - Sync 1 DAGs
[2024-10-29T08:03:23.540+0000] {logging_mixin.py:190} INFO - [2024-10-29T08:03:23.540+0000] {dag.py:4180} INFO - Setting next_dagrun for example_workday_timetable to 2021-01-04 00:00:00+00:00, run_after=2021-01-05 00:00:00+00:00
[2024-10-29T08:03:23.549+0000] {processor.py:208} INFO - Processing /home/airflow/.local/lib/python3.11/site-packages/airflow/example_dags/example_workday_timetable.py took 0.061 seconds
[2024-10-29T08:03:53.842+0000] {processor.py:186} INFO - Started process (PID=48806) to work on /home/airflow/.local/lib/python3.11/site-packages/airflow/example_dags/example_workday_timetable.py
[2024-10-29T08:03:53.842+0000] {processor.py:914} INFO - Processing file /home/airflow/.local/lib/python3.11/site-packages/airflow/example_dags/example_workday_timetable.py for tasks to queue
[2024-10-29T08:03:53.844+0000] {logging_mixin.py:190} INFO - [2024-10-29T08:03:53.844+0000] {dagbag.py:588} INFO - Filling up the DagBag from /home/airflow/.local/lib/python3.11/site-packages/airflow/example_dags/example_workday_timetable.py
[2024-10-29T08:03:53.848+0000] {processor.py:925} INFO - DAG(s) 'example_workday_timetable' retrieved from /home/airflow/.local/lib/python3.11/site-packages/airflow/example_dags/example_workday_timetable.py
[2024-10-29T08:03:53.857+0000] {logging_mixin.py:190} INFO - [2024-10-29T08:03:53.857+0000] {dag.py:3239} INFO - Sync 1 DAGs
[2024-10-29T08:03:53.895+0000] {logging_mixin.py:190} INFO - [2024-10-29T08:03:53.894+0000] {dag.py:4180} INFO - Setting next_dagrun for example_workday_timetable to 2021-01-04 00:00:00+00:00, run_after=2021-01-05 00:00:00+00:00
[2024-10-29T08:03:53.904+0000] {processor.py:208} INFO - Processing /home/airflow/.local/lib/python3.11/site-packages/airflow/example_dags/example_workday_timetable.py took 0.066 seconds
[2024-10-29T08:04:24.324+0000] {processor.py:186} INFO - Started process (PID=48869) to work on /home/airflow/.local/lib/python3.11/site-packages/airflow/example_dags/example_workday_timetable.py
[2024-10-29T08:04:24.325+0000] {processor.py:914} INFO - Processing file /home/airflow/.local/lib/python3.11/site-packages/airflow/example_dags/example_workday_timetable.py for tasks to queue
[2024-10-29T08:04:24.326+0000] {logging_mixin.py:190} INFO - [2024-10-29T08:04:24.326+0000] {dagbag.py:588} INFO - Filling up the DagBag from /home/airflow/.local/lib/python3.11/site-packages/airflow/example_dags/example_workday_timetable.py
[2024-10-29T08:04:24.329+0000] {processor.py:925} INFO - DAG(s) 'example_workday_timetable' retrieved from /home/airflow/.local/lib/python3.11/site-packages/airflow/example_dags/example_workday_timetable.py
[2024-10-29T08:04:24.338+0000] {logging_mixin.py:190} INFO - [2024-10-29T08:04:24.337+0000] {dag.py:3239} INFO - Sync 1 DAGs
[2024-10-29T08:04:24.378+0000] {logging_mixin.py:190} INFO - [2024-10-29T08:04:24.378+0000] {dag.py:4180} INFO - Setting next_dagrun for example_workday_timetable to 2021-01-04 00:00:00+00:00, run_after=2021-01-05 00:00:00+00:00
[2024-10-29T08:04:24.389+0000] {processor.py:208} INFO - Processing /home/airflow/.local/lib/python3.11/site-packages/airflow/example_dags/example_workday_timetable.py took 0.069 seconds
[2024-10-29T08:04:54.745+0000] {processor.py:186} INFO - Started process (PID=48931) to work on /home/airflow/.local/lib/python3.11/site-packages/airflow/example_dags/example_workday_timetable.py
[2024-10-29T08:04:54.746+0000] {processor.py:914} INFO - Processing file /home/airflow/.local/lib/python3.11/site-packages/airflow/example_dags/example_workday_timetable.py for tasks to queue
[2024-10-29T08:04:54.748+0000] {logging_mixin.py:190} INFO - [2024-10-29T08:04:54.748+0000] {dagbag.py:588} INFO - Filling up the DagBag from /home/airflow/.local/lib/python3.11/site-packages/airflow/example_dags/example_workday_timetable.py
[2024-10-29T08:04:54.752+0000] {processor.py:925} INFO - DAG(s) 'example_workday_timetable' retrieved from /home/airflow/.local/lib/python3.11/site-packages/airflow/example_dags/example_workday_timetable.py
[2024-10-29T08:04:54.762+0000] {logging_mixin.py:190} INFO - [2024-10-29T08:04:54.762+0000] {dag.py:3239} INFO - Sync 1 DAGs
[2024-10-29T08:04:54.796+0000] {logging_mixin.py:190} INFO - [2024-10-29T08:04:54.796+0000] {dag.py:4180} INFO - Setting next_dagrun for example_workday_timetable to 2021-01-04 00:00:00+00:00, run_after=2021-01-05 00:00:00+00:00
[2024-10-29T08:04:54.805+0000] {processor.py:208} INFO - Processing /home/airflow/.local/lib/python3.11/site-packages/airflow/example_dags/example_workday_timetable.py took 0.064 seconds
[2024-10-29T08:05:25.350+0000] {processor.py:186} INFO - Started process (PID=48994) to work on /home/airflow/.local/lib/python3.11/site-packages/airflow/example_dags/example_workday_timetable.py
[2024-10-29T08:05:25.351+0000] {processor.py:914} INFO - Processing file /home/airflow/.local/lib/python3.11/site-packages/airflow/example_dags/example_workday_timetable.py for tasks to queue
[2024-10-29T08:05:25.352+0000] {logging_mixin.py:190} INFO - [2024-10-29T08:05:25.352+0000] {dagbag.py:588} INFO - Filling up the DagBag from /home/airflow/.local/lib/python3.11/site-packages/airflow/example_dags/example_workday_timetable.py
[2024-10-29T08:05:25.355+0000] {processor.py:925} INFO - DAG(s) 'example_workday_timetable' retrieved from /home/airflow/.local/lib/python3.11/site-packages/airflow/example_dags/example_workday_timetable.py
[2024-10-29T08:05:25.366+0000] {logging_mixin.py:190} INFO - [2024-10-29T08:05:25.365+0000] {dag.py:3239} INFO - Sync 1 DAGs
[2024-10-29T08:05:25.399+0000] {logging_mixin.py:190} INFO - [2024-10-29T08:05:25.398+0000] {dag.py:4180} INFO - Setting next_dagrun for example_workday_timetable to 2021-01-04 00:00:00+00:00, run_after=2021-01-05 00:00:00+00:00
[2024-10-29T08:05:25.408+0000] {processor.py:208} INFO - Processing /home/airflow/.local/lib/python3.11/site-packages/airflow/example_dags/example_workday_timetable.py took 0.062 seconds
[2024-10-29T08:05:55.915+0000] {processor.py:186} INFO - Started process (PID=49057) to work on /home/airflow/.local/lib/python3.11/site-packages/airflow/example_dags/example_workday_timetable.py
[2024-10-29T08:05:55.916+0000] {processor.py:914} INFO - Processing file /home/airflow/.local/lib/python3.11/site-packages/airflow/example_dags/example_workday_timetable.py for tasks to queue
[2024-10-29T08:05:55.918+0000] {logging_mixin.py:190} INFO - [2024-10-29T08:05:55.918+0000] {dagbag.py:588} INFO - Filling up the DagBag from /home/airflow/.local/lib/python3.11/site-packages/airflow/example_dags/example_workday_timetable.py
[2024-10-29T08:05:55.921+0000] {processor.py:925} INFO - DAG(s) 'example_workday_timetable' retrieved from /home/airflow/.local/lib/python3.11/site-packages/airflow/example_dags/example_workday_timetable.py
[2024-10-29T08:05:55.939+0000] {logging_mixin.py:190} INFO - [2024-10-29T08:05:55.938+0000] {dag.py:3239} INFO - Sync 1 DAGs
[2024-10-29T08:05:55.975+0000] {logging_mixin.py:190} INFO - [2024-10-29T08:05:55.975+0000] {dag.py:4180} INFO - Setting next_dagrun for example_workday_timetable to 2021-01-04 00:00:00+00:00, run_after=2021-01-05 00:00:00+00:00
[2024-10-29T08:05:55.983+0000] {processor.py:208} INFO - Processing /home/airflow/.local/lib/python3.11/site-packages/airflow/example_dags/example_workday_timetable.py took 0.072 seconds
[2024-10-29T08:06:26.313+0000] {processor.py:186} INFO - Started process (PID=49120) to work on /home/airflow/.local/lib/python3.11/site-packages/airflow/example_dags/example_workday_timetable.py
[2024-10-29T08:06:26.313+0000] {processor.py:914} INFO - Processing file /home/airflow/.local/lib/python3.11/site-packages/airflow/example_dags/example_workday_timetable.py for tasks to queue
[2024-10-29T08:06:26.315+0000] {logging_mixin.py:190} INFO - [2024-10-29T08:06:26.315+0000] {dagbag.py:588} INFO - Filling up the DagBag from /home/airflow/.local/lib/python3.11/site-packages/airflow/example_dags/example_workday_timetable.py
[2024-10-29T08:06:26.319+0000] {processor.py:925} INFO - DAG(s) 'example_workday_timetable' retrieved from /home/airflow/.local/lib/python3.11/site-packages/airflow/example_dags/example_workday_timetable.py
[2024-10-29T08:06:26.329+0000] {logging_mixin.py:190} INFO - [2024-10-29T08:06:26.329+0000] {dag.py:3239} INFO - Sync 1 DAGs
[2024-10-29T08:06:26.363+0000] {logging_mixin.py:190} INFO - [2024-10-29T08:06:26.363+0000] {dag.py:4180} INFO - Setting next_dagrun for example_workday_timetable to 2021-01-04 00:00:00+00:00, run_after=2021-01-05 00:00:00+00:00
[2024-10-29T08:06:26.370+0000] {processor.py:208} INFO - Processing /home/airflow/.local/lib/python3.11/site-packages/airflow/example_dags/example_workday_timetable.py took 0.061 seconds
[2024-10-29T08:06:57.185+0000] {processor.py:186} INFO - Started process (PID=49183) to work on /home/airflow/.local/lib/python3.11/site-packages/airflow/example_dags/example_workday_timetable.py
[2024-10-29T08:06:57.185+0000] {processor.py:914} INFO - Processing file /home/airflow/.local/lib/python3.11/site-packages/airflow/example_dags/example_workday_timetable.py for tasks to queue
[2024-10-29T08:06:57.187+0000] {logging_mixin.py:190} INFO - [2024-10-29T08:06:57.187+0000] {dagbag.py:588} INFO - Filling up the DagBag from /home/airflow/.local/lib/python3.11/site-packages/airflow/example_dags/example_workday_timetable.py
[2024-10-29T08:06:57.195+0000] {processor.py:925} INFO - DAG(s) 'example_workday_timetable' retrieved from /home/airflow/.local/lib/python3.11/site-packages/airflow/example_dags/example_workday_timetable.py
[2024-10-29T08:06:57.211+0000] {logging_mixin.py:190} INFO - [2024-10-29T08:06:57.211+0000] {dag.py:3239} INFO - Sync 1 DAGs
[2024-10-29T08:06:57.276+0000] {logging_mixin.py:190} INFO - [2024-10-29T08:06:57.276+0000] {dag.py:4180} INFO - Setting next_dagrun for example_workday_timetable to 2021-01-04 00:00:00+00:00, run_after=2021-01-05 00:00:00+00:00
[2024-10-29T08:06:57.297+0000] {processor.py:208} INFO - Processing /home/airflow/.local/lib/python3.11/site-packages/airflow/example_dags/example_workday_timetable.py took 0.119 seconds
[2024-10-29T08:07:28.344+0000] {processor.py:186} INFO - Started process (PID=49246) to work on /home/airflow/.local/lib/python3.11/site-packages/airflow/example_dags/example_workday_timetable.py
[2024-10-29T08:07:28.345+0000] {processor.py:914} INFO - Processing file /home/airflow/.local/lib/python3.11/site-packages/airflow/example_dags/example_workday_timetable.py for tasks to queue
[2024-10-29T08:07:28.347+0000] {logging_mixin.py:190} INFO - [2024-10-29T08:07:28.347+0000] {dagbag.py:588} INFO - Filling up the DagBag from /home/airflow/.local/lib/python3.11/site-packages/airflow/example_dags/example_workday_timetable.py
[2024-10-29T08:07:28.351+0000] {processor.py:925} INFO - DAG(s) 'example_workday_timetable' retrieved from /home/airflow/.local/lib/python3.11/site-packages/airflow/example_dags/example_workday_timetable.py
[2024-10-29T08:07:28.362+0000] {logging_mixin.py:190} INFO - [2024-10-29T08:07:28.362+0000] {dag.py:3239} INFO - Sync 1 DAGs
[2024-10-29T08:07:28.407+0000] {logging_mixin.py:190} INFO - [2024-10-29T08:07:28.406+0000] {dag.py:4180} INFO - Setting next_dagrun for example_workday_timetable to 2021-01-04 00:00:00+00:00, run_after=2021-01-05 00:00:00+00:00
[2024-10-29T08:07:28.415+0000] {processor.py:208} INFO - Processing /home/airflow/.local/lib/python3.11/site-packages/airflow/example_dags/example_workday_timetable.py took 0.075 seconds
[2024-10-29T08:07:59.294+0000] {processor.py:186} INFO - Started process (PID=49309) to work on /home/airflow/.local/lib/python3.11/site-packages/airflow/example_dags/example_workday_timetable.py
[2024-10-29T08:07:59.296+0000] {processor.py:914} INFO - Processing file /home/airflow/.local/lib/python3.11/site-packages/airflow/example_dags/example_workday_timetable.py for tasks to queue
[2024-10-29T08:07:59.299+0000] {logging_mixin.py:190} INFO - [2024-10-29T08:07:59.299+0000] {dagbag.py:588} INFO - Filling up the DagBag from /home/airflow/.local/lib/python3.11/site-packages/airflow/example_dags/example_workday_timetable.py
[2024-10-29T08:07:59.302+0000] {processor.py:925} INFO - DAG(s) 'example_workday_timetable' retrieved from /home/airflow/.local/lib/python3.11/site-packages/airflow/example_dags/example_workday_timetable.py
[2024-10-29T08:07:59.314+0000] {logging_mixin.py:190} INFO - [2024-10-29T08:07:59.314+0000] {dag.py:3239} INFO - Sync 1 DAGs
[2024-10-29T08:07:59.363+0000] {logging_mixin.py:190} INFO - [2024-10-29T08:07:59.363+0000] {dag.py:4180} INFO - Setting next_dagrun for example_workday_timetable to 2021-01-04 00:00:00+00:00, run_after=2021-01-05 00:00:00+00:00
[2024-10-29T08:07:59.374+0000] {processor.py:208} INFO - Processing /home/airflow/.local/lib/python3.11/site-packages/airflow/example_dags/example_workday_timetable.py took 0.084 seconds
[2024-10-29T08:08:29.618+0000] {processor.py:186} INFO - Started process (PID=49372) to work on /home/airflow/.local/lib/python3.11/site-packages/airflow/example_dags/example_workday_timetable.py
[2024-10-29T08:08:29.621+0000] {processor.py:914} INFO - Processing file /home/airflow/.local/lib/python3.11/site-packages/airflow/example_dags/example_workday_timetable.py for tasks to queue
[2024-10-29T08:08:29.628+0000] {logging_mixin.py:190} INFO - [2024-10-29T08:08:29.627+0000] {dagbag.py:588} INFO - Filling up the DagBag from /home/airflow/.local/lib/python3.11/site-packages/airflow/example_dags/example_workday_timetable.py
[2024-10-29T08:08:29.637+0000] {processor.py:925} INFO - DAG(s) 'example_workday_timetable' retrieved from /home/airflow/.local/lib/python3.11/site-packages/airflow/example_dags/example_workday_timetable.py
[2024-10-29T08:08:29.663+0000] {logging_mixin.py:190} INFO - [2024-10-29T08:08:29.662+0000] {dag.py:3239} INFO - Sync 1 DAGs
[2024-10-29T08:08:29.756+0000] {logging_mixin.py:190} INFO - [2024-10-29T08:08:29.756+0000] {dag.py:4180} INFO - Setting next_dagrun for example_workday_timetable to 2021-01-04 00:00:00+00:00, run_after=2021-01-05 00:00:00+00:00
[2024-10-29T08:08:29.774+0000] {processor.py:208} INFO - Processing /home/airflow/.local/lib/python3.11/site-packages/airflow/example_dags/example_workday_timetable.py took 0.175 seconds
[2024-10-29T08:09:00.350+0000] {processor.py:186} INFO - Started process (PID=49434) to work on /home/airflow/.local/lib/python3.11/site-packages/airflow/example_dags/example_workday_timetable.py
[2024-10-29T08:09:00.351+0000] {processor.py:914} INFO - Processing file /home/airflow/.local/lib/python3.11/site-packages/airflow/example_dags/example_workday_timetable.py for tasks to queue
[2024-10-29T08:09:00.352+0000] {logging_mixin.py:190} INFO - [2024-10-29T08:09:00.352+0000] {dagbag.py:588} INFO - Filling up the DagBag from /home/airflow/.local/lib/python3.11/site-packages/airflow/example_dags/example_workday_timetable.py
[2024-10-29T08:09:00.356+0000] {processor.py:925} INFO - DAG(s) 'example_workday_timetable' retrieved from /home/airflow/.local/lib/python3.11/site-packages/airflow/example_dags/example_workday_timetable.py
[2024-10-29T08:09:00.367+0000] {logging_mixin.py:190} INFO - [2024-10-29T08:09:00.366+0000] {dag.py:3239} INFO - Sync 1 DAGs
[2024-10-29T08:09:00.418+0000] {logging_mixin.py:190} INFO - [2024-10-29T08:09:00.418+0000] {dag.py:4180} INFO - Setting next_dagrun for example_workday_timetable to 2021-01-04 00:00:00+00:00, run_after=2021-01-05 00:00:00+00:00
[2024-10-29T08:09:00.431+0000] {processor.py:208} INFO - Processing /home/airflow/.local/lib/python3.11/site-packages/airflow/example_dags/example_workday_timetable.py took 0.085 seconds
[2024-10-29T08:09:30.809+0000] {processor.py:186} INFO - Started process (PID=49496) to work on /home/airflow/.local/lib/python3.11/site-packages/airflow/example_dags/example_workday_timetable.py
[2024-10-29T08:09:30.810+0000] {processor.py:914} INFO - Processing file /home/airflow/.local/lib/python3.11/site-packages/airflow/example_dags/example_workday_timetable.py for tasks to queue
[2024-10-29T08:09:30.812+0000] {logging_mixin.py:190} INFO - [2024-10-29T08:09:30.812+0000] {dagbag.py:588} INFO - Filling up the DagBag from /home/airflow/.local/lib/python3.11/site-packages/airflow/example_dags/example_workday_timetable.py
[2024-10-29T08:09:30.815+0000] {processor.py:925} INFO - DAG(s) 'example_workday_timetable' retrieved from /home/airflow/.local/lib/python3.11/site-packages/airflow/example_dags/example_workday_timetable.py
[2024-10-29T08:09:30.825+0000] {logging_mixin.py:190} INFO - [2024-10-29T08:09:30.825+0000] {dag.py:3239} INFO - Sync 1 DAGs
[2024-10-29T08:09:30.867+0000] {logging_mixin.py:190} INFO - [2024-10-29T08:09:30.867+0000] {dag.py:4180} INFO - Setting next_dagrun for example_workday_timetable to 2021-01-04 00:00:00+00:00, run_after=2021-01-05 00:00:00+00:00
[2024-10-29T08:09:30.879+0000] {processor.py:208} INFO - Processing /home/airflow/.local/lib/python3.11/site-packages/airflow/example_dags/example_workday_timetable.py took 0.074 seconds
[2024-10-29T08:10:01.564+0000] {processor.py:186} INFO - Started process (PID=49559) to work on /home/airflow/.local/lib/python3.11/site-packages/airflow/example_dags/example_workday_timetable.py
[2024-10-29T08:10:01.565+0000] {processor.py:914} INFO - Processing file /home/airflow/.local/lib/python3.11/site-packages/airflow/example_dags/example_workday_timetable.py for tasks to queue
[2024-10-29T08:10:01.568+0000] {logging_mixin.py:190} INFO - [2024-10-29T08:10:01.567+0000] {dagbag.py:588} INFO - Filling up the DagBag from /home/airflow/.local/lib/python3.11/site-packages/airflow/example_dags/example_workday_timetable.py
[2024-10-29T08:10:01.576+0000] {processor.py:925} INFO - DAG(s) 'example_workday_timetable' retrieved from /home/airflow/.local/lib/python3.11/site-packages/airflow/example_dags/example_workday_timetable.py
[2024-10-29T08:10:01.624+0000] {logging_mixin.py:190} INFO - [2024-10-29T08:10:01.624+0000] {dag.py:3239} INFO - Sync 1 DAGs
[2024-10-29T08:10:01.694+0000] {logging_mixin.py:190} INFO - [2024-10-29T08:10:01.694+0000] {dag.py:4180} INFO - Setting next_dagrun for example_workday_timetable to 2021-01-04 00:00:00+00:00, run_after=2021-01-05 00:00:00+00:00
[2024-10-29T08:10:01.708+0000] {processor.py:208} INFO - Processing /home/airflow/.local/lib/python3.11/site-packages/airflow/example_dags/example_workday_timetable.py took 0.148 seconds
[2024-10-29T08:10:32.278+0000] {processor.py:186} INFO - Started process (PID=49622) to work on /home/airflow/.local/lib/python3.11/site-packages/airflow/example_dags/example_workday_timetable.py
[2024-10-29T08:10:32.279+0000] {processor.py:914} INFO - Processing file /home/airflow/.local/lib/python3.11/site-packages/airflow/example_dags/example_workday_timetable.py for tasks to queue
[2024-10-29T08:10:32.281+0000] {logging_mixin.py:190} INFO - [2024-10-29T08:10:32.280+0000] {dagbag.py:588} INFO - Filling up the DagBag from /home/airflow/.local/lib/python3.11/site-packages/airflow/example_dags/example_workday_timetable.py
[2024-10-29T08:10:32.286+0000] {processor.py:925} INFO - DAG(s) 'example_workday_timetable' retrieved from /home/airflow/.local/lib/python3.11/site-packages/airflow/example_dags/example_workday_timetable.py
[2024-10-29T08:10:32.309+0000] {logging_mixin.py:190} INFO - [2024-10-29T08:10:32.309+0000] {dag.py:3239} INFO - Sync 1 DAGs
[2024-10-29T08:10:32.392+0000] {logging_mixin.py:190} INFO - [2024-10-29T08:10:32.392+0000] {dag.py:4180} INFO - Setting next_dagrun for example_workday_timetable to 2021-01-04 00:00:00+00:00, run_after=2021-01-05 00:00:00+00:00
[2024-10-29T08:10:32.407+0000] {processor.py:208} INFO - Processing /home/airflow/.local/lib/python3.11/site-packages/airflow/example_dags/example_workday_timetable.py took 0.134 seconds
[2024-10-29T18:52:59.370+0000] {processor.py:186} INFO - Started process (PID=60) to work on /home/airflow/.local/lib/python3.11/site-packages/airflow/example_dags/example_workday_timetable.py
[2024-10-29T18:52:59.373+0000] {processor.py:914} INFO - Processing file /home/airflow/.local/lib/python3.11/site-packages/airflow/example_dags/example_workday_timetable.py for tasks to queue
[2024-10-29T18:52:59.379+0000] {logging_mixin.py:190} INFO - [2024-10-29T18:52:59.379+0000] {dagbag.py:588} INFO - Filling up the DagBag from /home/airflow/.local/lib/python3.11/site-packages/airflow/example_dags/example_workday_timetable.py
[2024-10-29T18:52:59.396+0000] {processor.py:925} INFO - DAG(s) 'example_workday_timetable' retrieved from /home/airflow/.local/lib/python3.11/site-packages/airflow/example_dags/example_workday_timetable.py
[2024-10-29T18:52:59.439+0000] {logging_mixin.py:190} INFO - [2024-10-29T18:52:59.439+0000] {dag.py:3239} INFO - Sync 1 DAGs
[2024-10-29T18:52:59.538+0000] {logging_mixin.py:190} INFO - [2024-10-29T18:52:59.537+0000] {dag.py:4180} INFO - Setting next_dagrun for example_workday_timetable to 2021-01-04 00:00:00+00:00, run_after=2021-01-05 00:00:00+00:00
[2024-10-29T18:52:59.582+0000] {processor.py:208} INFO - Processing /home/airflow/.local/lib/python3.11/site-packages/airflow/example_dags/example_workday_timetable.py took 0.219 seconds
[2024-10-29T18:53:32.648+0000] {processor.py:186} INFO - Started process (PID=122) to work on /home/airflow/.local/lib/python3.11/site-packages/airflow/example_dags/example_workday_timetable.py
[2024-10-29T18:53:32.653+0000] {processor.py:914} INFO - Processing file /home/airflow/.local/lib/python3.11/site-packages/airflow/example_dags/example_workday_timetable.py for tasks to queue
[2024-10-29T18:53:32.658+0000] {logging_mixin.py:190} INFO - [2024-10-29T18:53:32.656+0000] {dagbag.py:588} INFO - Filling up the DagBag from /home/airflow/.local/lib/python3.11/site-packages/airflow/example_dags/example_workday_timetable.py
[2024-10-29T18:53:32.674+0000] {processor.py:925} INFO - DAG(s) 'example_workday_timetable' retrieved from /home/airflow/.local/lib/python3.11/site-packages/airflow/example_dags/example_workday_timetable.py
[2024-10-29T18:53:32.726+0000] {logging_mixin.py:190} INFO - [2024-10-29T18:53:32.726+0000] {dag.py:3239} INFO - Sync 1 DAGs
[2024-10-29T18:53:32.976+0000] {logging_mixin.py:190} INFO - [2024-10-29T18:53:32.974+0000] {dag.py:4180} INFO - Setting next_dagrun for example_workday_timetable to 2021-01-04 00:00:00+00:00, run_after=2021-01-05 00:00:00+00:00
[2024-10-29T18:53:33.057+0000] {processor.py:208} INFO - Processing /home/airflow/.local/lib/python3.11/site-packages/airflow/example_dags/example_workday_timetable.py took 0.422 seconds
[2024-10-29T18:54:18.753+0000] {processor.py:186} INFO - Started process (PID=191) to work on /home/airflow/.local/lib/python3.11/site-packages/airflow/example_dags/example_workday_timetable.py
[2024-10-29T18:54:18.757+0000] {processor.py:914} INFO - Processing file /home/airflow/.local/lib/python3.11/site-packages/airflow/example_dags/example_workday_timetable.py for tasks to queue
[2024-10-29T18:54:18.764+0000] {logging_mixin.py:190} INFO - [2024-10-29T18:54:18.763+0000] {dagbag.py:588} INFO - Filling up the DagBag from /home/airflow/.local/lib/python3.11/site-packages/airflow/example_dags/example_workday_timetable.py
[2024-10-29T18:54:18.782+0000] {processor.py:925} INFO - DAG(s) 'example_workday_timetable' retrieved from /home/airflow/.local/lib/python3.11/site-packages/airflow/example_dags/example_workday_timetable.py
[2024-10-29T18:54:18.829+0000] {logging_mixin.py:190} INFO - [2024-10-29T18:54:18.829+0000] {dag.py:3239} INFO - Sync 1 DAGs
[2024-10-29T18:54:19.005+0000] {logging_mixin.py:190} INFO - [2024-10-29T18:54:19.004+0000] {dag.py:4180} INFO - Setting next_dagrun for example_workday_timetable to 2021-01-04 00:00:00+00:00, run_after=2021-01-05 00:00:00+00:00
[2024-10-29T18:54:19.072+0000] {processor.py:208} INFO - Processing /home/airflow/.local/lib/python3.11/site-packages/airflow/example_dags/example_workday_timetable.py took 0.325 seconds
[2024-10-29T18:55:02.982+0000] {processor.py:186} INFO - Started process (PID=253) to work on /home/airflow/.local/lib/python3.11/site-packages/airflow/example_dags/example_workday_timetable.py
[2024-10-29T18:55:02.986+0000] {processor.py:914} INFO - Processing file /home/airflow/.local/lib/python3.11/site-packages/airflow/example_dags/example_workday_timetable.py for tasks to queue
[2024-10-29T18:55:02.996+0000] {logging_mixin.py:190} INFO - [2024-10-29T18:55:02.994+0000] {dagbag.py:588} INFO - Filling up the DagBag from /home/airflow/.local/lib/python3.11/site-packages/airflow/example_dags/example_workday_timetable.py
[2024-10-29T18:55:03.034+0000] {processor.py:925} INFO - DAG(s) 'example_workday_timetable' retrieved from /home/airflow/.local/lib/python3.11/site-packages/airflow/example_dags/example_workday_timetable.py
[2024-10-29T18:55:03.136+0000] {logging_mixin.py:190} INFO - [2024-10-29T18:55:03.135+0000] {dag.py:3239} INFO - Sync 1 DAGs
[2024-10-29T18:55:03.349+0000] {logging_mixin.py:190} INFO - [2024-10-29T18:55:03.348+0000] {dag.py:4180} INFO - Setting next_dagrun for example_workday_timetable to 2021-01-04 00:00:00+00:00, run_after=2021-01-05 00:00:00+00:00
[2024-10-29T18:55:03.426+0000] {processor.py:208} INFO - Processing /home/airflow/.local/lib/python3.11/site-packages/airflow/example_dags/example_workday_timetable.py took 0.486 seconds
[2024-10-29T18:55:45.342+0000] {processor.py:186} INFO - Started process (PID=321) to work on /home/airflow/.local/lib/python3.11/site-packages/airflow/example_dags/example_workday_timetable.py
[2024-10-29T18:55:45.346+0000] {processor.py:914} INFO - Processing file /home/airflow/.local/lib/python3.11/site-packages/airflow/example_dags/example_workday_timetable.py for tasks to queue
[2024-10-29T18:55:45.360+0000] {logging_mixin.py:190} INFO - [2024-10-29T18:55:45.359+0000] {dagbag.py:588} INFO - Filling up the DagBag from /home/airflow/.local/lib/python3.11/site-packages/airflow/example_dags/example_workday_timetable.py
[2024-10-29T18:55:45.848+0000] {processor.py:925} INFO - DAG(s) 'example_workday_timetable' retrieved from /home/airflow/.local/lib/python3.11/site-packages/airflow/example_dags/example_workday_timetable.py
[2024-10-29T18:55:45.865+0000] {logging_mixin.py:190} INFO - [2024-10-29T18:55:45.865+0000] {dag.py:3239} INFO - Sync 1 DAGs
[2024-10-29T18:55:45.949+0000] {logging_mixin.py:190} INFO - [2024-10-29T18:55:45.949+0000] {dag.py:4180} INFO - Setting next_dagrun for example_workday_timetable to 2021-01-04 00:00:00+00:00, run_after=2021-01-05 00:00:00+00:00
[2024-10-29T18:55:45.963+0000] {processor.py:208} INFO - Processing /home/airflow/.local/lib/python3.11/site-packages/airflow/example_dags/example_workday_timetable.py took 0.629 seconds
[2024-10-29T18:56:16.849+0000] {processor.py:186} INFO - Started process (PID=384) to work on /home/airflow/.local/lib/python3.11/site-packages/airflow/example_dags/example_workday_timetable.py
[2024-10-29T18:56:16.853+0000] {processor.py:914} INFO - Processing file /home/airflow/.local/lib/python3.11/site-packages/airflow/example_dags/example_workday_timetable.py for tasks to queue
[2024-10-29T18:56:16.857+0000] {logging_mixin.py:190} INFO - [2024-10-29T18:56:16.857+0000] {dagbag.py:588} INFO - Filling up the DagBag from /home/airflow/.local/lib/python3.11/site-packages/airflow/example_dags/example_workday_timetable.py
[2024-10-29T18:56:16.864+0000] {processor.py:925} INFO - DAG(s) 'example_workday_timetable' retrieved from /home/airflow/.local/lib/python3.11/site-packages/airflow/example_dags/example_workday_timetable.py
[2024-10-29T18:56:16.879+0000] {logging_mixin.py:190} INFO - [2024-10-29T18:56:16.879+0000] {dag.py:3239} INFO - Sync 1 DAGs
[2024-10-29T18:56:16.930+0000] {logging_mixin.py:190} INFO - [2024-10-29T18:56:16.930+0000] {dag.py:4180} INFO - Setting next_dagrun for example_workday_timetable to 2021-01-04 00:00:00+00:00, run_after=2021-01-05 00:00:00+00:00
[2024-10-29T18:56:16.941+0000] {processor.py:208} INFO - Processing /home/airflow/.local/lib/python3.11/site-packages/airflow/example_dags/example_workday_timetable.py took 0.099 seconds
[2024-10-29T18:56:47.666+0000] {processor.py:186} INFO - Started process (PID=447) to work on /home/airflow/.local/lib/python3.11/site-packages/airflow/example_dags/example_workday_timetable.py
[2024-10-29T18:56:47.667+0000] {processor.py:914} INFO - Processing file /home/airflow/.local/lib/python3.11/site-packages/airflow/example_dags/example_workday_timetable.py for tasks to queue
[2024-10-29T18:56:47.670+0000] {logging_mixin.py:190} INFO - [2024-10-29T18:56:47.669+0000] {dagbag.py:588} INFO - Filling up the DagBag from /home/airflow/.local/lib/python3.11/site-packages/airflow/example_dags/example_workday_timetable.py
[2024-10-29T18:56:47.676+0000] {processor.py:925} INFO - DAG(s) 'example_workday_timetable' retrieved from /home/airflow/.local/lib/python3.11/site-packages/airflow/example_dags/example_workday_timetable.py
[2024-10-29T18:56:47.695+0000] {logging_mixin.py:190} INFO - [2024-10-29T18:56:47.694+0000] {dag.py:3239} INFO - Sync 1 DAGs
[2024-10-29T18:56:47.735+0000] {logging_mixin.py:190} INFO - [2024-10-29T18:56:47.734+0000] {dag.py:4180} INFO - Setting next_dagrun for example_workday_timetable to 2021-01-04 00:00:00+00:00, run_after=2021-01-05 00:00:00+00:00
[2024-10-29T18:56:47.744+0000] {processor.py:208} INFO - Processing /home/airflow/.local/lib/python3.11/site-packages/airflow/example_dags/example_workday_timetable.py took 0.089 seconds
[2024-10-29T18:57:18.052+0000] {processor.py:186} INFO - Started process (PID=510) to work on /home/airflow/.local/lib/python3.11/site-packages/airflow/example_dags/example_workday_timetable.py
[2024-10-29T18:57:18.053+0000] {processor.py:914} INFO - Processing file /home/airflow/.local/lib/python3.11/site-packages/airflow/example_dags/example_workday_timetable.py for tasks to queue
[2024-10-29T18:57:18.056+0000] {logging_mixin.py:190} INFO - [2024-10-29T18:57:18.055+0000] {dagbag.py:588} INFO - Filling up the DagBag from /home/airflow/.local/lib/python3.11/site-packages/airflow/example_dags/example_workday_timetable.py
[2024-10-29T18:57:18.061+0000] {processor.py:925} INFO - DAG(s) 'example_workday_timetable' retrieved from /home/airflow/.local/lib/python3.11/site-packages/airflow/example_dags/example_workday_timetable.py
[2024-10-29T18:57:18.073+0000] {logging_mixin.py:190} INFO - [2024-10-29T18:57:18.073+0000] {dag.py:3239} INFO - Sync 1 DAGs
[2024-10-29T18:57:18.113+0000] {logging_mixin.py:190} INFO - [2024-10-29T18:57:18.113+0000] {dag.py:4180} INFO - Setting next_dagrun for example_workday_timetable to 2021-01-04 00:00:00+00:00, run_after=2021-01-05 00:00:00+00:00
[2024-10-29T18:57:18.121+0000] {processor.py:208} INFO - Processing /home/airflow/.local/lib/python3.11/site-packages/airflow/example_dags/example_workday_timetable.py took 0.076 seconds
[2024-10-29T18:57:49.142+0000] {processor.py:186} INFO - Started process (PID=573) to work on /home/airflow/.local/lib/python3.11/site-packages/airflow/example_dags/example_workday_timetable.py
[2024-10-29T18:57:49.143+0000] {processor.py:914} INFO - Processing file /home/airflow/.local/lib/python3.11/site-packages/airflow/example_dags/example_workday_timetable.py for tasks to queue
[2024-10-29T18:57:49.146+0000] {logging_mixin.py:190} INFO - [2024-10-29T18:57:49.146+0000] {dagbag.py:588} INFO - Filling up the DagBag from /home/airflow/.local/lib/python3.11/site-packages/airflow/example_dags/example_workday_timetable.py
[2024-10-29T18:57:49.152+0000] {processor.py:925} INFO - DAG(s) 'example_workday_timetable' retrieved from /home/airflow/.local/lib/python3.11/site-packages/airflow/example_dags/example_workday_timetable.py
[2024-10-29T18:57:49.166+0000] {logging_mixin.py:190} INFO - [2024-10-29T18:57:49.166+0000] {dag.py:3239} INFO - Sync 1 DAGs
[2024-10-29T18:57:49.218+0000] {logging_mixin.py:190} INFO - [2024-10-29T18:57:49.218+0000] {dag.py:4180} INFO - Setting next_dagrun for example_workday_timetable to 2021-01-04 00:00:00+00:00, run_after=2021-01-05 00:00:00+00:00
[2024-10-29T18:57:49.229+0000] {processor.py:208} INFO - Processing /home/airflow/.local/lib/python3.11/site-packages/airflow/example_dags/example_workday_timetable.py took 0.094 seconds
[2024-10-29T18:58:19.610+0000] {processor.py:186} INFO - Started process (PID=636) to work on /home/airflow/.local/lib/python3.11/site-packages/airflow/example_dags/example_workday_timetable.py
[2024-10-29T18:58:19.615+0000] {processor.py:914} INFO - Processing file /home/airflow/.local/lib/python3.11/site-packages/airflow/example_dags/example_workday_timetable.py for tasks to queue
[2024-10-29T18:58:19.641+0000] {logging_mixin.py:190} INFO - [2024-10-29T18:58:19.633+0000] {dagbag.py:588} INFO - Filling up the DagBag from /home/airflow/.local/lib/python3.11/site-packages/airflow/example_dags/example_workday_timetable.py
[2024-10-29T18:58:19.671+0000] {processor.py:925} INFO - DAG(s) 'example_workday_timetable' retrieved from /home/airflow/.local/lib/python3.11/site-packages/airflow/example_dags/example_workday_timetable.py
[2024-10-29T18:58:19.726+0000] {logging_mixin.py:190} INFO - [2024-10-29T18:58:19.726+0000] {dag.py:3239} INFO - Sync 1 DAGs
[2024-10-29T18:58:19.814+0000] {logging_mixin.py:190} INFO - [2024-10-29T18:58:19.814+0000] {dag.py:4180} INFO - Setting next_dagrun for example_workday_timetable to 2021-01-04 00:00:00+00:00, run_after=2021-01-05 00:00:00+00:00
[2024-10-29T18:58:19.825+0000] {processor.py:208} INFO - Processing /home/airflow/.local/lib/python3.11/site-packages/airflow/example_dags/example_workday_timetable.py took 0.234 seconds
[2024-10-29T18:58:50.005+0000] {processor.py:186} INFO - Started process (PID=699) to work on /home/airflow/.local/lib/python3.11/site-packages/airflow/example_dags/example_workday_timetable.py
[2024-10-29T18:58:50.007+0000] {processor.py:914} INFO - Processing file /home/airflow/.local/lib/python3.11/site-packages/airflow/example_dags/example_workday_timetable.py for tasks to queue
[2024-10-29T18:58:50.012+0000] {logging_mixin.py:190} INFO - [2024-10-29T18:58:50.011+0000] {dagbag.py:588} INFO - Filling up the DagBag from /home/airflow/.local/lib/python3.11/site-packages/airflow/example_dags/example_workday_timetable.py
[2024-10-29T18:58:50.039+0000] {processor.py:925} INFO - DAG(s) 'example_workday_timetable' retrieved from /home/airflow/.local/lib/python3.11/site-packages/airflow/example_dags/example_workday_timetable.py
[2024-10-29T18:58:50.089+0000] {logging_mixin.py:190} INFO - [2024-10-29T18:58:50.088+0000] {dag.py:3239} INFO - Sync 1 DAGs
[2024-10-29T18:58:50.154+0000] {logging_mixin.py:190} INFO - [2024-10-29T18:58:50.154+0000] {dag.py:4180} INFO - Setting next_dagrun for example_workday_timetable to 2021-01-04 00:00:00+00:00, run_after=2021-01-05 00:00:00+00:00
[2024-10-29T18:58:50.168+0000] {processor.py:208} INFO - Processing /home/airflow/.local/lib/python3.11/site-packages/airflow/example_dags/example_workday_timetable.py took 0.184 seconds
[2024-10-29T18:59:20.503+0000] {processor.py:186} INFO - Started process (PID=762) to work on /home/airflow/.local/lib/python3.11/site-packages/airflow/example_dags/example_workday_timetable.py
[2024-10-29T18:59:20.504+0000] {processor.py:914} INFO - Processing file /home/airflow/.local/lib/python3.11/site-packages/airflow/example_dags/example_workday_timetable.py for tasks to queue
[2024-10-29T18:59:20.507+0000] {logging_mixin.py:190} INFO - [2024-10-29T18:59:20.506+0000] {dagbag.py:588} INFO - Filling up the DagBag from /home/airflow/.local/lib/python3.11/site-packages/airflow/example_dags/example_workday_timetable.py
[2024-10-29T18:59:20.514+0000] {processor.py:925} INFO - DAG(s) 'example_workday_timetable' retrieved from /home/airflow/.local/lib/python3.11/site-packages/airflow/example_dags/example_workday_timetable.py
[2024-10-29T18:59:20.535+0000] {logging_mixin.py:190} INFO - [2024-10-29T18:59:20.535+0000] {dag.py:3239} INFO - Sync 1 DAGs
[2024-10-29T18:59:20.580+0000] {logging_mixin.py:190} INFO - [2024-10-29T18:59:20.580+0000] {dag.py:4180} INFO - Setting next_dagrun for example_workday_timetable to 2021-01-04 00:00:00+00:00, run_after=2021-01-05 00:00:00+00:00
[2024-10-29T18:59:20.590+0000] {processor.py:208} INFO - Processing /home/airflow/.local/lib/python3.11/site-packages/airflow/example_dags/example_workday_timetable.py took 0.096 seconds
[2024-10-29T18:59:51.066+0000] {processor.py:186} INFO - Started process (PID=824) to work on /home/airflow/.local/lib/python3.11/site-packages/airflow/example_dags/example_workday_timetable.py
[2024-10-29T18:59:51.067+0000] {processor.py:914} INFO - Processing file /home/airflow/.local/lib/python3.11/site-packages/airflow/example_dags/example_workday_timetable.py for tasks to queue
[2024-10-29T18:59:51.072+0000] {logging_mixin.py:190} INFO - [2024-10-29T18:59:51.071+0000] {dagbag.py:588} INFO - Filling up the DagBag from /home/airflow/.local/lib/python3.11/site-packages/airflow/example_dags/example_workday_timetable.py
[2024-10-29T18:59:51.084+0000] {processor.py:925} INFO - DAG(s) 'example_workday_timetable' retrieved from /home/airflow/.local/lib/python3.11/site-packages/airflow/example_dags/example_workday_timetable.py
[2024-10-29T18:59:51.106+0000] {logging_mixin.py:190} INFO - [2024-10-29T18:59:51.105+0000] {dag.py:3239} INFO - Sync 1 DAGs
[2024-10-29T18:59:51.145+0000] {logging_mixin.py:190} INFO - [2024-10-29T18:59:51.145+0000] {dag.py:4180} INFO - Setting next_dagrun for example_workday_timetable to 2021-01-04 00:00:00+00:00, run_after=2021-01-05 00:00:00+00:00
[2024-10-29T18:59:51.158+0000] {processor.py:208} INFO - Processing /home/airflow/.local/lib/python3.11/site-packages/airflow/example_dags/example_workday_timetable.py took 0.098 seconds
[2024-10-29T19:00:21.323+0000] {processor.py:186} INFO - Started process (PID=887) to work on /home/airflow/.local/lib/python3.11/site-packages/airflow/example_dags/example_workday_timetable.py
[2024-10-29T19:00:21.325+0000] {processor.py:914} INFO - Processing file /home/airflow/.local/lib/python3.11/site-packages/airflow/example_dags/example_workday_timetable.py for tasks to queue
[2024-10-29T19:00:21.329+0000] {logging_mixin.py:190} INFO - [2024-10-29T19:00:21.328+0000] {dagbag.py:588} INFO - Filling up the DagBag from /home/airflow/.local/lib/python3.11/site-packages/airflow/example_dags/example_workday_timetable.py
[2024-10-29T19:00:21.338+0000] {processor.py:925} INFO - DAG(s) 'example_workday_timetable' retrieved from /home/airflow/.local/lib/python3.11/site-packages/airflow/example_dags/example_workday_timetable.py
[2024-10-29T19:00:21.356+0000] {logging_mixin.py:190} INFO - [2024-10-29T19:00:21.356+0000] {dag.py:3239} INFO - Sync 1 DAGs
[2024-10-29T19:00:21.398+0000] {logging_mixin.py:190} INFO - [2024-10-29T19:00:21.397+0000] {dag.py:4180} INFO - Setting next_dagrun for example_workday_timetable to 2021-01-04 00:00:00+00:00, run_after=2021-01-05 00:00:00+00:00
[2024-10-29T19:00:21.407+0000] {processor.py:208} INFO - Processing /home/airflow/.local/lib/python3.11/site-packages/airflow/example_dags/example_workday_timetable.py took 0.093 seconds
[2024-10-29T19:00:52.190+0000] {processor.py:186} INFO - Started process (PID=950) to work on /home/airflow/.local/lib/python3.11/site-packages/airflow/example_dags/example_workday_timetable.py
[2024-10-29T19:00:52.192+0000] {processor.py:914} INFO - Processing file /home/airflow/.local/lib/python3.11/site-packages/airflow/example_dags/example_workday_timetable.py for tasks to queue
[2024-10-29T19:00:52.194+0000] {logging_mixin.py:190} INFO - [2024-10-29T19:00:52.194+0000] {dagbag.py:588} INFO - Filling up the DagBag from /home/airflow/.local/lib/python3.11/site-packages/airflow/example_dags/example_workday_timetable.py
[2024-10-29T19:00:52.200+0000] {processor.py:925} INFO - DAG(s) 'example_workday_timetable' retrieved from /home/airflow/.local/lib/python3.11/site-packages/airflow/example_dags/example_workday_timetable.py
[2024-10-29T19:00:52.215+0000] {logging_mixin.py:190} INFO - [2024-10-29T19:00:52.215+0000] {dag.py:3239} INFO - Sync 1 DAGs
[2024-10-29T19:00:52.265+0000] {logging_mixin.py:190} INFO - [2024-10-29T19:00:52.265+0000] {dag.py:4180} INFO - Setting next_dagrun for example_workday_timetable to 2021-01-04 00:00:00+00:00, run_after=2021-01-05 00:00:00+00:00
[2024-10-29T19:00:52.275+0000] {processor.py:208} INFO - Processing /home/airflow/.local/lib/python3.11/site-packages/airflow/example_dags/example_workday_timetable.py took 0.100 seconds
[2024-10-29T19:01:22.362+0000] {processor.py:186} INFO - Started process (PID=1013) to work on /home/airflow/.local/lib/python3.11/site-packages/airflow/example_dags/example_workday_timetable.py
[2024-10-29T19:01:22.363+0000] {processor.py:914} INFO - Processing file /home/airflow/.local/lib/python3.11/site-packages/airflow/example_dags/example_workday_timetable.py for tasks to queue
[2024-10-29T19:01:22.365+0000] {logging_mixin.py:190} INFO - [2024-10-29T19:01:22.365+0000] {dagbag.py:588} INFO - Filling up the DagBag from /home/airflow/.local/lib/python3.11/site-packages/airflow/example_dags/example_workday_timetable.py
[2024-10-29T19:01:22.368+0000] {processor.py:925} INFO - DAG(s) 'example_workday_timetable' retrieved from /home/airflow/.local/lib/python3.11/site-packages/airflow/example_dags/example_workday_timetable.py
[2024-10-29T19:01:22.378+0000] {logging_mixin.py:190} INFO - [2024-10-29T19:01:22.378+0000] {dag.py:3239} INFO - Sync 1 DAGs
[2024-10-29T19:01:22.406+0000] {logging_mixin.py:190} INFO - [2024-10-29T19:01:22.406+0000] {dag.py:4180} INFO - Setting next_dagrun for example_workday_timetable to 2021-01-04 00:00:00+00:00, run_after=2021-01-05 00:00:00+00:00
[2024-10-29T19:01:22.414+0000] {processor.py:208} INFO - Processing /home/airflow/.local/lib/python3.11/site-packages/airflow/example_dags/example_workday_timetable.py took 0.056 seconds
[2024-10-29T19:01:52.652+0000] {processor.py:186} INFO - Started process (PID=1076) to work on /home/airflow/.local/lib/python3.11/site-packages/airflow/example_dags/example_workday_timetable.py
[2024-10-29T19:01:52.653+0000] {processor.py:914} INFO - Processing file /home/airflow/.local/lib/python3.11/site-packages/airflow/example_dags/example_workday_timetable.py for tasks to queue
[2024-10-29T19:01:52.655+0000] {logging_mixin.py:190} INFO - [2024-10-29T19:01:52.655+0000] {dagbag.py:588} INFO - Filling up the DagBag from /home/airflow/.local/lib/python3.11/site-packages/airflow/example_dags/example_workday_timetable.py
[2024-10-29T19:01:52.658+0000] {processor.py:925} INFO - DAG(s) 'example_workday_timetable' retrieved from /home/airflow/.local/lib/python3.11/site-packages/airflow/example_dags/example_workday_timetable.py
[2024-10-29T19:01:52.671+0000] {logging_mixin.py:190} INFO - [2024-10-29T19:01:52.670+0000] {dag.py:3239} INFO - Sync 1 DAGs
[2024-10-29T19:01:52.755+0000] {logging_mixin.py:190} INFO - [2024-10-29T19:01:52.755+0000] {dag.py:4180} INFO - Setting next_dagrun for example_workday_timetable to 2021-01-04 00:00:00+00:00, run_after=2021-01-05 00:00:00+00:00
[2024-10-29T19:01:52.767+0000] {processor.py:208} INFO - Processing /home/airflow/.local/lib/python3.11/site-packages/airflow/example_dags/example_workday_timetable.py took 0.118 seconds
[2024-10-29T19:02:23.665+0000] {processor.py:186} INFO - Started process (PID=1139) to work on /home/airflow/.local/lib/python3.11/site-packages/airflow/example_dags/example_workday_timetable.py
[2024-10-29T19:02:23.666+0000] {processor.py:914} INFO - Processing file /home/airflow/.local/lib/python3.11/site-packages/airflow/example_dags/example_workday_timetable.py for tasks to queue
[2024-10-29T19:02:23.668+0000] {logging_mixin.py:190} INFO - [2024-10-29T19:02:23.667+0000] {dagbag.py:588} INFO - Filling up the DagBag from /home/airflow/.local/lib/python3.11/site-packages/airflow/example_dags/example_workday_timetable.py
[2024-10-29T19:02:23.673+0000] {processor.py:925} INFO - DAG(s) 'example_workday_timetable' retrieved from /home/airflow/.local/lib/python3.11/site-packages/airflow/example_dags/example_workday_timetable.py
[2024-10-29T19:02:23.689+0000] {logging_mixin.py:190} INFO - [2024-10-29T19:02:23.689+0000] {dag.py:3239} INFO - Sync 1 DAGs
[2024-10-29T19:02:23.733+0000] {logging_mixin.py:190} INFO - [2024-10-29T19:02:23.733+0000] {dag.py:4180} INFO - Setting next_dagrun for example_workday_timetable to 2021-01-04 00:00:00+00:00, run_after=2021-01-05 00:00:00+00:00
[2024-10-29T19:02:23.752+0000] {processor.py:208} INFO - Processing /home/airflow/.local/lib/python3.11/site-packages/airflow/example_dags/example_workday_timetable.py took 0.092 seconds
[2024-10-29T19:02:54.513+0000] {processor.py:186} INFO - Started process (PID=1202) to work on /home/airflow/.local/lib/python3.11/site-packages/airflow/example_dags/example_workday_timetable.py
[2024-10-29T19:02:54.514+0000] {processor.py:914} INFO - Processing file /home/airflow/.local/lib/python3.11/site-packages/airflow/example_dags/example_workday_timetable.py for tasks to queue
[2024-10-29T19:02:54.515+0000] {logging_mixin.py:190} INFO - [2024-10-29T19:02:54.515+0000] {dagbag.py:588} INFO - Filling up the DagBag from /home/airflow/.local/lib/python3.11/site-packages/airflow/example_dags/example_workday_timetable.py
[2024-10-29T19:02:54.520+0000] {processor.py:925} INFO - DAG(s) 'example_workday_timetable' retrieved from /home/airflow/.local/lib/python3.11/site-packages/airflow/example_dags/example_workday_timetable.py
[2024-10-29T19:02:54.529+0000] {logging_mixin.py:190} INFO - [2024-10-29T19:02:54.529+0000] {dag.py:3239} INFO - Sync 1 DAGs
[2024-10-29T19:02:54.562+0000] {logging_mixin.py:190} INFO - [2024-10-29T19:02:54.561+0000] {dag.py:4180} INFO - Setting next_dagrun for example_workday_timetable to 2021-01-04 00:00:00+00:00, run_after=2021-01-05 00:00:00+00:00
[2024-10-29T19:02:54.570+0000] {processor.py:208} INFO - Processing /home/airflow/.local/lib/python3.11/site-packages/airflow/example_dags/example_workday_timetable.py took 0.061 seconds
[2024-10-29T19:03:25.414+0000] {processor.py:186} INFO - Started process (PID=1265) to work on /home/airflow/.local/lib/python3.11/site-packages/airflow/example_dags/example_workday_timetable.py
[2024-10-29T19:03:25.415+0000] {processor.py:914} INFO - Processing file /home/airflow/.local/lib/python3.11/site-packages/airflow/example_dags/example_workday_timetable.py for tasks to queue
[2024-10-29T19:03:25.416+0000] {logging_mixin.py:190} INFO - [2024-10-29T19:03:25.416+0000] {dagbag.py:588} INFO - Filling up the DagBag from /home/airflow/.local/lib/python3.11/site-packages/airflow/example_dags/example_workday_timetable.py
[2024-10-29T19:03:25.420+0000] {processor.py:925} INFO - DAG(s) 'example_workday_timetable' retrieved from /home/airflow/.local/lib/python3.11/site-packages/airflow/example_dags/example_workday_timetable.py
[2024-10-29T19:03:25.431+0000] {logging_mixin.py:190} INFO - [2024-10-29T19:03:25.431+0000] {dag.py:3239} INFO - Sync 1 DAGs
[2024-10-29T19:03:25.463+0000] {logging_mixin.py:190} INFO - [2024-10-29T19:03:25.463+0000] {dag.py:4180} INFO - Setting next_dagrun for example_workday_timetable to 2021-01-04 00:00:00+00:00, run_after=2021-01-05 00:00:00+00:00
[2024-10-29T19:03:25.472+0000] {processor.py:208} INFO - Processing /home/airflow/.local/lib/python3.11/site-packages/airflow/example_dags/example_workday_timetable.py took 0.061 seconds
[2024-10-29T19:03:56.171+0000] {processor.py:186} INFO - Started process (PID=1328) to work on /home/airflow/.local/lib/python3.11/site-packages/airflow/example_dags/example_workday_timetable.py
[2024-10-29T19:03:56.172+0000] {processor.py:914} INFO - Processing file /home/airflow/.local/lib/python3.11/site-packages/airflow/example_dags/example_workday_timetable.py for tasks to queue
[2024-10-29T19:03:56.175+0000] {logging_mixin.py:190} INFO - [2024-10-29T19:03:56.175+0000] {dagbag.py:588} INFO - Filling up the DagBag from /home/airflow/.local/lib/python3.11/site-packages/airflow/example_dags/example_workday_timetable.py
[2024-10-29T19:03:56.181+0000] {processor.py:925} INFO - DAG(s) 'example_workday_timetable' retrieved from /home/airflow/.local/lib/python3.11/site-packages/airflow/example_dags/example_workday_timetable.py
[2024-10-29T19:03:56.199+0000] {logging_mixin.py:190} INFO - [2024-10-29T19:03:56.199+0000] {dag.py:3239} INFO - Sync 1 DAGs
[2024-10-29T19:03:56.240+0000] {logging_mixin.py:190} INFO - [2024-10-29T19:03:56.240+0000] {dag.py:4180} INFO - Setting next_dagrun for example_workday_timetable to 2021-01-04 00:00:00+00:00, run_after=2021-01-05 00:00:00+00:00
[2024-10-29T19:03:56.249+0000] {processor.py:208} INFO - Processing /home/airflow/.local/lib/python3.11/site-packages/airflow/example_dags/example_workday_timetable.py took 0.084 seconds
[2024-10-29T19:04:26.638+0000] {processor.py:186} INFO - Started process (PID=1391) to work on /home/airflow/.local/lib/python3.11/site-packages/airflow/example_dags/example_workday_timetable.py
[2024-10-29T19:04:26.639+0000] {processor.py:914} INFO - Processing file /home/airflow/.local/lib/python3.11/site-packages/airflow/example_dags/example_workday_timetable.py for tasks to queue
[2024-10-29T19:04:26.640+0000] {logging_mixin.py:190} INFO - [2024-10-29T19:04:26.640+0000] {dagbag.py:588} INFO - Filling up the DagBag from /home/airflow/.local/lib/python3.11/site-packages/airflow/example_dags/example_workday_timetable.py
[2024-10-29T19:04:26.643+0000] {processor.py:925} INFO - DAG(s) 'example_workday_timetable' retrieved from /home/airflow/.local/lib/python3.11/site-packages/airflow/example_dags/example_workday_timetable.py
[2024-10-29T19:04:26.653+0000] {logging_mixin.py:190} INFO - [2024-10-29T19:04:26.653+0000] {dag.py:3239} INFO - Sync 1 DAGs
[2024-10-29T19:04:26.685+0000] {logging_mixin.py:190} INFO - [2024-10-29T19:04:26.685+0000] {dag.py:4180} INFO - Setting next_dagrun for example_workday_timetable to 2021-01-04 00:00:00+00:00, run_after=2021-01-05 00:00:00+00:00
[2024-10-29T19:04:26.693+0000] {processor.py:208} INFO - Processing /home/airflow/.local/lib/python3.11/site-packages/airflow/example_dags/example_workday_timetable.py took 0.058 seconds
[2024-10-29T19:04:57.137+0000] {processor.py:186} INFO - Started process (PID=1454) to work on /home/airflow/.local/lib/python3.11/site-packages/airflow/example_dags/example_workday_timetable.py
[2024-10-29T19:04:57.138+0000] {processor.py:914} INFO - Processing file /home/airflow/.local/lib/python3.11/site-packages/airflow/example_dags/example_workday_timetable.py for tasks to queue
[2024-10-29T19:04:57.140+0000] {logging_mixin.py:190} INFO - [2024-10-29T19:04:57.139+0000] {dagbag.py:588} INFO - Filling up the DagBag from /home/airflow/.local/lib/python3.11/site-packages/airflow/example_dags/example_workday_timetable.py
[2024-10-29T19:04:57.144+0000] {processor.py:925} INFO - DAG(s) 'example_workday_timetable' retrieved from /home/airflow/.local/lib/python3.11/site-packages/airflow/example_dags/example_workday_timetable.py
[2024-10-29T19:04:57.159+0000] {logging_mixin.py:190} INFO - [2024-10-29T19:04:57.159+0000] {dag.py:3239} INFO - Sync 1 DAGs
[2024-10-29T19:04:57.208+0000] {logging_mixin.py:190} INFO - [2024-10-29T19:04:57.208+0000] {dag.py:4180} INFO - Setting next_dagrun for example_workday_timetable to 2021-01-04 00:00:00+00:00, run_after=2021-01-05 00:00:00+00:00
[2024-10-29T19:04:57.220+0000] {processor.py:208} INFO - Processing /home/airflow/.local/lib/python3.11/site-packages/airflow/example_dags/example_workday_timetable.py took 0.087 seconds
[2024-10-29T19:05:27.682+0000] {processor.py:186} INFO - Started process (PID=1517) to work on /home/airflow/.local/lib/python3.11/site-packages/airflow/example_dags/example_workday_timetable.py
[2024-10-29T19:05:27.683+0000] {processor.py:914} INFO - Processing file /home/airflow/.local/lib/python3.11/site-packages/airflow/example_dags/example_workday_timetable.py for tasks to queue
[2024-10-29T19:05:27.685+0000] {logging_mixin.py:190} INFO - [2024-10-29T19:05:27.685+0000] {dagbag.py:588} INFO - Filling up the DagBag from /home/airflow/.local/lib/python3.11/site-packages/airflow/example_dags/example_workday_timetable.py
[2024-10-29T19:05:27.689+0000] {processor.py:925} INFO - DAG(s) 'example_workday_timetable' retrieved from /home/airflow/.local/lib/python3.11/site-packages/airflow/example_dags/example_workday_timetable.py
[2024-10-29T19:05:27.700+0000] {logging_mixin.py:190} INFO - [2024-10-29T19:05:27.700+0000] {dag.py:3239} INFO - Sync 1 DAGs
[2024-10-29T19:05:27.740+0000] {logging_mixin.py:190} INFO - [2024-10-29T19:05:27.740+0000] {dag.py:4180} INFO - Setting next_dagrun for example_workday_timetable to 2021-01-04 00:00:00+00:00, run_after=2021-01-05 00:00:00+00:00
[2024-10-29T19:05:27.750+0000] {processor.py:208} INFO - Processing /home/airflow/.local/lib/python3.11/site-packages/airflow/example_dags/example_workday_timetable.py took 0.071 seconds
[2024-10-29T19:05:57.963+0000] {processor.py:186} INFO - Started process (PID=1580) to work on /home/airflow/.local/lib/python3.11/site-packages/airflow/example_dags/example_workday_timetable.py
[2024-10-29T19:05:57.963+0000] {processor.py:914} INFO - Processing file /home/airflow/.local/lib/python3.11/site-packages/airflow/example_dags/example_workday_timetable.py for tasks to queue
[2024-10-29T19:05:57.965+0000] {logging_mixin.py:190} INFO - [2024-10-29T19:05:57.965+0000] {dagbag.py:588} INFO - Filling up the DagBag from /home/airflow/.local/lib/python3.11/site-packages/airflow/example_dags/example_workday_timetable.py
[2024-10-29T19:05:57.968+0000] {processor.py:925} INFO - DAG(s) 'example_workday_timetable' retrieved from /home/airflow/.local/lib/python3.11/site-packages/airflow/example_dags/example_workday_timetable.py
[2024-10-29T19:05:57.976+0000] {logging_mixin.py:190} INFO - [2024-10-29T19:05:57.976+0000] {dag.py:3239} INFO - Sync 1 DAGs
[2024-10-29T19:05:58.030+0000] {logging_mixin.py:190} INFO - [2024-10-29T19:05:58.030+0000] {dag.py:4180} INFO - Setting next_dagrun for example_workday_timetable to 2021-01-04 00:00:00+00:00, run_after=2021-01-05 00:00:00+00:00
[2024-10-29T19:05:58.043+0000] {processor.py:208} INFO - Processing /home/airflow/.local/lib/python3.11/site-packages/airflow/example_dags/example_workday_timetable.py took 0.083 seconds
[2024-10-29T19:23:17.904+0000] {processor.py:186} INFO - Started process (PID=1618) to work on /home/airflow/.local/lib/python3.11/site-packages/airflow/example_dags/example_workday_timetable.py
[2024-10-29T19:23:17.904+0000] {processor.py:914} INFO - Processing file /home/airflow/.local/lib/python3.11/site-packages/airflow/example_dags/example_workday_timetable.py for tasks to queue
[2024-10-29T19:23:17.905+0000] {logging_mixin.py:190} INFO - [2024-10-29T19:23:17.905+0000] {dagbag.py:588} INFO - Filling up the DagBag from /home/airflow/.local/lib/python3.11/site-packages/airflow/example_dags/example_workday_timetable.py
[2024-10-29T19:23:17.909+0000] {processor.py:925} INFO - DAG(s) 'example_workday_timetable' retrieved from /home/airflow/.local/lib/python3.11/site-packages/airflow/example_dags/example_workday_timetable.py
[2024-10-29T19:23:17.920+0000] {logging_mixin.py:190} INFO - [2024-10-29T19:23:17.919+0000] {dag.py:3239} INFO - Sync 1 DAGs
[2024-10-29T19:23:17.953+0000] {logging_mixin.py:190} INFO - [2024-10-29T19:23:17.953+0000] {dag.py:4180} INFO - Setting next_dagrun for example_workday_timetable to 2021-01-04 00:00:00+00:00, run_after=2021-01-05 00:00:00+00:00
[2024-10-29T19:23:17.962+0000] {processor.py:208} INFO - Processing /home/airflow/.local/lib/python3.11/site-packages/airflow/example_dags/example_workday_timetable.py took 0.060 seconds
[2024-10-29T20:00:04.140+0000] {processor.py:186} INFO - Started process (PID=1681) to work on /home/airflow/.local/lib/python3.11/site-packages/airflow/example_dags/example_workday_timetable.py
[2024-10-29T20:00:04.141+0000] {processor.py:914} INFO - Processing file /home/airflow/.local/lib/python3.11/site-packages/airflow/example_dags/example_workday_timetable.py for tasks to queue
[2024-10-29T20:00:04.142+0000] {logging_mixin.py:190} INFO - [2024-10-29T20:00:04.142+0000] {dagbag.py:588} INFO - Filling up the DagBag from /home/airflow/.local/lib/python3.11/site-packages/airflow/example_dags/example_workday_timetable.py
[2024-10-29T20:00:04.146+0000] {processor.py:925} INFO - DAG(s) 'example_workday_timetable' retrieved from /home/airflow/.local/lib/python3.11/site-packages/airflow/example_dags/example_workday_timetable.py
[2024-10-29T20:00:04.160+0000] {logging_mixin.py:190} INFO - [2024-10-29T20:00:04.160+0000] {dag.py:3239} INFO - Sync 1 DAGs
[2024-10-29T20:00:04.209+0000] {logging_mixin.py:190} INFO - [2024-10-29T20:00:04.209+0000] {dag.py:4180} INFO - Setting next_dagrun for example_workday_timetable to 2021-01-04 00:00:00+00:00, run_after=2021-01-05 00:00:00+00:00
[2024-10-29T20:00:04.223+0000] {processor.py:208} INFO - Processing /home/airflow/.local/lib/python3.11/site-packages/airflow/example_dags/example_workday_timetable.py took 0.087 seconds
[2024-10-29T20:32:00.914+0000] {processor.py:186} INFO - Started process (PID=1744) to work on /home/airflow/.local/lib/python3.11/site-packages/airflow/example_dags/example_workday_timetable.py
[2024-10-29T20:32:00.915+0000] {processor.py:914} INFO - Processing file /home/airflow/.local/lib/python3.11/site-packages/airflow/example_dags/example_workday_timetable.py for tasks to queue
[2024-10-29T20:32:00.917+0000] {logging_mixin.py:190} INFO - [2024-10-29T20:32:00.917+0000] {dagbag.py:588} INFO - Filling up the DagBag from /home/airflow/.local/lib/python3.11/site-packages/airflow/example_dags/example_workday_timetable.py
[2024-10-29T20:32:00.922+0000] {processor.py:925} INFO - DAG(s) 'example_workday_timetable' retrieved from /home/airflow/.local/lib/python3.11/site-packages/airflow/example_dags/example_workday_timetable.py
[2024-10-29T20:32:00.936+0000] {logging_mixin.py:190} INFO - [2024-10-29T20:32:00.935+0000] {dag.py:3239} INFO - Sync 1 DAGs
[2024-10-29T20:32:00.972+0000] {logging_mixin.py:190} INFO - [2024-10-29T20:32:00.972+0000] {dag.py:4180} INFO - Setting next_dagrun for example_workday_timetable to 2021-01-04 00:00:00+00:00, run_after=2021-01-05 00:00:00+00:00
[2024-10-29T20:32:00.982+0000] {processor.py:208} INFO - Processing /home/airflow/.local/lib/python3.11/site-packages/airflow/example_dags/example_workday_timetable.py took 0.072 seconds
[2024-10-29T20:58:59.387+0000] {processor.py:186} INFO - Started process (PID=1807) to work on /home/airflow/.local/lib/python3.11/site-packages/airflow/example_dags/example_workday_timetable.py
[2024-10-29T20:58:59.387+0000] {processor.py:914} INFO - Processing file /home/airflow/.local/lib/python3.11/site-packages/airflow/example_dags/example_workday_timetable.py for tasks to queue
[2024-10-29T20:58:59.389+0000] {logging_mixin.py:190} INFO - [2024-10-29T20:58:59.389+0000] {dagbag.py:588} INFO - Filling up the DagBag from /home/airflow/.local/lib/python3.11/site-packages/airflow/example_dags/example_workday_timetable.py
[2024-10-29T20:58:59.393+0000] {processor.py:925} INFO - DAG(s) 'example_workday_timetable' retrieved from /home/airflow/.local/lib/python3.11/site-packages/airflow/example_dags/example_workday_timetable.py
[2024-10-29T20:58:59.403+0000] {logging_mixin.py:190} INFO - [2024-10-29T20:58:59.403+0000] {dag.py:3239} INFO - Sync 1 DAGs
[2024-10-29T20:58:59.439+0000] {logging_mixin.py:190} INFO - [2024-10-29T20:58:59.439+0000] {dag.py:4180} INFO - Setting next_dagrun for example_workday_timetable to 2021-01-04 00:00:00+00:00, run_after=2021-01-05 00:00:00+00:00
[2024-10-29T20:58:59.450+0000] {processor.py:208} INFO - Processing /home/airflow/.local/lib/python3.11/site-packages/airflow/example_dags/example_workday_timetable.py took 0.067 seconds
[2024-10-29T21:40:53.257+0000] {processor.py:186} INFO - Started process (PID=1870) to work on /home/airflow/.local/lib/python3.11/site-packages/airflow/example_dags/example_workday_timetable.py
[2024-10-29T21:40:53.258+0000] {processor.py:914} INFO - Processing file /home/airflow/.local/lib/python3.11/site-packages/airflow/example_dags/example_workday_timetable.py for tasks to queue
[2024-10-29T21:40:53.259+0000] {logging_mixin.py:190} INFO - [2024-10-29T21:40:53.259+0000] {dagbag.py:588} INFO - Filling up the DagBag from /home/airflow/.local/lib/python3.11/site-packages/airflow/example_dags/example_workday_timetable.py
[2024-10-29T21:40:53.262+0000] {processor.py:925} INFO - DAG(s) 'example_workday_timetable' retrieved from /home/airflow/.local/lib/python3.11/site-packages/airflow/example_dags/example_workday_timetable.py
[2024-10-29T21:40:53.272+0000] {logging_mixin.py:190} INFO - [2024-10-29T21:40:53.272+0000] {dag.py:3239} INFO - Sync 1 DAGs
[2024-10-29T21:40:53.307+0000] {logging_mixin.py:190} INFO - [2024-10-29T21:40:53.307+0000] {dag.py:4180} INFO - Setting next_dagrun for example_workday_timetable to 2021-01-04 00:00:00+00:00, run_after=2021-01-05 00:00:00+00:00
[2024-10-29T21:40:53.318+0000] {processor.py:208} INFO - Processing /home/airflow/.local/lib/python3.11/site-packages/airflow/example_dags/example_workday_timetable.py took 0.064 seconds
[2024-10-29T22:49:28.032+0000] {processor.py:186} INFO - Started process (PID=1933) to work on /home/airflow/.local/lib/python3.11/site-packages/airflow/example_dags/example_workday_timetable.py
[2024-10-29T22:49:28.032+0000] {processor.py:914} INFO - Processing file /home/airflow/.local/lib/python3.11/site-packages/airflow/example_dags/example_workday_timetable.py for tasks to queue
[2024-10-29T22:49:28.033+0000] {logging_mixin.py:190} INFO - [2024-10-29T22:49:28.033+0000] {dagbag.py:588} INFO - Filling up the DagBag from /home/airflow/.local/lib/python3.11/site-packages/airflow/example_dags/example_workday_timetable.py
[2024-10-29T22:49:28.037+0000] {processor.py:925} INFO - DAG(s) 'example_workday_timetable' retrieved from /home/airflow/.local/lib/python3.11/site-packages/airflow/example_dags/example_workday_timetable.py
[2024-10-29T22:49:28.046+0000] {logging_mixin.py:190} INFO - [2024-10-29T22:49:28.046+0000] {dag.py:3239} INFO - Sync 1 DAGs
[2024-10-29T22:49:28.078+0000] {logging_mixin.py:190} INFO - [2024-10-29T22:49:28.078+0000] {dag.py:4180} INFO - Setting next_dagrun for example_workday_timetable to 2021-01-04 00:00:00+00:00, run_after=2021-01-05 00:00:00+00:00
[2024-10-29T22:49:28.086+0000] {processor.py:208} INFO - Processing /home/airflow/.local/lib/python3.11/site-packages/airflow/example_dags/example_workday_timetable.py took 0.058 seconds
[2024-10-29T23:03:28.094+0000] {processor.py:186} INFO - Started process (PID=1996) to work on /home/airflow/.local/lib/python3.11/site-packages/airflow/example_dags/example_workday_timetable.py
[2024-10-29T23:03:28.096+0000] {processor.py:914} INFO - Processing file /home/airflow/.local/lib/python3.11/site-packages/airflow/example_dags/example_workday_timetable.py for tasks to queue
[2024-10-29T23:03:28.098+0000] {logging_mixin.py:190} INFO - [2024-10-29T23:03:28.098+0000] {dagbag.py:588} INFO - Filling up the DagBag from /home/airflow/.local/lib/python3.11/site-packages/airflow/example_dags/example_workday_timetable.py
[2024-10-29T23:03:28.105+0000] {processor.py:925} INFO - DAG(s) 'example_workday_timetable' retrieved from /home/airflow/.local/lib/python3.11/site-packages/airflow/example_dags/example_workday_timetable.py
[2024-10-29T23:03:28.125+0000] {logging_mixin.py:190} INFO - [2024-10-29T23:03:28.125+0000] {dag.py:3239} INFO - Sync 1 DAGs
[2024-10-29T23:03:28.183+0000] {logging_mixin.py:190} INFO - [2024-10-29T23:03:28.182+0000] {dag.py:4180} INFO - Setting next_dagrun for example_workday_timetable to 2021-01-04 00:00:00+00:00, run_after=2021-01-05 00:00:00+00:00
[2024-10-29T23:03:28.206+0000] {processor.py:208} INFO - Processing /home/airflow/.local/lib/python3.11/site-packages/airflow/example_dags/example_workday_timetable.py took 0.120 seconds
