[2024-10-29T00:50:14.980+0000] {processor.py:186} INFO - Started process (PID=47648) to work on /home/airflow/.local/lib/python3.11/site-packages/airflow/example_dags/example_display_name.py
[2024-10-29T00:50:14.981+0000] {processor.py:914} INFO - Processing file /home/airflow/.local/lib/python3.11/site-packages/airflow/example_dags/example_display_name.py for tasks to queue
[2024-10-29T00:50:14.982+0000] {logging_mixin.py:190} INFO - [2024-10-29T00:50:14.982+0000] {dagbag.py:588} INFO - Filling up the DagBag from /home/airflow/.local/lib/python3.11/site-packages/airflow/example_dags/example_display_name.py
[2024-10-29T00:50:14.987+0000] {processor.py:925} INFO - DAG(s) 'example_display_name' retrieved from /home/airflow/.local/lib/python3.11/site-packages/airflow/example_dags/example_display_name.py
[2024-10-29T00:50:14.999+0000] {logging_mixin.py:190} INFO - [2024-10-29T00:50:14.999+0000] {dag.py:3239} INFO - Sync 1 DAGs
[2024-10-29T00:50:15.008+0000] {logging_mixin.py:190} INFO - [2024-10-29T00:50:15.008+0000] {dag.py:4180} INFO - Setting next_dagrun for example_display_name to None, run_after=None
[2024-10-29T00:50:15.017+0000] {processor.py:208} INFO - Processing /home/airflow/.local/lib/python3.11/site-packages/airflow/example_dags/example_display_name.py took 0.040 seconds
[2024-10-29T02:13:54.528+0000] {processor.py:186} INFO - Started process (PID=47711) to work on /home/airflow/.local/lib/python3.11/site-packages/airflow/example_dags/example_display_name.py
[2024-10-29T02:13:54.529+0000] {processor.py:914} INFO - Processing file /home/airflow/.local/lib/python3.11/site-packages/airflow/example_dags/example_display_name.py for tasks to queue
[2024-10-29T02:13:54.533+0000] {logging_mixin.py:190} INFO - [2024-10-29T02:13:54.532+0000] {dagbag.py:588} INFO - Filling up the DagBag from /home/airflow/.local/lib/python3.11/site-packages/airflow/example_dags/example_display_name.py
[2024-10-29T02:13:54.537+0000] {processor.py:925} INFO - DAG(s) 'example_display_name' retrieved from /home/airflow/.local/lib/python3.11/site-packages/airflow/example_dags/example_display_name.py
[2024-10-29T02:13:54.547+0000] {logging_mixin.py:190} INFO - [2024-10-29T02:13:54.546+0000] {dag.py:3239} INFO - Sync 1 DAGs
[2024-10-29T02:13:54.553+0000] {logging_mixin.py:190} INFO - [2024-10-29T02:13:54.553+0000] {dag.py:4180} INFO - Setting next_dagrun for example_display_name to None, run_after=None
[2024-10-29T02:13:54.561+0000] {processor.py:208} INFO - Processing /home/airflow/.local/lib/python3.11/site-packages/airflow/example_dags/example_display_name.py took 0.037 seconds
[2024-10-29T02:45:23.650+0000] {processor.py:186} INFO - Started process (PID=47774) to work on /home/airflow/.local/lib/python3.11/site-packages/airflow/example_dags/example_display_name.py
[2024-10-29T02:45:23.650+0000] {processor.py:914} INFO - Processing file /home/airflow/.local/lib/python3.11/site-packages/airflow/example_dags/example_display_name.py for tasks to queue
[2024-10-29T02:45:23.652+0000] {logging_mixin.py:190} INFO - [2024-10-29T02:45:23.652+0000] {dagbag.py:588} INFO - Filling up the DagBag from /home/airflow/.local/lib/python3.11/site-packages/airflow/example_dags/example_display_name.py
[2024-10-29T02:45:23.656+0000] {processor.py:925} INFO - DAG(s) 'example_display_name' retrieved from /home/airflow/.local/lib/python3.11/site-packages/airflow/example_dags/example_display_name.py
[2024-10-29T02:45:23.667+0000] {logging_mixin.py:190} INFO - [2024-10-29T02:45:23.667+0000] {dag.py:3239} INFO - Sync 1 DAGs
[2024-10-29T02:45:23.675+0000] {logging_mixin.py:190} INFO - [2024-10-29T02:45:23.675+0000] {dag.py:4180} INFO - Setting next_dagrun for example_display_name to None, run_after=None
[2024-10-29T02:45:23.683+0000] {processor.py:208} INFO - Processing /home/airflow/.local/lib/python3.11/site-packages/airflow/example_dags/example_display_name.py took 0.037 seconds
[2024-10-29T03:18:14.640+0000] {processor.py:186} INFO - Started process (PID=47837) to work on /home/airflow/.local/lib/python3.11/site-packages/airflow/example_dags/example_display_name.py
[2024-10-29T03:18:14.642+0000] {processor.py:914} INFO - Processing file /home/airflow/.local/lib/python3.11/site-packages/airflow/example_dags/example_display_name.py for tasks to queue
[2024-10-29T03:18:14.646+0000] {logging_mixin.py:190} INFO - [2024-10-29T03:18:14.645+0000] {dagbag.py:588} INFO - Filling up the DagBag from /home/airflow/.local/lib/python3.11/site-packages/airflow/example_dags/example_display_name.py
[2024-10-29T03:18:14.653+0000] {processor.py:925} INFO - DAG(s) 'example_display_name' retrieved from /home/airflow/.local/lib/python3.11/site-packages/airflow/example_dags/example_display_name.py
[2024-10-29T03:18:14.665+0000] {logging_mixin.py:190} INFO - [2024-10-29T03:18:14.665+0000] {dag.py:3239} INFO - Sync 1 DAGs
[2024-10-29T03:18:14.673+0000] {logging_mixin.py:190} INFO - [2024-10-29T03:18:14.673+0000] {dag.py:4180} INFO - Setting next_dagrun for example_display_name to None, run_after=None
[2024-10-29T03:18:14.681+0000] {processor.py:208} INFO - Processing /home/airflow/.local/lib/python3.11/site-packages/airflow/example_dags/example_display_name.py took 0.045 seconds
[2024-10-29T03:45:36.983+0000] {processor.py:186} INFO - Started process (PID=47900) to work on /home/airflow/.local/lib/python3.11/site-packages/airflow/example_dags/example_display_name.py
[2024-10-29T03:45:36.985+0000] {processor.py:914} INFO - Processing file /home/airflow/.local/lib/python3.11/site-packages/airflow/example_dags/example_display_name.py for tasks to queue
[2024-10-29T03:45:36.987+0000] {logging_mixin.py:190} INFO - [2024-10-29T03:45:36.986+0000] {dagbag.py:588} INFO - Filling up the DagBag from /home/airflow/.local/lib/python3.11/site-packages/airflow/example_dags/example_display_name.py
[2024-10-29T03:45:36.992+0000] {processor.py:925} INFO - DAG(s) 'example_display_name' retrieved from /home/airflow/.local/lib/python3.11/site-packages/airflow/example_dags/example_display_name.py
[2024-10-29T03:45:37.006+0000] {logging_mixin.py:190} INFO - [2024-10-29T03:45:37.006+0000] {dag.py:3239} INFO - Sync 1 DAGs
[2024-10-29T03:45:37.014+0000] {logging_mixin.py:190} INFO - [2024-10-29T03:45:37.014+0000] {dag.py:4180} INFO - Setting next_dagrun for example_display_name to None, run_after=None
[2024-10-29T03:45:37.027+0000] {processor.py:208} INFO - Processing /home/airflow/.local/lib/python3.11/site-packages/airflow/example_dags/example_display_name.py took 0.048 seconds
[2024-10-29T04:34:59.950+0000] {processor.py:186} INFO - Started process (PID=47962) to work on /home/airflow/.local/lib/python3.11/site-packages/airflow/example_dags/example_display_name.py
[2024-10-29T04:34:59.951+0000] {processor.py:914} INFO - Processing file /home/airflow/.local/lib/python3.11/site-packages/airflow/example_dags/example_display_name.py for tasks to queue
[2024-10-29T04:34:59.952+0000] {logging_mixin.py:190} INFO - [2024-10-29T04:34:59.952+0000] {dagbag.py:588} INFO - Filling up the DagBag from /home/airflow/.local/lib/python3.11/site-packages/airflow/example_dags/example_display_name.py
[2024-10-29T04:34:59.956+0000] {processor.py:925} INFO - DAG(s) 'example_display_name' retrieved from /home/airflow/.local/lib/python3.11/site-packages/airflow/example_dags/example_display_name.py
[2024-10-29T04:34:59.966+0000] {logging_mixin.py:190} INFO - [2024-10-29T04:34:59.966+0000] {dag.py:3239} INFO - Sync 1 DAGs
[2024-10-29T04:34:59.973+0000] {logging_mixin.py:190} INFO - [2024-10-29T04:34:59.973+0000] {dag.py:4180} INFO - Setting next_dagrun for example_display_name to None, run_after=None
[2024-10-29T04:34:59.982+0000] {processor.py:208} INFO - Processing /home/airflow/.local/lib/python3.11/site-packages/airflow/example_dags/example_display_name.py took 0.035 seconds
[2024-10-29T04:59:49.909+0000] {processor.py:186} INFO - Started process (PID=48025) to work on /home/airflow/.local/lib/python3.11/site-packages/airflow/example_dags/example_display_name.py
[2024-10-29T04:59:49.910+0000] {processor.py:914} INFO - Processing file /home/airflow/.local/lib/python3.11/site-packages/airflow/example_dags/example_display_name.py for tasks to queue
[2024-10-29T04:59:49.911+0000] {logging_mixin.py:190} INFO - [2024-10-29T04:59:49.911+0000] {dagbag.py:588} INFO - Filling up the DagBag from /home/airflow/.local/lib/python3.11/site-packages/airflow/example_dags/example_display_name.py
[2024-10-29T04:59:49.916+0000] {processor.py:925} INFO - DAG(s) 'example_display_name' retrieved from /home/airflow/.local/lib/python3.11/site-packages/airflow/example_dags/example_display_name.py
[2024-10-29T04:59:49.927+0000] {logging_mixin.py:190} INFO - [2024-10-29T04:59:49.927+0000] {dag.py:3239} INFO - Sync 1 DAGs
[2024-10-29T04:59:49.934+0000] {logging_mixin.py:190} INFO - [2024-10-29T04:59:49.934+0000] {dag.py:4180} INFO - Setting next_dagrun for example_display_name to None, run_after=None
[2024-10-29T04:59:49.942+0000] {processor.py:208} INFO - Processing /home/airflow/.local/lib/python3.11/site-packages/airflow/example_dags/example_display_name.py took 0.037 seconds
[2024-10-29T05:52:14.201+0000] {processor.py:186} INFO - Started process (PID=48087) to work on /home/airflow/.local/lib/python3.11/site-packages/airflow/example_dags/example_display_name.py
[2024-10-29T05:52:14.202+0000] {processor.py:914} INFO - Processing file /home/airflow/.local/lib/python3.11/site-packages/airflow/example_dags/example_display_name.py for tasks to queue
[2024-10-29T05:52:14.204+0000] {logging_mixin.py:190} INFO - [2024-10-29T05:52:14.203+0000] {dagbag.py:588} INFO - Filling up the DagBag from /home/airflow/.local/lib/python3.11/site-packages/airflow/example_dags/example_display_name.py
[2024-10-29T05:52:14.208+0000] {processor.py:925} INFO - DAG(s) 'example_display_name' retrieved from /home/airflow/.local/lib/python3.11/site-packages/airflow/example_dags/example_display_name.py
[2024-10-29T05:52:14.218+0000] {logging_mixin.py:190} INFO - [2024-10-29T05:52:14.217+0000] {dag.py:3239} INFO - Sync 1 DAGs
[2024-10-29T05:52:14.224+0000] {logging_mixin.py:190} INFO - [2024-10-29T05:52:14.224+0000] {dag.py:4180} INFO - Setting next_dagrun for example_display_name to None, run_after=None
[2024-10-29T05:52:14.232+0000] {processor.py:208} INFO - Processing /home/airflow/.local/lib/python3.11/site-packages/airflow/example_dags/example_display_name.py took 0.034 seconds
[2024-10-29T06:31:00.902+0000] {processor.py:186} INFO - Started process (PID=48150) to work on /home/airflow/.local/lib/python3.11/site-packages/airflow/example_dags/example_display_name.py
[2024-10-29T06:31:00.902+0000] {processor.py:914} INFO - Processing file /home/airflow/.local/lib/python3.11/site-packages/airflow/example_dags/example_display_name.py for tasks to queue
[2024-10-29T06:31:00.904+0000] {logging_mixin.py:190} INFO - [2024-10-29T06:31:00.904+0000] {dagbag.py:588} INFO - Filling up the DagBag from /home/airflow/.local/lib/python3.11/site-packages/airflow/example_dags/example_display_name.py
[2024-10-29T06:31:00.908+0000] {processor.py:925} INFO - DAG(s) 'example_display_name' retrieved from /home/airflow/.local/lib/python3.11/site-packages/airflow/example_dags/example_display_name.py
[2024-10-29T06:31:00.918+0000] {logging_mixin.py:190} INFO - [2024-10-29T06:31:00.918+0000] {dag.py:3239} INFO - Sync 1 DAGs
[2024-10-29T06:31:00.924+0000] {logging_mixin.py:190} INFO - [2024-10-29T06:31:00.924+0000] {dag.py:4180} INFO - Setting next_dagrun for example_display_name to None, run_after=None
[2024-10-29T06:31:00.932+0000] {processor.py:208} INFO - Processing /home/airflow/.local/lib/python3.11/site-packages/airflow/example_dags/example_display_name.py took 0.033 seconds
[2024-10-29T07:20:00.190+0000] {processor.py:186} INFO - Started process (PID=48212) to work on /home/airflow/.local/lib/python3.11/site-packages/airflow/example_dags/example_display_name.py
[2024-10-29T07:20:00.191+0000] {processor.py:914} INFO - Processing file /home/airflow/.local/lib/python3.11/site-packages/airflow/example_dags/example_display_name.py for tasks to queue
[2024-10-29T07:20:00.193+0000] {logging_mixin.py:190} INFO - [2024-10-29T07:20:00.193+0000] {dagbag.py:588} INFO - Filling up the DagBag from /home/airflow/.local/lib/python3.11/site-packages/airflow/example_dags/example_display_name.py
[2024-10-29T07:20:00.200+0000] {processor.py:925} INFO - DAG(s) 'example_display_name' retrieved from /home/airflow/.local/lib/python3.11/site-packages/airflow/example_dags/example_display_name.py
[2024-10-29T07:20:00.214+0000] {logging_mixin.py:190} INFO - [2024-10-29T07:20:00.214+0000] {dag.py:3239} INFO - Sync 1 DAGs
[2024-10-29T07:20:00.223+0000] {logging_mixin.py:190} INFO - [2024-10-29T07:20:00.223+0000] {dag.py:4180} INFO - Setting next_dagrun for example_display_name to None, run_after=None
[2024-10-29T07:20:00.232+0000] {processor.py:208} INFO - Processing /home/airflow/.local/lib/python3.11/site-packages/airflow/example_dags/example_display_name.py took 0.045 seconds
[2024-10-29T07:59:20.718+0000] {processor.py:186} INFO - Started process (PID=48275) to work on /home/airflow/.local/lib/python3.11/site-packages/airflow/example_dags/example_display_name.py
[2024-10-29T07:59:20.720+0000] {processor.py:914} INFO - Processing file /home/airflow/.local/lib/python3.11/site-packages/airflow/example_dags/example_display_name.py for tasks to queue
[2024-10-29T07:59:20.722+0000] {logging_mixin.py:190} INFO - [2024-10-29T07:59:20.722+0000] {dagbag.py:588} INFO - Filling up the DagBag from /home/airflow/.local/lib/python3.11/site-packages/airflow/example_dags/example_display_name.py
[2024-10-29T07:59:20.729+0000] {processor.py:925} INFO - DAG(s) 'example_display_name' retrieved from /home/airflow/.local/lib/python3.11/site-packages/airflow/example_dags/example_display_name.py
[2024-10-29T07:59:20.758+0000] {logging_mixin.py:190} INFO - [2024-10-29T07:59:20.758+0000] {dag.py:3239} INFO - Sync 1 DAGs
[2024-10-29T07:59:20.785+0000] {logging_mixin.py:190} INFO - [2024-10-29T07:59:20.785+0000] {dag.py:4180} INFO - Setting next_dagrun for example_display_name to None, run_after=None
[2024-10-29T07:59:20.800+0000] {processor.py:208} INFO - Processing /home/airflow/.local/lib/python3.11/site-packages/airflow/example_dags/example_display_name.py took 0.088 seconds
[2024-10-29T07:59:51.630+0000] {processor.py:186} INFO - Started process (PID=48339) to work on /home/airflow/.local/lib/python3.11/site-packages/airflow/example_dags/example_display_name.py
[2024-10-29T07:59:51.631+0000] {processor.py:914} INFO - Processing file /home/airflow/.local/lib/python3.11/site-packages/airflow/example_dags/example_display_name.py for tasks to queue
[2024-10-29T07:59:51.632+0000] {logging_mixin.py:190} INFO - [2024-10-29T07:59:51.632+0000] {dagbag.py:588} INFO - Filling up the DagBag from /home/airflow/.local/lib/python3.11/site-packages/airflow/example_dags/example_display_name.py
[2024-10-29T07:59:51.636+0000] {processor.py:925} INFO - DAG(s) 'example_display_name' retrieved from /home/airflow/.local/lib/python3.11/site-packages/airflow/example_dags/example_display_name.py
[2024-10-29T07:59:51.647+0000] {logging_mixin.py:190} INFO - [2024-10-29T07:59:51.647+0000] {dag.py:3239} INFO - Sync 1 DAGs
[2024-10-29T07:59:51.654+0000] {logging_mixin.py:190} INFO - [2024-10-29T07:59:51.654+0000] {dag.py:4180} INFO - Setting next_dagrun for example_display_name to None, run_after=None
[2024-10-29T07:59:51.662+0000] {processor.py:208} INFO - Processing /home/airflow/.local/lib/python3.11/site-packages/airflow/example_dags/example_display_name.py took 0.036 seconds
[2024-10-29T08:00:21.937+0000] {processor.py:186} INFO - Started process (PID=48402) to work on /home/airflow/.local/lib/python3.11/site-packages/airflow/example_dags/example_display_name.py
[2024-10-29T08:00:21.938+0000] {processor.py:914} INFO - Processing file /home/airflow/.local/lib/python3.11/site-packages/airflow/example_dags/example_display_name.py for tasks to queue
[2024-10-29T08:00:21.939+0000] {logging_mixin.py:190} INFO - [2024-10-29T08:00:21.939+0000] {dagbag.py:588} INFO - Filling up the DagBag from /home/airflow/.local/lib/python3.11/site-packages/airflow/example_dags/example_display_name.py
[2024-10-29T08:00:21.943+0000] {processor.py:925} INFO - DAG(s) 'example_display_name' retrieved from /home/airflow/.local/lib/python3.11/site-packages/airflow/example_dags/example_display_name.py
[2024-10-29T08:00:21.953+0000] {logging_mixin.py:190} INFO - [2024-10-29T08:00:21.953+0000] {dag.py:3239} INFO - Sync 1 DAGs
[2024-10-29T08:00:21.960+0000] {logging_mixin.py:190} INFO - [2024-10-29T08:00:21.960+0000] {dag.py:4180} INFO - Setting next_dagrun for example_display_name to None, run_after=None
[2024-10-29T08:00:21.968+0000] {processor.py:208} INFO - Processing /home/airflow/.local/lib/python3.11/site-packages/airflow/example_dags/example_display_name.py took 0.034 seconds
[2024-10-29T08:00:52.300+0000] {processor.py:186} INFO - Started process (PID=48465) to work on /home/airflow/.local/lib/python3.11/site-packages/airflow/example_dags/example_display_name.py
[2024-10-29T08:00:52.301+0000] {processor.py:914} INFO - Processing file /home/airflow/.local/lib/python3.11/site-packages/airflow/example_dags/example_display_name.py for tasks to queue
[2024-10-29T08:00:52.303+0000] {logging_mixin.py:190} INFO - [2024-10-29T08:00:52.302+0000] {dagbag.py:588} INFO - Filling up the DagBag from /home/airflow/.local/lib/python3.11/site-packages/airflow/example_dags/example_display_name.py
[2024-10-29T08:00:52.307+0000] {processor.py:925} INFO - DAG(s) 'example_display_name' retrieved from /home/airflow/.local/lib/python3.11/site-packages/airflow/example_dags/example_display_name.py
[2024-10-29T08:00:52.317+0000] {logging_mixin.py:190} INFO - [2024-10-29T08:00:52.317+0000] {dag.py:3239} INFO - Sync 1 DAGs
[2024-10-29T08:00:52.324+0000] {logging_mixin.py:190} INFO - [2024-10-29T08:00:52.324+0000] {dag.py:4180} INFO - Setting next_dagrun for example_display_name to None, run_after=None
[2024-10-29T08:00:52.332+0000] {processor.py:208} INFO - Processing /home/airflow/.local/lib/python3.11/site-packages/airflow/example_dags/example_display_name.py took 0.035 seconds
[2024-10-29T08:01:23.124+0000] {processor.py:186} INFO - Started process (PID=48528) to work on /home/airflow/.local/lib/python3.11/site-packages/airflow/example_dags/example_display_name.py
[2024-10-29T08:01:23.125+0000] {processor.py:914} INFO - Processing file /home/airflow/.local/lib/python3.11/site-packages/airflow/example_dags/example_display_name.py for tasks to queue
[2024-10-29T08:01:23.127+0000] {logging_mixin.py:190} INFO - [2024-10-29T08:01:23.127+0000] {dagbag.py:588} INFO - Filling up the DagBag from /home/airflow/.local/lib/python3.11/site-packages/airflow/example_dags/example_display_name.py
[2024-10-29T08:01:23.131+0000] {processor.py:925} INFO - DAG(s) 'example_display_name' retrieved from /home/airflow/.local/lib/python3.11/site-packages/airflow/example_dags/example_display_name.py
[2024-10-29T08:01:23.140+0000] {logging_mixin.py:190} INFO - [2024-10-29T08:01:23.140+0000] {dag.py:3239} INFO - Sync 1 DAGs
[2024-10-29T08:01:23.147+0000] {logging_mixin.py:190} INFO - [2024-10-29T08:01:23.147+0000] {dag.py:4180} INFO - Setting next_dagrun for example_display_name to None, run_after=None
[2024-10-29T08:01:23.155+0000] {processor.py:208} INFO - Processing /home/airflow/.local/lib/python3.11/site-packages/airflow/example_dags/example_display_name.py took 0.034 seconds
[2024-10-29T08:01:53.976+0000] {processor.py:186} INFO - Started process (PID=48591) to work on /home/airflow/.local/lib/python3.11/site-packages/airflow/example_dags/example_display_name.py
[2024-10-29T08:01:53.977+0000] {processor.py:914} INFO - Processing file /home/airflow/.local/lib/python3.11/site-packages/airflow/example_dags/example_display_name.py for tasks to queue
[2024-10-29T08:01:53.978+0000] {logging_mixin.py:190} INFO - [2024-10-29T08:01:53.978+0000] {dagbag.py:588} INFO - Filling up the DagBag from /home/airflow/.local/lib/python3.11/site-packages/airflow/example_dags/example_display_name.py
[2024-10-29T08:01:53.982+0000] {processor.py:925} INFO - DAG(s) 'example_display_name' retrieved from /home/airflow/.local/lib/python3.11/site-packages/airflow/example_dags/example_display_name.py
[2024-10-29T08:01:53.992+0000] {logging_mixin.py:190} INFO - [2024-10-29T08:01:53.992+0000] {dag.py:3239} INFO - Sync 1 DAGs
[2024-10-29T08:01:53.998+0000] {logging_mixin.py:190} INFO - [2024-10-29T08:01:53.998+0000] {dag.py:4180} INFO - Setting next_dagrun for example_display_name to None, run_after=None
[2024-10-29T08:01:54.007+0000] {processor.py:208} INFO - Processing /home/airflow/.local/lib/python3.11/site-packages/airflow/example_dags/example_display_name.py took 0.034 seconds
[2024-10-29T08:02:24.755+0000] {processor.py:186} INFO - Started process (PID=48654) to work on /home/airflow/.local/lib/python3.11/site-packages/airflow/example_dags/example_display_name.py
[2024-10-29T08:02:24.756+0000] {processor.py:914} INFO - Processing file /home/airflow/.local/lib/python3.11/site-packages/airflow/example_dags/example_display_name.py for tasks to queue
[2024-10-29T08:02:24.757+0000] {logging_mixin.py:190} INFO - [2024-10-29T08:02:24.757+0000] {dagbag.py:588} INFO - Filling up the DagBag from /home/airflow/.local/lib/python3.11/site-packages/airflow/example_dags/example_display_name.py
[2024-10-29T08:02:24.762+0000] {processor.py:925} INFO - DAG(s) 'example_display_name' retrieved from /home/airflow/.local/lib/python3.11/site-packages/airflow/example_dags/example_display_name.py
[2024-10-29T08:02:24.772+0000] {logging_mixin.py:190} INFO - [2024-10-29T08:02:24.772+0000] {dag.py:3239} INFO - Sync 1 DAGs
[2024-10-29T08:02:24.780+0000] {logging_mixin.py:190} INFO - [2024-10-29T08:02:24.780+0000] {dag.py:4180} INFO - Setting next_dagrun for example_display_name to None, run_after=None
[2024-10-29T08:02:24.789+0000] {processor.py:208} INFO - Processing /home/airflow/.local/lib/python3.11/site-packages/airflow/example_dags/example_display_name.py took 0.038 seconds
[2024-10-29T08:02:55.273+0000] {processor.py:186} INFO - Started process (PID=48717) to work on /home/airflow/.local/lib/python3.11/site-packages/airflow/example_dags/example_display_name.py
[2024-10-29T08:02:55.274+0000] {processor.py:914} INFO - Processing file /home/airflow/.local/lib/python3.11/site-packages/airflow/example_dags/example_display_name.py for tasks to queue
[2024-10-29T08:02:55.276+0000] {logging_mixin.py:190} INFO - [2024-10-29T08:02:55.276+0000] {dagbag.py:588} INFO - Filling up the DagBag from /home/airflow/.local/lib/python3.11/site-packages/airflow/example_dags/example_display_name.py
[2024-10-29T08:02:55.281+0000] {processor.py:925} INFO - DAG(s) 'example_display_name' retrieved from /home/airflow/.local/lib/python3.11/site-packages/airflow/example_dags/example_display_name.py
[2024-10-29T08:02:55.297+0000] {logging_mixin.py:190} INFO - [2024-10-29T08:02:55.296+0000] {dag.py:3239} INFO - Sync 1 DAGs
[2024-10-29T08:02:55.306+0000] {logging_mixin.py:190} INFO - [2024-10-29T08:02:55.306+0000] {dag.py:4180} INFO - Setting next_dagrun for example_display_name to None, run_after=None
[2024-10-29T08:02:55.317+0000] {processor.py:208} INFO - Processing /home/airflow/.local/lib/python3.11/site-packages/airflow/example_dags/example_display_name.py took 0.050 seconds
[2024-10-29T08:03:25.696+0000] {processor.py:186} INFO - Started process (PID=48780) to work on /home/airflow/.local/lib/python3.11/site-packages/airflow/example_dags/example_display_name.py
[2024-10-29T08:03:25.697+0000] {processor.py:914} INFO - Processing file /home/airflow/.local/lib/python3.11/site-packages/airflow/example_dags/example_display_name.py for tasks to queue
[2024-10-29T08:03:25.698+0000] {logging_mixin.py:190} INFO - [2024-10-29T08:03:25.698+0000] {dagbag.py:588} INFO - Filling up the DagBag from /home/airflow/.local/lib/python3.11/site-packages/airflow/example_dags/example_display_name.py
[2024-10-29T08:03:25.702+0000] {processor.py:925} INFO - DAG(s) 'example_display_name' retrieved from /home/airflow/.local/lib/python3.11/site-packages/airflow/example_dags/example_display_name.py
[2024-10-29T08:03:25.712+0000] {logging_mixin.py:190} INFO - [2024-10-29T08:03:25.712+0000] {dag.py:3239} INFO - Sync 1 DAGs
[2024-10-29T08:03:25.719+0000] {logging_mixin.py:190} INFO - [2024-10-29T08:03:25.719+0000] {dag.py:4180} INFO - Setting next_dagrun for example_display_name to None, run_after=None
[2024-10-29T08:03:25.727+0000] {processor.py:208} INFO - Processing /home/airflow/.local/lib/python3.11/site-packages/airflow/example_dags/example_display_name.py took 0.035 seconds
[2024-10-29T08:03:56.089+0000] {processor.py:186} INFO - Started process (PID=48843) to work on /home/airflow/.local/lib/python3.11/site-packages/airflow/example_dags/example_display_name.py
[2024-10-29T08:03:56.090+0000] {processor.py:914} INFO - Processing file /home/airflow/.local/lib/python3.11/site-packages/airflow/example_dags/example_display_name.py for tasks to queue
[2024-10-29T08:03:56.091+0000] {logging_mixin.py:190} INFO - [2024-10-29T08:03:56.091+0000] {dagbag.py:588} INFO - Filling up the DagBag from /home/airflow/.local/lib/python3.11/site-packages/airflow/example_dags/example_display_name.py
[2024-10-29T08:03:56.096+0000] {processor.py:925} INFO - DAG(s) 'example_display_name' retrieved from /home/airflow/.local/lib/python3.11/site-packages/airflow/example_dags/example_display_name.py
[2024-10-29T08:03:56.107+0000] {logging_mixin.py:190} INFO - [2024-10-29T08:03:56.107+0000] {dag.py:3239} INFO - Sync 1 DAGs
[2024-10-29T08:03:56.114+0000] {logging_mixin.py:190} INFO - [2024-10-29T08:03:56.114+0000] {dag.py:4180} INFO - Setting next_dagrun for example_display_name to None, run_after=None
[2024-10-29T08:03:56.122+0000] {processor.py:208} INFO - Processing /home/airflow/.local/lib/python3.11/site-packages/airflow/example_dags/example_display_name.py took 0.036 seconds
[2024-10-29T08:04:26.640+0000] {processor.py:186} INFO - Started process (PID=48906) to work on /home/airflow/.local/lib/python3.11/site-packages/airflow/example_dags/example_display_name.py
[2024-10-29T08:04:26.641+0000] {processor.py:914} INFO - Processing file /home/airflow/.local/lib/python3.11/site-packages/airflow/example_dags/example_display_name.py for tasks to queue
[2024-10-29T08:04:26.643+0000] {logging_mixin.py:190} INFO - [2024-10-29T08:04:26.642+0000] {dagbag.py:588} INFO - Filling up the DagBag from /home/airflow/.local/lib/python3.11/site-packages/airflow/example_dags/example_display_name.py
[2024-10-29T08:04:26.647+0000] {processor.py:925} INFO - DAG(s) 'example_display_name' retrieved from /home/airflow/.local/lib/python3.11/site-packages/airflow/example_dags/example_display_name.py
[2024-10-29T08:04:26.656+0000] {logging_mixin.py:190} INFO - [2024-10-29T08:04:26.656+0000] {dag.py:3239} INFO - Sync 1 DAGs
[2024-10-29T08:04:26.663+0000] {logging_mixin.py:190} INFO - [2024-10-29T08:04:26.663+0000] {dag.py:4180} INFO - Setting next_dagrun for example_display_name to None, run_after=None
[2024-10-29T08:04:26.671+0000] {processor.py:208} INFO - Processing /home/airflow/.local/lib/python3.11/site-packages/airflow/example_dags/example_display_name.py took 0.034 seconds
[2024-10-29T08:04:56.973+0000] {processor.py:186} INFO - Started process (PID=48968) to work on /home/airflow/.local/lib/python3.11/site-packages/airflow/example_dags/example_display_name.py
[2024-10-29T08:04:56.974+0000] {processor.py:914} INFO - Processing file /home/airflow/.local/lib/python3.11/site-packages/airflow/example_dags/example_display_name.py for tasks to queue
[2024-10-29T08:04:56.975+0000] {logging_mixin.py:190} INFO - [2024-10-29T08:04:56.975+0000] {dagbag.py:588} INFO - Filling up the DagBag from /home/airflow/.local/lib/python3.11/site-packages/airflow/example_dags/example_display_name.py
[2024-10-29T08:04:56.979+0000] {processor.py:925} INFO - DAG(s) 'example_display_name' retrieved from /home/airflow/.local/lib/python3.11/site-packages/airflow/example_dags/example_display_name.py
[2024-10-29T08:04:56.989+0000] {logging_mixin.py:190} INFO - [2024-10-29T08:04:56.989+0000] {dag.py:3239} INFO - Sync 1 DAGs
[2024-10-29T08:04:56.995+0000] {logging_mixin.py:190} INFO - [2024-10-29T08:04:56.995+0000] {dag.py:4180} INFO - Setting next_dagrun for example_display_name to None, run_after=None
[2024-10-29T08:04:57.003+0000] {processor.py:208} INFO - Processing /home/airflow/.local/lib/python3.11/site-packages/airflow/example_dags/example_display_name.py took 0.033 seconds
[2024-10-29T08:05:27.767+0000] {processor.py:186} INFO - Started process (PID=49031) to work on /home/airflow/.local/lib/python3.11/site-packages/airflow/example_dags/example_display_name.py
[2024-10-29T08:05:27.768+0000] {processor.py:914} INFO - Processing file /home/airflow/.local/lib/python3.11/site-packages/airflow/example_dags/example_display_name.py for tasks to queue
[2024-10-29T08:05:27.769+0000] {logging_mixin.py:190} INFO - [2024-10-29T08:05:27.769+0000] {dagbag.py:588} INFO - Filling up the DagBag from /home/airflow/.local/lib/python3.11/site-packages/airflow/example_dags/example_display_name.py
[2024-10-29T08:05:27.774+0000] {processor.py:925} INFO - DAG(s) 'example_display_name' retrieved from /home/airflow/.local/lib/python3.11/site-packages/airflow/example_dags/example_display_name.py
[2024-10-29T08:05:27.784+0000] {logging_mixin.py:190} INFO - [2024-10-29T08:05:27.783+0000] {dag.py:3239} INFO - Sync 1 DAGs
[2024-10-29T08:05:27.791+0000] {logging_mixin.py:190} INFO - [2024-10-29T08:05:27.790+0000] {dag.py:4180} INFO - Setting next_dagrun for example_display_name to None, run_after=None
[2024-10-29T08:05:27.799+0000] {processor.py:208} INFO - Processing /home/airflow/.local/lib/python3.11/site-packages/airflow/example_dags/example_display_name.py took 0.035 seconds
[2024-10-29T08:05:58.148+0000] {processor.py:186} INFO - Started process (PID=49094) to work on /home/airflow/.local/lib/python3.11/site-packages/airflow/example_dags/example_display_name.py
[2024-10-29T08:05:58.149+0000] {processor.py:914} INFO - Processing file /home/airflow/.local/lib/python3.11/site-packages/airflow/example_dags/example_display_name.py for tasks to queue
[2024-10-29T08:05:58.150+0000] {logging_mixin.py:190} INFO - [2024-10-29T08:05:58.150+0000] {dagbag.py:588} INFO - Filling up the DagBag from /home/airflow/.local/lib/python3.11/site-packages/airflow/example_dags/example_display_name.py
[2024-10-29T08:05:58.155+0000] {processor.py:925} INFO - DAG(s) 'example_display_name' retrieved from /home/airflow/.local/lib/python3.11/site-packages/airflow/example_dags/example_display_name.py
[2024-10-29T08:05:58.165+0000] {logging_mixin.py:190} INFO - [2024-10-29T08:05:58.164+0000] {dag.py:3239} INFO - Sync 1 DAGs
[2024-10-29T08:05:58.171+0000] {logging_mixin.py:190} INFO - [2024-10-29T08:05:58.171+0000] {dag.py:4180} INFO - Setting next_dagrun for example_display_name to None, run_after=None
[2024-10-29T08:05:58.179+0000] {processor.py:208} INFO - Processing /home/airflow/.local/lib/python3.11/site-packages/airflow/example_dags/example_display_name.py took 0.035 seconds
[2024-10-29T08:06:28.592+0000] {processor.py:186} INFO - Started process (PID=49157) to work on /home/airflow/.local/lib/python3.11/site-packages/airflow/example_dags/example_display_name.py
[2024-10-29T08:06:28.593+0000] {processor.py:914} INFO - Processing file /home/airflow/.local/lib/python3.11/site-packages/airflow/example_dags/example_display_name.py for tasks to queue
[2024-10-29T08:06:28.594+0000] {logging_mixin.py:190} INFO - [2024-10-29T08:06:28.594+0000] {dagbag.py:588} INFO - Filling up the DagBag from /home/airflow/.local/lib/python3.11/site-packages/airflow/example_dags/example_display_name.py
[2024-10-29T08:06:28.599+0000] {processor.py:925} INFO - DAG(s) 'example_display_name' retrieved from /home/airflow/.local/lib/python3.11/site-packages/airflow/example_dags/example_display_name.py
[2024-10-29T08:06:28.609+0000] {logging_mixin.py:190} INFO - [2024-10-29T08:06:28.608+0000] {dag.py:3239} INFO - Sync 1 DAGs
[2024-10-29T08:06:28.615+0000] {logging_mixin.py:190} INFO - [2024-10-29T08:06:28.615+0000] {dag.py:4180} INFO - Setting next_dagrun for example_display_name to None, run_after=None
[2024-10-29T08:06:28.623+0000] {processor.py:208} INFO - Processing /home/airflow/.local/lib/python3.11/site-packages/airflow/example_dags/example_display_name.py took 0.035 seconds
[2024-10-29T08:06:58.967+0000] {processor.py:186} INFO - Started process (PID=49219) to work on /home/airflow/.local/lib/python3.11/site-packages/airflow/example_dags/example_display_name.py
[2024-10-29T08:06:58.968+0000] {processor.py:914} INFO - Processing file /home/airflow/.local/lib/python3.11/site-packages/airflow/example_dags/example_display_name.py for tasks to queue
[2024-10-29T08:06:58.970+0000] {logging_mixin.py:190} INFO - [2024-10-29T08:06:58.970+0000] {dagbag.py:588} INFO - Filling up the DagBag from /home/airflow/.local/lib/python3.11/site-packages/airflow/example_dags/example_display_name.py
[2024-10-29T08:06:58.976+0000] {processor.py:925} INFO - DAG(s) 'example_display_name' retrieved from /home/airflow/.local/lib/python3.11/site-packages/airflow/example_dags/example_display_name.py
[2024-10-29T08:06:58.989+0000] {logging_mixin.py:190} INFO - [2024-10-29T08:06:58.989+0000] {dag.py:3239} INFO - Sync 1 DAGs
[2024-10-29T08:06:58.998+0000] {logging_mixin.py:190} INFO - [2024-10-29T08:06:58.997+0000] {dag.py:4180} INFO - Setting next_dagrun for example_display_name to None, run_after=None
[2024-10-29T08:06:59.007+0000] {processor.py:208} INFO - Processing /home/airflow/.local/lib/python3.11/site-packages/airflow/example_dags/example_display_name.py took 0.047 seconds
[2024-10-29T08:07:29.728+0000] {processor.py:186} INFO - Started process (PID=49283) to work on /home/airflow/.local/lib/python3.11/site-packages/airflow/example_dags/example_display_name.py
[2024-10-29T08:07:29.730+0000] {processor.py:914} INFO - Processing file /home/airflow/.local/lib/python3.11/site-packages/airflow/example_dags/example_display_name.py for tasks to queue
[2024-10-29T08:07:29.731+0000] {logging_mixin.py:190} INFO - [2024-10-29T08:07:29.731+0000] {dagbag.py:588} INFO - Filling up the DagBag from /home/airflow/.local/lib/python3.11/site-packages/airflow/example_dags/example_display_name.py
[2024-10-29T08:07:29.736+0000] {processor.py:925} INFO - DAG(s) 'example_display_name' retrieved from /home/airflow/.local/lib/python3.11/site-packages/airflow/example_dags/example_display_name.py
[2024-10-29T08:07:29.747+0000] {logging_mixin.py:190} INFO - [2024-10-29T08:07:29.747+0000] {dag.py:3239} INFO - Sync 1 DAGs
[2024-10-29T08:07:29.755+0000] {logging_mixin.py:190} INFO - [2024-10-29T08:07:29.755+0000] {dag.py:4180} INFO - Setting next_dagrun for example_display_name to None, run_after=None
[2024-10-29T08:07:29.765+0000] {processor.py:208} INFO - Processing /home/airflow/.local/lib/python3.11/site-packages/airflow/example_dags/example_display_name.py took 0.041 seconds
[2024-10-29T08:08:00.687+0000] {processor.py:186} INFO - Started process (PID=49346) to work on /home/airflow/.local/lib/python3.11/site-packages/airflow/example_dags/example_display_name.py
[2024-10-29T08:08:00.688+0000] {processor.py:914} INFO - Processing file /home/airflow/.local/lib/python3.11/site-packages/airflow/example_dags/example_display_name.py for tasks to queue
[2024-10-29T08:08:00.690+0000] {logging_mixin.py:190} INFO - [2024-10-29T08:08:00.689+0000] {dagbag.py:588} INFO - Filling up the DagBag from /home/airflow/.local/lib/python3.11/site-packages/airflow/example_dags/example_display_name.py
[2024-10-29T08:08:00.695+0000] {processor.py:925} INFO - DAG(s) 'example_display_name' retrieved from /home/airflow/.local/lib/python3.11/site-packages/airflow/example_dags/example_display_name.py
[2024-10-29T08:08:00.711+0000] {logging_mixin.py:190} INFO - [2024-10-29T08:08:00.711+0000] {dag.py:3239} INFO - Sync 1 DAGs
[2024-10-29T08:08:00.722+0000] {logging_mixin.py:190} INFO - [2024-10-29T08:08:00.721+0000] {dag.py:4180} INFO - Setting next_dagrun for example_display_name to None, run_after=None
[2024-10-29T08:08:00.736+0000] {processor.py:208} INFO - Processing /home/airflow/.local/lib/python3.11/site-packages/airflow/example_dags/example_display_name.py took 0.052 seconds
[2024-10-29T08:08:32.015+0000] {processor.py:186} INFO - Started process (PID=49409) to work on /home/airflow/.local/lib/python3.11/site-packages/airflow/example_dags/example_display_name.py
[2024-10-29T08:08:32.016+0000] {processor.py:914} INFO - Processing file /home/airflow/.local/lib/python3.11/site-packages/airflow/example_dags/example_display_name.py for tasks to queue
[2024-10-29T08:08:32.018+0000] {logging_mixin.py:190} INFO - [2024-10-29T08:08:32.018+0000] {dagbag.py:588} INFO - Filling up the DagBag from /home/airflow/.local/lib/python3.11/site-packages/airflow/example_dags/example_display_name.py
[2024-10-29T08:08:32.023+0000] {processor.py:925} INFO - DAG(s) 'example_display_name' retrieved from /home/airflow/.local/lib/python3.11/site-packages/airflow/example_dags/example_display_name.py
[2024-10-29T08:08:32.034+0000] {logging_mixin.py:190} INFO - [2024-10-29T08:08:32.034+0000] {dag.py:3239} INFO - Sync 1 DAGs
[2024-10-29T08:08:32.041+0000] {logging_mixin.py:190} INFO - [2024-10-29T08:08:32.041+0000] {dag.py:4180} INFO - Setting next_dagrun for example_display_name to None, run_after=None
[2024-10-29T08:08:32.052+0000] {processor.py:208} INFO - Processing /home/airflow/.local/lib/python3.11/site-packages/airflow/example_dags/example_display_name.py took 0.041 seconds
[2024-10-29T08:09:03.415+0000] {processor.py:186} INFO - Started process (PID=49471) to work on /home/airflow/.local/lib/python3.11/site-packages/airflow/example_dags/example_display_name.py
[2024-10-29T08:09:03.416+0000] {processor.py:914} INFO - Processing file /home/airflow/.local/lib/python3.11/site-packages/airflow/example_dags/example_display_name.py for tasks to queue
[2024-10-29T08:09:03.418+0000] {logging_mixin.py:190} INFO - [2024-10-29T08:09:03.418+0000] {dagbag.py:588} INFO - Filling up the DagBag from /home/airflow/.local/lib/python3.11/site-packages/airflow/example_dags/example_display_name.py
[2024-10-29T08:09:03.423+0000] {processor.py:925} INFO - DAG(s) 'example_display_name' retrieved from /home/airflow/.local/lib/python3.11/site-packages/airflow/example_dags/example_display_name.py
[2024-10-29T08:09:03.434+0000] {logging_mixin.py:190} INFO - [2024-10-29T08:09:03.434+0000] {dag.py:3239} INFO - Sync 1 DAGs
[2024-10-29T08:09:03.441+0000] {logging_mixin.py:190} INFO - [2024-10-29T08:09:03.441+0000] {dag.py:4180} INFO - Setting next_dagrun for example_display_name to None, run_after=None
[2024-10-29T08:09:03.451+0000] {processor.py:208} INFO - Processing /home/airflow/.local/lib/python3.11/site-packages/airflow/example_dags/example_display_name.py took 0.039 seconds
[2024-10-29T08:09:34.749+0000] {processor.py:186} INFO - Started process (PID=49534) to work on /home/airflow/.local/lib/python3.11/site-packages/airflow/example_dags/example_display_name.py
[2024-10-29T08:09:34.750+0000] {processor.py:914} INFO - Processing file /home/airflow/.local/lib/python3.11/site-packages/airflow/example_dags/example_display_name.py for tasks to queue
[2024-10-29T08:09:34.753+0000] {logging_mixin.py:190} INFO - [2024-10-29T08:09:34.753+0000] {dagbag.py:588} INFO - Filling up the DagBag from /home/airflow/.local/lib/python3.11/site-packages/airflow/example_dags/example_display_name.py
[2024-10-29T08:09:34.760+0000] {processor.py:925} INFO - DAG(s) 'example_display_name' retrieved from /home/airflow/.local/lib/python3.11/site-packages/airflow/example_dags/example_display_name.py
[2024-10-29T08:09:34.774+0000] {logging_mixin.py:190} INFO - [2024-10-29T08:09:34.774+0000] {dag.py:3239} INFO - Sync 1 DAGs
[2024-10-29T08:09:34.784+0000] {logging_mixin.py:190} INFO - [2024-10-29T08:09:34.784+0000] {dag.py:4180} INFO - Setting next_dagrun for example_display_name to None, run_after=None
[2024-10-29T08:09:34.796+0000] {processor.py:208} INFO - Processing /home/airflow/.local/lib/python3.11/site-packages/airflow/example_dags/example_display_name.py took 0.057 seconds
[2024-10-29T08:10:05.674+0000] {processor.py:186} INFO - Started process (PID=49597) to work on /home/airflow/.local/lib/python3.11/site-packages/airflow/example_dags/example_display_name.py
[2024-10-29T08:10:05.674+0000] {processor.py:914} INFO - Processing file /home/airflow/.local/lib/python3.11/site-packages/airflow/example_dags/example_display_name.py for tasks to queue
[2024-10-29T08:10:05.676+0000] {logging_mixin.py:190} INFO - [2024-10-29T08:10:05.676+0000] {dagbag.py:588} INFO - Filling up the DagBag from /home/airflow/.local/lib/python3.11/site-packages/airflow/example_dags/example_display_name.py
[2024-10-29T08:10:05.680+0000] {processor.py:925} INFO - DAG(s) 'example_display_name' retrieved from /home/airflow/.local/lib/python3.11/site-packages/airflow/example_dags/example_display_name.py
[2024-10-29T08:10:05.690+0000] {logging_mixin.py:190} INFO - [2024-10-29T08:10:05.690+0000] {dag.py:3239} INFO - Sync 1 DAGs
[2024-10-29T08:10:05.697+0000] {logging_mixin.py:190} INFO - [2024-10-29T08:10:05.697+0000] {dag.py:4180} INFO - Setting next_dagrun for example_display_name to None, run_after=None
[2024-10-29T08:10:05.705+0000] {processor.py:208} INFO - Processing /home/airflow/.local/lib/python3.11/site-packages/airflow/example_dags/example_display_name.py took 0.035 seconds
[2024-10-29T08:10:40.003+0000] {processor.py:186} INFO - Started process (PID=49660) to work on /home/airflow/.local/lib/python3.11/site-packages/airflow/example_dags/example_display_name.py
[2024-10-29T08:10:40.004+0000] {processor.py:914} INFO - Processing file /home/airflow/.local/lib/python3.11/site-packages/airflow/example_dags/example_display_name.py for tasks to queue
[2024-10-29T08:10:40.005+0000] {logging_mixin.py:190} INFO - [2024-10-29T08:10:40.005+0000] {dagbag.py:588} INFO - Filling up the DagBag from /home/airflow/.local/lib/python3.11/site-packages/airflow/example_dags/example_display_name.py
[2024-10-29T08:10:40.015+0000] {processor.py:925} INFO - DAG(s) 'example_display_name' retrieved from /home/airflow/.local/lib/python3.11/site-packages/airflow/example_dags/example_display_name.py
[2024-10-29T08:10:40.046+0000] {logging_mixin.py:190} INFO - [2024-10-29T08:10:40.045+0000] {dag.py:3239} INFO - Sync 1 DAGs
[2024-10-29T08:10:40.058+0000] {logging_mixin.py:190} INFO - [2024-10-29T08:10:40.058+0000] {dag.py:4180} INFO - Setting next_dagrun for example_display_name to None, run_after=None
[2024-10-29T08:10:40.071+0000] {processor.py:208} INFO - Processing /home/airflow/.local/lib/python3.11/site-packages/airflow/example_dags/example_display_name.py took 0.072 seconds
[2024-10-29T18:53:16.863+0000] {processor.py:186} INFO - Started process (PID=102) to work on /home/airflow/.local/lib/python3.11/site-packages/airflow/example_dags/example_display_name.py
[2024-10-29T18:53:16.868+0000] {processor.py:914} INFO - Processing file /home/airflow/.local/lib/python3.11/site-packages/airflow/example_dags/example_display_name.py for tasks to queue
[2024-10-29T18:53:16.874+0000] {logging_mixin.py:190} INFO - [2024-10-29T18:53:16.873+0000] {dagbag.py:588} INFO - Filling up the DagBag from /home/airflow/.local/lib/python3.11/site-packages/airflow/example_dags/example_display_name.py
[2024-10-29T18:53:16.927+0000] {processor.py:925} INFO - DAG(s) 'example_display_name' retrieved from /home/airflow/.local/lib/python3.11/site-packages/airflow/example_dags/example_display_name.py
[2024-10-29T18:53:17.186+0000] {logging_mixin.py:190} INFO - [2024-10-29T18:53:17.183+0000] {dag.py:3239} INFO - Sync 1 DAGs
[2024-10-29T18:53:17.285+0000] {logging_mixin.py:190} INFO - [2024-10-29T18:53:17.284+0000] {dag.py:4180} INFO - Setting next_dagrun for example_display_name to None, run_after=None
[2024-10-29T18:53:17.361+0000] {processor.py:208} INFO - Processing /home/airflow/.local/lib/python3.11/site-packages/airflow/example_dags/example_display_name.py took 0.514 seconds
[2024-10-29T18:54:10.245+0000] {processor.py:186} INFO - Started process (PID=165) to work on /home/airflow/.local/lib/python3.11/site-packages/airflow/example_dags/example_display_name.py
[2024-10-29T18:54:10.249+0000] {processor.py:914} INFO - Processing file /home/airflow/.local/lib/python3.11/site-packages/airflow/example_dags/example_display_name.py for tasks to queue
[2024-10-29T18:54:10.259+0000] {logging_mixin.py:190} INFO - [2024-10-29T18:54:10.259+0000] {dagbag.py:588} INFO - Filling up the DagBag from /home/airflow/.local/lib/python3.11/site-packages/airflow/example_dags/example_display_name.py
[2024-10-29T18:54:10.280+0000] {processor.py:925} INFO - DAG(s) 'example_display_name' retrieved from /home/airflow/.local/lib/python3.11/site-packages/airflow/example_dags/example_display_name.py
[2024-10-29T18:54:10.379+0000] {logging_mixin.py:190} INFO - [2024-10-29T18:54:10.379+0000] {dag.py:3239} INFO - Sync 1 DAGs
[2024-10-29T18:54:10.410+0000] {logging_mixin.py:190} INFO - [2024-10-29T18:54:10.409+0000] {dag.py:4180} INFO - Setting next_dagrun for example_display_name to None, run_after=None
[2024-10-29T18:54:10.473+0000] {processor.py:208} INFO - Processing /home/airflow/.local/lib/python3.11/site-packages/airflow/example_dags/example_display_name.py took 0.248 seconds
[2024-10-29T18:54:50.349+0000] {processor.py:186} INFO - Started process (PID=233) to work on /home/airflow/.local/lib/python3.11/site-packages/airflow/example_dags/example_display_name.py
[2024-10-29T18:54:50.357+0000] {processor.py:914} INFO - Processing file /home/airflow/.local/lib/python3.11/site-packages/airflow/example_dags/example_display_name.py for tasks to queue
[2024-10-29T18:54:50.375+0000] {logging_mixin.py:190} INFO - [2024-10-29T18:54:50.371+0000] {dagbag.py:588} INFO - Filling up the DagBag from /home/airflow/.local/lib/python3.11/site-packages/airflow/example_dags/example_display_name.py
[2024-10-29T18:54:50.416+0000] {processor.py:925} INFO - DAG(s) 'example_display_name' retrieved from /home/airflow/.local/lib/python3.11/site-packages/airflow/example_dags/example_display_name.py
[2024-10-29T18:54:50.522+0000] {logging_mixin.py:190} INFO - [2024-10-29T18:54:50.522+0000] {dag.py:3239} INFO - Sync 1 DAGs
[2024-10-29T18:54:53.315+0000] {logging_mixin.py:190} INFO - [2024-10-29T18:54:53.311+0000] {dag.py:4180} INFO - Setting next_dagrun for example_display_name to None, run_after=None
[2024-10-29T18:54:53.413+0000] {processor.py:208} INFO - Processing /home/airflow/.local/lib/python3.11/site-packages/airflow/example_dags/example_display_name.py took 3.119 seconds
[2024-10-29T18:55:40.439+0000] {processor.py:186} INFO - Started process (PID=301) to work on /home/airflow/.local/lib/python3.11/site-packages/airflow/example_dags/example_display_name.py
[2024-10-29T18:55:40.441+0000] {processor.py:914} INFO - Processing file /home/airflow/.local/lib/python3.11/site-packages/airflow/example_dags/example_display_name.py for tasks to queue
[2024-10-29T18:55:40.445+0000] {logging_mixin.py:190} INFO - [2024-10-29T18:55:40.444+0000] {dagbag.py:588} INFO - Filling up the DagBag from /home/airflow/.local/lib/python3.11/site-packages/airflow/example_dags/example_display_name.py
[2024-10-29T18:55:40.467+0000] {processor.py:925} INFO - DAG(s) 'example_display_name' retrieved from /home/airflow/.local/lib/python3.11/site-packages/airflow/example_dags/example_display_name.py
[2024-10-29T18:55:40.986+0000] {logging_mixin.py:190} INFO - [2024-10-29T18:55:40.986+0000] {dag.py:3239} INFO - Sync 1 DAGs
[2024-10-29T18:55:41.006+0000] {logging_mixin.py:190} INFO - [2024-10-29T18:55:41.005+0000] {dag.py:4180} INFO - Setting next_dagrun for example_display_name to None, run_after=None
[2024-10-29T18:55:41.040+0000] {processor.py:208} INFO - Processing /home/airflow/.local/lib/python3.11/site-packages/airflow/example_dags/example_display_name.py took 0.615 seconds
[2024-10-29T18:56:11.151+0000] {processor.py:186} INFO - Started process (PID=363) to work on /home/airflow/.local/lib/python3.11/site-packages/airflow/example_dags/example_display_name.py
[2024-10-29T18:56:11.152+0000] {processor.py:914} INFO - Processing file /home/airflow/.local/lib/python3.11/site-packages/airflow/example_dags/example_display_name.py for tasks to queue
[2024-10-29T18:56:11.154+0000] {logging_mixin.py:190} INFO - [2024-10-29T18:56:11.154+0000] {dagbag.py:588} INFO - Filling up the DagBag from /home/airflow/.local/lib/python3.11/site-packages/airflow/example_dags/example_display_name.py
[2024-10-29T18:56:11.160+0000] {processor.py:925} INFO - DAG(s) 'example_display_name' retrieved from /home/airflow/.local/lib/python3.11/site-packages/airflow/example_dags/example_display_name.py
[2024-10-29T18:56:11.173+0000] {logging_mixin.py:190} INFO - [2024-10-29T18:56:11.173+0000] {dag.py:3239} INFO - Sync 1 DAGs
[2024-10-29T18:56:11.180+0000] {logging_mixin.py:190} INFO - [2024-10-29T18:56:11.180+0000] {dag.py:4180} INFO - Setting next_dagrun for example_display_name to None, run_after=None
[2024-10-29T18:56:11.189+0000] {processor.py:208} INFO - Processing /home/airflow/.local/lib/python3.11/site-packages/airflow/example_dags/example_display_name.py took 0.043 seconds
[2024-10-29T18:56:42.025+0000] {processor.py:186} INFO - Started process (PID=426) to work on /home/airflow/.local/lib/python3.11/site-packages/airflow/example_dags/example_display_name.py
[2024-10-29T18:56:42.026+0000] {processor.py:914} INFO - Processing file /home/airflow/.local/lib/python3.11/site-packages/airflow/example_dags/example_display_name.py for tasks to queue
[2024-10-29T18:56:42.029+0000] {logging_mixin.py:190} INFO - [2024-10-29T18:56:42.028+0000] {dagbag.py:588} INFO - Filling up the DagBag from /home/airflow/.local/lib/python3.11/site-packages/airflow/example_dags/example_display_name.py
[2024-10-29T18:56:42.036+0000] {processor.py:925} INFO - DAG(s) 'example_display_name' retrieved from /home/airflow/.local/lib/python3.11/site-packages/airflow/example_dags/example_display_name.py
[2024-10-29T18:56:42.064+0000] {logging_mixin.py:190} INFO - [2024-10-29T18:56:42.063+0000] {dag.py:3239} INFO - Sync 1 DAGs
[2024-10-29T18:56:42.075+0000] {logging_mixin.py:190} INFO - [2024-10-29T18:56:42.074+0000] {dag.py:4180} INFO - Setting next_dagrun for example_display_name to None, run_after=None
[2024-10-29T18:56:42.086+0000] {processor.py:208} INFO - Processing /home/airflow/.local/lib/python3.11/site-packages/airflow/example_dags/example_display_name.py took 0.067 seconds
[2024-10-29T18:57:13.058+0000] {processor.py:186} INFO - Started process (PID=489) to work on /home/airflow/.local/lib/python3.11/site-packages/airflow/example_dags/example_display_name.py
[2024-10-29T18:57:13.058+0000] {processor.py:914} INFO - Processing file /home/airflow/.local/lib/python3.11/site-packages/airflow/example_dags/example_display_name.py for tasks to queue
[2024-10-29T18:57:13.060+0000] {logging_mixin.py:190} INFO - [2024-10-29T18:57:13.060+0000] {dagbag.py:588} INFO - Filling up the DagBag from /home/airflow/.local/lib/python3.11/site-packages/airflow/example_dags/example_display_name.py
[2024-10-29T18:57:13.067+0000] {processor.py:925} INFO - DAG(s) 'example_display_name' retrieved from /home/airflow/.local/lib/python3.11/site-packages/airflow/example_dags/example_display_name.py
[2024-10-29T18:57:13.146+0000] {logging_mixin.py:190} INFO - [2024-10-29T18:57:13.145+0000] {dag.py:3239} INFO - Sync 1 DAGs
[2024-10-29T18:57:13.179+0000] {logging_mixin.py:190} INFO - [2024-10-29T18:57:13.179+0000] {dag.py:4180} INFO - Setting next_dagrun for example_display_name to None, run_after=None
[2024-10-29T18:57:13.215+0000] {processor.py:208} INFO - Processing /home/airflow/.local/lib/python3.11/site-packages/airflow/example_dags/example_display_name.py took 0.163 seconds
[2024-10-29T18:57:43.382+0000] {processor.py:186} INFO - Started process (PID=551) to work on /home/airflow/.local/lib/python3.11/site-packages/airflow/example_dags/example_display_name.py
[2024-10-29T18:57:43.384+0000] {processor.py:914} INFO - Processing file /home/airflow/.local/lib/python3.11/site-packages/airflow/example_dags/example_display_name.py for tasks to queue
[2024-10-29T18:57:43.386+0000] {logging_mixin.py:190} INFO - [2024-10-29T18:57:43.386+0000] {dagbag.py:588} INFO - Filling up the DagBag from /home/airflow/.local/lib/python3.11/site-packages/airflow/example_dags/example_display_name.py
[2024-10-29T18:57:43.394+0000] {processor.py:925} INFO - DAG(s) 'example_display_name' retrieved from /home/airflow/.local/lib/python3.11/site-packages/airflow/example_dags/example_display_name.py
[2024-10-29T18:57:43.409+0000] {logging_mixin.py:190} INFO - [2024-10-29T18:57:43.409+0000] {dag.py:3239} INFO - Sync 1 DAGs
[2024-10-29T18:57:43.418+0000] {logging_mixin.py:190} INFO - [2024-10-29T18:57:43.418+0000] {dag.py:4180} INFO - Setting next_dagrun for example_display_name to None, run_after=None
[2024-10-29T18:57:43.427+0000] {processor.py:208} INFO - Processing /home/airflow/.local/lib/python3.11/site-packages/airflow/example_dags/example_display_name.py took 0.052 seconds
[2024-10-29T18:58:13.854+0000] {processor.py:186} INFO - Started process (PID=614) to work on /home/airflow/.local/lib/python3.11/site-packages/airflow/example_dags/example_display_name.py
[2024-10-29T18:58:13.855+0000] {processor.py:914} INFO - Processing file /home/airflow/.local/lib/python3.11/site-packages/airflow/example_dags/example_display_name.py for tasks to queue
[2024-10-29T18:58:13.858+0000] {logging_mixin.py:190} INFO - [2024-10-29T18:58:13.857+0000] {dagbag.py:588} INFO - Filling up the DagBag from /home/airflow/.local/lib/python3.11/site-packages/airflow/example_dags/example_display_name.py
[2024-10-29T18:58:13.865+0000] {processor.py:925} INFO - DAG(s) 'example_display_name' retrieved from /home/airflow/.local/lib/python3.11/site-packages/airflow/example_dags/example_display_name.py
[2024-10-29T18:58:13.879+0000] {logging_mixin.py:190} INFO - [2024-10-29T18:58:13.879+0000] {dag.py:3239} INFO - Sync 1 DAGs
[2024-10-29T18:58:13.887+0000] {logging_mixin.py:190} INFO - [2024-10-29T18:58:13.887+0000] {dag.py:4180} INFO - Setting next_dagrun for example_display_name to None, run_after=None
[2024-10-29T18:58:13.895+0000] {processor.py:208} INFO - Processing /home/airflow/.local/lib/python3.11/site-packages/airflow/example_dags/example_display_name.py took 0.048 seconds
[2024-10-29T18:58:44.059+0000] {processor.py:186} INFO - Started process (PID=677) to work on /home/airflow/.local/lib/python3.11/site-packages/airflow/example_dags/example_display_name.py
[2024-10-29T18:58:44.060+0000] {processor.py:914} INFO - Processing file /home/airflow/.local/lib/python3.11/site-packages/airflow/example_dags/example_display_name.py for tasks to queue
[2024-10-29T18:58:44.062+0000] {logging_mixin.py:190} INFO - [2024-10-29T18:58:44.062+0000] {dagbag.py:588} INFO - Filling up the DagBag from /home/airflow/.local/lib/python3.11/site-packages/airflow/example_dags/example_display_name.py
[2024-10-29T18:58:44.070+0000] {processor.py:925} INFO - DAG(s) 'example_display_name' retrieved from /home/airflow/.local/lib/python3.11/site-packages/airflow/example_dags/example_display_name.py
[2024-10-29T18:58:44.083+0000] {logging_mixin.py:190} INFO - [2024-10-29T18:58:44.083+0000] {dag.py:3239} INFO - Sync 1 DAGs
[2024-10-29T18:58:44.091+0000] {logging_mixin.py:190} INFO - [2024-10-29T18:58:44.091+0000] {dag.py:4180} INFO - Setting next_dagrun for example_display_name to None, run_after=None
[2024-10-29T18:58:44.099+0000] {processor.py:208} INFO - Processing /home/airflow/.local/lib/python3.11/site-packages/airflow/example_dags/example_display_name.py took 0.047 seconds
[2024-10-29T18:59:14.273+0000] {processor.py:186} INFO - Started process (PID=740) to work on /home/airflow/.local/lib/python3.11/site-packages/airflow/example_dags/example_display_name.py
[2024-10-29T18:59:14.274+0000] {processor.py:914} INFO - Processing file /home/airflow/.local/lib/python3.11/site-packages/airflow/example_dags/example_display_name.py for tasks to queue
[2024-10-29T18:59:14.277+0000] {logging_mixin.py:190} INFO - [2024-10-29T18:59:14.276+0000] {dagbag.py:588} INFO - Filling up the DagBag from /home/airflow/.local/lib/python3.11/site-packages/airflow/example_dags/example_display_name.py
[2024-10-29T18:59:14.287+0000] {processor.py:925} INFO - DAG(s) 'example_display_name' retrieved from /home/airflow/.local/lib/python3.11/site-packages/airflow/example_dags/example_display_name.py
[2024-10-29T18:59:14.304+0000] {logging_mixin.py:190} INFO - [2024-10-29T18:59:14.304+0000] {dag.py:3239} INFO - Sync 1 DAGs
[2024-10-29T18:59:14.315+0000] {logging_mixin.py:190} INFO - [2024-10-29T18:59:14.315+0000] {dag.py:4180} INFO - Setting next_dagrun for example_display_name to None, run_after=None
[2024-10-29T18:59:14.326+0000] {processor.py:208} INFO - Processing /home/airflow/.local/lib/python3.11/site-packages/airflow/example_dags/example_display_name.py took 0.061 seconds
[2024-10-29T18:59:44.432+0000] {processor.py:186} INFO - Started process (PID=803) to work on /home/airflow/.local/lib/python3.11/site-packages/airflow/example_dags/example_display_name.py
[2024-10-29T18:59:44.434+0000] {processor.py:914} INFO - Processing file /home/airflow/.local/lib/python3.11/site-packages/airflow/example_dags/example_display_name.py for tasks to queue
[2024-10-29T18:59:44.437+0000] {logging_mixin.py:190} INFO - [2024-10-29T18:59:44.436+0000] {dagbag.py:588} INFO - Filling up the DagBag from /home/airflow/.local/lib/python3.11/site-packages/airflow/example_dags/example_display_name.py
[2024-10-29T18:59:44.446+0000] {processor.py:925} INFO - DAG(s) 'example_display_name' retrieved from /home/airflow/.local/lib/python3.11/site-packages/airflow/example_dags/example_display_name.py
[2024-10-29T18:59:44.463+0000] {logging_mixin.py:190} INFO - [2024-10-29T18:59:44.462+0000] {dag.py:3239} INFO - Sync 1 DAGs
[2024-10-29T18:59:44.473+0000] {logging_mixin.py:190} INFO - [2024-10-29T18:59:44.473+0000] {dag.py:4180} INFO - Setting next_dagrun for example_display_name to None, run_after=None
[2024-10-29T18:59:44.483+0000] {processor.py:208} INFO - Processing /home/airflow/.local/lib/python3.11/site-packages/airflow/example_dags/example_display_name.py took 0.058 seconds
[2024-10-29T19:00:14.518+0000] {processor.py:186} INFO - Started process (PID=865) to work on /home/airflow/.local/lib/python3.11/site-packages/airflow/example_dags/example_display_name.py
[2024-10-29T19:00:14.519+0000] {processor.py:914} INFO - Processing file /home/airflow/.local/lib/python3.11/site-packages/airflow/example_dags/example_display_name.py for tasks to queue
[2024-10-29T19:00:14.520+0000] {logging_mixin.py:190} INFO - [2024-10-29T19:00:14.520+0000] {dagbag.py:588} INFO - Filling up the DagBag from /home/airflow/.local/lib/python3.11/site-packages/airflow/example_dags/example_display_name.py
[2024-10-29T19:00:14.524+0000] {processor.py:925} INFO - DAG(s) 'example_display_name' retrieved from /home/airflow/.local/lib/python3.11/site-packages/airflow/example_dags/example_display_name.py
[2024-10-29T19:00:14.533+0000] {logging_mixin.py:190} INFO - [2024-10-29T19:00:14.533+0000] {dag.py:3239} INFO - Sync 1 DAGs
[2024-10-29T19:00:14.540+0000] {logging_mixin.py:190} INFO - [2024-10-29T19:00:14.540+0000] {dag.py:4180} INFO - Setting next_dagrun for example_display_name to None, run_after=None
[2024-10-29T19:00:14.547+0000] {processor.py:208} INFO - Processing /home/airflow/.local/lib/python3.11/site-packages/airflow/example_dags/example_display_name.py took 0.032 seconds
[2024-10-29T19:00:44.603+0000] {processor.py:186} INFO - Started process (PID=928) to work on /home/airflow/.local/lib/python3.11/site-packages/airflow/example_dags/example_display_name.py
[2024-10-29T19:00:44.604+0000] {processor.py:914} INFO - Processing file /home/airflow/.local/lib/python3.11/site-packages/airflow/example_dags/example_display_name.py for tasks to queue
[2024-10-29T19:00:44.605+0000] {logging_mixin.py:190} INFO - [2024-10-29T19:00:44.605+0000] {dagbag.py:588} INFO - Filling up the DagBag from /home/airflow/.local/lib/python3.11/site-packages/airflow/example_dags/example_display_name.py
[2024-10-29T19:00:44.609+0000] {processor.py:925} INFO - DAG(s) 'example_display_name' retrieved from /home/airflow/.local/lib/python3.11/site-packages/airflow/example_dags/example_display_name.py
[2024-10-29T19:00:44.619+0000] {logging_mixin.py:190} INFO - [2024-10-29T19:00:44.619+0000] {dag.py:3239} INFO - Sync 1 DAGs
[2024-10-29T19:00:44.626+0000] {logging_mixin.py:190} INFO - [2024-10-29T19:00:44.626+0000] {dag.py:4180} INFO - Setting next_dagrun for example_display_name to None, run_after=None
[2024-10-29T19:00:44.634+0000] {processor.py:208} INFO - Processing /home/airflow/.local/lib/python3.11/site-packages/airflow/example_dags/example_display_name.py took 0.034 seconds
[2024-10-29T19:01:15.627+0000] {processor.py:186} INFO - Started process (PID=991) to work on /home/airflow/.local/lib/python3.11/site-packages/airflow/example_dags/example_display_name.py
[2024-10-29T19:01:15.628+0000] {processor.py:914} INFO - Processing file /home/airflow/.local/lib/python3.11/site-packages/airflow/example_dags/example_display_name.py for tasks to queue
[2024-10-29T19:01:15.630+0000] {logging_mixin.py:190} INFO - [2024-10-29T19:01:15.630+0000] {dagbag.py:588} INFO - Filling up the DagBag from /home/airflow/.local/lib/python3.11/site-packages/airflow/example_dags/example_display_name.py
[2024-10-29T19:01:15.635+0000] {processor.py:925} INFO - DAG(s) 'example_display_name' retrieved from /home/airflow/.local/lib/python3.11/site-packages/airflow/example_dags/example_display_name.py
[2024-10-29T19:01:15.651+0000] {logging_mixin.py:190} INFO - [2024-10-29T19:01:15.650+0000] {dag.py:3239} INFO - Sync 1 DAGs
[2024-10-29T19:01:15.662+0000] {logging_mixin.py:190} INFO - [2024-10-29T19:01:15.662+0000] {dag.py:4180} INFO - Setting next_dagrun for example_display_name to None, run_after=None
[2024-10-29T19:01:15.673+0000] {processor.py:208} INFO - Processing /home/airflow/.local/lib/python3.11/site-packages/airflow/example_dags/example_display_name.py took 0.049 seconds
[2024-10-29T19:01:45.733+0000] {processor.py:186} INFO - Started process (PID=1054) to work on /home/airflow/.local/lib/python3.11/site-packages/airflow/example_dags/example_display_name.py
[2024-10-29T19:01:45.734+0000] {processor.py:914} INFO - Processing file /home/airflow/.local/lib/python3.11/site-packages/airflow/example_dags/example_display_name.py for tasks to queue
[2024-10-29T19:01:45.735+0000] {logging_mixin.py:190} INFO - [2024-10-29T19:01:45.735+0000] {dagbag.py:588} INFO - Filling up the DagBag from /home/airflow/.local/lib/python3.11/site-packages/airflow/example_dags/example_display_name.py
[2024-10-29T19:01:45.740+0000] {processor.py:925} INFO - DAG(s) 'example_display_name' retrieved from /home/airflow/.local/lib/python3.11/site-packages/airflow/example_dags/example_display_name.py
[2024-10-29T19:01:45.750+0000] {logging_mixin.py:190} INFO - [2024-10-29T19:01:45.750+0000] {dag.py:3239} INFO - Sync 1 DAGs
[2024-10-29T19:01:45.758+0000] {logging_mixin.py:190} INFO - [2024-10-29T19:01:45.758+0000] {dag.py:4180} INFO - Setting next_dagrun for example_display_name to None, run_after=None
[2024-10-29T19:01:45.770+0000] {processor.py:208} INFO - Processing /home/airflow/.local/lib/python3.11/site-packages/airflow/example_dags/example_display_name.py took 0.042 seconds
[2024-10-29T19:02:15.944+0000] {processor.py:186} INFO - Started process (PID=1117) to work on /home/airflow/.local/lib/python3.11/site-packages/airflow/example_dags/example_display_name.py
[2024-10-29T19:02:15.945+0000] {processor.py:914} INFO - Processing file /home/airflow/.local/lib/python3.11/site-packages/airflow/example_dags/example_display_name.py for tasks to queue
[2024-10-29T19:02:15.947+0000] {logging_mixin.py:190} INFO - [2024-10-29T19:02:15.946+0000] {dagbag.py:588} INFO - Filling up the DagBag from /home/airflow/.local/lib/python3.11/site-packages/airflow/example_dags/example_display_name.py
[2024-10-29T19:02:15.955+0000] {processor.py:925} INFO - DAG(s) 'example_display_name' retrieved from /home/airflow/.local/lib/python3.11/site-packages/airflow/example_dags/example_display_name.py
[2024-10-29T19:02:15.968+0000] {logging_mixin.py:190} INFO - [2024-10-29T19:02:15.968+0000] {dag.py:3239} INFO - Sync 1 DAGs
[2024-10-29T19:02:15.977+0000] {logging_mixin.py:190} INFO - [2024-10-29T19:02:15.977+0000] {dag.py:4180} INFO - Setting next_dagrun for example_display_name to None, run_after=None
[2024-10-29T19:02:15.992+0000] {processor.py:208} INFO - Processing /home/airflow/.local/lib/python3.11/site-packages/airflow/example_dags/example_display_name.py took 0.051 seconds
[2024-10-29T19:02:46.900+0000] {processor.py:186} INFO - Started process (PID=1186) to work on /home/airflow/.local/lib/python3.11/site-packages/airflow/example_dags/example_display_name.py
[2024-10-29T19:02:46.901+0000] {processor.py:914} INFO - Processing file /home/airflow/.local/lib/python3.11/site-packages/airflow/example_dags/example_display_name.py for tasks to queue
[2024-10-29T19:02:46.902+0000] {logging_mixin.py:190} INFO - [2024-10-29T19:02:46.902+0000] {dagbag.py:588} INFO - Filling up the DagBag from /home/airflow/.local/lib/python3.11/site-packages/airflow/example_dags/example_display_name.py
[2024-10-29T19:02:46.907+0000] {processor.py:925} INFO - DAG(s) 'example_display_name' retrieved from /home/airflow/.local/lib/python3.11/site-packages/airflow/example_dags/example_display_name.py
[2024-10-29T19:02:46.918+0000] {logging_mixin.py:190} INFO - [2024-10-29T19:02:46.918+0000] {dag.py:3239} INFO - Sync 1 DAGs
[2024-10-29T19:02:46.926+0000] {logging_mixin.py:190} INFO - [2024-10-29T19:02:46.926+0000] {dag.py:4180} INFO - Setting next_dagrun for example_display_name to None, run_after=None
[2024-10-29T19:02:46.935+0000] {processor.py:208} INFO - Processing /home/airflow/.local/lib/python3.11/site-packages/airflow/example_dags/example_display_name.py took 0.038 seconds
[2024-10-29T19:03:17.634+0000] {processor.py:186} INFO - Started process (PID=1249) to work on /home/airflow/.local/lib/python3.11/site-packages/airflow/example_dags/example_display_name.py
[2024-10-29T19:03:17.635+0000] {processor.py:914} INFO - Processing file /home/airflow/.local/lib/python3.11/site-packages/airflow/example_dags/example_display_name.py for tasks to queue
[2024-10-29T19:03:17.636+0000] {logging_mixin.py:190} INFO - [2024-10-29T19:03:17.636+0000] {dagbag.py:588} INFO - Filling up the DagBag from /home/airflow/.local/lib/python3.11/site-packages/airflow/example_dags/example_display_name.py
[2024-10-29T19:03:17.642+0000] {processor.py:925} INFO - DAG(s) 'example_display_name' retrieved from /home/airflow/.local/lib/python3.11/site-packages/airflow/example_dags/example_display_name.py
[2024-10-29T19:03:17.657+0000] {logging_mixin.py:190} INFO - [2024-10-29T19:03:17.657+0000] {dag.py:3239} INFO - Sync 1 DAGs
[2024-10-29T19:03:17.666+0000] {logging_mixin.py:190} INFO - [2024-10-29T19:03:17.666+0000] {dag.py:4180} INFO - Setting next_dagrun for example_display_name to None, run_after=None
[2024-10-29T19:03:17.682+0000] {processor.py:208} INFO - Processing /home/airflow/.local/lib/python3.11/site-packages/airflow/example_dags/example_display_name.py took 0.052 seconds
[2024-10-29T19:03:48.373+0000] {processor.py:186} INFO - Started process (PID=1312) to work on /home/airflow/.local/lib/python3.11/site-packages/airflow/example_dags/example_display_name.py
[2024-10-29T19:03:48.374+0000] {processor.py:914} INFO - Processing file /home/airflow/.local/lib/python3.11/site-packages/airflow/example_dags/example_display_name.py for tasks to queue
[2024-10-29T19:03:48.375+0000] {logging_mixin.py:190} INFO - [2024-10-29T19:03:48.375+0000] {dagbag.py:588} INFO - Filling up the DagBag from /home/airflow/.local/lib/python3.11/site-packages/airflow/example_dags/example_display_name.py
[2024-10-29T19:03:48.379+0000] {processor.py:925} INFO - DAG(s) 'example_display_name' retrieved from /home/airflow/.local/lib/python3.11/site-packages/airflow/example_dags/example_display_name.py
[2024-10-29T19:03:48.389+0000] {logging_mixin.py:190} INFO - [2024-10-29T19:03:48.389+0000] {dag.py:3239} INFO - Sync 1 DAGs
[2024-10-29T19:03:48.396+0000] {logging_mixin.py:190} INFO - [2024-10-29T19:03:48.395+0000] {dag.py:4180} INFO - Setting next_dagrun for example_display_name to None, run_after=None
[2024-10-29T19:03:48.404+0000] {processor.py:208} INFO - Processing /home/airflow/.local/lib/python3.11/site-packages/airflow/example_dags/example_display_name.py took 0.034 seconds
[2024-10-29T19:04:18.990+0000] {processor.py:186} INFO - Started process (PID=1375) to work on /home/airflow/.local/lib/python3.11/site-packages/airflow/example_dags/example_display_name.py
[2024-10-29T19:04:18.991+0000] {processor.py:914} INFO - Processing file /home/airflow/.local/lib/python3.11/site-packages/airflow/example_dags/example_display_name.py for tasks to queue
[2024-10-29T19:04:18.992+0000] {logging_mixin.py:190} INFO - [2024-10-29T19:04:18.992+0000] {dagbag.py:588} INFO - Filling up the DagBag from /home/airflow/.local/lib/python3.11/site-packages/airflow/example_dags/example_display_name.py
[2024-10-29T19:04:18.996+0000] {processor.py:925} INFO - DAG(s) 'example_display_name' retrieved from /home/airflow/.local/lib/python3.11/site-packages/airflow/example_dags/example_display_name.py
[2024-10-29T19:04:19.005+0000] {logging_mixin.py:190} INFO - [2024-10-29T19:04:19.004+0000] {dag.py:3239} INFO - Sync 1 DAGs
[2024-10-29T19:04:19.011+0000] {logging_mixin.py:190} INFO - [2024-10-29T19:04:19.011+0000] {dag.py:4180} INFO - Setting next_dagrun for example_display_name to None, run_after=None
[2024-10-29T19:04:19.018+0000] {processor.py:208} INFO - Processing /home/airflow/.local/lib/python3.11/site-packages/airflow/example_dags/example_display_name.py took 0.030 seconds
[2024-10-29T19:04:49.453+0000] {processor.py:186} INFO - Started process (PID=1438) to work on /home/airflow/.local/lib/python3.11/site-packages/airflow/example_dags/example_display_name.py
[2024-10-29T19:04:49.454+0000] {processor.py:914} INFO - Processing file /home/airflow/.local/lib/python3.11/site-packages/airflow/example_dags/example_display_name.py for tasks to queue
[2024-10-29T19:04:49.455+0000] {logging_mixin.py:190} INFO - [2024-10-29T19:04:49.455+0000] {dagbag.py:588} INFO - Filling up the DagBag from /home/airflow/.local/lib/python3.11/site-packages/airflow/example_dags/example_display_name.py
[2024-10-29T19:04:49.459+0000] {processor.py:925} INFO - DAG(s) 'example_display_name' retrieved from /home/airflow/.local/lib/python3.11/site-packages/airflow/example_dags/example_display_name.py
[2024-10-29T19:04:49.468+0000] {logging_mixin.py:190} INFO - [2024-10-29T19:04:49.468+0000] {dag.py:3239} INFO - Sync 1 DAGs
[2024-10-29T19:04:49.474+0000] {logging_mixin.py:190} INFO - [2024-10-29T19:04:49.474+0000] {dag.py:4180} INFO - Setting next_dagrun for example_display_name to None, run_after=None
[2024-10-29T19:04:49.482+0000] {processor.py:208} INFO - Processing /home/airflow/.local/lib/python3.11/site-packages/airflow/example_dags/example_display_name.py took 0.032 seconds
[2024-10-29T19:05:20.048+0000] {processor.py:186} INFO - Started process (PID=1501) to work on /home/airflow/.local/lib/python3.11/site-packages/airflow/example_dags/example_display_name.py
[2024-10-29T19:05:20.049+0000] {processor.py:914} INFO - Processing file /home/airflow/.local/lib/python3.11/site-packages/airflow/example_dags/example_display_name.py for tasks to queue
[2024-10-29T19:05:20.050+0000] {logging_mixin.py:190} INFO - [2024-10-29T19:05:20.050+0000] {dagbag.py:588} INFO - Filling up the DagBag from /home/airflow/.local/lib/python3.11/site-packages/airflow/example_dags/example_display_name.py
[2024-10-29T19:05:20.054+0000] {processor.py:925} INFO - DAG(s) 'example_display_name' retrieved from /home/airflow/.local/lib/python3.11/site-packages/airflow/example_dags/example_display_name.py
[2024-10-29T19:05:20.062+0000] {logging_mixin.py:190} INFO - [2024-10-29T19:05:20.062+0000] {dag.py:3239} INFO - Sync 1 DAGs
[2024-10-29T19:05:20.068+0000] {logging_mixin.py:190} INFO - [2024-10-29T19:05:20.068+0000] {dag.py:4180} INFO - Setting next_dagrun for example_display_name to None, run_after=None
[2024-10-29T19:05:20.075+0000] {processor.py:208} INFO - Processing /home/airflow/.local/lib/python3.11/site-packages/airflow/example_dags/example_display_name.py took 0.029 seconds
[2024-10-29T19:05:50.369+0000] {processor.py:186} INFO - Started process (PID=1564) to work on /home/airflow/.local/lib/python3.11/site-packages/airflow/example_dags/example_display_name.py
[2024-10-29T19:05:50.370+0000] {processor.py:914} INFO - Processing file /home/airflow/.local/lib/python3.11/site-packages/airflow/example_dags/example_display_name.py for tasks to queue
[2024-10-29T19:05:50.372+0000] {logging_mixin.py:190} INFO - [2024-10-29T19:05:50.371+0000] {dagbag.py:588} INFO - Filling up the DagBag from /home/airflow/.local/lib/python3.11/site-packages/airflow/example_dags/example_display_name.py
[2024-10-29T19:05:50.375+0000] {processor.py:925} INFO - DAG(s) 'example_display_name' retrieved from /home/airflow/.local/lib/python3.11/site-packages/airflow/example_dags/example_display_name.py
[2024-10-29T19:05:50.385+0000] {logging_mixin.py:190} INFO - [2024-10-29T19:05:50.385+0000] {dag.py:3239} INFO - Sync 1 DAGs
[2024-10-29T19:05:50.391+0000] {logging_mixin.py:190} INFO - [2024-10-29T19:05:50.391+0000] {dag.py:4180} INFO - Setting next_dagrun for example_display_name to None, run_after=None
[2024-10-29T19:05:50.399+0000] {processor.py:208} INFO - Processing /home/airflow/.local/lib/python3.11/site-packages/airflow/example_dags/example_display_name.py took 0.032 seconds
[2024-10-29T19:23:19.058+0000] {processor.py:186} INFO - Started process (PID=1655) to work on /home/airflow/.local/lib/python3.11/site-packages/airflow/example_dags/example_display_name.py
[2024-10-29T19:23:19.059+0000] {processor.py:914} INFO - Processing file /home/airflow/.local/lib/python3.11/site-packages/airflow/example_dags/example_display_name.py for tasks to queue
[2024-10-29T19:23:19.060+0000] {logging_mixin.py:190} INFO - [2024-10-29T19:23:19.060+0000] {dagbag.py:588} INFO - Filling up the DagBag from /home/airflow/.local/lib/python3.11/site-packages/airflow/example_dags/example_display_name.py
[2024-10-29T19:23:19.064+0000] {processor.py:925} INFO - DAG(s) 'example_display_name' retrieved from /home/airflow/.local/lib/python3.11/site-packages/airflow/example_dags/example_display_name.py
[2024-10-29T19:23:19.074+0000] {logging_mixin.py:190} INFO - [2024-10-29T19:23:19.074+0000] {dag.py:3239} INFO - Sync 1 DAGs
[2024-10-29T19:23:19.080+0000] {logging_mixin.py:190} INFO - [2024-10-29T19:23:19.080+0000] {dag.py:4180} INFO - Setting next_dagrun for example_display_name to None, run_after=None
[2024-10-29T19:23:19.088+0000] {processor.py:208} INFO - Processing /home/airflow/.local/lib/python3.11/site-packages/airflow/example_dags/example_display_name.py took 0.032 seconds
[2024-10-29T20:00:05.718+0000] {processor.py:186} INFO - Started process (PID=1718) to work on /home/airflow/.local/lib/python3.11/site-packages/airflow/example_dags/example_display_name.py
[2024-10-29T20:00:05.719+0000] {processor.py:914} INFO - Processing file /home/airflow/.local/lib/python3.11/site-packages/airflow/example_dags/example_display_name.py for tasks to queue
[2024-10-29T20:00:05.721+0000] {logging_mixin.py:190} INFO - [2024-10-29T20:00:05.721+0000] {dagbag.py:588} INFO - Filling up the DagBag from /home/airflow/.local/lib/python3.11/site-packages/airflow/example_dags/example_display_name.py
[2024-10-29T20:00:05.726+0000] {processor.py:925} INFO - DAG(s) 'example_display_name' retrieved from /home/airflow/.local/lib/python3.11/site-packages/airflow/example_dags/example_display_name.py
[2024-10-29T20:00:05.736+0000] {logging_mixin.py:190} INFO - [2024-10-29T20:00:05.736+0000] {dag.py:3239} INFO - Sync 1 DAGs
[2024-10-29T20:00:05.743+0000] {logging_mixin.py:190} INFO - [2024-10-29T20:00:05.743+0000] {dag.py:4180} INFO - Setting next_dagrun for example_display_name to None, run_after=None
[2024-10-29T20:00:05.752+0000] {processor.py:208} INFO - Processing /home/airflow/.local/lib/python3.11/site-packages/airflow/example_dags/example_display_name.py took 0.037 seconds
[2024-10-29T20:32:02.592+0000] {processor.py:186} INFO - Started process (PID=1781) to work on /home/airflow/.local/lib/python3.11/site-packages/airflow/example_dags/example_display_name.py
[2024-10-29T20:32:02.593+0000] {processor.py:914} INFO - Processing file /home/airflow/.local/lib/python3.11/site-packages/airflow/example_dags/example_display_name.py for tasks to queue
[2024-10-29T20:32:02.594+0000] {logging_mixin.py:190} INFO - [2024-10-29T20:32:02.594+0000] {dagbag.py:588} INFO - Filling up the DagBag from /home/airflow/.local/lib/python3.11/site-packages/airflow/example_dags/example_display_name.py
[2024-10-29T20:32:02.598+0000] {processor.py:925} INFO - DAG(s) 'example_display_name' retrieved from /home/airflow/.local/lib/python3.11/site-packages/airflow/example_dags/example_display_name.py
[2024-10-29T20:32:02.608+0000] {logging_mixin.py:190} INFO - [2024-10-29T20:32:02.608+0000] {dag.py:3239} INFO - Sync 1 DAGs
[2024-10-29T20:32:02.615+0000] {logging_mixin.py:190} INFO - [2024-10-29T20:32:02.615+0000] {dag.py:4180} INFO - Setting next_dagrun for example_display_name to None, run_after=None
[2024-10-29T20:32:02.623+0000] {processor.py:208} INFO - Processing /home/airflow/.local/lib/python3.11/site-packages/airflow/example_dags/example_display_name.py took 0.035 seconds
[2024-10-29T20:59:01.003+0000] {processor.py:186} INFO - Started process (PID=1844) to work on /home/airflow/.local/lib/python3.11/site-packages/airflow/example_dags/example_display_name.py
[2024-10-29T20:59:01.004+0000] {processor.py:914} INFO - Processing file /home/airflow/.local/lib/python3.11/site-packages/airflow/example_dags/example_display_name.py for tasks to queue
[2024-10-29T20:59:01.006+0000] {logging_mixin.py:190} INFO - [2024-10-29T20:59:01.006+0000] {dagbag.py:588} INFO - Filling up the DagBag from /home/airflow/.local/lib/python3.11/site-packages/airflow/example_dags/example_display_name.py
[2024-10-29T20:59:01.010+0000] {processor.py:925} INFO - DAG(s) 'example_display_name' retrieved from /home/airflow/.local/lib/python3.11/site-packages/airflow/example_dags/example_display_name.py
[2024-10-29T20:59:01.020+0000] {logging_mixin.py:190} INFO - [2024-10-29T20:59:01.020+0000] {dag.py:3239} INFO - Sync 1 DAGs
[2024-10-29T20:59:01.028+0000] {logging_mixin.py:190} INFO - [2024-10-29T20:59:01.028+0000] {dag.py:4180} INFO - Setting next_dagrun for example_display_name to None, run_after=None
[2024-10-29T20:59:01.039+0000] {processor.py:208} INFO - Processing /home/airflow/.local/lib/python3.11/site-packages/airflow/example_dags/example_display_name.py took 0.038 seconds
[2024-10-29T21:40:54.829+0000] {processor.py:186} INFO - Started process (PID=1907) to work on /home/airflow/.local/lib/python3.11/site-packages/airflow/example_dags/example_display_name.py
[2024-10-29T21:40:54.830+0000] {processor.py:914} INFO - Processing file /home/airflow/.local/lib/python3.11/site-packages/airflow/example_dags/example_display_name.py for tasks to queue
[2024-10-29T21:40:54.832+0000] {logging_mixin.py:190} INFO - [2024-10-29T21:40:54.832+0000] {dagbag.py:588} INFO - Filling up the DagBag from /home/airflow/.local/lib/python3.11/site-packages/airflow/example_dags/example_display_name.py
[2024-10-29T21:40:54.837+0000] {processor.py:925} INFO - DAG(s) 'example_display_name' retrieved from /home/airflow/.local/lib/python3.11/site-packages/airflow/example_dags/example_display_name.py
[2024-10-29T21:40:54.873+0000] {logging_mixin.py:190} INFO - [2024-10-29T21:40:54.872+0000] {dag.py:3239} INFO - Sync 1 DAGs
[2024-10-29T21:40:54.927+0000] {logging_mixin.py:190} INFO - [2024-10-29T21:40:54.926+0000] {dag.py:4180} INFO - Setting next_dagrun for example_display_name to None, run_after=None
[2024-10-29T21:40:54.958+0000] {processor.py:208} INFO - Processing /home/airflow/.local/lib/python3.11/site-packages/airflow/example_dags/example_display_name.py took 0.132 seconds
[2024-10-29T22:49:29.516+0000] {processor.py:186} INFO - Started process (PID=1970) to work on /home/airflow/.local/lib/python3.11/site-packages/airflow/example_dags/example_display_name.py
[2024-10-29T22:49:29.519+0000] {processor.py:914} INFO - Processing file /home/airflow/.local/lib/python3.11/site-packages/airflow/example_dags/example_display_name.py for tasks to queue
[2024-10-29T22:49:29.527+0000] {logging_mixin.py:190} INFO - [2024-10-29T22:49:29.526+0000] {dagbag.py:588} INFO - Filling up the DagBag from /home/airflow/.local/lib/python3.11/site-packages/airflow/example_dags/example_display_name.py
[2024-10-29T22:49:29.547+0000] {processor.py:925} INFO - DAG(s) 'example_display_name' retrieved from /home/airflow/.local/lib/python3.11/site-packages/airflow/example_dags/example_display_name.py
[2024-10-29T22:49:29.576+0000] {logging_mixin.py:190} INFO - [2024-10-29T22:49:29.576+0000] {dag.py:3239} INFO - Sync 1 DAGs
[2024-10-29T22:49:29.611+0000] {logging_mixin.py:190} INFO - [2024-10-29T22:49:29.611+0000] {dag.py:4180} INFO - Setting next_dagrun for example_display_name to None, run_after=None
[2024-10-29T22:49:29.641+0000] {processor.py:208} INFO - Processing /home/airflow/.local/lib/python3.11/site-packages/airflow/example_dags/example_display_name.py took 0.142 seconds
[2024-10-29T23:03:29.730+0000] {processor.py:186} INFO - Started process (PID=2033) to work on /home/airflow/.local/lib/python3.11/site-packages/airflow/example_dags/example_display_name.py
[2024-10-29T23:03:29.731+0000] {processor.py:914} INFO - Processing file /home/airflow/.local/lib/python3.11/site-packages/airflow/example_dags/example_display_name.py for tasks to queue
[2024-10-29T23:03:29.732+0000] {logging_mixin.py:190} INFO - [2024-10-29T23:03:29.732+0000] {dagbag.py:588} INFO - Filling up the DagBag from /home/airflow/.local/lib/python3.11/site-packages/airflow/example_dags/example_display_name.py
[2024-10-29T23:03:29.737+0000] {processor.py:925} INFO - DAG(s) 'example_display_name' retrieved from /home/airflow/.local/lib/python3.11/site-packages/airflow/example_dags/example_display_name.py
[2024-10-29T23:03:29.747+0000] {logging_mixin.py:190} INFO - [2024-10-29T23:03:29.747+0000] {dag.py:3239} INFO - Sync 1 DAGs
[2024-10-29T23:03:29.754+0000] {logging_mixin.py:190} INFO - [2024-10-29T23:03:29.754+0000] {dag.py:4180} INFO - Setting next_dagrun for example_display_name to None, run_after=None
[2024-10-29T23:03:29.764+0000] {processor.py:208} INFO - Processing /home/airflow/.local/lib/python3.11/site-packages/airflow/example_dags/example_display_name.py took 0.038 seconds
