[2024-10-29T00:50:14.244+0000] {processor.py:186} INFO - Started process (PID=47633) to work on /home/airflow/.local/lib/python3.11/site-packages/airflow/example_dags/example_trigger_target_dag.py
[2024-10-29T00:50:14.245+0000] {processor.py:914} INFO - Processing file /home/airflow/.local/lib/python3.11/site-packages/airflow/example_dags/example_trigger_target_dag.py for tasks to queue
[2024-10-29T00:50:14.247+0000] {logging_mixin.py:190} INFO - [2024-10-29T00:50:14.247+0000] {dagbag.py:588} INFO - Filling up the DagBag from /home/airflow/.local/lib/python3.11/site-packages/airflow/example_dags/example_trigger_target_dag.py
[2024-10-29T00:50:14.256+0000] {processor.py:925} INFO - DAG(s) 'example_trigger_target_dag' retrieved from /home/airflow/.local/lib/python3.11/site-packages/airflow/example_dags/example_trigger_target_dag.py
[2024-10-29T00:50:14.277+0000] {logging_mixin.py:190} INFO - [2024-10-29T00:50:14.276+0000] {dag.py:3239} INFO - Sync 1 DAGs
[2024-10-29T00:50:14.284+0000] {logging_mixin.py:190} INFO - [2024-10-29T00:50:14.284+0000] {dag.py:4180} INFO - Setting next_dagrun for example_trigger_target_dag to None, run_after=None
[2024-10-29T00:50:14.294+0000] {processor.py:208} INFO - Processing /home/airflow/.local/lib/python3.11/site-packages/airflow/example_dags/example_trigger_target_dag.py took 0.054 seconds
[2024-10-29T02:13:53.918+0000] {processor.py:186} INFO - Started process (PID=47696) to work on /home/airflow/.local/lib/python3.11/site-packages/airflow/example_dags/example_trigger_target_dag.py
[2024-10-29T02:13:53.918+0000] {processor.py:914} INFO - Processing file /home/airflow/.local/lib/python3.11/site-packages/airflow/example_dags/example_trigger_target_dag.py for tasks to queue
[2024-10-29T02:13:53.920+0000] {logging_mixin.py:190} INFO - [2024-10-29T02:13:53.920+0000] {dagbag.py:588} INFO - Filling up the DagBag from /home/airflow/.local/lib/python3.11/site-packages/airflow/example_dags/example_trigger_target_dag.py
[2024-10-29T02:13:53.924+0000] {processor.py:925} INFO - DAG(s) 'example_trigger_target_dag' retrieved from /home/airflow/.local/lib/python3.11/site-packages/airflow/example_dags/example_trigger_target_dag.py
[2024-10-29T02:13:53.934+0000] {logging_mixin.py:190} INFO - [2024-10-29T02:13:53.934+0000] {dag.py:3239} INFO - Sync 1 DAGs
[2024-10-29T02:13:53.940+0000] {logging_mixin.py:190} INFO - [2024-10-29T02:13:53.940+0000] {dag.py:4180} INFO - Setting next_dagrun for example_trigger_target_dag to None, run_after=None
[2024-10-29T02:13:53.948+0000] {processor.py:208} INFO - Processing /home/airflow/.local/lib/python3.11/site-packages/airflow/example_dags/example_trigger_target_dag.py took 0.034 seconds
[2024-10-29T02:45:22.955+0000] {processor.py:186} INFO - Started process (PID=47759) to work on /home/airflow/.local/lib/python3.11/site-packages/airflow/example_dags/example_trigger_target_dag.py
[2024-10-29T02:45:22.955+0000] {processor.py:914} INFO - Processing file /home/airflow/.local/lib/python3.11/site-packages/airflow/example_dags/example_trigger_target_dag.py for tasks to queue
[2024-10-29T02:45:22.957+0000] {logging_mixin.py:190} INFO - [2024-10-29T02:45:22.956+0000] {dagbag.py:588} INFO - Filling up the DagBag from /home/airflow/.local/lib/python3.11/site-packages/airflow/example_dags/example_trigger_target_dag.py
[2024-10-29T02:45:22.961+0000] {processor.py:925} INFO - DAG(s) 'example_trigger_target_dag' retrieved from /home/airflow/.local/lib/python3.11/site-packages/airflow/example_dags/example_trigger_target_dag.py
[2024-10-29T02:45:22.970+0000] {logging_mixin.py:190} INFO - [2024-10-29T02:45:22.970+0000] {dag.py:3239} INFO - Sync 1 DAGs
[2024-10-29T02:45:22.977+0000] {logging_mixin.py:190} INFO - [2024-10-29T02:45:22.976+0000] {dag.py:4180} INFO - Setting next_dagrun for example_trigger_target_dag to None, run_after=None
[2024-10-29T02:45:22.989+0000] {processor.py:208} INFO - Processing /home/airflow/.local/lib/python3.11/site-packages/airflow/example_dags/example_trigger_target_dag.py took 0.038 seconds
[2024-10-29T03:18:13.613+0000] {processor.py:186} INFO - Started process (PID=47822) to work on /home/airflow/.local/lib/python3.11/site-packages/airflow/example_dags/example_trigger_target_dag.py
[2024-10-29T03:18:13.615+0000] {processor.py:914} INFO - Processing file /home/airflow/.local/lib/python3.11/site-packages/airflow/example_dags/example_trigger_target_dag.py for tasks to queue
[2024-10-29T03:18:13.620+0000] {logging_mixin.py:190} INFO - [2024-10-29T03:18:13.620+0000] {dagbag.py:588} INFO - Filling up the DagBag from /home/airflow/.local/lib/python3.11/site-packages/airflow/example_dags/example_trigger_target_dag.py
[2024-10-29T03:18:13.652+0000] {processor.py:925} INFO - DAG(s) 'example_trigger_target_dag' retrieved from /home/airflow/.local/lib/python3.11/site-packages/airflow/example_dags/example_trigger_target_dag.py
[2024-10-29T03:18:13.768+0000] {logging_mixin.py:190} INFO - [2024-10-29T03:18:13.768+0000] {dag.py:3239} INFO - Sync 1 DAGs
[2024-10-29T03:18:13.787+0000] {logging_mixin.py:190} INFO - [2024-10-29T03:18:13.787+0000] {dag.py:4180} INFO - Setting next_dagrun for example_trigger_target_dag to None, run_after=None
[2024-10-29T03:18:13.802+0000] {processor.py:208} INFO - Processing /home/airflow/.local/lib/python3.11/site-packages/airflow/example_dags/example_trigger_target_dag.py took 0.223 seconds
[2024-10-29T03:45:36.512+0000] {processor.py:186} INFO - Started process (PID=47885) to work on /home/airflow/.local/lib/python3.11/site-packages/airflow/example_dags/example_trigger_target_dag.py
[2024-10-29T03:45:36.513+0000] {processor.py:914} INFO - Processing file /home/airflow/.local/lib/python3.11/site-packages/airflow/example_dags/example_trigger_target_dag.py for tasks to queue
[2024-10-29T03:45:36.514+0000] {logging_mixin.py:190} INFO - [2024-10-29T03:45:36.514+0000] {dagbag.py:588} INFO - Filling up the DagBag from /home/airflow/.local/lib/python3.11/site-packages/airflow/example_dags/example_trigger_target_dag.py
[2024-10-29T03:45:36.519+0000] {processor.py:925} INFO - DAG(s) 'example_trigger_target_dag' retrieved from /home/airflow/.local/lib/python3.11/site-packages/airflow/example_dags/example_trigger_target_dag.py
[2024-10-29T03:45:36.529+0000] {logging_mixin.py:190} INFO - [2024-10-29T03:45:36.529+0000] {dag.py:3239} INFO - Sync 1 DAGs
[2024-10-29T03:45:36.537+0000] {logging_mixin.py:190} INFO - [2024-10-29T03:45:36.537+0000] {dag.py:4180} INFO - Setting next_dagrun for example_trigger_target_dag to None, run_after=None
[2024-10-29T03:45:36.545+0000] {processor.py:208} INFO - Processing /home/airflow/.local/lib/python3.11/site-packages/airflow/example_dags/example_trigger_target_dag.py took 0.037 seconds
[2024-10-29T04:34:59.316+0000] {processor.py:186} INFO - Started process (PID=47947) to work on /home/airflow/.local/lib/python3.11/site-packages/airflow/example_dags/example_trigger_target_dag.py
[2024-10-29T04:34:59.317+0000] {processor.py:914} INFO - Processing file /home/airflow/.local/lib/python3.11/site-packages/airflow/example_dags/example_trigger_target_dag.py for tasks to queue
[2024-10-29T04:34:59.318+0000] {logging_mixin.py:190} INFO - [2024-10-29T04:34:59.318+0000] {dagbag.py:588} INFO - Filling up the DagBag from /home/airflow/.local/lib/python3.11/site-packages/airflow/example_dags/example_trigger_target_dag.py
[2024-10-29T04:34:59.323+0000] {processor.py:925} INFO - DAG(s) 'example_trigger_target_dag' retrieved from /home/airflow/.local/lib/python3.11/site-packages/airflow/example_dags/example_trigger_target_dag.py
[2024-10-29T04:34:59.333+0000] {logging_mixin.py:190} INFO - [2024-10-29T04:34:59.333+0000] {dag.py:3239} INFO - Sync 1 DAGs
[2024-10-29T04:34:59.342+0000] {logging_mixin.py:190} INFO - [2024-10-29T04:34:59.342+0000] {dag.py:4180} INFO - Setting next_dagrun for example_trigger_target_dag to None, run_after=None
[2024-10-29T04:34:59.353+0000] {processor.py:208} INFO - Processing /home/airflow/.local/lib/python3.11/site-packages/airflow/example_dags/example_trigger_target_dag.py took 0.040 seconds
[2024-10-29T04:59:49.195+0000] {processor.py:186} INFO - Started process (PID=48010) to work on /home/airflow/.local/lib/python3.11/site-packages/airflow/example_dags/example_trigger_target_dag.py
[2024-10-29T04:59:49.196+0000] {processor.py:914} INFO - Processing file /home/airflow/.local/lib/python3.11/site-packages/airflow/example_dags/example_trigger_target_dag.py for tasks to queue
[2024-10-29T04:59:49.198+0000] {logging_mixin.py:190} INFO - [2024-10-29T04:59:49.198+0000] {dagbag.py:588} INFO - Filling up the DagBag from /home/airflow/.local/lib/python3.11/site-packages/airflow/example_dags/example_trigger_target_dag.py
[2024-10-29T04:59:49.204+0000] {processor.py:925} INFO - DAG(s) 'example_trigger_target_dag' retrieved from /home/airflow/.local/lib/python3.11/site-packages/airflow/example_dags/example_trigger_target_dag.py
[2024-10-29T04:59:49.215+0000] {logging_mixin.py:190} INFO - [2024-10-29T04:59:49.215+0000] {dag.py:3239} INFO - Sync 1 DAGs
[2024-10-29T04:59:49.222+0000] {logging_mixin.py:190} INFO - [2024-10-29T04:59:49.222+0000] {dag.py:4180} INFO - Setting next_dagrun for example_trigger_target_dag to None, run_after=None
[2024-10-29T04:59:49.230+0000] {processor.py:208} INFO - Processing /home/airflow/.local/lib/python3.11/site-packages/airflow/example_dags/example_trigger_target_dag.py took 0.039 seconds
[2024-10-29T05:52:13.690+0000] {processor.py:186} INFO - Started process (PID=48072) to work on /home/airflow/.local/lib/python3.11/site-packages/airflow/example_dags/example_trigger_target_dag.py
[2024-10-29T05:52:13.693+0000] {processor.py:914} INFO - Processing file /home/airflow/.local/lib/python3.11/site-packages/airflow/example_dags/example_trigger_target_dag.py for tasks to queue
[2024-10-29T05:52:13.697+0000] {logging_mixin.py:190} INFO - [2024-10-29T05:52:13.697+0000] {dagbag.py:588} INFO - Filling up the DagBag from /home/airflow/.local/lib/python3.11/site-packages/airflow/example_dags/example_trigger_target_dag.py
[2024-10-29T05:52:13.704+0000] {processor.py:925} INFO - DAG(s) 'example_trigger_target_dag' retrieved from /home/airflow/.local/lib/python3.11/site-packages/airflow/example_dags/example_trigger_target_dag.py
[2024-10-29T05:52:13.716+0000] {logging_mixin.py:190} INFO - [2024-10-29T05:52:13.715+0000] {dag.py:3239} INFO - Sync 1 DAGs
[2024-10-29T05:52:13.724+0000] {logging_mixin.py:190} INFO - [2024-10-29T05:52:13.724+0000] {dag.py:4180} INFO - Setting next_dagrun for example_trigger_target_dag to None, run_after=None
[2024-10-29T05:52:13.736+0000] {processor.py:208} INFO - Processing /home/airflow/.local/lib/python3.11/site-packages/airflow/example_dags/example_trigger_target_dag.py took 0.054 seconds
[2024-10-29T06:31:00.406+0000] {processor.py:186} INFO - Started process (PID=48135) to work on /home/airflow/.local/lib/python3.11/site-packages/airflow/example_dags/example_trigger_target_dag.py
[2024-10-29T06:31:00.407+0000] {processor.py:914} INFO - Processing file /home/airflow/.local/lib/python3.11/site-packages/airflow/example_dags/example_trigger_target_dag.py for tasks to queue
[2024-10-29T06:31:00.408+0000] {logging_mixin.py:190} INFO - [2024-10-29T06:31:00.408+0000] {dagbag.py:588} INFO - Filling up the DagBag from /home/airflow/.local/lib/python3.11/site-packages/airflow/example_dags/example_trigger_target_dag.py
[2024-10-29T06:31:00.413+0000] {processor.py:925} INFO - DAG(s) 'example_trigger_target_dag' retrieved from /home/airflow/.local/lib/python3.11/site-packages/airflow/example_dags/example_trigger_target_dag.py
[2024-10-29T06:31:00.422+0000] {logging_mixin.py:190} INFO - [2024-10-29T06:31:00.422+0000] {dag.py:3239} INFO - Sync 1 DAGs
[2024-10-29T06:31:00.429+0000] {logging_mixin.py:190} INFO - [2024-10-29T06:31:00.429+0000] {dag.py:4180} INFO - Setting next_dagrun for example_trigger_target_dag to None, run_after=None
[2024-10-29T06:31:00.438+0000] {processor.py:208} INFO - Processing /home/airflow/.local/lib/python3.11/site-packages/airflow/example_dags/example_trigger_target_dag.py took 0.035 seconds
[2024-10-29T07:19:59.220+0000] {processor.py:186} INFO - Started process (PID=48197) to work on /home/airflow/.local/lib/python3.11/site-packages/airflow/example_dags/example_trigger_target_dag.py
[2024-10-29T07:19:59.222+0000] {processor.py:914} INFO - Processing file /home/airflow/.local/lib/python3.11/site-packages/airflow/example_dags/example_trigger_target_dag.py for tasks to queue
[2024-10-29T07:19:59.228+0000] {logging_mixin.py:190} INFO - [2024-10-29T07:19:59.227+0000] {dagbag.py:588} INFO - Filling up the DagBag from /home/airflow/.local/lib/python3.11/site-packages/airflow/example_dags/example_trigger_target_dag.py
[2024-10-29T07:19:59.235+0000] {processor.py:925} INFO - DAG(s) 'example_trigger_target_dag' retrieved from /home/airflow/.local/lib/python3.11/site-packages/airflow/example_dags/example_trigger_target_dag.py
[2024-10-29T07:19:59.248+0000] {logging_mixin.py:190} INFO - [2024-10-29T07:19:59.248+0000] {dag.py:3239} INFO - Sync 1 DAGs
[2024-10-29T07:19:59.257+0000] {logging_mixin.py:190} INFO - [2024-10-29T07:19:59.257+0000] {dag.py:4180} INFO - Setting next_dagrun for example_trigger_target_dag to None, run_after=None
[2024-10-29T07:19:59.266+0000] {processor.py:208} INFO - Processing /home/airflow/.local/lib/python3.11/site-packages/airflow/example_dags/example_trigger_target_dag.py took 0.050 seconds
[2024-10-29T07:59:19.892+0000] {processor.py:186} INFO - Started process (PID=48260) to work on /home/airflow/.local/lib/python3.11/site-packages/airflow/example_dags/example_trigger_target_dag.py
[2024-10-29T07:59:19.894+0000] {processor.py:914} INFO - Processing file /home/airflow/.local/lib/python3.11/site-packages/airflow/example_dags/example_trigger_target_dag.py for tasks to queue
[2024-10-29T07:59:19.897+0000] {logging_mixin.py:190} INFO - [2024-10-29T07:59:19.896+0000] {dagbag.py:588} INFO - Filling up the DagBag from /home/airflow/.local/lib/python3.11/site-packages/airflow/example_dags/example_trigger_target_dag.py
[2024-10-29T07:59:19.902+0000] {processor.py:925} INFO - DAG(s) 'example_trigger_target_dag' retrieved from /home/airflow/.local/lib/python3.11/site-packages/airflow/example_dags/example_trigger_target_dag.py
[2024-10-29T07:59:19.920+0000] {logging_mixin.py:190} INFO - [2024-10-29T07:59:19.920+0000] {dag.py:3239} INFO - Sync 1 DAGs
[2024-10-29T07:59:19.931+0000] {logging_mixin.py:190} INFO - [2024-10-29T07:59:19.930+0000] {dag.py:4180} INFO - Setting next_dagrun for example_trigger_target_dag to None, run_after=None
[2024-10-29T07:59:19.942+0000] {processor.py:208} INFO - Processing /home/airflow/.local/lib/python3.11/site-packages/airflow/example_dags/example_trigger_target_dag.py took 0.054 seconds
[2024-10-29T07:59:50.077+0000] {processor.py:186} INFO - Started process (PID=48324) to work on /home/airflow/.local/lib/python3.11/site-packages/airflow/example_dags/example_trigger_target_dag.py
[2024-10-29T07:59:50.078+0000] {processor.py:914} INFO - Processing file /home/airflow/.local/lib/python3.11/site-packages/airflow/example_dags/example_trigger_target_dag.py for tasks to queue
[2024-10-29T07:59:50.080+0000] {logging_mixin.py:190} INFO - [2024-10-29T07:59:50.080+0000] {dagbag.py:588} INFO - Filling up the DagBag from /home/airflow/.local/lib/python3.11/site-packages/airflow/example_dags/example_trigger_target_dag.py
[2024-10-29T07:59:50.085+0000] {processor.py:925} INFO - DAG(s) 'example_trigger_target_dag' retrieved from /home/airflow/.local/lib/python3.11/site-packages/airflow/example_dags/example_trigger_target_dag.py
[2024-10-29T07:59:50.097+0000] {logging_mixin.py:190} INFO - [2024-10-29T07:59:50.097+0000] {dag.py:3239} INFO - Sync 1 DAGs
[2024-10-29T07:59:50.106+0000] {logging_mixin.py:190} INFO - [2024-10-29T07:59:50.106+0000] {dag.py:4180} INFO - Setting next_dagrun for example_trigger_target_dag to None, run_after=None
[2024-10-29T07:59:50.115+0000] {processor.py:208} INFO - Processing /home/airflow/.local/lib/python3.11/site-packages/airflow/example_dags/example_trigger_target_dag.py took 0.041 seconds
[2024-10-29T08:00:20.409+0000] {processor.py:186} INFO - Started process (PID=48387) to work on /home/airflow/.local/lib/python3.11/site-packages/airflow/example_dags/example_trigger_target_dag.py
[2024-10-29T08:00:20.410+0000] {processor.py:914} INFO - Processing file /home/airflow/.local/lib/python3.11/site-packages/airflow/example_dags/example_trigger_target_dag.py for tasks to queue
[2024-10-29T08:00:20.412+0000] {logging_mixin.py:190} INFO - [2024-10-29T08:00:20.412+0000] {dagbag.py:588} INFO - Filling up the DagBag from /home/airflow/.local/lib/python3.11/site-packages/airflow/example_dags/example_trigger_target_dag.py
[2024-10-29T08:00:20.416+0000] {processor.py:925} INFO - DAG(s) 'example_trigger_target_dag' retrieved from /home/airflow/.local/lib/python3.11/site-packages/airflow/example_dags/example_trigger_target_dag.py
[2024-10-29T08:00:20.425+0000] {logging_mixin.py:190} INFO - [2024-10-29T08:00:20.425+0000] {dag.py:3239} INFO - Sync 1 DAGs
[2024-10-29T08:00:20.432+0000] {logging_mixin.py:190} INFO - [2024-10-29T08:00:20.431+0000] {dag.py:4180} INFO - Setting next_dagrun for example_trigger_target_dag to None, run_after=None
[2024-10-29T08:00:20.440+0000] {processor.py:208} INFO - Processing /home/airflow/.local/lib/python3.11/site-packages/airflow/example_dags/example_trigger_target_dag.py took 0.034 seconds
[2024-10-29T08:00:50.743+0000] {processor.py:186} INFO - Started process (PID=48450) to work on /home/airflow/.local/lib/python3.11/site-packages/airflow/example_dags/example_trigger_target_dag.py
[2024-10-29T08:00:50.744+0000] {processor.py:914} INFO - Processing file /home/airflow/.local/lib/python3.11/site-packages/airflow/example_dags/example_trigger_target_dag.py for tasks to queue
[2024-10-29T08:00:50.745+0000] {logging_mixin.py:190} INFO - [2024-10-29T08:00:50.745+0000] {dagbag.py:588} INFO - Filling up the DagBag from /home/airflow/.local/lib/python3.11/site-packages/airflow/example_dags/example_trigger_target_dag.py
[2024-10-29T08:00:50.749+0000] {processor.py:925} INFO - DAG(s) 'example_trigger_target_dag' retrieved from /home/airflow/.local/lib/python3.11/site-packages/airflow/example_dags/example_trigger_target_dag.py
[2024-10-29T08:00:50.759+0000] {logging_mixin.py:190} INFO - [2024-10-29T08:00:50.759+0000] {dag.py:3239} INFO - Sync 1 DAGs
[2024-10-29T08:00:50.765+0000] {logging_mixin.py:190} INFO - [2024-10-29T08:00:50.765+0000] {dag.py:4180} INFO - Setting next_dagrun for example_trigger_target_dag to None, run_after=None
[2024-10-29T08:00:50.773+0000] {processor.py:208} INFO - Processing /home/airflow/.local/lib/python3.11/site-packages/airflow/example_dags/example_trigger_target_dag.py took 0.033 seconds
[2024-10-29T08:01:21.572+0000] {processor.py:186} INFO - Started process (PID=48513) to work on /home/airflow/.local/lib/python3.11/site-packages/airflow/example_dags/example_trigger_target_dag.py
[2024-10-29T08:01:21.573+0000] {processor.py:914} INFO - Processing file /home/airflow/.local/lib/python3.11/site-packages/airflow/example_dags/example_trigger_target_dag.py for tasks to queue
[2024-10-29T08:01:21.574+0000] {logging_mixin.py:190} INFO - [2024-10-29T08:01:21.574+0000] {dagbag.py:588} INFO - Filling up the DagBag from /home/airflow/.local/lib/python3.11/site-packages/airflow/example_dags/example_trigger_target_dag.py
[2024-10-29T08:01:21.579+0000] {processor.py:925} INFO - DAG(s) 'example_trigger_target_dag' retrieved from /home/airflow/.local/lib/python3.11/site-packages/airflow/example_dags/example_trigger_target_dag.py
[2024-10-29T08:01:21.589+0000] {logging_mixin.py:190} INFO - [2024-10-29T08:01:21.589+0000] {dag.py:3239} INFO - Sync 1 DAGs
[2024-10-29T08:01:21.597+0000] {logging_mixin.py:190} INFO - [2024-10-29T08:01:21.596+0000] {dag.py:4180} INFO - Setting next_dagrun for example_trigger_target_dag to None, run_after=None
[2024-10-29T08:01:21.605+0000] {processor.py:208} INFO - Processing /home/airflow/.local/lib/python3.11/site-packages/airflow/example_dags/example_trigger_target_dag.py took 0.036 seconds
[2024-10-29T08:01:52.242+0000] {processor.py:186} INFO - Started process (PID=48576) to work on /home/airflow/.local/lib/python3.11/site-packages/airflow/example_dags/example_trigger_target_dag.py
[2024-10-29T08:01:52.243+0000] {processor.py:914} INFO - Processing file /home/airflow/.local/lib/python3.11/site-packages/airflow/example_dags/example_trigger_target_dag.py for tasks to queue
[2024-10-29T08:01:52.246+0000] {logging_mixin.py:190} INFO - [2024-10-29T08:01:52.246+0000] {dagbag.py:588} INFO - Filling up the DagBag from /home/airflow/.local/lib/python3.11/site-packages/airflow/example_dags/example_trigger_target_dag.py
[2024-10-29T08:01:52.253+0000] {processor.py:925} INFO - DAG(s) 'example_trigger_target_dag' retrieved from /home/airflow/.local/lib/python3.11/site-packages/airflow/example_dags/example_trigger_target_dag.py
[2024-10-29T08:01:52.276+0000] {logging_mixin.py:190} INFO - [2024-10-29T08:01:52.275+0000] {dag.py:3239} INFO - Sync 1 DAGs
[2024-10-29T08:01:52.288+0000] {logging_mixin.py:190} INFO - [2024-10-29T08:01:52.288+0000] {dag.py:4180} INFO - Setting next_dagrun for example_trigger_target_dag to None, run_after=None
[2024-10-29T08:01:52.305+0000] {processor.py:208} INFO - Processing /home/airflow/.local/lib/python3.11/site-packages/airflow/example_dags/example_trigger_target_dag.py took 0.070 seconds
[2024-10-29T08:02:23.067+0000] {processor.py:186} INFO - Started process (PID=48639) to work on /home/airflow/.local/lib/python3.11/site-packages/airflow/example_dags/example_trigger_target_dag.py
[2024-10-29T08:02:23.068+0000] {processor.py:914} INFO - Processing file /home/airflow/.local/lib/python3.11/site-packages/airflow/example_dags/example_trigger_target_dag.py for tasks to queue
[2024-10-29T08:02:23.070+0000] {logging_mixin.py:190} INFO - [2024-10-29T08:02:23.070+0000] {dagbag.py:588} INFO - Filling up the DagBag from /home/airflow/.local/lib/python3.11/site-packages/airflow/example_dags/example_trigger_target_dag.py
[2024-10-29T08:02:23.075+0000] {processor.py:925} INFO - DAG(s) 'example_trigger_target_dag' retrieved from /home/airflow/.local/lib/python3.11/site-packages/airflow/example_dags/example_trigger_target_dag.py
[2024-10-29T08:02:23.086+0000] {logging_mixin.py:190} INFO - [2024-10-29T08:02:23.086+0000] {dag.py:3239} INFO - Sync 1 DAGs
[2024-10-29T08:02:23.093+0000] {logging_mixin.py:190} INFO - [2024-10-29T08:02:23.093+0000] {dag.py:4180} INFO - Setting next_dagrun for example_trigger_target_dag to None, run_after=None
[2024-10-29T08:02:23.101+0000] {processor.py:208} INFO - Processing /home/airflow/.local/lib/python3.11/site-packages/airflow/example_dags/example_trigger_target_dag.py took 0.039 seconds
[2024-10-29T08:02:53.718+0000] {processor.py:186} INFO - Started process (PID=48702) to work on /home/airflow/.local/lib/python3.11/site-packages/airflow/example_dags/example_trigger_target_dag.py
[2024-10-29T08:02:53.719+0000] {processor.py:914} INFO - Processing file /home/airflow/.local/lib/python3.11/site-packages/airflow/example_dags/example_trigger_target_dag.py for tasks to queue
[2024-10-29T08:02:53.720+0000] {logging_mixin.py:190} INFO - [2024-10-29T08:02:53.720+0000] {dagbag.py:588} INFO - Filling up the DagBag from /home/airflow/.local/lib/python3.11/site-packages/airflow/example_dags/example_trigger_target_dag.py
[2024-10-29T08:02:53.724+0000] {processor.py:925} INFO - DAG(s) 'example_trigger_target_dag' retrieved from /home/airflow/.local/lib/python3.11/site-packages/airflow/example_dags/example_trigger_target_dag.py
[2024-10-29T08:02:53.733+0000] {logging_mixin.py:190} INFO - [2024-10-29T08:02:53.733+0000] {dag.py:3239} INFO - Sync 1 DAGs
[2024-10-29T08:02:53.740+0000] {logging_mixin.py:190} INFO - [2024-10-29T08:02:53.740+0000] {dag.py:4180} INFO - Setting next_dagrun for example_trigger_target_dag to None, run_after=None
[2024-10-29T08:02:53.748+0000] {processor.py:208} INFO - Processing /home/airflow/.local/lib/python3.11/site-packages/airflow/example_dags/example_trigger_target_dag.py took 0.033 seconds
[2024-10-29T08:03:24.203+0000] {processor.py:186} INFO - Started process (PID=48765) to work on /home/airflow/.local/lib/python3.11/site-packages/airflow/example_dags/example_trigger_target_dag.py
[2024-10-29T08:03:24.204+0000] {processor.py:914} INFO - Processing file /home/airflow/.local/lib/python3.11/site-packages/airflow/example_dags/example_trigger_target_dag.py for tasks to queue
[2024-10-29T08:03:24.206+0000] {logging_mixin.py:190} INFO - [2024-10-29T08:03:24.205+0000] {dagbag.py:588} INFO - Filling up the DagBag from /home/airflow/.local/lib/python3.11/site-packages/airflow/example_dags/example_trigger_target_dag.py
[2024-10-29T08:03:24.210+0000] {processor.py:925} INFO - DAG(s) 'example_trigger_target_dag' retrieved from /home/airflow/.local/lib/python3.11/site-packages/airflow/example_dags/example_trigger_target_dag.py
[2024-10-29T08:03:24.222+0000] {logging_mixin.py:190} INFO - [2024-10-29T08:03:24.222+0000] {dag.py:3239} INFO - Sync 1 DAGs
[2024-10-29T08:03:24.229+0000] {logging_mixin.py:190} INFO - [2024-10-29T08:03:24.229+0000] {dag.py:4180} INFO - Setting next_dagrun for example_trigger_target_dag to None, run_after=None
[2024-10-29T08:03:24.238+0000] {processor.py:208} INFO - Processing /home/airflow/.local/lib/python3.11/site-packages/airflow/example_dags/example_trigger_target_dag.py took 0.038 seconds
[2024-10-29T08:03:54.538+0000] {processor.py:186} INFO - Started process (PID=48828) to work on /home/airflow/.local/lib/python3.11/site-packages/airflow/example_dags/example_trigger_target_dag.py
[2024-10-29T08:03:54.539+0000] {processor.py:914} INFO - Processing file /home/airflow/.local/lib/python3.11/site-packages/airflow/example_dags/example_trigger_target_dag.py for tasks to queue
[2024-10-29T08:03:54.541+0000] {logging_mixin.py:190} INFO - [2024-10-29T08:03:54.541+0000] {dagbag.py:588} INFO - Filling up the DagBag from /home/airflow/.local/lib/python3.11/site-packages/airflow/example_dags/example_trigger_target_dag.py
[2024-10-29T08:03:54.550+0000] {processor.py:925} INFO - DAG(s) 'example_trigger_target_dag' retrieved from /home/airflow/.local/lib/python3.11/site-packages/airflow/example_dags/example_trigger_target_dag.py
[2024-10-29T08:03:54.562+0000] {logging_mixin.py:190} INFO - [2024-10-29T08:03:54.562+0000] {dag.py:3239} INFO - Sync 1 DAGs
[2024-10-29T08:03:54.569+0000] {logging_mixin.py:190} INFO - [2024-10-29T08:03:54.569+0000] {dag.py:4180} INFO - Setting next_dagrun for example_trigger_target_dag to None, run_after=None
[2024-10-29T08:03:54.577+0000] {processor.py:208} INFO - Processing /home/airflow/.local/lib/python3.11/site-packages/airflow/example_dags/example_trigger_target_dag.py took 0.043 seconds
[2024-10-29T08:04:25.103+0000] {processor.py:186} INFO - Started process (PID=48891) to work on /home/airflow/.local/lib/python3.11/site-packages/airflow/example_dags/example_trigger_target_dag.py
[2024-10-29T08:04:25.104+0000] {processor.py:914} INFO - Processing file /home/airflow/.local/lib/python3.11/site-packages/airflow/example_dags/example_trigger_target_dag.py for tasks to queue
[2024-10-29T08:04:25.106+0000] {logging_mixin.py:190} INFO - [2024-10-29T08:04:25.106+0000] {dagbag.py:588} INFO - Filling up the DagBag from /home/airflow/.local/lib/python3.11/site-packages/airflow/example_dags/example_trigger_target_dag.py
[2024-10-29T08:04:25.110+0000] {processor.py:925} INFO - DAG(s) 'example_trigger_target_dag' retrieved from /home/airflow/.local/lib/python3.11/site-packages/airflow/example_dags/example_trigger_target_dag.py
[2024-10-29T08:04:25.120+0000] {logging_mixin.py:190} INFO - [2024-10-29T08:04:25.120+0000] {dag.py:3239} INFO - Sync 1 DAGs
[2024-10-29T08:04:25.126+0000] {logging_mixin.py:190} INFO - [2024-10-29T08:04:25.126+0000] {dag.py:4180} INFO - Setting next_dagrun for example_trigger_target_dag to None, run_after=None
[2024-10-29T08:04:25.135+0000] {processor.py:208} INFO - Processing /home/airflow/.local/lib/python3.11/site-packages/airflow/example_dags/example_trigger_target_dag.py took 0.035 seconds
[2024-10-29T08:04:55.454+0000] {processor.py:186} INFO - Started process (PID=48953) to work on /home/airflow/.local/lib/python3.11/site-packages/airflow/example_dags/example_trigger_target_dag.py
[2024-10-29T08:04:55.455+0000] {processor.py:914} INFO - Processing file /home/airflow/.local/lib/python3.11/site-packages/airflow/example_dags/example_trigger_target_dag.py for tasks to queue
[2024-10-29T08:04:55.456+0000] {logging_mixin.py:190} INFO - [2024-10-29T08:04:55.456+0000] {dagbag.py:588} INFO - Filling up the DagBag from /home/airflow/.local/lib/python3.11/site-packages/airflow/example_dags/example_trigger_target_dag.py
[2024-10-29T08:04:55.461+0000] {processor.py:925} INFO - DAG(s) 'example_trigger_target_dag' retrieved from /home/airflow/.local/lib/python3.11/site-packages/airflow/example_dags/example_trigger_target_dag.py
[2024-10-29T08:04:55.471+0000] {logging_mixin.py:190} INFO - [2024-10-29T08:04:55.471+0000] {dag.py:3239} INFO - Sync 1 DAGs
[2024-10-29T08:04:55.478+0000] {logging_mixin.py:190} INFO - [2024-10-29T08:04:55.478+0000] {dag.py:4180} INFO - Setting next_dagrun for example_trigger_target_dag to None, run_after=None
[2024-10-29T08:04:55.486+0000] {processor.py:208} INFO - Processing /home/airflow/.local/lib/python3.11/site-packages/airflow/example_dags/example_trigger_target_dag.py took 0.036 seconds
[2024-10-29T08:05:26.147+0000] {processor.py:186} INFO - Started process (PID=49016) to work on /home/airflow/.local/lib/python3.11/site-packages/airflow/example_dags/example_trigger_target_dag.py
[2024-10-29T08:05:26.148+0000] {processor.py:914} INFO - Processing file /home/airflow/.local/lib/python3.11/site-packages/airflow/example_dags/example_trigger_target_dag.py for tasks to queue
[2024-10-29T08:05:26.153+0000] {logging_mixin.py:190} INFO - [2024-10-29T08:05:26.153+0000] {dagbag.py:588} INFO - Filling up the DagBag from /home/airflow/.local/lib/python3.11/site-packages/airflow/example_dags/example_trigger_target_dag.py
[2024-10-29T08:05:26.158+0000] {processor.py:925} INFO - DAG(s) 'example_trigger_target_dag' retrieved from /home/airflow/.local/lib/python3.11/site-packages/airflow/example_dags/example_trigger_target_dag.py
[2024-10-29T08:05:26.170+0000] {logging_mixin.py:190} INFO - [2024-10-29T08:05:26.170+0000] {dag.py:3239} INFO - Sync 1 DAGs
[2024-10-29T08:05:26.178+0000] {logging_mixin.py:190} INFO - [2024-10-29T08:05:26.177+0000] {dag.py:4180} INFO - Setting next_dagrun for example_trigger_target_dag to None, run_after=None
[2024-10-29T08:05:26.195+0000] {processor.py:208} INFO - Processing /home/airflow/.local/lib/python3.11/site-packages/airflow/example_dags/example_trigger_target_dag.py took 0.053 seconds
[2024-10-29T08:05:56.647+0000] {processor.py:186} INFO - Started process (PID=49079) to work on /home/airflow/.local/lib/python3.11/site-packages/airflow/example_dags/example_trigger_target_dag.py
[2024-10-29T08:05:56.651+0000] {processor.py:914} INFO - Processing file /home/airflow/.local/lib/python3.11/site-packages/airflow/example_dags/example_trigger_target_dag.py for tasks to queue
[2024-10-29T08:05:56.656+0000] {logging_mixin.py:190} INFO - [2024-10-29T08:05:56.655+0000] {dagbag.py:588} INFO - Filling up the DagBag from /home/airflow/.local/lib/python3.11/site-packages/airflow/example_dags/example_trigger_target_dag.py
[2024-10-29T08:05:56.660+0000] {processor.py:925} INFO - DAG(s) 'example_trigger_target_dag' retrieved from /home/airflow/.local/lib/python3.11/site-packages/airflow/example_dags/example_trigger_target_dag.py
[2024-10-29T08:05:56.670+0000] {logging_mixin.py:190} INFO - [2024-10-29T08:05:56.670+0000] {dag.py:3239} INFO - Sync 1 DAGs
[2024-10-29T08:05:56.677+0000] {logging_mixin.py:190} INFO - [2024-10-29T08:05:56.677+0000] {dag.py:4180} INFO - Setting next_dagrun for example_trigger_target_dag to None, run_after=None
[2024-10-29T08:05:56.685+0000] {processor.py:208} INFO - Processing /home/airflow/.local/lib/python3.11/site-packages/airflow/example_dags/example_trigger_target_dag.py took 0.042 seconds
[2024-10-29T08:06:27.028+0000] {processor.py:186} INFO - Started process (PID=49142) to work on /home/airflow/.local/lib/python3.11/site-packages/airflow/example_dags/example_trigger_target_dag.py
[2024-10-29T08:06:27.029+0000] {processor.py:914} INFO - Processing file /home/airflow/.local/lib/python3.11/site-packages/airflow/example_dags/example_trigger_target_dag.py for tasks to queue
[2024-10-29T08:06:27.031+0000] {logging_mixin.py:190} INFO - [2024-10-29T08:06:27.031+0000] {dagbag.py:588} INFO - Filling up the DagBag from /home/airflow/.local/lib/python3.11/site-packages/airflow/example_dags/example_trigger_target_dag.py
[2024-10-29T08:06:27.036+0000] {processor.py:925} INFO - DAG(s) 'example_trigger_target_dag' retrieved from /home/airflow/.local/lib/python3.11/site-packages/airflow/example_dags/example_trigger_target_dag.py
[2024-10-29T08:06:27.046+0000] {logging_mixin.py:190} INFO - [2024-10-29T08:06:27.046+0000] {dag.py:3239} INFO - Sync 1 DAGs
[2024-10-29T08:06:27.053+0000] {logging_mixin.py:190} INFO - [2024-10-29T08:06:27.053+0000] {dag.py:4180} INFO - Setting next_dagrun for example_trigger_target_dag to None, run_after=None
[2024-10-29T08:06:27.060+0000] {processor.py:208} INFO - Processing /home/airflow/.local/lib/python3.11/site-packages/airflow/example_dags/example_trigger_target_dag.py took 0.035 seconds
[2024-10-29T08:06:58.352+0000] {processor.py:186} INFO - Started process (PID=49205) to work on /home/airflow/.local/lib/python3.11/site-packages/airflow/example_dags/example_trigger_target_dag.py
[2024-10-29T08:06:58.353+0000] {processor.py:914} INFO - Processing file /home/airflow/.local/lib/python3.11/site-packages/airflow/example_dags/example_trigger_target_dag.py for tasks to queue
[2024-10-29T08:06:58.354+0000] {logging_mixin.py:190} INFO - [2024-10-29T08:06:58.354+0000] {dagbag.py:588} INFO - Filling up the DagBag from /home/airflow/.local/lib/python3.11/site-packages/airflow/example_dags/example_trigger_target_dag.py
[2024-10-29T08:06:58.359+0000] {processor.py:925} INFO - DAG(s) 'example_trigger_target_dag' retrieved from /home/airflow/.local/lib/python3.11/site-packages/airflow/example_dags/example_trigger_target_dag.py
[2024-10-29T08:06:58.370+0000] {logging_mixin.py:190} INFO - [2024-10-29T08:06:58.370+0000] {dag.py:3239} INFO - Sync 1 DAGs
[2024-10-29T08:06:58.377+0000] {logging_mixin.py:190} INFO - [2024-10-29T08:06:58.377+0000] {dag.py:4180} INFO - Setting next_dagrun for example_trigger_target_dag to None, run_after=None
[2024-10-29T08:06:58.388+0000] {processor.py:208} INFO - Processing /home/airflow/.local/lib/python3.11/site-packages/airflow/example_dags/example_trigger_target_dag.py took 0.040 seconds
[2024-10-29T08:07:29.190+0000] {processor.py:186} INFO - Started process (PID=49268) to work on /home/airflow/.local/lib/python3.11/site-packages/airflow/example_dags/example_trigger_target_dag.py
[2024-10-29T08:07:29.191+0000] {processor.py:914} INFO - Processing file /home/airflow/.local/lib/python3.11/site-packages/airflow/example_dags/example_trigger_target_dag.py for tasks to queue
[2024-10-29T08:07:29.193+0000] {logging_mixin.py:190} INFO - [2024-10-29T08:07:29.193+0000] {dagbag.py:588} INFO - Filling up the DagBag from /home/airflow/.local/lib/python3.11/site-packages/airflow/example_dags/example_trigger_target_dag.py
[2024-10-29T08:07:29.199+0000] {processor.py:925} INFO - DAG(s) 'example_trigger_target_dag' retrieved from /home/airflow/.local/lib/python3.11/site-packages/airflow/example_dags/example_trigger_target_dag.py
[2024-10-29T08:07:29.220+0000] {logging_mixin.py:190} INFO - [2024-10-29T08:07:29.220+0000] {dag.py:3239} INFO - Sync 1 DAGs
[2024-10-29T08:07:29.232+0000] {logging_mixin.py:190} INFO - [2024-10-29T08:07:29.232+0000] {dag.py:4180} INFO - Setting next_dagrun for example_trigger_target_dag to None, run_after=None
[2024-10-29T08:07:29.243+0000] {processor.py:208} INFO - Processing /home/airflow/.local/lib/python3.11/site-packages/airflow/example_dags/example_trigger_target_dag.py took 0.060 seconds
[2024-10-29T08:08:00.139+0000] {processor.py:186} INFO - Started process (PID=49331) to work on /home/airflow/.local/lib/python3.11/site-packages/airflow/example_dags/example_trigger_target_dag.py
[2024-10-29T08:08:00.140+0000] {processor.py:914} INFO - Processing file /home/airflow/.local/lib/python3.11/site-packages/airflow/example_dags/example_trigger_target_dag.py for tasks to queue
[2024-10-29T08:08:00.142+0000] {logging_mixin.py:190} INFO - [2024-10-29T08:08:00.142+0000] {dagbag.py:588} INFO - Filling up the DagBag from /home/airflow/.local/lib/python3.11/site-packages/airflow/example_dags/example_trigger_target_dag.py
[2024-10-29T08:08:00.147+0000] {processor.py:925} INFO - DAG(s) 'example_trigger_target_dag' retrieved from /home/airflow/.local/lib/python3.11/site-packages/airflow/example_dags/example_trigger_target_dag.py
[2024-10-29T08:08:00.158+0000] {logging_mixin.py:190} INFO - [2024-10-29T08:08:00.157+0000] {dag.py:3239} INFO - Sync 1 DAGs
[2024-10-29T08:08:00.165+0000] {logging_mixin.py:190} INFO - [2024-10-29T08:08:00.165+0000] {dag.py:4180} INFO - Setting next_dagrun for example_trigger_target_dag to None, run_after=None
[2024-10-29T08:08:00.173+0000] {processor.py:208} INFO - Processing /home/airflow/.local/lib/python3.11/site-packages/airflow/example_dags/example_trigger_target_dag.py took 0.037 seconds
[2024-10-29T08:08:31.335+0000] {processor.py:186} INFO - Started process (PID=49394) to work on /home/airflow/.local/lib/python3.11/site-packages/airflow/example_dags/example_trigger_target_dag.py
[2024-10-29T08:08:31.336+0000] {processor.py:914} INFO - Processing file /home/airflow/.local/lib/python3.11/site-packages/airflow/example_dags/example_trigger_target_dag.py for tasks to queue
[2024-10-29T08:08:31.338+0000] {logging_mixin.py:190} INFO - [2024-10-29T08:08:31.338+0000] {dagbag.py:588} INFO - Filling up the DagBag from /home/airflow/.local/lib/python3.11/site-packages/airflow/example_dags/example_trigger_target_dag.py
[2024-10-29T08:08:31.343+0000] {processor.py:925} INFO - DAG(s) 'example_trigger_target_dag' retrieved from /home/airflow/.local/lib/python3.11/site-packages/airflow/example_dags/example_trigger_target_dag.py
[2024-10-29T08:08:31.354+0000] {logging_mixin.py:190} INFO - [2024-10-29T08:08:31.354+0000] {dag.py:3239} INFO - Sync 1 DAGs
[2024-10-29T08:08:31.362+0000] {logging_mixin.py:190} INFO - [2024-10-29T08:08:31.361+0000] {dag.py:4180} INFO - Setting next_dagrun for example_trigger_target_dag to None, run_after=None
[2024-10-29T08:08:31.371+0000] {processor.py:208} INFO - Processing /home/airflow/.local/lib/python3.11/site-packages/airflow/example_dags/example_trigger_target_dag.py took 0.039 seconds
[2024-10-29T08:09:02.509+0000] {processor.py:186} INFO - Started process (PID=49456) to work on /home/airflow/.local/lib/python3.11/site-packages/airflow/example_dags/example_trigger_target_dag.py
[2024-10-29T08:09:02.510+0000] {processor.py:914} INFO - Processing file /home/airflow/.local/lib/python3.11/site-packages/airflow/example_dags/example_trigger_target_dag.py for tasks to queue
[2024-10-29T08:09:02.511+0000] {logging_mixin.py:190} INFO - [2024-10-29T08:09:02.511+0000] {dagbag.py:588} INFO - Filling up the DagBag from /home/airflow/.local/lib/python3.11/site-packages/airflow/example_dags/example_trigger_target_dag.py
[2024-10-29T08:09:02.515+0000] {processor.py:925} INFO - DAG(s) 'example_trigger_target_dag' retrieved from /home/airflow/.local/lib/python3.11/site-packages/airflow/example_dags/example_trigger_target_dag.py
[2024-10-29T08:09:02.526+0000] {logging_mixin.py:190} INFO - [2024-10-29T08:09:02.525+0000] {dag.py:3239} INFO - Sync 1 DAGs
[2024-10-29T08:09:02.532+0000] {logging_mixin.py:190} INFO - [2024-10-29T08:09:02.532+0000] {dag.py:4180} INFO - Setting next_dagrun for example_trigger_target_dag to None, run_after=None
[2024-10-29T08:09:02.541+0000] {processor.py:208} INFO - Processing /home/airflow/.local/lib/python3.11/site-packages/airflow/example_dags/example_trigger_target_dag.py took 0.036 seconds
[2024-10-29T08:09:32.710+0000] {processor.py:186} INFO - Started process (PID=49519) to work on /home/airflow/.local/lib/python3.11/site-packages/airflow/example_dags/example_trigger_target_dag.py
[2024-10-29T08:09:32.711+0000] {processor.py:914} INFO - Processing file /home/airflow/.local/lib/python3.11/site-packages/airflow/example_dags/example_trigger_target_dag.py for tasks to queue
[2024-10-29T08:09:32.713+0000] {logging_mixin.py:190} INFO - [2024-10-29T08:09:32.713+0000] {dagbag.py:588} INFO - Filling up the DagBag from /home/airflow/.local/lib/python3.11/site-packages/airflow/example_dags/example_trigger_target_dag.py
[2024-10-29T08:09:32.722+0000] {processor.py:925} INFO - DAG(s) 'example_trigger_target_dag' retrieved from /home/airflow/.local/lib/python3.11/site-packages/airflow/example_dags/example_trigger_target_dag.py
[2024-10-29T08:09:32.758+0000] {logging_mixin.py:190} INFO - [2024-10-29T08:09:32.758+0000] {dag.py:3239} INFO - Sync 1 DAGs
[2024-10-29T08:09:32.772+0000] {logging_mixin.py:190} INFO - [2024-10-29T08:09:32.772+0000] {dag.py:4180} INFO - Setting next_dagrun for example_trigger_target_dag to None, run_after=None
[2024-10-29T08:09:32.803+0000] {processor.py:208} INFO - Processing /home/airflow/.local/lib/python3.11/site-packages/airflow/example_dags/example_trigger_target_dag.py took 0.100 seconds
[2024-10-29T08:10:03.452+0000] {processor.py:186} INFO - Started process (PID=49581) to work on /home/airflow/.local/lib/python3.11/site-packages/airflow/example_dags/example_trigger_target_dag.py
[2024-10-29T08:10:03.453+0000] {processor.py:914} INFO - Processing file /home/airflow/.local/lib/python3.11/site-packages/airflow/example_dags/example_trigger_target_dag.py for tasks to queue
[2024-10-29T08:10:03.454+0000] {logging_mixin.py:190} INFO - [2024-10-29T08:10:03.454+0000] {dagbag.py:588} INFO - Filling up the DagBag from /home/airflow/.local/lib/python3.11/site-packages/airflow/example_dags/example_trigger_target_dag.py
[2024-10-29T08:10:03.460+0000] {processor.py:925} INFO - DAG(s) 'example_trigger_target_dag' retrieved from /home/airflow/.local/lib/python3.11/site-packages/airflow/example_dags/example_trigger_target_dag.py
[2024-10-29T08:10:03.471+0000] {logging_mixin.py:190} INFO - [2024-10-29T08:10:03.471+0000] {dag.py:3239} INFO - Sync 1 DAGs
[2024-10-29T08:10:03.477+0000] {logging_mixin.py:190} INFO - [2024-10-29T08:10:03.477+0000] {dag.py:4180} INFO - Setting next_dagrun for example_trigger_target_dag to None, run_after=None
[2024-10-29T08:10:03.486+0000] {processor.py:208} INFO - Processing /home/airflow/.local/lib/python3.11/site-packages/airflow/example_dags/example_trigger_target_dag.py took 0.038 seconds
[2024-10-29T08:10:35.703+0000] {processor.py:186} INFO - Started process (PID=49644) to work on /home/airflow/.local/lib/python3.11/site-packages/airflow/example_dags/example_trigger_target_dag.py
[2024-10-29T08:10:35.707+0000] {processor.py:914} INFO - Processing file /home/airflow/.local/lib/python3.11/site-packages/airflow/example_dags/example_trigger_target_dag.py for tasks to queue
[2024-10-29T08:10:35.720+0000] {logging_mixin.py:190} INFO - [2024-10-29T08:10:35.719+0000] {dagbag.py:588} INFO - Filling up the DagBag from /home/airflow/.local/lib/python3.11/site-packages/airflow/example_dags/example_trigger_target_dag.py
[2024-10-29T08:10:35.765+0000] {processor.py:925} INFO - DAG(s) 'example_trigger_target_dag' retrieved from /home/airflow/.local/lib/python3.11/site-packages/airflow/example_dags/example_trigger_target_dag.py
[2024-10-29T08:10:35.841+0000] {logging_mixin.py:190} INFO - [2024-10-29T08:10:35.841+0000] {dag.py:3239} INFO - Sync 1 DAGs
[2024-10-29T08:10:35.859+0000] {logging_mixin.py:190} INFO - [2024-10-29T08:10:35.859+0000] {dag.py:4180} INFO - Setting next_dagrun for example_trigger_target_dag to None, run_after=None
[2024-10-29T08:10:35.894+0000] {processor.py:208} INFO - Processing /home/airflow/.local/lib/python3.11/site-packages/airflow/example_dags/example_trigger_target_dag.py took 0.216 seconds
[2024-10-29T18:53:10.303+0000] {processor.py:186} INFO - Started process (PID=82) to work on /home/airflow/.local/lib/python3.11/site-packages/airflow/example_dags/example_trigger_target_dag.py
[2024-10-29T18:53:10.319+0000] {processor.py:914} INFO - Processing file /home/airflow/.local/lib/python3.11/site-packages/airflow/example_dags/example_trigger_target_dag.py for tasks to queue
[2024-10-29T18:53:10.344+0000] {logging_mixin.py:190} INFO - [2024-10-29T18:53:10.337+0000] {dagbag.py:588} INFO - Filling up the DagBag from /home/airflow/.local/lib/python3.11/site-packages/airflow/example_dags/example_trigger_target_dag.py
[2024-10-29T18:53:10.362+0000] {processor.py:925} INFO - DAG(s) 'example_trigger_target_dag' retrieved from /home/airflow/.local/lib/python3.11/site-packages/airflow/example_dags/example_trigger_target_dag.py
[2024-10-29T18:53:10.426+0000] {logging_mixin.py:190} INFO - [2024-10-29T18:53:10.425+0000] {dag.py:3239} INFO - Sync 1 DAGs
[2024-10-29T18:53:11.295+0000] {logging_mixin.py:190} INFO - [2024-10-29T18:53:11.294+0000] {dag.py:4180} INFO - Setting next_dagrun for example_trigger_target_dag to None, run_after=None
[2024-10-29T18:53:11.339+0000] {processor.py:208} INFO - Processing /home/airflow/.local/lib/python3.11/site-packages/airflow/example_dags/example_trigger_target_dag.py took 1.074 seconds
[2024-10-29T18:53:44.520+0000] {processor.py:186} INFO - Started process (PID=150) to work on /home/airflow/.local/lib/python3.11/site-packages/airflow/example_dags/example_trigger_target_dag.py
[2024-10-29T18:53:44.523+0000] {processor.py:914} INFO - Processing file /home/airflow/.local/lib/python3.11/site-packages/airflow/example_dags/example_trigger_target_dag.py for tasks to queue
[2024-10-29T18:53:44.534+0000] {logging_mixin.py:190} INFO - [2024-10-29T18:53:44.529+0000] {dagbag.py:588} INFO - Filling up the DagBag from /home/airflow/.local/lib/python3.11/site-packages/airflow/example_dags/example_trigger_target_dag.py
[2024-10-29T18:53:44.583+0000] {processor.py:925} INFO - DAG(s) 'example_trigger_target_dag' retrieved from /home/airflow/.local/lib/python3.11/site-packages/airflow/example_dags/example_trigger_target_dag.py
[2024-10-29T18:53:44.657+0000] {logging_mixin.py:190} INFO - [2024-10-29T18:53:44.656+0000] {dag.py:3239} INFO - Sync 1 DAGs
[2024-10-29T18:53:45.751+0000] {logging_mixin.py:190} INFO - [2024-10-29T18:53:45.751+0000] {dag.py:4180} INFO - Setting next_dagrun for example_trigger_target_dag to None, run_after=None
[2024-10-29T18:53:45.835+0000] {processor.py:208} INFO - Processing /home/airflow/.local/lib/python3.11/site-packages/airflow/example_dags/example_trigger_target_dag.py took 1.324 seconds
[2024-10-29T18:54:28.964+0000] {processor.py:186} INFO - Started process (PID=213) to work on /home/airflow/.local/lib/python3.11/site-packages/airflow/example_dags/example_trigger_target_dag.py
[2024-10-29T18:54:28.966+0000] {processor.py:914} INFO - Processing file /home/airflow/.local/lib/python3.11/site-packages/airflow/example_dags/example_trigger_target_dag.py for tasks to queue
[2024-10-29T18:54:28.974+0000] {logging_mixin.py:190} INFO - [2024-10-29T18:54:28.973+0000] {dagbag.py:588} INFO - Filling up the DagBag from /home/airflow/.local/lib/python3.11/site-packages/airflow/example_dags/example_trigger_target_dag.py
[2024-10-29T18:54:28.989+0000] {processor.py:925} INFO - DAG(s) 'example_trigger_target_dag' retrieved from /home/airflow/.local/lib/python3.11/site-packages/airflow/example_dags/example_trigger_target_dag.py
[2024-10-29T18:54:29.032+0000] {logging_mixin.py:190} INFO - [2024-10-29T18:54:29.032+0000] {dag.py:3239} INFO - Sync 1 DAGs
[2024-10-29T18:54:29.572+0000] {logging_mixin.py:190} INFO - [2024-10-29T18:54:29.572+0000] {dag.py:4180} INFO - Setting next_dagrun for example_trigger_target_dag to None, run_after=None
[2024-10-29T18:54:29.602+0000] {processor.py:208} INFO - Processing /home/airflow/.local/lib/python3.11/site-packages/airflow/example_dags/example_trigger_target_dag.py took 0.664 seconds
[2024-10-29T18:55:16.250+0000] {processor.py:186} INFO - Started process (PID=281) to work on /home/airflow/.local/lib/python3.11/site-packages/airflow/example_dags/example_trigger_target_dag.py
[2024-10-29T18:55:16.267+0000] {processor.py:914} INFO - Processing file /home/airflow/.local/lib/python3.11/site-packages/airflow/example_dags/example_trigger_target_dag.py for tasks to queue
[2024-10-29T18:55:16.296+0000] {logging_mixin.py:190} INFO - [2024-10-29T18:55:16.294+0000] {dagbag.py:588} INFO - Filling up the DagBag from /home/airflow/.local/lib/python3.11/site-packages/airflow/example_dags/example_trigger_target_dag.py
[2024-10-29T18:55:16.363+0000] {processor.py:925} INFO - DAG(s) 'example_trigger_target_dag' retrieved from /home/airflow/.local/lib/python3.11/site-packages/airflow/example_dags/example_trigger_target_dag.py
[2024-10-29T18:55:16.530+0000] {logging_mixin.py:190} INFO - [2024-10-29T18:55:16.500+0000] {dag.py:3239} INFO - Sync 1 DAGs
[2024-10-29T18:55:16.651+0000] {logging_mixin.py:190} INFO - [2024-10-29T18:55:16.646+0000] {dag.py:4180} INFO - Setting next_dagrun for example_trigger_target_dag to None, run_after=None
[2024-10-29T18:55:16.800+0000] {processor.py:208} INFO - Processing /home/airflow/.local/lib/python3.11/site-packages/airflow/example_dags/example_trigger_target_dag.py took 0.568 seconds
[2024-10-29T18:55:47.700+0000] {processor.py:186} INFO - Started process (PID=343) to work on /home/airflow/.local/lib/python3.11/site-packages/airflow/example_dags/example_trigger_target_dag.py
[2024-10-29T18:55:47.704+0000] {processor.py:914} INFO - Processing file /home/airflow/.local/lib/python3.11/site-packages/airflow/example_dags/example_trigger_target_dag.py for tasks to queue
[2024-10-29T18:55:47.713+0000] {logging_mixin.py:190} INFO - [2024-10-29T18:55:47.713+0000] {dagbag.py:588} INFO - Filling up the DagBag from /home/airflow/.local/lib/python3.11/site-packages/airflow/example_dags/example_trigger_target_dag.py
[2024-10-29T18:55:47.723+0000] {processor.py:925} INFO - DAG(s) 'example_trigger_target_dag' retrieved from /home/airflow/.local/lib/python3.11/site-packages/airflow/example_dags/example_trigger_target_dag.py
[2024-10-29T18:55:47.775+0000] {logging_mixin.py:190} INFO - [2024-10-29T18:55:47.775+0000] {dag.py:3239} INFO - Sync 1 DAGs
[2024-10-29T18:55:47.793+0000] {logging_mixin.py:190} INFO - [2024-10-29T18:55:47.793+0000] {dag.py:4180} INFO - Setting next_dagrun for example_trigger_target_dag to None, run_after=None
[2024-10-29T18:55:47.818+0000] {processor.py:208} INFO - Processing /home/airflow/.local/lib/python3.11/site-packages/airflow/example_dags/example_trigger_target_dag.py took 0.128 seconds
[2024-10-29T18:56:18.717+0000] {processor.py:186} INFO - Started process (PID=406) to work on /home/airflow/.local/lib/python3.11/site-packages/airflow/example_dags/example_trigger_target_dag.py
[2024-10-29T18:56:18.721+0000] {processor.py:914} INFO - Processing file /home/airflow/.local/lib/python3.11/site-packages/airflow/example_dags/example_trigger_target_dag.py for tasks to queue
[2024-10-29T18:56:18.724+0000] {logging_mixin.py:190} INFO - [2024-10-29T18:56:18.724+0000] {dagbag.py:588} INFO - Filling up the DagBag from /home/airflow/.local/lib/python3.11/site-packages/airflow/example_dags/example_trigger_target_dag.py
[2024-10-29T18:56:18.732+0000] {processor.py:925} INFO - DAG(s) 'example_trigger_target_dag' retrieved from /home/airflow/.local/lib/python3.11/site-packages/airflow/example_dags/example_trigger_target_dag.py
[2024-10-29T18:56:18.754+0000] {logging_mixin.py:190} INFO - [2024-10-29T18:56:18.754+0000] {dag.py:3239} INFO - Sync 1 DAGs
[2024-10-29T18:56:18.770+0000] {logging_mixin.py:190} INFO - [2024-10-29T18:56:18.770+0000] {dag.py:4180} INFO - Setting next_dagrun for example_trigger_target_dag to None, run_after=None
[2024-10-29T18:56:18.786+0000] {processor.py:208} INFO - Processing /home/airflow/.local/lib/python3.11/site-packages/airflow/example_dags/example_trigger_target_dag.py took 0.072 seconds
[2024-10-29T18:56:49.494+0000] {processor.py:186} INFO - Started process (PID=469) to work on /home/airflow/.local/lib/python3.11/site-packages/airflow/example_dags/example_trigger_target_dag.py
[2024-10-29T18:56:49.495+0000] {processor.py:914} INFO - Processing file /home/airflow/.local/lib/python3.11/site-packages/airflow/example_dags/example_trigger_target_dag.py for tasks to queue
[2024-10-29T18:56:49.496+0000] {logging_mixin.py:190} INFO - [2024-10-29T18:56:49.496+0000] {dagbag.py:588} INFO - Filling up the DagBag from /home/airflow/.local/lib/python3.11/site-packages/airflow/example_dags/example_trigger_target_dag.py
[2024-10-29T18:56:49.501+0000] {processor.py:925} INFO - DAG(s) 'example_trigger_target_dag' retrieved from /home/airflow/.local/lib/python3.11/site-packages/airflow/example_dags/example_trigger_target_dag.py
[2024-10-29T18:56:49.510+0000] {logging_mixin.py:190} INFO - [2024-10-29T18:56:49.510+0000] {dag.py:3239} INFO - Sync 1 DAGs
[2024-10-29T18:56:49.516+0000] {logging_mixin.py:190} INFO - [2024-10-29T18:56:49.516+0000] {dag.py:4180} INFO - Setting next_dagrun for example_trigger_target_dag to None, run_after=None
[2024-10-29T18:56:49.523+0000] {processor.py:208} INFO - Processing /home/airflow/.local/lib/python3.11/site-packages/airflow/example_dags/example_trigger_target_dag.py took 0.032 seconds
[2024-10-29T18:57:20.070+0000] {processor.py:186} INFO - Started process (PID=532) to work on /home/airflow/.local/lib/python3.11/site-packages/airflow/example_dags/example_trigger_target_dag.py
[2024-10-29T18:57:20.071+0000] {processor.py:914} INFO - Processing file /home/airflow/.local/lib/python3.11/site-packages/airflow/example_dags/example_trigger_target_dag.py for tasks to queue
[2024-10-29T18:57:20.073+0000] {logging_mixin.py:190} INFO - [2024-10-29T18:57:20.072+0000] {dagbag.py:588} INFO - Filling up the DagBag from /home/airflow/.local/lib/python3.11/site-packages/airflow/example_dags/example_trigger_target_dag.py
[2024-10-29T18:57:20.077+0000] {processor.py:925} INFO - DAG(s) 'example_trigger_target_dag' retrieved from /home/airflow/.local/lib/python3.11/site-packages/airflow/example_dags/example_trigger_target_dag.py
[2024-10-29T18:57:20.087+0000] {logging_mixin.py:190} INFO - [2024-10-29T18:57:20.087+0000] {dag.py:3239} INFO - Sync 1 DAGs
[2024-10-29T18:57:20.096+0000] {logging_mixin.py:190} INFO - [2024-10-29T18:57:20.095+0000] {dag.py:4180} INFO - Setting next_dagrun for example_trigger_target_dag to None, run_after=None
[2024-10-29T18:57:20.113+0000] {processor.py:208} INFO - Processing /home/airflow/.local/lib/python3.11/site-packages/airflow/example_dags/example_trigger_target_dag.py took 0.046 seconds
[2024-10-29T18:57:50.944+0000] {processor.py:186} INFO - Started process (PID=595) to work on /home/airflow/.local/lib/python3.11/site-packages/airflow/example_dags/example_trigger_target_dag.py
[2024-10-29T18:57:50.945+0000] {processor.py:914} INFO - Processing file /home/airflow/.local/lib/python3.11/site-packages/airflow/example_dags/example_trigger_target_dag.py for tasks to queue
[2024-10-29T18:57:50.947+0000] {logging_mixin.py:190} INFO - [2024-10-29T18:57:50.947+0000] {dagbag.py:588} INFO - Filling up the DagBag from /home/airflow/.local/lib/python3.11/site-packages/airflow/example_dags/example_trigger_target_dag.py
[2024-10-29T18:57:50.953+0000] {processor.py:925} INFO - DAG(s) 'example_trigger_target_dag' retrieved from /home/airflow/.local/lib/python3.11/site-packages/airflow/example_dags/example_trigger_target_dag.py
[2024-10-29T18:57:50.965+0000] {logging_mixin.py:190} INFO - [2024-10-29T18:57:50.965+0000] {dag.py:3239} INFO - Sync 1 DAGs
[2024-10-29T18:57:50.972+0000] {logging_mixin.py:190} INFO - [2024-10-29T18:57:50.972+0000] {dag.py:4180} INFO - Setting next_dagrun for example_trigger_target_dag to None, run_after=None
[2024-10-29T18:57:50.979+0000] {processor.py:208} INFO - Processing /home/airflow/.local/lib/python3.11/site-packages/airflow/example_dags/example_trigger_target_dag.py took 0.039 seconds
[2024-10-29T18:58:21.778+0000] {processor.py:186} INFO - Started process (PID=658) to work on /home/airflow/.local/lib/python3.11/site-packages/airflow/example_dags/example_trigger_target_dag.py
[2024-10-29T18:58:21.779+0000] {processor.py:914} INFO - Processing file /home/airflow/.local/lib/python3.11/site-packages/airflow/example_dags/example_trigger_target_dag.py for tasks to queue
[2024-10-29T18:58:21.780+0000] {logging_mixin.py:190} INFO - [2024-10-29T18:58:21.780+0000] {dagbag.py:588} INFO - Filling up the DagBag from /home/airflow/.local/lib/python3.11/site-packages/airflow/example_dags/example_trigger_target_dag.py
[2024-10-29T18:58:21.787+0000] {processor.py:925} INFO - DAG(s) 'example_trigger_target_dag' retrieved from /home/airflow/.local/lib/python3.11/site-packages/airflow/example_dags/example_trigger_target_dag.py
[2024-10-29T18:58:21.801+0000] {logging_mixin.py:190} INFO - [2024-10-29T18:58:21.801+0000] {dag.py:3239} INFO - Sync 1 DAGs
[2024-10-29T18:58:21.813+0000] {logging_mixin.py:190} INFO - [2024-10-29T18:58:21.813+0000] {dag.py:4180} INFO - Setting next_dagrun for example_trigger_target_dag to None, run_after=None
[2024-10-29T18:58:21.823+0000] {processor.py:208} INFO - Processing /home/airflow/.local/lib/python3.11/site-packages/airflow/example_dags/example_trigger_target_dag.py took 0.048 seconds
[2024-10-29T18:58:51.995+0000] {processor.py:186} INFO - Started process (PID=721) to work on /home/airflow/.local/lib/python3.11/site-packages/airflow/example_dags/example_trigger_target_dag.py
[2024-10-29T18:58:51.996+0000] {processor.py:914} INFO - Processing file /home/airflow/.local/lib/python3.11/site-packages/airflow/example_dags/example_trigger_target_dag.py for tasks to queue
[2024-10-29T18:58:51.997+0000] {logging_mixin.py:190} INFO - [2024-10-29T18:58:51.997+0000] {dagbag.py:588} INFO - Filling up the DagBag from /home/airflow/.local/lib/python3.11/site-packages/airflow/example_dags/example_trigger_target_dag.py
[2024-10-29T18:58:52.001+0000] {processor.py:925} INFO - DAG(s) 'example_trigger_target_dag' retrieved from /home/airflow/.local/lib/python3.11/site-packages/airflow/example_dags/example_trigger_target_dag.py
[2024-10-29T18:58:52.012+0000] {logging_mixin.py:190} INFO - [2024-10-29T18:58:52.012+0000] {dag.py:3239} INFO - Sync 1 DAGs
[2024-10-29T18:58:52.019+0000] {logging_mixin.py:190} INFO - [2024-10-29T18:58:52.018+0000] {dag.py:4180} INFO - Setting next_dagrun for example_trigger_target_dag to None, run_after=None
[2024-10-29T18:58:52.027+0000] {processor.py:208} INFO - Processing /home/airflow/.local/lib/python3.11/site-packages/airflow/example_dags/example_trigger_target_dag.py took 0.035 seconds
[2024-10-29T18:59:22.351+0000] {processor.py:186} INFO - Started process (PID=784) to work on /home/airflow/.local/lib/python3.11/site-packages/airflow/example_dags/example_trigger_target_dag.py
[2024-10-29T18:59:22.352+0000] {processor.py:914} INFO - Processing file /home/airflow/.local/lib/python3.11/site-packages/airflow/example_dags/example_trigger_target_dag.py for tasks to queue
[2024-10-29T18:59:22.354+0000] {logging_mixin.py:190} INFO - [2024-10-29T18:59:22.354+0000] {dagbag.py:588} INFO - Filling up the DagBag from /home/airflow/.local/lib/python3.11/site-packages/airflow/example_dags/example_trigger_target_dag.py
[2024-10-29T18:59:22.358+0000] {processor.py:925} INFO - DAG(s) 'example_trigger_target_dag' retrieved from /home/airflow/.local/lib/python3.11/site-packages/airflow/example_dags/example_trigger_target_dag.py
[2024-10-29T18:59:22.368+0000] {logging_mixin.py:190} INFO - [2024-10-29T18:59:22.368+0000] {dag.py:3239} INFO - Sync 1 DAGs
[2024-10-29T18:59:22.374+0000] {logging_mixin.py:190} INFO - [2024-10-29T18:59:22.374+0000] {dag.py:4180} INFO - Setting next_dagrun for example_trigger_target_dag to None, run_after=None
[2024-10-29T18:59:22.381+0000] {processor.py:208} INFO - Processing /home/airflow/.local/lib/python3.11/site-packages/airflow/example_dags/example_trigger_target_dag.py took 0.033 seconds
[2024-10-29T18:59:52.885+0000] {processor.py:186} INFO - Started process (PID=846) to work on /home/airflow/.local/lib/python3.11/site-packages/airflow/example_dags/example_trigger_target_dag.py
[2024-10-29T18:59:52.886+0000] {processor.py:914} INFO - Processing file /home/airflow/.local/lib/python3.11/site-packages/airflow/example_dags/example_trigger_target_dag.py for tasks to queue
[2024-10-29T18:59:52.887+0000] {logging_mixin.py:190} INFO - [2024-10-29T18:59:52.887+0000] {dagbag.py:588} INFO - Filling up the DagBag from /home/airflow/.local/lib/python3.11/site-packages/airflow/example_dags/example_trigger_target_dag.py
[2024-10-29T18:59:52.894+0000] {processor.py:925} INFO - DAG(s) 'example_trigger_target_dag' retrieved from /home/airflow/.local/lib/python3.11/site-packages/airflow/example_dags/example_trigger_target_dag.py
[2024-10-29T18:59:52.908+0000] {logging_mixin.py:190} INFO - [2024-10-29T18:59:52.908+0000] {dag.py:3239} INFO - Sync 1 DAGs
[2024-10-29T18:59:52.916+0000] {logging_mixin.py:190} INFO - [2024-10-29T18:59:52.915+0000] {dag.py:4180} INFO - Setting next_dagrun for example_trigger_target_dag to None, run_after=None
[2024-10-29T18:59:52.923+0000] {processor.py:208} INFO - Processing /home/airflow/.local/lib/python3.11/site-packages/airflow/example_dags/example_trigger_target_dag.py took 0.043 seconds
[2024-10-29T19:00:23.185+0000] {processor.py:186} INFO - Started process (PID=909) to work on /home/airflow/.local/lib/python3.11/site-packages/airflow/example_dags/example_trigger_target_dag.py
[2024-10-29T19:00:23.186+0000] {processor.py:914} INFO - Processing file /home/airflow/.local/lib/python3.11/site-packages/airflow/example_dags/example_trigger_target_dag.py for tasks to queue
[2024-10-29T19:00:23.188+0000] {logging_mixin.py:190} INFO - [2024-10-29T19:00:23.187+0000] {dagbag.py:588} INFO - Filling up the DagBag from /home/airflow/.local/lib/python3.11/site-packages/airflow/example_dags/example_trigger_target_dag.py
[2024-10-29T19:00:23.192+0000] {processor.py:925} INFO - DAG(s) 'example_trigger_target_dag' retrieved from /home/airflow/.local/lib/python3.11/site-packages/airflow/example_dags/example_trigger_target_dag.py
[2024-10-29T19:00:23.202+0000] {logging_mixin.py:190} INFO - [2024-10-29T19:00:23.201+0000] {dag.py:3239} INFO - Sync 1 DAGs
[2024-10-29T19:00:23.207+0000] {logging_mixin.py:190} INFO - [2024-10-29T19:00:23.207+0000] {dag.py:4180} INFO - Setting next_dagrun for example_trigger_target_dag to None, run_after=None
[2024-10-29T19:00:23.215+0000] {processor.py:208} INFO - Processing /home/airflow/.local/lib/python3.11/site-packages/airflow/example_dags/example_trigger_target_dag.py took 0.032 seconds
[2024-10-29T19:00:53.962+0000] {processor.py:186} INFO - Started process (PID=972) to work on /home/airflow/.local/lib/python3.11/site-packages/airflow/example_dags/example_trigger_target_dag.py
[2024-10-29T19:00:53.963+0000] {processor.py:914} INFO - Processing file /home/airflow/.local/lib/python3.11/site-packages/airflow/example_dags/example_trigger_target_dag.py for tasks to queue
[2024-10-29T19:00:53.964+0000] {logging_mixin.py:190} INFO - [2024-10-29T19:00:53.964+0000] {dagbag.py:588} INFO - Filling up the DagBag from /home/airflow/.local/lib/python3.11/site-packages/airflow/example_dags/example_trigger_target_dag.py
[2024-10-29T19:00:53.968+0000] {processor.py:925} INFO - DAG(s) 'example_trigger_target_dag' retrieved from /home/airflow/.local/lib/python3.11/site-packages/airflow/example_dags/example_trigger_target_dag.py
[2024-10-29T19:00:53.978+0000] {logging_mixin.py:190} INFO - [2024-10-29T19:00:53.977+0000] {dag.py:3239} INFO - Sync 1 DAGs
[2024-10-29T19:00:53.983+0000] {logging_mixin.py:190} INFO - [2024-10-29T19:00:53.983+0000] {dag.py:4180} INFO - Setting next_dagrun for example_trigger_target_dag to None, run_after=None
[2024-10-29T19:00:53.990+0000] {processor.py:208} INFO - Processing /home/airflow/.local/lib/python3.11/site-packages/airflow/example_dags/example_trigger_target_dag.py took 0.031 seconds
[2024-10-29T19:01:24.303+0000] {processor.py:186} INFO - Started process (PID=1035) to work on /home/airflow/.local/lib/python3.11/site-packages/airflow/example_dags/example_trigger_target_dag.py
[2024-10-29T19:01:24.304+0000] {processor.py:914} INFO - Processing file /home/airflow/.local/lib/python3.11/site-packages/airflow/example_dags/example_trigger_target_dag.py for tasks to queue
[2024-10-29T19:01:24.306+0000] {logging_mixin.py:190} INFO - [2024-10-29T19:01:24.306+0000] {dagbag.py:588} INFO - Filling up the DagBag from /home/airflow/.local/lib/python3.11/site-packages/airflow/example_dags/example_trigger_target_dag.py
[2024-10-29T19:01:24.310+0000] {processor.py:925} INFO - DAG(s) 'example_trigger_target_dag' retrieved from /home/airflow/.local/lib/python3.11/site-packages/airflow/example_dags/example_trigger_target_dag.py
[2024-10-29T19:01:24.322+0000] {logging_mixin.py:190} INFO - [2024-10-29T19:01:24.322+0000] {dag.py:3239} INFO - Sync 1 DAGs
[2024-10-29T19:01:24.330+0000] {logging_mixin.py:190} INFO - [2024-10-29T19:01:24.329+0000] {dag.py:4180} INFO - Setting next_dagrun for example_trigger_target_dag to None, run_after=None
[2024-10-29T19:01:24.340+0000] {processor.py:208} INFO - Processing /home/airflow/.local/lib/python3.11/site-packages/airflow/example_dags/example_trigger_target_dag.py took 0.041 seconds
[2024-10-29T19:01:54.554+0000] {processor.py:186} INFO - Started process (PID=1098) to work on /home/airflow/.local/lib/python3.11/site-packages/airflow/example_dags/example_trigger_target_dag.py
[2024-10-29T19:01:54.555+0000] {processor.py:914} INFO - Processing file /home/airflow/.local/lib/python3.11/site-packages/airflow/example_dags/example_trigger_target_dag.py for tasks to queue
[2024-10-29T19:01:54.556+0000] {logging_mixin.py:190} INFO - [2024-10-29T19:01:54.556+0000] {dagbag.py:588} INFO - Filling up the DagBag from /home/airflow/.local/lib/python3.11/site-packages/airflow/example_dags/example_trigger_target_dag.py
[2024-10-29T19:01:54.561+0000] {processor.py:925} INFO - DAG(s) 'example_trigger_target_dag' retrieved from /home/airflow/.local/lib/python3.11/site-packages/airflow/example_dags/example_trigger_target_dag.py
[2024-10-29T19:01:54.572+0000] {logging_mixin.py:190} INFO - [2024-10-29T19:01:54.572+0000] {dag.py:3239} INFO - Sync 1 DAGs
[2024-10-29T19:01:54.579+0000] {logging_mixin.py:190} INFO - [2024-10-29T19:01:54.579+0000] {dag.py:4180} INFO - Setting next_dagrun for example_trigger_target_dag to None, run_after=None
[2024-10-29T19:01:54.587+0000] {processor.py:208} INFO - Processing /home/airflow/.local/lib/python3.11/site-packages/airflow/example_dags/example_trigger_target_dag.py took 0.038 seconds
[2024-10-29T19:02:25.647+0000] {processor.py:186} INFO - Started process (PID=1161) to work on /home/airflow/.local/lib/python3.11/site-packages/airflow/example_dags/example_trigger_target_dag.py
[2024-10-29T19:02:25.648+0000] {processor.py:914} INFO - Processing file /home/airflow/.local/lib/python3.11/site-packages/airflow/example_dags/example_trigger_target_dag.py for tasks to queue
[2024-10-29T19:02:25.649+0000] {logging_mixin.py:190} INFO - [2024-10-29T19:02:25.649+0000] {dagbag.py:588} INFO - Filling up the DagBag from /home/airflow/.local/lib/python3.11/site-packages/airflow/example_dags/example_trigger_target_dag.py
[2024-10-29T19:02:25.654+0000] {processor.py:925} INFO - DAG(s) 'example_trigger_target_dag' retrieved from /home/airflow/.local/lib/python3.11/site-packages/airflow/example_dags/example_trigger_target_dag.py
[2024-10-29T19:02:25.665+0000] {logging_mixin.py:190} INFO - [2024-10-29T19:02:25.665+0000] {dag.py:3239} INFO - Sync 1 DAGs
[2024-10-29T19:02:25.674+0000] {logging_mixin.py:190} INFO - [2024-10-29T19:02:25.674+0000] {dag.py:4180} INFO - Setting next_dagrun for example_trigger_target_dag to None, run_after=None
[2024-10-29T19:02:25.684+0000] {processor.py:208} INFO - Processing /home/airflow/.local/lib/python3.11/site-packages/airflow/example_dags/example_trigger_target_dag.py took 0.042 seconds
[2024-10-29T19:02:56.227+0000] {processor.py:186} INFO - Started process (PID=1224) to work on /home/airflow/.local/lib/python3.11/site-packages/airflow/example_dags/example_trigger_target_dag.py
[2024-10-29T19:02:56.228+0000] {processor.py:914} INFO - Processing file /home/airflow/.local/lib/python3.11/site-packages/airflow/example_dags/example_trigger_target_dag.py for tasks to queue
[2024-10-29T19:02:56.229+0000] {logging_mixin.py:190} INFO - [2024-10-29T19:02:56.229+0000] {dagbag.py:588} INFO - Filling up the DagBag from /home/airflow/.local/lib/python3.11/site-packages/airflow/example_dags/example_trigger_target_dag.py
[2024-10-29T19:02:56.234+0000] {processor.py:925} INFO - DAG(s) 'example_trigger_target_dag' retrieved from /home/airflow/.local/lib/python3.11/site-packages/airflow/example_dags/example_trigger_target_dag.py
[2024-10-29T19:02:56.243+0000] {logging_mixin.py:190} INFO - [2024-10-29T19:02:56.243+0000] {dag.py:3239} INFO - Sync 1 DAGs
[2024-10-29T19:02:56.249+0000] {logging_mixin.py:190} INFO - [2024-10-29T19:02:56.249+0000] {dag.py:4180} INFO - Setting next_dagrun for example_trigger_target_dag to None, run_after=None
[2024-10-29T19:02:56.257+0000] {processor.py:208} INFO - Processing /home/airflow/.local/lib/python3.11/site-packages/airflow/example_dags/example_trigger_target_dag.py took 0.032 seconds
[2024-10-29T19:03:27.122+0000] {processor.py:186} INFO - Started process (PID=1287) to work on /home/airflow/.local/lib/python3.11/site-packages/airflow/example_dags/example_trigger_target_dag.py
[2024-10-29T19:03:27.123+0000] {processor.py:914} INFO - Processing file /home/airflow/.local/lib/python3.11/site-packages/airflow/example_dags/example_trigger_target_dag.py for tasks to queue
[2024-10-29T19:03:27.125+0000] {logging_mixin.py:190} INFO - [2024-10-29T19:03:27.124+0000] {dagbag.py:588} INFO - Filling up the DagBag from /home/airflow/.local/lib/python3.11/site-packages/airflow/example_dags/example_trigger_target_dag.py
[2024-10-29T19:03:27.129+0000] {processor.py:925} INFO - DAG(s) 'example_trigger_target_dag' retrieved from /home/airflow/.local/lib/python3.11/site-packages/airflow/example_dags/example_trigger_target_dag.py
[2024-10-29T19:03:27.139+0000] {logging_mixin.py:190} INFO - [2024-10-29T19:03:27.139+0000] {dag.py:3239} INFO - Sync 1 DAGs
[2024-10-29T19:03:27.147+0000] {logging_mixin.py:190} INFO - [2024-10-29T19:03:27.147+0000] {dag.py:4180} INFO - Setting next_dagrun for example_trigger_target_dag to None, run_after=None
[2024-10-29T19:03:27.162+0000] {processor.py:208} INFO - Processing /home/airflow/.local/lib/python3.11/site-packages/airflow/example_dags/example_trigger_target_dag.py took 0.042 seconds
[2024-10-29T19:03:57.889+0000] {processor.py:186} INFO - Started process (PID=1350) to work on /home/airflow/.local/lib/python3.11/site-packages/airflow/example_dags/example_trigger_target_dag.py
[2024-10-29T19:03:57.890+0000] {processor.py:914} INFO - Processing file /home/airflow/.local/lib/python3.11/site-packages/airflow/example_dags/example_trigger_target_dag.py for tasks to queue
[2024-10-29T19:03:57.891+0000] {logging_mixin.py:190} INFO - [2024-10-29T19:03:57.891+0000] {dagbag.py:588} INFO - Filling up the DagBag from /home/airflow/.local/lib/python3.11/site-packages/airflow/example_dags/example_trigger_target_dag.py
[2024-10-29T19:03:57.896+0000] {processor.py:925} INFO - DAG(s) 'example_trigger_target_dag' retrieved from /home/airflow/.local/lib/python3.11/site-packages/airflow/example_dags/example_trigger_target_dag.py
[2024-10-29T19:03:57.906+0000] {logging_mixin.py:190} INFO - [2024-10-29T19:03:57.906+0000] {dag.py:3239} INFO - Sync 1 DAGs
[2024-10-29T19:03:57.912+0000] {logging_mixin.py:190} INFO - [2024-10-29T19:03:57.912+0000] {dag.py:4180} INFO - Setting next_dagrun for example_trigger_target_dag to None, run_after=None
[2024-10-29T19:03:57.920+0000] {processor.py:208} INFO - Processing /home/airflow/.local/lib/python3.11/site-packages/airflow/example_dags/example_trigger_target_dag.py took 0.034 seconds
[2024-10-29T19:04:28.359+0000] {processor.py:186} INFO - Started process (PID=1413) to work on /home/airflow/.local/lib/python3.11/site-packages/airflow/example_dags/example_trigger_target_dag.py
[2024-10-29T19:04:28.360+0000] {processor.py:914} INFO - Processing file /home/airflow/.local/lib/python3.11/site-packages/airflow/example_dags/example_trigger_target_dag.py for tasks to queue
[2024-10-29T19:04:28.361+0000] {logging_mixin.py:190} INFO - [2024-10-29T19:04:28.361+0000] {dagbag.py:588} INFO - Filling up the DagBag from /home/airflow/.local/lib/python3.11/site-packages/airflow/example_dags/example_trigger_target_dag.py
[2024-10-29T19:04:28.366+0000] {processor.py:925} INFO - DAG(s) 'example_trigger_target_dag' retrieved from /home/airflow/.local/lib/python3.11/site-packages/airflow/example_dags/example_trigger_target_dag.py
[2024-10-29T19:04:28.378+0000] {logging_mixin.py:190} INFO - [2024-10-29T19:04:28.378+0000] {dag.py:3239} INFO - Sync 1 DAGs
[2024-10-29T19:04:28.384+0000] {logging_mixin.py:190} INFO - [2024-10-29T19:04:28.384+0000] {dag.py:4180} INFO - Setting next_dagrun for example_trigger_target_dag to None, run_after=None
[2024-10-29T19:04:28.391+0000] {processor.py:208} INFO - Processing /home/airflow/.local/lib/python3.11/site-packages/airflow/example_dags/example_trigger_target_dag.py took 0.036 seconds
[2024-10-29T19:04:58.902+0000] {processor.py:186} INFO - Started process (PID=1476) to work on /home/airflow/.local/lib/python3.11/site-packages/airflow/example_dags/example_trigger_target_dag.py
[2024-10-29T19:04:58.902+0000] {processor.py:914} INFO - Processing file /home/airflow/.local/lib/python3.11/site-packages/airflow/example_dags/example_trigger_target_dag.py for tasks to queue
[2024-10-29T19:04:58.904+0000] {logging_mixin.py:190} INFO - [2024-10-29T19:04:58.904+0000] {dagbag.py:588} INFO - Filling up the DagBag from /home/airflow/.local/lib/python3.11/site-packages/airflow/example_dags/example_trigger_target_dag.py
[2024-10-29T19:04:58.908+0000] {processor.py:925} INFO - DAG(s) 'example_trigger_target_dag' retrieved from /home/airflow/.local/lib/python3.11/site-packages/airflow/example_dags/example_trigger_target_dag.py
[2024-10-29T19:04:58.917+0000] {logging_mixin.py:190} INFO - [2024-10-29T19:04:58.917+0000] {dag.py:3239} INFO - Sync 1 DAGs
[2024-10-29T19:04:58.923+0000] {logging_mixin.py:190} INFO - [2024-10-29T19:04:58.923+0000] {dag.py:4180} INFO - Setting next_dagrun for example_trigger_target_dag to None, run_after=None
[2024-10-29T19:04:58.930+0000] {processor.py:208} INFO - Processing /home/airflow/.local/lib/python3.11/site-packages/airflow/example_dags/example_trigger_target_dag.py took 0.032 seconds
[2024-10-29T19:05:29.418+0000] {processor.py:186} INFO - Started process (PID=1539) to work on /home/airflow/.local/lib/python3.11/site-packages/airflow/example_dags/example_trigger_target_dag.py
[2024-10-29T19:05:29.418+0000] {processor.py:914} INFO - Processing file /home/airflow/.local/lib/python3.11/site-packages/airflow/example_dags/example_trigger_target_dag.py for tasks to queue
[2024-10-29T19:05:29.420+0000] {logging_mixin.py:190} INFO - [2024-10-29T19:05:29.419+0000] {dagbag.py:588} INFO - Filling up the DagBag from /home/airflow/.local/lib/python3.11/site-packages/airflow/example_dags/example_trigger_target_dag.py
[2024-10-29T19:05:29.424+0000] {processor.py:925} INFO - DAG(s) 'example_trigger_target_dag' retrieved from /home/airflow/.local/lib/python3.11/site-packages/airflow/example_dags/example_trigger_target_dag.py
[2024-10-29T19:05:29.433+0000] {logging_mixin.py:190} INFO - [2024-10-29T19:05:29.433+0000] {dag.py:3239} INFO - Sync 1 DAGs
[2024-10-29T19:05:29.440+0000] {logging_mixin.py:190} INFO - [2024-10-29T19:05:29.440+0000] {dag.py:4180} INFO - Setting next_dagrun for example_trigger_target_dag to None, run_after=None
[2024-10-29T19:05:29.447+0000] {processor.py:208} INFO - Processing /home/airflow/.local/lib/python3.11/site-packages/airflow/example_dags/example_trigger_target_dag.py took 0.033 seconds
[2024-10-29T19:05:59.911+0000] {processor.py:186} INFO - Started process (PID=1602) to work on /home/airflow/.local/lib/python3.11/site-packages/airflow/example_dags/example_trigger_target_dag.py
[2024-10-29T19:05:59.912+0000] {processor.py:914} INFO - Processing file /home/airflow/.local/lib/python3.11/site-packages/airflow/example_dags/example_trigger_target_dag.py for tasks to queue
[2024-10-29T19:05:59.914+0000] {logging_mixin.py:190} INFO - [2024-10-29T19:05:59.914+0000] {dagbag.py:588} INFO - Filling up the DagBag from /home/airflow/.local/lib/python3.11/site-packages/airflow/example_dags/example_trigger_target_dag.py
[2024-10-29T19:05:59.920+0000] {processor.py:925} INFO - DAG(s) 'example_trigger_target_dag' retrieved from /home/airflow/.local/lib/python3.11/site-packages/airflow/example_dags/example_trigger_target_dag.py
[2024-10-29T19:05:59.934+0000] {logging_mixin.py:190} INFO - [2024-10-29T19:05:59.933+0000] {dag.py:3239} INFO - Sync 1 DAGs
[2024-10-29T19:05:59.975+0000] {logging_mixin.py:190} INFO - [2024-10-29T19:05:59.974+0000] {dag.py:4180} INFO - Setting next_dagrun for example_trigger_target_dag to None, run_after=None
[2024-10-29T19:05:59.995+0000] {processor.py:208} INFO - Processing /home/airflow/.local/lib/python3.11/site-packages/airflow/example_dags/example_trigger_target_dag.py took 0.089 seconds
[2024-10-29T19:23:18.597+0000] {processor.py:186} INFO - Started process (PID=1640) to work on /home/airflow/.local/lib/python3.11/site-packages/airflow/example_dags/example_trigger_target_dag.py
[2024-10-29T19:23:18.597+0000] {processor.py:914} INFO - Processing file /home/airflow/.local/lib/python3.11/site-packages/airflow/example_dags/example_trigger_target_dag.py for tasks to queue
[2024-10-29T19:23:18.601+0000] {logging_mixin.py:190} INFO - [2024-10-29T19:23:18.601+0000] {dagbag.py:588} INFO - Filling up the DagBag from /home/airflow/.local/lib/python3.11/site-packages/airflow/example_dags/example_trigger_target_dag.py
[2024-10-29T19:23:18.606+0000] {processor.py:925} INFO - DAG(s) 'example_trigger_target_dag' retrieved from /home/airflow/.local/lib/python3.11/site-packages/airflow/example_dags/example_trigger_target_dag.py
[2024-10-29T19:23:18.615+0000] {logging_mixin.py:190} INFO - [2024-10-29T19:23:18.615+0000] {dag.py:3239} INFO - Sync 1 DAGs
[2024-10-29T19:23:18.622+0000] {logging_mixin.py:190} INFO - [2024-10-29T19:23:18.622+0000] {dag.py:4180} INFO - Setting next_dagrun for example_trigger_target_dag to None, run_after=None
[2024-10-29T19:23:18.630+0000] {processor.py:208} INFO - Processing /home/airflow/.local/lib/python3.11/site-packages/airflow/example_dags/example_trigger_target_dag.py took 0.036 seconds
[2024-10-29T20:00:05.098+0000] {processor.py:186} INFO - Started process (PID=1703) to work on /home/airflow/.local/lib/python3.11/site-packages/airflow/example_dags/example_trigger_target_dag.py
[2024-10-29T20:00:05.099+0000] {processor.py:914} INFO - Processing file /home/airflow/.local/lib/python3.11/site-packages/airflow/example_dags/example_trigger_target_dag.py for tasks to queue
[2024-10-29T20:00:05.100+0000] {logging_mixin.py:190} INFO - [2024-10-29T20:00:05.100+0000] {dagbag.py:588} INFO - Filling up the DagBag from /home/airflow/.local/lib/python3.11/site-packages/airflow/example_dags/example_trigger_target_dag.py
[2024-10-29T20:00:05.105+0000] {processor.py:925} INFO - DAG(s) 'example_trigger_target_dag' retrieved from /home/airflow/.local/lib/python3.11/site-packages/airflow/example_dags/example_trigger_target_dag.py
[2024-10-29T20:00:05.115+0000] {logging_mixin.py:190} INFO - [2024-10-29T20:00:05.115+0000] {dag.py:3239} INFO - Sync 1 DAGs
[2024-10-29T20:00:05.125+0000] {logging_mixin.py:190} INFO - [2024-10-29T20:00:05.125+0000] {dag.py:4180} INFO - Setting next_dagrun for example_trigger_target_dag to None, run_after=None
[2024-10-29T20:00:05.139+0000] {processor.py:208} INFO - Processing /home/airflow/.local/lib/python3.11/site-packages/airflow/example_dags/example_trigger_target_dag.py took 0.047 seconds
[2024-10-29T20:32:01.942+0000] {processor.py:186} INFO - Started process (PID=1766) to work on /home/airflow/.local/lib/python3.11/site-packages/airflow/example_dags/example_trigger_target_dag.py
[2024-10-29T20:32:01.942+0000] {processor.py:914} INFO - Processing file /home/airflow/.local/lib/python3.11/site-packages/airflow/example_dags/example_trigger_target_dag.py for tasks to queue
[2024-10-29T20:32:01.944+0000] {logging_mixin.py:190} INFO - [2024-10-29T20:32:01.944+0000] {dagbag.py:588} INFO - Filling up the DagBag from /home/airflow/.local/lib/python3.11/site-packages/airflow/example_dags/example_trigger_target_dag.py
[2024-10-29T20:32:01.949+0000] {processor.py:925} INFO - DAG(s) 'example_trigger_target_dag' retrieved from /home/airflow/.local/lib/python3.11/site-packages/airflow/example_dags/example_trigger_target_dag.py
[2024-10-29T20:32:01.960+0000] {logging_mixin.py:190} INFO - [2024-10-29T20:32:01.960+0000] {dag.py:3239} INFO - Sync 1 DAGs
[2024-10-29T20:32:01.968+0000] {logging_mixin.py:190} INFO - [2024-10-29T20:32:01.967+0000] {dag.py:4180} INFO - Setting next_dagrun for example_trigger_target_dag to None, run_after=None
[2024-10-29T20:32:01.977+0000] {processor.py:208} INFO - Processing /home/airflow/.local/lib/python3.11/site-packages/airflow/example_dags/example_trigger_target_dag.py took 0.038 seconds
[2024-10-29T20:59:00.307+0000] {processor.py:186} INFO - Started process (PID=1829) to work on /home/airflow/.local/lib/python3.11/site-packages/airflow/example_dags/example_trigger_target_dag.py
[2024-10-29T20:59:00.308+0000] {processor.py:914} INFO - Processing file /home/airflow/.local/lib/python3.11/site-packages/airflow/example_dags/example_trigger_target_dag.py for tasks to queue
[2024-10-29T20:59:00.309+0000] {logging_mixin.py:190} INFO - [2024-10-29T20:59:00.309+0000] {dagbag.py:588} INFO - Filling up the DagBag from /home/airflow/.local/lib/python3.11/site-packages/airflow/example_dags/example_trigger_target_dag.py
[2024-10-29T20:59:00.314+0000] {processor.py:925} INFO - DAG(s) 'example_trigger_target_dag' retrieved from /home/airflow/.local/lib/python3.11/site-packages/airflow/example_dags/example_trigger_target_dag.py
[2024-10-29T20:59:00.325+0000] {logging_mixin.py:190} INFO - [2024-10-29T20:59:00.325+0000] {dag.py:3239} INFO - Sync 1 DAGs
[2024-10-29T20:59:00.336+0000] {logging_mixin.py:190} INFO - [2024-10-29T20:59:00.336+0000] {dag.py:4180} INFO - Setting next_dagrun for example_trigger_target_dag to None, run_after=None
[2024-10-29T20:59:00.351+0000] {processor.py:208} INFO - Processing /home/airflow/.local/lib/python3.11/site-packages/airflow/example_dags/example_trigger_target_dag.py took 0.048 seconds
[2024-10-29T21:40:54.232+0000] {processor.py:186} INFO - Started process (PID=1892) to work on /home/airflow/.local/lib/python3.11/site-packages/airflow/example_dags/example_trigger_target_dag.py
[2024-10-29T21:40:54.233+0000] {processor.py:914} INFO - Processing file /home/airflow/.local/lib/python3.11/site-packages/airflow/example_dags/example_trigger_target_dag.py for tasks to queue
[2024-10-29T21:40:54.234+0000] {logging_mixin.py:190} INFO - [2024-10-29T21:40:54.234+0000] {dagbag.py:588} INFO - Filling up the DagBag from /home/airflow/.local/lib/python3.11/site-packages/airflow/example_dags/example_trigger_target_dag.py
[2024-10-29T21:40:54.239+0000] {processor.py:925} INFO - DAG(s) 'example_trigger_target_dag' retrieved from /home/airflow/.local/lib/python3.11/site-packages/airflow/example_dags/example_trigger_target_dag.py
[2024-10-29T21:40:54.248+0000] {logging_mixin.py:190} INFO - [2024-10-29T21:40:54.248+0000] {dag.py:3239} INFO - Sync 1 DAGs
[2024-10-29T21:40:54.257+0000] {logging_mixin.py:190} INFO - [2024-10-29T21:40:54.257+0000] {dag.py:4180} INFO - Setting next_dagrun for example_trigger_target_dag to None, run_after=None
[2024-10-29T21:40:54.266+0000] {processor.py:208} INFO - Processing /home/airflow/.local/lib/python3.11/site-packages/airflow/example_dags/example_trigger_target_dag.py took 0.036 seconds
[2024-10-29T22:49:28.705+0000] {processor.py:186} INFO - Started process (PID=1955) to work on /home/airflow/.local/lib/python3.11/site-packages/airflow/example_dags/example_trigger_target_dag.py
[2024-10-29T22:49:28.706+0000] {processor.py:914} INFO - Processing file /home/airflow/.local/lib/python3.11/site-packages/airflow/example_dags/example_trigger_target_dag.py for tasks to queue
[2024-10-29T22:49:28.707+0000] {logging_mixin.py:190} INFO - [2024-10-29T22:49:28.707+0000] {dagbag.py:588} INFO - Filling up the DagBag from /home/airflow/.local/lib/python3.11/site-packages/airflow/example_dags/example_trigger_target_dag.py
[2024-10-29T22:49:28.711+0000] {processor.py:925} INFO - DAG(s) 'example_trigger_target_dag' retrieved from /home/airflow/.local/lib/python3.11/site-packages/airflow/example_dags/example_trigger_target_dag.py
[2024-10-29T22:49:28.722+0000] {logging_mixin.py:190} INFO - [2024-10-29T22:49:28.721+0000] {dag.py:3239} INFO - Sync 1 DAGs
[2024-10-29T22:49:28.728+0000] {logging_mixin.py:190} INFO - [2024-10-29T22:49:28.728+0000] {dag.py:4180} INFO - Setting next_dagrun for example_trigger_target_dag to None, run_after=None
[2024-10-29T22:49:28.736+0000] {processor.py:208} INFO - Processing /home/airflow/.local/lib/python3.11/site-packages/airflow/example_dags/example_trigger_target_dag.py took 0.035 seconds
[2024-10-29T23:03:29.153+0000] {processor.py:186} INFO - Started process (PID=2018) to work on /home/airflow/.local/lib/python3.11/site-packages/airflow/example_dags/example_trigger_target_dag.py
[2024-10-29T23:03:29.154+0000] {processor.py:914} INFO - Processing file /home/airflow/.local/lib/python3.11/site-packages/airflow/example_dags/example_trigger_target_dag.py for tasks to queue
[2024-10-29T23:03:29.156+0000] {logging_mixin.py:190} INFO - [2024-10-29T23:03:29.155+0000] {dagbag.py:588} INFO - Filling up the DagBag from /home/airflow/.local/lib/python3.11/site-packages/airflow/example_dags/example_trigger_target_dag.py
[2024-10-29T23:03:29.166+0000] {processor.py:925} INFO - DAG(s) 'example_trigger_target_dag' retrieved from /home/airflow/.local/lib/python3.11/site-packages/airflow/example_dags/example_trigger_target_dag.py
[2024-10-29T23:03:29.181+0000] {logging_mixin.py:190} INFO - [2024-10-29T23:03:29.181+0000] {dag.py:3239} INFO - Sync 1 DAGs
[2024-10-29T23:03:29.190+0000] {logging_mixin.py:190} INFO - [2024-10-29T23:03:29.190+0000] {dag.py:4180} INFO - Setting next_dagrun for example_trigger_target_dag to None, run_after=None
[2024-10-29T23:03:29.202+0000] {processor.py:208} INFO - Processing /home/airflow/.local/lib/python3.11/site-packages/airflow/example_dags/example_trigger_target_dag.py took 0.054 seconds
