[2024-10-29T00:50:14.098+0000] {processor.py:186} INFO - Started process (PID=47632) to work on /home/airflow/.local/lib/python3.11/site-packages/airflow/example_dags/example_branch_python_dop_operator_3.py
[2024-10-29T00:50:14.098+0000] {processor.py:914} INFO - Processing file /home/airflow/.local/lib/python3.11/site-packages/airflow/example_dags/example_branch_python_dop_operator_3.py for tasks to queue
[2024-10-29T00:50:14.100+0000] {logging_mixin.py:190} INFO - [2024-10-29T00:50:14.100+0000] {dagbag.py:588} INFO - Filling up the DagBag from /home/airflow/.local/lib/python3.11/site-packages/airflow/example_dags/example_branch_python_dop_operator_3.py
[2024-10-29T00:50:14.107+0000] {processor.py:925} INFO - DAG(s) 'example_branch_dop_operator_v3' retrieved from /home/airflow/.local/lib/python3.11/site-packages/airflow/example_dags/example_branch_python_dop_operator_3.py
[2024-10-29T00:50:14.124+0000] {logging_mixin.py:190} INFO - [2024-10-29T00:50:14.124+0000] {dag.py:3239} INFO - Sync 1 DAGs
[2024-10-29T00:50:14.145+0000] {logging_mixin.py:190} INFO - [2024-10-29T00:50:14.145+0000] {dag.py:4180} INFO - Setting next_dagrun for example_branch_dop_operator_v3 to 2024-10-29 00:49:00+00:00, run_after=2024-10-29 00:50:00+00:00
[2024-10-29T00:50:14.165+0000] {processor.py:208} INFO - Processing /home/airflow/.local/lib/python3.11/site-packages/airflow/example_dags/example_branch_python_dop_operator_3.py took 0.071 seconds
[2024-10-29T02:13:53.870+0000] {processor.py:186} INFO - Started process (PID=47695) to work on /home/airflow/.local/lib/python3.11/site-packages/airflow/example_dags/example_branch_python_dop_operator_3.py
[2024-10-29T02:13:53.870+0000] {processor.py:914} INFO - Processing file /home/airflow/.local/lib/python3.11/site-packages/airflow/example_dags/example_branch_python_dop_operator_3.py for tasks to queue
[2024-10-29T02:13:53.872+0000] {logging_mixin.py:190} INFO - [2024-10-29T02:13:53.871+0000] {dagbag.py:588} INFO - Filling up the DagBag from /home/airflow/.local/lib/python3.11/site-packages/airflow/example_dags/example_branch_python_dop_operator_3.py
[2024-10-29T02:13:53.877+0000] {processor.py:925} INFO - DAG(s) 'example_branch_dop_operator_v3' retrieved from /home/airflow/.local/lib/python3.11/site-packages/airflow/example_dags/example_branch_python_dop_operator_3.py
[2024-10-29T02:13:53.885+0000] {logging_mixin.py:190} INFO - [2024-10-29T02:13:53.885+0000] {dag.py:3239} INFO - Sync 1 DAGs
[2024-10-29T02:13:53.897+0000] {logging_mixin.py:190} INFO - [2024-10-29T02:13:53.897+0000] {dag.py:4180} INFO - Setting next_dagrun for example_branch_dop_operator_v3 to 2024-10-29 02:12:00+00:00, run_after=2024-10-29 02:13:00+00:00
[2024-10-29T02:13:53.904+0000] {processor.py:208} INFO - Processing /home/airflow/.local/lib/python3.11/site-packages/airflow/example_dags/example_branch_python_dop_operator_3.py took 0.038 seconds
[2024-10-29T02:45:22.951+0000] {processor.py:186} INFO - Started process (PID=47758) to work on /home/airflow/.local/lib/python3.11/site-packages/airflow/example_dags/example_branch_python_dop_operator_3.py
[2024-10-29T02:45:22.952+0000] {processor.py:914} INFO - Processing file /home/airflow/.local/lib/python3.11/site-packages/airflow/example_dags/example_branch_python_dop_operator_3.py for tasks to queue
[2024-10-29T02:45:22.954+0000] {logging_mixin.py:190} INFO - [2024-10-29T02:45:22.953+0000] {dagbag.py:588} INFO - Filling up the DagBag from /home/airflow/.local/lib/python3.11/site-packages/airflow/example_dags/example_branch_python_dop_operator_3.py
[2024-10-29T02:45:22.960+0000] {processor.py:925} INFO - DAG(s) 'example_branch_dop_operator_v3' retrieved from /home/airflow/.local/lib/python3.11/site-packages/airflow/example_dags/example_branch_python_dop_operator_3.py
[2024-10-29T02:45:22.970+0000] {logging_mixin.py:190} INFO - [2024-10-29T02:45:22.970+0000] {dag.py:3239} INFO - Sync 1 DAGs
[2024-10-29T02:45:22.983+0000] {logging_mixin.py:190} INFO - [2024-10-29T02:45:22.983+0000] {dag.py:4180} INFO - Setting next_dagrun for example_branch_dop_operator_v3 to 2024-10-29 02:44:00+00:00, run_after=2024-10-29 02:45:00+00:00
[2024-10-29T02:45:22.995+0000] {processor.py:208} INFO - Processing /home/airflow/.local/lib/python3.11/site-packages/airflow/example_dags/example_branch_python_dop_operator_3.py took 0.047 seconds
[2024-10-29T03:18:13.308+0000] {processor.py:186} INFO - Started process (PID=47821) to work on /home/airflow/.local/lib/python3.11/site-packages/airflow/example_dags/example_branch_python_dop_operator_3.py
[2024-10-29T03:18:13.309+0000] {processor.py:914} INFO - Processing file /home/airflow/.local/lib/python3.11/site-packages/airflow/example_dags/example_branch_python_dop_operator_3.py for tasks to queue
[2024-10-29T03:18:13.310+0000] {logging_mixin.py:190} INFO - [2024-10-29T03:18:13.310+0000] {dagbag.py:588} INFO - Filling up the DagBag from /home/airflow/.local/lib/python3.11/site-packages/airflow/example_dags/example_branch_python_dop_operator_3.py
[2024-10-29T03:18:13.317+0000] {processor.py:925} INFO - DAG(s) 'example_branch_dop_operator_v3' retrieved from /home/airflow/.local/lib/python3.11/site-packages/airflow/example_dags/example_branch_python_dop_operator_3.py
[2024-10-29T03:18:13.328+0000] {logging_mixin.py:190} INFO - [2024-10-29T03:18:13.328+0000] {dag.py:3239} INFO - Sync 1 DAGs
[2024-10-29T03:18:13.355+0000] {logging_mixin.py:190} INFO - [2024-10-29T03:18:13.355+0000] {dag.py:4180} INFO - Setting next_dagrun for example_branch_dop_operator_v3 to 2024-10-29 03:17:00+00:00, run_after=2024-10-29 03:18:00+00:00
[2024-10-29T03:18:13.607+0000] {processor.py:208} INFO - Processing /home/airflow/.local/lib/python3.11/site-packages/airflow/example_dags/example_branch_python_dop_operator_3.py took 0.303 seconds
[2024-10-29T03:45:36.470+0000] {processor.py:186} INFO - Started process (PID=47884) to work on /home/airflow/.local/lib/python3.11/site-packages/airflow/example_dags/example_branch_python_dop_operator_3.py
[2024-10-29T03:45:36.471+0000] {processor.py:914} INFO - Processing file /home/airflow/.local/lib/python3.11/site-packages/airflow/example_dags/example_branch_python_dop_operator_3.py for tasks to queue
[2024-10-29T03:45:36.473+0000] {logging_mixin.py:190} INFO - [2024-10-29T03:45:36.473+0000] {dagbag.py:588} INFO - Filling up the DagBag from /home/airflow/.local/lib/python3.11/site-packages/airflow/example_dags/example_branch_python_dop_operator_3.py
[2024-10-29T03:45:36.482+0000] {processor.py:925} INFO - DAG(s) 'example_branch_dop_operator_v3' retrieved from /home/airflow/.local/lib/python3.11/site-packages/airflow/example_dags/example_branch_python_dop_operator_3.py
[2024-10-29T03:45:36.493+0000] {logging_mixin.py:190} INFO - [2024-10-29T03:45:36.493+0000] {dag.py:3239} INFO - Sync 1 DAGs
[2024-10-29T03:45:36.506+0000] {logging_mixin.py:190} INFO - [2024-10-29T03:45:36.506+0000] {dag.py:4180} INFO - Setting next_dagrun for example_branch_dop_operator_v3 to 2024-10-29 03:44:00+00:00, run_after=2024-10-29 03:45:00+00:00
[2024-10-29T03:45:36.515+0000] {processor.py:208} INFO - Processing /home/airflow/.local/lib/python3.11/site-packages/airflow/example_dags/example_branch_python_dop_operator_3.py took 0.049 seconds
[2024-10-29T04:34:59.304+0000] {processor.py:186} INFO - Started process (PID=47946) to work on /home/airflow/.local/lib/python3.11/site-packages/airflow/example_dags/example_branch_python_dop_operator_3.py
[2024-10-29T04:34:59.305+0000] {processor.py:914} INFO - Processing file /home/airflow/.local/lib/python3.11/site-packages/airflow/example_dags/example_branch_python_dop_operator_3.py for tasks to queue
[2024-10-29T04:34:59.307+0000] {logging_mixin.py:190} INFO - [2024-10-29T04:34:59.306+0000] {dagbag.py:588} INFO - Filling up the DagBag from /home/airflow/.local/lib/python3.11/site-packages/airflow/example_dags/example_branch_python_dop_operator_3.py
[2024-10-29T04:34:59.313+0000] {processor.py:925} INFO - DAG(s) 'example_branch_dop_operator_v3' retrieved from /home/airflow/.local/lib/python3.11/site-packages/airflow/example_dags/example_branch_python_dop_operator_3.py
[2024-10-29T04:34:59.324+0000] {logging_mixin.py:190} INFO - [2024-10-29T04:34:59.323+0000] {dag.py:3239} INFO - Sync 1 DAGs
[2024-10-29T04:34:59.337+0000] {logging_mixin.py:190} INFO - [2024-10-29T04:34:59.337+0000] {dag.py:4180} INFO - Setting next_dagrun for example_branch_dop_operator_v3 to 2024-10-29 04:33:00+00:00, run_after=2024-10-29 04:34:00+00:00
[2024-10-29T04:34:59.348+0000] {processor.py:208} INFO - Processing /home/airflow/.local/lib/python3.11/site-packages/airflow/example_dags/example_branch_python_dop_operator_3.py took 0.048 seconds
[2024-10-29T04:59:49.162+0000] {processor.py:186} INFO - Started process (PID=48009) to work on /home/airflow/.local/lib/python3.11/site-packages/airflow/example_dags/example_branch_python_dop_operator_3.py
[2024-10-29T04:59:49.163+0000] {processor.py:914} INFO - Processing file /home/airflow/.local/lib/python3.11/site-packages/airflow/example_dags/example_branch_python_dop_operator_3.py for tasks to queue
[2024-10-29T04:59:49.165+0000] {logging_mixin.py:190} INFO - [2024-10-29T04:59:49.165+0000] {dagbag.py:588} INFO - Filling up the DagBag from /home/airflow/.local/lib/python3.11/site-packages/airflow/example_dags/example_branch_python_dop_operator_3.py
[2024-10-29T04:59:49.170+0000] {processor.py:925} INFO - DAG(s) 'example_branch_dop_operator_v3' retrieved from /home/airflow/.local/lib/python3.11/site-packages/airflow/example_dags/example_branch_python_dop_operator_3.py
[2024-10-29T04:59:49.180+0000] {logging_mixin.py:190} INFO - [2024-10-29T04:59:49.180+0000] {dag.py:3239} INFO - Sync 1 DAGs
[2024-10-29T04:59:49.193+0000] {logging_mixin.py:190} INFO - [2024-10-29T04:59:49.193+0000] {dag.py:4180} INFO - Setting next_dagrun for example_branch_dop_operator_v3 to 2024-10-29 04:58:00+00:00, run_after=2024-10-29 04:59:00+00:00
[2024-10-29T04:59:49.203+0000] {processor.py:208} INFO - Processing /home/airflow/.local/lib/python3.11/site-packages/airflow/example_dags/example_branch_python_dop_operator_3.py took 0.044 seconds
[2024-10-29T05:52:13.632+0000] {processor.py:186} INFO - Started process (PID=48071) to work on /home/airflow/.local/lib/python3.11/site-packages/airflow/example_dags/example_branch_python_dop_operator_3.py
[2024-10-29T05:52:13.632+0000] {processor.py:914} INFO - Processing file /home/airflow/.local/lib/python3.11/site-packages/airflow/example_dags/example_branch_python_dop_operator_3.py for tasks to queue
[2024-10-29T05:52:13.634+0000] {logging_mixin.py:190} INFO - [2024-10-29T05:52:13.634+0000] {dagbag.py:588} INFO - Filling up the DagBag from /home/airflow/.local/lib/python3.11/site-packages/airflow/example_dags/example_branch_python_dop_operator_3.py
[2024-10-29T05:52:13.639+0000] {processor.py:925} INFO - DAG(s) 'example_branch_dop_operator_v3' retrieved from /home/airflow/.local/lib/python3.11/site-packages/airflow/example_dags/example_branch_python_dop_operator_3.py
[2024-10-29T05:52:13.649+0000] {logging_mixin.py:190} INFO - [2024-10-29T05:52:13.649+0000] {dag.py:3239} INFO - Sync 1 DAGs
[2024-10-29T05:52:13.668+0000] {logging_mixin.py:190} INFO - [2024-10-29T05:52:13.668+0000] {dag.py:4180} INFO - Setting next_dagrun for example_branch_dop_operator_v3 to 2024-10-29 05:51:00+00:00, run_after=2024-10-29 05:52:00+00:00
[2024-10-29T05:52:13.693+0000] {processor.py:208} INFO - Processing /home/airflow/.local/lib/python3.11/site-packages/airflow/example_dags/example_branch_python_dop_operator_3.py took 0.064 seconds
[2024-10-29T06:31:00.378+0000] {processor.py:186} INFO - Started process (PID=48134) to work on /home/airflow/.local/lib/python3.11/site-packages/airflow/example_dags/example_branch_python_dop_operator_3.py
[2024-10-29T06:31:00.378+0000] {processor.py:914} INFO - Processing file /home/airflow/.local/lib/python3.11/site-packages/airflow/example_dags/example_branch_python_dop_operator_3.py for tasks to queue
[2024-10-29T06:31:00.380+0000] {logging_mixin.py:190} INFO - [2024-10-29T06:31:00.380+0000] {dagbag.py:588} INFO - Filling up the DagBag from /home/airflow/.local/lib/python3.11/site-packages/airflow/example_dags/example_branch_python_dop_operator_3.py
[2024-10-29T06:31:00.385+0000] {processor.py:925} INFO - DAG(s) 'example_branch_dop_operator_v3' retrieved from /home/airflow/.local/lib/python3.11/site-packages/airflow/example_dags/example_branch_python_dop_operator_3.py
[2024-10-29T06:31:00.395+0000] {logging_mixin.py:190} INFO - [2024-10-29T06:31:00.395+0000] {dag.py:3239} INFO - Sync 1 DAGs
[2024-10-29T06:31:00.407+0000] {logging_mixin.py:190} INFO - [2024-10-29T06:31:00.407+0000] {dag.py:4180} INFO - Setting next_dagrun for example_branch_dop_operator_v3 to 2024-10-29 06:30:00+00:00, run_after=2024-10-29 06:31:00+00:00
[2024-10-29T06:31:00.416+0000] {processor.py:208} INFO - Processing /home/airflow/.local/lib/python3.11/site-packages/airflow/example_dags/example_branch_python_dop_operator_3.py took 0.041 seconds
[2024-10-29T07:19:59.209+0000] {processor.py:186} INFO - Started process (PID=48196) to work on /home/airflow/.local/lib/python3.11/site-packages/airflow/example_dags/example_branch_python_dop_operator_3.py
[2024-10-29T07:19:59.210+0000] {processor.py:914} INFO - Processing file /home/airflow/.local/lib/python3.11/site-packages/airflow/example_dags/example_branch_python_dop_operator_3.py for tasks to queue
[2024-10-29T07:19:59.212+0000] {logging_mixin.py:190} INFO - [2024-10-29T07:19:59.212+0000] {dagbag.py:588} INFO - Filling up the DagBag from /home/airflow/.local/lib/python3.11/site-packages/airflow/example_dags/example_branch_python_dop_operator_3.py
[2024-10-29T07:19:59.218+0000] {processor.py:925} INFO - DAG(s) 'example_branch_dop_operator_v3' retrieved from /home/airflow/.local/lib/python3.11/site-packages/airflow/example_dags/example_branch_python_dop_operator_3.py
[2024-10-29T07:19:59.238+0000] {logging_mixin.py:190} INFO - [2024-10-29T07:19:59.238+0000] {dag.py:3239} INFO - Sync 1 DAGs
[2024-10-29T07:19:59.253+0000] {logging_mixin.py:190} INFO - [2024-10-29T07:19:59.253+0000] {dag.py:4180} INFO - Setting next_dagrun for example_branch_dop_operator_v3 to 2024-10-29 07:18:00+00:00, run_after=2024-10-29 07:19:00+00:00
[2024-10-29T07:19:59.262+0000] {processor.py:208} INFO - Processing /home/airflow/.local/lib/python3.11/site-packages/airflow/example_dags/example_branch_python_dop_operator_3.py took 0.057 seconds
[2024-10-29T07:59:19.841+0000] {processor.py:186} INFO - Started process (PID=48259) to work on /home/airflow/.local/lib/python3.11/site-packages/airflow/example_dags/example_branch_python_dop_operator_3.py
[2024-10-29T07:59:19.842+0000] {processor.py:914} INFO - Processing file /home/airflow/.local/lib/python3.11/site-packages/airflow/example_dags/example_branch_python_dop_operator_3.py for tasks to queue
[2024-10-29T07:59:19.843+0000] {logging_mixin.py:190} INFO - [2024-10-29T07:59:19.843+0000] {dagbag.py:588} INFO - Filling up the DagBag from /home/airflow/.local/lib/python3.11/site-packages/airflow/example_dags/example_branch_python_dop_operator_3.py
[2024-10-29T07:59:19.849+0000] {processor.py:925} INFO - DAG(s) 'example_branch_dop_operator_v3' retrieved from /home/airflow/.local/lib/python3.11/site-packages/airflow/example_dags/example_branch_python_dop_operator_3.py
[2024-10-29T07:59:19.861+0000] {logging_mixin.py:190} INFO - [2024-10-29T07:59:19.861+0000] {dag.py:3239} INFO - Sync 1 DAGs
[2024-10-29T07:59:19.874+0000] {logging_mixin.py:190} INFO - [2024-10-29T07:59:19.874+0000] {dag.py:4180} INFO - Setting next_dagrun for example_branch_dop_operator_v3 to 2024-10-29 07:58:00+00:00, run_after=2024-10-29 07:59:00+00:00
[2024-10-29T07:59:19.884+0000] {processor.py:208} INFO - Processing /home/airflow/.local/lib/python3.11/site-packages/airflow/example_dags/example_branch_python_dop_operator_3.py took 0.047 seconds
[2024-10-29T07:59:50.046+0000] {processor.py:186} INFO - Started process (PID=48323) to work on /home/airflow/.local/lib/python3.11/site-packages/airflow/example_dags/example_branch_python_dop_operator_3.py
[2024-10-29T07:59:50.047+0000] {processor.py:914} INFO - Processing file /home/airflow/.local/lib/python3.11/site-packages/airflow/example_dags/example_branch_python_dop_operator_3.py for tasks to queue
[2024-10-29T07:59:50.049+0000] {logging_mixin.py:190} INFO - [2024-10-29T07:59:50.049+0000] {dagbag.py:588} INFO - Filling up the DagBag from /home/airflow/.local/lib/python3.11/site-packages/airflow/example_dags/example_branch_python_dop_operator_3.py
[2024-10-29T07:59:50.055+0000] {processor.py:925} INFO - DAG(s) 'example_branch_dop_operator_v3' retrieved from /home/airflow/.local/lib/python3.11/site-packages/airflow/example_dags/example_branch_python_dop_operator_3.py
[2024-10-29T07:59:50.065+0000] {logging_mixin.py:190} INFO - [2024-10-29T07:59:50.065+0000] {dag.py:3239} INFO - Sync 1 DAGs
[2024-10-29T07:59:50.080+0000] {logging_mixin.py:190} INFO - [2024-10-29T07:59:50.080+0000] {dag.py:4180} INFO - Setting next_dagrun for example_branch_dop_operator_v3 to 2024-10-29 07:58:00+00:00, run_after=2024-10-29 07:59:00+00:00
[2024-10-29T07:59:50.090+0000] {processor.py:208} INFO - Processing /home/airflow/.local/lib/python3.11/site-packages/airflow/example_dags/example_branch_python_dop_operator_3.py took 0.047 seconds
[2024-10-29T08:00:20.397+0000] {processor.py:186} INFO - Started process (PID=48386) to work on /home/airflow/.local/lib/python3.11/site-packages/airflow/example_dags/example_branch_python_dop_operator_3.py
[2024-10-29T08:00:20.397+0000] {processor.py:914} INFO - Processing file /home/airflow/.local/lib/python3.11/site-packages/airflow/example_dags/example_branch_python_dop_operator_3.py for tasks to queue
[2024-10-29T08:00:20.399+0000] {logging_mixin.py:190} INFO - [2024-10-29T08:00:20.399+0000] {dagbag.py:588} INFO - Filling up the DagBag from /home/airflow/.local/lib/python3.11/site-packages/airflow/example_dags/example_branch_python_dop_operator_3.py
[2024-10-29T08:00:20.405+0000] {processor.py:925} INFO - DAG(s) 'example_branch_dop_operator_v3' retrieved from /home/airflow/.local/lib/python3.11/site-packages/airflow/example_dags/example_branch_python_dop_operator_3.py
[2024-10-29T08:00:20.415+0000] {logging_mixin.py:190} INFO - [2024-10-29T08:00:20.415+0000] {dag.py:3239} INFO - Sync 1 DAGs
[2024-10-29T08:00:20.427+0000] {logging_mixin.py:190} INFO - [2024-10-29T08:00:20.427+0000] {dag.py:4180} INFO - Setting next_dagrun for example_branch_dop_operator_v3 to 2024-10-29 07:59:00+00:00, run_after=2024-10-29 08:00:00+00:00
[2024-10-29T08:00:20.435+0000] {processor.py:208} INFO - Processing /home/airflow/.local/lib/python3.11/site-packages/airflow/example_dags/example_branch_python_dop_operator_3.py took 0.042 seconds
[2024-10-29T08:00:50.735+0000] {processor.py:186} INFO - Started process (PID=48449) to work on /home/airflow/.local/lib/python3.11/site-packages/airflow/example_dags/example_branch_python_dop_operator_3.py
[2024-10-29T08:00:50.735+0000] {processor.py:914} INFO - Processing file /home/airflow/.local/lib/python3.11/site-packages/airflow/example_dags/example_branch_python_dop_operator_3.py for tasks to queue
[2024-10-29T08:00:50.737+0000] {logging_mixin.py:190} INFO - [2024-10-29T08:00:50.737+0000] {dagbag.py:588} INFO - Filling up the DagBag from /home/airflow/.local/lib/python3.11/site-packages/airflow/example_dags/example_branch_python_dop_operator_3.py
[2024-10-29T08:00:50.743+0000] {processor.py:925} INFO - DAG(s) 'example_branch_dop_operator_v3' retrieved from /home/airflow/.local/lib/python3.11/site-packages/airflow/example_dags/example_branch_python_dop_operator_3.py
[2024-10-29T08:00:50.753+0000] {logging_mixin.py:190} INFO - [2024-10-29T08:00:50.753+0000] {dag.py:3239} INFO - Sync 1 DAGs
[2024-10-29T08:00:50.765+0000] {logging_mixin.py:190} INFO - [2024-10-29T08:00:50.765+0000] {dag.py:4180} INFO - Setting next_dagrun for example_branch_dop_operator_v3 to 2024-10-29 07:59:00+00:00, run_after=2024-10-29 08:00:00+00:00
[2024-10-29T08:00:50.773+0000] {processor.py:208} INFO - Processing /home/airflow/.local/lib/python3.11/site-packages/airflow/example_dags/example_branch_python_dop_operator_3.py took 0.041 seconds
[2024-10-29T08:01:21.534+0000] {processor.py:186} INFO - Started process (PID=48512) to work on /home/airflow/.local/lib/python3.11/site-packages/airflow/example_dags/example_branch_python_dop_operator_3.py
[2024-10-29T08:01:21.535+0000] {processor.py:914} INFO - Processing file /home/airflow/.local/lib/python3.11/site-packages/airflow/example_dags/example_branch_python_dop_operator_3.py for tasks to queue
[2024-10-29T08:01:21.537+0000] {logging_mixin.py:190} INFO - [2024-10-29T08:01:21.536+0000] {dagbag.py:588} INFO - Filling up the DagBag from /home/airflow/.local/lib/python3.11/site-packages/airflow/example_dags/example_branch_python_dop_operator_3.py
[2024-10-29T08:01:21.542+0000] {processor.py:925} INFO - DAG(s) 'example_branch_dop_operator_v3' retrieved from /home/airflow/.local/lib/python3.11/site-packages/airflow/example_dags/example_branch_python_dop_operator_3.py
[2024-10-29T08:01:21.552+0000] {logging_mixin.py:190} INFO - [2024-10-29T08:01:21.552+0000] {dag.py:3239} INFO - Sync 1 DAGs
[2024-10-29T08:01:21.566+0000] {logging_mixin.py:190} INFO - [2024-10-29T08:01:21.566+0000] {dag.py:4180} INFO - Setting next_dagrun for example_branch_dop_operator_v3 to 2024-10-29 08:00:00+00:00, run_after=2024-10-29 08:01:00+00:00
[2024-10-29T08:01:21.575+0000] {processor.py:208} INFO - Processing /home/airflow/.local/lib/python3.11/site-packages/airflow/example_dags/example_branch_python_dop_operator_3.py took 0.044 seconds
[2024-10-29T08:01:52.236+0000] {processor.py:186} INFO - Started process (PID=48575) to work on /home/airflow/.local/lib/python3.11/site-packages/airflow/example_dags/example_branch_python_dop_operator_3.py
[2024-10-29T08:01:52.238+0000] {processor.py:914} INFO - Processing file /home/airflow/.local/lib/python3.11/site-packages/airflow/example_dags/example_branch_python_dop_operator_3.py for tasks to queue
[2024-10-29T08:01:52.240+0000] {logging_mixin.py:190} INFO - [2024-10-29T08:01:52.240+0000] {dagbag.py:588} INFO - Filling up the DagBag from /home/airflow/.local/lib/python3.11/site-packages/airflow/example_dags/example_branch_python_dop_operator_3.py
[2024-10-29T08:01:52.252+0000] {processor.py:925} INFO - DAG(s) 'example_branch_dop_operator_v3' retrieved from /home/airflow/.local/lib/python3.11/site-packages/airflow/example_dags/example_branch_python_dop_operator_3.py
[2024-10-29T08:01:52.276+0000] {logging_mixin.py:190} INFO - [2024-10-29T08:01:52.275+0000] {dag.py:3239} INFO - Sync 1 DAGs
[2024-10-29T08:01:52.299+0000] {logging_mixin.py:190} INFO - [2024-10-29T08:01:52.299+0000] {dag.py:4180} INFO - Setting next_dagrun for example_branch_dop_operator_v3 to 2024-10-29 08:00:00+00:00, run_after=2024-10-29 08:01:00+00:00
[2024-10-29T08:01:52.321+0000] {processor.py:208} INFO - Processing /home/airflow/.local/lib/python3.11/site-packages/airflow/example_dags/example_branch_python_dop_operator_3.py took 0.089 seconds
[2024-10-29T08:02:23.060+0000] {processor.py:186} INFO - Started process (PID=48638) to work on /home/airflow/.local/lib/python3.11/site-packages/airflow/example_dags/example_branch_python_dop_operator_3.py
[2024-10-29T08:02:23.061+0000] {processor.py:914} INFO - Processing file /home/airflow/.local/lib/python3.11/site-packages/airflow/example_dags/example_branch_python_dop_operator_3.py for tasks to queue
[2024-10-29T08:02:23.063+0000] {logging_mixin.py:190} INFO - [2024-10-29T08:02:23.063+0000] {dagbag.py:588} INFO - Filling up the DagBag from /home/airflow/.local/lib/python3.11/site-packages/airflow/example_dags/example_branch_python_dop_operator_3.py
[2024-10-29T08:02:23.070+0000] {processor.py:925} INFO - DAG(s) 'example_branch_dop_operator_v3' retrieved from /home/airflow/.local/lib/python3.11/site-packages/airflow/example_dags/example_branch_python_dop_operator_3.py
[2024-10-29T08:02:23.081+0000] {logging_mixin.py:190} INFO - [2024-10-29T08:02:23.081+0000] {dag.py:3239} INFO - Sync 1 DAGs
[2024-10-29T08:02:23.094+0000] {logging_mixin.py:190} INFO - [2024-10-29T08:02:23.094+0000] {dag.py:4180} INFO - Setting next_dagrun for example_branch_dop_operator_v3 to 2024-10-29 08:01:00+00:00, run_after=2024-10-29 08:02:00+00:00
[2024-10-29T08:02:23.103+0000] {processor.py:208} INFO - Processing /home/airflow/.local/lib/python3.11/site-packages/airflow/example_dags/example_branch_python_dop_operator_3.py took 0.046 seconds
[2024-10-29T08:02:53.716+0000] {processor.py:186} INFO - Started process (PID=48701) to work on /home/airflow/.local/lib/python3.11/site-packages/airflow/example_dags/example_branch_python_dop_operator_3.py
[2024-10-29T08:02:53.716+0000] {processor.py:914} INFO - Processing file /home/airflow/.local/lib/python3.11/site-packages/airflow/example_dags/example_branch_python_dop_operator_3.py for tasks to queue
[2024-10-29T08:02:53.718+0000] {logging_mixin.py:190} INFO - [2024-10-29T08:02:53.718+0000] {dagbag.py:588} INFO - Filling up the DagBag from /home/airflow/.local/lib/python3.11/site-packages/airflow/example_dags/example_branch_python_dop_operator_3.py
[2024-10-29T08:02:53.723+0000] {processor.py:925} INFO - DAG(s) 'example_branch_dop_operator_v3' retrieved from /home/airflow/.local/lib/python3.11/site-packages/airflow/example_dags/example_branch_python_dop_operator_3.py
[2024-10-29T08:02:53.733+0000] {logging_mixin.py:190} INFO - [2024-10-29T08:02:53.733+0000] {dag.py:3239} INFO - Sync 1 DAGs
[2024-10-29T08:02:53.745+0000] {logging_mixin.py:190} INFO - [2024-10-29T08:02:53.745+0000] {dag.py:4180} INFO - Setting next_dagrun for example_branch_dop_operator_v3 to 2024-10-29 08:01:00+00:00, run_after=2024-10-29 08:02:00+00:00
[2024-10-29T08:02:53.753+0000] {processor.py:208} INFO - Processing /home/airflow/.local/lib/python3.11/site-packages/airflow/example_dags/example_branch_python_dop_operator_3.py took 0.041 seconds
[2024-10-29T08:03:24.161+0000] {processor.py:186} INFO - Started process (PID=48764) to work on /home/airflow/.local/lib/python3.11/site-packages/airflow/example_dags/example_branch_python_dop_operator_3.py
[2024-10-29T08:03:24.162+0000] {processor.py:914} INFO - Processing file /home/airflow/.local/lib/python3.11/site-packages/airflow/example_dags/example_branch_python_dop_operator_3.py for tasks to queue
[2024-10-29T08:03:24.163+0000] {logging_mixin.py:190} INFO - [2024-10-29T08:03:24.163+0000] {dagbag.py:588} INFO - Filling up the DagBag from /home/airflow/.local/lib/python3.11/site-packages/airflow/example_dags/example_branch_python_dop_operator_3.py
[2024-10-29T08:03:24.169+0000] {processor.py:925} INFO - DAG(s) 'example_branch_dop_operator_v3' retrieved from /home/airflow/.local/lib/python3.11/site-packages/airflow/example_dags/example_branch_python_dop_operator_3.py
[2024-10-29T08:03:24.179+0000] {logging_mixin.py:190} INFO - [2024-10-29T08:03:24.179+0000] {dag.py:3239} INFO - Sync 1 DAGs
[2024-10-29T08:03:24.192+0000] {logging_mixin.py:190} INFO - [2024-10-29T08:03:24.192+0000] {dag.py:4180} INFO - Setting next_dagrun for example_branch_dop_operator_v3 to 2024-10-29 08:02:00+00:00, run_after=2024-10-29 08:03:00+00:00
[2024-10-29T08:03:24.201+0000] {processor.py:208} INFO - Processing /home/airflow/.local/lib/python3.11/site-packages/airflow/example_dags/example_branch_python_dop_operator_3.py took 0.043 seconds
[2024-10-29T08:03:54.538+0000] {processor.py:186} INFO - Started process (PID=48827) to work on /home/airflow/.local/lib/python3.11/site-packages/airflow/example_dags/example_branch_python_dop_operator_3.py
[2024-10-29T08:03:54.539+0000] {processor.py:914} INFO - Processing file /home/airflow/.local/lib/python3.11/site-packages/airflow/example_dags/example_branch_python_dop_operator_3.py for tasks to queue
[2024-10-29T08:03:54.541+0000] {logging_mixin.py:190} INFO - [2024-10-29T08:03:54.541+0000] {dagbag.py:588} INFO - Filling up the DagBag from /home/airflow/.local/lib/python3.11/site-packages/airflow/example_dags/example_branch_python_dop_operator_3.py
[2024-10-29T08:03:54.552+0000] {processor.py:925} INFO - DAG(s) 'example_branch_dop_operator_v3' retrieved from /home/airflow/.local/lib/python3.11/site-packages/airflow/example_dags/example_branch_python_dop_operator_3.py
[2024-10-29T08:03:54.562+0000] {logging_mixin.py:190} INFO - [2024-10-29T08:03:54.562+0000] {dag.py:3239} INFO - Sync 1 DAGs
[2024-10-29T08:03:54.574+0000] {logging_mixin.py:190} INFO - [2024-10-29T08:03:54.574+0000] {dag.py:4180} INFO - Setting next_dagrun for example_branch_dop_operator_v3 to 2024-10-29 08:02:00+00:00, run_after=2024-10-29 08:03:00+00:00
[2024-10-29T08:03:54.584+0000] {processor.py:208} INFO - Processing /home/airflow/.local/lib/python3.11/site-packages/airflow/example_dags/example_branch_python_dop_operator_3.py took 0.051 seconds
[2024-10-29T08:04:25.087+0000] {processor.py:186} INFO - Started process (PID=48890) to work on /home/airflow/.local/lib/python3.11/site-packages/airflow/example_dags/example_branch_python_dop_operator_3.py
[2024-10-29T08:04:25.088+0000] {processor.py:914} INFO - Processing file /home/airflow/.local/lib/python3.11/site-packages/airflow/example_dags/example_branch_python_dop_operator_3.py for tasks to queue
[2024-10-29T08:04:25.089+0000] {logging_mixin.py:190} INFO - [2024-10-29T08:04:25.089+0000] {dagbag.py:588} INFO - Filling up the DagBag from /home/airflow/.local/lib/python3.11/site-packages/airflow/example_dags/example_branch_python_dop_operator_3.py
[2024-10-29T08:04:25.096+0000] {processor.py:925} INFO - DAG(s) 'example_branch_dop_operator_v3' retrieved from /home/airflow/.local/lib/python3.11/site-packages/airflow/example_dags/example_branch_python_dop_operator_3.py
[2024-10-29T08:04:25.106+0000] {logging_mixin.py:190} INFO - [2024-10-29T08:04:25.106+0000] {dag.py:3239} INFO - Sync 1 DAGs
[2024-10-29T08:04:25.119+0000] {logging_mixin.py:190} INFO - [2024-10-29T08:04:25.119+0000] {dag.py:4180} INFO - Setting next_dagrun for example_branch_dop_operator_v3 to 2024-10-29 08:03:00+00:00, run_after=2024-10-29 08:04:00+00:00
[2024-10-29T08:04:25.126+0000] {processor.py:208} INFO - Processing /home/airflow/.local/lib/python3.11/site-packages/airflow/example_dags/example_branch_python_dop_operator_3.py took 0.043 seconds
[2024-10-29T08:04:55.420+0000] {processor.py:186} INFO - Started process (PID=48952) to work on /home/airflow/.local/lib/python3.11/site-packages/airflow/example_dags/example_branch_python_dop_operator_3.py
[2024-10-29T08:04:55.422+0000] {processor.py:914} INFO - Processing file /home/airflow/.local/lib/python3.11/site-packages/airflow/example_dags/example_branch_python_dop_operator_3.py for tasks to queue
[2024-10-29T08:04:55.423+0000] {logging_mixin.py:190} INFO - [2024-10-29T08:04:55.423+0000] {dagbag.py:588} INFO - Filling up the DagBag from /home/airflow/.local/lib/python3.11/site-packages/airflow/example_dags/example_branch_python_dop_operator_3.py
[2024-10-29T08:04:55.428+0000] {processor.py:925} INFO - DAG(s) 'example_branch_dop_operator_v3' retrieved from /home/airflow/.local/lib/python3.11/site-packages/airflow/example_dags/example_branch_python_dop_operator_3.py
[2024-10-29T08:04:55.439+0000] {logging_mixin.py:190} INFO - [2024-10-29T08:04:55.439+0000] {dag.py:3239} INFO - Sync 1 DAGs
[2024-10-29T08:04:55.452+0000] {logging_mixin.py:190} INFO - [2024-10-29T08:04:55.452+0000] {dag.py:4180} INFO - Setting next_dagrun for example_branch_dop_operator_v3 to 2024-10-29 08:03:00+00:00, run_after=2024-10-29 08:04:00+00:00
[2024-10-29T08:04:55.460+0000] {processor.py:208} INFO - Processing /home/airflow/.local/lib/python3.11/site-packages/airflow/example_dags/example_branch_python_dop_operator_3.py took 0.043 seconds
[2024-10-29T08:05:26.085+0000] {processor.py:186} INFO - Started process (PID=49015) to work on /home/airflow/.local/lib/python3.11/site-packages/airflow/example_dags/example_branch_python_dop_operator_3.py
[2024-10-29T08:05:26.086+0000] {processor.py:914} INFO - Processing file /home/airflow/.local/lib/python3.11/site-packages/airflow/example_dags/example_branch_python_dop_operator_3.py for tasks to queue
[2024-10-29T08:05:26.088+0000] {logging_mixin.py:190} INFO - [2024-10-29T08:05:26.088+0000] {dagbag.py:588} INFO - Filling up the DagBag from /home/airflow/.local/lib/python3.11/site-packages/airflow/example_dags/example_branch_python_dop_operator_3.py
[2024-10-29T08:05:26.095+0000] {processor.py:925} INFO - DAG(s) 'example_branch_dop_operator_v3' retrieved from /home/airflow/.local/lib/python3.11/site-packages/airflow/example_dags/example_branch_python_dop_operator_3.py
[2024-10-29T08:05:26.108+0000] {logging_mixin.py:190} INFO - [2024-10-29T08:05:26.108+0000] {dag.py:3239} INFO - Sync 1 DAGs
[2024-10-29T08:05:26.127+0000] {logging_mixin.py:190} INFO - [2024-10-29T08:05:26.127+0000] {dag.py:4180} INFO - Setting next_dagrun for example_branch_dop_operator_v3 to 2024-10-29 08:04:00+00:00, run_after=2024-10-29 08:05:00+00:00
[2024-10-29T08:05:26.139+0000] {processor.py:208} INFO - Processing /home/airflow/.local/lib/python3.11/site-packages/airflow/example_dags/example_branch_python_dop_operator_3.py took 0.058 seconds
[2024-10-29T08:05:56.633+0000] {processor.py:186} INFO - Started process (PID=49078) to work on /home/airflow/.local/lib/python3.11/site-packages/airflow/example_dags/example_branch_python_dop_operator_3.py
[2024-10-29T08:05:56.634+0000] {processor.py:914} INFO - Processing file /home/airflow/.local/lib/python3.11/site-packages/airflow/example_dags/example_branch_python_dop_operator_3.py for tasks to queue
[2024-10-29T08:05:56.635+0000] {logging_mixin.py:190} INFO - [2024-10-29T08:05:56.635+0000] {dagbag.py:588} INFO - Filling up the DagBag from /home/airflow/.local/lib/python3.11/site-packages/airflow/example_dags/example_branch_python_dop_operator_3.py
[2024-10-29T08:05:56.641+0000] {processor.py:925} INFO - DAG(s) 'example_branch_dop_operator_v3' retrieved from /home/airflow/.local/lib/python3.11/site-packages/airflow/example_dags/example_branch_python_dop_operator_3.py
[2024-10-29T08:05:56.652+0000] {logging_mixin.py:190} INFO - [2024-10-29T08:05:56.651+0000] {dag.py:3239} INFO - Sync 1 DAGs
[2024-10-29T08:05:56.664+0000] {logging_mixin.py:190} INFO - [2024-10-29T08:05:56.664+0000] {dag.py:4180} INFO - Setting next_dagrun for example_branch_dop_operator_v3 to 2024-10-29 08:04:00+00:00, run_after=2024-10-29 08:05:00+00:00
[2024-10-29T08:05:56.672+0000] {processor.py:208} INFO - Processing /home/airflow/.local/lib/python3.11/site-packages/airflow/example_dags/example_branch_python_dop_operator_3.py took 0.043 seconds
[2024-10-29T08:06:27.018+0000] {processor.py:186} INFO - Started process (PID=49141) to work on /home/airflow/.local/lib/python3.11/site-packages/airflow/example_dags/example_branch_python_dop_operator_3.py
[2024-10-29T08:06:27.020+0000] {processor.py:914} INFO - Processing file /home/airflow/.local/lib/python3.11/site-packages/airflow/example_dags/example_branch_python_dop_operator_3.py for tasks to queue
[2024-10-29T08:06:27.021+0000] {logging_mixin.py:190} INFO - [2024-10-29T08:06:27.021+0000] {dagbag.py:588} INFO - Filling up the DagBag from /home/airflow/.local/lib/python3.11/site-packages/airflow/example_dags/example_branch_python_dop_operator_3.py
[2024-10-29T08:06:27.028+0000] {processor.py:925} INFO - DAG(s) 'example_branch_dop_operator_v3' retrieved from /home/airflow/.local/lib/python3.11/site-packages/airflow/example_dags/example_branch_python_dop_operator_3.py
[2024-10-29T08:06:27.039+0000] {logging_mixin.py:190} INFO - [2024-10-29T08:06:27.039+0000] {dag.py:3239} INFO - Sync 1 DAGs
[2024-10-29T08:06:27.052+0000] {logging_mixin.py:190} INFO - [2024-10-29T08:06:27.052+0000] {dag.py:4180} INFO - Setting next_dagrun for example_branch_dop_operator_v3 to 2024-10-29 08:05:00+00:00, run_after=2024-10-29 08:06:00+00:00
[2024-10-29T08:06:27.060+0000] {processor.py:208} INFO - Processing /home/airflow/.local/lib/python3.11/site-packages/airflow/example_dags/example_branch_python_dop_operator_3.py took 0.047 seconds
[2024-10-29T08:06:58.308+0000] {processor.py:186} INFO - Started process (PID=49204) to work on /home/airflow/.local/lib/python3.11/site-packages/airflow/example_dags/example_branch_python_dop_operator_3.py
[2024-10-29T08:06:58.309+0000] {processor.py:914} INFO - Processing file /home/airflow/.local/lib/python3.11/site-packages/airflow/example_dags/example_branch_python_dop_operator_3.py for tasks to queue
[2024-10-29T08:06:58.310+0000] {logging_mixin.py:190} INFO - [2024-10-29T08:06:58.310+0000] {dagbag.py:588} INFO - Filling up the DagBag from /home/airflow/.local/lib/python3.11/site-packages/airflow/example_dags/example_branch_python_dop_operator_3.py
[2024-10-29T08:06:58.316+0000] {processor.py:925} INFO - DAG(s) 'example_branch_dop_operator_v3' retrieved from /home/airflow/.local/lib/python3.11/site-packages/airflow/example_dags/example_branch_python_dop_operator_3.py
[2024-10-29T08:06:58.327+0000] {logging_mixin.py:190} INFO - [2024-10-29T08:06:58.327+0000] {dag.py:3239} INFO - Sync 1 DAGs
[2024-10-29T08:06:58.339+0000] {logging_mixin.py:190} INFO - [2024-10-29T08:06:58.339+0000] {dag.py:4180} INFO - Setting next_dagrun for example_branch_dop_operator_v3 to 2024-10-29 08:05:00+00:00, run_after=2024-10-29 08:06:00+00:00
[2024-10-29T08:06:58.348+0000] {processor.py:208} INFO - Processing /home/airflow/.local/lib/python3.11/site-packages/airflow/example_dags/example_branch_python_dop_operator_3.py took 0.043 seconds
[2024-10-29T08:07:29.187+0000] {processor.py:186} INFO - Started process (PID=49267) to work on /home/airflow/.local/lib/python3.11/site-packages/airflow/example_dags/example_branch_python_dop_operator_3.py
[2024-10-29T08:07:29.188+0000] {processor.py:914} INFO - Processing file /home/airflow/.local/lib/python3.11/site-packages/airflow/example_dags/example_branch_python_dop_operator_3.py for tasks to queue
[2024-10-29T08:07:29.192+0000] {logging_mixin.py:190} INFO - [2024-10-29T08:07:29.191+0000] {dagbag.py:588} INFO - Filling up the DagBag from /home/airflow/.local/lib/python3.11/site-packages/airflow/example_dags/example_branch_python_dop_operator_3.py
[2024-10-29T08:07:29.199+0000] {processor.py:925} INFO - DAG(s) 'example_branch_dop_operator_v3' retrieved from /home/airflow/.local/lib/python3.11/site-packages/airflow/example_dags/example_branch_python_dop_operator_3.py
[2024-10-29T08:07:29.220+0000] {logging_mixin.py:190} INFO - [2024-10-29T08:07:29.220+0000] {dag.py:3239} INFO - Sync 1 DAGs
[2024-10-29T08:07:29.240+0000] {logging_mixin.py:190} INFO - [2024-10-29T08:07:29.240+0000] {dag.py:4180} INFO - Setting next_dagrun for example_branch_dop_operator_v3 to 2024-10-29 08:06:00+00:00, run_after=2024-10-29 08:07:00+00:00
[2024-10-29T08:07:29.251+0000] {processor.py:208} INFO - Processing /home/airflow/.local/lib/python3.11/site-packages/airflow/example_dags/example_branch_python_dop_operator_3.py took 0.071 seconds
[2024-10-29T08:08:00.096+0000] {processor.py:186} INFO - Started process (PID=49330) to work on /home/airflow/.local/lib/python3.11/site-packages/airflow/example_dags/example_branch_python_dop_operator_3.py
[2024-10-29T08:08:00.097+0000] {processor.py:914} INFO - Processing file /home/airflow/.local/lib/python3.11/site-packages/airflow/example_dags/example_branch_python_dop_operator_3.py for tasks to queue
[2024-10-29T08:08:00.098+0000] {logging_mixin.py:190} INFO - [2024-10-29T08:08:00.098+0000] {dagbag.py:588} INFO - Filling up the DagBag from /home/airflow/.local/lib/python3.11/site-packages/airflow/example_dags/example_branch_python_dop_operator_3.py
[2024-10-29T08:08:00.105+0000] {processor.py:925} INFO - DAG(s) 'example_branch_dop_operator_v3' retrieved from /home/airflow/.local/lib/python3.11/site-packages/airflow/example_dags/example_branch_python_dop_operator_3.py
[2024-10-29T08:08:00.115+0000] {logging_mixin.py:190} INFO - [2024-10-29T08:08:00.115+0000] {dag.py:3239} INFO - Sync 1 DAGs
[2024-10-29T08:08:00.127+0000] {logging_mixin.py:190} INFO - [2024-10-29T08:08:00.127+0000] {dag.py:4180} INFO - Setting next_dagrun for example_branch_dop_operator_v3 to 2024-10-29 08:07:00+00:00, run_after=2024-10-29 08:08:00+00:00
[2024-10-29T08:08:00.136+0000] {processor.py:208} INFO - Processing /home/airflow/.local/lib/python3.11/site-packages/airflow/example_dags/example_branch_python_dop_operator_3.py took 0.046 seconds
[2024-10-29T08:08:31.291+0000] {processor.py:186} INFO - Started process (PID=49393) to work on /home/airflow/.local/lib/python3.11/site-packages/airflow/example_dags/example_branch_python_dop_operator_3.py
[2024-10-29T08:08:31.292+0000] {processor.py:914} INFO - Processing file /home/airflow/.local/lib/python3.11/site-packages/airflow/example_dags/example_branch_python_dop_operator_3.py for tasks to queue
[2024-10-29T08:08:31.294+0000] {logging_mixin.py:190} INFO - [2024-10-29T08:08:31.294+0000] {dagbag.py:588} INFO - Filling up the DagBag from /home/airflow/.local/lib/python3.11/site-packages/airflow/example_dags/example_branch_python_dop_operator_3.py
[2024-10-29T08:08:31.302+0000] {processor.py:925} INFO - DAG(s) 'example_branch_dop_operator_v3' retrieved from /home/airflow/.local/lib/python3.11/site-packages/airflow/example_dags/example_branch_python_dop_operator_3.py
[2024-10-29T08:08:31.314+0000] {logging_mixin.py:190} INFO - [2024-10-29T08:08:31.314+0000] {dag.py:3239} INFO - Sync 1 DAGs
[2024-10-29T08:08:31.329+0000] {logging_mixin.py:190} INFO - [2024-10-29T08:08:31.329+0000] {dag.py:4180} INFO - Setting next_dagrun for example_branch_dop_operator_v3 to 2024-10-29 08:07:00+00:00, run_after=2024-10-29 08:08:00+00:00
[2024-10-29T08:08:31.338+0000] {processor.py:208} INFO - Processing /home/airflow/.local/lib/python3.11/site-packages/airflow/example_dags/example_branch_python_dop_operator_3.py took 0.052 seconds
[2024-10-29T08:09:02.447+0000] {processor.py:186} INFO - Started process (PID=49455) to work on /home/airflow/.local/lib/python3.11/site-packages/airflow/example_dags/example_branch_python_dop_operator_3.py
[2024-10-29T08:09:02.448+0000] {processor.py:914} INFO - Processing file /home/airflow/.local/lib/python3.11/site-packages/airflow/example_dags/example_branch_python_dop_operator_3.py for tasks to queue
[2024-10-29T08:09:02.450+0000] {logging_mixin.py:190} INFO - [2024-10-29T08:09:02.450+0000] {dagbag.py:588} INFO - Filling up the DagBag from /home/airflow/.local/lib/python3.11/site-packages/airflow/example_dags/example_branch_python_dop_operator_3.py
[2024-10-29T08:09:02.456+0000] {processor.py:925} INFO - DAG(s) 'example_branch_dop_operator_v3' retrieved from /home/airflow/.local/lib/python3.11/site-packages/airflow/example_dags/example_branch_python_dop_operator_3.py
[2024-10-29T08:09:02.468+0000] {logging_mixin.py:190} INFO - [2024-10-29T08:09:02.468+0000] {dag.py:3239} INFO - Sync 1 DAGs
[2024-10-29T08:09:02.482+0000] {logging_mixin.py:190} INFO - [2024-10-29T08:09:02.482+0000] {dag.py:4180} INFO - Setting next_dagrun for example_branch_dop_operator_v3 to 2024-10-29 08:08:00+00:00, run_after=2024-10-29 08:09:00+00:00
[2024-10-29T08:09:02.493+0000] {processor.py:208} INFO - Processing /home/airflow/.local/lib/python3.11/site-packages/airflow/example_dags/example_branch_python_dop_operator_3.py took 0.051 seconds
[2024-10-29T08:09:32.518+0000] {processor.py:186} INFO - Started process (PID=49517) to work on /home/airflow/.local/lib/python3.11/site-packages/airflow/example_dags/example_branch_python_dop_operator_3.py
[2024-10-29T08:09:32.519+0000] {processor.py:914} INFO - Processing file /home/airflow/.local/lib/python3.11/site-packages/airflow/example_dags/example_branch_python_dop_operator_3.py for tasks to queue
[2024-10-29T08:09:32.520+0000] {logging_mixin.py:190} INFO - [2024-10-29T08:09:32.520+0000] {dagbag.py:588} INFO - Filling up the DagBag from /home/airflow/.local/lib/python3.11/site-packages/airflow/example_dags/example_branch_python_dop_operator_3.py
[2024-10-29T08:09:32.528+0000] {processor.py:925} INFO - DAG(s) 'example_branch_dop_operator_v3' retrieved from /home/airflow/.local/lib/python3.11/site-packages/airflow/example_dags/example_branch_python_dop_operator_3.py
[2024-10-29T08:09:32.540+0000] {logging_mixin.py:190} INFO - [2024-10-29T08:09:32.539+0000] {dag.py:3239} INFO - Sync 1 DAGs
[2024-10-29T08:09:32.562+0000] {logging_mixin.py:190} INFO - [2024-10-29T08:09:32.561+0000] {dag.py:4180} INFO - Setting next_dagrun for example_branch_dop_operator_v3 to 2024-10-29 08:08:00+00:00, run_after=2024-10-29 08:09:00+00:00
[2024-10-29T08:09:32.657+0000] {processor.py:208} INFO - Processing /home/airflow/.local/lib/python3.11/site-packages/airflow/example_dags/example_branch_python_dop_operator_3.py took 0.143 seconds
[2024-10-29T08:10:03.385+0000] {processor.py:186} INFO - Started process (PID=49580) to work on /home/airflow/.local/lib/python3.11/site-packages/airflow/example_dags/example_branch_python_dop_operator_3.py
[2024-10-29T08:10:03.386+0000] {processor.py:914} INFO - Processing file /home/airflow/.local/lib/python3.11/site-packages/airflow/example_dags/example_branch_python_dop_operator_3.py for tasks to queue
[2024-10-29T08:10:03.388+0000] {logging_mixin.py:190} INFO - [2024-10-29T08:10:03.388+0000] {dagbag.py:588} INFO - Filling up the DagBag from /home/airflow/.local/lib/python3.11/site-packages/airflow/example_dags/example_branch_python_dop_operator_3.py
[2024-10-29T08:10:03.396+0000] {processor.py:925} INFO - DAG(s) 'example_branch_dop_operator_v3' retrieved from /home/airflow/.local/lib/python3.11/site-packages/airflow/example_dags/example_branch_python_dop_operator_3.py
[2024-10-29T08:10:03.411+0000] {logging_mixin.py:190} INFO - [2024-10-29T08:10:03.410+0000] {dag.py:3239} INFO - Sync 1 DAGs
[2024-10-29T08:10:03.425+0000] {logging_mixin.py:190} INFO - [2024-10-29T08:10:03.425+0000] {dag.py:4180} INFO - Setting next_dagrun for example_branch_dop_operator_v3 to 2024-10-29 08:09:00+00:00, run_after=2024-10-29 08:10:00+00:00
[2024-10-29T08:10:03.434+0000] {processor.py:208} INFO - Processing /home/airflow/.local/lib/python3.11/site-packages/airflow/example_dags/example_branch_python_dop_operator_3.py took 0.054 seconds
[2024-10-29T08:10:35.606+0000] {processor.py:186} INFO - Started process (PID=49643) to work on /home/airflow/.local/lib/python3.11/site-packages/airflow/example_dags/example_branch_python_dop_operator_3.py
[2024-10-29T08:10:35.610+0000] {processor.py:914} INFO - Processing file /home/airflow/.local/lib/python3.11/site-packages/airflow/example_dags/example_branch_python_dop_operator_3.py for tasks to queue
[2024-10-29T08:10:35.626+0000] {logging_mixin.py:190} INFO - [2024-10-29T08:10:35.618+0000] {dagbag.py:588} INFO - Filling up the DagBag from /home/airflow/.local/lib/python3.11/site-packages/airflow/example_dags/example_branch_python_dop_operator_3.py
[2024-10-29T08:10:35.672+0000] {processor.py:925} INFO - DAG(s) 'example_branch_dop_operator_v3' retrieved from /home/airflow/.local/lib/python3.11/site-packages/airflow/example_dags/example_branch_python_dop_operator_3.py
[2024-10-29T08:10:35.805+0000] {logging_mixin.py:190} INFO - [2024-10-29T08:10:35.804+0000] {dag.py:3239} INFO - Sync 1 DAGs
[2024-10-29T08:10:35.866+0000] {logging_mixin.py:190} INFO - [2024-10-29T08:10:35.865+0000] {dag.py:4180} INFO - Setting next_dagrun for example_branch_dop_operator_v3 to 2024-10-29 08:09:00+00:00, run_after=2024-10-29 08:10:00+00:00
[2024-10-29T08:10:35.899+0000] {processor.py:208} INFO - Processing /home/airflow/.local/lib/python3.11/site-packages/airflow/example_dags/example_branch_python_dop_operator_3.py took 0.312 seconds
[2024-10-29T18:53:09.670+0000] {processor.py:186} INFO - Started process (PID=81) to work on /home/airflow/.local/lib/python3.11/site-packages/airflow/example_dags/example_branch_python_dop_operator_3.py
[2024-10-29T18:53:09.672+0000] {processor.py:914} INFO - Processing file /home/airflow/.local/lib/python3.11/site-packages/airflow/example_dags/example_branch_python_dop_operator_3.py for tasks to queue
[2024-10-29T18:53:09.676+0000] {logging_mixin.py:190} INFO - [2024-10-29T18:53:09.676+0000] {dagbag.py:588} INFO - Filling up the DagBag from /home/airflow/.local/lib/python3.11/site-packages/airflow/example_dags/example_branch_python_dop_operator_3.py
[2024-10-29T18:53:09.693+0000] {processor.py:925} INFO - DAG(s) 'example_branch_dop_operator_v3' retrieved from /home/airflow/.local/lib/python3.11/site-packages/airflow/example_dags/example_branch_python_dop_operator_3.py
[2024-10-29T18:53:09.737+0000] {logging_mixin.py:190} INFO - [2024-10-29T18:53:09.736+0000] {dag.py:3239} INFO - Sync 1 DAGs
[2024-10-29T18:53:10.080+0000] {logging_mixin.py:190} INFO - [2024-10-29T18:53:10.080+0000] {dag.py:4180} INFO - Setting next_dagrun for example_branch_dop_operator_v3 to 2024-10-29 18:52:00+00:00, run_after=2024-10-29 18:53:00+00:00
[2024-10-29T18:53:10.120+0000] {processor.py:208} INFO - Processing /home/airflow/.local/lib/python3.11/site-packages/airflow/example_dags/example_branch_python_dop_operator_3.py took 0.453 seconds
[2024-10-29T18:53:43.352+0000] {processor.py:186} INFO - Started process (PID=149) to work on /home/airflow/.local/lib/python3.11/site-packages/airflow/example_dags/example_branch_python_dop_operator_3.py
[2024-10-29T18:53:43.356+0000] {processor.py:914} INFO - Processing file /home/airflow/.local/lib/python3.11/site-packages/airflow/example_dags/example_branch_python_dop_operator_3.py for tasks to queue
[2024-10-29T18:53:43.364+0000] {logging_mixin.py:190} INFO - [2024-10-29T18:53:43.363+0000] {dagbag.py:588} INFO - Filling up the DagBag from /home/airflow/.local/lib/python3.11/site-packages/airflow/example_dags/example_branch_python_dop_operator_3.py
[2024-10-29T18:53:43.387+0000] {processor.py:925} INFO - DAG(s) 'example_branch_dop_operator_v3' retrieved from /home/airflow/.local/lib/python3.11/site-packages/airflow/example_dags/example_branch_python_dop_operator_3.py
[2024-10-29T18:53:43.469+0000] {logging_mixin.py:190} INFO - [2024-10-29T18:53:43.469+0000] {dag.py:3239} INFO - Sync 1 DAGs
[2024-10-29T18:53:44.294+0000] {logging_mixin.py:190} INFO - [2024-10-29T18:53:44.292+0000] {dag.py:4180} INFO - Setting next_dagrun for example_branch_dop_operator_v3 to 2024-10-29 18:52:00+00:00, run_after=2024-10-29 18:53:00+00:00
[2024-10-29T18:53:44.370+0000] {processor.py:208} INFO - Processing /home/airflow/.local/lib/python3.11/site-packages/airflow/example_dags/example_branch_python_dop_operator_3.py took 1.038 seconds
[2024-10-29T18:54:28.959+0000] {processor.py:186} INFO - Started process (PID=212) to work on /home/airflow/.local/lib/python3.11/site-packages/airflow/example_dags/example_branch_python_dop_operator_3.py
[2024-10-29T18:54:28.964+0000] {processor.py:914} INFO - Processing file /home/airflow/.local/lib/python3.11/site-packages/airflow/example_dags/example_branch_python_dop_operator_3.py for tasks to queue
[2024-10-29T18:54:28.968+0000] {logging_mixin.py:190} INFO - [2024-10-29T18:54:28.968+0000] {dagbag.py:588} INFO - Filling up the DagBag from /home/airflow/.local/lib/python3.11/site-packages/airflow/example_dags/example_branch_python_dop_operator_3.py
[2024-10-29T18:54:28.987+0000] {processor.py:925} INFO - DAG(s) 'example_branch_dop_operator_v3' retrieved from /home/airflow/.local/lib/python3.11/site-packages/airflow/example_dags/example_branch_python_dop_operator_3.py
[2024-10-29T18:54:29.034+0000] {logging_mixin.py:190} INFO - [2024-10-29T18:54:29.034+0000] {dag.py:3239} INFO - Sync 1 DAGs
[2024-10-29T18:54:29.591+0000] {logging_mixin.py:190} INFO - [2024-10-29T18:54:29.591+0000] {dag.py:4180} INFO - Setting next_dagrun for example_branch_dop_operator_v3 to 2024-10-29 18:53:00+00:00, run_after=2024-10-29 18:54:00+00:00
[2024-10-29T18:54:29.618+0000] {processor.py:208} INFO - Processing /home/airflow/.local/lib/python3.11/site-packages/airflow/example_dags/example_branch_python_dop_operator_3.py took 0.684 seconds
[2024-10-29T18:55:13.434+0000] {processor.py:186} INFO - Started process (PID=274) to work on /home/airflow/.local/lib/python3.11/site-packages/airflow/example_dags/example_branch_python_dop_operator_3.py
[2024-10-29T18:55:13.447+0000] {processor.py:914} INFO - Processing file /home/airflow/.local/lib/python3.11/site-packages/airflow/example_dags/example_branch_python_dop_operator_3.py for tasks to queue
[2024-10-29T18:55:13.465+0000] {logging_mixin.py:190} INFO - [2024-10-29T18:55:13.461+0000] {dagbag.py:588} INFO - Filling up the DagBag from /home/airflow/.local/lib/python3.11/site-packages/airflow/example_dags/example_branch_python_dop_operator_3.py
[2024-10-29T18:55:13.552+0000] {processor.py:925} INFO - DAG(s) 'example_branch_dop_operator_v3' retrieved from /home/airflow/.local/lib/python3.11/site-packages/airflow/example_dags/example_branch_python_dop_operator_3.py
[2024-10-29T18:55:13.860+0000] {logging_mixin.py:190} INFO - [2024-10-29T18:55:13.859+0000] {dag.py:3239} INFO - Sync 1 DAGs
[2024-10-29T18:55:14.004+0000] {logging_mixin.py:190} INFO - [2024-10-29T18:55:14.003+0000] {dag.py:4180} INFO - Setting next_dagrun for example_branch_dop_operator_v3 to 2024-10-29 18:54:00+00:00, run_after=2024-10-29 18:55:00+00:00
[2024-10-29T18:55:16.442+0000] {processor.py:208} INFO - Processing /home/airflow/.local/lib/python3.11/site-packages/airflow/example_dags/example_branch_python_dop_operator_3.py took 3.076 seconds
[2024-10-29T18:55:47.619+0000] {processor.py:186} INFO - Started process (PID=342) to work on /home/airflow/.local/lib/python3.11/site-packages/airflow/example_dags/example_branch_python_dop_operator_3.py
[2024-10-29T18:55:47.619+0000] {processor.py:914} INFO - Processing file /home/airflow/.local/lib/python3.11/site-packages/airflow/example_dags/example_branch_python_dop_operator_3.py for tasks to queue
[2024-10-29T18:55:47.622+0000] {logging_mixin.py:190} INFO - [2024-10-29T18:55:47.622+0000] {dagbag.py:588} INFO - Filling up the DagBag from /home/airflow/.local/lib/python3.11/site-packages/airflow/example_dags/example_branch_python_dop_operator_3.py
[2024-10-29T18:55:47.629+0000] {processor.py:925} INFO - DAG(s) 'example_branch_dop_operator_v3' retrieved from /home/airflow/.local/lib/python3.11/site-packages/airflow/example_dags/example_branch_python_dop_operator_3.py
[2024-10-29T18:55:47.645+0000] {logging_mixin.py:190} INFO - [2024-10-29T18:55:47.645+0000] {dag.py:3239} INFO - Sync 1 DAGs
[2024-10-29T18:55:47.680+0000] {logging_mixin.py:190} INFO - [2024-10-29T18:55:47.680+0000] {dag.py:4180} INFO - Setting next_dagrun for example_branch_dop_operator_v3 to 2024-10-29 18:54:00+00:00, run_after=2024-10-29 18:55:00+00:00
[2024-10-29T18:55:47.756+0000] {processor.py:208} INFO - Processing /home/airflow/.local/lib/python3.11/site-packages/airflow/example_dags/example_branch_python_dop_operator_3.py took 0.141 seconds
[2024-10-29T18:56:18.683+0000] {processor.py:186} INFO - Started process (PID=405) to work on /home/airflow/.local/lib/python3.11/site-packages/airflow/example_dags/example_branch_python_dop_operator_3.py
[2024-10-29T18:56:18.684+0000] {processor.py:914} INFO - Processing file /home/airflow/.local/lib/python3.11/site-packages/airflow/example_dags/example_branch_python_dop_operator_3.py for tasks to queue
[2024-10-29T18:56:18.685+0000] {logging_mixin.py:190} INFO - [2024-10-29T18:56:18.685+0000] {dagbag.py:588} INFO - Filling up the DagBag from /home/airflow/.local/lib/python3.11/site-packages/airflow/example_dags/example_branch_python_dop_operator_3.py
[2024-10-29T18:56:18.692+0000] {processor.py:925} INFO - DAG(s) 'example_branch_dop_operator_v3' retrieved from /home/airflow/.local/lib/python3.11/site-packages/airflow/example_dags/example_branch_python_dop_operator_3.py
[2024-10-29T18:56:18.706+0000] {logging_mixin.py:190} INFO - [2024-10-29T18:56:18.706+0000] {dag.py:3239} INFO - Sync 1 DAGs
[2024-10-29T18:56:18.727+0000] {logging_mixin.py:190} INFO - [2024-10-29T18:56:18.727+0000] {dag.py:4180} INFO - Setting next_dagrun for example_branch_dop_operator_v3 to 2024-10-29 18:55:00+00:00, run_after=2024-10-29 18:56:00+00:00
[2024-10-29T18:56:18.747+0000] {processor.py:208} INFO - Processing /home/airflow/.local/lib/python3.11/site-packages/airflow/example_dags/example_branch_python_dop_operator_3.py took 0.068 seconds
[2024-10-29T18:56:49.457+0000] {processor.py:186} INFO - Started process (PID=468) to work on /home/airflow/.local/lib/python3.11/site-packages/airflow/example_dags/example_branch_python_dop_operator_3.py
[2024-10-29T18:56:49.458+0000] {processor.py:914} INFO - Processing file /home/airflow/.local/lib/python3.11/site-packages/airflow/example_dags/example_branch_python_dop_operator_3.py for tasks to queue
[2024-10-29T18:56:49.459+0000] {logging_mixin.py:190} INFO - [2024-10-29T18:56:49.459+0000] {dagbag.py:588} INFO - Filling up the DagBag from /home/airflow/.local/lib/python3.11/site-packages/airflow/example_dags/example_branch_python_dop_operator_3.py
[2024-10-29T18:56:49.465+0000] {processor.py:925} INFO - DAG(s) 'example_branch_dop_operator_v3' retrieved from /home/airflow/.local/lib/python3.11/site-packages/airflow/example_dags/example_branch_python_dop_operator_3.py
[2024-10-29T18:56:49.475+0000] {logging_mixin.py:190} INFO - [2024-10-29T18:56:49.475+0000] {dag.py:3239} INFO - Sync 1 DAGs
[2024-10-29T18:56:49.487+0000] {logging_mixin.py:190} INFO - [2024-10-29T18:56:49.487+0000] {dag.py:4180} INFO - Setting next_dagrun for example_branch_dop_operator_v3 to 2024-10-29 18:55:00+00:00, run_after=2024-10-29 18:56:00+00:00
[2024-10-29T18:56:49.498+0000] {processor.py:208} INFO - Processing /home/airflow/.local/lib/python3.11/site-packages/airflow/example_dags/example_branch_python_dop_operator_3.py took 0.044 seconds
[2024-10-29T18:57:20.048+0000] {processor.py:186} INFO - Started process (PID=531) to work on /home/airflow/.local/lib/python3.11/site-packages/airflow/example_dags/example_branch_python_dop_operator_3.py
[2024-10-29T18:57:20.049+0000] {processor.py:914} INFO - Processing file /home/airflow/.local/lib/python3.11/site-packages/airflow/example_dags/example_branch_python_dop_operator_3.py for tasks to queue
[2024-10-29T18:57:20.053+0000] {logging_mixin.py:190} INFO - [2024-10-29T18:57:20.052+0000] {dagbag.py:588} INFO - Filling up the DagBag from /home/airflow/.local/lib/python3.11/site-packages/airflow/example_dags/example_branch_python_dop_operator_3.py
[2024-10-29T18:57:20.059+0000] {processor.py:925} INFO - DAG(s) 'example_branch_dop_operator_v3' retrieved from /home/airflow/.local/lib/python3.11/site-packages/airflow/example_dags/example_branch_python_dop_operator_3.py
[2024-10-29T18:57:20.070+0000] {logging_mixin.py:190} INFO - [2024-10-29T18:57:20.070+0000] {dag.py:3239} INFO - Sync 1 DAGs
[2024-10-29T18:57:20.084+0000] {logging_mixin.py:190} INFO - [2024-10-29T18:57:20.084+0000] {dag.py:4180} INFO - Setting next_dagrun for example_branch_dop_operator_v3 to 2024-10-29 18:56:00+00:00, run_after=2024-10-29 18:57:00+00:00
[2024-10-29T18:57:20.094+0000] {processor.py:208} INFO - Processing /home/airflow/.local/lib/python3.11/site-packages/airflow/example_dags/example_branch_python_dop_operator_3.py took 0.050 seconds
[2024-10-29T18:57:50.904+0000] {processor.py:186} INFO - Started process (PID=594) to work on /home/airflow/.local/lib/python3.11/site-packages/airflow/example_dags/example_branch_python_dop_operator_3.py
[2024-10-29T18:57:50.905+0000] {processor.py:914} INFO - Processing file /home/airflow/.local/lib/python3.11/site-packages/airflow/example_dags/example_branch_python_dop_operator_3.py for tasks to queue
[2024-10-29T18:57:50.906+0000] {logging_mixin.py:190} INFO - [2024-10-29T18:57:50.906+0000] {dagbag.py:588} INFO - Filling up the DagBag from /home/airflow/.local/lib/python3.11/site-packages/airflow/example_dags/example_branch_python_dop_operator_3.py
[2024-10-29T18:57:50.912+0000] {processor.py:925} INFO - DAG(s) 'example_branch_dop_operator_v3' retrieved from /home/airflow/.local/lib/python3.11/site-packages/airflow/example_dags/example_branch_python_dop_operator_3.py
[2024-10-29T18:57:50.923+0000] {logging_mixin.py:190} INFO - [2024-10-29T18:57:50.923+0000] {dag.py:3239} INFO - Sync 1 DAGs
[2024-10-29T18:57:50.940+0000] {logging_mixin.py:190} INFO - [2024-10-29T18:57:50.940+0000] {dag.py:4180} INFO - Setting next_dagrun for example_branch_dop_operator_v3 to 2024-10-29 18:56:00+00:00, run_after=2024-10-29 18:57:00+00:00
[2024-10-29T18:57:50.951+0000] {processor.py:208} INFO - Processing /home/airflow/.local/lib/python3.11/site-packages/airflow/example_dags/example_branch_python_dop_operator_3.py took 0.050 seconds
[2024-10-29T18:58:21.755+0000] {processor.py:186} INFO - Started process (PID=657) to work on /home/airflow/.local/lib/python3.11/site-packages/airflow/example_dags/example_branch_python_dop_operator_3.py
[2024-10-29T18:58:21.755+0000] {processor.py:914} INFO - Processing file /home/airflow/.local/lib/python3.11/site-packages/airflow/example_dags/example_branch_python_dop_operator_3.py for tasks to queue
[2024-10-29T18:58:21.757+0000] {logging_mixin.py:190} INFO - [2024-10-29T18:58:21.757+0000] {dagbag.py:588} INFO - Filling up the DagBag from /home/airflow/.local/lib/python3.11/site-packages/airflow/example_dags/example_branch_python_dop_operator_3.py
[2024-10-29T18:58:21.762+0000] {processor.py:925} INFO - DAG(s) 'example_branch_dop_operator_v3' retrieved from /home/airflow/.local/lib/python3.11/site-packages/airflow/example_dags/example_branch_python_dop_operator_3.py
[2024-10-29T18:58:21.773+0000] {logging_mixin.py:190} INFO - [2024-10-29T18:58:21.773+0000] {dag.py:3239} INFO - Sync 1 DAGs
[2024-10-29T18:58:21.790+0000] {logging_mixin.py:190} INFO - [2024-10-29T18:58:21.790+0000] {dag.py:4180} INFO - Setting next_dagrun for example_branch_dop_operator_v3 to 2024-10-29 18:57:00+00:00, run_after=2024-10-29 18:58:00+00:00
[2024-10-29T18:58:21.802+0000] {processor.py:208} INFO - Processing /home/airflow/.local/lib/python3.11/site-packages/airflow/example_dags/example_branch_python_dop_operator_3.py took 0.051 seconds
[2024-10-29T18:58:51.960+0000] {processor.py:186} INFO - Started process (PID=720) to work on /home/airflow/.local/lib/python3.11/site-packages/airflow/example_dags/example_branch_python_dop_operator_3.py
[2024-10-29T18:58:51.961+0000] {processor.py:914} INFO - Processing file /home/airflow/.local/lib/python3.11/site-packages/airflow/example_dags/example_branch_python_dop_operator_3.py for tasks to queue
[2024-10-29T18:58:51.962+0000] {logging_mixin.py:190} INFO - [2024-10-29T18:58:51.962+0000] {dagbag.py:588} INFO - Filling up the DagBag from /home/airflow/.local/lib/python3.11/site-packages/airflow/example_dags/example_branch_python_dop_operator_3.py
[2024-10-29T18:58:51.968+0000] {processor.py:925} INFO - DAG(s) 'example_branch_dop_operator_v3' retrieved from /home/airflow/.local/lib/python3.11/site-packages/airflow/example_dags/example_branch_python_dop_operator_3.py
[2024-10-29T18:58:51.981+0000] {logging_mixin.py:190} INFO - [2024-10-29T18:58:51.981+0000] {dag.py:3239} INFO - Sync 1 DAGs
[2024-10-29T18:58:51.994+0000] {logging_mixin.py:190} INFO - [2024-10-29T18:58:51.994+0000] {dag.py:4180} INFO - Setting next_dagrun for example_branch_dop_operator_v3 to 2024-10-29 18:57:00+00:00, run_after=2024-10-29 18:58:00+00:00
[2024-10-29T18:58:52.004+0000] {processor.py:208} INFO - Processing /home/airflow/.local/lib/python3.11/site-packages/airflow/example_dags/example_branch_python_dop_operator_3.py took 0.047 seconds
[2024-10-29T18:59:22.319+0000] {processor.py:186} INFO - Started process (PID=783) to work on /home/airflow/.local/lib/python3.11/site-packages/airflow/example_dags/example_branch_python_dop_operator_3.py
[2024-10-29T18:59:22.320+0000] {processor.py:914} INFO - Processing file /home/airflow/.local/lib/python3.11/site-packages/airflow/example_dags/example_branch_python_dop_operator_3.py for tasks to queue
[2024-10-29T18:59:22.322+0000] {logging_mixin.py:190} INFO - [2024-10-29T18:59:22.321+0000] {dagbag.py:588} INFO - Filling up the DagBag from /home/airflow/.local/lib/python3.11/site-packages/airflow/example_dags/example_branch_python_dop_operator_3.py
[2024-10-29T18:59:22.327+0000] {processor.py:925} INFO - DAG(s) 'example_branch_dop_operator_v3' retrieved from /home/airflow/.local/lib/python3.11/site-packages/airflow/example_dags/example_branch_python_dop_operator_3.py
[2024-10-29T18:59:22.337+0000] {logging_mixin.py:190} INFO - [2024-10-29T18:59:22.337+0000] {dag.py:3239} INFO - Sync 1 DAGs
[2024-10-29T18:59:22.350+0000] {logging_mixin.py:190} INFO - [2024-10-29T18:59:22.350+0000] {dag.py:4180} INFO - Setting next_dagrun for example_branch_dop_operator_v3 to 2024-10-29 18:58:00+00:00, run_after=2024-10-29 18:59:00+00:00
[2024-10-29T18:59:22.360+0000] {processor.py:208} INFO - Processing /home/airflow/.local/lib/python3.11/site-packages/airflow/example_dags/example_branch_python_dop_operator_3.py took 0.044 seconds
[2024-10-29T18:59:52.839+0000] {processor.py:186} INFO - Started process (PID=845) to work on /home/airflow/.local/lib/python3.11/site-packages/airflow/example_dags/example_branch_python_dop_operator_3.py
[2024-10-29T18:59:52.840+0000] {processor.py:914} INFO - Processing file /home/airflow/.local/lib/python3.11/site-packages/airflow/example_dags/example_branch_python_dop_operator_3.py for tasks to queue
[2024-10-29T18:59:52.842+0000] {logging_mixin.py:190} INFO - [2024-10-29T18:59:52.842+0000] {dagbag.py:588} INFO - Filling up the DagBag from /home/airflow/.local/lib/python3.11/site-packages/airflow/example_dags/example_branch_python_dop_operator_3.py
[2024-10-29T18:59:52.850+0000] {processor.py:925} INFO - DAG(s) 'example_branch_dop_operator_v3' retrieved from /home/airflow/.local/lib/python3.11/site-packages/airflow/example_dags/example_branch_python_dop_operator_3.py
[2024-10-29T18:59:52.871+0000] {logging_mixin.py:190} INFO - [2024-10-29T18:59:52.871+0000] {dag.py:3239} INFO - Sync 1 DAGs
[2024-10-29T18:59:52.891+0000] {logging_mixin.py:190} INFO - [2024-10-29T18:59:52.891+0000] {dag.py:4180} INFO - Setting next_dagrun for example_branch_dop_operator_v3 to 2024-10-29 18:58:00+00:00, run_after=2024-10-29 18:59:00+00:00
[2024-10-29T18:59:52.903+0000] {processor.py:208} INFO - Processing /home/airflow/.local/lib/python3.11/site-packages/airflow/example_dags/example_branch_python_dop_operator_3.py took 0.067 seconds
[2024-10-29T19:00:23.154+0000] {processor.py:186} INFO - Started process (PID=908) to work on /home/airflow/.local/lib/python3.11/site-packages/airflow/example_dags/example_branch_python_dop_operator_3.py
[2024-10-29T19:00:23.155+0000] {processor.py:914} INFO - Processing file /home/airflow/.local/lib/python3.11/site-packages/airflow/example_dags/example_branch_python_dop_operator_3.py for tasks to queue
[2024-10-29T19:00:23.156+0000] {logging_mixin.py:190} INFO - [2024-10-29T19:00:23.156+0000] {dagbag.py:588} INFO - Filling up the DagBag from /home/airflow/.local/lib/python3.11/site-packages/airflow/example_dags/example_branch_python_dop_operator_3.py
[2024-10-29T19:00:23.162+0000] {processor.py:925} INFO - DAG(s) 'example_branch_dop_operator_v3' retrieved from /home/airflow/.local/lib/python3.11/site-packages/airflow/example_dags/example_branch_python_dop_operator_3.py
[2024-10-29T19:00:23.172+0000] {logging_mixin.py:190} INFO - [2024-10-29T19:00:23.172+0000] {dag.py:3239} INFO - Sync 1 DAGs
[2024-10-29T19:00:23.184+0000] {logging_mixin.py:190} INFO - [2024-10-29T19:00:23.184+0000] {dag.py:4180} INFO - Setting next_dagrun for example_branch_dop_operator_v3 to 2024-10-29 18:59:00+00:00, run_after=2024-10-29 19:00:00+00:00
[2024-10-29T19:00:23.193+0000] {processor.py:208} INFO - Processing /home/airflow/.local/lib/python3.11/site-packages/airflow/example_dags/example_branch_python_dop_operator_3.py took 0.043 seconds
[2024-10-29T19:00:53.930+0000] {processor.py:186} INFO - Started process (PID=971) to work on /home/airflow/.local/lib/python3.11/site-packages/airflow/example_dags/example_branch_python_dop_operator_3.py
[2024-10-29T19:00:53.931+0000] {processor.py:914} INFO - Processing file /home/airflow/.local/lib/python3.11/site-packages/airflow/example_dags/example_branch_python_dop_operator_3.py for tasks to queue
[2024-10-29T19:00:53.933+0000] {logging_mixin.py:190} INFO - [2024-10-29T19:00:53.933+0000] {dagbag.py:588} INFO - Filling up the DagBag from /home/airflow/.local/lib/python3.11/site-packages/airflow/example_dags/example_branch_python_dop_operator_3.py
[2024-10-29T19:00:53.938+0000] {processor.py:925} INFO - DAG(s) 'example_branch_dop_operator_v3' retrieved from /home/airflow/.local/lib/python3.11/site-packages/airflow/example_dags/example_branch_python_dop_operator_3.py
[2024-10-29T19:00:53.948+0000] {logging_mixin.py:190} INFO - [2024-10-29T19:00:53.948+0000] {dag.py:3239} INFO - Sync 1 DAGs
[2024-10-29T19:00:53.960+0000] {logging_mixin.py:190} INFO - [2024-10-29T19:00:53.960+0000] {dag.py:4180} INFO - Setting next_dagrun for example_branch_dop_operator_v3 to 2024-10-29 18:59:00+00:00, run_after=2024-10-29 19:00:00+00:00
[2024-10-29T19:00:53.968+0000] {processor.py:208} INFO - Processing /home/airflow/.local/lib/python3.11/site-packages/airflow/example_dags/example_branch_python_dop_operator_3.py took 0.041 seconds
[2024-10-29T19:01:24.262+0000] {processor.py:186} INFO - Started process (PID=1034) to work on /home/airflow/.local/lib/python3.11/site-packages/airflow/example_dags/example_branch_python_dop_operator_3.py
[2024-10-29T19:01:24.263+0000] {processor.py:914} INFO - Processing file /home/airflow/.local/lib/python3.11/site-packages/airflow/example_dags/example_branch_python_dop_operator_3.py for tasks to queue
[2024-10-29T19:01:24.265+0000] {logging_mixin.py:190} INFO - [2024-10-29T19:01:24.265+0000] {dagbag.py:588} INFO - Filling up the DagBag from /home/airflow/.local/lib/python3.11/site-packages/airflow/example_dags/example_branch_python_dop_operator_3.py
[2024-10-29T19:01:24.273+0000] {processor.py:925} INFO - DAG(s) 'example_branch_dop_operator_v3' retrieved from /home/airflow/.local/lib/python3.11/site-packages/airflow/example_dags/example_branch_python_dop_operator_3.py
[2024-10-29T19:01:24.285+0000] {logging_mixin.py:190} INFO - [2024-10-29T19:01:24.285+0000] {dag.py:3239} INFO - Sync 1 DAGs
[2024-10-29T19:01:24.301+0000] {logging_mixin.py:190} INFO - [2024-10-29T19:01:24.300+0000] {dag.py:4180} INFO - Setting next_dagrun for example_branch_dop_operator_v3 to 2024-10-29 19:00:00+00:00, run_after=2024-10-29 19:01:00+00:00
[2024-10-29T19:01:24.311+0000] {processor.py:208} INFO - Processing /home/airflow/.local/lib/python3.11/site-packages/airflow/example_dags/example_branch_python_dop_operator_3.py took 0.052 seconds
[2024-10-29T19:01:54.510+0000] {processor.py:186} INFO - Started process (PID=1097) to work on /home/airflow/.local/lib/python3.11/site-packages/airflow/example_dags/example_branch_python_dop_operator_3.py
[2024-10-29T19:01:54.511+0000] {processor.py:914} INFO - Processing file /home/airflow/.local/lib/python3.11/site-packages/airflow/example_dags/example_branch_python_dop_operator_3.py for tasks to queue
[2024-10-29T19:01:54.513+0000] {logging_mixin.py:190} INFO - [2024-10-29T19:01:54.512+0000] {dagbag.py:588} INFO - Filling up the DagBag from /home/airflow/.local/lib/python3.11/site-packages/airflow/example_dags/example_branch_python_dop_operator_3.py
[2024-10-29T19:01:54.520+0000] {processor.py:925} INFO - DAG(s) 'example_branch_dop_operator_v3' retrieved from /home/airflow/.local/lib/python3.11/site-packages/airflow/example_dags/example_branch_python_dop_operator_3.py
[2024-10-29T19:01:54.533+0000] {logging_mixin.py:190} INFO - [2024-10-29T19:01:54.533+0000] {dag.py:3239} INFO - Sync 1 DAGs
[2024-10-29T19:01:54.550+0000] {logging_mixin.py:190} INFO - [2024-10-29T19:01:54.550+0000] {dag.py:4180} INFO - Setting next_dagrun for example_branch_dop_operator_v3 to 2024-10-29 19:00:00+00:00, run_after=2024-10-29 19:01:00+00:00
[2024-10-29T19:01:54.560+0000] {processor.py:208} INFO - Processing /home/airflow/.local/lib/python3.11/site-packages/airflow/example_dags/example_branch_python_dop_operator_3.py took 0.054 seconds
[2024-10-29T19:02:25.598+0000] {processor.py:186} INFO - Started process (PID=1160) to work on /home/airflow/.local/lib/python3.11/site-packages/airflow/example_dags/example_branch_python_dop_operator_3.py
[2024-10-29T19:02:25.599+0000] {processor.py:914} INFO - Processing file /home/airflow/.local/lib/python3.11/site-packages/airflow/example_dags/example_branch_python_dop_operator_3.py for tasks to queue
[2024-10-29T19:02:25.600+0000] {logging_mixin.py:190} INFO - [2024-10-29T19:02:25.600+0000] {dagbag.py:588} INFO - Filling up the DagBag from /home/airflow/.local/lib/python3.11/site-packages/airflow/example_dags/example_branch_python_dop_operator_3.py
[2024-10-29T19:02:25.606+0000] {processor.py:925} INFO - DAG(s) 'example_branch_dop_operator_v3' retrieved from /home/airflow/.local/lib/python3.11/site-packages/airflow/example_dags/example_branch_python_dop_operator_3.py
[2024-10-29T19:02:25.620+0000] {logging_mixin.py:190} INFO - [2024-10-29T19:02:25.620+0000] {dag.py:3239} INFO - Sync 1 DAGs
[2024-10-29T19:02:25.637+0000] {logging_mixin.py:190} INFO - [2024-10-29T19:02:25.637+0000] {dag.py:4180} INFO - Setting next_dagrun for example_branch_dop_operator_v3 to 2024-10-29 19:01:00+00:00, run_after=2024-10-29 19:02:00+00:00
[2024-10-29T19:02:25.650+0000] {processor.py:208} INFO - Processing /home/airflow/.local/lib/python3.11/site-packages/airflow/example_dags/example_branch_python_dop_operator_3.py took 0.055 seconds
[2024-10-29T19:02:56.197+0000] {processor.py:186} INFO - Started process (PID=1223) to work on /home/airflow/.local/lib/python3.11/site-packages/airflow/example_dags/example_branch_python_dop_operator_3.py
[2024-10-29T19:02:56.198+0000] {processor.py:914} INFO - Processing file /home/airflow/.local/lib/python3.11/site-packages/airflow/example_dags/example_branch_python_dop_operator_3.py for tasks to queue
[2024-10-29T19:02:56.200+0000] {logging_mixin.py:190} INFO - [2024-10-29T19:02:56.200+0000] {dagbag.py:588} INFO - Filling up the DagBag from /home/airflow/.local/lib/python3.11/site-packages/airflow/example_dags/example_branch_python_dop_operator_3.py
[2024-10-29T19:02:56.206+0000] {processor.py:925} INFO - DAG(s) 'example_branch_dop_operator_v3' retrieved from /home/airflow/.local/lib/python3.11/site-packages/airflow/example_dags/example_branch_python_dop_operator_3.py
[2024-10-29T19:02:56.216+0000] {logging_mixin.py:190} INFO - [2024-10-29T19:02:56.216+0000] {dag.py:3239} INFO - Sync 1 DAGs
[2024-10-29T19:02:56.229+0000] {logging_mixin.py:190} INFO - [2024-10-29T19:02:56.229+0000] {dag.py:4180} INFO - Setting next_dagrun for example_branch_dop_operator_v3 to 2024-10-29 19:01:00+00:00, run_after=2024-10-29 19:02:00+00:00
[2024-10-29T19:02:56.238+0000] {processor.py:208} INFO - Processing /home/airflow/.local/lib/python3.11/site-packages/airflow/example_dags/example_branch_python_dop_operator_3.py took 0.044 seconds
[2024-10-29T19:03:27.097+0000] {processor.py:186} INFO - Started process (PID=1286) to work on /home/airflow/.local/lib/python3.11/site-packages/airflow/example_dags/example_branch_python_dop_operator_3.py
[2024-10-29T19:03:27.098+0000] {processor.py:914} INFO - Processing file /home/airflow/.local/lib/python3.11/site-packages/airflow/example_dags/example_branch_python_dop_operator_3.py for tasks to queue
[2024-10-29T19:03:27.099+0000] {logging_mixin.py:190} INFO - [2024-10-29T19:03:27.099+0000] {dagbag.py:588} INFO - Filling up the DagBag from /home/airflow/.local/lib/python3.11/site-packages/airflow/example_dags/example_branch_python_dop_operator_3.py
[2024-10-29T19:03:27.104+0000] {processor.py:925} INFO - DAG(s) 'example_branch_dop_operator_v3' retrieved from /home/airflow/.local/lib/python3.11/site-packages/airflow/example_dags/example_branch_python_dop_operator_3.py
[2024-10-29T19:03:27.114+0000] {logging_mixin.py:190} INFO - [2024-10-29T19:03:27.114+0000] {dag.py:3239} INFO - Sync 1 DAGs
[2024-10-29T19:03:27.127+0000] {logging_mixin.py:190} INFO - [2024-10-29T19:03:27.127+0000] {dag.py:4180} INFO - Setting next_dagrun for example_branch_dop_operator_v3 to 2024-10-29 19:02:00+00:00, run_after=2024-10-29 19:03:00+00:00
[2024-10-29T19:03:27.136+0000] {processor.py:208} INFO - Processing /home/airflow/.local/lib/python3.11/site-packages/airflow/example_dags/example_branch_python_dop_operator_3.py took 0.043 seconds
[2024-10-29T19:03:57.850+0000] {processor.py:186} INFO - Started process (PID=1349) to work on /home/airflow/.local/lib/python3.11/site-packages/airflow/example_dags/example_branch_python_dop_operator_3.py
[2024-10-29T19:03:57.851+0000] {processor.py:914} INFO - Processing file /home/airflow/.local/lib/python3.11/site-packages/airflow/example_dags/example_branch_python_dop_operator_3.py for tasks to queue
[2024-10-29T19:03:57.852+0000] {logging_mixin.py:190} INFO - [2024-10-29T19:03:57.852+0000] {dagbag.py:588} INFO - Filling up the DagBag from /home/airflow/.local/lib/python3.11/site-packages/airflow/example_dags/example_branch_python_dop_operator_3.py
[2024-10-29T19:03:57.858+0000] {processor.py:925} INFO - DAG(s) 'example_branch_dop_operator_v3' retrieved from /home/airflow/.local/lib/python3.11/site-packages/airflow/example_dags/example_branch_python_dop_operator_3.py
[2024-10-29T19:03:57.871+0000] {logging_mixin.py:190} INFO - [2024-10-29T19:03:57.871+0000] {dag.py:3239} INFO - Sync 1 DAGs
[2024-10-29T19:03:57.890+0000] {logging_mixin.py:190} INFO - [2024-10-29T19:03:57.890+0000] {dag.py:4180} INFO - Setting next_dagrun for example_branch_dop_operator_v3 to 2024-10-29 19:02:00+00:00, run_after=2024-10-29 19:03:00+00:00
[2024-10-29T19:03:57.899+0000] {processor.py:208} INFO - Processing /home/airflow/.local/lib/python3.11/site-packages/airflow/example_dags/example_branch_python_dop_operator_3.py took 0.053 seconds
[2024-10-29T19:04:28.317+0000] {processor.py:186} INFO - Started process (PID=1412) to work on /home/airflow/.local/lib/python3.11/site-packages/airflow/example_dags/example_branch_python_dop_operator_3.py
[2024-10-29T19:04:28.319+0000] {processor.py:914} INFO - Processing file /home/airflow/.local/lib/python3.11/site-packages/airflow/example_dags/example_branch_python_dop_operator_3.py for tasks to queue
[2024-10-29T19:04:28.321+0000] {logging_mixin.py:190} INFO - [2024-10-29T19:04:28.321+0000] {dagbag.py:588} INFO - Filling up the DagBag from /home/airflow/.local/lib/python3.11/site-packages/airflow/example_dags/example_branch_python_dop_operator_3.py
[2024-10-29T19:04:28.332+0000] {processor.py:925} INFO - DAG(s) 'example_branch_dop_operator_v3' retrieved from /home/airflow/.local/lib/python3.11/site-packages/airflow/example_dags/example_branch_python_dop_operator_3.py
[2024-10-29T19:04:28.347+0000] {logging_mixin.py:190} INFO - [2024-10-29T19:04:28.347+0000] {dag.py:3239} INFO - Sync 1 DAGs
[2024-10-29T19:04:28.362+0000] {logging_mixin.py:190} INFO - [2024-10-29T19:04:28.362+0000] {dag.py:4180} INFO - Setting next_dagrun for example_branch_dop_operator_v3 to 2024-10-29 19:03:00+00:00, run_after=2024-10-29 19:04:00+00:00
[2024-10-29T19:04:28.372+0000] {processor.py:208} INFO - Processing /home/airflow/.local/lib/python3.11/site-packages/airflow/example_dags/example_branch_python_dop_operator_3.py took 0.060 seconds
[2024-10-29T19:04:58.866+0000] {processor.py:186} INFO - Started process (PID=1475) to work on /home/airflow/.local/lib/python3.11/site-packages/airflow/example_dags/example_branch_python_dop_operator_3.py
[2024-10-29T19:04:58.867+0000] {processor.py:914} INFO - Processing file /home/airflow/.local/lib/python3.11/site-packages/airflow/example_dags/example_branch_python_dop_operator_3.py for tasks to queue
[2024-10-29T19:04:58.868+0000] {logging_mixin.py:190} INFO - [2024-10-29T19:04:58.868+0000] {dagbag.py:588} INFO - Filling up the DagBag from /home/airflow/.local/lib/python3.11/site-packages/airflow/example_dags/example_branch_python_dop_operator_3.py
[2024-10-29T19:04:58.874+0000] {processor.py:925} INFO - DAG(s) 'example_branch_dop_operator_v3' retrieved from /home/airflow/.local/lib/python3.11/site-packages/airflow/example_dags/example_branch_python_dop_operator_3.py
[2024-10-29T19:04:58.885+0000] {logging_mixin.py:190} INFO - [2024-10-29T19:04:58.885+0000] {dag.py:3239} INFO - Sync 1 DAGs
[2024-10-29T19:04:58.899+0000] {logging_mixin.py:190} INFO - [2024-10-29T19:04:58.898+0000] {dag.py:4180} INFO - Setting next_dagrun for example_branch_dop_operator_v3 to 2024-10-29 19:03:00+00:00, run_after=2024-10-29 19:04:00+00:00
[2024-10-29T19:04:58.907+0000] {processor.py:208} INFO - Processing /home/airflow/.local/lib/python3.11/site-packages/airflow/example_dags/example_branch_python_dop_operator_3.py took 0.044 seconds
[2024-10-29T19:05:29.397+0000] {processor.py:186} INFO - Started process (PID=1538) to work on /home/airflow/.local/lib/python3.11/site-packages/airflow/example_dags/example_branch_python_dop_operator_3.py
[2024-10-29T19:05:29.398+0000] {processor.py:914} INFO - Processing file /home/airflow/.local/lib/python3.11/site-packages/airflow/example_dags/example_branch_python_dop_operator_3.py for tasks to queue
[2024-10-29T19:05:29.399+0000] {logging_mixin.py:190} INFO - [2024-10-29T19:05:29.399+0000] {dagbag.py:588} INFO - Filling up the DagBag from /home/airflow/.local/lib/python3.11/site-packages/airflow/example_dags/example_branch_python_dop_operator_3.py
[2024-10-29T19:05:29.405+0000] {processor.py:925} INFO - DAG(s) 'example_branch_dop_operator_v3' retrieved from /home/airflow/.local/lib/python3.11/site-packages/airflow/example_dags/example_branch_python_dop_operator_3.py
[2024-10-29T19:05:29.415+0000] {logging_mixin.py:190} INFO - [2024-10-29T19:05:29.415+0000] {dag.py:3239} INFO - Sync 1 DAGs
[2024-10-29T19:05:29.427+0000] {logging_mixin.py:190} INFO - [2024-10-29T19:05:29.427+0000] {dag.py:4180} INFO - Setting next_dagrun for example_branch_dop_operator_v3 to 2024-10-29 19:04:00+00:00, run_after=2024-10-29 19:05:00+00:00
[2024-10-29T19:05:29.435+0000] {processor.py:208} INFO - Processing /home/airflow/.local/lib/python3.11/site-packages/airflow/example_dags/example_branch_python_dop_operator_3.py took 0.041 seconds
[2024-10-29T19:05:59.721+0000] {processor.py:186} INFO - Started process (PID=1601) to work on /home/airflow/.local/lib/python3.11/site-packages/airflow/example_dags/example_branch_python_dop_operator_3.py
[2024-10-29T19:05:59.822+0000] {processor.py:914} INFO - Processing file /home/airflow/.local/lib/python3.11/site-packages/airflow/example_dags/example_branch_python_dop_operator_3.py for tasks to queue
[2024-10-29T19:05:59.831+0000] {logging_mixin.py:190} INFO - [2024-10-29T19:05:59.831+0000] {dagbag.py:588} INFO - Filling up the DagBag from /home/airflow/.local/lib/python3.11/site-packages/airflow/example_dags/example_branch_python_dop_operator_3.py
[2024-10-29T19:05:59.841+0000] {processor.py:925} INFO - DAG(s) 'example_branch_dop_operator_v3' retrieved from /home/airflow/.local/lib/python3.11/site-packages/airflow/example_dags/example_branch_python_dop_operator_3.py
[2024-10-29T19:05:59.865+0000] {logging_mixin.py:190} INFO - [2024-10-29T19:05:59.865+0000] {dag.py:3239} INFO - Sync 1 DAGs
[2024-10-29T19:05:59.883+0000] {logging_mixin.py:190} INFO - [2024-10-29T19:05:59.882+0000] {dag.py:4180} INFO - Setting next_dagrun for example_branch_dop_operator_v3 to 2024-10-29 19:04:00+00:00, run_after=2024-10-29 19:05:00+00:00
[2024-10-29T19:05:59.897+0000] {processor.py:208} INFO - Processing /home/airflow/.local/lib/python3.11/site-packages/airflow/example_dags/example_branch_python_dop_operator_3.py took 0.284 seconds
[2024-10-29T19:23:18.554+0000] {processor.py:186} INFO - Started process (PID=1639) to work on /home/airflow/.local/lib/python3.11/site-packages/airflow/example_dags/example_branch_python_dop_operator_3.py
[2024-10-29T19:23:18.554+0000] {processor.py:914} INFO - Processing file /home/airflow/.local/lib/python3.11/site-packages/airflow/example_dags/example_branch_python_dop_operator_3.py for tasks to queue
[2024-10-29T19:23:18.556+0000] {logging_mixin.py:190} INFO - [2024-10-29T19:23:18.555+0000] {dagbag.py:588} INFO - Filling up the DagBag from /home/airflow/.local/lib/python3.11/site-packages/airflow/example_dags/example_branch_python_dop_operator_3.py
[2024-10-29T19:23:18.561+0000] {processor.py:925} INFO - DAG(s) 'example_branch_dop_operator_v3' retrieved from /home/airflow/.local/lib/python3.11/site-packages/airflow/example_dags/example_branch_python_dop_operator_3.py
[2024-10-29T19:23:18.571+0000] {logging_mixin.py:190} INFO - [2024-10-29T19:23:18.571+0000] {dag.py:3239} INFO - Sync 1 DAGs
[2024-10-29T19:23:18.582+0000] {logging_mixin.py:190} INFO - [2024-10-29T19:23:18.582+0000] {dag.py:4180} INFO - Setting next_dagrun for example_branch_dop_operator_v3 to 2024-10-29 19:22:00+00:00, run_after=2024-10-29 19:23:00+00:00
[2024-10-29T19:23:18.590+0000] {processor.py:208} INFO - Processing /home/airflow/.local/lib/python3.11/site-packages/airflow/example_dags/example_branch_python_dop_operator_3.py took 0.040 seconds
[2024-10-29T20:00:05.082+0000] {processor.py:186} INFO - Started process (PID=1702) to work on /home/airflow/.local/lib/python3.11/site-packages/airflow/example_dags/example_branch_python_dop_operator_3.py
[2024-10-29T20:00:05.083+0000] {processor.py:914} INFO - Processing file /home/airflow/.local/lib/python3.11/site-packages/airflow/example_dags/example_branch_python_dop_operator_3.py for tasks to queue
[2024-10-29T20:00:05.084+0000] {logging_mixin.py:190} INFO - [2024-10-29T20:00:05.084+0000] {dagbag.py:588} INFO - Filling up the DagBag from /home/airflow/.local/lib/python3.11/site-packages/airflow/example_dags/example_branch_python_dop_operator_3.py
[2024-10-29T20:00:05.092+0000] {processor.py:925} INFO - DAG(s) 'example_branch_dop_operator_v3' retrieved from /home/airflow/.local/lib/python3.11/site-packages/airflow/example_dags/example_branch_python_dop_operator_3.py
[2024-10-29T20:00:05.105+0000] {logging_mixin.py:190} INFO - [2024-10-29T20:00:05.104+0000] {dag.py:3239} INFO - Sync 1 DAGs
[2024-10-29T20:00:05.118+0000] {logging_mixin.py:190} INFO - [2024-10-29T20:00:05.118+0000] {dag.py:4180} INFO - Setting next_dagrun for example_branch_dop_operator_v3 to 2024-10-29 19:59:00+00:00, run_after=2024-10-29 20:00:00+00:00
[2024-10-29T20:00:05.133+0000] {processor.py:208} INFO - Processing /home/airflow/.local/lib/python3.11/site-packages/airflow/example_dags/example_branch_python_dop_operator_3.py took 0.059 seconds
[2024-10-29T20:32:01.904+0000] {processor.py:186} INFO - Started process (PID=1765) to work on /home/airflow/.local/lib/python3.11/site-packages/airflow/example_dags/example_branch_python_dop_operator_3.py
[2024-10-29T20:32:01.904+0000] {processor.py:914} INFO - Processing file /home/airflow/.local/lib/python3.11/site-packages/airflow/example_dags/example_branch_python_dop_operator_3.py for tasks to queue
[2024-10-29T20:32:01.906+0000] {logging_mixin.py:190} INFO - [2024-10-29T20:32:01.906+0000] {dagbag.py:588} INFO - Filling up the DagBag from /home/airflow/.local/lib/python3.11/site-packages/airflow/example_dags/example_branch_python_dop_operator_3.py
[2024-10-29T20:32:01.914+0000] {processor.py:925} INFO - DAG(s) 'example_branch_dop_operator_v3' retrieved from /home/airflow/.local/lib/python3.11/site-packages/airflow/example_dags/example_branch_python_dop_operator_3.py
[2024-10-29T20:32:01.929+0000] {logging_mixin.py:190} INFO - [2024-10-29T20:32:01.929+0000] {dag.py:3239} INFO - Sync 1 DAGs
[2024-10-29T20:32:01.942+0000] {logging_mixin.py:190} INFO - [2024-10-29T20:32:01.942+0000] {dag.py:4180} INFO - Setting next_dagrun for example_branch_dop_operator_v3 to 2024-10-29 20:31:00+00:00, run_after=2024-10-29 20:32:00+00:00
[2024-10-29T20:32:01.953+0000] {processor.py:208} INFO - Processing /home/airflow/.local/lib/python3.11/site-packages/airflow/example_dags/example_branch_python_dop_operator_3.py took 0.053 seconds
[2024-10-29T20:59:00.260+0000] {processor.py:186} INFO - Started process (PID=1828) to work on /home/airflow/.local/lib/python3.11/site-packages/airflow/example_dags/example_branch_python_dop_operator_3.py
[2024-10-29T20:59:00.262+0000] {processor.py:914} INFO - Processing file /home/airflow/.local/lib/python3.11/site-packages/airflow/example_dags/example_branch_python_dop_operator_3.py for tasks to queue
[2024-10-29T20:59:00.266+0000] {logging_mixin.py:190} INFO - [2024-10-29T20:59:00.266+0000] {dagbag.py:588} INFO - Filling up the DagBag from /home/airflow/.local/lib/python3.11/site-packages/airflow/example_dags/example_branch_python_dop_operator_3.py
[2024-10-29T20:59:00.273+0000] {processor.py:925} INFO - DAG(s) 'example_branch_dop_operator_v3' retrieved from /home/airflow/.local/lib/python3.11/site-packages/airflow/example_dags/example_branch_python_dop_operator_3.py
[2024-10-29T20:59:00.289+0000] {logging_mixin.py:190} INFO - [2024-10-29T20:59:00.289+0000] {dag.py:3239} INFO - Sync 1 DAGs
[2024-10-29T20:59:00.303+0000] {logging_mixin.py:190} INFO - [2024-10-29T20:59:00.303+0000] {dag.py:4180} INFO - Setting next_dagrun for example_branch_dop_operator_v3 to 2024-10-29 20:58:00+00:00, run_after=2024-10-29 20:59:00+00:00
[2024-10-29T20:59:00.312+0000] {processor.py:208} INFO - Processing /home/airflow/.local/lib/python3.11/site-packages/airflow/example_dags/example_branch_python_dop_operator_3.py took 0.057 seconds
[2024-10-29T21:40:54.195+0000] {processor.py:186} INFO - Started process (PID=1891) to work on /home/airflow/.local/lib/python3.11/site-packages/airflow/example_dags/example_branch_python_dop_operator_3.py
[2024-10-29T21:40:54.196+0000] {processor.py:914} INFO - Processing file /home/airflow/.local/lib/python3.11/site-packages/airflow/example_dags/example_branch_python_dop_operator_3.py for tasks to queue
[2024-10-29T21:40:54.197+0000] {logging_mixin.py:190} INFO - [2024-10-29T21:40:54.197+0000] {dagbag.py:588} INFO - Filling up the DagBag from /home/airflow/.local/lib/python3.11/site-packages/airflow/example_dags/example_branch_python_dop_operator_3.py
[2024-10-29T21:40:54.202+0000] {processor.py:925} INFO - DAG(s) 'example_branch_dop_operator_v3' retrieved from /home/airflow/.local/lib/python3.11/site-packages/airflow/example_dags/example_branch_python_dop_operator_3.py
[2024-10-29T21:40:54.212+0000] {logging_mixin.py:190} INFO - [2024-10-29T21:40:54.212+0000] {dag.py:3239} INFO - Sync 1 DAGs
[2024-10-29T21:40:54.224+0000] {logging_mixin.py:190} INFO - [2024-10-29T21:40:54.224+0000] {dag.py:4180} INFO - Setting next_dagrun for example_branch_dop_operator_v3 to 2024-10-29 21:39:00+00:00, run_after=2024-10-29 21:40:00+00:00
[2024-10-29T21:40:54.233+0000] {processor.py:208} INFO - Processing /home/airflow/.local/lib/python3.11/site-packages/airflow/example_dags/example_branch_python_dop_operator_3.py took 0.042 seconds
[2024-10-29T22:49:28.667+0000] {processor.py:186} INFO - Started process (PID=1954) to work on /home/airflow/.local/lib/python3.11/site-packages/airflow/example_dags/example_branch_python_dop_operator_3.py
[2024-10-29T22:49:28.668+0000] {processor.py:914} INFO - Processing file /home/airflow/.local/lib/python3.11/site-packages/airflow/example_dags/example_branch_python_dop_operator_3.py for tasks to queue
[2024-10-29T22:49:28.669+0000] {logging_mixin.py:190} INFO - [2024-10-29T22:49:28.669+0000] {dagbag.py:588} INFO - Filling up the DagBag from /home/airflow/.local/lib/python3.11/site-packages/airflow/example_dags/example_branch_python_dop_operator_3.py
[2024-10-29T22:49:28.675+0000] {processor.py:925} INFO - DAG(s) 'example_branch_dop_operator_v3' retrieved from /home/airflow/.local/lib/python3.11/site-packages/airflow/example_dags/example_branch_python_dop_operator_3.py
[2024-10-29T22:49:28.684+0000] {logging_mixin.py:190} INFO - [2024-10-29T22:49:28.684+0000] {dag.py:3239} INFO - Sync 1 DAGs
[2024-10-29T22:49:28.696+0000] {logging_mixin.py:190} INFO - [2024-10-29T22:49:28.696+0000] {dag.py:4180} INFO - Setting next_dagrun for example_branch_dop_operator_v3 to 2024-10-29 22:48:00+00:00, run_after=2024-10-29 22:49:00+00:00
[2024-10-29T22:49:28.705+0000] {processor.py:208} INFO - Processing /home/airflow/.local/lib/python3.11/site-packages/airflow/example_dags/example_branch_python_dop_operator_3.py took 0.041 seconds
[2024-10-29T23:03:29.131+0000] {processor.py:186} INFO - Started process (PID=2017) to work on /home/airflow/.local/lib/python3.11/site-packages/airflow/example_dags/example_branch_python_dop_operator_3.py
[2024-10-29T23:03:29.132+0000] {processor.py:914} INFO - Processing file /home/airflow/.local/lib/python3.11/site-packages/airflow/example_dags/example_branch_python_dop_operator_3.py for tasks to queue
[2024-10-29T23:03:29.134+0000] {logging_mixin.py:190} INFO - [2024-10-29T23:03:29.133+0000] {dagbag.py:588} INFO - Filling up the DagBag from /home/airflow/.local/lib/python3.11/site-packages/airflow/example_dags/example_branch_python_dop_operator_3.py
[2024-10-29T23:03:29.140+0000] {processor.py:925} INFO - DAG(s) 'example_branch_dop_operator_v3' retrieved from /home/airflow/.local/lib/python3.11/site-packages/airflow/example_dags/example_branch_python_dop_operator_3.py
[2024-10-29T23:03:29.153+0000] {logging_mixin.py:190} INFO - [2024-10-29T23:03:29.153+0000] {dag.py:3239} INFO - Sync 1 DAGs
[2024-10-29T23:03:29.175+0000] {logging_mixin.py:190} INFO - [2024-10-29T23:03:29.175+0000] {dag.py:4180} INFO - Setting next_dagrun for example_branch_dop_operator_v3 to 2024-10-29 23:02:00+00:00, run_after=2024-10-29 23:03:00+00:00
[2024-10-29T23:03:29.188+0000] {processor.py:208} INFO - Processing /home/airflow/.local/lib/python3.11/site-packages/airflow/example_dags/example_branch_python_dop_operator_3.py took 0.060 seconds
