[2024-10-29T00:50:13.641+0000] {processor.py:186} INFO - Started process (PID=47621) to work on /home/airflow/.local/lib/python3.11/site-packages/airflow/example_dags/example_trigger_controller_dag.py
[2024-10-29T00:50:13.642+0000] {processor.py:914} INFO - Processing file /home/airflow/.local/lib/python3.11/site-packages/airflow/example_dags/example_trigger_controller_dag.py for tasks to queue
[2024-10-29T00:50:13.643+0000] {logging_mixin.py:190} INFO - [2024-10-29T00:50:13.643+0000] {dagbag.py:588} INFO - Filling up the DagBag from /home/airflow/.local/lib/python3.11/site-packages/airflow/example_dags/example_trigger_controller_dag.py
[2024-10-29T00:50:13.648+0000] {processor.py:925} INFO - DAG(s) 'example_trigger_controller_dag' retrieved from /home/airflow/.local/lib/python3.11/site-packages/airflow/example_dags/example_trigger_controller_dag.py
[2024-10-29T00:50:13.658+0000] {logging_mixin.py:190} INFO - [2024-10-29T00:50:13.658+0000] {dag.py:3239} INFO - Sync 1 DAGs
[2024-10-29T00:50:13.673+0000] {logging_mixin.py:190} INFO - [2024-10-29T00:50:13.673+0000] {dag.py:4180} INFO - Setting next_dagrun for example_trigger_controller_dag to 2021-01-01 00:00:00+00:00, run_after=2021-01-01 00:00:00+00:00
[2024-10-29T00:50:13.681+0000] {processor.py:208} INFO - Processing /home/airflow/.local/lib/python3.11/site-packages/airflow/example_dags/example_trigger_controller_dag.py took 0.044 seconds
[2024-10-29T02:13:53.562+0000] {processor.py:186} INFO - Started process (PID=47684) to work on /home/airflow/.local/lib/python3.11/site-packages/airflow/example_dags/example_trigger_controller_dag.py
[2024-10-29T02:13:53.563+0000] {processor.py:914} INFO - Processing file /home/airflow/.local/lib/python3.11/site-packages/airflow/example_dags/example_trigger_controller_dag.py for tasks to queue
[2024-10-29T02:13:53.564+0000] {logging_mixin.py:190} INFO - [2024-10-29T02:13:53.564+0000] {dagbag.py:588} INFO - Filling up the DagBag from /home/airflow/.local/lib/python3.11/site-packages/airflow/example_dags/example_trigger_controller_dag.py
[2024-10-29T02:13:53.568+0000] {processor.py:925} INFO - DAG(s) 'example_trigger_controller_dag' retrieved from /home/airflow/.local/lib/python3.11/site-packages/airflow/example_dags/example_trigger_controller_dag.py
[2024-10-29T02:13:53.578+0000] {logging_mixin.py:190} INFO - [2024-10-29T02:13:53.578+0000] {dag.py:3239} INFO - Sync 1 DAGs
[2024-10-29T02:13:53.588+0000] {logging_mixin.py:190} INFO - [2024-10-29T02:13:53.588+0000] {dag.py:4180} INFO - Setting next_dagrun for example_trigger_controller_dag to 2021-01-01 00:00:00+00:00, run_after=2021-01-01 00:00:00+00:00
[2024-10-29T02:13:53.596+0000] {processor.py:208} INFO - Processing /home/airflow/.local/lib/python3.11/site-packages/airflow/example_dags/example_trigger_controller_dag.py took 0.038 seconds
[2024-10-29T02:45:22.579+0000] {processor.py:186} INFO - Started process (PID=47747) to work on /home/airflow/.local/lib/python3.11/site-packages/airflow/example_dags/example_trigger_controller_dag.py
[2024-10-29T02:45:22.580+0000] {processor.py:914} INFO - Processing file /home/airflow/.local/lib/python3.11/site-packages/airflow/example_dags/example_trigger_controller_dag.py for tasks to queue
[2024-10-29T02:45:22.581+0000] {logging_mixin.py:190} INFO - [2024-10-29T02:45:22.581+0000] {dagbag.py:588} INFO - Filling up the DagBag from /home/airflow/.local/lib/python3.11/site-packages/airflow/example_dags/example_trigger_controller_dag.py
[2024-10-29T02:45:22.585+0000] {processor.py:925} INFO - DAG(s) 'example_trigger_controller_dag' retrieved from /home/airflow/.local/lib/python3.11/site-packages/airflow/example_dags/example_trigger_controller_dag.py
[2024-10-29T02:45:22.595+0000] {logging_mixin.py:190} INFO - [2024-10-29T02:45:22.595+0000] {dag.py:3239} INFO - Sync 1 DAGs
[2024-10-29T02:45:22.607+0000] {logging_mixin.py:190} INFO - [2024-10-29T02:45:22.607+0000] {dag.py:4180} INFO - Setting next_dagrun for example_trigger_controller_dag to 2021-01-01 00:00:00+00:00, run_after=2021-01-01 00:00:00+00:00
[2024-10-29T02:45:22.616+0000] {processor.py:208} INFO - Processing /home/airflow/.local/lib/python3.11/site-packages/airflow/example_dags/example_trigger_controller_dag.py took 0.040 seconds
[2024-10-29T03:18:12.925+0000] {processor.py:186} INFO - Started process (PID=47810) to work on /home/airflow/.local/lib/python3.11/site-packages/airflow/example_dags/example_trigger_controller_dag.py
[2024-10-29T03:18:12.926+0000] {processor.py:914} INFO - Processing file /home/airflow/.local/lib/python3.11/site-packages/airflow/example_dags/example_trigger_controller_dag.py for tasks to queue
[2024-10-29T03:18:12.928+0000] {logging_mixin.py:190} INFO - [2024-10-29T03:18:12.927+0000] {dagbag.py:588} INFO - Filling up the DagBag from /home/airflow/.local/lib/python3.11/site-packages/airflow/example_dags/example_trigger_controller_dag.py
[2024-10-29T03:18:12.932+0000] {processor.py:925} INFO - DAG(s) 'example_trigger_controller_dag' retrieved from /home/airflow/.local/lib/python3.11/site-packages/airflow/example_dags/example_trigger_controller_dag.py
[2024-10-29T03:18:12.941+0000] {logging_mixin.py:190} INFO - [2024-10-29T03:18:12.941+0000] {dag.py:3239} INFO - Sync 1 DAGs
[2024-10-29T03:18:12.951+0000] {logging_mixin.py:190} INFO - [2024-10-29T03:18:12.951+0000] {dag.py:4180} INFO - Setting next_dagrun for example_trigger_controller_dag to 2021-01-01 00:00:00+00:00, run_after=2021-01-01 00:00:00+00:00
[2024-10-29T03:18:12.959+0000] {processor.py:208} INFO - Processing /home/airflow/.local/lib/python3.11/site-packages/airflow/example_dags/example_trigger_controller_dag.py took 0.037 seconds
[2024-10-29T03:45:36.085+0000] {processor.py:186} INFO - Started process (PID=47873) to work on /home/airflow/.local/lib/python3.11/site-packages/airflow/example_dags/example_trigger_controller_dag.py
[2024-10-29T03:45:36.086+0000] {processor.py:914} INFO - Processing file /home/airflow/.local/lib/python3.11/site-packages/airflow/example_dags/example_trigger_controller_dag.py for tasks to queue
[2024-10-29T03:45:36.087+0000] {logging_mixin.py:190} INFO - [2024-10-29T03:45:36.087+0000] {dagbag.py:588} INFO - Filling up the DagBag from /home/airflow/.local/lib/python3.11/site-packages/airflow/example_dags/example_trigger_controller_dag.py
[2024-10-29T03:45:36.091+0000] {processor.py:925} INFO - DAG(s) 'example_trigger_controller_dag' retrieved from /home/airflow/.local/lib/python3.11/site-packages/airflow/example_dags/example_trigger_controller_dag.py
[2024-10-29T03:45:36.101+0000] {logging_mixin.py:190} INFO - [2024-10-29T03:45:36.101+0000] {dag.py:3239} INFO - Sync 1 DAGs
[2024-10-29T03:45:36.111+0000] {logging_mixin.py:190} INFO - [2024-10-29T03:45:36.111+0000] {dag.py:4180} INFO - Setting next_dagrun for example_trigger_controller_dag to 2021-01-01 00:00:00+00:00, run_after=2021-01-01 00:00:00+00:00
[2024-10-29T03:45:36.120+0000] {processor.py:208} INFO - Processing /home/airflow/.local/lib/python3.11/site-packages/airflow/example_dags/example_trigger_controller_dag.py took 0.038 seconds
[2024-10-29T04:34:58.609+0000] {processor.py:186} INFO - Started process (PID=47935) to work on /home/airflow/.local/lib/python3.11/site-packages/airflow/example_dags/example_trigger_controller_dag.py
[2024-10-29T04:34:58.610+0000] {processor.py:914} INFO - Processing file /home/airflow/.local/lib/python3.11/site-packages/airflow/example_dags/example_trigger_controller_dag.py for tasks to queue
[2024-10-29T04:34:58.611+0000] {logging_mixin.py:190} INFO - [2024-10-29T04:34:58.611+0000] {dagbag.py:588} INFO - Filling up the DagBag from /home/airflow/.local/lib/python3.11/site-packages/airflow/example_dags/example_trigger_controller_dag.py
[2024-10-29T04:34:58.618+0000] {processor.py:925} INFO - DAG(s) 'example_trigger_controller_dag' retrieved from /home/airflow/.local/lib/python3.11/site-packages/airflow/example_dags/example_trigger_controller_dag.py
[2024-10-29T04:34:58.638+0000] {logging_mixin.py:190} INFO - [2024-10-29T04:34:58.638+0000] {dag.py:3239} INFO - Sync 1 DAGs
[2024-10-29T04:34:58.649+0000] {logging_mixin.py:190} INFO - [2024-10-29T04:34:58.649+0000] {dag.py:4180} INFO - Setting next_dagrun for example_trigger_controller_dag to 2021-01-01 00:00:00+00:00, run_after=2021-01-01 00:00:00+00:00
[2024-10-29T04:34:58.658+0000] {processor.py:208} INFO - Processing /home/airflow/.local/lib/python3.11/site-packages/airflow/example_dags/example_trigger_controller_dag.py took 0.053 seconds
[2024-10-29T04:59:48.788+0000] {processor.py:186} INFO - Started process (PID=47992) to work on /home/airflow/.local/lib/python3.11/site-packages/airflow/example_dags/example_trigger_controller_dag.py
[2024-10-29T04:59:48.789+0000] {processor.py:914} INFO - Processing file /home/airflow/.local/lib/python3.11/site-packages/airflow/example_dags/example_trigger_controller_dag.py for tasks to queue
[2024-10-29T04:59:48.791+0000] {logging_mixin.py:190} INFO - [2024-10-29T04:59:48.790+0000] {dagbag.py:588} INFO - Filling up the DagBag from /home/airflow/.local/lib/python3.11/site-packages/airflow/example_dags/example_trigger_controller_dag.py
[2024-10-29T04:59:48.796+0000] {processor.py:925} INFO - DAG(s) 'example_trigger_controller_dag' retrieved from /home/airflow/.local/lib/python3.11/site-packages/airflow/example_dags/example_trigger_controller_dag.py
[2024-10-29T04:59:48.808+0000] {logging_mixin.py:190} INFO - [2024-10-29T04:59:48.808+0000] {dag.py:3239} INFO - Sync 1 DAGs
[2024-10-29T04:59:48.818+0000] {logging_mixin.py:190} INFO - [2024-10-29T04:59:48.818+0000] {dag.py:4180} INFO - Setting next_dagrun for example_trigger_controller_dag to 2021-01-01 00:00:00+00:00, run_after=2021-01-01 00:00:00+00:00
[2024-10-29T04:59:48.827+0000] {processor.py:208} INFO - Processing /home/airflow/.local/lib/python3.11/site-packages/airflow/example_dags/example_trigger_controller_dag.py took 0.044 seconds
[2024-10-29T05:52:13.301+0000] {processor.py:186} INFO - Started process (PID=48060) to work on /home/airflow/.local/lib/python3.11/site-packages/airflow/example_dags/example_trigger_controller_dag.py
[2024-10-29T05:52:13.302+0000] {processor.py:914} INFO - Processing file /home/airflow/.local/lib/python3.11/site-packages/airflow/example_dags/example_trigger_controller_dag.py for tasks to queue
[2024-10-29T05:52:13.303+0000] {logging_mixin.py:190} INFO - [2024-10-29T05:52:13.303+0000] {dagbag.py:588} INFO - Filling up the DagBag from /home/airflow/.local/lib/python3.11/site-packages/airflow/example_dags/example_trigger_controller_dag.py
[2024-10-29T05:52:13.308+0000] {processor.py:925} INFO - DAG(s) 'example_trigger_controller_dag' retrieved from /home/airflow/.local/lib/python3.11/site-packages/airflow/example_dags/example_trigger_controller_dag.py
[2024-10-29T05:52:13.320+0000] {logging_mixin.py:190} INFO - [2024-10-29T05:52:13.320+0000] {dag.py:3239} INFO - Sync 1 DAGs
[2024-10-29T05:52:13.332+0000] {logging_mixin.py:190} INFO - [2024-10-29T05:52:13.331+0000] {dag.py:4180} INFO - Setting next_dagrun for example_trigger_controller_dag to 2021-01-01 00:00:00+00:00, run_after=2021-01-01 00:00:00+00:00
[2024-10-29T05:52:13.339+0000] {processor.py:208} INFO - Processing /home/airflow/.local/lib/python3.11/site-packages/airflow/example_dags/example_trigger_controller_dag.py took 0.042 seconds
[2024-10-29T06:31:00.002+0000] {processor.py:186} INFO - Started process (PID=48117) to work on /home/airflow/.local/lib/python3.11/site-packages/airflow/example_dags/example_trigger_controller_dag.py
[2024-10-29T06:31:00.003+0000] {processor.py:914} INFO - Processing file /home/airflow/.local/lib/python3.11/site-packages/airflow/example_dags/example_trigger_controller_dag.py for tasks to queue
[2024-10-29T06:31:00.004+0000] {logging_mixin.py:190} INFO - [2024-10-29T06:31:00.004+0000] {dagbag.py:588} INFO - Filling up the DagBag from /home/airflow/.local/lib/python3.11/site-packages/airflow/example_dags/example_trigger_controller_dag.py
[2024-10-29T06:31:00.008+0000] {processor.py:925} INFO - DAG(s) 'example_trigger_controller_dag' retrieved from /home/airflow/.local/lib/python3.11/site-packages/airflow/example_dags/example_trigger_controller_dag.py
[2024-10-29T06:31:00.018+0000] {logging_mixin.py:190} INFO - [2024-10-29T06:31:00.017+0000] {dag.py:3239} INFO - Sync 1 DAGs
[2024-10-29T06:31:00.028+0000] {logging_mixin.py:190} INFO - [2024-10-29T06:31:00.028+0000] {dag.py:4180} INFO - Setting next_dagrun for example_trigger_controller_dag to 2021-01-01 00:00:00+00:00, run_after=2021-01-01 00:00:00+00:00
[2024-10-29T06:31:00.036+0000] {processor.py:208} INFO - Processing /home/airflow/.local/lib/python3.11/site-packages/airflow/example_dags/example_trigger_controller_dag.py took 0.037 seconds
[2024-10-29T07:19:57.692+0000] {processor.py:186} INFO - Started process (PID=48185) to work on /home/airflow/.local/lib/python3.11/site-packages/airflow/example_dags/example_trigger_controller_dag.py
[2024-10-29T07:19:57.696+0000] {processor.py:914} INFO - Processing file /home/airflow/.local/lib/python3.11/site-packages/airflow/example_dags/example_trigger_controller_dag.py for tasks to queue
[2024-10-29T07:19:57.698+0000] {logging_mixin.py:190} INFO - [2024-10-29T07:19:57.698+0000] {dagbag.py:588} INFO - Filling up the DagBag from /home/airflow/.local/lib/python3.11/site-packages/airflow/example_dags/example_trigger_controller_dag.py
[2024-10-29T07:19:57.707+0000] {processor.py:925} INFO - DAG(s) 'example_trigger_controller_dag' retrieved from /home/airflow/.local/lib/python3.11/site-packages/airflow/example_dags/example_trigger_controller_dag.py
[2024-10-29T07:19:57.724+0000] {logging_mixin.py:190} INFO - [2024-10-29T07:19:57.724+0000] {dag.py:3239} INFO - Sync 1 DAGs
[2024-10-29T07:19:57.738+0000] {logging_mixin.py:190} INFO - [2024-10-29T07:19:57.738+0000] {dag.py:4180} INFO - Setting next_dagrun for example_trigger_controller_dag to 2021-01-01 00:00:00+00:00, run_after=2021-01-01 00:00:00+00:00
[2024-10-29T07:19:57.749+0000] {processor.py:208} INFO - Processing /home/airflow/.local/lib/python3.11/site-packages/airflow/example_dags/example_trigger_controller_dag.py took 0.063 seconds
[2024-10-29T07:59:19.294+0000] {processor.py:186} INFO - Started process (PID=48248) to work on /home/airflow/.local/lib/python3.11/site-packages/airflow/example_dags/example_trigger_controller_dag.py
[2024-10-29T07:59:19.297+0000] {processor.py:914} INFO - Processing file /home/airflow/.local/lib/python3.11/site-packages/airflow/example_dags/example_trigger_controller_dag.py for tasks to queue
[2024-10-29T07:59:19.299+0000] {logging_mixin.py:190} INFO - [2024-10-29T07:59:19.299+0000] {dagbag.py:588} INFO - Filling up the DagBag from /home/airflow/.local/lib/python3.11/site-packages/airflow/example_dags/example_trigger_controller_dag.py
[2024-10-29T07:59:19.303+0000] {processor.py:925} INFO - DAG(s) 'example_trigger_controller_dag' retrieved from /home/airflow/.local/lib/python3.11/site-packages/airflow/example_dags/example_trigger_controller_dag.py
[2024-10-29T07:59:19.316+0000] {logging_mixin.py:190} INFO - [2024-10-29T07:59:19.316+0000] {dag.py:3239} INFO - Sync 1 DAGs
[2024-10-29T07:59:19.330+0000] {logging_mixin.py:190} INFO - [2024-10-29T07:59:19.329+0000] {dag.py:4180} INFO - Setting next_dagrun for example_trigger_controller_dag to 2021-01-01 00:00:00+00:00, run_after=2021-01-01 00:00:00+00:00
[2024-10-29T07:59:19.338+0000] {processor.py:208} INFO - Processing /home/airflow/.local/lib/python3.11/site-packages/airflow/example_dags/example_trigger_controller_dag.py took 0.049 seconds
[2024-10-29T07:59:49.695+0000] {processor.py:186} INFO - Started process (PID=48312) to work on /home/airflow/.local/lib/python3.11/site-packages/airflow/example_dags/example_trigger_controller_dag.py
[2024-10-29T07:59:49.696+0000] {processor.py:914} INFO - Processing file /home/airflow/.local/lib/python3.11/site-packages/airflow/example_dags/example_trigger_controller_dag.py for tasks to queue
[2024-10-29T07:59:49.697+0000] {logging_mixin.py:190} INFO - [2024-10-29T07:59:49.697+0000] {dagbag.py:588} INFO - Filling up the DagBag from /home/airflow/.local/lib/python3.11/site-packages/airflow/example_dags/example_trigger_controller_dag.py
[2024-10-29T07:59:49.701+0000] {processor.py:925} INFO - DAG(s) 'example_trigger_controller_dag' retrieved from /home/airflow/.local/lib/python3.11/site-packages/airflow/example_dags/example_trigger_controller_dag.py
[2024-10-29T07:59:49.711+0000] {logging_mixin.py:190} INFO - [2024-10-29T07:59:49.711+0000] {dag.py:3239} INFO - Sync 1 DAGs
[2024-10-29T07:59:49.722+0000] {logging_mixin.py:190} INFO - [2024-10-29T07:59:49.722+0000] {dag.py:4180} INFO - Setting next_dagrun for example_trigger_controller_dag to 2021-01-01 00:00:00+00:00, run_after=2021-01-01 00:00:00+00:00
[2024-10-29T07:59:49.730+0000] {processor.py:208} INFO - Processing /home/airflow/.local/lib/python3.11/site-packages/airflow/example_dags/example_trigger_controller_dag.py took 0.039 seconds
[2024-10-29T08:00:20.041+0000] {processor.py:186} INFO - Started process (PID=48375) to work on /home/airflow/.local/lib/python3.11/site-packages/airflow/example_dags/example_trigger_controller_dag.py
[2024-10-29T08:00:20.041+0000] {processor.py:914} INFO - Processing file /home/airflow/.local/lib/python3.11/site-packages/airflow/example_dags/example_trigger_controller_dag.py for tasks to queue
[2024-10-29T08:00:20.043+0000] {logging_mixin.py:190} INFO - [2024-10-29T08:00:20.043+0000] {dagbag.py:588} INFO - Filling up the DagBag from /home/airflow/.local/lib/python3.11/site-packages/airflow/example_dags/example_trigger_controller_dag.py
[2024-10-29T08:00:20.047+0000] {processor.py:925} INFO - DAG(s) 'example_trigger_controller_dag' retrieved from /home/airflow/.local/lib/python3.11/site-packages/airflow/example_dags/example_trigger_controller_dag.py
[2024-10-29T08:00:20.063+0000] {logging_mixin.py:190} INFO - [2024-10-29T08:00:20.063+0000] {dag.py:3239} INFO - Sync 1 DAGs
[2024-10-29T08:00:20.075+0000] {logging_mixin.py:190} INFO - [2024-10-29T08:00:20.075+0000] {dag.py:4180} INFO - Setting next_dagrun for example_trigger_controller_dag to 2021-01-01 00:00:00+00:00, run_after=2021-01-01 00:00:00+00:00
[2024-10-29T08:00:20.084+0000] {processor.py:208} INFO - Processing /home/airflow/.local/lib/python3.11/site-packages/airflow/example_dags/example_trigger_controller_dag.py took 0.047 seconds
[2024-10-29T08:00:50.358+0000] {processor.py:186} INFO - Started process (PID=48438) to work on /home/airflow/.local/lib/python3.11/site-packages/airflow/example_dags/example_trigger_controller_dag.py
[2024-10-29T08:00:50.359+0000] {processor.py:914} INFO - Processing file /home/airflow/.local/lib/python3.11/site-packages/airflow/example_dags/example_trigger_controller_dag.py for tasks to queue
[2024-10-29T08:00:50.361+0000] {logging_mixin.py:190} INFO - [2024-10-29T08:00:50.361+0000] {dagbag.py:588} INFO - Filling up the DagBag from /home/airflow/.local/lib/python3.11/site-packages/airflow/example_dags/example_trigger_controller_dag.py
[2024-10-29T08:00:50.365+0000] {processor.py:925} INFO - DAG(s) 'example_trigger_controller_dag' retrieved from /home/airflow/.local/lib/python3.11/site-packages/airflow/example_dags/example_trigger_controller_dag.py
[2024-10-29T08:00:50.375+0000] {logging_mixin.py:190} INFO - [2024-10-29T08:00:50.375+0000] {dag.py:3239} INFO - Sync 1 DAGs
[2024-10-29T08:00:50.386+0000] {logging_mixin.py:190} INFO - [2024-10-29T08:00:50.386+0000] {dag.py:4180} INFO - Setting next_dagrun for example_trigger_controller_dag to 2021-01-01 00:00:00+00:00, run_after=2021-01-01 00:00:00+00:00
[2024-10-29T08:00:50.394+0000] {processor.py:208} INFO - Processing /home/airflow/.local/lib/python3.11/site-packages/airflow/example_dags/example_trigger_controller_dag.py took 0.039 seconds
[2024-10-29T08:01:21.063+0000] {processor.py:186} INFO - Started process (PID=48501) to work on /home/airflow/.local/lib/python3.11/site-packages/airflow/example_dags/example_trigger_controller_dag.py
[2024-10-29T08:01:21.066+0000] {processor.py:914} INFO - Processing file /home/airflow/.local/lib/python3.11/site-packages/airflow/example_dags/example_trigger_controller_dag.py for tasks to queue
[2024-10-29T08:01:21.079+0000] {logging_mixin.py:190} INFO - [2024-10-29T08:01:21.078+0000] {dagbag.py:588} INFO - Filling up the DagBag from /home/airflow/.local/lib/python3.11/site-packages/airflow/example_dags/example_trigger_controller_dag.py
[2024-10-29T08:01:21.090+0000] {processor.py:925} INFO - DAG(s) 'example_trigger_controller_dag' retrieved from /home/airflow/.local/lib/python3.11/site-packages/airflow/example_dags/example_trigger_controller_dag.py
[2024-10-29T08:01:21.134+0000] {logging_mixin.py:190} INFO - [2024-10-29T08:01:21.134+0000] {dag.py:3239} INFO - Sync 1 DAGs
[2024-10-29T08:01:21.152+0000] {logging_mixin.py:190} INFO - [2024-10-29T08:01:21.152+0000] {dag.py:4180} INFO - Setting next_dagrun for example_trigger_controller_dag to 2021-01-01 00:00:00+00:00, run_after=2021-01-01 00:00:00+00:00
[2024-10-29T08:01:21.163+0000] {processor.py:208} INFO - Processing /home/airflow/.local/lib/python3.11/site-packages/airflow/example_dags/example_trigger_controller_dag.py took 0.110 seconds
[2024-10-29T08:01:51.743+0000] {processor.py:186} INFO - Started process (PID=48564) to work on /home/airflow/.local/lib/python3.11/site-packages/airflow/example_dags/example_trigger_controller_dag.py
[2024-10-29T08:01:51.744+0000] {processor.py:914} INFO - Processing file /home/airflow/.local/lib/python3.11/site-packages/airflow/example_dags/example_trigger_controller_dag.py for tasks to queue
[2024-10-29T08:01:51.746+0000] {logging_mixin.py:190} INFO - [2024-10-29T08:01:51.746+0000] {dagbag.py:588} INFO - Filling up the DagBag from /home/airflow/.local/lib/python3.11/site-packages/airflow/example_dags/example_trigger_controller_dag.py
[2024-10-29T08:01:51.750+0000] {processor.py:925} INFO - DAG(s) 'example_trigger_controller_dag' retrieved from /home/airflow/.local/lib/python3.11/site-packages/airflow/example_dags/example_trigger_controller_dag.py
[2024-10-29T08:01:51.763+0000] {logging_mixin.py:190} INFO - [2024-10-29T08:01:51.763+0000] {dag.py:3239} INFO - Sync 1 DAGs
[2024-10-29T08:01:51.778+0000] {logging_mixin.py:190} INFO - [2024-10-29T08:01:51.778+0000] {dag.py:4180} INFO - Setting next_dagrun for example_trigger_controller_dag to 2021-01-01 00:00:00+00:00, run_after=2021-01-01 00:00:00+00:00
[2024-10-29T08:01:51.788+0000] {processor.py:208} INFO - Processing /home/airflow/.local/lib/python3.11/site-packages/airflow/example_dags/example_trigger_controller_dag.py took 0.048 seconds
[2024-10-29T08:02:22.633+0000] {processor.py:186} INFO - Started process (PID=48627) to work on /home/airflow/.local/lib/python3.11/site-packages/airflow/example_dags/example_trigger_controller_dag.py
[2024-10-29T08:02:22.634+0000] {processor.py:914} INFO - Processing file /home/airflow/.local/lib/python3.11/site-packages/airflow/example_dags/example_trigger_controller_dag.py for tasks to queue
[2024-10-29T08:02:22.635+0000] {logging_mixin.py:190} INFO - [2024-10-29T08:02:22.635+0000] {dagbag.py:588} INFO - Filling up the DagBag from /home/airflow/.local/lib/python3.11/site-packages/airflow/example_dags/example_trigger_controller_dag.py
[2024-10-29T08:02:22.640+0000] {processor.py:925} INFO - DAG(s) 'example_trigger_controller_dag' retrieved from /home/airflow/.local/lib/python3.11/site-packages/airflow/example_dags/example_trigger_controller_dag.py
[2024-10-29T08:02:22.653+0000] {logging_mixin.py:190} INFO - [2024-10-29T08:02:22.653+0000] {dag.py:3239} INFO - Sync 1 DAGs
[2024-10-29T08:02:22.667+0000] {logging_mixin.py:190} INFO - [2024-10-29T08:02:22.667+0000] {dag.py:4180} INFO - Setting next_dagrun for example_trigger_controller_dag to 2021-01-01 00:00:00+00:00, run_after=2021-01-01 00:00:00+00:00
[2024-10-29T08:02:22.676+0000] {processor.py:208} INFO - Processing /home/airflow/.local/lib/python3.11/site-packages/airflow/example_dags/example_trigger_controller_dag.py took 0.048 seconds
[2024-10-29T08:02:53.356+0000] {processor.py:186} INFO - Started process (PID=48690) to work on /home/airflow/.local/lib/python3.11/site-packages/airflow/example_dags/example_trigger_controller_dag.py
[2024-10-29T08:02:53.357+0000] {processor.py:914} INFO - Processing file /home/airflow/.local/lib/python3.11/site-packages/airflow/example_dags/example_trigger_controller_dag.py for tasks to queue
[2024-10-29T08:02:53.359+0000] {logging_mixin.py:190} INFO - [2024-10-29T08:02:53.358+0000] {dagbag.py:588} INFO - Filling up the DagBag from /home/airflow/.local/lib/python3.11/site-packages/airflow/example_dags/example_trigger_controller_dag.py
[2024-10-29T08:02:53.363+0000] {processor.py:925} INFO - DAG(s) 'example_trigger_controller_dag' retrieved from /home/airflow/.local/lib/python3.11/site-packages/airflow/example_dags/example_trigger_controller_dag.py
[2024-10-29T08:02:53.374+0000] {logging_mixin.py:190} INFO - [2024-10-29T08:02:53.373+0000] {dag.py:3239} INFO - Sync 1 DAGs
[2024-10-29T08:02:53.384+0000] {logging_mixin.py:190} INFO - [2024-10-29T08:02:53.384+0000] {dag.py:4180} INFO - Setting next_dagrun for example_trigger_controller_dag to 2021-01-01 00:00:00+00:00, run_after=2021-01-01 00:00:00+00:00
[2024-10-29T08:02:53.393+0000] {processor.py:208} INFO - Processing /home/airflow/.local/lib/python3.11/site-packages/airflow/example_dags/example_trigger_controller_dag.py took 0.040 seconds
[2024-10-29T08:03:23.811+0000] {processor.py:186} INFO - Started process (PID=48753) to work on /home/airflow/.local/lib/python3.11/site-packages/airflow/example_dags/example_trigger_controller_dag.py
[2024-10-29T08:03:23.812+0000] {processor.py:914} INFO - Processing file /home/airflow/.local/lib/python3.11/site-packages/airflow/example_dags/example_trigger_controller_dag.py for tasks to queue
[2024-10-29T08:03:23.814+0000] {logging_mixin.py:190} INFO - [2024-10-29T08:03:23.814+0000] {dagbag.py:588} INFO - Filling up the DagBag from /home/airflow/.local/lib/python3.11/site-packages/airflow/example_dags/example_trigger_controller_dag.py
[2024-10-29T08:03:23.818+0000] {processor.py:925} INFO - DAG(s) 'example_trigger_controller_dag' retrieved from /home/airflow/.local/lib/python3.11/site-packages/airflow/example_dags/example_trigger_controller_dag.py
[2024-10-29T08:03:23.833+0000] {logging_mixin.py:190} INFO - [2024-10-29T08:03:23.833+0000] {dag.py:3239} INFO - Sync 1 DAGs
[2024-10-29T08:03:23.848+0000] {logging_mixin.py:190} INFO - [2024-10-29T08:03:23.848+0000] {dag.py:4180} INFO - Setting next_dagrun for example_trigger_controller_dag to 2021-01-01 00:00:00+00:00, run_after=2021-01-01 00:00:00+00:00
[2024-10-29T08:03:23.857+0000] {processor.py:208} INFO - Processing /home/airflow/.local/lib/python3.11/site-packages/airflow/example_dags/example_trigger_controller_dag.py took 0.049 seconds
[2024-10-29T08:03:54.176+0000] {processor.py:186} INFO - Started process (PID=48816) to work on /home/airflow/.local/lib/python3.11/site-packages/airflow/example_dags/example_trigger_controller_dag.py
[2024-10-29T08:03:54.177+0000] {processor.py:914} INFO - Processing file /home/airflow/.local/lib/python3.11/site-packages/airflow/example_dags/example_trigger_controller_dag.py for tasks to queue
[2024-10-29T08:03:54.178+0000] {logging_mixin.py:190} INFO - [2024-10-29T08:03:54.178+0000] {dagbag.py:588} INFO - Filling up the DagBag from /home/airflow/.local/lib/python3.11/site-packages/airflow/example_dags/example_trigger_controller_dag.py
[2024-10-29T08:03:54.182+0000] {processor.py:925} INFO - DAG(s) 'example_trigger_controller_dag' retrieved from /home/airflow/.local/lib/python3.11/site-packages/airflow/example_dags/example_trigger_controller_dag.py
[2024-10-29T08:03:54.193+0000] {logging_mixin.py:190} INFO - [2024-10-29T08:03:54.192+0000] {dag.py:3239} INFO - Sync 1 DAGs
[2024-10-29T08:03:54.203+0000] {logging_mixin.py:190} INFO - [2024-10-29T08:03:54.203+0000] {dag.py:4180} INFO - Setting next_dagrun for example_trigger_controller_dag to 2021-01-01 00:00:00+00:00, run_after=2021-01-01 00:00:00+00:00
[2024-10-29T08:03:54.212+0000] {processor.py:208} INFO - Processing /home/airflow/.local/lib/python3.11/site-packages/airflow/example_dags/example_trigger_controller_dag.py took 0.039 seconds
[2024-10-29T08:04:24.651+0000] {processor.py:186} INFO - Started process (PID=48879) to work on /home/airflow/.local/lib/python3.11/site-packages/airflow/example_dags/example_trigger_controller_dag.py
[2024-10-29T08:04:24.652+0000] {processor.py:914} INFO - Processing file /home/airflow/.local/lib/python3.11/site-packages/airflow/example_dags/example_trigger_controller_dag.py for tasks to queue
[2024-10-29T08:04:24.653+0000] {logging_mixin.py:190} INFO - [2024-10-29T08:04:24.653+0000] {dagbag.py:588} INFO - Filling up the DagBag from /home/airflow/.local/lib/python3.11/site-packages/airflow/example_dags/example_trigger_controller_dag.py
[2024-10-29T08:04:24.658+0000] {processor.py:925} INFO - DAG(s) 'example_trigger_controller_dag' retrieved from /home/airflow/.local/lib/python3.11/site-packages/airflow/example_dags/example_trigger_controller_dag.py
[2024-10-29T08:04:24.671+0000] {logging_mixin.py:190} INFO - [2024-10-29T08:04:24.671+0000] {dag.py:3239} INFO - Sync 1 DAGs
[2024-10-29T08:04:24.683+0000] {logging_mixin.py:190} INFO - [2024-10-29T08:04:24.682+0000] {dag.py:4180} INFO - Setting next_dagrun for example_trigger_controller_dag to 2021-01-01 00:00:00+00:00, run_after=2021-01-01 00:00:00+00:00
[2024-10-29T08:04:24.691+0000] {processor.py:208} INFO - Processing /home/airflow/.local/lib/python3.11/site-packages/airflow/example_dags/example_trigger_controller_dag.py took 0.044 seconds
[2024-10-29T08:04:55.074+0000] {processor.py:186} INFO - Started process (PID=48941) to work on /home/airflow/.local/lib/python3.11/site-packages/airflow/example_dags/example_trigger_controller_dag.py
[2024-10-29T08:04:55.075+0000] {processor.py:914} INFO - Processing file /home/airflow/.local/lib/python3.11/site-packages/airflow/example_dags/example_trigger_controller_dag.py for tasks to queue
[2024-10-29T08:04:55.076+0000] {logging_mixin.py:190} INFO - [2024-10-29T08:04:55.076+0000] {dagbag.py:588} INFO - Filling up the DagBag from /home/airflow/.local/lib/python3.11/site-packages/airflow/example_dags/example_trigger_controller_dag.py
[2024-10-29T08:04:55.080+0000] {processor.py:925} INFO - DAG(s) 'example_trigger_controller_dag' retrieved from /home/airflow/.local/lib/python3.11/site-packages/airflow/example_dags/example_trigger_controller_dag.py
[2024-10-29T08:04:55.090+0000] {logging_mixin.py:190} INFO - [2024-10-29T08:04:55.090+0000] {dag.py:3239} INFO - Sync 1 DAGs
[2024-10-29T08:04:55.101+0000] {logging_mixin.py:190} INFO - [2024-10-29T08:04:55.101+0000] {dag.py:4180} INFO - Setting next_dagrun for example_trigger_controller_dag to 2021-01-01 00:00:00+00:00, run_after=2021-01-01 00:00:00+00:00
[2024-10-29T08:04:55.109+0000] {processor.py:208} INFO - Processing /home/airflow/.local/lib/python3.11/site-packages/airflow/example_dags/example_trigger_controller_dag.py took 0.039 seconds
[2024-10-29T08:05:25.667+0000] {processor.py:186} INFO - Started process (PID=49004) to work on /home/airflow/.local/lib/python3.11/site-packages/airflow/example_dags/example_trigger_controller_dag.py
[2024-10-29T08:05:25.668+0000] {processor.py:914} INFO - Processing file /home/airflow/.local/lib/python3.11/site-packages/airflow/example_dags/example_trigger_controller_dag.py for tasks to queue
[2024-10-29T08:05:25.669+0000] {logging_mixin.py:190} INFO - [2024-10-29T08:05:25.669+0000] {dagbag.py:588} INFO - Filling up the DagBag from /home/airflow/.local/lib/python3.11/site-packages/airflow/example_dags/example_trigger_controller_dag.py
[2024-10-29T08:05:25.673+0000] {processor.py:925} INFO - DAG(s) 'example_trigger_controller_dag' retrieved from /home/airflow/.local/lib/python3.11/site-packages/airflow/example_dags/example_trigger_controller_dag.py
[2024-10-29T08:05:25.684+0000] {logging_mixin.py:190} INFO - [2024-10-29T08:05:25.684+0000] {dag.py:3239} INFO - Sync 1 DAGs
[2024-10-29T08:05:25.696+0000] {logging_mixin.py:190} INFO - [2024-10-29T08:05:25.696+0000] {dag.py:4180} INFO - Setting next_dagrun for example_trigger_controller_dag to 2021-01-01 00:00:00+00:00, run_after=2021-01-01 00:00:00+00:00
[2024-10-29T08:05:25.706+0000] {processor.py:208} INFO - Processing /home/airflow/.local/lib/python3.11/site-packages/airflow/example_dags/example_trigger_controller_dag.py took 0.043 seconds
[2024-10-29T08:05:56.240+0000] {processor.py:186} INFO - Started process (PID=49067) to work on /home/airflow/.local/lib/python3.11/site-packages/airflow/example_dags/example_trigger_controller_dag.py
[2024-10-29T08:05:56.241+0000] {processor.py:914} INFO - Processing file /home/airflow/.local/lib/python3.11/site-packages/airflow/example_dags/example_trigger_controller_dag.py for tasks to queue
[2024-10-29T08:05:56.242+0000] {logging_mixin.py:190} INFO - [2024-10-29T08:05:56.242+0000] {dagbag.py:588} INFO - Filling up the DagBag from /home/airflow/.local/lib/python3.11/site-packages/airflow/example_dags/example_trigger_controller_dag.py
[2024-10-29T08:05:56.246+0000] {processor.py:925} INFO - DAG(s) 'example_trigger_controller_dag' retrieved from /home/airflow/.local/lib/python3.11/site-packages/airflow/example_dags/example_trigger_controller_dag.py
[2024-10-29T08:05:56.256+0000] {logging_mixin.py:190} INFO - [2024-10-29T08:05:56.256+0000] {dag.py:3239} INFO - Sync 1 DAGs
[2024-10-29T08:05:56.266+0000] {logging_mixin.py:190} INFO - [2024-10-29T08:05:56.266+0000] {dag.py:4180} INFO - Setting next_dagrun for example_trigger_controller_dag to 2021-01-01 00:00:00+00:00, run_after=2021-01-01 00:00:00+00:00
[2024-10-29T08:05:56.274+0000] {processor.py:208} INFO - Processing /home/airflow/.local/lib/python3.11/site-packages/airflow/example_dags/example_trigger_controller_dag.py took 0.037 seconds
[2024-10-29T08:06:26.652+0000] {processor.py:186} INFO - Started process (PID=49130) to work on /home/airflow/.local/lib/python3.11/site-packages/airflow/example_dags/example_trigger_controller_dag.py
[2024-10-29T08:06:26.652+0000] {processor.py:914} INFO - Processing file /home/airflow/.local/lib/python3.11/site-packages/airflow/example_dags/example_trigger_controller_dag.py for tasks to queue
[2024-10-29T08:06:26.654+0000] {logging_mixin.py:190} INFO - [2024-10-29T08:06:26.654+0000] {dagbag.py:588} INFO - Filling up the DagBag from /home/airflow/.local/lib/python3.11/site-packages/airflow/example_dags/example_trigger_controller_dag.py
[2024-10-29T08:06:26.658+0000] {processor.py:925} INFO - DAG(s) 'example_trigger_controller_dag' retrieved from /home/airflow/.local/lib/python3.11/site-packages/airflow/example_dags/example_trigger_controller_dag.py
[2024-10-29T08:06:26.669+0000] {logging_mixin.py:190} INFO - [2024-10-29T08:06:26.669+0000] {dag.py:3239} INFO - Sync 1 DAGs
[2024-10-29T08:06:26.680+0000] {logging_mixin.py:190} INFO - [2024-10-29T08:06:26.680+0000] {dag.py:4180} INFO - Setting next_dagrun for example_trigger_controller_dag to 2021-01-01 00:00:00+00:00, run_after=2021-01-01 00:00:00+00:00
[2024-10-29T08:06:26.689+0000] {processor.py:208} INFO - Processing /home/airflow/.local/lib/python3.11/site-packages/airflow/example_dags/example_trigger_controller_dag.py took 0.041 seconds
[2024-10-29T08:06:57.870+0000] {processor.py:186} INFO - Started process (PID=49193) to work on /home/airflow/.local/lib/python3.11/site-packages/airflow/example_dags/example_trigger_controller_dag.py
[2024-10-29T08:06:57.872+0000] {processor.py:914} INFO - Processing file /home/airflow/.local/lib/python3.11/site-packages/airflow/example_dags/example_trigger_controller_dag.py for tasks to queue
[2024-10-29T08:06:57.874+0000] {logging_mixin.py:190} INFO - [2024-10-29T08:06:57.874+0000] {dagbag.py:588} INFO - Filling up the DagBag from /home/airflow/.local/lib/python3.11/site-packages/airflow/example_dags/example_trigger_controller_dag.py
[2024-10-29T08:06:57.878+0000] {processor.py:925} INFO - DAG(s) 'example_trigger_controller_dag' retrieved from /home/airflow/.local/lib/python3.11/site-packages/airflow/example_dags/example_trigger_controller_dag.py
[2024-10-29T08:06:57.891+0000] {logging_mixin.py:190} INFO - [2024-10-29T08:06:57.891+0000] {dag.py:3239} INFO - Sync 1 DAGs
[2024-10-29T08:06:57.913+0000] {logging_mixin.py:190} INFO - [2024-10-29T08:06:57.913+0000] {dag.py:4180} INFO - Setting next_dagrun for example_trigger_controller_dag to 2021-01-01 00:00:00+00:00, run_after=2021-01-01 00:00:00+00:00
[2024-10-29T08:06:57.922+0000] {processor.py:208} INFO - Processing /home/airflow/.local/lib/python3.11/site-packages/airflow/example_dags/example_trigger_controller_dag.py took 0.055 seconds
[2024-10-29T08:07:28.728+0000] {processor.py:186} INFO - Started process (PID=49256) to work on /home/airflow/.local/lib/python3.11/site-packages/airflow/example_dags/example_trigger_controller_dag.py
[2024-10-29T08:07:28.729+0000] {processor.py:914} INFO - Processing file /home/airflow/.local/lib/python3.11/site-packages/airflow/example_dags/example_trigger_controller_dag.py for tasks to queue
[2024-10-29T08:07:28.731+0000] {logging_mixin.py:190} INFO - [2024-10-29T08:07:28.731+0000] {dagbag.py:588} INFO - Filling up the DagBag from /home/airflow/.local/lib/python3.11/site-packages/airflow/example_dags/example_trigger_controller_dag.py
[2024-10-29T08:07:28.736+0000] {processor.py:925} INFO - DAG(s) 'example_trigger_controller_dag' retrieved from /home/airflow/.local/lib/python3.11/site-packages/airflow/example_dags/example_trigger_controller_dag.py
[2024-10-29T08:07:28.747+0000] {logging_mixin.py:190} INFO - [2024-10-29T08:07:28.747+0000] {dag.py:3239} INFO - Sync 1 DAGs
[2024-10-29T08:07:28.759+0000] {logging_mixin.py:190} INFO - [2024-10-29T08:07:28.759+0000] {dag.py:4180} INFO - Setting next_dagrun for example_trigger_controller_dag to 2021-01-01 00:00:00+00:00, run_after=2021-01-01 00:00:00+00:00
[2024-10-29T08:07:28.769+0000] {processor.py:208} INFO - Processing /home/airflow/.local/lib/python3.11/site-packages/airflow/example_dags/example_trigger_controller_dag.py took 0.047 seconds
[2024-10-29T08:07:59.704+0000] {processor.py:186} INFO - Started process (PID=49319) to work on /home/airflow/.local/lib/python3.11/site-packages/airflow/example_dags/example_trigger_controller_dag.py
[2024-10-29T08:07:59.705+0000] {processor.py:914} INFO - Processing file /home/airflow/.local/lib/python3.11/site-packages/airflow/example_dags/example_trigger_controller_dag.py for tasks to queue
[2024-10-29T08:07:59.706+0000] {logging_mixin.py:190} INFO - [2024-10-29T08:07:59.706+0000] {dagbag.py:588} INFO - Filling up the DagBag from /home/airflow/.local/lib/python3.11/site-packages/airflow/example_dags/example_trigger_controller_dag.py
[2024-10-29T08:07:59.711+0000] {processor.py:925} INFO - DAG(s) 'example_trigger_controller_dag' retrieved from /home/airflow/.local/lib/python3.11/site-packages/airflow/example_dags/example_trigger_controller_dag.py
[2024-10-29T08:07:59.722+0000] {logging_mixin.py:190} INFO - [2024-10-29T08:07:59.721+0000] {dag.py:3239} INFO - Sync 1 DAGs
[2024-10-29T08:07:59.735+0000] {logging_mixin.py:190} INFO - [2024-10-29T08:07:59.735+0000] {dag.py:4180} INFO - Setting next_dagrun for example_trigger_controller_dag to 2021-01-01 00:00:00+00:00, run_after=2021-01-01 00:00:00+00:00
[2024-10-29T08:07:59.745+0000] {processor.py:208} INFO - Processing /home/airflow/.local/lib/python3.11/site-packages/airflow/example_dags/example_trigger_controller_dag.py took 0.045 seconds
[2024-10-29T08:08:30.312+0000] {processor.py:186} INFO - Started process (PID=49382) to work on /home/airflow/.local/lib/python3.11/site-packages/airflow/example_dags/example_trigger_controller_dag.py
[2024-10-29T08:08:30.313+0000] {processor.py:914} INFO - Processing file /home/airflow/.local/lib/python3.11/site-packages/airflow/example_dags/example_trigger_controller_dag.py for tasks to queue
[2024-10-29T08:08:30.314+0000] {logging_mixin.py:190} INFO - [2024-10-29T08:08:30.314+0000] {dagbag.py:588} INFO - Filling up the DagBag from /home/airflow/.local/lib/python3.11/site-packages/airflow/example_dags/example_trigger_controller_dag.py
[2024-10-29T08:08:30.319+0000] {processor.py:925} INFO - DAG(s) 'example_trigger_controller_dag' retrieved from /home/airflow/.local/lib/python3.11/site-packages/airflow/example_dags/example_trigger_controller_dag.py
[2024-10-29T08:08:30.330+0000] {logging_mixin.py:190} INFO - [2024-10-29T08:08:30.330+0000] {dag.py:3239} INFO - Sync 1 DAGs
[2024-10-29T08:08:30.342+0000] {logging_mixin.py:190} INFO - [2024-10-29T08:08:30.342+0000] {dag.py:4180} INFO - Setting next_dagrun for example_trigger_controller_dag to 2021-01-01 00:00:00+00:00, run_after=2021-01-01 00:00:00+00:00
[2024-10-29T08:08:30.350+0000] {processor.py:208} INFO - Processing /home/airflow/.local/lib/python3.11/site-packages/airflow/example_dags/example_trigger_controller_dag.py took 0.043 seconds
[2024-10-29T08:09:00.941+0000] {processor.py:186} INFO - Started process (PID=49444) to work on /home/airflow/.local/lib/python3.11/site-packages/airflow/example_dags/example_trigger_controller_dag.py
[2024-10-29T08:09:00.942+0000] {processor.py:914} INFO - Processing file /home/airflow/.local/lib/python3.11/site-packages/airflow/example_dags/example_trigger_controller_dag.py for tasks to queue
[2024-10-29T08:09:00.944+0000] {logging_mixin.py:190} INFO - [2024-10-29T08:09:00.944+0000] {dagbag.py:588} INFO - Filling up the DagBag from /home/airflow/.local/lib/python3.11/site-packages/airflow/example_dags/example_trigger_controller_dag.py
[2024-10-29T08:09:00.948+0000] {processor.py:925} INFO - DAG(s) 'example_trigger_controller_dag' retrieved from /home/airflow/.local/lib/python3.11/site-packages/airflow/example_dags/example_trigger_controller_dag.py
[2024-10-29T08:09:00.958+0000] {logging_mixin.py:190} INFO - [2024-10-29T08:09:00.957+0000] {dag.py:3239} INFO - Sync 1 DAGs
[2024-10-29T08:09:00.969+0000] {logging_mixin.py:190} INFO - [2024-10-29T08:09:00.969+0000] {dag.py:4180} INFO - Setting next_dagrun for example_trigger_controller_dag to 2021-01-01 00:00:00+00:00, run_after=2021-01-01 00:00:00+00:00
[2024-10-29T08:09:00.978+0000] {processor.py:208} INFO - Processing /home/airflow/.local/lib/python3.11/site-packages/airflow/example_dags/example_trigger_controller_dag.py took 0.040 seconds
[2024-10-29T08:09:31.814+0000] {processor.py:186} INFO - Started process (PID=49507) to work on /home/airflow/.local/lib/python3.11/site-packages/airflow/example_dags/example_trigger_controller_dag.py
[2024-10-29T08:09:31.815+0000] {processor.py:914} INFO - Processing file /home/airflow/.local/lib/python3.11/site-packages/airflow/example_dags/example_trigger_controller_dag.py for tasks to queue
[2024-10-29T08:09:31.817+0000] {logging_mixin.py:190} INFO - [2024-10-29T08:09:31.816+0000] {dagbag.py:588} INFO - Filling up the DagBag from /home/airflow/.local/lib/python3.11/site-packages/airflow/example_dags/example_trigger_controller_dag.py
[2024-10-29T08:09:31.821+0000] {processor.py:925} INFO - DAG(s) 'example_trigger_controller_dag' retrieved from /home/airflow/.local/lib/python3.11/site-packages/airflow/example_dags/example_trigger_controller_dag.py
[2024-10-29T08:09:31.841+0000] {logging_mixin.py:190} INFO - [2024-10-29T08:09:31.840+0000] {dag.py:3239} INFO - Sync 1 DAGs
[2024-10-29T08:09:31.853+0000] {logging_mixin.py:190} INFO - [2024-10-29T08:09:31.853+0000] {dag.py:4180} INFO - Setting next_dagrun for example_trigger_controller_dag to 2021-01-01 00:00:00+00:00, run_after=2021-01-01 00:00:00+00:00
[2024-10-29T08:09:31.864+0000] {processor.py:208} INFO - Processing /home/airflow/.local/lib/python3.11/site-packages/airflow/example_dags/example_trigger_controller_dag.py took 0.055 seconds
[2024-10-29T08:10:02.889+0000] {processor.py:186} INFO - Started process (PID=49570) to work on /home/airflow/.local/lib/python3.11/site-packages/airflow/example_dags/example_trigger_controller_dag.py
[2024-10-29T08:10:02.890+0000] {processor.py:914} INFO - Processing file /home/airflow/.local/lib/python3.11/site-packages/airflow/example_dags/example_trigger_controller_dag.py for tasks to queue
[2024-10-29T08:10:02.892+0000] {logging_mixin.py:190} INFO - [2024-10-29T08:10:02.892+0000] {dagbag.py:588} INFO - Filling up the DagBag from /home/airflow/.local/lib/python3.11/site-packages/airflow/example_dags/example_trigger_controller_dag.py
[2024-10-29T08:10:02.897+0000] {processor.py:925} INFO - DAG(s) 'example_trigger_controller_dag' retrieved from /home/airflow/.local/lib/python3.11/site-packages/airflow/example_dags/example_trigger_controller_dag.py
[2024-10-29T08:10:02.910+0000] {logging_mixin.py:190} INFO - [2024-10-29T08:10:02.910+0000] {dag.py:3239} INFO - Sync 1 DAGs
[2024-10-29T08:10:02.923+0000] {logging_mixin.py:190} INFO - [2024-10-29T08:10:02.923+0000] {dag.py:4180} INFO - Setting next_dagrun for example_trigger_controller_dag to 2021-01-01 00:00:00+00:00, run_after=2021-01-01 00:00:00+00:00
[2024-10-29T08:10:02.931+0000] {processor.py:208} INFO - Processing /home/airflow/.local/lib/python3.11/site-packages/airflow/example_dags/example_trigger_controller_dag.py took 0.047 seconds
[2024-10-29T08:10:33.610+0000] {processor.py:186} INFO - Started process (PID=49633) to work on /home/airflow/.local/lib/python3.11/site-packages/airflow/example_dags/example_trigger_controller_dag.py
[2024-10-29T08:10:33.613+0000] {processor.py:914} INFO - Processing file /home/airflow/.local/lib/python3.11/site-packages/airflow/example_dags/example_trigger_controller_dag.py for tasks to queue
[2024-10-29T08:10:33.615+0000] {logging_mixin.py:190} INFO - [2024-10-29T08:10:33.615+0000] {dagbag.py:588} INFO - Filling up the DagBag from /home/airflow/.local/lib/python3.11/site-packages/airflow/example_dags/example_trigger_controller_dag.py
[2024-10-29T08:10:33.622+0000] {processor.py:925} INFO - DAG(s) 'example_trigger_controller_dag' retrieved from /home/airflow/.local/lib/python3.11/site-packages/airflow/example_dags/example_trigger_controller_dag.py
[2024-10-29T08:10:33.639+0000] {logging_mixin.py:190} INFO - [2024-10-29T08:10:33.639+0000] {dag.py:3239} INFO - Sync 1 DAGs
[2024-10-29T08:10:33.668+0000] {logging_mixin.py:190} INFO - [2024-10-29T08:10:33.668+0000] {dag.py:4180} INFO - Setting next_dagrun for example_trigger_controller_dag to 2021-01-01 00:00:00+00:00, run_after=2021-01-01 00:00:00+00:00
[2024-10-29T08:10:33.681+0000] {processor.py:208} INFO - Processing /home/airflow/.local/lib/python3.11/site-packages/airflow/example_dags/example_trigger_controller_dag.py took 0.080 seconds
[2024-10-29T18:53:04.845+0000] {processor.py:186} INFO - Started process (PID=70) to work on /home/airflow/.local/lib/python3.11/site-packages/airflow/example_dags/example_trigger_controller_dag.py
[2024-10-29T18:53:04.851+0000] {processor.py:914} INFO - Processing file /home/airflow/.local/lib/python3.11/site-packages/airflow/example_dags/example_trigger_controller_dag.py for tasks to queue
[2024-10-29T18:53:04.869+0000] {logging_mixin.py:190} INFO - [2024-10-29T18:53:04.868+0000] {dagbag.py:588} INFO - Filling up the DagBag from /home/airflow/.local/lib/python3.11/site-packages/airflow/example_dags/example_trigger_controller_dag.py
[2024-10-29T18:53:04.915+0000] {processor.py:925} INFO - DAG(s) 'example_trigger_controller_dag' retrieved from /home/airflow/.local/lib/python3.11/site-packages/airflow/example_dags/example_trigger_controller_dag.py
[2024-10-29T18:53:05.067+0000] {logging_mixin.py:190} INFO - [2024-10-29T18:53:05.064+0000] {dag.py:3239} INFO - Sync 1 DAGs
[2024-10-29T18:53:05.152+0000] {logging_mixin.py:190} INFO - [2024-10-29T18:53:05.150+0000] {dag.py:4180} INFO - Setting next_dagrun for example_trigger_controller_dag to 2021-01-01 00:00:00+00:00, run_after=2021-01-01 00:00:00+00:00
[2024-10-29T18:53:05.876+0000] {processor.py:208} INFO - Processing /home/airflow/.local/lib/python3.11/site-packages/airflow/example_dags/example_trigger_controller_dag.py took 1.077 seconds
[2024-10-29T18:53:36.559+0000] {processor.py:186} INFO - Started process (PID=132) to work on /home/airflow/.local/lib/python3.11/site-packages/airflow/example_dags/example_trigger_controller_dag.py
[2024-10-29T18:53:36.563+0000] {processor.py:914} INFO - Processing file /home/airflow/.local/lib/python3.11/site-packages/airflow/example_dags/example_trigger_controller_dag.py for tasks to queue
[2024-10-29T18:53:36.570+0000] {logging_mixin.py:190} INFO - [2024-10-29T18:53:36.569+0000] {dagbag.py:588} INFO - Filling up the DagBag from /home/airflow/.local/lib/python3.11/site-packages/airflow/example_dags/example_trigger_controller_dag.py
[2024-10-29T18:53:36.594+0000] {processor.py:925} INFO - DAG(s) 'example_trigger_controller_dag' retrieved from /home/airflow/.local/lib/python3.11/site-packages/airflow/example_dags/example_trigger_controller_dag.py
[2024-10-29T18:53:36.674+0000] {logging_mixin.py:190} INFO - [2024-10-29T18:53:36.673+0000] {dag.py:3239} INFO - Sync 1 DAGs
[2024-10-29T18:53:36.739+0000] {logging_mixin.py:190} INFO - [2024-10-29T18:53:36.739+0000] {dag.py:4180} INFO - Setting next_dagrun for example_trigger_controller_dag to 2021-01-01 00:00:00+00:00, run_after=2021-01-01 00:00:00+00:00
[2024-10-29T18:53:37.362+0000] {processor.py:208} INFO - Processing /home/airflow/.local/lib/python3.11/site-packages/airflow/example_dags/example_trigger_controller_dag.py took 0.831 seconds
[2024-10-29T18:54:21.923+0000] {processor.py:186} INFO - Started process (PID=201) to work on /home/airflow/.local/lib/python3.11/site-packages/airflow/example_dags/example_trigger_controller_dag.py
[2024-10-29T18:54:21.941+0000] {processor.py:914} INFO - Processing file /home/airflow/.local/lib/python3.11/site-packages/airflow/example_dags/example_trigger_controller_dag.py for tasks to queue
[2024-10-29T18:54:21.973+0000] {logging_mixin.py:190} INFO - [2024-10-29T18:54:21.964+0000] {dagbag.py:588} INFO - Filling up the DagBag from /home/airflow/.local/lib/python3.11/site-packages/airflow/example_dags/example_trigger_controller_dag.py
[2024-10-29T18:54:22.022+0000] {processor.py:925} INFO - DAG(s) 'example_trigger_controller_dag' retrieved from /home/airflow/.local/lib/python3.11/site-packages/airflow/example_dags/example_trigger_controller_dag.py
[2024-10-29T18:54:22.130+0000] {logging_mixin.py:190} INFO - [2024-10-29T18:54:22.129+0000] {dag.py:3239} INFO - Sync 1 DAGs
[2024-10-29T18:54:22.217+0000] {logging_mixin.py:190} INFO - [2024-10-29T18:54:22.216+0000] {dag.py:4180} INFO - Setting next_dagrun for example_trigger_controller_dag to 2021-01-01 00:00:00+00:00, run_after=2021-01-01 00:00:00+00:00
[2024-10-29T18:54:22.946+0000] {processor.py:208} INFO - Processing /home/airflow/.local/lib/python3.11/site-packages/airflow/example_dags/example_trigger_controller_dag.py took 1.053 seconds
[2024-10-29T18:55:05.554+0000] {processor.py:186} INFO - Started process (PID=263) to work on /home/airflow/.local/lib/python3.11/site-packages/airflow/example_dags/example_trigger_controller_dag.py
[2024-10-29T18:55:05.556+0000] {processor.py:914} INFO - Processing file /home/airflow/.local/lib/python3.11/site-packages/airflow/example_dags/example_trigger_controller_dag.py for tasks to queue
[2024-10-29T18:55:05.562+0000] {logging_mixin.py:190} INFO - [2024-10-29T18:55:05.561+0000] {dagbag.py:588} INFO - Filling up the DagBag from /home/airflow/.local/lib/python3.11/site-packages/airflow/example_dags/example_trigger_controller_dag.py
[2024-10-29T18:55:05.592+0000] {processor.py:925} INFO - DAG(s) 'example_trigger_controller_dag' retrieved from /home/airflow/.local/lib/python3.11/site-packages/airflow/example_dags/example_trigger_controller_dag.py
[2024-10-29T18:55:05.708+0000] {logging_mixin.py:190} INFO - [2024-10-29T18:55:05.708+0000] {dag.py:3239} INFO - Sync 1 DAGs
[2024-10-29T18:55:05.792+0000] {logging_mixin.py:190} INFO - [2024-10-29T18:55:05.791+0000] {dag.py:4180} INFO - Setting next_dagrun for example_trigger_controller_dag to 2021-01-01 00:00:00+00:00, run_after=2021-01-01 00:00:00+00:00
[2024-10-29T18:55:05.871+0000] {processor.py:208} INFO - Processing /home/airflow/.local/lib/python3.11/site-packages/airflow/example_dags/example_trigger_controller_dag.py took 0.355 seconds
[2024-10-29T18:55:46.854+0000] {processor.py:186} INFO - Started process (PID=331) to work on /home/airflow/.local/lib/python3.11/site-packages/airflow/example_dags/example_trigger_controller_dag.py
[2024-10-29T18:55:46.856+0000] {processor.py:914} INFO - Processing file /home/airflow/.local/lib/python3.11/site-packages/airflow/example_dags/example_trigger_controller_dag.py for tasks to queue
[2024-10-29T18:55:46.859+0000] {logging_mixin.py:190} INFO - [2024-10-29T18:55:46.858+0000] {dagbag.py:588} INFO - Filling up the DagBag from /home/airflow/.local/lib/python3.11/site-packages/airflow/example_dags/example_trigger_controller_dag.py
[2024-10-29T18:55:46.866+0000] {processor.py:925} INFO - DAG(s) 'example_trigger_controller_dag' retrieved from /home/airflow/.local/lib/python3.11/site-packages/airflow/example_dags/example_trigger_controller_dag.py
[2024-10-29T18:55:46.893+0000] {logging_mixin.py:190} INFO - [2024-10-29T18:55:46.892+0000] {dag.py:3239} INFO - Sync 1 DAGs
[2024-10-29T18:55:46.950+0000] {logging_mixin.py:190} INFO - [2024-10-29T18:55:46.950+0000] {dag.py:4180} INFO - Setting next_dagrun for example_trigger_controller_dag to 2021-01-01 00:00:00+00:00, run_after=2021-01-01 00:00:00+00:00
[2024-10-29T18:55:46.991+0000] {processor.py:208} INFO - Processing /home/airflow/.local/lib/python3.11/site-packages/airflow/example_dags/example_trigger_controller_dag.py took 0.141 seconds
[2024-10-29T18:56:17.212+0000] {processor.py:186} INFO - Started process (PID=394) to work on /home/airflow/.local/lib/python3.11/site-packages/airflow/example_dags/example_trigger_controller_dag.py
[2024-10-29T18:56:17.213+0000] {processor.py:914} INFO - Processing file /home/airflow/.local/lib/python3.11/site-packages/airflow/example_dags/example_trigger_controller_dag.py for tasks to queue
[2024-10-29T18:56:17.214+0000] {logging_mixin.py:190} INFO - [2024-10-29T18:56:17.214+0000] {dagbag.py:588} INFO - Filling up the DagBag from /home/airflow/.local/lib/python3.11/site-packages/airflow/example_dags/example_trigger_controller_dag.py
[2024-10-29T18:56:17.219+0000] {processor.py:925} INFO - DAG(s) 'example_trigger_controller_dag' retrieved from /home/airflow/.local/lib/python3.11/site-packages/airflow/example_dags/example_trigger_controller_dag.py
[2024-10-29T18:56:17.230+0000] {logging_mixin.py:190} INFO - [2024-10-29T18:56:17.230+0000] {dag.py:3239} INFO - Sync 1 DAGs
[2024-10-29T18:56:17.242+0000] {logging_mixin.py:190} INFO - [2024-10-29T18:56:17.242+0000] {dag.py:4180} INFO - Setting next_dagrun for example_trigger_controller_dag to 2021-01-01 00:00:00+00:00, run_after=2021-01-01 00:00:00+00:00
[2024-10-29T18:56:17.251+0000] {processor.py:208} INFO - Processing /home/airflow/.local/lib/python3.11/site-packages/airflow/example_dags/example_trigger_controller_dag.py took 0.043 seconds
[2024-10-29T18:56:47.998+0000] {processor.py:186} INFO - Started process (PID=457) to work on /home/airflow/.local/lib/python3.11/site-packages/airflow/example_dags/example_trigger_controller_dag.py
[2024-10-29T18:56:48.000+0000] {processor.py:914} INFO - Processing file /home/airflow/.local/lib/python3.11/site-packages/airflow/example_dags/example_trigger_controller_dag.py for tasks to queue
[2024-10-29T18:56:48.002+0000] {logging_mixin.py:190} INFO - [2024-10-29T18:56:48.002+0000] {dagbag.py:588} INFO - Filling up the DagBag from /home/airflow/.local/lib/python3.11/site-packages/airflow/example_dags/example_trigger_controller_dag.py
[2024-10-29T18:56:48.006+0000] {processor.py:925} INFO - DAG(s) 'example_trigger_controller_dag' retrieved from /home/airflow/.local/lib/python3.11/site-packages/airflow/example_dags/example_trigger_controller_dag.py
[2024-10-29T18:56:48.017+0000] {logging_mixin.py:190} INFO - [2024-10-29T18:56:48.017+0000] {dag.py:3239} INFO - Sync 1 DAGs
[2024-10-29T18:56:48.028+0000] {logging_mixin.py:190} INFO - [2024-10-29T18:56:48.028+0000] {dag.py:4180} INFO - Setting next_dagrun for example_trigger_controller_dag to 2021-01-01 00:00:00+00:00, run_after=2021-01-01 00:00:00+00:00
[2024-10-29T18:56:48.036+0000] {processor.py:208} INFO - Processing /home/airflow/.local/lib/python3.11/site-packages/airflow/example_dags/example_trigger_controller_dag.py took 0.041 seconds
[2024-10-29T18:57:18.367+0000] {processor.py:186} INFO - Started process (PID=520) to work on /home/airflow/.local/lib/python3.11/site-packages/airflow/example_dags/example_trigger_controller_dag.py
[2024-10-29T18:57:18.368+0000] {processor.py:914} INFO - Processing file /home/airflow/.local/lib/python3.11/site-packages/airflow/example_dags/example_trigger_controller_dag.py for tasks to queue
[2024-10-29T18:57:18.369+0000] {logging_mixin.py:190} INFO - [2024-10-29T18:57:18.369+0000] {dagbag.py:588} INFO - Filling up the DagBag from /home/airflow/.local/lib/python3.11/site-packages/airflow/example_dags/example_trigger_controller_dag.py
[2024-10-29T18:57:18.373+0000] {processor.py:925} INFO - DAG(s) 'example_trigger_controller_dag' retrieved from /home/airflow/.local/lib/python3.11/site-packages/airflow/example_dags/example_trigger_controller_dag.py
[2024-10-29T18:57:18.384+0000] {logging_mixin.py:190} INFO - [2024-10-29T18:57:18.384+0000] {dag.py:3239} INFO - Sync 1 DAGs
[2024-10-29T18:57:18.397+0000] {logging_mixin.py:190} INFO - [2024-10-29T18:57:18.397+0000] {dag.py:4180} INFO - Setting next_dagrun for example_trigger_controller_dag to 2021-01-01 00:00:00+00:00, run_after=2021-01-01 00:00:00+00:00
[2024-10-29T18:57:18.410+0000] {processor.py:208} INFO - Processing /home/airflow/.local/lib/python3.11/site-packages/airflow/example_dags/example_trigger_controller_dag.py took 0.047 seconds
[2024-10-29T18:57:49.522+0000] {processor.py:186} INFO - Started process (PID=583) to work on /home/airflow/.local/lib/python3.11/site-packages/airflow/example_dags/example_trigger_controller_dag.py
[2024-10-29T18:57:49.523+0000] {processor.py:914} INFO - Processing file /home/airflow/.local/lib/python3.11/site-packages/airflow/example_dags/example_trigger_controller_dag.py for tasks to queue
[2024-10-29T18:57:49.524+0000] {logging_mixin.py:190} INFO - [2024-10-29T18:57:49.524+0000] {dagbag.py:588} INFO - Filling up the DagBag from /home/airflow/.local/lib/python3.11/site-packages/airflow/example_dags/example_trigger_controller_dag.py
[2024-10-29T18:57:49.528+0000] {processor.py:925} INFO - DAG(s) 'example_trigger_controller_dag' retrieved from /home/airflow/.local/lib/python3.11/site-packages/airflow/example_dags/example_trigger_controller_dag.py
[2024-10-29T18:57:49.538+0000] {logging_mixin.py:190} INFO - [2024-10-29T18:57:49.537+0000] {dag.py:3239} INFO - Sync 1 DAGs
[2024-10-29T18:57:49.549+0000] {logging_mixin.py:190} INFO - [2024-10-29T18:57:49.549+0000] {dag.py:4180} INFO - Setting next_dagrun for example_trigger_controller_dag to 2021-01-01 00:00:00+00:00, run_after=2021-01-01 00:00:00+00:00
[2024-10-29T18:57:49.557+0000] {processor.py:208} INFO - Processing /home/airflow/.local/lib/python3.11/site-packages/airflow/example_dags/example_trigger_controller_dag.py took 0.038 seconds
[2024-10-29T18:58:20.132+0000] {processor.py:186} INFO - Started process (PID=646) to work on /home/airflow/.local/lib/python3.11/site-packages/airflow/example_dags/example_trigger_controller_dag.py
[2024-10-29T18:58:20.134+0000] {processor.py:914} INFO - Processing file /home/airflow/.local/lib/python3.11/site-packages/airflow/example_dags/example_trigger_controller_dag.py for tasks to queue
[2024-10-29T18:58:20.136+0000] {logging_mixin.py:190} INFO - [2024-10-29T18:58:20.136+0000] {dagbag.py:588} INFO - Filling up the DagBag from /home/airflow/.local/lib/python3.11/site-packages/airflow/example_dags/example_trigger_controller_dag.py
[2024-10-29T18:58:20.147+0000] {processor.py:925} INFO - DAG(s) 'example_trigger_controller_dag' retrieved from /home/airflow/.local/lib/python3.11/site-packages/airflow/example_dags/example_trigger_controller_dag.py
[2024-10-29T18:58:20.181+0000] {logging_mixin.py:190} INFO - [2024-10-29T18:58:20.180+0000] {dag.py:3239} INFO - Sync 1 DAGs
[2024-10-29T18:58:20.202+0000] {logging_mixin.py:190} INFO - [2024-10-29T18:58:20.202+0000] {dag.py:4180} INFO - Setting next_dagrun for example_trigger_controller_dag to 2021-01-01 00:00:00+00:00, run_after=2021-01-01 00:00:00+00:00
[2024-10-29T18:58:20.216+0000] {processor.py:208} INFO - Processing /home/airflow/.local/lib/python3.11/site-packages/airflow/example_dags/example_trigger_controller_dag.py took 0.089 seconds
[2024-10-29T18:58:50.456+0000] {processor.py:186} INFO - Started process (PID=709) to work on /home/airflow/.local/lib/python3.11/site-packages/airflow/example_dags/example_trigger_controller_dag.py
[2024-10-29T18:58:50.457+0000] {processor.py:914} INFO - Processing file /home/airflow/.local/lib/python3.11/site-packages/airflow/example_dags/example_trigger_controller_dag.py for tasks to queue
[2024-10-29T18:58:50.458+0000] {logging_mixin.py:190} INFO - [2024-10-29T18:58:50.458+0000] {dagbag.py:588} INFO - Filling up the DagBag from /home/airflow/.local/lib/python3.11/site-packages/airflow/example_dags/example_trigger_controller_dag.py
[2024-10-29T18:58:50.462+0000] {processor.py:925} INFO - DAG(s) 'example_trigger_controller_dag' retrieved from /home/airflow/.local/lib/python3.11/site-packages/airflow/example_dags/example_trigger_controller_dag.py
[2024-10-29T18:58:50.472+0000] {logging_mixin.py:190} INFO - [2024-10-29T18:58:50.472+0000] {dag.py:3239} INFO - Sync 1 DAGs
[2024-10-29T18:58:50.483+0000] {logging_mixin.py:190} INFO - [2024-10-29T18:58:50.483+0000] {dag.py:4180} INFO - Setting next_dagrun for example_trigger_controller_dag to 2021-01-01 00:00:00+00:00, run_after=2021-01-01 00:00:00+00:00
[2024-10-29T18:58:50.492+0000] {processor.py:208} INFO - Processing /home/airflow/.local/lib/python3.11/site-packages/airflow/example_dags/example_trigger_controller_dag.py took 0.039 seconds
[2024-10-29T18:59:20.843+0000] {processor.py:186} INFO - Started process (PID=772) to work on /home/airflow/.local/lib/python3.11/site-packages/airflow/example_dags/example_trigger_controller_dag.py
[2024-10-29T18:59:20.843+0000] {processor.py:914} INFO - Processing file /home/airflow/.local/lib/python3.11/site-packages/airflow/example_dags/example_trigger_controller_dag.py for tasks to queue
[2024-10-29T18:59:20.845+0000] {logging_mixin.py:190} INFO - [2024-10-29T18:59:20.845+0000] {dagbag.py:588} INFO - Filling up the DagBag from /home/airflow/.local/lib/python3.11/site-packages/airflow/example_dags/example_trigger_controller_dag.py
[2024-10-29T18:59:20.851+0000] {processor.py:925} INFO - DAG(s) 'example_trigger_controller_dag' retrieved from /home/airflow/.local/lib/python3.11/site-packages/airflow/example_dags/example_trigger_controller_dag.py
[2024-10-29T18:59:20.866+0000] {logging_mixin.py:190} INFO - [2024-10-29T18:59:20.866+0000] {dag.py:3239} INFO - Sync 1 DAGs
[2024-10-29T18:59:20.878+0000] {logging_mixin.py:190} INFO - [2024-10-29T18:59:20.878+0000] {dag.py:4180} INFO - Setting next_dagrun for example_trigger_controller_dag to 2021-01-01 00:00:00+00:00, run_after=2021-01-01 00:00:00+00:00
[2024-10-29T18:59:20.887+0000] {processor.py:208} INFO - Processing /home/airflow/.local/lib/python3.11/site-packages/airflow/example_dags/example_trigger_controller_dag.py took 0.050 seconds
[2024-10-29T18:59:51.403+0000] {processor.py:186} INFO - Started process (PID=834) to work on /home/airflow/.local/lib/python3.11/site-packages/airflow/example_dags/example_trigger_controller_dag.py
[2024-10-29T18:59:51.403+0000] {processor.py:914} INFO - Processing file /home/airflow/.local/lib/python3.11/site-packages/airflow/example_dags/example_trigger_controller_dag.py for tasks to queue
[2024-10-29T18:59:51.405+0000] {logging_mixin.py:190} INFO - [2024-10-29T18:59:51.405+0000] {dagbag.py:588} INFO - Filling up the DagBag from /home/airflow/.local/lib/python3.11/site-packages/airflow/example_dags/example_trigger_controller_dag.py
[2024-10-29T18:59:51.409+0000] {processor.py:925} INFO - DAG(s) 'example_trigger_controller_dag' retrieved from /home/airflow/.local/lib/python3.11/site-packages/airflow/example_dags/example_trigger_controller_dag.py
[2024-10-29T18:59:51.419+0000] {logging_mixin.py:190} INFO - [2024-10-29T18:59:51.419+0000] {dag.py:3239} INFO - Sync 1 DAGs
[2024-10-29T18:59:51.431+0000] {logging_mixin.py:190} INFO - [2024-10-29T18:59:51.430+0000] {dag.py:4180} INFO - Setting next_dagrun for example_trigger_controller_dag to 2021-01-01 00:00:00+00:00, run_after=2021-01-01 00:00:00+00:00
[2024-10-29T18:59:51.440+0000] {processor.py:208} INFO - Processing /home/airflow/.local/lib/python3.11/site-packages/airflow/example_dags/example_trigger_controller_dag.py took 0.041 seconds
[2024-10-29T19:00:21.714+0000] {processor.py:186} INFO - Started process (PID=897) to work on /home/airflow/.local/lib/python3.11/site-packages/airflow/example_dags/example_trigger_controller_dag.py
[2024-10-29T19:00:21.715+0000] {processor.py:914} INFO - Processing file /home/airflow/.local/lib/python3.11/site-packages/airflow/example_dags/example_trigger_controller_dag.py for tasks to queue
[2024-10-29T19:00:21.718+0000] {logging_mixin.py:190} INFO - [2024-10-29T19:00:21.718+0000] {dagbag.py:588} INFO - Filling up the DagBag from /home/airflow/.local/lib/python3.11/site-packages/airflow/example_dags/example_trigger_controller_dag.py
[2024-10-29T19:00:21.726+0000] {processor.py:925} INFO - DAG(s) 'example_trigger_controller_dag' retrieved from /home/airflow/.local/lib/python3.11/site-packages/airflow/example_dags/example_trigger_controller_dag.py
[2024-10-29T19:00:21.741+0000] {logging_mixin.py:190} INFO - [2024-10-29T19:00:21.741+0000] {dag.py:3239} INFO - Sync 1 DAGs
[2024-10-29T19:00:21.757+0000] {logging_mixin.py:190} INFO - [2024-10-29T19:00:21.757+0000] {dag.py:4180} INFO - Setting next_dagrun for example_trigger_controller_dag to 2021-01-01 00:00:00+00:00, run_after=2021-01-01 00:00:00+00:00
[2024-10-29T19:00:21.769+0000] {processor.py:208} INFO - Processing /home/airflow/.local/lib/python3.11/site-packages/airflow/example_dags/example_trigger_controller_dag.py took 0.060 seconds
[2024-10-29T19:00:52.534+0000] {processor.py:186} INFO - Started process (PID=960) to work on /home/airflow/.local/lib/python3.11/site-packages/airflow/example_dags/example_trigger_controller_dag.py
[2024-10-29T19:00:52.534+0000] {processor.py:914} INFO - Processing file /home/airflow/.local/lib/python3.11/site-packages/airflow/example_dags/example_trigger_controller_dag.py for tasks to queue
[2024-10-29T19:00:52.536+0000] {logging_mixin.py:190} INFO - [2024-10-29T19:00:52.535+0000] {dagbag.py:588} INFO - Filling up the DagBag from /home/airflow/.local/lib/python3.11/site-packages/airflow/example_dags/example_trigger_controller_dag.py
[2024-10-29T19:00:52.539+0000] {processor.py:925} INFO - DAG(s) 'example_trigger_controller_dag' retrieved from /home/airflow/.local/lib/python3.11/site-packages/airflow/example_dags/example_trigger_controller_dag.py
[2024-10-29T19:00:52.549+0000] {logging_mixin.py:190} INFO - [2024-10-29T19:00:52.549+0000] {dag.py:3239} INFO - Sync 1 DAGs
[2024-10-29T19:00:52.559+0000] {logging_mixin.py:190} INFO - [2024-10-29T19:00:52.559+0000] {dag.py:4180} INFO - Setting next_dagrun for example_trigger_controller_dag to 2021-01-01 00:00:00+00:00, run_after=2021-01-01 00:00:00+00:00
[2024-10-29T19:00:52.569+0000] {processor.py:208} INFO - Processing /home/airflow/.local/lib/python3.11/site-packages/airflow/example_dags/example_trigger_controller_dag.py took 0.039 seconds
[2024-10-29T19:01:22.770+0000] {processor.py:186} INFO - Started process (PID=1023) to work on /home/airflow/.local/lib/python3.11/site-packages/airflow/example_dags/example_trigger_controller_dag.py
[2024-10-29T19:01:22.770+0000] {processor.py:914} INFO - Processing file /home/airflow/.local/lib/python3.11/site-packages/airflow/example_dags/example_trigger_controller_dag.py for tasks to queue
[2024-10-29T19:01:22.772+0000] {logging_mixin.py:190} INFO - [2024-10-29T19:01:22.771+0000] {dagbag.py:588} INFO - Filling up the DagBag from /home/airflow/.local/lib/python3.11/site-packages/airflow/example_dags/example_trigger_controller_dag.py
[2024-10-29T19:01:22.775+0000] {processor.py:925} INFO - DAG(s) 'example_trigger_controller_dag' retrieved from /home/airflow/.local/lib/python3.11/site-packages/airflow/example_dags/example_trigger_controller_dag.py
[2024-10-29T19:01:22.785+0000] {logging_mixin.py:190} INFO - [2024-10-29T19:01:22.785+0000] {dag.py:3239} INFO - Sync 1 DAGs
[2024-10-29T19:01:22.799+0000] {logging_mixin.py:190} INFO - [2024-10-29T19:01:22.798+0000] {dag.py:4180} INFO - Setting next_dagrun for example_trigger_controller_dag to 2021-01-01 00:00:00+00:00, run_after=2021-01-01 00:00:00+00:00
[2024-10-29T19:01:22.807+0000] {processor.py:208} INFO - Processing /home/airflow/.local/lib/python3.11/site-packages/airflow/example_dags/example_trigger_controller_dag.py took 0.040 seconds
[2024-10-29T19:01:53.030+0000] {processor.py:186} INFO - Started process (PID=1086) to work on /home/airflow/.local/lib/python3.11/site-packages/airflow/example_dags/example_trigger_controller_dag.py
[2024-10-29T19:01:53.031+0000] {processor.py:914} INFO - Processing file /home/airflow/.local/lib/python3.11/site-packages/airflow/example_dags/example_trigger_controller_dag.py for tasks to queue
[2024-10-29T19:01:53.033+0000] {logging_mixin.py:190} INFO - [2024-10-29T19:01:53.033+0000] {dagbag.py:588} INFO - Filling up the DagBag from /home/airflow/.local/lib/python3.11/site-packages/airflow/example_dags/example_trigger_controller_dag.py
[2024-10-29T19:01:53.036+0000] {processor.py:925} INFO - DAG(s) 'example_trigger_controller_dag' retrieved from /home/airflow/.local/lib/python3.11/site-packages/airflow/example_dags/example_trigger_controller_dag.py
[2024-10-29T19:01:53.046+0000] {logging_mixin.py:190} INFO - [2024-10-29T19:01:53.046+0000] {dag.py:3239} INFO - Sync 1 DAGs
[2024-10-29T19:01:53.057+0000] {logging_mixin.py:190} INFO - [2024-10-29T19:01:53.057+0000] {dag.py:4180} INFO - Setting next_dagrun for example_trigger_controller_dag to 2021-01-01 00:00:00+00:00, run_after=2021-01-01 00:00:00+00:00
[2024-10-29T19:01:53.065+0000] {processor.py:208} INFO - Processing /home/airflow/.local/lib/python3.11/site-packages/airflow/example_dags/example_trigger_controller_dag.py took 0.038 seconds
[2024-10-29T19:02:24.045+0000] {processor.py:186} INFO - Started process (PID=1149) to work on /home/airflow/.local/lib/python3.11/site-packages/airflow/example_dags/example_trigger_controller_dag.py
[2024-10-29T19:02:24.047+0000] {processor.py:914} INFO - Processing file /home/airflow/.local/lib/python3.11/site-packages/airflow/example_dags/example_trigger_controller_dag.py for tasks to queue
[2024-10-29T19:02:24.050+0000] {logging_mixin.py:190} INFO - [2024-10-29T19:02:24.049+0000] {dagbag.py:588} INFO - Filling up the DagBag from /home/airflow/.local/lib/python3.11/site-packages/airflow/example_dags/example_trigger_controller_dag.py
[2024-10-29T19:02:24.055+0000] {processor.py:925} INFO - DAG(s) 'example_trigger_controller_dag' retrieved from /home/airflow/.local/lib/python3.11/site-packages/airflow/example_dags/example_trigger_controller_dag.py
[2024-10-29T19:02:24.069+0000] {logging_mixin.py:190} INFO - [2024-10-29T19:02:24.069+0000] {dag.py:3239} INFO - Sync 1 DAGs
[2024-10-29T19:02:24.085+0000] {logging_mixin.py:190} INFO - [2024-10-29T19:02:24.085+0000] {dag.py:4180} INFO - Setting next_dagrun for example_trigger_controller_dag to 2021-01-01 00:00:00+00:00, run_after=2021-01-01 00:00:00+00:00
[2024-10-29T19:02:24.093+0000] {processor.py:208} INFO - Processing /home/airflow/.local/lib/python3.11/site-packages/airflow/example_dags/example_trigger_controller_dag.py took 0.052 seconds
[2024-10-29T19:02:54.808+0000] {processor.py:186} INFO - Started process (PID=1212) to work on /home/airflow/.local/lib/python3.11/site-packages/airflow/example_dags/example_trigger_controller_dag.py
[2024-10-29T19:02:54.809+0000] {processor.py:914} INFO - Processing file /home/airflow/.local/lib/python3.11/site-packages/airflow/example_dags/example_trigger_controller_dag.py for tasks to queue
[2024-10-29T19:02:54.810+0000] {logging_mixin.py:190} INFO - [2024-10-29T19:02:54.810+0000] {dagbag.py:588} INFO - Filling up the DagBag from /home/airflow/.local/lib/python3.11/site-packages/airflow/example_dags/example_trigger_controller_dag.py
[2024-10-29T19:02:54.814+0000] {processor.py:925} INFO - DAG(s) 'example_trigger_controller_dag' retrieved from /home/airflow/.local/lib/python3.11/site-packages/airflow/example_dags/example_trigger_controller_dag.py
[2024-10-29T19:02:54.823+0000] {logging_mixin.py:190} INFO - [2024-10-29T19:02:54.823+0000] {dag.py:3239} INFO - Sync 1 DAGs
[2024-10-29T19:02:54.834+0000] {logging_mixin.py:190} INFO - [2024-10-29T19:02:54.834+0000] {dag.py:4180} INFO - Setting next_dagrun for example_trigger_controller_dag to 2021-01-01 00:00:00+00:00, run_after=2021-01-01 00:00:00+00:00
[2024-10-29T19:02:54.843+0000] {processor.py:208} INFO - Processing /home/airflow/.local/lib/python3.11/site-packages/airflow/example_dags/example_trigger_controller_dag.py took 0.038 seconds
[2024-10-29T19:03:25.688+0000] {processor.py:186} INFO - Started process (PID=1275) to work on /home/airflow/.local/lib/python3.11/site-packages/airflow/example_dags/example_trigger_controller_dag.py
[2024-10-29T19:03:25.688+0000] {processor.py:914} INFO - Processing file /home/airflow/.local/lib/python3.11/site-packages/airflow/example_dags/example_trigger_controller_dag.py for tasks to queue
[2024-10-29T19:03:25.690+0000] {logging_mixin.py:190} INFO - [2024-10-29T19:03:25.690+0000] {dagbag.py:588} INFO - Filling up the DagBag from /home/airflow/.local/lib/python3.11/site-packages/airflow/example_dags/example_trigger_controller_dag.py
[2024-10-29T19:03:25.693+0000] {processor.py:925} INFO - DAG(s) 'example_trigger_controller_dag' retrieved from /home/airflow/.local/lib/python3.11/site-packages/airflow/example_dags/example_trigger_controller_dag.py
[2024-10-29T19:03:25.703+0000] {logging_mixin.py:190} INFO - [2024-10-29T19:03:25.702+0000] {dag.py:3239} INFO - Sync 1 DAGs
[2024-10-29T19:03:25.713+0000] {logging_mixin.py:190} INFO - [2024-10-29T19:03:25.712+0000] {dag.py:4180} INFO - Setting next_dagrun for example_trigger_controller_dag to 2021-01-01 00:00:00+00:00, run_after=2021-01-01 00:00:00+00:00
[2024-10-29T19:03:25.720+0000] {processor.py:208} INFO - Processing /home/airflow/.local/lib/python3.11/site-packages/airflow/example_dags/example_trigger_controller_dag.py took 0.035 seconds
[2024-10-29T19:03:56.469+0000] {processor.py:186} INFO - Started process (PID=1338) to work on /home/airflow/.local/lib/python3.11/site-packages/airflow/example_dags/example_trigger_controller_dag.py
[2024-10-29T19:03:56.470+0000] {processor.py:914} INFO - Processing file /home/airflow/.local/lib/python3.11/site-packages/airflow/example_dags/example_trigger_controller_dag.py for tasks to queue
[2024-10-29T19:03:56.471+0000] {logging_mixin.py:190} INFO - [2024-10-29T19:03:56.471+0000] {dagbag.py:588} INFO - Filling up the DagBag from /home/airflow/.local/lib/python3.11/site-packages/airflow/example_dags/example_trigger_controller_dag.py
[2024-10-29T19:03:56.474+0000] {processor.py:925} INFO - DAG(s) 'example_trigger_controller_dag' retrieved from /home/airflow/.local/lib/python3.11/site-packages/airflow/example_dags/example_trigger_controller_dag.py
[2024-10-29T19:03:56.484+0000] {logging_mixin.py:190} INFO - [2024-10-29T19:03:56.484+0000] {dag.py:3239} INFO - Sync 1 DAGs
[2024-10-29T19:03:56.495+0000] {logging_mixin.py:190} INFO - [2024-10-29T19:03:56.494+0000] {dag.py:4180} INFO - Setting next_dagrun for example_trigger_controller_dag to 2021-01-01 00:00:00+00:00, run_after=2021-01-01 00:00:00+00:00
[2024-10-29T19:03:56.502+0000] {processor.py:208} INFO - Processing /home/airflow/.local/lib/python3.11/site-packages/airflow/example_dags/example_trigger_controller_dag.py took 0.037 seconds
[2024-10-29T19:04:26.911+0000] {processor.py:186} INFO - Started process (PID=1401) to work on /home/airflow/.local/lib/python3.11/site-packages/airflow/example_dags/example_trigger_controller_dag.py
[2024-10-29T19:04:26.912+0000] {processor.py:914} INFO - Processing file /home/airflow/.local/lib/python3.11/site-packages/airflow/example_dags/example_trigger_controller_dag.py for tasks to queue
[2024-10-29T19:04:26.914+0000] {logging_mixin.py:190} INFO - [2024-10-29T19:04:26.914+0000] {dagbag.py:588} INFO - Filling up the DagBag from /home/airflow/.local/lib/python3.11/site-packages/airflow/example_dags/example_trigger_controller_dag.py
[2024-10-29T19:04:26.917+0000] {processor.py:925} INFO - DAG(s) 'example_trigger_controller_dag' retrieved from /home/airflow/.local/lib/python3.11/site-packages/airflow/example_dags/example_trigger_controller_dag.py
[2024-10-29T19:04:26.927+0000] {logging_mixin.py:190} INFO - [2024-10-29T19:04:26.927+0000] {dag.py:3239} INFO - Sync 1 DAGs
[2024-10-29T19:04:26.936+0000] {logging_mixin.py:190} INFO - [2024-10-29T19:04:26.936+0000] {dag.py:4180} INFO - Setting next_dagrun for example_trigger_controller_dag to 2021-01-01 00:00:00+00:00, run_after=2021-01-01 00:00:00+00:00
[2024-10-29T19:04:26.944+0000] {processor.py:208} INFO - Processing /home/airflow/.local/lib/python3.11/site-packages/airflow/example_dags/example_trigger_controller_dag.py took 0.036 seconds
[2024-10-29T19:04:57.505+0000] {processor.py:186} INFO - Started process (PID=1464) to work on /home/airflow/.local/lib/python3.11/site-packages/airflow/example_dags/example_trigger_controller_dag.py
[2024-10-29T19:04:57.506+0000] {processor.py:914} INFO - Processing file /home/airflow/.local/lib/python3.11/site-packages/airflow/example_dags/example_trigger_controller_dag.py for tasks to queue
[2024-10-29T19:04:57.508+0000] {logging_mixin.py:190} INFO - [2024-10-29T19:04:57.507+0000] {dagbag.py:588} INFO - Filling up the DagBag from /home/airflow/.local/lib/python3.11/site-packages/airflow/example_dags/example_trigger_controller_dag.py
[2024-10-29T19:04:57.512+0000] {processor.py:925} INFO - DAG(s) 'example_trigger_controller_dag' retrieved from /home/airflow/.local/lib/python3.11/site-packages/airflow/example_dags/example_trigger_controller_dag.py
[2024-10-29T19:04:57.524+0000] {logging_mixin.py:190} INFO - [2024-10-29T19:04:57.524+0000] {dag.py:3239} INFO - Sync 1 DAGs
[2024-10-29T19:04:57.536+0000] {logging_mixin.py:190} INFO - [2024-10-29T19:04:57.536+0000] {dag.py:4180} INFO - Setting next_dagrun for example_trigger_controller_dag to 2021-01-01 00:00:00+00:00, run_after=2021-01-01 00:00:00+00:00
[2024-10-29T19:04:57.545+0000] {processor.py:208} INFO - Processing /home/airflow/.local/lib/python3.11/site-packages/airflow/example_dags/example_trigger_controller_dag.py took 0.045 seconds
[2024-10-29T19:05:27.976+0000] {processor.py:186} INFO - Started process (PID=1527) to work on /home/airflow/.local/lib/python3.11/site-packages/airflow/example_dags/example_trigger_controller_dag.py
[2024-10-29T19:05:27.976+0000] {processor.py:914} INFO - Processing file /home/airflow/.local/lib/python3.11/site-packages/airflow/example_dags/example_trigger_controller_dag.py for tasks to queue
[2024-10-29T19:05:27.978+0000] {logging_mixin.py:190} INFO - [2024-10-29T19:05:27.978+0000] {dagbag.py:588} INFO - Filling up the DagBag from /home/airflow/.local/lib/python3.11/site-packages/airflow/example_dags/example_trigger_controller_dag.py
[2024-10-29T19:05:27.982+0000] {processor.py:925} INFO - DAG(s) 'example_trigger_controller_dag' retrieved from /home/airflow/.local/lib/python3.11/site-packages/airflow/example_dags/example_trigger_controller_dag.py
[2024-10-29T19:05:27.992+0000] {logging_mixin.py:190} INFO - [2024-10-29T19:05:27.992+0000] {dag.py:3239} INFO - Sync 1 DAGs
[2024-10-29T19:05:28.004+0000] {logging_mixin.py:190} INFO - [2024-10-29T19:05:28.003+0000] {dag.py:4180} INFO - Setting next_dagrun for example_trigger_controller_dag to 2021-01-01 00:00:00+00:00, run_after=2021-01-01 00:00:00+00:00
[2024-10-29T19:05:28.012+0000] {processor.py:208} INFO - Processing /home/airflow/.local/lib/python3.11/site-packages/airflow/example_dags/example_trigger_controller_dag.py took 0.040 seconds
[2024-10-29T19:05:58.272+0000] {processor.py:186} INFO - Started process (PID=1590) to work on /home/airflow/.local/lib/python3.11/site-packages/airflow/example_dags/example_trigger_controller_dag.py
[2024-10-29T19:05:58.273+0000] {processor.py:914} INFO - Processing file /home/airflow/.local/lib/python3.11/site-packages/airflow/example_dags/example_trigger_controller_dag.py for tasks to queue
[2024-10-29T19:05:58.274+0000] {logging_mixin.py:190} INFO - [2024-10-29T19:05:58.274+0000] {dagbag.py:588} INFO - Filling up the DagBag from /home/airflow/.local/lib/python3.11/site-packages/airflow/example_dags/example_trigger_controller_dag.py
[2024-10-29T19:05:58.278+0000] {processor.py:925} INFO - DAG(s) 'example_trigger_controller_dag' retrieved from /home/airflow/.local/lib/python3.11/site-packages/airflow/example_dags/example_trigger_controller_dag.py
[2024-10-29T19:05:58.287+0000] {logging_mixin.py:190} INFO - [2024-10-29T19:05:58.287+0000] {dag.py:3239} INFO - Sync 1 DAGs
[2024-10-29T19:05:58.297+0000] {logging_mixin.py:190} INFO - [2024-10-29T19:05:58.297+0000] {dag.py:4180} INFO - Setting next_dagrun for example_trigger_controller_dag to 2021-01-01 00:00:00+00:00, run_after=2021-01-01 00:00:00+00:00
[2024-10-29T19:05:58.307+0000] {processor.py:208} INFO - Processing /home/airflow/.local/lib/python3.11/site-packages/airflow/example_dags/example_trigger_controller_dag.py took 0.038 seconds
[2024-10-29T19:23:18.220+0000] {processor.py:186} INFO - Started process (PID=1628) to work on /home/airflow/.local/lib/python3.11/site-packages/airflow/example_dags/example_trigger_controller_dag.py
[2024-10-29T19:23:18.221+0000] {processor.py:914} INFO - Processing file /home/airflow/.local/lib/python3.11/site-packages/airflow/example_dags/example_trigger_controller_dag.py for tasks to queue
[2024-10-29T19:23:18.222+0000] {logging_mixin.py:190} INFO - [2024-10-29T19:23:18.222+0000] {dagbag.py:588} INFO - Filling up the DagBag from /home/airflow/.local/lib/python3.11/site-packages/airflow/example_dags/example_trigger_controller_dag.py
[2024-10-29T19:23:18.226+0000] {processor.py:925} INFO - DAG(s) 'example_trigger_controller_dag' retrieved from /home/airflow/.local/lib/python3.11/site-packages/airflow/example_dags/example_trigger_controller_dag.py
[2024-10-29T19:23:18.237+0000] {logging_mixin.py:190} INFO - [2024-10-29T19:23:18.236+0000] {dag.py:3239} INFO - Sync 1 DAGs
[2024-10-29T19:23:18.248+0000] {logging_mixin.py:190} INFO - [2024-10-29T19:23:18.247+0000] {dag.py:4180} INFO - Setting next_dagrun for example_trigger_controller_dag to 2021-01-01 00:00:00+00:00, run_after=2021-01-01 00:00:00+00:00
[2024-10-29T19:23:18.257+0000] {processor.py:208} INFO - Processing /home/airflow/.local/lib/python3.11/site-packages/airflow/example_dags/example_trigger_controller_dag.py took 0.040 seconds
[2024-10-29T20:00:04.541+0000] {processor.py:186} INFO - Started process (PID=1691) to work on /home/airflow/.local/lib/python3.11/site-packages/airflow/example_dags/example_trigger_controller_dag.py
[2024-10-29T20:00:04.542+0000] {processor.py:914} INFO - Processing file /home/airflow/.local/lib/python3.11/site-packages/airflow/example_dags/example_trigger_controller_dag.py for tasks to queue
[2024-10-29T20:00:04.544+0000] {logging_mixin.py:190} INFO - [2024-10-29T20:00:04.543+0000] {dagbag.py:588} INFO - Filling up the DagBag from /home/airflow/.local/lib/python3.11/site-packages/airflow/example_dags/example_trigger_controller_dag.py
[2024-10-29T20:00:04.548+0000] {processor.py:925} INFO - DAG(s) 'example_trigger_controller_dag' retrieved from /home/airflow/.local/lib/python3.11/site-packages/airflow/example_dags/example_trigger_controller_dag.py
[2024-10-29T20:00:04.559+0000] {logging_mixin.py:190} INFO - [2024-10-29T20:00:04.559+0000] {dag.py:3239} INFO - Sync 1 DAGs
[2024-10-29T20:00:04.576+0000] {logging_mixin.py:190} INFO - [2024-10-29T20:00:04.576+0000] {dag.py:4180} INFO - Setting next_dagrun for example_trigger_controller_dag to 2021-01-01 00:00:00+00:00, run_after=2021-01-01 00:00:00+00:00
[2024-10-29T20:00:04.590+0000] {processor.py:208} INFO - Processing /home/airflow/.local/lib/python3.11/site-packages/airflow/example_dags/example_trigger_controller_dag.py took 0.053 seconds
[2024-10-29T20:32:01.213+0000] {processor.py:186} INFO - Started process (PID=1754) to work on /home/airflow/.local/lib/python3.11/site-packages/airflow/example_dags/example_trigger_controller_dag.py
[2024-10-29T20:32:01.214+0000] {processor.py:914} INFO - Processing file /home/airflow/.local/lib/python3.11/site-packages/airflow/example_dags/example_trigger_controller_dag.py for tasks to queue
[2024-10-29T20:32:01.215+0000] {logging_mixin.py:190} INFO - [2024-10-29T20:32:01.215+0000] {dagbag.py:588} INFO - Filling up the DagBag from /home/airflow/.local/lib/python3.11/site-packages/airflow/example_dags/example_trigger_controller_dag.py
[2024-10-29T20:32:01.219+0000] {processor.py:925} INFO - DAG(s) 'example_trigger_controller_dag' retrieved from /home/airflow/.local/lib/python3.11/site-packages/airflow/example_dags/example_trigger_controller_dag.py
[2024-10-29T20:32:01.228+0000] {logging_mixin.py:190} INFO - [2024-10-29T20:32:01.228+0000] {dag.py:3239} INFO - Sync 1 DAGs
[2024-10-29T20:32:01.238+0000] {logging_mixin.py:190} INFO - [2024-10-29T20:32:01.238+0000] {dag.py:4180} INFO - Setting next_dagrun for example_trigger_controller_dag to 2021-01-01 00:00:00+00:00, run_after=2021-01-01 00:00:00+00:00
[2024-10-29T20:32:01.246+0000] {processor.py:208} INFO - Processing /home/airflow/.local/lib/python3.11/site-packages/airflow/example_dags/example_trigger_controller_dag.py took 0.036 seconds
[2024-10-29T20:58:59.742+0000] {processor.py:186} INFO - Started process (PID=1817) to work on /home/airflow/.local/lib/python3.11/site-packages/airflow/example_dags/example_trigger_controller_dag.py
[2024-10-29T20:58:59.743+0000] {processor.py:914} INFO - Processing file /home/airflow/.local/lib/python3.11/site-packages/airflow/example_dags/example_trigger_controller_dag.py for tasks to queue
[2024-10-29T20:58:59.744+0000] {logging_mixin.py:190} INFO - [2024-10-29T20:58:59.744+0000] {dagbag.py:588} INFO - Filling up the DagBag from /home/airflow/.local/lib/python3.11/site-packages/airflow/example_dags/example_trigger_controller_dag.py
[2024-10-29T20:58:59.748+0000] {processor.py:925} INFO - DAG(s) 'example_trigger_controller_dag' retrieved from /home/airflow/.local/lib/python3.11/site-packages/airflow/example_dags/example_trigger_controller_dag.py
[2024-10-29T20:58:59.758+0000] {logging_mixin.py:190} INFO - [2024-10-29T20:58:59.758+0000] {dag.py:3239} INFO - Sync 1 DAGs
[2024-10-29T20:58:59.769+0000] {logging_mixin.py:190} INFO - [2024-10-29T20:58:59.769+0000] {dag.py:4180} INFO - Setting next_dagrun for example_trigger_controller_dag to 2021-01-01 00:00:00+00:00, run_after=2021-01-01 00:00:00+00:00
[2024-10-29T20:58:59.780+0000] {processor.py:208} INFO - Processing /home/airflow/.local/lib/python3.11/site-packages/airflow/example_dags/example_trigger_controller_dag.py took 0.042 seconds
[2024-10-29T21:40:53.698+0000] {processor.py:186} INFO - Started process (PID=1880) to work on /home/airflow/.local/lib/python3.11/site-packages/airflow/example_dags/example_trigger_controller_dag.py
[2024-10-29T21:40:53.699+0000] {processor.py:914} INFO - Processing file /home/airflow/.local/lib/python3.11/site-packages/airflow/example_dags/example_trigger_controller_dag.py for tasks to queue
[2024-10-29T21:40:53.701+0000] {logging_mixin.py:190} INFO - [2024-10-29T21:40:53.700+0000] {dagbag.py:588} INFO - Filling up the DagBag from /home/airflow/.local/lib/python3.11/site-packages/airflow/example_dags/example_trigger_controller_dag.py
[2024-10-29T21:40:53.707+0000] {processor.py:925} INFO - DAG(s) 'example_trigger_controller_dag' retrieved from /home/airflow/.local/lib/python3.11/site-packages/airflow/example_dags/example_trigger_controller_dag.py
[2024-10-29T21:40:53.722+0000] {logging_mixin.py:190} INFO - [2024-10-29T21:40:53.722+0000] {dag.py:3239} INFO - Sync 1 DAGs
[2024-10-29T21:40:53.734+0000] {logging_mixin.py:190} INFO - [2024-10-29T21:40:53.734+0000] {dag.py:4180} INFO - Setting next_dagrun for example_trigger_controller_dag to 2021-01-01 00:00:00+00:00, run_after=2021-01-01 00:00:00+00:00
[2024-10-29T21:40:53.743+0000] {processor.py:208} INFO - Processing /home/airflow/.local/lib/python3.11/site-packages/airflow/example_dags/example_trigger_controller_dag.py took 0.048 seconds
[2024-10-29T22:49:28.329+0000] {processor.py:186} INFO - Started process (PID=1943) to work on /home/airflow/.local/lib/python3.11/site-packages/airflow/example_dags/example_trigger_controller_dag.py
[2024-10-29T22:49:28.330+0000] {processor.py:914} INFO - Processing file /home/airflow/.local/lib/python3.11/site-packages/airflow/example_dags/example_trigger_controller_dag.py for tasks to queue
[2024-10-29T22:49:28.331+0000] {logging_mixin.py:190} INFO - [2024-10-29T22:49:28.331+0000] {dagbag.py:588} INFO - Filling up the DagBag from /home/airflow/.local/lib/python3.11/site-packages/airflow/example_dags/example_trigger_controller_dag.py
[2024-10-29T22:49:28.335+0000] {processor.py:925} INFO - DAG(s) 'example_trigger_controller_dag' retrieved from /home/airflow/.local/lib/python3.11/site-packages/airflow/example_dags/example_trigger_controller_dag.py
[2024-10-29T22:49:28.345+0000] {logging_mixin.py:190} INFO - [2024-10-29T22:49:28.344+0000] {dag.py:3239} INFO - Sync 1 DAGs
[2024-10-29T22:49:28.355+0000] {logging_mixin.py:190} INFO - [2024-10-29T22:49:28.355+0000] {dag.py:4180} INFO - Setting next_dagrun for example_trigger_controller_dag to 2021-01-01 00:00:00+00:00, run_after=2021-01-01 00:00:00+00:00
[2024-10-29T22:49:28.364+0000] {processor.py:208} INFO - Processing /home/airflow/.local/lib/python3.11/site-packages/airflow/example_dags/example_trigger_controller_dag.py took 0.038 seconds
[2024-10-29T23:03:28.567+0000] {processor.py:186} INFO - Started process (PID=2006) to work on /home/airflow/.local/lib/python3.11/site-packages/airflow/example_dags/example_trigger_controller_dag.py
[2024-10-29T23:03:28.568+0000] {processor.py:914} INFO - Processing file /home/airflow/.local/lib/python3.11/site-packages/airflow/example_dags/example_trigger_controller_dag.py for tasks to queue
[2024-10-29T23:03:28.570+0000] {logging_mixin.py:190} INFO - [2024-10-29T23:03:28.569+0000] {dagbag.py:588} INFO - Filling up the DagBag from /home/airflow/.local/lib/python3.11/site-packages/airflow/example_dags/example_trigger_controller_dag.py
[2024-10-29T23:03:28.574+0000] {processor.py:925} INFO - DAG(s) 'example_trigger_controller_dag' retrieved from /home/airflow/.local/lib/python3.11/site-packages/airflow/example_dags/example_trigger_controller_dag.py
[2024-10-29T23:03:28.588+0000] {logging_mixin.py:190} INFO - [2024-10-29T23:03:28.587+0000] {dag.py:3239} INFO - Sync 1 DAGs
[2024-10-29T23:03:28.609+0000] {logging_mixin.py:190} INFO - [2024-10-29T23:03:28.609+0000] {dag.py:4180} INFO - Setting next_dagrun for example_trigger_controller_dag to 2021-01-01 00:00:00+00:00, run_after=2021-01-01 00:00:00+00:00
[2024-10-29T23:03:28.620+0000] {processor.py:208} INFO - Processing /home/airflow/.local/lib/python3.11/site-packages/airflow/example_dags/example_trigger_controller_dag.py took 0.056 seconds
