[2024-10-29T00:50:14.710+0000] {processor.py:186} INFO - Started process (PID=47640) to work on /home/airflow/.local/lib/python3.11/site-packages/airflow/example_dags/tutorial.py
[2024-10-29T00:50:14.710+0000] {processor.py:914} INFO - Processing file /home/airflow/.local/lib/python3.11/site-packages/airflow/example_dags/tutorial.py for tasks to queue
[2024-10-29T00:50:14.712+0000] {logging_mixin.py:190} INFO - [2024-10-29T00:50:14.712+0000] {dagbag.py:588} INFO - Filling up the DagBag from /home/airflow/.local/lib/python3.11/site-packages/airflow/example_dags/tutorial.py
[2024-10-29T00:50:14.717+0000] {processor.py:925} INFO - DAG(s) 'tutorial' retrieved from /home/airflow/.local/lib/python3.11/site-packages/airflow/example_dags/tutorial.py
[2024-10-29T00:50:14.728+0000] {logging_mixin.py:190} INFO - [2024-10-29T00:50:14.728+0000] {dag.py:3239} INFO - Sync 1 DAGs
[2024-10-29T00:50:14.739+0000] {logging_mixin.py:190} INFO - [2024-10-29T00:50:14.739+0000] {dag.py:4180} INFO - Setting next_dagrun for tutorial to 2024-10-28 00:00:00+00:00, run_after=2024-10-29 00:00:00+00:00
[2024-10-29T00:50:14.749+0000] {processor.py:208} INFO - Processing /home/airflow/.local/lib/python3.11/site-packages/airflow/example_dags/tutorial.py took 0.043 seconds
[2024-10-29T02:13:54.194+0000] {processor.py:186} INFO - Started process (PID=47703) to work on /home/airflow/.local/lib/python3.11/site-packages/airflow/example_dags/tutorial.py
[2024-10-29T02:13:54.195+0000] {processor.py:914} INFO - Processing file /home/airflow/.local/lib/python3.11/site-packages/airflow/example_dags/tutorial.py for tasks to queue
[2024-10-29T02:13:54.197+0000] {logging_mixin.py:190} INFO - [2024-10-29T02:13:54.197+0000] {dagbag.py:588} INFO - Filling up the DagBag from /home/airflow/.local/lib/python3.11/site-packages/airflow/example_dags/tutorial.py
[2024-10-29T02:13:54.201+0000] {processor.py:925} INFO - DAG(s) 'tutorial' retrieved from /home/airflow/.local/lib/python3.11/site-packages/airflow/example_dags/tutorial.py
[2024-10-29T02:13:54.213+0000] {logging_mixin.py:190} INFO - [2024-10-29T02:13:54.213+0000] {dag.py:3239} INFO - Sync 1 DAGs
[2024-10-29T02:13:54.225+0000] {logging_mixin.py:190} INFO - [2024-10-29T02:13:54.225+0000] {dag.py:4180} INFO - Setting next_dagrun for tutorial to 2024-10-28 00:00:00+00:00, run_after=2024-10-29 00:00:00+00:00
[2024-10-29T02:13:54.235+0000] {processor.py:208} INFO - Processing /home/airflow/.local/lib/python3.11/site-packages/airflow/example_dags/tutorial.py took 0.046 seconds
[2024-10-29T02:45:23.303+0000] {processor.py:186} INFO - Started process (PID=47766) to work on /home/airflow/.local/lib/python3.11/site-packages/airflow/example_dags/tutorial.py
[2024-10-29T02:45:23.304+0000] {processor.py:914} INFO - Processing file /home/airflow/.local/lib/python3.11/site-packages/airflow/example_dags/tutorial.py for tasks to queue
[2024-10-29T02:45:23.305+0000] {logging_mixin.py:190} INFO - [2024-10-29T02:45:23.305+0000] {dagbag.py:588} INFO - Filling up the DagBag from /home/airflow/.local/lib/python3.11/site-packages/airflow/example_dags/tutorial.py
[2024-10-29T02:45:23.313+0000] {processor.py:925} INFO - DAG(s) 'tutorial' retrieved from /home/airflow/.local/lib/python3.11/site-packages/airflow/example_dags/tutorial.py
[2024-10-29T02:45:23.328+0000] {logging_mixin.py:190} INFO - [2024-10-29T02:45:23.328+0000] {dag.py:3239} INFO - Sync 1 DAGs
[2024-10-29T02:45:23.343+0000] {logging_mixin.py:190} INFO - [2024-10-29T02:45:23.343+0000] {dag.py:4180} INFO - Setting next_dagrun for tutorial to 2024-10-28 00:00:00+00:00, run_after=2024-10-29 00:00:00+00:00
[2024-10-29T02:45:23.356+0000] {processor.py:208} INFO - Processing /home/airflow/.local/lib/python3.11/site-packages/airflow/example_dags/tutorial.py took 0.056 seconds
[2024-10-29T03:18:14.121+0000] {processor.py:186} INFO - Started process (PID=47829) to work on /home/airflow/.local/lib/python3.11/site-packages/airflow/example_dags/tutorial.py
[2024-10-29T03:18:14.122+0000] {processor.py:914} INFO - Processing file /home/airflow/.local/lib/python3.11/site-packages/airflow/example_dags/tutorial.py for tasks to queue
[2024-10-29T03:18:14.124+0000] {logging_mixin.py:190} INFO - [2024-10-29T03:18:14.124+0000] {dagbag.py:588} INFO - Filling up the DagBag from /home/airflow/.local/lib/python3.11/site-packages/airflow/example_dags/tutorial.py
[2024-10-29T03:18:14.132+0000] {processor.py:925} INFO - DAG(s) 'tutorial' retrieved from /home/airflow/.local/lib/python3.11/site-packages/airflow/example_dags/tutorial.py
[2024-10-29T03:18:14.147+0000] {logging_mixin.py:190} INFO - [2024-10-29T03:18:14.147+0000] {dag.py:3239} INFO - Sync 1 DAGs
[2024-10-29T03:18:14.219+0000] {logging_mixin.py:190} INFO - [2024-10-29T03:18:14.219+0000] {dag.py:4180} INFO - Setting next_dagrun for tutorial to 2024-10-28 00:00:00+00:00, run_after=2024-10-29 00:00:00+00:00
[2024-10-29T03:18:14.239+0000] {processor.py:208} INFO - Processing /home/airflow/.local/lib/python3.11/site-packages/airflow/example_dags/tutorial.py took 0.126 seconds
[2024-10-29T03:45:36.750+0000] {processor.py:186} INFO - Started process (PID=47892) to work on /home/airflow/.local/lib/python3.11/site-packages/airflow/example_dags/tutorial.py
[2024-10-29T03:45:36.751+0000] {processor.py:914} INFO - Processing file /home/airflow/.local/lib/python3.11/site-packages/airflow/example_dags/tutorial.py for tasks to queue
[2024-10-29T03:45:36.752+0000] {logging_mixin.py:190} INFO - [2024-10-29T03:45:36.752+0000] {dagbag.py:588} INFO - Filling up the DagBag from /home/airflow/.local/lib/python3.11/site-packages/airflow/example_dags/tutorial.py
[2024-10-29T03:45:36.758+0000] {processor.py:925} INFO - DAG(s) 'tutorial' retrieved from /home/airflow/.local/lib/python3.11/site-packages/airflow/example_dags/tutorial.py
[2024-10-29T03:45:36.771+0000] {logging_mixin.py:190} INFO - [2024-10-29T03:45:36.771+0000] {dag.py:3239} INFO - Sync 1 DAGs
[2024-10-29T03:45:36.784+0000] {logging_mixin.py:190} INFO - [2024-10-29T03:45:36.784+0000] {dag.py:4180} INFO - Setting next_dagrun for tutorial to 2024-10-28 00:00:00+00:00, run_after=2024-10-29 00:00:00+00:00
[2024-10-29T03:45:36.793+0000] {processor.py:208} INFO - Processing /home/airflow/.local/lib/python3.11/site-packages/airflow/example_dags/tutorial.py took 0.046 seconds
[2024-10-29T04:34:59.671+0000] {processor.py:186} INFO - Started process (PID=47954) to work on /home/airflow/.local/lib/python3.11/site-packages/airflow/example_dags/tutorial.py
[2024-10-29T04:34:59.672+0000] {processor.py:914} INFO - Processing file /home/airflow/.local/lib/python3.11/site-packages/airflow/example_dags/tutorial.py for tasks to queue
[2024-10-29T04:34:59.674+0000] {logging_mixin.py:190} INFO - [2024-10-29T04:34:59.673+0000] {dagbag.py:588} INFO - Filling up the DagBag from /home/airflow/.local/lib/python3.11/site-packages/airflow/example_dags/tutorial.py
[2024-10-29T04:34:59.678+0000] {processor.py:925} INFO - DAG(s) 'tutorial' retrieved from /home/airflow/.local/lib/python3.11/site-packages/airflow/example_dags/tutorial.py
[2024-10-29T04:34:59.688+0000] {logging_mixin.py:190} INFO - [2024-10-29T04:34:59.688+0000] {dag.py:3239} INFO - Sync 1 DAGs
[2024-10-29T04:34:59.699+0000] {logging_mixin.py:190} INFO - [2024-10-29T04:34:59.699+0000] {dag.py:4180} INFO - Setting next_dagrun for tutorial to 2024-10-28 00:00:00+00:00, run_after=2024-10-29 00:00:00+00:00
[2024-10-29T04:34:59.709+0000] {processor.py:208} INFO - Processing /home/airflow/.local/lib/python3.11/site-packages/airflow/example_dags/tutorial.py took 0.041 seconds
[2024-10-29T04:59:49.443+0000] {processor.py:186} INFO - Started process (PID=48017) to work on /home/airflow/.local/lib/python3.11/site-packages/airflow/example_dags/tutorial.py
[2024-10-29T04:59:49.444+0000] {processor.py:914} INFO - Processing file /home/airflow/.local/lib/python3.11/site-packages/airflow/example_dags/tutorial.py for tasks to queue
[2024-10-29T04:59:49.446+0000] {logging_mixin.py:190} INFO - [2024-10-29T04:59:49.445+0000] {dagbag.py:588} INFO - Filling up the DagBag from /home/airflow/.local/lib/python3.11/site-packages/airflow/example_dags/tutorial.py
[2024-10-29T04:59:49.450+0000] {processor.py:925} INFO - DAG(s) 'tutorial' retrieved from /home/airflow/.local/lib/python3.11/site-packages/airflow/example_dags/tutorial.py
[2024-10-29T04:59:49.460+0000] {logging_mixin.py:190} INFO - [2024-10-29T04:59:49.459+0000] {dag.py:3239} INFO - Sync 1 DAGs
[2024-10-29T04:59:49.469+0000] {logging_mixin.py:190} INFO - [2024-10-29T04:59:49.469+0000] {dag.py:4180} INFO - Setting next_dagrun for tutorial to 2024-10-28 00:00:00+00:00, run_after=2024-10-29 00:00:00+00:00
[2024-10-29T04:59:49.476+0000] {processor.py:208} INFO - Processing /home/airflow/.local/lib/python3.11/site-packages/airflow/example_dags/tutorial.py took 0.036 seconds
[2024-10-29T05:52:13.948+0000] {processor.py:186} INFO - Started process (PID=48079) to work on /home/airflow/.local/lib/python3.11/site-packages/airflow/example_dags/tutorial.py
[2024-10-29T05:52:13.948+0000] {processor.py:914} INFO - Processing file /home/airflow/.local/lib/python3.11/site-packages/airflow/example_dags/tutorial.py for tasks to queue
[2024-10-29T05:52:13.950+0000] {logging_mixin.py:190} INFO - [2024-10-29T05:52:13.949+0000] {dagbag.py:588} INFO - Filling up the DagBag from /home/airflow/.local/lib/python3.11/site-packages/airflow/example_dags/tutorial.py
[2024-10-29T05:52:13.954+0000] {processor.py:925} INFO - DAG(s) 'tutorial' retrieved from /home/airflow/.local/lib/python3.11/site-packages/airflow/example_dags/tutorial.py
[2024-10-29T05:52:13.963+0000] {logging_mixin.py:190} INFO - [2024-10-29T05:52:13.963+0000] {dag.py:3239} INFO - Sync 1 DAGs
[2024-10-29T05:52:13.974+0000] {logging_mixin.py:190} INFO - [2024-10-29T05:52:13.974+0000] {dag.py:4180} INFO - Setting next_dagrun for tutorial to 2024-10-28 00:00:00+00:00, run_after=2024-10-29 00:00:00+00:00
[2024-10-29T05:52:13.983+0000] {processor.py:208} INFO - Processing /home/airflow/.local/lib/python3.11/site-packages/airflow/example_dags/tutorial.py took 0.038 seconds
[2024-10-29T06:31:00.648+0000] {processor.py:186} INFO - Started process (PID=48142) to work on /home/airflow/.local/lib/python3.11/site-packages/airflow/example_dags/tutorial.py
[2024-10-29T06:31:00.649+0000] {processor.py:914} INFO - Processing file /home/airflow/.local/lib/python3.11/site-packages/airflow/example_dags/tutorial.py for tasks to queue
[2024-10-29T06:31:00.651+0000] {logging_mixin.py:190} INFO - [2024-10-29T06:31:00.650+0000] {dagbag.py:588} INFO - Filling up the DagBag from /home/airflow/.local/lib/python3.11/site-packages/airflow/example_dags/tutorial.py
[2024-10-29T06:31:00.655+0000] {processor.py:925} INFO - DAG(s) 'tutorial' retrieved from /home/airflow/.local/lib/python3.11/site-packages/airflow/example_dags/tutorial.py
[2024-10-29T06:31:00.665+0000] {logging_mixin.py:190} INFO - [2024-10-29T06:31:00.665+0000] {dag.py:3239} INFO - Sync 1 DAGs
[2024-10-29T06:31:00.675+0000] {logging_mixin.py:190} INFO - [2024-10-29T06:31:00.675+0000] {dag.py:4180} INFO - Setting next_dagrun for tutorial to 2024-10-28 00:00:00+00:00, run_after=2024-10-29 00:00:00+00:00
[2024-10-29T06:31:00.683+0000] {processor.py:208} INFO - Processing /home/airflow/.local/lib/python3.11/site-packages/airflow/example_dags/tutorial.py took 0.038 seconds
[2024-10-29T07:19:59.664+0000] {processor.py:186} INFO - Started process (PID=48204) to work on /home/airflow/.local/lib/python3.11/site-packages/airflow/example_dags/tutorial.py
[2024-10-29T07:19:59.667+0000] {processor.py:914} INFO - Processing file /home/airflow/.local/lib/python3.11/site-packages/airflow/example_dags/tutorial.py for tasks to queue
[2024-10-29T07:19:59.670+0000] {logging_mixin.py:190} INFO - [2024-10-29T07:19:59.669+0000] {dagbag.py:588} INFO - Filling up the DagBag from /home/airflow/.local/lib/python3.11/site-packages/airflow/example_dags/tutorial.py
[2024-10-29T07:19:59.677+0000] {processor.py:925} INFO - DAG(s) 'tutorial' retrieved from /home/airflow/.local/lib/python3.11/site-packages/airflow/example_dags/tutorial.py
[2024-10-29T07:19:59.692+0000] {logging_mixin.py:190} INFO - [2024-10-29T07:19:59.692+0000] {dag.py:3239} INFO - Sync 1 DAGs
[2024-10-29T07:19:59.713+0000] {logging_mixin.py:190} INFO - [2024-10-29T07:19:59.713+0000] {dag.py:4180} INFO - Setting next_dagrun for tutorial to 2024-10-28 00:00:00+00:00, run_after=2024-10-29 00:00:00+00:00
[2024-10-29T07:19:59.732+0000] {processor.py:208} INFO - Processing /home/airflow/.local/lib/python3.11/site-packages/airflow/example_dags/tutorial.py took 0.078 seconds
[2024-10-29T07:59:20.294+0000] {processor.py:186} INFO - Started process (PID=48267) to work on /home/airflow/.local/lib/python3.11/site-packages/airflow/example_dags/tutorial.py
[2024-10-29T07:59:20.297+0000] {processor.py:914} INFO - Processing file /home/airflow/.local/lib/python3.11/site-packages/airflow/example_dags/tutorial.py for tasks to queue
[2024-10-29T07:59:20.299+0000] {logging_mixin.py:190} INFO - [2024-10-29T07:59:20.299+0000] {dagbag.py:588} INFO - Filling up the DagBag from /home/airflow/.local/lib/python3.11/site-packages/airflow/example_dags/tutorial.py
[2024-10-29T07:59:20.306+0000] {processor.py:925} INFO - DAG(s) 'tutorial' retrieved from /home/airflow/.local/lib/python3.11/site-packages/airflow/example_dags/tutorial.py
[2024-10-29T07:59:20.323+0000] {logging_mixin.py:190} INFO - [2024-10-29T07:59:20.323+0000] {dag.py:3239} INFO - Sync 1 DAGs
[2024-10-29T07:59:20.338+0000] {logging_mixin.py:190} INFO - [2024-10-29T07:59:20.338+0000] {dag.py:4180} INFO - Setting next_dagrun for tutorial to 2024-10-28 00:00:00+00:00, run_after=2024-10-29 00:00:00+00:00
[2024-10-29T07:59:20.347+0000] {processor.py:208} INFO - Processing /home/airflow/.local/lib/python3.11/site-packages/airflow/example_dags/tutorial.py took 0.059 seconds
[2024-10-29T07:59:51.409+0000] {processor.py:186} INFO - Started process (PID=48331) to work on /home/airflow/.local/lib/python3.11/site-packages/airflow/example_dags/tutorial.py
[2024-10-29T07:59:51.410+0000] {processor.py:914} INFO - Processing file /home/airflow/.local/lib/python3.11/site-packages/airflow/example_dags/tutorial.py for tasks to queue
[2024-10-29T07:59:51.412+0000] {logging_mixin.py:190} INFO - [2024-10-29T07:59:51.412+0000] {dagbag.py:588} INFO - Filling up the DagBag from /home/airflow/.local/lib/python3.11/site-packages/airflow/example_dags/tutorial.py
[2024-10-29T07:59:51.417+0000] {processor.py:925} INFO - DAG(s) 'tutorial' retrieved from /home/airflow/.local/lib/python3.11/site-packages/airflow/example_dags/tutorial.py
[2024-10-29T07:59:51.428+0000] {logging_mixin.py:190} INFO - [2024-10-29T07:59:51.428+0000] {dag.py:3239} INFO - Sync 1 DAGs
[2024-10-29T07:59:51.442+0000] {logging_mixin.py:190} INFO - [2024-10-29T07:59:51.442+0000] {dag.py:4180} INFO - Setting next_dagrun for tutorial to 2024-10-28 00:00:00+00:00, run_after=2024-10-29 00:00:00+00:00
[2024-10-29T07:59:51.450+0000] {processor.py:208} INFO - Processing /home/airflow/.local/lib/python3.11/site-packages/airflow/example_dags/tutorial.py took 0.045 seconds
[2024-10-29T08:00:21.732+0000] {processor.py:186} INFO - Started process (PID=48394) to work on /home/airflow/.local/lib/python3.11/site-packages/airflow/example_dags/tutorial.py
[2024-10-29T08:00:21.733+0000] {processor.py:914} INFO - Processing file /home/airflow/.local/lib/python3.11/site-packages/airflow/example_dags/tutorial.py for tasks to queue
[2024-10-29T08:00:21.734+0000] {logging_mixin.py:190} INFO - [2024-10-29T08:00:21.734+0000] {dagbag.py:588} INFO - Filling up the DagBag from /home/airflow/.local/lib/python3.11/site-packages/airflow/example_dags/tutorial.py
[2024-10-29T08:00:21.739+0000] {processor.py:925} INFO - DAG(s) 'tutorial' retrieved from /home/airflow/.local/lib/python3.11/site-packages/airflow/example_dags/tutorial.py
[2024-10-29T08:00:21.751+0000] {logging_mixin.py:190} INFO - [2024-10-29T08:00:21.751+0000] {dag.py:3239} INFO - Sync 1 DAGs
[2024-10-29T08:00:21.763+0000] {logging_mixin.py:190} INFO - [2024-10-29T08:00:21.762+0000] {dag.py:4180} INFO - Setting next_dagrun for tutorial to 2024-10-28 00:00:00+00:00, run_after=2024-10-29 00:00:00+00:00
[2024-10-29T08:00:21.770+0000] {processor.py:208} INFO - Processing /home/airflow/.local/lib/python3.11/site-packages/airflow/example_dags/tutorial.py took 0.042 seconds
[2024-10-29T08:00:52.067+0000] {processor.py:186} INFO - Started process (PID=48457) to work on /home/airflow/.local/lib/python3.11/site-packages/airflow/example_dags/tutorial.py
[2024-10-29T08:00:52.068+0000] {processor.py:914} INFO - Processing file /home/airflow/.local/lib/python3.11/site-packages/airflow/example_dags/tutorial.py for tasks to queue
[2024-10-29T08:00:52.070+0000] {logging_mixin.py:190} INFO - [2024-10-29T08:00:52.069+0000] {dagbag.py:588} INFO - Filling up the DagBag from /home/airflow/.local/lib/python3.11/site-packages/airflow/example_dags/tutorial.py
[2024-10-29T08:00:52.077+0000] {processor.py:925} INFO - DAG(s) 'tutorial' retrieved from /home/airflow/.local/lib/python3.11/site-packages/airflow/example_dags/tutorial.py
[2024-10-29T08:00:52.089+0000] {logging_mixin.py:190} INFO - [2024-10-29T08:00:52.089+0000] {dag.py:3239} INFO - Sync 1 DAGs
[2024-10-29T08:00:52.102+0000] {logging_mixin.py:190} INFO - [2024-10-29T08:00:52.102+0000] {dag.py:4180} INFO - Setting next_dagrun for tutorial to 2024-10-28 00:00:00+00:00, run_after=2024-10-29 00:00:00+00:00
[2024-10-29T08:00:52.111+0000] {processor.py:208} INFO - Processing /home/airflow/.local/lib/python3.11/site-packages/airflow/example_dags/tutorial.py took 0.050 seconds
[2024-10-29T08:01:22.910+0000] {processor.py:186} INFO - Started process (PID=48520) to work on /home/airflow/.local/lib/python3.11/site-packages/airflow/example_dags/tutorial.py
[2024-10-29T08:01:22.911+0000] {processor.py:914} INFO - Processing file /home/airflow/.local/lib/python3.11/site-packages/airflow/example_dags/tutorial.py for tasks to queue
[2024-10-29T08:01:22.912+0000] {logging_mixin.py:190} INFO - [2024-10-29T08:01:22.912+0000] {dagbag.py:588} INFO - Filling up the DagBag from /home/airflow/.local/lib/python3.11/site-packages/airflow/example_dags/tutorial.py
[2024-10-29T08:01:22.918+0000] {processor.py:925} INFO - DAG(s) 'tutorial' retrieved from /home/airflow/.local/lib/python3.11/site-packages/airflow/example_dags/tutorial.py
[2024-10-29T08:01:22.929+0000] {logging_mixin.py:190} INFO - [2024-10-29T08:01:22.929+0000] {dag.py:3239} INFO - Sync 1 DAGs
[2024-10-29T08:01:22.942+0000] {logging_mixin.py:190} INFO - [2024-10-29T08:01:22.942+0000] {dag.py:4180} INFO - Setting next_dagrun for tutorial to 2024-10-28 00:00:00+00:00, run_after=2024-10-29 00:00:00+00:00
[2024-10-29T08:01:22.950+0000] {processor.py:208} INFO - Processing /home/airflow/.local/lib/python3.11/site-packages/airflow/example_dags/tutorial.py took 0.044 seconds
[2024-10-29T08:01:53.759+0000] {processor.py:186} INFO - Started process (PID=48583) to work on /home/airflow/.local/lib/python3.11/site-packages/airflow/example_dags/tutorial.py
[2024-10-29T08:01:53.760+0000] {processor.py:914} INFO - Processing file /home/airflow/.local/lib/python3.11/site-packages/airflow/example_dags/tutorial.py for tasks to queue
[2024-10-29T08:01:53.762+0000] {logging_mixin.py:190} INFO - [2024-10-29T08:01:53.762+0000] {dagbag.py:588} INFO - Filling up the DagBag from /home/airflow/.local/lib/python3.11/site-packages/airflow/example_dags/tutorial.py
[2024-10-29T08:01:53.768+0000] {processor.py:925} INFO - DAG(s) 'tutorial' retrieved from /home/airflow/.local/lib/python3.11/site-packages/airflow/example_dags/tutorial.py
[2024-10-29T08:01:53.781+0000] {logging_mixin.py:190} INFO - [2024-10-29T08:01:53.781+0000] {dag.py:3239} INFO - Sync 1 DAGs
[2024-10-29T08:01:53.793+0000] {logging_mixin.py:190} INFO - [2024-10-29T08:01:53.792+0000] {dag.py:4180} INFO - Setting next_dagrun for tutorial to 2024-10-28 00:00:00+00:00, run_after=2024-10-29 00:00:00+00:00
[2024-10-29T08:01:53.801+0000] {processor.py:208} INFO - Processing /home/airflow/.local/lib/python3.11/site-packages/airflow/example_dags/tutorial.py took 0.047 seconds
[2024-10-29T08:02:24.537+0000] {processor.py:186} INFO - Started process (PID=48646) to work on /home/airflow/.local/lib/python3.11/site-packages/airflow/example_dags/tutorial.py
[2024-10-29T08:02:24.538+0000] {processor.py:914} INFO - Processing file /home/airflow/.local/lib/python3.11/site-packages/airflow/example_dags/tutorial.py for tasks to queue
[2024-10-29T08:02:24.540+0000] {logging_mixin.py:190} INFO - [2024-10-29T08:02:24.540+0000] {dagbag.py:588} INFO - Filling up the DagBag from /home/airflow/.local/lib/python3.11/site-packages/airflow/example_dags/tutorial.py
[2024-10-29T08:02:24.545+0000] {processor.py:925} INFO - DAG(s) 'tutorial' retrieved from /home/airflow/.local/lib/python3.11/site-packages/airflow/example_dags/tutorial.py
[2024-10-29T08:02:24.555+0000] {logging_mixin.py:190} INFO - [2024-10-29T08:02:24.555+0000] {dag.py:3239} INFO - Sync 1 DAGs
[2024-10-29T08:02:24.567+0000] {logging_mixin.py:190} INFO - [2024-10-29T08:02:24.567+0000] {dag.py:4180} INFO - Setting next_dagrun for tutorial to 2024-10-28 00:00:00+00:00, run_after=2024-10-29 00:00:00+00:00
[2024-10-29T08:02:24.576+0000] {processor.py:208} INFO - Processing /home/airflow/.local/lib/python3.11/site-packages/airflow/example_dags/tutorial.py took 0.043 seconds
[2024-10-29T08:02:55.029+0000] {processor.py:186} INFO - Started process (PID=48709) to work on /home/airflow/.local/lib/python3.11/site-packages/airflow/example_dags/tutorial.py
[2024-10-29T08:02:55.030+0000] {processor.py:914} INFO - Processing file /home/airflow/.local/lib/python3.11/site-packages/airflow/example_dags/tutorial.py for tasks to queue
[2024-10-29T08:02:55.032+0000] {logging_mixin.py:190} INFO - [2024-10-29T08:02:55.032+0000] {dagbag.py:588} INFO - Filling up the DagBag from /home/airflow/.local/lib/python3.11/site-packages/airflow/example_dags/tutorial.py
[2024-10-29T08:02:55.040+0000] {processor.py:925} INFO - DAG(s) 'tutorial' retrieved from /home/airflow/.local/lib/python3.11/site-packages/airflow/example_dags/tutorial.py
[2024-10-29T08:02:55.060+0000] {logging_mixin.py:190} INFO - [2024-10-29T08:02:55.060+0000] {dag.py:3239} INFO - Sync 1 DAGs
[2024-10-29T08:02:55.073+0000] {logging_mixin.py:190} INFO - [2024-10-29T08:02:55.073+0000] {dag.py:4180} INFO - Setting next_dagrun for tutorial to 2024-10-28 00:00:00+00:00, run_after=2024-10-29 00:00:00+00:00
[2024-10-29T08:02:55.082+0000] {processor.py:208} INFO - Processing /home/airflow/.local/lib/python3.11/site-packages/airflow/example_dags/tutorial.py took 0.057 seconds
[2024-10-29T08:03:25.488+0000] {processor.py:186} INFO - Started process (PID=48772) to work on /home/airflow/.local/lib/python3.11/site-packages/airflow/example_dags/tutorial.py
[2024-10-29T08:03:25.489+0000] {processor.py:914} INFO - Processing file /home/airflow/.local/lib/python3.11/site-packages/airflow/example_dags/tutorial.py for tasks to queue
[2024-10-29T08:03:25.491+0000] {logging_mixin.py:190} INFO - [2024-10-29T08:03:25.491+0000] {dagbag.py:588} INFO - Filling up the DagBag from /home/airflow/.local/lib/python3.11/site-packages/airflow/example_dags/tutorial.py
[2024-10-29T08:03:25.496+0000] {processor.py:925} INFO - DAG(s) 'tutorial' retrieved from /home/airflow/.local/lib/python3.11/site-packages/airflow/example_dags/tutorial.py
[2024-10-29T08:03:25.507+0000] {logging_mixin.py:190} INFO - [2024-10-29T08:03:25.507+0000] {dag.py:3239} INFO - Sync 1 DAGs
[2024-10-29T08:03:25.519+0000] {logging_mixin.py:190} INFO - [2024-10-29T08:03:25.519+0000] {dag.py:4180} INFO - Setting next_dagrun for tutorial to 2024-10-28 00:00:00+00:00, run_after=2024-10-29 00:00:00+00:00
[2024-10-29T08:03:25.528+0000] {processor.py:208} INFO - Processing /home/airflow/.local/lib/python3.11/site-packages/airflow/example_dags/tutorial.py took 0.043 seconds
[2024-10-29T08:03:55.882+0000] {processor.py:186} INFO - Started process (PID=48835) to work on /home/airflow/.local/lib/python3.11/site-packages/airflow/example_dags/tutorial.py
[2024-10-29T08:03:55.882+0000] {processor.py:914} INFO - Processing file /home/airflow/.local/lib/python3.11/site-packages/airflow/example_dags/tutorial.py for tasks to queue
[2024-10-29T08:03:55.884+0000] {logging_mixin.py:190} INFO - [2024-10-29T08:03:55.884+0000] {dagbag.py:588} INFO - Filling up the DagBag from /home/airflow/.local/lib/python3.11/site-packages/airflow/example_dags/tutorial.py
[2024-10-29T08:03:55.889+0000] {processor.py:925} INFO - DAG(s) 'tutorial' retrieved from /home/airflow/.local/lib/python3.11/site-packages/airflow/example_dags/tutorial.py
[2024-10-29T08:03:55.902+0000] {logging_mixin.py:190} INFO - [2024-10-29T08:03:55.901+0000] {dag.py:3239} INFO - Sync 1 DAGs
[2024-10-29T08:03:55.913+0000] {logging_mixin.py:190} INFO - [2024-10-29T08:03:55.913+0000] {dag.py:4180} INFO - Setting next_dagrun for tutorial to 2024-10-28 00:00:00+00:00, run_after=2024-10-29 00:00:00+00:00
[2024-10-29T08:03:55.922+0000] {processor.py:208} INFO - Processing /home/airflow/.local/lib/python3.11/site-packages/airflow/example_dags/tutorial.py took 0.045 seconds
[2024-10-29T08:04:26.431+0000] {processor.py:186} INFO - Started process (PID=48898) to work on /home/airflow/.local/lib/python3.11/site-packages/airflow/example_dags/tutorial.py
[2024-10-29T08:04:26.432+0000] {processor.py:914} INFO - Processing file /home/airflow/.local/lib/python3.11/site-packages/airflow/example_dags/tutorial.py for tasks to queue
[2024-10-29T08:04:26.433+0000] {logging_mixin.py:190} INFO - [2024-10-29T08:04:26.433+0000] {dagbag.py:588} INFO - Filling up the DagBag from /home/airflow/.local/lib/python3.11/site-packages/airflow/example_dags/tutorial.py
[2024-10-29T08:04:26.438+0000] {processor.py:925} INFO - DAG(s) 'tutorial' retrieved from /home/airflow/.local/lib/python3.11/site-packages/airflow/example_dags/tutorial.py
[2024-10-29T08:04:26.449+0000] {logging_mixin.py:190} INFO - [2024-10-29T08:04:26.448+0000] {dag.py:3239} INFO - Sync 1 DAGs
[2024-10-29T08:04:26.460+0000] {logging_mixin.py:190} INFO - [2024-10-29T08:04:26.460+0000] {dag.py:4180} INFO - Setting next_dagrun for tutorial to 2024-10-28 00:00:00+00:00, run_after=2024-10-29 00:00:00+00:00
[2024-10-29T08:04:26.469+0000] {processor.py:208} INFO - Processing /home/airflow/.local/lib/python3.11/site-packages/airflow/example_dags/tutorial.py took 0.041 seconds
[2024-10-29T08:04:56.768+0000] {processor.py:186} INFO - Started process (PID=48960) to work on /home/airflow/.local/lib/python3.11/site-packages/airflow/example_dags/tutorial.py
[2024-10-29T08:04:56.769+0000] {processor.py:914} INFO - Processing file /home/airflow/.local/lib/python3.11/site-packages/airflow/example_dags/tutorial.py for tasks to queue
[2024-10-29T08:04:56.771+0000] {logging_mixin.py:190} INFO - [2024-10-29T08:04:56.771+0000] {dagbag.py:588} INFO - Filling up the DagBag from /home/airflow/.local/lib/python3.11/site-packages/airflow/example_dags/tutorial.py
[2024-10-29T08:04:56.775+0000] {processor.py:925} INFO - DAG(s) 'tutorial' retrieved from /home/airflow/.local/lib/python3.11/site-packages/airflow/example_dags/tutorial.py
[2024-10-29T08:04:56.792+0000] {logging_mixin.py:190} INFO - [2024-10-29T08:04:56.791+0000] {dag.py:3239} INFO - Sync 1 DAGs
[2024-10-29T08:04:56.802+0000] {logging_mixin.py:190} INFO - [2024-10-29T08:04:56.802+0000] {dag.py:4180} INFO - Setting next_dagrun for tutorial to 2024-10-28 00:00:00+00:00, run_after=2024-10-29 00:00:00+00:00
[2024-10-29T08:04:56.810+0000] {processor.py:208} INFO - Processing /home/airflow/.local/lib/python3.11/site-packages/airflow/example_dags/tutorial.py took 0.045 seconds
[2024-10-29T08:05:27.553+0000] {processor.py:186} INFO - Started process (PID=49023) to work on /home/airflow/.local/lib/python3.11/site-packages/airflow/example_dags/tutorial.py
[2024-10-29T08:05:27.554+0000] {processor.py:914} INFO - Processing file /home/airflow/.local/lib/python3.11/site-packages/airflow/example_dags/tutorial.py for tasks to queue
[2024-10-29T08:05:27.556+0000] {logging_mixin.py:190} INFO - [2024-10-29T08:05:27.556+0000] {dagbag.py:588} INFO - Filling up the DagBag from /home/airflow/.local/lib/python3.11/site-packages/airflow/example_dags/tutorial.py
[2024-10-29T08:05:27.561+0000] {processor.py:925} INFO - DAG(s) 'tutorial' retrieved from /home/airflow/.local/lib/python3.11/site-packages/airflow/example_dags/tutorial.py
[2024-10-29T08:05:27.573+0000] {logging_mixin.py:190} INFO - [2024-10-29T08:05:27.573+0000] {dag.py:3239} INFO - Sync 1 DAGs
[2024-10-29T08:05:27.587+0000] {logging_mixin.py:190} INFO - [2024-10-29T08:05:27.587+0000] {dag.py:4180} INFO - Setting next_dagrun for tutorial to 2024-10-28 00:00:00+00:00, run_after=2024-10-29 00:00:00+00:00
[2024-10-29T08:05:27.596+0000] {processor.py:208} INFO - Processing /home/airflow/.local/lib/python3.11/site-packages/airflow/example_dags/tutorial.py took 0.047 seconds
[2024-10-29T08:05:57.942+0000] {processor.py:186} INFO - Started process (PID=49086) to work on /home/airflow/.local/lib/python3.11/site-packages/airflow/example_dags/tutorial.py
[2024-10-29T08:05:57.943+0000] {processor.py:914} INFO - Processing file /home/airflow/.local/lib/python3.11/site-packages/airflow/example_dags/tutorial.py for tasks to queue
[2024-10-29T08:05:57.944+0000] {logging_mixin.py:190} INFO - [2024-10-29T08:05:57.944+0000] {dagbag.py:588} INFO - Filling up the DagBag from /home/airflow/.local/lib/python3.11/site-packages/airflow/example_dags/tutorial.py
[2024-10-29T08:05:57.950+0000] {processor.py:925} INFO - DAG(s) 'tutorial' retrieved from /home/airflow/.local/lib/python3.11/site-packages/airflow/example_dags/tutorial.py
[2024-10-29T08:05:57.961+0000] {logging_mixin.py:190} INFO - [2024-10-29T08:05:57.961+0000] {dag.py:3239} INFO - Sync 1 DAGs
[2024-10-29T08:05:57.973+0000] {logging_mixin.py:190} INFO - [2024-10-29T08:05:57.973+0000] {dag.py:4180} INFO - Setting next_dagrun for tutorial to 2024-10-28 00:00:00+00:00, run_after=2024-10-29 00:00:00+00:00
[2024-10-29T08:05:57.981+0000] {processor.py:208} INFO - Processing /home/airflow/.local/lib/python3.11/site-packages/airflow/example_dags/tutorial.py took 0.043 seconds
[2024-10-29T08:06:28.373+0000] {processor.py:186} INFO - Started process (PID=49149) to work on /home/airflow/.local/lib/python3.11/site-packages/airflow/example_dags/tutorial.py
[2024-10-29T08:06:28.374+0000] {processor.py:914} INFO - Processing file /home/airflow/.local/lib/python3.11/site-packages/airflow/example_dags/tutorial.py for tasks to queue
[2024-10-29T08:06:28.376+0000] {logging_mixin.py:190} INFO - [2024-10-29T08:06:28.376+0000] {dagbag.py:588} INFO - Filling up the DagBag from /home/airflow/.local/lib/python3.11/site-packages/airflow/example_dags/tutorial.py
[2024-10-29T08:06:28.381+0000] {processor.py:925} INFO - DAG(s) 'tutorial' retrieved from /home/airflow/.local/lib/python3.11/site-packages/airflow/example_dags/tutorial.py
[2024-10-29T08:06:28.398+0000] {logging_mixin.py:190} INFO - [2024-10-29T08:06:28.398+0000] {dag.py:3239} INFO - Sync 1 DAGs
[2024-10-29T08:06:28.411+0000] {logging_mixin.py:190} INFO - [2024-10-29T08:06:28.411+0000] {dag.py:4180} INFO - Setting next_dagrun for tutorial to 2024-10-28 00:00:00+00:00, run_after=2024-10-29 00:00:00+00:00
[2024-10-29T08:06:28.419+0000] {processor.py:208} INFO - Processing /home/airflow/.local/lib/python3.11/site-packages/airflow/example_dags/tutorial.py took 0.052 seconds
[2024-10-29T08:06:58.650+0000] {processor.py:186} INFO - Started process (PID=49212) to work on /home/airflow/.local/lib/python3.11/site-packages/airflow/example_dags/tutorial.py
[2024-10-29T08:06:58.651+0000] {processor.py:914} INFO - Processing file /home/airflow/.local/lib/python3.11/site-packages/airflow/example_dags/tutorial.py for tasks to queue
[2024-10-29T08:06:58.654+0000] {logging_mixin.py:190} INFO - [2024-10-29T08:06:58.654+0000] {dagbag.py:588} INFO - Filling up the DagBag from /home/airflow/.local/lib/python3.11/site-packages/airflow/example_dags/tutorial.py
[2024-10-29T08:06:58.661+0000] {processor.py:925} INFO - DAG(s) 'tutorial' retrieved from /home/airflow/.local/lib/python3.11/site-packages/airflow/example_dags/tutorial.py
[2024-10-29T08:06:58.673+0000] {logging_mixin.py:190} INFO - [2024-10-29T08:06:58.673+0000] {dag.py:3239} INFO - Sync 1 DAGs
[2024-10-29T08:06:58.684+0000] {logging_mixin.py:190} INFO - [2024-10-29T08:06:58.684+0000] {dag.py:4180} INFO - Setting next_dagrun for tutorial to 2024-10-28 00:00:00+00:00, run_after=2024-10-29 00:00:00+00:00
[2024-10-29T08:06:58.692+0000] {processor.py:208} INFO - Processing /home/airflow/.local/lib/python3.11/site-packages/airflow/example_dags/tutorial.py took 0.048 seconds
[2024-10-29T08:07:29.512+0000] {processor.py:186} INFO - Started process (PID=49275) to work on /home/airflow/.local/lib/python3.11/site-packages/airflow/example_dags/tutorial.py
[2024-10-29T08:07:29.514+0000] {processor.py:914} INFO - Processing file /home/airflow/.local/lib/python3.11/site-packages/airflow/example_dags/tutorial.py for tasks to queue
[2024-10-29T08:07:29.515+0000] {logging_mixin.py:190} INFO - [2024-10-29T08:07:29.515+0000] {dagbag.py:588} INFO - Filling up the DagBag from /home/airflow/.local/lib/python3.11/site-packages/airflow/example_dags/tutorial.py
[2024-10-29T08:07:29.519+0000] {processor.py:925} INFO - DAG(s) 'tutorial' retrieved from /home/airflow/.local/lib/python3.11/site-packages/airflow/example_dags/tutorial.py
[2024-10-29T08:07:29.530+0000] {logging_mixin.py:190} INFO - [2024-10-29T08:07:29.530+0000] {dag.py:3239} INFO - Sync 1 DAGs
[2024-10-29T08:07:29.543+0000] {logging_mixin.py:190} INFO - [2024-10-29T08:07:29.543+0000] {dag.py:4180} INFO - Setting next_dagrun for tutorial to 2024-10-28 00:00:00+00:00, run_after=2024-10-29 00:00:00+00:00
[2024-10-29T08:07:29.553+0000] {processor.py:208} INFO - Processing /home/airflow/.local/lib/python3.11/site-packages/airflow/example_dags/tutorial.py took 0.044 seconds
[2024-10-29T08:08:00.394+0000] {processor.py:186} INFO - Started process (PID=49338) to work on /home/airflow/.local/lib/python3.11/site-packages/airflow/example_dags/tutorial.py
[2024-10-29T08:08:00.395+0000] {processor.py:914} INFO - Processing file /home/airflow/.local/lib/python3.11/site-packages/airflow/example_dags/tutorial.py for tasks to queue
[2024-10-29T08:08:00.397+0000] {logging_mixin.py:190} INFO - [2024-10-29T08:08:00.397+0000] {dagbag.py:588} INFO - Filling up the DagBag from /home/airflow/.local/lib/python3.11/site-packages/airflow/example_dags/tutorial.py
[2024-10-29T08:08:00.401+0000] {processor.py:925} INFO - DAG(s) 'tutorial' retrieved from /home/airflow/.local/lib/python3.11/site-packages/airflow/example_dags/tutorial.py
[2024-10-29T08:08:00.412+0000] {logging_mixin.py:190} INFO - [2024-10-29T08:08:00.412+0000] {dag.py:3239} INFO - Sync 1 DAGs
[2024-10-29T08:08:00.428+0000] {logging_mixin.py:190} INFO - [2024-10-29T08:08:00.428+0000] {dag.py:4180} INFO - Setting next_dagrun for tutorial to 2024-10-28 00:00:00+00:00, run_after=2024-10-29 00:00:00+00:00
[2024-10-29T08:08:00.438+0000] {processor.py:208} INFO - Processing /home/airflow/.local/lib/python3.11/site-packages/airflow/example_dags/tutorial.py took 0.047 seconds
[2024-10-29T08:08:31.628+0000] {processor.py:186} INFO - Started process (PID=49401) to work on /home/airflow/.local/lib/python3.11/site-packages/airflow/example_dags/tutorial.py
[2024-10-29T08:08:31.629+0000] {processor.py:914} INFO - Processing file /home/airflow/.local/lib/python3.11/site-packages/airflow/example_dags/tutorial.py for tasks to queue
[2024-10-29T08:08:31.630+0000] {logging_mixin.py:190} INFO - [2024-10-29T08:08:31.630+0000] {dagbag.py:588} INFO - Filling up the DagBag from /home/airflow/.local/lib/python3.11/site-packages/airflow/example_dags/tutorial.py
[2024-10-29T08:08:31.636+0000] {processor.py:925} INFO - DAG(s) 'tutorial' retrieved from /home/airflow/.local/lib/python3.11/site-packages/airflow/example_dags/tutorial.py
[2024-10-29T08:08:31.646+0000] {logging_mixin.py:190} INFO - [2024-10-29T08:08:31.646+0000] {dag.py:3239} INFO - Sync 1 DAGs
[2024-10-29T08:08:31.658+0000] {logging_mixin.py:190} INFO - [2024-10-29T08:08:31.658+0000] {dag.py:4180} INFO - Setting next_dagrun for tutorial to 2024-10-28 00:00:00+00:00, run_after=2024-10-29 00:00:00+00:00
[2024-10-29T08:08:31.667+0000] {processor.py:208} INFO - Processing /home/airflow/.local/lib/python3.11/site-packages/airflow/example_dags/tutorial.py took 0.043 seconds
[2024-10-29T08:09:03.119+0000] {processor.py:186} INFO - Started process (PID=49463) to work on /home/airflow/.local/lib/python3.11/site-packages/airflow/example_dags/tutorial.py
[2024-10-29T08:09:03.120+0000] {processor.py:914} INFO - Processing file /home/airflow/.local/lib/python3.11/site-packages/airflow/example_dags/tutorial.py for tasks to queue
[2024-10-29T08:09:03.122+0000] {logging_mixin.py:190} INFO - [2024-10-29T08:09:03.122+0000] {dagbag.py:588} INFO - Filling up the DagBag from /home/airflow/.local/lib/python3.11/site-packages/airflow/example_dags/tutorial.py
[2024-10-29T08:09:03.128+0000] {processor.py:925} INFO - DAG(s) 'tutorial' retrieved from /home/airflow/.local/lib/python3.11/site-packages/airflow/example_dags/tutorial.py
[2024-10-29T08:09:03.146+0000] {logging_mixin.py:190} INFO - [2024-10-29T08:09:03.146+0000] {dag.py:3239} INFO - Sync 1 DAGs
[2024-10-29T08:09:03.163+0000] {logging_mixin.py:190} INFO - [2024-10-29T08:09:03.163+0000] {dag.py:4180} INFO - Setting next_dagrun for tutorial to 2024-10-28 00:00:00+00:00, run_after=2024-10-29 00:00:00+00:00
[2024-10-29T08:09:03.173+0000] {processor.py:208} INFO - Processing /home/airflow/.local/lib/python3.11/site-packages/airflow/example_dags/tutorial.py took 0.060 seconds
[2024-10-29T08:09:34.289+0000] {processor.py:186} INFO - Started process (PID=49526) to work on /home/airflow/.local/lib/python3.11/site-packages/airflow/example_dags/tutorial.py
[2024-10-29T08:09:34.291+0000] {processor.py:914} INFO - Processing file /home/airflow/.local/lib/python3.11/site-packages/airflow/example_dags/tutorial.py for tasks to queue
[2024-10-29T08:09:34.295+0000] {logging_mixin.py:190} INFO - [2024-10-29T08:09:34.294+0000] {dagbag.py:588} INFO - Filling up the DagBag from /home/airflow/.local/lib/python3.11/site-packages/airflow/example_dags/tutorial.py
[2024-10-29T08:09:34.310+0000] {processor.py:925} INFO - DAG(s) 'tutorial' retrieved from /home/airflow/.local/lib/python3.11/site-packages/airflow/example_dags/tutorial.py
[2024-10-29T08:09:34.354+0000] {logging_mixin.py:190} INFO - [2024-10-29T08:09:34.353+0000] {dag.py:3239} INFO - Sync 1 DAGs
[2024-10-29T08:09:34.378+0000] {logging_mixin.py:190} INFO - [2024-10-29T08:09:34.378+0000] {dag.py:4180} INFO - Setting next_dagrun for tutorial to 2024-10-28 00:00:00+00:00, run_after=2024-10-29 00:00:00+00:00
[2024-10-29T08:09:34.392+0000] {processor.py:208} INFO - Processing /home/airflow/.local/lib/python3.11/site-packages/airflow/example_dags/tutorial.py took 0.111 seconds
[2024-10-29T08:10:05.284+0000] {processor.py:186} INFO - Started process (PID=49588) to work on /home/airflow/.local/lib/python3.11/site-packages/airflow/example_dags/tutorial.py
[2024-10-29T08:10:05.285+0000] {processor.py:914} INFO - Processing file /home/airflow/.local/lib/python3.11/site-packages/airflow/example_dags/tutorial.py for tasks to queue
[2024-10-29T08:10:05.286+0000] {logging_mixin.py:190} INFO - [2024-10-29T08:10:05.286+0000] {dagbag.py:588} INFO - Filling up the DagBag from /home/airflow/.local/lib/python3.11/site-packages/airflow/example_dags/tutorial.py
[2024-10-29T08:10:05.291+0000] {processor.py:925} INFO - DAG(s) 'tutorial' retrieved from /home/airflow/.local/lib/python3.11/site-packages/airflow/example_dags/tutorial.py
[2024-10-29T08:10:05.303+0000] {logging_mixin.py:190} INFO - [2024-10-29T08:10:05.303+0000] {dag.py:3239} INFO - Sync 1 DAGs
[2024-10-29T08:10:05.316+0000] {logging_mixin.py:190} INFO - [2024-10-29T08:10:05.316+0000] {dag.py:4180} INFO - Setting next_dagrun for tutorial to 2024-10-28 00:00:00+00:00, run_after=2024-10-29 00:00:00+00:00
[2024-10-29T08:10:05.326+0000] {processor.py:208} INFO - Processing /home/airflow/.local/lib/python3.11/site-packages/airflow/example_dags/tutorial.py took 0.046 seconds
[2024-10-29T08:10:39.673+0000] {processor.py:186} INFO - Started process (PID=49652) to work on /home/airflow/.local/lib/python3.11/site-packages/airflow/example_dags/tutorial.py
[2024-10-29T08:10:39.675+0000] {processor.py:914} INFO - Processing file /home/airflow/.local/lib/python3.11/site-packages/airflow/example_dags/tutorial.py for tasks to queue
[2024-10-29T08:10:39.681+0000] {logging_mixin.py:190} INFO - [2024-10-29T08:10:39.680+0000] {dagbag.py:588} INFO - Filling up the DagBag from /home/airflow/.local/lib/python3.11/site-packages/airflow/example_dags/tutorial.py
[2024-10-29T08:10:39.694+0000] {processor.py:925} INFO - DAG(s) 'tutorial' retrieved from /home/airflow/.local/lib/python3.11/site-packages/airflow/example_dags/tutorial.py
[2024-10-29T08:10:39.716+0000] {logging_mixin.py:190} INFO - [2024-10-29T08:10:39.716+0000] {dag.py:3239} INFO - Sync 1 DAGs
[2024-10-29T08:10:39.732+0000] {logging_mixin.py:190} INFO - [2024-10-29T08:10:39.732+0000] {dag.py:4180} INFO - Setting next_dagrun for tutorial to 2024-10-28 00:00:00+00:00, run_after=2024-10-29 00:00:00+00:00
[2024-10-29T08:10:39.754+0000] {processor.py:208} INFO - Processing /home/airflow/.local/lib/python3.11/site-packages/airflow/example_dags/tutorial.py took 0.086 seconds
[2024-10-29T18:53:14.107+0000] {processor.py:186} INFO - Started process (PID=94) to work on /home/airflow/.local/lib/python3.11/site-packages/airflow/example_dags/tutorial.py
[2024-10-29T18:53:14.109+0000] {processor.py:914} INFO - Processing file /home/airflow/.local/lib/python3.11/site-packages/airflow/example_dags/tutorial.py for tasks to queue
[2024-10-29T18:53:14.112+0000] {logging_mixin.py:190} INFO - [2024-10-29T18:53:14.111+0000] {dagbag.py:588} INFO - Filling up the DagBag from /home/airflow/.local/lib/python3.11/site-packages/airflow/example_dags/tutorial.py
[2024-10-29T18:53:14.121+0000] {processor.py:925} INFO - DAG(s) 'tutorial' retrieved from /home/airflow/.local/lib/python3.11/site-packages/airflow/example_dags/tutorial.py
[2024-10-29T18:53:14.158+0000] {logging_mixin.py:190} INFO - [2024-10-29T18:53:14.158+0000] {dag.py:3239} INFO - Sync 1 DAGs
[2024-10-29T18:53:14.322+0000] {logging_mixin.py:190} INFO - [2024-10-29T18:53:14.320+0000] {dag.py:4180} INFO - Setting next_dagrun for tutorial to 2024-10-28 00:00:00+00:00, run_after=2024-10-29 00:00:00+00:00
[2024-10-29T18:53:14.423+0000] {processor.py:208} INFO - Processing /home/airflow/.local/lib/python3.11/site-packages/airflow/example_dags/tutorial.py took 0.328 seconds
[2024-10-29T18:53:56.344+0000] {processor.py:186} INFO - Started process (PID=157) to work on /home/airflow/.local/lib/python3.11/site-packages/airflow/example_dags/tutorial.py
[2024-10-29T18:53:56.367+0000] {processor.py:914} INFO - Processing file /home/airflow/.local/lib/python3.11/site-packages/airflow/example_dags/tutorial.py for tasks to queue
[2024-10-29T18:53:56.391+0000] {logging_mixin.py:190} INFO - [2024-10-29T18:53:56.390+0000] {dagbag.py:588} INFO - Filling up the DagBag from /home/airflow/.local/lib/python3.11/site-packages/airflow/example_dags/tutorial.py
[2024-10-29T18:53:56.466+0000] {processor.py:925} INFO - DAG(s) 'tutorial' retrieved from /home/airflow/.local/lib/python3.11/site-packages/airflow/example_dags/tutorial.py
[2024-10-29T18:53:56.692+0000] {logging_mixin.py:190} INFO - [2024-10-29T18:53:56.690+0000] {dag.py:3239} INFO - Sync 1 DAGs
[2024-10-29T18:54:03.397+0000] {logging_mixin.py:190} INFO - [2024-10-29T18:54:03.392+0000] {dag.py:4180} INFO - Setting next_dagrun for tutorial to 2024-10-28 00:00:00+00:00, run_after=2024-10-29 00:00:00+00:00
[2024-10-29T18:54:03.993+0000] {processor.py:208} INFO - Processing /home/airflow/.local/lib/python3.11/site-packages/airflow/example_dags/tutorial.py took 7.660 seconds
[2024-10-29T18:54:34.593+0000] {processor.py:186} INFO - Started process (PID=220) to work on /home/airflow/.local/lib/python3.11/site-packages/airflow/example_dags/tutorial.py
[2024-10-29T18:54:34.600+0000] {processor.py:914} INFO - Processing file /home/airflow/.local/lib/python3.11/site-packages/airflow/example_dags/tutorial.py for tasks to queue
[2024-10-29T18:54:34.626+0000] {logging_mixin.py:190} INFO - [2024-10-29T18:54:34.625+0000] {dagbag.py:588} INFO - Filling up the DagBag from /home/airflow/.local/lib/python3.11/site-packages/airflow/example_dags/tutorial.py
[2024-10-29T18:54:34.695+0000] {processor.py:925} INFO - DAG(s) 'tutorial' retrieved from /home/airflow/.local/lib/python3.11/site-packages/airflow/example_dags/tutorial.py
[2024-10-29T18:54:34.841+0000] {logging_mixin.py:190} INFO - [2024-10-29T18:54:34.839+0000] {dag.py:3239} INFO - Sync 1 DAGs
[2024-10-29T18:54:37.649+0000] {logging_mixin.py:190} INFO - [2024-10-29T18:54:37.646+0000] {dag.py:4180} INFO - Setting next_dagrun for tutorial to 2024-10-28 00:00:00+00:00, run_after=2024-10-29 00:00:00+00:00
[2024-10-29T18:54:37.785+0000] {processor.py:208} INFO - Processing /home/airflow/.local/lib/python3.11/site-packages/airflow/example_dags/tutorial.py took 3.236 seconds
[2024-10-29T18:55:29.700+0000] {processor.py:186} INFO - Started process (PID=288) to work on /home/airflow/.local/lib/python3.11/site-packages/airflow/example_dags/tutorial.py
[2024-10-29T18:55:29.712+0000] {processor.py:914} INFO - Processing file /home/airflow/.local/lib/python3.11/site-packages/airflow/example_dags/tutorial.py for tasks to queue
[2024-10-29T18:55:29.723+0000] {logging_mixin.py:190} INFO - [2024-10-29T18:55:29.722+0000] {dagbag.py:588} INFO - Filling up the DagBag from /home/airflow/.local/lib/python3.11/site-packages/airflow/example_dags/tutorial.py
[2024-10-29T18:55:29.775+0000] {processor.py:925} INFO - DAG(s) 'tutorial' retrieved from /home/airflow/.local/lib/python3.11/site-packages/airflow/example_dags/tutorial.py
[2024-10-29T18:55:29.905+0000] {logging_mixin.py:190} INFO - [2024-10-29T18:55:29.904+0000] {dag.py:3239} INFO - Sync 1 DAGs
[2024-10-29T18:55:30.832+0000] {logging_mixin.py:190} INFO - [2024-10-29T18:55:30.830+0000] {dag.py:4180} INFO - Setting next_dagrun for tutorial to 2024-10-28 00:00:00+00:00, run_after=2024-10-29 00:00:00+00:00
[2024-10-29T18:55:30.895+0000] {processor.py:208} INFO - Processing /home/airflow/.local/lib/python3.11/site-packages/airflow/example_dags/tutorial.py took 1.244 seconds
[2024-10-29T18:56:01.153+0000] {processor.py:186} INFO - Started process (PID=350) to work on /home/airflow/.local/lib/python3.11/site-packages/airflow/example_dags/tutorial.py
[2024-10-29T18:56:01.157+0000] {processor.py:914} INFO - Processing file /home/airflow/.local/lib/python3.11/site-packages/airflow/example_dags/tutorial.py for tasks to queue
[2024-10-29T18:56:01.161+0000] {logging_mixin.py:190} INFO - [2024-10-29T18:56:01.161+0000] {dagbag.py:588} INFO - Filling up the DagBag from /home/airflow/.local/lib/python3.11/site-packages/airflow/example_dags/tutorial.py
[2024-10-29T18:56:01.196+0000] {processor.py:925} INFO - DAG(s) 'tutorial' retrieved from /home/airflow/.local/lib/python3.11/site-packages/airflow/example_dags/tutorial.py
[2024-10-29T18:56:01.254+0000] {logging_mixin.py:190} INFO - [2024-10-29T18:56:01.253+0000] {dag.py:3239} INFO - Sync 1 DAGs
[2024-10-29T18:56:01.310+0000] {logging_mixin.py:190} INFO - [2024-10-29T18:56:01.310+0000] {dag.py:4180} INFO - Setting next_dagrun for tutorial to 2024-10-28 00:00:00+00:00, run_after=2024-10-29 00:00:00+00:00
[2024-10-29T18:56:01.359+0000] {processor.py:208} INFO - Processing /home/airflow/.local/lib/python3.11/site-packages/airflow/example_dags/tutorial.py took 0.242 seconds
[2024-10-29T18:56:32.249+0000] {processor.py:186} INFO - Started process (PID=413) to work on /home/airflow/.local/lib/python3.11/site-packages/airflow/example_dags/tutorial.py
[2024-10-29T18:56:32.250+0000] {processor.py:914} INFO - Processing file /home/airflow/.local/lib/python3.11/site-packages/airflow/example_dags/tutorial.py for tasks to queue
[2024-10-29T18:56:32.252+0000] {logging_mixin.py:190} INFO - [2024-10-29T18:56:32.252+0000] {dagbag.py:588} INFO - Filling up the DagBag from /home/airflow/.local/lib/python3.11/site-packages/airflow/example_dags/tutorial.py
[2024-10-29T18:56:32.264+0000] {processor.py:925} INFO - DAG(s) 'tutorial' retrieved from /home/airflow/.local/lib/python3.11/site-packages/airflow/example_dags/tutorial.py
[2024-10-29T18:56:32.286+0000] {logging_mixin.py:190} INFO - [2024-10-29T18:56:32.285+0000] {dag.py:3239} INFO - Sync 1 DAGs
[2024-10-29T18:56:32.303+0000] {logging_mixin.py:190} INFO - [2024-10-29T18:56:32.303+0000] {dag.py:4180} INFO - Setting next_dagrun for tutorial to 2024-10-28 00:00:00+00:00, run_after=2024-10-29 00:00:00+00:00
[2024-10-29T18:56:32.314+0000] {processor.py:208} INFO - Processing /home/airflow/.local/lib/python3.11/site-packages/airflow/example_dags/tutorial.py took 0.073 seconds
[2024-10-29T18:57:03.073+0000] {processor.py:186} INFO - Started process (PID=476) to work on /home/airflow/.local/lib/python3.11/site-packages/airflow/example_dags/tutorial.py
[2024-10-29T18:57:03.075+0000] {processor.py:914} INFO - Processing file /home/airflow/.local/lib/python3.11/site-packages/airflow/example_dags/tutorial.py for tasks to queue
[2024-10-29T18:57:03.079+0000] {logging_mixin.py:190} INFO - [2024-10-29T18:57:03.078+0000] {dagbag.py:588} INFO - Filling up the DagBag from /home/airflow/.local/lib/python3.11/site-packages/airflow/example_dags/tutorial.py
[2024-10-29T18:57:03.090+0000] {processor.py:925} INFO - DAG(s) 'tutorial' retrieved from /home/airflow/.local/lib/python3.11/site-packages/airflow/example_dags/tutorial.py
[2024-10-29T18:57:03.107+0000] {logging_mixin.py:190} INFO - [2024-10-29T18:57:03.107+0000] {dag.py:3239} INFO - Sync 1 DAGs
[2024-10-29T18:57:03.121+0000] {logging_mixin.py:190} INFO - [2024-10-29T18:57:03.121+0000] {dag.py:4180} INFO - Setting next_dagrun for tutorial to 2024-10-28 00:00:00+00:00, run_after=2024-10-29 00:00:00+00:00
[2024-10-29T18:57:03.129+0000] {processor.py:208} INFO - Processing /home/airflow/.local/lib/python3.11/site-packages/airflow/example_dags/tutorial.py took 0.067 seconds
[2024-10-29T18:57:33.712+0000] {processor.py:186} INFO - Started process (PID=539) to work on /home/airflow/.local/lib/python3.11/site-packages/airflow/example_dags/tutorial.py
[2024-10-29T18:57:33.714+0000] {processor.py:914} INFO - Processing file /home/airflow/.local/lib/python3.11/site-packages/airflow/example_dags/tutorial.py for tasks to queue
[2024-10-29T18:57:33.717+0000] {logging_mixin.py:190} INFO - [2024-10-29T18:57:33.716+0000] {dagbag.py:588} INFO - Filling up the DagBag from /home/airflow/.local/lib/python3.11/site-packages/airflow/example_dags/tutorial.py
[2024-10-29T18:57:33.731+0000] {processor.py:925} INFO - DAG(s) 'tutorial' retrieved from /home/airflow/.local/lib/python3.11/site-packages/airflow/example_dags/tutorial.py
[2024-10-29T18:57:33.762+0000] {logging_mixin.py:190} INFO - [2024-10-29T18:57:33.762+0000] {dag.py:3239} INFO - Sync 1 DAGs
[2024-10-29T18:57:33.789+0000] {logging_mixin.py:190} INFO - [2024-10-29T18:57:33.789+0000] {dag.py:4180} INFO - Setting next_dagrun for tutorial to 2024-10-28 00:00:00+00:00, run_after=2024-10-29 00:00:00+00:00
[2024-10-29T18:57:33.803+0000] {processor.py:208} INFO - Processing /home/airflow/.local/lib/python3.11/site-packages/airflow/example_dags/tutorial.py took 0.102 seconds
[2024-10-29T18:58:04.000+0000] {processor.py:186} INFO - Started process (PID=602) to work on /home/airflow/.local/lib/python3.11/site-packages/airflow/example_dags/tutorial.py
[2024-10-29T18:58:04.017+0000] {processor.py:914} INFO - Processing file /home/airflow/.local/lib/python3.11/site-packages/airflow/example_dags/tutorial.py for tasks to queue
[2024-10-29T18:58:04.051+0000] {logging_mixin.py:190} INFO - [2024-10-29T18:58:04.049+0000] {dagbag.py:588} INFO - Filling up the DagBag from /home/airflow/.local/lib/python3.11/site-packages/airflow/example_dags/tutorial.py
[2024-10-29T18:58:04.116+0000] {processor.py:925} INFO - DAG(s) 'tutorial' retrieved from /home/airflow/.local/lib/python3.11/site-packages/airflow/example_dags/tutorial.py
[2024-10-29T18:58:04.220+0000] {logging_mixin.py:190} INFO - [2024-10-29T18:58:04.219+0000] {dag.py:3239} INFO - Sync 1 DAGs
[2024-10-29T18:58:04.249+0000] {logging_mixin.py:190} INFO - [2024-10-29T18:58:04.248+0000] {dag.py:4180} INFO - Setting next_dagrun for tutorial to 2024-10-28 00:00:00+00:00, run_after=2024-10-29 00:00:00+00:00
[2024-10-29T18:58:04.278+0000] {processor.py:208} INFO - Processing /home/airflow/.local/lib/python3.11/site-packages/airflow/example_dags/tutorial.py took 0.339 seconds
[2024-10-29T18:58:34.437+0000] {processor.py:186} INFO - Started process (PID=665) to work on /home/airflow/.local/lib/python3.11/site-packages/airflow/example_dags/tutorial.py
[2024-10-29T18:58:34.438+0000] {processor.py:914} INFO - Processing file /home/airflow/.local/lib/python3.11/site-packages/airflow/example_dags/tutorial.py for tasks to queue
[2024-10-29T18:58:34.441+0000] {logging_mixin.py:190} INFO - [2024-10-29T18:58:34.440+0000] {dagbag.py:588} INFO - Filling up the DagBag from /home/airflow/.local/lib/python3.11/site-packages/airflow/example_dags/tutorial.py
[2024-10-29T18:58:34.448+0000] {processor.py:925} INFO - DAG(s) 'tutorial' retrieved from /home/airflow/.local/lib/python3.11/site-packages/airflow/example_dags/tutorial.py
[2024-10-29T18:58:34.476+0000] {logging_mixin.py:190} INFO - [2024-10-29T18:58:34.476+0000] {dag.py:3239} INFO - Sync 1 DAGs
[2024-10-29T18:58:34.495+0000] {logging_mixin.py:190} INFO - [2024-10-29T18:58:34.494+0000] {dag.py:4180} INFO - Setting next_dagrun for tutorial to 2024-10-28 00:00:00+00:00, run_after=2024-10-29 00:00:00+00:00
[2024-10-29T18:58:34.507+0000] {processor.py:208} INFO - Processing /home/airflow/.local/lib/python3.11/site-packages/airflow/example_dags/tutorial.py took 0.077 seconds
[2024-10-29T18:59:04.671+0000] {processor.py:186} INFO - Started process (PID=728) to work on /home/airflow/.local/lib/python3.11/site-packages/airflow/example_dags/tutorial.py
[2024-10-29T18:59:04.674+0000] {processor.py:914} INFO - Processing file /home/airflow/.local/lib/python3.11/site-packages/airflow/example_dags/tutorial.py for tasks to queue
[2024-10-29T18:59:04.677+0000] {logging_mixin.py:190} INFO - [2024-10-29T18:59:04.677+0000] {dagbag.py:588} INFO - Filling up the DagBag from /home/airflow/.local/lib/python3.11/site-packages/airflow/example_dags/tutorial.py
[2024-10-29T18:59:04.686+0000] {processor.py:925} INFO - DAG(s) 'tutorial' retrieved from /home/airflow/.local/lib/python3.11/site-packages/airflow/example_dags/tutorial.py
[2024-10-29T18:59:04.704+0000] {logging_mixin.py:190} INFO - [2024-10-29T18:59:04.704+0000] {dag.py:3239} INFO - Sync 1 DAGs
[2024-10-29T18:59:04.718+0000] {logging_mixin.py:190} INFO - [2024-10-29T18:59:04.717+0000] {dag.py:4180} INFO - Setting next_dagrun for tutorial to 2024-10-28 00:00:00+00:00, run_after=2024-10-29 00:00:00+00:00
[2024-10-29T18:59:04.726+0000] {processor.py:208} INFO - Processing /home/airflow/.local/lib/python3.11/site-packages/airflow/example_dags/tutorial.py took 0.064 seconds
[2024-10-29T18:59:34.959+0000] {processor.py:186} INFO - Started process (PID=791) to work on /home/airflow/.local/lib/python3.11/site-packages/airflow/example_dags/tutorial.py
[2024-10-29T18:59:34.962+0000] {processor.py:914} INFO - Processing file /home/airflow/.local/lib/python3.11/site-packages/airflow/example_dags/tutorial.py for tasks to queue
[2024-10-29T18:59:34.964+0000] {logging_mixin.py:190} INFO - [2024-10-29T18:59:34.964+0000] {dagbag.py:588} INFO - Filling up the DagBag from /home/airflow/.local/lib/python3.11/site-packages/airflow/example_dags/tutorial.py
[2024-10-29T18:59:34.973+0000] {processor.py:925} INFO - DAG(s) 'tutorial' retrieved from /home/airflow/.local/lib/python3.11/site-packages/airflow/example_dags/tutorial.py
[2024-10-29T18:59:34.988+0000] {logging_mixin.py:190} INFO - [2024-10-29T18:59:34.988+0000] {dag.py:3239} INFO - Sync 1 DAGs
[2024-10-29T18:59:35.002+0000] {logging_mixin.py:190} INFO - [2024-10-29T18:59:35.002+0000] {dag.py:4180} INFO - Setting next_dagrun for tutorial to 2024-10-28 00:00:00+00:00, run_after=2024-10-29 00:00:00+00:00
[2024-10-29T18:59:35.011+0000] {processor.py:208} INFO - Processing /home/airflow/.local/lib/python3.11/site-packages/airflow/example_dags/tutorial.py took 0.059 seconds
[2024-10-29T19:00:05.745+0000] {processor.py:186} INFO - Started process (PID=853) to work on /home/airflow/.local/lib/python3.11/site-packages/airflow/example_dags/tutorial.py
[2024-10-29T19:00:05.747+0000] {processor.py:914} INFO - Processing file /home/airflow/.local/lib/python3.11/site-packages/airflow/example_dags/tutorial.py for tasks to queue
[2024-10-29T19:00:05.751+0000] {logging_mixin.py:190} INFO - [2024-10-29T19:00:05.751+0000] {dagbag.py:588} INFO - Filling up the DagBag from /home/airflow/.local/lib/python3.11/site-packages/airflow/example_dags/tutorial.py
[2024-10-29T19:00:05.767+0000] {processor.py:925} INFO - DAG(s) 'tutorial' retrieved from /home/airflow/.local/lib/python3.11/site-packages/airflow/example_dags/tutorial.py
[2024-10-29T19:00:05.814+0000] {logging_mixin.py:190} INFO - [2024-10-29T19:00:05.814+0000] {dag.py:3239} INFO - Sync 1 DAGs
[2024-10-29T19:00:05.846+0000] {logging_mixin.py:190} INFO - [2024-10-29T19:00:05.846+0000] {dag.py:4180} INFO - Setting next_dagrun for tutorial to 2024-10-28 00:00:00+00:00, run_after=2024-10-29 00:00:00+00:00
[2024-10-29T19:00:05.865+0000] {processor.py:208} INFO - Processing /home/airflow/.local/lib/python3.11/site-packages/airflow/example_dags/tutorial.py took 0.149 seconds
[2024-10-29T19:00:35.961+0000] {processor.py:186} INFO - Started process (PID=916) to work on /home/airflow/.local/lib/python3.11/site-packages/airflow/example_dags/tutorial.py
[2024-10-29T19:00:35.962+0000] {processor.py:914} INFO - Processing file /home/airflow/.local/lib/python3.11/site-packages/airflow/example_dags/tutorial.py for tasks to queue
[2024-10-29T19:00:35.963+0000] {logging_mixin.py:190} INFO - [2024-10-29T19:00:35.963+0000] {dagbag.py:588} INFO - Filling up the DagBag from /home/airflow/.local/lib/python3.11/site-packages/airflow/example_dags/tutorial.py
[2024-10-29T19:00:35.968+0000] {processor.py:925} INFO - DAG(s) 'tutorial' retrieved from /home/airflow/.local/lib/python3.11/site-packages/airflow/example_dags/tutorial.py
[2024-10-29T19:00:35.979+0000] {logging_mixin.py:190} INFO - [2024-10-29T19:00:35.979+0000] {dag.py:3239} INFO - Sync 1 DAGs
[2024-10-29T19:00:35.990+0000] {logging_mixin.py:190} INFO - [2024-10-29T19:00:35.990+0000] {dag.py:4180} INFO - Setting next_dagrun for tutorial to 2024-10-28 00:00:00+00:00, run_after=2024-10-29 00:00:00+00:00
[2024-10-29T19:00:35.999+0000] {processor.py:208} INFO - Processing /home/airflow/.local/lib/python3.11/site-packages/airflow/example_dags/tutorial.py took 0.043 seconds
[2024-10-29T19:01:06.764+0000] {processor.py:186} INFO - Started process (PID=979) to work on /home/airflow/.local/lib/python3.11/site-packages/airflow/example_dags/tutorial.py
[2024-10-29T19:01:06.766+0000] {processor.py:914} INFO - Processing file /home/airflow/.local/lib/python3.11/site-packages/airflow/example_dags/tutorial.py for tasks to queue
[2024-10-29T19:01:06.769+0000] {logging_mixin.py:190} INFO - [2024-10-29T19:01:06.768+0000] {dagbag.py:588} INFO - Filling up the DagBag from /home/airflow/.local/lib/python3.11/site-packages/airflow/example_dags/tutorial.py
[2024-10-29T19:01:06.777+0000] {processor.py:925} INFO - DAG(s) 'tutorial' retrieved from /home/airflow/.local/lib/python3.11/site-packages/airflow/example_dags/tutorial.py
[2024-10-29T19:01:06.796+0000] {logging_mixin.py:190} INFO - [2024-10-29T19:01:06.796+0000] {dag.py:3239} INFO - Sync 1 DAGs
[2024-10-29T19:01:06.812+0000] {logging_mixin.py:190} INFO - [2024-10-29T19:01:06.812+0000] {dag.py:4180} INFO - Setting next_dagrun for tutorial to 2024-10-28 00:00:00+00:00, run_after=2024-10-29 00:00:00+00:00
[2024-10-29T19:01:06.820+0000] {processor.py:208} INFO - Processing /home/airflow/.local/lib/python3.11/site-packages/airflow/example_dags/tutorial.py took 0.064 seconds
[2024-10-29T19:01:36.950+0000] {processor.py:186} INFO - Started process (PID=1042) to work on /home/airflow/.local/lib/python3.11/site-packages/airflow/example_dags/tutorial.py
[2024-10-29T19:01:36.954+0000] {processor.py:914} INFO - Processing file /home/airflow/.local/lib/python3.11/site-packages/airflow/example_dags/tutorial.py for tasks to queue
[2024-10-29T19:01:36.957+0000] {logging_mixin.py:190} INFO - [2024-10-29T19:01:36.956+0000] {dagbag.py:588} INFO - Filling up the DagBag from /home/airflow/.local/lib/python3.11/site-packages/airflow/example_dags/tutorial.py
[2024-10-29T19:01:36.968+0000] {processor.py:925} INFO - DAG(s) 'tutorial' retrieved from /home/airflow/.local/lib/python3.11/site-packages/airflow/example_dags/tutorial.py
[2024-10-29T19:01:36.984+0000] {logging_mixin.py:190} INFO - [2024-10-29T19:01:36.983+0000] {dag.py:3239} INFO - Sync 1 DAGs
[2024-10-29T19:01:36.997+0000] {logging_mixin.py:190} INFO - [2024-10-29T19:01:36.996+0000] {dag.py:4180} INFO - Setting next_dagrun for tutorial to 2024-10-28 00:00:00+00:00, run_after=2024-10-29 00:00:00+00:00
[2024-10-29T19:01:37.014+0000] {processor.py:208} INFO - Processing /home/airflow/.local/lib/python3.11/site-packages/airflow/example_dags/tutorial.py took 0.077 seconds
[2024-10-29T19:02:07.192+0000] {processor.py:186} INFO - Started process (PID=1105) to work on /home/airflow/.local/lib/python3.11/site-packages/airflow/example_dags/tutorial.py
[2024-10-29T19:02:07.193+0000] {processor.py:914} INFO - Processing file /home/airflow/.local/lib/python3.11/site-packages/airflow/example_dags/tutorial.py for tasks to queue
[2024-10-29T19:02:07.195+0000] {logging_mixin.py:190} INFO - [2024-10-29T19:02:07.194+0000] {dagbag.py:588} INFO - Filling up the DagBag from /home/airflow/.local/lib/python3.11/site-packages/airflow/example_dags/tutorial.py
[2024-10-29T19:02:07.200+0000] {processor.py:925} INFO - DAG(s) 'tutorial' retrieved from /home/airflow/.local/lib/python3.11/site-packages/airflow/example_dags/tutorial.py
[2024-10-29T19:02:07.213+0000] {logging_mixin.py:190} INFO - [2024-10-29T19:02:07.213+0000] {dag.py:3239} INFO - Sync 1 DAGs
[2024-10-29T19:02:07.231+0000] {logging_mixin.py:190} INFO - [2024-10-29T19:02:07.231+0000] {dag.py:4180} INFO - Setting next_dagrun for tutorial to 2024-10-28 00:00:00+00:00, run_after=2024-10-29 00:00:00+00:00
[2024-10-29T19:02:07.244+0000] {processor.py:208} INFO - Processing /home/airflow/.local/lib/python3.11/site-packages/airflow/example_dags/tutorial.py took 0.060 seconds
[2024-10-29T19:02:38.278+0000] {processor.py:186} INFO - Started process (PID=1168) to work on /home/airflow/.local/lib/python3.11/site-packages/airflow/example_dags/tutorial.py
[2024-10-29T19:02:38.280+0000] {processor.py:914} INFO - Processing file /home/airflow/.local/lib/python3.11/site-packages/airflow/example_dags/tutorial.py for tasks to queue
[2024-10-29T19:02:38.282+0000] {logging_mixin.py:190} INFO - [2024-10-29T19:02:38.282+0000] {dagbag.py:588} INFO - Filling up the DagBag from /home/airflow/.local/lib/python3.11/site-packages/airflow/example_dags/tutorial.py
[2024-10-29T19:02:38.291+0000] {processor.py:925} INFO - DAG(s) 'tutorial' retrieved from /home/airflow/.local/lib/python3.11/site-packages/airflow/example_dags/tutorial.py
[2024-10-29T19:02:38.309+0000] {logging_mixin.py:190} INFO - [2024-10-29T19:02:38.309+0000] {dag.py:3239} INFO - Sync 1 DAGs
[2024-10-29T19:02:38.322+0000] {logging_mixin.py:190} INFO - [2024-10-29T19:02:38.322+0000] {dag.py:4180} INFO - Setting next_dagrun for tutorial to 2024-10-28 00:00:00+00:00, run_after=2024-10-29 00:00:00+00:00
[2024-10-29T19:02:38.331+0000] {processor.py:208} INFO - Processing /home/airflow/.local/lib/python3.11/site-packages/airflow/example_dags/tutorial.py took 0.062 seconds
[2024-10-29T19:03:08.940+0000] {processor.py:186} INFO - Started process (PID=1231) to work on /home/airflow/.local/lib/python3.11/site-packages/airflow/example_dags/tutorial.py
[2024-10-29T19:03:08.941+0000] {processor.py:914} INFO - Processing file /home/airflow/.local/lib/python3.11/site-packages/airflow/example_dags/tutorial.py for tasks to queue
[2024-10-29T19:03:08.943+0000] {logging_mixin.py:190} INFO - [2024-10-29T19:03:08.943+0000] {dagbag.py:588} INFO - Filling up the DagBag from /home/airflow/.local/lib/python3.11/site-packages/airflow/example_dags/tutorial.py
[2024-10-29T19:03:08.952+0000] {processor.py:925} INFO - DAG(s) 'tutorial' retrieved from /home/airflow/.local/lib/python3.11/site-packages/airflow/example_dags/tutorial.py
[2024-10-29T19:03:08.967+0000] {logging_mixin.py:190} INFO - [2024-10-29T19:03:08.967+0000] {dag.py:3239} INFO - Sync 1 DAGs
[2024-10-29T19:03:08.979+0000] {logging_mixin.py:190} INFO - [2024-10-29T19:03:08.979+0000] {dag.py:4180} INFO - Setting next_dagrun for tutorial to 2024-10-28 00:00:00+00:00, run_after=2024-10-29 00:00:00+00:00
[2024-10-29T19:03:08.987+0000] {processor.py:208} INFO - Processing /home/airflow/.local/lib/python3.11/site-packages/airflow/example_dags/tutorial.py took 0.055 seconds
[2024-10-29T19:03:39.675+0000] {processor.py:186} INFO - Started process (PID=1294) to work on /home/airflow/.local/lib/python3.11/site-packages/airflow/example_dags/tutorial.py
[2024-10-29T19:03:39.678+0000] {processor.py:914} INFO - Processing file /home/airflow/.local/lib/python3.11/site-packages/airflow/example_dags/tutorial.py for tasks to queue
[2024-10-29T19:03:39.680+0000] {logging_mixin.py:190} INFO - [2024-10-29T19:03:39.680+0000] {dagbag.py:588} INFO - Filling up the DagBag from /home/airflow/.local/lib/python3.11/site-packages/airflow/example_dags/tutorial.py
[2024-10-29T19:03:39.691+0000] {processor.py:925} INFO - DAG(s) 'tutorial' retrieved from /home/airflow/.local/lib/python3.11/site-packages/airflow/example_dags/tutorial.py
[2024-10-29T19:03:39.713+0000] {logging_mixin.py:190} INFO - [2024-10-29T19:03:39.713+0000] {dag.py:3239} INFO - Sync 1 DAGs
[2024-10-29T19:03:39.728+0000] {logging_mixin.py:190} INFO - [2024-10-29T19:03:39.728+0000] {dag.py:4180} INFO - Setting next_dagrun for tutorial to 2024-10-28 00:00:00+00:00, run_after=2024-10-29 00:00:00+00:00
[2024-10-29T19:03:39.739+0000] {processor.py:208} INFO - Processing /home/airflow/.local/lib/python3.11/site-packages/airflow/example_dags/tutorial.py took 0.074 seconds
[2024-10-29T19:04:10.440+0000] {processor.py:186} INFO - Started process (PID=1357) to work on /home/airflow/.local/lib/python3.11/site-packages/airflow/example_dags/tutorial.py
[2024-10-29T19:04:10.442+0000] {processor.py:914} INFO - Processing file /home/airflow/.local/lib/python3.11/site-packages/airflow/example_dags/tutorial.py for tasks to queue
[2024-10-29T19:04:10.444+0000] {logging_mixin.py:190} INFO - [2024-10-29T19:04:10.444+0000] {dagbag.py:588} INFO - Filling up the DagBag from /home/airflow/.local/lib/python3.11/site-packages/airflow/example_dags/tutorial.py
[2024-10-29T19:04:10.452+0000] {processor.py:925} INFO - DAG(s) 'tutorial' retrieved from /home/airflow/.local/lib/python3.11/site-packages/airflow/example_dags/tutorial.py
[2024-10-29T19:04:10.470+0000] {logging_mixin.py:190} INFO - [2024-10-29T19:04:10.470+0000] {dag.py:3239} INFO - Sync 1 DAGs
[2024-10-29T19:04:10.493+0000] {logging_mixin.py:190} INFO - [2024-10-29T19:04:10.492+0000] {dag.py:4180} INFO - Setting next_dagrun for tutorial to 2024-10-28 00:00:00+00:00, run_after=2024-10-29 00:00:00+00:00
[2024-10-29T19:04:10.503+0000] {processor.py:208} INFO - Processing /home/airflow/.local/lib/python3.11/site-packages/airflow/example_dags/tutorial.py took 0.074 seconds
[2024-10-29T19:04:40.951+0000] {processor.py:186} INFO - Started process (PID=1420) to work on /home/airflow/.local/lib/python3.11/site-packages/airflow/example_dags/tutorial.py
[2024-10-29T19:04:40.953+0000] {processor.py:914} INFO - Processing file /home/airflow/.local/lib/python3.11/site-packages/airflow/example_dags/tutorial.py for tasks to queue
[2024-10-29T19:04:40.956+0000] {logging_mixin.py:190} INFO - [2024-10-29T19:04:40.956+0000] {dagbag.py:588} INFO - Filling up the DagBag from /home/airflow/.local/lib/python3.11/site-packages/airflow/example_dags/tutorial.py
[2024-10-29T19:04:40.980+0000] {processor.py:925} INFO - DAG(s) 'tutorial' retrieved from /home/airflow/.local/lib/python3.11/site-packages/airflow/example_dags/tutorial.py
[2024-10-29T19:04:41.004+0000] {logging_mixin.py:190} INFO - [2024-10-29T19:04:41.003+0000] {dag.py:3239} INFO - Sync 1 DAGs
[2024-10-29T19:04:41.023+0000] {logging_mixin.py:190} INFO - [2024-10-29T19:04:41.023+0000] {dag.py:4180} INFO - Setting next_dagrun for tutorial to 2024-10-28 00:00:00+00:00, run_after=2024-10-29 00:00:00+00:00
[2024-10-29T19:04:41.034+0000] {processor.py:208} INFO - Processing /home/airflow/.local/lib/python3.11/site-packages/airflow/example_dags/tutorial.py took 0.094 seconds
[2024-10-29T19:05:11.506+0000] {processor.py:186} INFO - Started process (PID=1483) to work on /home/airflow/.local/lib/python3.11/site-packages/airflow/example_dags/tutorial.py
[2024-10-29T19:05:11.507+0000] {processor.py:914} INFO - Processing file /home/airflow/.local/lib/python3.11/site-packages/airflow/example_dags/tutorial.py for tasks to queue
[2024-10-29T19:05:11.509+0000] {logging_mixin.py:190} INFO - [2024-10-29T19:05:11.509+0000] {dagbag.py:588} INFO - Filling up the DagBag from /home/airflow/.local/lib/python3.11/site-packages/airflow/example_dags/tutorial.py
[2024-10-29T19:05:11.517+0000] {processor.py:925} INFO - DAG(s) 'tutorial' retrieved from /home/airflow/.local/lib/python3.11/site-packages/airflow/example_dags/tutorial.py
[2024-10-29T19:05:11.532+0000] {logging_mixin.py:190} INFO - [2024-10-29T19:05:11.531+0000] {dag.py:3239} INFO - Sync 1 DAGs
[2024-10-29T19:05:11.544+0000] {logging_mixin.py:190} INFO - [2024-10-29T19:05:11.544+0000] {dag.py:4180} INFO - Setting next_dagrun for tutorial to 2024-10-28 00:00:00+00:00, run_after=2024-10-29 00:00:00+00:00
[2024-10-29T19:05:11.552+0000] {processor.py:208} INFO - Processing /home/airflow/.local/lib/python3.11/site-packages/airflow/example_dags/tutorial.py took 0.056 seconds
[2024-10-29T19:05:42.363+0000] {processor.py:186} INFO - Started process (PID=1546) to work on /home/airflow/.local/lib/python3.11/site-packages/airflow/example_dags/tutorial.py
[2024-10-29T19:05:42.398+0000] {processor.py:914} INFO - Processing file /home/airflow/.local/lib/python3.11/site-packages/airflow/example_dags/tutorial.py for tasks to queue
[2024-10-29T19:05:42.409+0000] {logging_mixin.py:190} INFO - [2024-10-29T19:05:42.407+0000] {dagbag.py:588} INFO - Filling up the DagBag from /home/airflow/.local/lib/python3.11/site-packages/airflow/example_dags/tutorial.py
[2024-10-29T19:05:42.486+0000] {processor.py:925} INFO - DAG(s) 'tutorial' retrieved from /home/airflow/.local/lib/python3.11/site-packages/airflow/example_dags/tutorial.py
[2024-10-29T19:05:42.552+0000] {logging_mixin.py:190} INFO - [2024-10-29T19:05:42.552+0000] {dag.py:3239} INFO - Sync 1 DAGs
[2024-10-29T19:05:42.605+0000] {logging_mixin.py:190} INFO - [2024-10-29T19:05:42.605+0000] {dag.py:4180} INFO - Setting next_dagrun for tutorial to 2024-10-28 00:00:00+00:00, run_after=2024-10-29 00:00:00+00:00
[2024-10-29T19:05:42.669+0000] {processor.py:208} INFO - Processing /home/airflow/.local/lib/python3.11/site-packages/airflow/example_dags/tutorial.py took 0.405 seconds
[2024-10-29T19:23:18.870+0000] {processor.py:186} INFO - Started process (PID=1647) to work on /home/airflow/.local/lib/python3.11/site-packages/airflow/example_dags/tutorial.py
[2024-10-29T19:23:18.870+0000] {processor.py:914} INFO - Processing file /home/airflow/.local/lib/python3.11/site-packages/airflow/example_dags/tutorial.py for tasks to queue
[2024-10-29T19:23:18.872+0000] {logging_mixin.py:190} INFO - [2024-10-29T19:23:18.871+0000] {dagbag.py:588} INFO - Filling up the DagBag from /home/airflow/.local/lib/python3.11/site-packages/airflow/example_dags/tutorial.py
[2024-10-29T19:23:18.877+0000] {processor.py:925} INFO - DAG(s) 'tutorial' retrieved from /home/airflow/.local/lib/python3.11/site-packages/airflow/example_dags/tutorial.py
[2024-10-29T19:23:18.887+0000] {logging_mixin.py:190} INFO - [2024-10-29T19:23:18.887+0000] {dag.py:3239} INFO - Sync 1 DAGs
[2024-10-29T19:23:18.897+0000] {logging_mixin.py:190} INFO - [2024-10-29T19:23:18.897+0000] {dag.py:4180} INFO - Setting next_dagrun for tutorial to 2024-10-28 00:00:00+00:00, run_after=2024-10-29 00:00:00+00:00
[2024-10-29T19:23:18.904+0000] {processor.py:208} INFO - Processing /home/airflow/.local/lib/python3.11/site-packages/airflow/example_dags/tutorial.py took 0.038 seconds
[2024-10-29T20:00:05.478+0000] {processor.py:186} INFO - Started process (PID=1710) to work on /home/airflow/.local/lib/python3.11/site-packages/airflow/example_dags/tutorial.py
[2024-10-29T20:00:05.479+0000] {processor.py:914} INFO - Processing file /home/airflow/.local/lib/python3.11/site-packages/airflow/example_dags/tutorial.py for tasks to queue
[2024-10-29T20:00:05.480+0000] {logging_mixin.py:190} INFO - [2024-10-29T20:00:05.480+0000] {dagbag.py:588} INFO - Filling up the DagBag from /home/airflow/.local/lib/python3.11/site-packages/airflow/example_dags/tutorial.py
[2024-10-29T20:00:05.485+0000] {processor.py:925} INFO - DAG(s) 'tutorial' retrieved from /home/airflow/.local/lib/python3.11/site-packages/airflow/example_dags/tutorial.py
[2024-10-29T20:00:05.497+0000] {logging_mixin.py:190} INFO - [2024-10-29T20:00:05.497+0000] {dag.py:3239} INFO - Sync 1 DAGs
[2024-10-29T20:00:05.510+0000] {logging_mixin.py:190} INFO - [2024-10-29T20:00:05.510+0000] {dag.py:4180} INFO - Setting next_dagrun for tutorial to 2024-10-28 00:00:00+00:00, run_after=2024-10-29 00:00:00+00:00
[2024-10-29T20:00:05.519+0000] {processor.py:208} INFO - Processing /home/airflow/.local/lib/python3.11/site-packages/airflow/example_dags/tutorial.py took 0.044 seconds
[2024-10-29T20:32:02.252+0000] {processor.py:186} INFO - Started process (PID=1773) to work on /home/airflow/.local/lib/python3.11/site-packages/airflow/example_dags/tutorial.py
[2024-10-29T20:32:02.253+0000] {processor.py:914} INFO - Processing file /home/airflow/.local/lib/python3.11/site-packages/airflow/example_dags/tutorial.py for tasks to queue
[2024-10-29T20:32:02.255+0000] {logging_mixin.py:190} INFO - [2024-10-29T20:32:02.255+0000] {dagbag.py:588} INFO - Filling up the DagBag from /home/airflow/.local/lib/python3.11/site-packages/airflow/example_dags/tutorial.py
[2024-10-29T20:32:02.260+0000] {processor.py:925} INFO - DAG(s) 'tutorial' retrieved from /home/airflow/.local/lib/python3.11/site-packages/airflow/example_dags/tutorial.py
[2024-10-29T20:32:02.271+0000] {logging_mixin.py:190} INFO - [2024-10-29T20:32:02.271+0000] {dag.py:3239} INFO - Sync 1 DAGs
[2024-10-29T20:32:02.293+0000] {logging_mixin.py:190} INFO - [2024-10-29T20:32:02.293+0000] {dag.py:4180} INFO - Setting next_dagrun for tutorial to 2024-10-28 00:00:00+00:00, run_after=2024-10-29 00:00:00+00:00
[2024-10-29T20:32:02.301+0000] {processor.py:208} INFO - Processing /home/airflow/.local/lib/python3.11/site-packages/airflow/example_dags/tutorial.py took 0.052 seconds
[2024-10-29T20:59:00.769+0000] {processor.py:186} INFO - Started process (PID=1836) to work on /home/airflow/.local/lib/python3.11/site-packages/airflow/example_dags/tutorial.py
[2024-10-29T20:59:00.771+0000] {processor.py:914} INFO - Processing file /home/airflow/.local/lib/python3.11/site-packages/airflow/example_dags/tutorial.py for tasks to queue
[2024-10-29T20:59:00.773+0000] {logging_mixin.py:190} INFO - [2024-10-29T20:59:00.773+0000] {dagbag.py:588} INFO - Filling up the DagBag from /home/airflow/.local/lib/python3.11/site-packages/airflow/example_dags/tutorial.py
[2024-10-29T20:59:00.777+0000] {processor.py:925} INFO - DAG(s) 'tutorial' retrieved from /home/airflow/.local/lib/python3.11/site-packages/airflow/example_dags/tutorial.py
[2024-10-29T20:59:00.800+0000] {logging_mixin.py:190} INFO - [2024-10-29T20:59:00.800+0000] {dag.py:3239} INFO - Sync 1 DAGs
[2024-10-29T20:59:00.817+0000] {logging_mixin.py:190} INFO - [2024-10-29T20:59:00.817+0000] {dag.py:4180} INFO - Setting next_dagrun for tutorial to 2024-10-28 00:00:00+00:00, run_after=2024-10-29 00:00:00+00:00
[2024-10-29T20:59:00.826+0000] {processor.py:208} INFO - Processing /home/airflow/.local/lib/python3.11/site-packages/airflow/example_dags/tutorial.py took 0.061 seconds
[2024-10-29T21:40:54.475+0000] {processor.py:186} INFO - Started process (PID=1899) to work on /home/airflow/.local/lib/python3.11/site-packages/airflow/example_dags/tutorial.py
[2024-10-29T21:40:54.476+0000] {processor.py:914} INFO - Processing file /home/airflow/.local/lib/python3.11/site-packages/airflow/example_dags/tutorial.py for tasks to queue
[2024-10-29T21:40:54.477+0000] {logging_mixin.py:190} INFO - [2024-10-29T21:40:54.477+0000] {dagbag.py:588} INFO - Filling up the DagBag from /home/airflow/.local/lib/python3.11/site-packages/airflow/example_dags/tutorial.py
[2024-10-29T21:40:54.483+0000] {processor.py:925} INFO - DAG(s) 'tutorial' retrieved from /home/airflow/.local/lib/python3.11/site-packages/airflow/example_dags/tutorial.py
[2024-10-29T21:40:54.493+0000] {logging_mixin.py:190} INFO - [2024-10-29T21:40:54.492+0000] {dag.py:3239} INFO - Sync 1 DAGs
[2024-10-29T21:40:54.504+0000] {logging_mixin.py:190} INFO - [2024-10-29T21:40:54.504+0000] {dag.py:4180} INFO - Setting next_dagrun for tutorial to 2024-10-28 00:00:00+00:00, run_after=2024-10-29 00:00:00+00:00
[2024-10-29T21:40:54.513+0000] {processor.py:208} INFO - Processing /home/airflow/.local/lib/python3.11/site-packages/airflow/example_dags/tutorial.py took 0.043 seconds
[2024-10-29T22:49:28.937+0000] {processor.py:186} INFO - Started process (PID=1962) to work on /home/airflow/.local/lib/python3.11/site-packages/airflow/example_dags/tutorial.py
[2024-10-29T22:49:28.938+0000] {processor.py:914} INFO - Processing file /home/airflow/.local/lib/python3.11/site-packages/airflow/example_dags/tutorial.py for tasks to queue
[2024-10-29T22:49:28.939+0000] {logging_mixin.py:190} INFO - [2024-10-29T22:49:28.939+0000] {dagbag.py:588} INFO - Filling up the DagBag from /home/airflow/.local/lib/python3.11/site-packages/airflow/example_dags/tutorial.py
[2024-10-29T22:49:28.943+0000] {processor.py:925} INFO - DAG(s) 'tutorial' retrieved from /home/airflow/.local/lib/python3.11/site-packages/airflow/example_dags/tutorial.py
[2024-10-29T22:49:28.953+0000] {logging_mixin.py:190} INFO - [2024-10-29T22:49:28.953+0000] {dag.py:3239} INFO - Sync 1 DAGs
[2024-10-29T22:49:28.964+0000] {logging_mixin.py:190} INFO - [2024-10-29T22:49:28.964+0000] {dag.py:4180} INFO - Setting next_dagrun for tutorial to 2024-10-28 00:00:00+00:00, run_after=2024-10-29 00:00:00+00:00
[2024-10-29T22:49:28.972+0000] {processor.py:208} INFO - Processing /home/airflow/.local/lib/python3.11/site-packages/airflow/example_dags/tutorial.py took 0.037 seconds
[2024-10-29T23:03:29.484+0000] {processor.py:186} INFO - Started process (PID=2025) to work on /home/airflow/.local/lib/python3.11/site-packages/airflow/example_dags/tutorial.py
[2024-10-29T23:03:29.485+0000] {processor.py:914} INFO - Processing file /home/airflow/.local/lib/python3.11/site-packages/airflow/example_dags/tutorial.py for tasks to queue
[2024-10-29T23:03:29.486+0000] {logging_mixin.py:190} INFO - [2024-10-29T23:03:29.486+0000] {dagbag.py:588} INFO - Filling up the DagBag from /home/airflow/.local/lib/python3.11/site-packages/airflow/example_dags/tutorial.py
[2024-10-29T23:03:29.492+0000] {processor.py:925} INFO - DAG(s) 'tutorial' retrieved from /home/airflow/.local/lib/python3.11/site-packages/airflow/example_dags/tutorial.py
[2024-10-29T23:03:29.505+0000] {logging_mixin.py:190} INFO - [2024-10-29T23:03:29.504+0000] {dag.py:3239} INFO - Sync 1 DAGs
[2024-10-29T23:03:29.518+0000] {logging_mixin.py:190} INFO - [2024-10-29T23:03:29.518+0000] {dag.py:4180} INFO - Setting next_dagrun for tutorial to 2024-10-28 00:00:00+00:00, run_after=2024-10-29 00:00:00+00:00
[2024-10-29T23:03:29.527+0000] {processor.py:208} INFO - Processing /home/airflow/.local/lib/python3.11/site-packages/airflow/example_dags/tutorial.py took 0.047 seconds
