[2024-10-29T00:50:13.321+0000] {processor.py:186} INFO - Started process (PID=47613) to work on /home/airflow/.local/lib/python3.11/site-packages/airflow/example_dags/tutorial_dag.py
[2024-10-29T00:50:13.322+0000] {processor.py:914} INFO - Processing file /home/airflow/.local/lib/python3.11/site-packages/airflow/example_dags/tutorial_dag.py for tasks to queue
[2024-10-29T00:50:13.323+0000] {logging_mixin.py:190} INFO - [2024-10-29T00:50:13.323+0000] {dagbag.py:588} INFO - Filling up the DagBag from /home/airflow/.local/lib/python3.11/site-packages/airflow/example_dags/tutorial_dag.py
[2024-10-29T00:50:13.328+0000] {processor.py:925} INFO - DAG(s) 'tutorial_dag' retrieved from /home/airflow/.local/lib/python3.11/site-packages/airflow/example_dags/tutorial_dag.py
[2024-10-29T00:50:13.354+0000] {logging_mixin.py:190} INFO - [2024-10-29T00:50:13.353+0000] {dag.py:3239} INFO - Sync 1 DAGs
[2024-10-29T00:50:13.364+0000] {logging_mixin.py:190} INFO - [2024-10-29T00:50:13.364+0000] {dag.py:4180} INFO - Setting next_dagrun for tutorial_dag to None, run_after=None
[2024-10-29T00:50:13.376+0000] {processor.py:208} INFO - Processing /home/airflow/.local/lib/python3.11/site-packages/airflow/example_dags/tutorial_dag.py took 0.058 seconds
[2024-10-29T02:13:53.271+0000] {processor.py:186} INFO - Started process (PID=47676) to work on /home/airflow/.local/lib/python3.11/site-packages/airflow/example_dags/tutorial_dag.py
[2024-10-29T02:13:53.272+0000] {processor.py:914} INFO - Processing file /home/airflow/.local/lib/python3.11/site-packages/airflow/example_dags/tutorial_dag.py for tasks to queue
[2024-10-29T02:13:53.273+0000] {logging_mixin.py:190} INFO - [2024-10-29T02:13:53.273+0000] {dagbag.py:588} INFO - Filling up the DagBag from /home/airflow/.local/lib/python3.11/site-packages/airflow/example_dags/tutorial_dag.py
[2024-10-29T02:13:53.277+0000] {processor.py:925} INFO - DAG(s) 'tutorial_dag' retrieved from /home/airflow/.local/lib/python3.11/site-packages/airflow/example_dags/tutorial_dag.py
[2024-10-29T02:13:53.287+0000] {logging_mixin.py:190} INFO - [2024-10-29T02:13:53.287+0000] {dag.py:3239} INFO - Sync 1 DAGs
[2024-10-29T02:13:53.293+0000] {logging_mixin.py:190} INFO - [2024-10-29T02:13:53.293+0000] {dag.py:4180} INFO - Setting next_dagrun for tutorial_dag to None, run_after=None
[2024-10-29T02:13:53.301+0000] {processor.py:208} INFO - Processing /home/airflow/.local/lib/python3.11/site-packages/airflow/example_dags/tutorial_dag.py took 0.034 seconds
[2024-10-29T02:45:22.318+0000] {processor.py:186} INFO - Started process (PID=47739) to work on /home/airflow/.local/lib/python3.11/site-packages/airflow/example_dags/tutorial_dag.py
[2024-10-29T02:45:22.318+0000] {processor.py:914} INFO - Processing file /home/airflow/.local/lib/python3.11/site-packages/airflow/example_dags/tutorial_dag.py for tasks to queue
[2024-10-29T02:45:22.320+0000] {logging_mixin.py:190} INFO - [2024-10-29T02:45:22.320+0000] {dagbag.py:588} INFO - Filling up the DagBag from /home/airflow/.local/lib/python3.11/site-packages/airflow/example_dags/tutorial_dag.py
[2024-10-29T02:45:22.324+0000] {processor.py:925} INFO - DAG(s) 'tutorial_dag' retrieved from /home/airflow/.local/lib/python3.11/site-packages/airflow/example_dags/tutorial_dag.py
[2024-10-29T02:45:22.336+0000] {logging_mixin.py:190} INFO - [2024-10-29T02:45:22.335+0000] {dag.py:3239} INFO - Sync 1 DAGs
[2024-10-29T02:45:22.343+0000] {logging_mixin.py:190} INFO - [2024-10-29T02:45:22.343+0000] {dag.py:4180} INFO - Setting next_dagrun for tutorial_dag to None, run_after=None
[2024-10-29T02:45:22.351+0000] {processor.py:208} INFO - Processing /home/airflow/.local/lib/python3.11/site-packages/airflow/example_dags/tutorial_dag.py took 0.038 seconds
[2024-10-29T03:18:12.424+0000] {processor.py:186} INFO - Started process (PID=47802) to work on /home/airflow/.local/lib/python3.11/site-packages/airflow/example_dags/tutorial_dag.py
[2024-10-29T03:18:12.425+0000] {processor.py:914} INFO - Processing file /home/airflow/.local/lib/python3.11/site-packages/airflow/example_dags/tutorial_dag.py for tasks to queue
[2024-10-29T03:18:12.427+0000] {logging_mixin.py:190} INFO - [2024-10-29T03:18:12.427+0000] {dagbag.py:588} INFO - Filling up the DagBag from /home/airflow/.local/lib/python3.11/site-packages/airflow/example_dags/tutorial_dag.py
[2024-10-29T03:18:12.434+0000] {processor.py:925} INFO - DAG(s) 'tutorial_dag' retrieved from /home/airflow/.local/lib/python3.11/site-packages/airflow/example_dags/tutorial_dag.py
[2024-10-29T03:18:12.459+0000] {logging_mixin.py:190} INFO - [2024-10-29T03:18:12.458+0000] {dag.py:3239} INFO - Sync 1 DAGs
[2024-10-29T03:18:12.537+0000] {logging_mixin.py:190} INFO - [2024-10-29T03:18:12.537+0000] {dag.py:4180} INFO - Setting next_dagrun for tutorial_dag to None, run_after=None
[2024-10-29T03:18:12.604+0000] {processor.py:208} INFO - Processing /home/airflow/.local/lib/python3.11/site-packages/airflow/example_dags/tutorial_dag.py took 0.184 seconds
[2024-10-29T03:45:35.831+0000] {processor.py:186} INFO - Started process (PID=47865) to work on /home/airflow/.local/lib/python3.11/site-packages/airflow/example_dags/tutorial_dag.py
[2024-10-29T03:45:35.832+0000] {processor.py:914} INFO - Processing file /home/airflow/.local/lib/python3.11/site-packages/airflow/example_dags/tutorial_dag.py for tasks to queue
[2024-10-29T03:45:35.833+0000] {logging_mixin.py:190} INFO - [2024-10-29T03:45:35.833+0000] {dagbag.py:588} INFO - Filling up the DagBag from /home/airflow/.local/lib/python3.11/site-packages/airflow/example_dags/tutorial_dag.py
[2024-10-29T03:45:35.837+0000] {processor.py:925} INFO - DAG(s) 'tutorial_dag' retrieved from /home/airflow/.local/lib/python3.11/site-packages/airflow/example_dags/tutorial_dag.py
[2024-10-29T03:45:35.847+0000] {logging_mixin.py:190} INFO - [2024-10-29T03:45:35.846+0000] {dag.py:3239} INFO - Sync 1 DAGs
[2024-10-29T03:45:35.855+0000] {logging_mixin.py:190} INFO - [2024-10-29T03:45:35.855+0000] {dag.py:4180} INFO - Setting next_dagrun for tutorial_dag to None, run_after=None
[2024-10-29T03:45:35.863+0000] {processor.py:208} INFO - Processing /home/airflow/.local/lib/python3.11/site-packages/airflow/example_dags/tutorial_dag.py took 0.036 seconds
[2024-10-29T04:34:58.377+0000] {processor.py:186} INFO - Started process (PID=47927) to work on /home/airflow/.local/lib/python3.11/site-packages/airflow/example_dags/tutorial_dag.py
[2024-10-29T04:34:58.378+0000] {processor.py:914} INFO - Processing file /home/airflow/.local/lib/python3.11/site-packages/airflow/example_dags/tutorial_dag.py for tasks to queue
[2024-10-29T04:34:58.379+0000] {logging_mixin.py:190} INFO - [2024-10-29T04:34:58.379+0000] {dagbag.py:588} INFO - Filling up the DagBag from /home/airflow/.local/lib/python3.11/site-packages/airflow/example_dags/tutorial_dag.py
[2024-10-29T04:34:58.384+0000] {processor.py:925} INFO - DAG(s) 'tutorial_dag' retrieved from /home/airflow/.local/lib/python3.11/site-packages/airflow/example_dags/tutorial_dag.py
[2024-10-29T04:34:58.395+0000] {logging_mixin.py:190} INFO - [2024-10-29T04:34:58.395+0000] {dag.py:3239} INFO - Sync 1 DAGs
[2024-10-29T04:34:58.403+0000] {logging_mixin.py:190} INFO - [2024-10-29T04:34:58.403+0000] {dag.py:4180} INFO - Setting next_dagrun for tutorial_dag to None, run_after=None
[2024-10-29T04:34:58.412+0000] {processor.py:208} INFO - Processing /home/airflow/.local/lib/python3.11/site-packages/airflow/example_dags/tutorial_dag.py took 0.040 seconds
[2024-10-29T04:59:48.555+0000] {processor.py:186} INFO - Started process (PID=47984) to work on /home/airflow/.local/lib/python3.11/site-packages/airflow/example_dags/tutorial_dag.py
[2024-10-29T04:59:48.557+0000] {processor.py:914} INFO - Processing file /home/airflow/.local/lib/python3.11/site-packages/airflow/example_dags/tutorial_dag.py for tasks to queue
[2024-10-29T04:59:48.559+0000] {logging_mixin.py:190} INFO - [2024-10-29T04:59:48.559+0000] {dagbag.py:588} INFO - Filling up the DagBag from /home/airflow/.local/lib/python3.11/site-packages/airflow/example_dags/tutorial_dag.py
[2024-10-29T04:59:48.564+0000] {processor.py:925} INFO - DAG(s) 'tutorial_dag' retrieved from /home/airflow/.local/lib/python3.11/site-packages/airflow/example_dags/tutorial_dag.py
[2024-10-29T04:59:48.575+0000] {logging_mixin.py:190} INFO - [2024-10-29T04:59:48.575+0000] {dag.py:3239} INFO - Sync 1 DAGs
[2024-10-29T04:59:48.583+0000] {logging_mixin.py:190} INFO - [2024-10-29T04:59:48.583+0000] {dag.py:4180} INFO - Setting next_dagrun for tutorial_dag to None, run_after=None
[2024-10-29T04:59:48.591+0000] {processor.py:208} INFO - Processing /home/airflow/.local/lib/python3.11/site-packages/airflow/example_dags/tutorial_dag.py took 0.042 seconds
[2024-10-29T05:52:12.991+0000] {processor.py:186} INFO - Started process (PID=48052) to work on /home/airflow/.local/lib/python3.11/site-packages/airflow/example_dags/tutorial_dag.py
[2024-10-29T05:52:12.992+0000] {processor.py:914} INFO - Processing file /home/airflow/.local/lib/python3.11/site-packages/airflow/example_dags/tutorial_dag.py for tasks to queue
[2024-10-29T05:52:12.993+0000] {logging_mixin.py:190} INFO - [2024-10-29T05:52:12.993+0000] {dagbag.py:588} INFO - Filling up the DagBag from /home/airflow/.local/lib/python3.11/site-packages/airflow/example_dags/tutorial_dag.py
[2024-10-29T05:52:12.997+0000] {processor.py:925} INFO - DAG(s) 'tutorial_dag' retrieved from /home/airflow/.local/lib/python3.11/site-packages/airflow/example_dags/tutorial_dag.py
[2024-10-29T05:52:13.007+0000] {logging_mixin.py:190} INFO - [2024-10-29T05:52:13.007+0000] {dag.py:3239} INFO - Sync 1 DAGs
[2024-10-29T05:52:13.013+0000] {logging_mixin.py:190} INFO - [2024-10-29T05:52:13.013+0000] {dag.py:4180} INFO - Setting next_dagrun for tutorial_dag to None, run_after=None
[2024-10-29T05:52:13.021+0000] {processor.py:208} INFO - Processing /home/airflow/.local/lib/python3.11/site-packages/airflow/example_dags/tutorial_dag.py took 0.033 seconds
[2024-10-29T06:30:59.768+0000] {processor.py:186} INFO - Started process (PID=48109) to work on /home/airflow/.local/lib/python3.11/site-packages/airflow/example_dags/tutorial_dag.py
[2024-10-29T06:30:59.769+0000] {processor.py:914} INFO - Processing file /home/airflow/.local/lib/python3.11/site-packages/airflow/example_dags/tutorial_dag.py for tasks to queue
[2024-10-29T06:30:59.771+0000] {logging_mixin.py:190} INFO - [2024-10-29T06:30:59.771+0000] {dagbag.py:588} INFO - Filling up the DagBag from /home/airflow/.local/lib/python3.11/site-packages/airflow/example_dags/tutorial_dag.py
[2024-10-29T06:30:59.780+0000] {processor.py:925} INFO - DAG(s) 'tutorial_dag' retrieved from /home/airflow/.local/lib/python3.11/site-packages/airflow/example_dags/tutorial_dag.py
[2024-10-29T06:30:59.797+0000] {logging_mixin.py:190} INFO - [2024-10-29T06:30:59.796+0000] {dag.py:3239} INFO - Sync 1 DAGs
[2024-10-29T06:30:59.806+0000] {logging_mixin.py:190} INFO - [2024-10-29T06:30:59.805+0000] {dag.py:4180} INFO - Setting next_dagrun for tutorial_dag to None, run_after=None
[2024-10-29T06:30:59.816+0000] {processor.py:208} INFO - Processing /home/airflow/.local/lib/python3.11/site-packages/airflow/example_dags/tutorial_dag.py took 0.051 seconds
[2024-10-29T07:19:57.367+0000] {processor.py:186} INFO - Started process (PID=48177) to work on /home/airflow/.local/lib/python3.11/site-packages/airflow/example_dags/tutorial_dag.py
[2024-10-29T07:19:57.369+0000] {processor.py:914} INFO - Processing file /home/airflow/.local/lib/python3.11/site-packages/airflow/example_dags/tutorial_dag.py for tasks to queue
[2024-10-29T07:19:57.371+0000] {logging_mixin.py:190} INFO - [2024-10-29T07:19:57.370+0000] {dagbag.py:588} INFO - Filling up the DagBag from /home/airflow/.local/lib/python3.11/site-packages/airflow/example_dags/tutorial_dag.py
[2024-10-29T07:19:57.375+0000] {processor.py:925} INFO - DAG(s) 'tutorial_dag' retrieved from /home/airflow/.local/lib/python3.11/site-packages/airflow/example_dags/tutorial_dag.py
[2024-10-29T07:19:57.390+0000] {logging_mixin.py:190} INFO - [2024-10-29T07:19:57.389+0000] {dag.py:3239} INFO - Sync 1 DAGs
[2024-10-29T07:19:57.397+0000] {logging_mixin.py:190} INFO - [2024-10-29T07:19:57.397+0000] {dag.py:4180} INFO - Setting next_dagrun for tutorial_dag to None, run_after=None
[2024-10-29T07:19:57.406+0000] {processor.py:208} INFO - Processing /home/airflow/.local/lib/python3.11/site-packages/airflow/example_dags/tutorial_dag.py took 0.043 seconds
[2024-10-29T07:59:18.893+0000] {processor.py:186} INFO - Started process (PID=48240) to work on /home/airflow/.local/lib/python3.11/site-packages/airflow/example_dags/tutorial_dag.py
[2024-10-29T07:59:18.895+0000] {processor.py:914} INFO - Processing file /home/airflow/.local/lib/python3.11/site-packages/airflow/example_dags/tutorial_dag.py for tasks to queue
[2024-10-29T07:59:18.897+0000] {logging_mixin.py:190} INFO - [2024-10-29T07:59:18.896+0000] {dagbag.py:588} INFO - Filling up the DagBag from /home/airflow/.local/lib/python3.11/site-packages/airflow/example_dags/tutorial_dag.py
[2024-10-29T07:59:18.901+0000] {processor.py:925} INFO - DAG(s) 'tutorial_dag' retrieved from /home/airflow/.local/lib/python3.11/site-packages/airflow/example_dags/tutorial_dag.py
[2024-10-29T07:59:18.913+0000] {logging_mixin.py:190} INFO - [2024-10-29T07:59:18.912+0000] {dag.py:3239} INFO - Sync 1 DAGs
[2024-10-29T07:59:18.920+0000] {logging_mixin.py:190} INFO - [2024-10-29T07:59:18.920+0000] {dag.py:4180} INFO - Setting next_dagrun for tutorial_dag to None, run_after=None
[2024-10-29T07:59:18.928+0000] {processor.py:208} INFO - Processing /home/airflow/.local/lib/python3.11/site-packages/airflow/example_dags/tutorial_dag.py took 0.039 seconds
[2024-10-29T07:59:49.451+0000] {processor.py:186} INFO - Started process (PID=48304) to work on /home/airflow/.local/lib/python3.11/site-packages/airflow/example_dags/tutorial_dag.py
[2024-10-29T07:59:49.452+0000] {processor.py:914} INFO - Processing file /home/airflow/.local/lib/python3.11/site-packages/airflow/example_dags/tutorial_dag.py for tasks to queue
[2024-10-29T07:59:49.454+0000] {logging_mixin.py:190} INFO - [2024-10-29T07:59:49.454+0000] {dagbag.py:588} INFO - Filling up the DagBag from /home/airflow/.local/lib/python3.11/site-packages/airflow/example_dags/tutorial_dag.py
[2024-10-29T07:59:49.461+0000] {processor.py:925} INFO - DAG(s) 'tutorial_dag' retrieved from /home/airflow/.local/lib/python3.11/site-packages/airflow/example_dags/tutorial_dag.py
[2024-10-29T07:59:49.475+0000] {logging_mixin.py:190} INFO - [2024-10-29T07:59:49.475+0000] {dag.py:3239} INFO - Sync 1 DAGs
[2024-10-29T07:59:49.484+0000] {logging_mixin.py:190} INFO - [2024-10-29T07:59:49.483+0000] {dag.py:4180} INFO - Setting next_dagrun for tutorial_dag to None, run_after=None
[2024-10-29T07:59:49.494+0000] {processor.py:208} INFO - Processing /home/airflow/.local/lib/python3.11/site-packages/airflow/example_dags/tutorial_dag.py took 0.048 seconds
[2024-10-29T08:00:19.808+0000] {processor.py:186} INFO - Started process (PID=48367) to work on /home/airflow/.local/lib/python3.11/site-packages/airflow/example_dags/tutorial_dag.py
[2024-10-29T08:00:19.808+0000] {processor.py:914} INFO - Processing file /home/airflow/.local/lib/python3.11/site-packages/airflow/example_dags/tutorial_dag.py for tasks to queue
[2024-10-29T08:00:19.810+0000] {logging_mixin.py:190} INFO - [2024-10-29T08:00:19.810+0000] {dagbag.py:588} INFO - Filling up the DagBag from /home/airflow/.local/lib/python3.11/site-packages/airflow/example_dags/tutorial_dag.py
[2024-10-29T08:00:19.814+0000] {processor.py:925} INFO - DAG(s) 'tutorial_dag' retrieved from /home/airflow/.local/lib/python3.11/site-packages/airflow/example_dags/tutorial_dag.py
[2024-10-29T08:00:19.824+0000] {logging_mixin.py:190} INFO - [2024-10-29T08:00:19.824+0000] {dag.py:3239} INFO - Sync 1 DAGs
[2024-10-29T08:00:19.831+0000] {logging_mixin.py:190} INFO - [2024-10-29T08:00:19.831+0000] {dag.py:4180} INFO - Setting next_dagrun for tutorial_dag to None, run_after=None
[2024-10-29T08:00:19.840+0000] {processor.py:208} INFO - Processing /home/airflow/.local/lib/python3.11/site-packages/airflow/example_dags/tutorial_dag.py took 0.036 seconds
[2024-10-29T08:00:50.111+0000] {processor.py:186} INFO - Started process (PID=48430) to work on /home/airflow/.local/lib/python3.11/site-packages/airflow/example_dags/tutorial_dag.py
[2024-10-29T08:00:50.112+0000] {processor.py:914} INFO - Processing file /home/airflow/.local/lib/python3.11/site-packages/airflow/example_dags/tutorial_dag.py for tasks to queue
[2024-10-29T08:00:50.113+0000] {logging_mixin.py:190} INFO - [2024-10-29T08:00:50.113+0000] {dagbag.py:588} INFO - Filling up the DagBag from /home/airflow/.local/lib/python3.11/site-packages/airflow/example_dags/tutorial_dag.py
[2024-10-29T08:00:50.119+0000] {processor.py:925} INFO - DAG(s) 'tutorial_dag' retrieved from /home/airflow/.local/lib/python3.11/site-packages/airflow/example_dags/tutorial_dag.py
[2024-10-29T08:00:50.129+0000] {logging_mixin.py:190} INFO - [2024-10-29T08:00:50.129+0000] {dag.py:3239} INFO - Sync 1 DAGs
[2024-10-29T08:00:50.137+0000] {logging_mixin.py:190} INFO - [2024-10-29T08:00:50.137+0000] {dag.py:4180} INFO - Setting next_dagrun for tutorial_dag to None, run_after=None
[2024-10-29T08:00:50.146+0000] {processor.py:208} INFO - Processing /home/airflow/.local/lib/python3.11/site-packages/airflow/example_dags/tutorial_dag.py took 0.040 seconds
[2024-10-29T08:01:20.664+0000] {processor.py:186} INFO - Started process (PID=48493) to work on /home/airflow/.local/lib/python3.11/site-packages/airflow/example_dags/tutorial_dag.py
[2024-10-29T08:01:20.665+0000] {processor.py:914} INFO - Processing file /home/airflow/.local/lib/python3.11/site-packages/airflow/example_dags/tutorial_dag.py for tasks to queue
[2024-10-29T08:01:20.667+0000] {logging_mixin.py:190} INFO - [2024-10-29T08:01:20.667+0000] {dagbag.py:588} INFO - Filling up the DagBag from /home/airflow/.local/lib/python3.11/site-packages/airflow/example_dags/tutorial_dag.py
[2024-10-29T08:01:20.673+0000] {processor.py:925} INFO - DAG(s) 'tutorial_dag' retrieved from /home/airflow/.local/lib/python3.11/site-packages/airflow/example_dags/tutorial_dag.py
[2024-10-29T08:01:20.685+0000] {logging_mixin.py:190} INFO - [2024-10-29T08:01:20.685+0000] {dag.py:3239} INFO - Sync 1 DAGs
[2024-10-29T08:01:20.693+0000] {logging_mixin.py:190} INFO - [2024-10-29T08:01:20.693+0000] {dag.py:4180} INFO - Setting next_dagrun for tutorial_dag to None, run_after=None
[2024-10-29T08:01:20.704+0000] {processor.py:208} INFO - Processing /home/airflow/.local/lib/python3.11/site-packages/airflow/example_dags/tutorial_dag.py took 0.046 seconds
[2024-10-29T08:01:51.460+0000] {processor.py:186} INFO - Started process (PID=48556) to work on /home/airflow/.local/lib/python3.11/site-packages/airflow/example_dags/tutorial_dag.py
[2024-10-29T08:01:51.461+0000] {processor.py:914} INFO - Processing file /home/airflow/.local/lib/python3.11/site-packages/airflow/example_dags/tutorial_dag.py for tasks to queue
[2024-10-29T08:01:51.463+0000] {logging_mixin.py:190} INFO - [2024-10-29T08:01:51.463+0000] {dagbag.py:588} INFO - Filling up the DagBag from /home/airflow/.local/lib/python3.11/site-packages/airflow/example_dags/tutorial_dag.py
[2024-10-29T08:01:51.468+0000] {processor.py:925} INFO - DAG(s) 'tutorial_dag' retrieved from /home/airflow/.local/lib/python3.11/site-packages/airflow/example_dags/tutorial_dag.py
[2024-10-29T08:01:51.480+0000] {logging_mixin.py:190} INFO - [2024-10-29T08:01:51.480+0000] {dag.py:3239} INFO - Sync 1 DAGs
[2024-10-29T08:01:51.487+0000] {logging_mixin.py:190} INFO - [2024-10-29T08:01:51.487+0000] {dag.py:4180} INFO - Setting next_dagrun for tutorial_dag to None, run_after=None
[2024-10-29T08:01:51.497+0000] {processor.py:208} INFO - Processing /home/airflow/.local/lib/python3.11/site-packages/airflow/example_dags/tutorial_dag.py took 0.040 seconds
[2024-10-29T08:02:22.330+0000] {processor.py:186} INFO - Started process (PID=48619) to work on /home/airflow/.local/lib/python3.11/site-packages/airflow/example_dags/tutorial_dag.py
[2024-10-29T08:02:22.331+0000] {processor.py:914} INFO - Processing file /home/airflow/.local/lib/python3.11/site-packages/airflow/example_dags/tutorial_dag.py for tasks to queue
[2024-10-29T08:02:22.332+0000] {logging_mixin.py:190} INFO - [2024-10-29T08:02:22.332+0000] {dagbag.py:588} INFO - Filling up the DagBag from /home/airflow/.local/lib/python3.11/site-packages/airflow/example_dags/tutorial_dag.py
[2024-10-29T08:02:22.337+0000] {processor.py:925} INFO - DAG(s) 'tutorial_dag' retrieved from /home/airflow/.local/lib/python3.11/site-packages/airflow/example_dags/tutorial_dag.py
[2024-10-29T08:02:22.347+0000] {logging_mixin.py:190} INFO - [2024-10-29T08:02:22.347+0000] {dag.py:3239} INFO - Sync 1 DAGs
[2024-10-29T08:02:22.354+0000] {logging_mixin.py:190} INFO - [2024-10-29T08:02:22.354+0000] {dag.py:4180} INFO - Setting next_dagrun for tutorial_dag to None, run_after=None
[2024-10-29T08:02:22.363+0000] {processor.py:208} INFO - Processing /home/airflow/.local/lib/python3.11/site-packages/airflow/example_dags/tutorial_dag.py took 0.036 seconds
[2024-10-29T08:02:53.105+0000] {processor.py:186} INFO - Started process (PID=48682) to work on /home/airflow/.local/lib/python3.11/site-packages/airflow/example_dags/tutorial_dag.py
[2024-10-29T08:02:53.106+0000] {processor.py:914} INFO - Processing file /home/airflow/.local/lib/python3.11/site-packages/airflow/example_dags/tutorial_dag.py for tasks to queue
[2024-10-29T08:02:53.107+0000] {logging_mixin.py:190} INFO - [2024-10-29T08:02:53.107+0000] {dagbag.py:588} INFO - Filling up the DagBag from /home/airflow/.local/lib/python3.11/site-packages/airflow/example_dags/tutorial_dag.py
[2024-10-29T08:02:53.112+0000] {processor.py:925} INFO - DAG(s) 'tutorial_dag' retrieved from /home/airflow/.local/lib/python3.11/site-packages/airflow/example_dags/tutorial_dag.py
[2024-10-29T08:02:53.122+0000] {logging_mixin.py:190} INFO - [2024-10-29T08:02:53.122+0000] {dag.py:3239} INFO - Sync 1 DAGs
[2024-10-29T08:02:53.129+0000] {logging_mixin.py:190} INFO - [2024-10-29T08:02:53.129+0000] {dag.py:4180} INFO - Setting next_dagrun for tutorial_dag to None, run_after=None
[2024-10-29T08:02:53.137+0000] {processor.py:208} INFO - Processing /home/airflow/.local/lib/python3.11/site-packages/airflow/example_dags/tutorial_dag.py took 0.035 seconds
[2024-10-29T08:03:23.564+0000] {processor.py:186} INFO - Started process (PID=48745) to work on /home/airflow/.local/lib/python3.11/site-packages/airflow/example_dags/tutorial_dag.py
[2024-10-29T08:03:23.565+0000] {processor.py:914} INFO - Processing file /home/airflow/.local/lib/python3.11/site-packages/airflow/example_dags/tutorial_dag.py for tasks to queue
[2024-10-29T08:03:23.567+0000] {logging_mixin.py:190} INFO - [2024-10-29T08:03:23.566+0000] {dagbag.py:588} INFO - Filling up the DagBag from /home/airflow/.local/lib/python3.11/site-packages/airflow/example_dags/tutorial_dag.py
[2024-10-29T08:03:23.571+0000] {processor.py:925} INFO - DAG(s) 'tutorial_dag' retrieved from /home/airflow/.local/lib/python3.11/site-packages/airflow/example_dags/tutorial_dag.py
[2024-10-29T08:03:23.581+0000] {logging_mixin.py:190} INFO - [2024-10-29T08:03:23.581+0000] {dag.py:3239} INFO - Sync 1 DAGs
[2024-10-29T08:03:23.588+0000] {logging_mixin.py:190} INFO - [2024-10-29T08:03:23.588+0000] {dag.py:4180} INFO - Setting next_dagrun for tutorial_dag to None, run_after=None
[2024-10-29T08:03:23.596+0000] {processor.py:208} INFO - Processing /home/airflow/.local/lib/python3.11/site-packages/airflow/example_dags/tutorial_dag.py took 0.035 seconds
[2024-10-29T08:03:53.909+0000] {processor.py:186} INFO - Started process (PID=48808) to work on /home/airflow/.local/lib/python3.11/site-packages/airflow/example_dags/tutorial_dag.py
[2024-10-29T08:03:53.909+0000] {processor.py:914} INFO - Processing file /home/airflow/.local/lib/python3.11/site-packages/airflow/example_dags/tutorial_dag.py for tasks to queue
[2024-10-29T08:03:53.911+0000] {logging_mixin.py:190} INFO - [2024-10-29T08:03:53.911+0000] {dagbag.py:588} INFO - Filling up the DagBag from /home/airflow/.local/lib/python3.11/site-packages/airflow/example_dags/tutorial_dag.py
[2024-10-29T08:03:53.919+0000] {processor.py:925} INFO - DAG(s) 'tutorial_dag' retrieved from /home/airflow/.local/lib/python3.11/site-packages/airflow/example_dags/tutorial_dag.py
[2024-10-29T08:03:53.934+0000] {logging_mixin.py:190} INFO - [2024-10-29T08:03:53.934+0000] {dag.py:3239} INFO - Sync 1 DAGs
[2024-10-29T08:03:53.944+0000] {logging_mixin.py:190} INFO - [2024-10-29T08:03:53.944+0000] {dag.py:4180} INFO - Setting next_dagrun for tutorial_dag to None, run_after=None
[2024-10-29T08:03:53.952+0000] {processor.py:208} INFO - Processing /home/airflow/.local/lib/python3.11/site-packages/airflow/example_dags/tutorial_dag.py took 0.047 seconds
[2024-10-29T08:04:24.407+0000] {processor.py:186} INFO - Started process (PID=48871) to work on /home/airflow/.local/lib/python3.11/site-packages/airflow/example_dags/tutorial_dag.py
[2024-10-29T08:04:24.408+0000] {processor.py:914} INFO - Processing file /home/airflow/.local/lib/python3.11/site-packages/airflow/example_dags/tutorial_dag.py for tasks to queue
[2024-10-29T08:04:24.409+0000] {logging_mixin.py:190} INFO - [2024-10-29T08:04:24.409+0000] {dagbag.py:588} INFO - Filling up the DagBag from /home/airflow/.local/lib/python3.11/site-packages/airflow/example_dags/tutorial_dag.py
[2024-10-29T08:04:24.414+0000] {processor.py:925} INFO - DAG(s) 'tutorial_dag' retrieved from /home/airflow/.local/lib/python3.11/site-packages/airflow/example_dags/tutorial_dag.py
[2024-10-29T08:04:24.424+0000] {logging_mixin.py:190} INFO - [2024-10-29T08:04:24.423+0000] {dag.py:3239} INFO - Sync 1 DAGs
[2024-10-29T08:04:24.431+0000] {logging_mixin.py:190} INFO - [2024-10-29T08:04:24.431+0000] {dag.py:4180} INFO - Setting next_dagrun for tutorial_dag to None, run_after=None
[2024-10-29T08:04:24.440+0000] {processor.py:208} INFO - Processing /home/airflow/.local/lib/python3.11/site-packages/airflow/example_dags/tutorial_dag.py took 0.037 seconds
[2024-10-29T08:04:54.821+0000] {processor.py:186} INFO - Started process (PID=48933) to work on /home/airflow/.local/lib/python3.11/site-packages/airflow/example_dags/tutorial_dag.py
[2024-10-29T08:04:54.822+0000] {processor.py:914} INFO - Processing file /home/airflow/.local/lib/python3.11/site-packages/airflow/example_dags/tutorial_dag.py for tasks to queue
[2024-10-29T08:04:54.823+0000] {logging_mixin.py:190} INFO - [2024-10-29T08:04:54.823+0000] {dagbag.py:588} INFO - Filling up the DagBag from /home/airflow/.local/lib/python3.11/site-packages/airflow/example_dags/tutorial_dag.py
[2024-10-29T08:04:54.827+0000] {processor.py:925} INFO - DAG(s) 'tutorial_dag' retrieved from /home/airflow/.local/lib/python3.11/site-packages/airflow/example_dags/tutorial_dag.py
[2024-10-29T08:04:54.837+0000] {logging_mixin.py:190} INFO - [2024-10-29T08:04:54.837+0000] {dag.py:3239} INFO - Sync 1 DAGs
[2024-10-29T08:04:54.844+0000] {logging_mixin.py:190} INFO - [2024-10-29T08:04:54.844+0000] {dag.py:4180} INFO - Setting next_dagrun for tutorial_dag to None, run_after=None
[2024-10-29T08:04:54.853+0000] {processor.py:208} INFO - Processing /home/airflow/.local/lib/python3.11/site-packages/airflow/example_dags/tutorial_dag.py took 0.036 seconds
[2024-10-29T08:05:25.430+0000] {processor.py:186} INFO - Started process (PID=48996) to work on /home/airflow/.local/lib/python3.11/site-packages/airflow/example_dags/tutorial_dag.py
[2024-10-29T08:05:25.432+0000] {processor.py:914} INFO - Processing file /home/airflow/.local/lib/python3.11/site-packages/airflow/example_dags/tutorial_dag.py for tasks to queue
[2024-10-29T08:05:25.434+0000] {logging_mixin.py:190} INFO - [2024-10-29T08:05:25.434+0000] {dagbag.py:588} INFO - Filling up the DagBag from /home/airflow/.local/lib/python3.11/site-packages/airflow/example_dags/tutorial_dag.py
[2024-10-29T08:05:25.439+0000] {processor.py:925} INFO - DAG(s) 'tutorial_dag' retrieved from /home/airflow/.local/lib/python3.11/site-packages/airflow/example_dags/tutorial_dag.py
[2024-10-29T08:05:25.451+0000] {logging_mixin.py:190} INFO - [2024-10-29T08:05:25.451+0000] {dag.py:3239} INFO - Sync 1 DAGs
[2024-10-29T08:05:25.458+0000] {logging_mixin.py:190} INFO - [2024-10-29T08:05:25.458+0000] {dag.py:4180} INFO - Setting next_dagrun for tutorial_dag to None, run_after=None
[2024-10-29T08:05:25.467+0000] {processor.py:208} INFO - Processing /home/airflow/.local/lib/python3.11/site-packages/airflow/example_dags/tutorial_dag.py took 0.040 seconds
[2024-10-29T08:05:55.999+0000] {processor.py:186} INFO - Started process (PID=49059) to work on /home/airflow/.local/lib/python3.11/site-packages/airflow/example_dags/tutorial_dag.py
[2024-10-29T08:05:56.000+0000] {processor.py:914} INFO - Processing file /home/airflow/.local/lib/python3.11/site-packages/airflow/example_dags/tutorial_dag.py for tasks to queue
[2024-10-29T08:05:56.001+0000] {logging_mixin.py:190} INFO - [2024-10-29T08:05:56.001+0000] {dagbag.py:588} INFO - Filling up the DagBag from /home/airflow/.local/lib/python3.11/site-packages/airflow/example_dags/tutorial_dag.py
[2024-10-29T08:05:56.005+0000] {processor.py:925} INFO - DAG(s) 'tutorial_dag' retrieved from /home/airflow/.local/lib/python3.11/site-packages/airflow/example_dags/tutorial_dag.py
[2024-10-29T08:05:56.016+0000] {logging_mixin.py:190} INFO - [2024-10-29T08:05:56.016+0000] {dag.py:3239} INFO - Sync 1 DAGs
[2024-10-29T08:05:56.023+0000] {logging_mixin.py:190} INFO - [2024-10-29T08:05:56.023+0000] {dag.py:4180} INFO - Setting next_dagrun for tutorial_dag to None, run_after=None
[2024-10-29T08:05:56.032+0000] {processor.py:208} INFO - Processing /home/airflow/.local/lib/python3.11/site-packages/airflow/example_dags/tutorial_dag.py took 0.037 seconds
[2024-10-29T08:06:26.385+0000] {processor.py:186} INFO - Started process (PID=49122) to work on /home/airflow/.local/lib/python3.11/site-packages/airflow/example_dags/tutorial_dag.py
[2024-10-29T08:06:26.386+0000] {processor.py:914} INFO - Processing file /home/airflow/.local/lib/python3.11/site-packages/airflow/example_dags/tutorial_dag.py for tasks to queue
[2024-10-29T08:06:26.388+0000] {logging_mixin.py:190} INFO - [2024-10-29T08:06:26.388+0000] {dagbag.py:588} INFO - Filling up the DagBag from /home/airflow/.local/lib/python3.11/site-packages/airflow/example_dags/tutorial_dag.py
[2024-10-29T08:06:26.394+0000] {processor.py:925} INFO - DAG(s) 'tutorial_dag' retrieved from /home/airflow/.local/lib/python3.11/site-packages/airflow/example_dags/tutorial_dag.py
[2024-10-29T08:06:26.406+0000] {logging_mixin.py:190} INFO - [2024-10-29T08:06:26.406+0000] {dag.py:3239} INFO - Sync 1 DAGs
[2024-10-29T08:06:26.413+0000] {logging_mixin.py:190} INFO - [2024-10-29T08:06:26.413+0000] {dag.py:4180} INFO - Setting next_dagrun for tutorial_dag to None, run_after=None
[2024-10-29T08:06:26.420+0000] {processor.py:208} INFO - Processing /home/airflow/.local/lib/python3.11/site-packages/airflow/example_dags/tutorial_dag.py took 0.038 seconds
[2024-10-29T08:06:57.413+0000] {processor.py:186} INFO - Started process (PID=49185) to work on /home/airflow/.local/lib/python3.11/site-packages/airflow/example_dags/tutorial_dag.py
[2024-10-29T08:06:57.415+0000] {processor.py:914} INFO - Processing file /home/airflow/.local/lib/python3.11/site-packages/airflow/example_dags/tutorial_dag.py for tasks to queue
[2024-10-29T08:06:57.416+0000] {logging_mixin.py:190} INFO - [2024-10-29T08:06:57.416+0000] {dagbag.py:588} INFO - Filling up the DagBag from /home/airflow/.local/lib/python3.11/site-packages/airflow/example_dags/tutorial_dag.py
[2024-10-29T08:06:57.421+0000] {processor.py:925} INFO - DAG(s) 'tutorial_dag' retrieved from /home/airflow/.local/lib/python3.11/site-packages/airflow/example_dags/tutorial_dag.py
[2024-10-29T08:06:57.437+0000] {logging_mixin.py:190} INFO - [2024-10-29T08:06:57.437+0000] {dag.py:3239} INFO - Sync 1 DAGs
[2024-10-29T08:06:57.445+0000] {logging_mixin.py:190} INFO - [2024-10-29T08:06:57.444+0000] {dag.py:4180} INFO - Setting next_dagrun for tutorial_dag to None, run_after=None
[2024-10-29T08:06:57.464+0000] {processor.py:208} INFO - Processing /home/airflow/.local/lib/python3.11/site-packages/airflow/example_dags/tutorial_dag.py took 0.057 seconds
[2024-10-29T08:07:28.431+0000] {processor.py:186} INFO - Started process (PID=49248) to work on /home/airflow/.local/lib/python3.11/site-packages/airflow/example_dags/tutorial_dag.py
[2024-10-29T08:07:28.432+0000] {processor.py:914} INFO - Processing file /home/airflow/.local/lib/python3.11/site-packages/airflow/example_dags/tutorial_dag.py for tasks to queue
[2024-10-29T08:07:28.434+0000] {logging_mixin.py:190} INFO - [2024-10-29T08:07:28.433+0000] {dagbag.py:588} INFO - Filling up the DagBag from /home/airflow/.local/lib/python3.11/site-packages/airflow/example_dags/tutorial_dag.py
[2024-10-29T08:07:28.438+0000] {processor.py:925} INFO - DAG(s) 'tutorial_dag' retrieved from /home/airflow/.local/lib/python3.11/site-packages/airflow/example_dags/tutorial_dag.py
[2024-10-29T08:07:28.449+0000] {logging_mixin.py:190} INFO - [2024-10-29T08:07:28.449+0000] {dag.py:3239} INFO - Sync 1 DAGs
[2024-10-29T08:07:28.456+0000] {logging_mixin.py:190} INFO - [2024-10-29T08:07:28.455+0000] {dag.py:4180} INFO - Setting next_dagrun for tutorial_dag to None, run_after=None
[2024-10-29T08:07:28.464+0000] {processor.py:208} INFO - Processing /home/airflow/.local/lib/python3.11/site-packages/airflow/example_dags/tutorial_dag.py took 0.036 seconds
[2024-10-29T08:07:59.392+0000] {processor.py:186} INFO - Started process (PID=49311) to work on /home/airflow/.local/lib/python3.11/site-packages/airflow/example_dags/tutorial_dag.py
[2024-10-29T08:07:59.393+0000] {processor.py:914} INFO - Processing file /home/airflow/.local/lib/python3.11/site-packages/airflow/example_dags/tutorial_dag.py for tasks to queue
[2024-10-29T08:07:59.394+0000] {logging_mixin.py:190} INFO - [2024-10-29T08:07:59.394+0000] {dagbag.py:588} INFO - Filling up the DagBag from /home/airflow/.local/lib/python3.11/site-packages/airflow/example_dags/tutorial_dag.py
[2024-10-29T08:07:59.402+0000] {processor.py:925} INFO - DAG(s) 'tutorial_dag' retrieved from /home/airflow/.local/lib/python3.11/site-packages/airflow/example_dags/tutorial_dag.py
[2024-10-29T08:07:59.414+0000] {logging_mixin.py:190} INFO - [2024-10-29T08:07:59.414+0000] {dag.py:3239} INFO - Sync 1 DAGs
[2024-10-29T08:07:59.421+0000] {logging_mixin.py:190} INFO - [2024-10-29T08:07:59.421+0000] {dag.py:4180} INFO - Setting next_dagrun for tutorial_dag to None, run_after=None
[2024-10-29T08:07:59.431+0000] {processor.py:208} INFO - Processing /home/airflow/.local/lib/python3.11/site-packages/airflow/example_dags/tutorial_dag.py took 0.043 seconds
[2024-10-29T08:08:29.930+0000] {processor.py:186} INFO - Started process (PID=49374) to work on /home/airflow/.local/lib/python3.11/site-packages/airflow/example_dags/tutorial_dag.py
[2024-10-29T08:08:29.931+0000] {processor.py:914} INFO - Processing file /home/airflow/.local/lib/python3.11/site-packages/airflow/example_dags/tutorial_dag.py for tasks to queue
[2024-10-29T08:08:29.933+0000] {logging_mixin.py:190} INFO - [2024-10-29T08:08:29.933+0000] {dagbag.py:588} INFO - Filling up the DagBag from /home/airflow/.local/lib/python3.11/site-packages/airflow/example_dags/tutorial_dag.py
[2024-10-29T08:08:29.942+0000] {processor.py:925} INFO - DAG(s) 'tutorial_dag' retrieved from /home/airflow/.local/lib/python3.11/site-packages/airflow/example_dags/tutorial_dag.py
[2024-10-29T08:08:29.970+0000] {logging_mixin.py:190} INFO - [2024-10-29T08:08:29.970+0000] {dag.py:3239} INFO - Sync 1 DAGs
[2024-10-29T08:08:29.984+0000] {logging_mixin.py:190} INFO - [2024-10-29T08:08:29.983+0000] {dag.py:4180} INFO - Setting next_dagrun for tutorial_dag to None, run_after=None
[2024-10-29T08:08:29.996+0000] {processor.py:208} INFO - Processing /home/airflow/.local/lib/python3.11/site-packages/airflow/example_dags/tutorial_dag.py took 0.072 seconds
[2024-10-29T08:09:00.522+0000] {processor.py:186} INFO - Started process (PID=49436) to work on /home/airflow/.local/lib/python3.11/site-packages/airflow/example_dags/tutorial_dag.py
[2024-10-29T08:09:00.523+0000] {processor.py:914} INFO - Processing file /home/airflow/.local/lib/python3.11/site-packages/airflow/example_dags/tutorial_dag.py for tasks to queue
[2024-10-29T08:09:00.526+0000] {logging_mixin.py:190} INFO - [2024-10-29T08:09:00.525+0000] {dagbag.py:588} INFO - Filling up the DagBag from /home/airflow/.local/lib/python3.11/site-packages/airflow/example_dags/tutorial_dag.py
[2024-10-29T08:09:00.532+0000] {processor.py:925} INFO - DAG(s) 'tutorial_dag' retrieved from /home/airflow/.local/lib/python3.11/site-packages/airflow/example_dags/tutorial_dag.py
[2024-10-29T08:09:00.553+0000] {logging_mixin.py:190} INFO - [2024-10-29T08:09:00.552+0000] {dag.py:3239} INFO - Sync 1 DAGs
[2024-10-29T08:09:00.581+0000] {logging_mixin.py:190} INFO - [2024-10-29T08:09:00.581+0000] {dag.py:4180} INFO - Setting next_dagrun for tutorial_dag to None, run_after=None
[2024-10-29T08:09:00.594+0000] {processor.py:208} INFO - Processing /home/airflow/.local/lib/python3.11/site-packages/airflow/example_dags/tutorial_dag.py took 0.076 seconds
[2024-10-29T08:09:30.898+0000] {processor.py:186} INFO - Started process (PID=49498) to work on /home/airflow/.local/lib/python3.11/site-packages/airflow/example_dags/tutorial_dag.py
[2024-10-29T08:09:30.899+0000] {processor.py:914} INFO - Processing file /home/airflow/.local/lib/python3.11/site-packages/airflow/example_dags/tutorial_dag.py for tasks to queue
[2024-10-29T08:09:30.901+0000] {logging_mixin.py:190} INFO - [2024-10-29T08:09:30.901+0000] {dagbag.py:588} INFO - Filling up the DagBag from /home/airflow/.local/lib/python3.11/site-packages/airflow/example_dags/tutorial_dag.py
[2024-10-29T08:09:30.906+0000] {processor.py:925} INFO - DAG(s) 'tutorial_dag' retrieved from /home/airflow/.local/lib/python3.11/site-packages/airflow/example_dags/tutorial_dag.py
[2024-10-29T08:09:30.918+0000] {logging_mixin.py:190} INFO - [2024-10-29T08:09:30.918+0000] {dag.py:3239} INFO - Sync 1 DAGs
[2024-10-29T08:09:30.926+0000] {logging_mixin.py:190} INFO - [2024-10-29T08:09:30.925+0000] {dag.py:4180} INFO - Setting next_dagrun for tutorial_dag to None, run_after=None
[2024-10-29T08:09:30.933+0000] {processor.py:208} INFO - Processing /home/airflow/.local/lib/python3.11/site-packages/airflow/example_dags/tutorial_dag.py took 0.039 seconds
[2024-10-29T08:10:01.715+0000] {processor.py:186} INFO - Started process (PID=49561) to work on /home/airflow/.local/lib/python3.11/site-packages/airflow/example_dags/tutorial_dag.py
[2024-10-29T08:10:01.716+0000] {processor.py:914} INFO - Processing file /home/airflow/.local/lib/python3.11/site-packages/airflow/example_dags/tutorial_dag.py for tasks to queue
[2024-10-29T08:10:01.718+0000] {logging_mixin.py:190} INFO - [2024-10-29T08:10:01.718+0000] {dagbag.py:588} INFO - Filling up the DagBag from /home/airflow/.local/lib/python3.11/site-packages/airflow/example_dags/tutorial_dag.py
[2024-10-29T08:10:01.722+0000] {processor.py:925} INFO - DAG(s) 'tutorial_dag' retrieved from /home/airflow/.local/lib/python3.11/site-packages/airflow/example_dags/tutorial_dag.py
[2024-10-29T08:10:01.734+0000] {logging_mixin.py:190} INFO - [2024-10-29T08:10:01.734+0000] {dag.py:3239} INFO - Sync 1 DAGs
[2024-10-29T08:10:01.741+0000] {logging_mixin.py:190} INFO - [2024-10-29T08:10:01.741+0000] {dag.py:4180} INFO - Setting next_dagrun for tutorial_dag to None, run_after=None
[2024-10-29T08:10:01.750+0000] {processor.py:208} INFO - Processing /home/airflow/.local/lib/python3.11/site-packages/airflow/example_dags/tutorial_dag.py took 0.040 seconds
[2024-10-29T08:10:32.432+0000] {processor.py:186} INFO - Started process (PID=49624) to work on /home/airflow/.local/lib/python3.11/site-packages/airflow/example_dags/tutorial_dag.py
[2024-10-29T08:10:32.433+0000] {processor.py:914} INFO - Processing file /home/airflow/.local/lib/python3.11/site-packages/airflow/example_dags/tutorial_dag.py for tasks to queue
[2024-10-29T08:10:32.435+0000] {logging_mixin.py:190} INFO - [2024-10-29T08:10:32.434+0000] {dagbag.py:588} INFO - Filling up the DagBag from /home/airflow/.local/lib/python3.11/site-packages/airflow/example_dags/tutorial_dag.py
[2024-10-29T08:10:32.440+0000] {processor.py:925} INFO - DAG(s) 'tutorial_dag' retrieved from /home/airflow/.local/lib/python3.11/site-packages/airflow/example_dags/tutorial_dag.py
[2024-10-29T08:10:32.452+0000] {logging_mixin.py:190} INFO - [2024-10-29T08:10:32.452+0000] {dag.py:3239} INFO - Sync 1 DAGs
[2024-10-29T08:10:32.459+0000] {logging_mixin.py:190} INFO - [2024-10-29T08:10:32.459+0000] {dag.py:4180} INFO - Setting next_dagrun for tutorial_dag to None, run_after=None
[2024-10-29T08:10:32.475+0000] {processor.py:208} INFO - Processing /home/airflow/.local/lib/python3.11/site-packages/airflow/example_dags/tutorial_dag.py took 0.048 seconds
[2024-10-29T18:52:59.654+0000] {processor.py:186} INFO - Started process (PID=62) to work on /home/airflow/.local/lib/python3.11/site-packages/airflow/example_dags/tutorial_dag.py
[2024-10-29T18:52:59.657+0000] {processor.py:914} INFO - Processing file /home/airflow/.local/lib/python3.11/site-packages/airflow/example_dags/tutorial_dag.py for tasks to queue
[2024-10-29T18:52:59.663+0000] {logging_mixin.py:190} INFO - [2024-10-29T18:52:59.662+0000] {dagbag.py:588} INFO - Filling up the DagBag from /home/airflow/.local/lib/python3.11/site-packages/airflow/example_dags/tutorial_dag.py
[2024-10-29T18:52:59.677+0000] {processor.py:925} INFO - DAG(s) 'tutorial_dag' retrieved from /home/airflow/.local/lib/python3.11/site-packages/airflow/example_dags/tutorial_dag.py
[2024-10-29T18:52:59.732+0000] {logging_mixin.py:190} INFO - [2024-10-29T18:52:59.732+0000] {dag.py:3239} INFO - Sync 1 DAGs
[2024-10-29T18:52:59.752+0000] {logging_mixin.py:190} INFO - [2024-10-29T18:52:59.751+0000] {dag.py:4180} INFO - Setting next_dagrun for tutorial_dag to None, run_after=None
[2024-10-29T18:52:59.771+0000] {processor.py:208} INFO - Processing /home/airflow/.local/lib/python3.11/site-packages/airflow/example_dags/tutorial_dag.py took 0.141 seconds
[2024-10-29T18:53:33.103+0000] {processor.py:186} INFO - Started process (PID=124) to work on /home/airflow/.local/lib/python3.11/site-packages/airflow/example_dags/tutorial_dag.py
[2024-10-29T18:53:33.105+0000] {processor.py:914} INFO - Processing file /home/airflow/.local/lib/python3.11/site-packages/airflow/example_dags/tutorial_dag.py for tasks to queue
[2024-10-29T18:53:33.108+0000] {logging_mixin.py:190} INFO - [2024-10-29T18:53:33.108+0000] {dagbag.py:588} INFO - Filling up the DagBag from /home/airflow/.local/lib/python3.11/site-packages/airflow/example_dags/tutorial_dag.py
[2024-10-29T18:53:33.132+0000] {processor.py:925} INFO - DAG(s) 'tutorial_dag' retrieved from /home/airflow/.local/lib/python3.11/site-packages/airflow/example_dags/tutorial_dag.py
[2024-10-29T18:53:33.184+0000] {logging_mixin.py:190} INFO - [2024-10-29T18:53:33.184+0000] {dag.py:3239} INFO - Sync 1 DAGs
[2024-10-29T18:53:33.228+0000] {logging_mixin.py:190} INFO - [2024-10-29T18:53:33.228+0000] {dag.py:4180} INFO - Setting next_dagrun for tutorial_dag to None, run_after=None
[2024-10-29T18:53:33.260+0000] {processor.py:208} INFO - Processing /home/airflow/.local/lib/python3.11/site-packages/airflow/example_dags/tutorial_dag.py took 0.180 seconds
[2024-10-29T18:54:19.231+0000] {processor.py:186} INFO - Started process (PID=193) to work on /home/airflow/.local/lib/python3.11/site-packages/airflow/example_dags/tutorial_dag.py
[2024-10-29T18:54:19.239+0000] {processor.py:914} INFO - Processing file /home/airflow/.local/lib/python3.11/site-packages/airflow/example_dags/tutorial_dag.py for tasks to queue
[2024-10-29T18:54:19.252+0000] {logging_mixin.py:190} INFO - [2024-10-29T18:54:19.251+0000] {dagbag.py:588} INFO - Filling up the DagBag from /home/airflow/.local/lib/python3.11/site-packages/airflow/example_dags/tutorial_dag.py
[2024-10-29T18:54:19.282+0000] {processor.py:925} INFO - DAG(s) 'tutorial_dag' retrieved from /home/airflow/.local/lib/python3.11/site-packages/airflow/example_dags/tutorial_dag.py
[2024-10-29T18:54:19.362+0000] {logging_mixin.py:190} INFO - [2024-10-29T18:54:19.360+0000] {dag.py:3239} INFO - Sync 1 DAGs
[2024-10-29T18:54:19.390+0000] {logging_mixin.py:190} INFO - [2024-10-29T18:54:19.390+0000] {dag.py:4180} INFO - Setting next_dagrun for tutorial_dag to None, run_after=None
[2024-10-29T18:54:19.446+0000] {processor.py:208} INFO - Processing /home/airflow/.local/lib/python3.11/site-packages/airflow/example_dags/tutorial_dag.py took 0.251 seconds
[2024-10-29T18:55:03.577+0000] {processor.py:186} INFO - Started process (PID=255) to work on /home/airflow/.local/lib/python3.11/site-packages/airflow/example_dags/tutorial_dag.py
[2024-10-29T18:55:03.587+0000] {processor.py:914} INFO - Processing file /home/airflow/.local/lib/python3.11/site-packages/airflow/example_dags/tutorial_dag.py for tasks to queue
[2024-10-29T18:55:03.608+0000] {logging_mixin.py:190} INFO - [2024-10-29T18:55:03.608+0000] {dagbag.py:588} INFO - Filling up the DagBag from /home/airflow/.local/lib/python3.11/site-packages/airflow/example_dags/tutorial_dag.py
[2024-10-29T18:55:03.622+0000] {processor.py:925} INFO - DAG(s) 'tutorial_dag' retrieved from /home/airflow/.local/lib/python3.11/site-packages/airflow/example_dags/tutorial_dag.py
[2024-10-29T18:55:03.663+0000] {logging_mixin.py:190} INFO - [2024-10-29T18:55:03.663+0000] {dag.py:3239} INFO - Sync 1 DAGs
[2024-10-29T18:55:03.694+0000] {logging_mixin.py:190} INFO - [2024-10-29T18:55:03.694+0000] {dag.py:4180} INFO - Setting next_dagrun for tutorial_dag to None, run_after=None
[2024-10-29T18:55:03.729+0000] {processor.py:208} INFO - Processing /home/airflow/.local/lib/python3.11/site-packages/airflow/example_dags/tutorial_dag.py took 0.172 seconds
[2024-10-29T18:55:46.270+0000] {processor.py:186} INFO - Started process (PID=323) to work on /home/airflow/.local/lib/python3.11/site-packages/airflow/example_dags/tutorial_dag.py
[2024-10-29T18:55:46.271+0000] {processor.py:914} INFO - Processing file /home/airflow/.local/lib/python3.11/site-packages/airflow/example_dags/tutorial_dag.py for tasks to queue
[2024-10-29T18:55:46.273+0000] {logging_mixin.py:190} INFO - [2024-10-29T18:55:46.273+0000] {dagbag.py:588} INFO - Filling up the DagBag from /home/airflow/.local/lib/python3.11/site-packages/airflow/example_dags/tutorial_dag.py
[2024-10-29T18:55:46.277+0000] {processor.py:925} INFO - DAG(s) 'tutorial_dag' retrieved from /home/airflow/.local/lib/python3.11/site-packages/airflow/example_dags/tutorial_dag.py
[2024-10-29T18:55:46.291+0000] {logging_mixin.py:190} INFO - [2024-10-29T18:55:46.291+0000] {dag.py:3239} INFO - Sync 1 DAGs
[2024-10-29T18:55:46.304+0000] {logging_mixin.py:190} INFO - [2024-10-29T18:55:46.303+0000] {dag.py:4180} INFO - Setting next_dagrun for tutorial_dag to None, run_after=None
[2024-10-29T18:55:46.329+0000] {processor.py:208} INFO - Processing /home/airflow/.local/lib/python3.11/site-packages/airflow/example_dags/tutorial_dag.py took 0.063 seconds
[2024-10-29T18:56:16.957+0000] {processor.py:186} INFO - Started process (PID=386) to work on /home/airflow/.local/lib/python3.11/site-packages/airflow/example_dags/tutorial_dag.py
[2024-10-29T18:56:16.957+0000] {processor.py:914} INFO - Processing file /home/airflow/.local/lib/python3.11/site-packages/airflow/example_dags/tutorial_dag.py for tasks to queue
[2024-10-29T18:56:16.959+0000] {logging_mixin.py:190} INFO - [2024-10-29T18:56:16.959+0000] {dagbag.py:588} INFO - Filling up the DagBag from /home/airflow/.local/lib/python3.11/site-packages/airflow/example_dags/tutorial_dag.py
[2024-10-29T18:56:16.963+0000] {processor.py:925} INFO - DAG(s) 'tutorial_dag' retrieved from /home/airflow/.local/lib/python3.11/site-packages/airflow/example_dags/tutorial_dag.py
[2024-10-29T18:56:16.974+0000] {logging_mixin.py:190} INFO - [2024-10-29T18:56:16.974+0000] {dag.py:3239} INFO - Sync 1 DAGs
[2024-10-29T18:56:16.981+0000] {logging_mixin.py:190} INFO - [2024-10-29T18:56:16.981+0000] {dag.py:4180} INFO - Setting next_dagrun for tutorial_dag to None, run_after=None
[2024-10-29T18:56:16.989+0000] {processor.py:208} INFO - Processing /home/airflow/.local/lib/python3.11/site-packages/airflow/example_dags/tutorial_dag.py took 0.036 seconds
[2024-10-29T18:56:47.759+0000] {processor.py:186} INFO - Started process (PID=449) to work on /home/airflow/.local/lib/python3.11/site-packages/airflow/example_dags/tutorial_dag.py
[2024-10-29T18:56:47.760+0000] {processor.py:914} INFO - Processing file /home/airflow/.local/lib/python3.11/site-packages/airflow/example_dags/tutorial_dag.py for tasks to queue
[2024-10-29T18:56:47.761+0000] {logging_mixin.py:190} INFO - [2024-10-29T18:56:47.761+0000] {dagbag.py:588} INFO - Filling up the DagBag from /home/airflow/.local/lib/python3.11/site-packages/airflow/example_dags/tutorial_dag.py
[2024-10-29T18:56:47.765+0000] {processor.py:925} INFO - DAG(s) 'tutorial_dag' retrieved from /home/airflow/.local/lib/python3.11/site-packages/airflow/example_dags/tutorial_dag.py
[2024-10-29T18:56:47.776+0000] {logging_mixin.py:190} INFO - [2024-10-29T18:56:47.776+0000] {dag.py:3239} INFO - Sync 1 DAGs
[2024-10-29T18:56:47.783+0000] {logging_mixin.py:190} INFO - [2024-10-29T18:56:47.783+0000] {dag.py:4180} INFO - Setting next_dagrun for tutorial_dag to None, run_after=None
[2024-10-29T18:56:47.791+0000] {processor.py:208} INFO - Processing /home/airflow/.local/lib/python3.11/site-packages/airflow/example_dags/tutorial_dag.py took 0.035 seconds
[2024-10-29T18:57:18.136+0000] {processor.py:186} INFO - Started process (PID=512) to work on /home/airflow/.local/lib/python3.11/site-packages/airflow/example_dags/tutorial_dag.py
[2024-10-29T18:57:18.137+0000] {processor.py:914} INFO - Processing file /home/airflow/.local/lib/python3.11/site-packages/airflow/example_dags/tutorial_dag.py for tasks to queue
[2024-10-29T18:57:18.138+0000] {logging_mixin.py:190} INFO - [2024-10-29T18:57:18.138+0000] {dagbag.py:588} INFO - Filling up the DagBag from /home/airflow/.local/lib/python3.11/site-packages/airflow/example_dags/tutorial_dag.py
[2024-10-29T18:57:18.142+0000] {processor.py:925} INFO - DAG(s) 'tutorial_dag' retrieved from /home/airflow/.local/lib/python3.11/site-packages/airflow/example_dags/tutorial_dag.py
[2024-10-29T18:57:18.152+0000] {logging_mixin.py:190} INFO - [2024-10-29T18:57:18.152+0000] {dag.py:3239} INFO - Sync 1 DAGs
[2024-10-29T18:57:18.160+0000] {logging_mixin.py:190} INFO - [2024-10-29T18:57:18.159+0000] {dag.py:4180} INFO - Setting next_dagrun for tutorial_dag to None, run_after=None
[2024-10-29T18:57:18.168+0000] {processor.py:208} INFO - Processing /home/airflow/.local/lib/python3.11/site-packages/airflow/example_dags/tutorial_dag.py took 0.036 seconds
[2024-10-29T18:57:49.245+0000] {processor.py:186} INFO - Started process (PID=575) to work on /home/airflow/.local/lib/python3.11/site-packages/airflow/example_dags/tutorial_dag.py
[2024-10-29T18:57:49.246+0000] {processor.py:914} INFO - Processing file /home/airflow/.local/lib/python3.11/site-packages/airflow/example_dags/tutorial_dag.py for tasks to queue
[2024-10-29T18:57:49.247+0000] {logging_mixin.py:190} INFO - [2024-10-29T18:57:49.247+0000] {dagbag.py:588} INFO - Filling up the DagBag from /home/airflow/.local/lib/python3.11/site-packages/airflow/example_dags/tutorial_dag.py
[2024-10-29T18:57:49.251+0000] {processor.py:925} INFO - DAG(s) 'tutorial_dag' retrieved from /home/airflow/.local/lib/python3.11/site-packages/airflow/example_dags/tutorial_dag.py
[2024-10-29T18:57:49.261+0000] {logging_mixin.py:190} INFO - [2024-10-29T18:57:49.261+0000] {dag.py:3239} INFO - Sync 1 DAGs
[2024-10-29T18:57:49.268+0000] {logging_mixin.py:190} INFO - [2024-10-29T18:57:49.268+0000] {dag.py:4180} INFO - Setting next_dagrun for tutorial_dag to None, run_after=None
[2024-10-29T18:57:49.277+0000] {processor.py:208} INFO - Processing /home/airflow/.local/lib/python3.11/site-packages/airflow/example_dags/tutorial_dag.py took 0.035 seconds
[2024-10-29T18:58:19.842+0000] {processor.py:186} INFO - Started process (PID=638) to work on /home/airflow/.local/lib/python3.11/site-packages/airflow/example_dags/tutorial_dag.py
[2024-10-29T18:58:19.843+0000] {processor.py:914} INFO - Processing file /home/airflow/.local/lib/python3.11/site-packages/airflow/example_dags/tutorial_dag.py for tasks to queue
[2024-10-29T18:58:19.845+0000] {logging_mixin.py:190} INFO - [2024-10-29T18:58:19.844+0000] {dagbag.py:588} INFO - Filling up the DagBag from /home/airflow/.local/lib/python3.11/site-packages/airflow/example_dags/tutorial_dag.py
[2024-10-29T18:58:19.849+0000] {processor.py:925} INFO - DAG(s) 'tutorial_dag' retrieved from /home/airflow/.local/lib/python3.11/site-packages/airflow/example_dags/tutorial_dag.py
[2024-10-29T18:58:19.862+0000] {logging_mixin.py:190} INFO - [2024-10-29T18:58:19.862+0000] {dag.py:3239} INFO - Sync 1 DAGs
[2024-10-29T18:58:19.870+0000] {logging_mixin.py:190} INFO - [2024-10-29T18:58:19.870+0000] {dag.py:4180} INFO - Setting next_dagrun for tutorial_dag to None, run_after=None
[2024-10-29T18:58:19.879+0000] {processor.py:208} INFO - Processing /home/airflow/.local/lib/python3.11/site-packages/airflow/example_dags/tutorial_dag.py took 0.041 seconds
[2024-10-29T18:58:50.188+0000] {processor.py:186} INFO - Started process (PID=701) to work on /home/airflow/.local/lib/python3.11/site-packages/airflow/example_dags/tutorial_dag.py
[2024-10-29T18:58:50.191+0000] {processor.py:914} INFO - Processing file /home/airflow/.local/lib/python3.11/site-packages/airflow/example_dags/tutorial_dag.py for tasks to queue
[2024-10-29T18:58:50.192+0000] {logging_mixin.py:190} INFO - [2024-10-29T18:58:50.192+0000] {dagbag.py:588} INFO - Filling up the DagBag from /home/airflow/.local/lib/python3.11/site-packages/airflow/example_dags/tutorial_dag.py
[2024-10-29T18:58:50.197+0000] {processor.py:925} INFO - DAG(s) 'tutorial_dag' retrieved from /home/airflow/.local/lib/python3.11/site-packages/airflow/example_dags/tutorial_dag.py
[2024-10-29T18:58:50.207+0000] {logging_mixin.py:190} INFO - [2024-10-29T18:58:50.207+0000] {dag.py:3239} INFO - Sync 1 DAGs
[2024-10-29T18:58:50.214+0000] {logging_mixin.py:190} INFO - [2024-10-29T18:58:50.214+0000] {dag.py:4180} INFO - Setting next_dagrun for tutorial_dag to None, run_after=None
[2024-10-29T18:58:50.224+0000] {processor.py:208} INFO - Processing /home/airflow/.local/lib/python3.11/site-packages/airflow/example_dags/tutorial_dag.py took 0.039 seconds
[2024-10-29T18:59:20.605+0000] {processor.py:186} INFO - Started process (PID=764) to work on /home/airflow/.local/lib/python3.11/site-packages/airflow/example_dags/tutorial_dag.py
[2024-10-29T18:59:20.606+0000] {processor.py:914} INFO - Processing file /home/airflow/.local/lib/python3.11/site-packages/airflow/example_dags/tutorial_dag.py for tasks to queue
[2024-10-29T18:59:20.608+0000] {logging_mixin.py:190} INFO - [2024-10-29T18:59:20.608+0000] {dagbag.py:588} INFO - Filling up the DagBag from /home/airflow/.local/lib/python3.11/site-packages/airflow/example_dags/tutorial_dag.py
[2024-10-29T18:59:20.616+0000] {processor.py:925} INFO - DAG(s) 'tutorial_dag' retrieved from /home/airflow/.local/lib/python3.11/site-packages/airflow/example_dags/tutorial_dag.py
[2024-10-29T18:59:20.629+0000] {logging_mixin.py:190} INFO - [2024-10-29T18:59:20.629+0000] {dag.py:3239} INFO - Sync 1 DAGs
[2024-10-29T18:59:20.638+0000] {logging_mixin.py:190} INFO - [2024-10-29T18:59:20.638+0000] {dag.py:4180} INFO - Setting next_dagrun for tutorial_dag to None, run_after=None
[2024-10-29T18:59:20.647+0000] {processor.py:208} INFO - Processing /home/airflow/.local/lib/python3.11/site-packages/airflow/example_dags/tutorial_dag.py took 0.045 seconds
[2024-10-29T18:59:51.179+0000] {processor.py:186} INFO - Started process (PID=826) to work on /home/airflow/.local/lib/python3.11/site-packages/airflow/example_dags/tutorial_dag.py
[2024-10-29T18:59:51.180+0000] {processor.py:914} INFO - Processing file /home/airflow/.local/lib/python3.11/site-packages/airflow/example_dags/tutorial_dag.py for tasks to queue
[2024-10-29T18:59:51.182+0000] {logging_mixin.py:190} INFO - [2024-10-29T18:59:51.182+0000] {dagbag.py:588} INFO - Filling up the DagBag from /home/airflow/.local/lib/python3.11/site-packages/airflow/example_dags/tutorial_dag.py
[2024-10-29T18:59:51.186+0000] {processor.py:925} INFO - DAG(s) 'tutorial_dag' retrieved from /home/airflow/.local/lib/python3.11/site-packages/airflow/example_dags/tutorial_dag.py
[2024-10-29T18:59:51.197+0000] {logging_mixin.py:190} INFO - [2024-10-29T18:59:51.197+0000] {dag.py:3239} INFO - Sync 1 DAGs
[2024-10-29T18:59:51.204+0000] {logging_mixin.py:190} INFO - [2024-10-29T18:59:51.204+0000] {dag.py:4180} INFO - Setting next_dagrun for tutorial_dag to None, run_after=None
[2024-10-29T18:59:51.213+0000] {processor.py:208} INFO - Processing /home/airflow/.local/lib/python3.11/site-packages/airflow/example_dags/tutorial_dag.py took 0.036 seconds
[2024-10-29T19:00:21.424+0000] {processor.py:186} INFO - Started process (PID=889) to work on /home/airflow/.local/lib/python3.11/site-packages/airflow/example_dags/tutorial_dag.py
[2024-10-29T19:00:21.424+0000] {processor.py:914} INFO - Processing file /home/airflow/.local/lib/python3.11/site-packages/airflow/example_dags/tutorial_dag.py for tasks to queue
[2024-10-29T19:00:21.426+0000] {logging_mixin.py:190} INFO - [2024-10-29T19:00:21.426+0000] {dagbag.py:588} INFO - Filling up the DagBag from /home/airflow/.local/lib/python3.11/site-packages/airflow/example_dags/tutorial_dag.py
[2024-10-29T19:00:21.430+0000] {processor.py:925} INFO - DAG(s) 'tutorial_dag' retrieved from /home/airflow/.local/lib/python3.11/site-packages/airflow/example_dags/tutorial_dag.py
[2024-10-29T19:00:21.444+0000] {logging_mixin.py:190} INFO - [2024-10-29T19:00:21.443+0000] {dag.py:3239} INFO - Sync 1 DAGs
[2024-10-29T19:00:21.452+0000] {logging_mixin.py:190} INFO - [2024-10-29T19:00:21.451+0000] {dag.py:4180} INFO - Setting next_dagrun for tutorial_dag to None, run_after=None
[2024-10-29T19:00:21.461+0000] {processor.py:208} INFO - Processing /home/airflow/.local/lib/python3.11/site-packages/airflow/example_dags/tutorial_dag.py took 0.041 seconds
[2024-10-29T19:00:52.291+0000] {processor.py:186} INFO - Started process (PID=952) to work on /home/airflow/.local/lib/python3.11/site-packages/airflow/example_dags/tutorial_dag.py
[2024-10-29T19:00:52.292+0000] {processor.py:914} INFO - Processing file /home/airflow/.local/lib/python3.11/site-packages/airflow/example_dags/tutorial_dag.py for tasks to queue
[2024-10-29T19:00:52.294+0000] {logging_mixin.py:190} INFO - [2024-10-29T19:00:52.293+0000] {dagbag.py:588} INFO - Filling up the DagBag from /home/airflow/.local/lib/python3.11/site-packages/airflow/example_dags/tutorial_dag.py
[2024-10-29T19:00:52.298+0000] {processor.py:925} INFO - DAG(s) 'tutorial_dag' retrieved from /home/airflow/.local/lib/python3.11/site-packages/airflow/example_dags/tutorial_dag.py
[2024-10-29T19:00:52.308+0000] {logging_mixin.py:190} INFO - [2024-10-29T19:00:52.308+0000] {dag.py:3239} INFO - Sync 1 DAGs
[2024-10-29T19:00:52.315+0000] {logging_mixin.py:190} INFO - [2024-10-29T19:00:52.315+0000] {dag.py:4180} INFO - Setting next_dagrun for tutorial_dag to None, run_after=None
[2024-10-29T19:00:52.325+0000] {processor.py:208} INFO - Processing /home/airflow/.local/lib/python3.11/site-packages/airflow/example_dags/tutorial_dag.py took 0.037 seconds
[2024-10-29T19:01:22.431+0000] {processor.py:186} INFO - Started process (PID=1015) to work on /home/airflow/.local/lib/python3.11/site-packages/airflow/example_dags/tutorial_dag.py
[2024-10-29T19:01:22.432+0000] {processor.py:914} INFO - Processing file /home/airflow/.local/lib/python3.11/site-packages/airflow/example_dags/tutorial_dag.py for tasks to queue
[2024-10-29T19:01:22.433+0000] {logging_mixin.py:190} INFO - [2024-10-29T19:01:22.433+0000] {dagbag.py:588} INFO - Filling up the DagBag from /home/airflow/.local/lib/python3.11/site-packages/airflow/example_dags/tutorial_dag.py
[2024-10-29T19:01:22.437+0000] {processor.py:925} INFO - DAG(s) 'tutorial_dag' retrieved from /home/airflow/.local/lib/python3.11/site-packages/airflow/example_dags/tutorial_dag.py
[2024-10-29T19:01:22.448+0000] {logging_mixin.py:190} INFO - [2024-10-29T19:01:22.448+0000] {dag.py:3239} INFO - Sync 1 DAGs
[2024-10-29T19:01:22.455+0000] {logging_mixin.py:190} INFO - [2024-10-29T19:01:22.455+0000] {dag.py:4180} INFO - Setting next_dagrun for tutorial_dag to None, run_after=None
[2024-10-29T19:01:22.463+0000] {processor.py:208} INFO - Processing /home/airflow/.local/lib/python3.11/site-packages/airflow/example_dags/tutorial_dag.py took 0.035 seconds
[2024-10-29T19:01:52.770+0000] {processor.py:186} INFO - Started process (PID=1078) to work on /home/airflow/.local/lib/python3.11/site-packages/airflow/example_dags/tutorial_dag.py
[2024-10-29T19:01:52.770+0000] {processor.py:914} INFO - Processing file /home/airflow/.local/lib/python3.11/site-packages/airflow/example_dags/tutorial_dag.py for tasks to queue
[2024-10-29T19:01:52.772+0000] {logging_mixin.py:190} INFO - [2024-10-29T19:01:52.772+0000] {dagbag.py:588} INFO - Filling up the DagBag from /home/airflow/.local/lib/python3.11/site-packages/airflow/example_dags/tutorial_dag.py
[2024-10-29T19:01:52.778+0000] {processor.py:925} INFO - DAG(s) 'tutorial_dag' retrieved from /home/airflow/.local/lib/python3.11/site-packages/airflow/example_dags/tutorial_dag.py
[2024-10-29T19:01:52.792+0000] {logging_mixin.py:190} INFO - [2024-10-29T19:01:52.792+0000] {dag.py:3239} INFO - Sync 1 DAGs
[2024-10-29T19:01:52.801+0000] {logging_mixin.py:190} INFO - [2024-10-29T19:01:52.801+0000] {dag.py:4180} INFO - Setting next_dagrun for tutorial_dag to None, run_after=None
[2024-10-29T19:01:52.811+0000] {processor.py:208} INFO - Processing /home/airflow/.local/lib/python3.11/site-packages/airflow/example_dags/tutorial_dag.py took 0.047 seconds
[2024-10-29T19:02:23.746+0000] {processor.py:186} INFO - Started process (PID=1141) to work on /home/airflow/.local/lib/python3.11/site-packages/airflow/example_dags/tutorial_dag.py
[2024-10-29T19:02:23.747+0000] {processor.py:914} INFO - Processing file /home/airflow/.local/lib/python3.11/site-packages/airflow/example_dags/tutorial_dag.py for tasks to queue
[2024-10-29T19:02:23.749+0000] {logging_mixin.py:190} INFO - [2024-10-29T19:02:23.749+0000] {dagbag.py:588} INFO - Filling up the DagBag from /home/airflow/.local/lib/python3.11/site-packages/airflow/example_dags/tutorial_dag.py
[2024-10-29T19:02:23.757+0000] {processor.py:925} INFO - DAG(s) 'tutorial_dag' retrieved from /home/airflow/.local/lib/python3.11/site-packages/airflow/example_dags/tutorial_dag.py
[2024-10-29T19:02:23.774+0000] {logging_mixin.py:190} INFO - [2024-10-29T19:02:23.773+0000] {dag.py:3239} INFO - Sync 1 DAGs
[2024-10-29T19:02:23.786+0000] {logging_mixin.py:190} INFO - [2024-10-29T19:02:23.786+0000] {dag.py:4180} INFO - Setting next_dagrun for tutorial_dag to None, run_after=None
[2024-10-29T19:02:23.800+0000] {processor.py:208} INFO - Processing /home/airflow/.local/lib/python3.11/site-packages/airflow/example_dags/tutorial_dag.py took 0.061 seconds
[2024-10-29T19:02:54.585+0000] {processor.py:186} INFO - Started process (PID=1204) to work on /home/airflow/.local/lib/python3.11/site-packages/airflow/example_dags/tutorial_dag.py
[2024-10-29T19:02:54.586+0000] {processor.py:914} INFO - Processing file /home/airflow/.local/lib/python3.11/site-packages/airflow/example_dags/tutorial_dag.py for tasks to queue
[2024-10-29T19:02:54.587+0000] {logging_mixin.py:190} INFO - [2024-10-29T19:02:54.587+0000] {dagbag.py:588} INFO - Filling up the DagBag from /home/airflow/.local/lib/python3.11/site-packages/airflow/example_dags/tutorial_dag.py
[2024-10-29T19:02:54.592+0000] {processor.py:925} INFO - DAG(s) 'tutorial_dag' retrieved from /home/airflow/.local/lib/python3.11/site-packages/airflow/example_dags/tutorial_dag.py
[2024-10-29T19:02:54.602+0000] {logging_mixin.py:190} INFO - [2024-10-29T19:02:54.602+0000] {dag.py:3239} INFO - Sync 1 DAGs
[2024-10-29T19:02:54.609+0000] {logging_mixin.py:190} INFO - [2024-10-29T19:02:54.609+0000] {dag.py:4180} INFO - Setting next_dagrun for tutorial_dag to None, run_after=None
[2024-10-29T19:02:54.618+0000] {processor.py:208} INFO - Processing /home/airflow/.local/lib/python3.11/site-packages/airflow/example_dags/tutorial_dag.py took 0.036 seconds
[2024-10-29T19:03:25.471+0000] {processor.py:186} INFO - Started process (PID=1267) to work on /home/airflow/.local/lib/python3.11/site-packages/airflow/example_dags/tutorial_dag.py
[2024-10-29T19:03:25.472+0000] {processor.py:914} INFO - Processing file /home/airflow/.local/lib/python3.11/site-packages/airflow/example_dags/tutorial_dag.py for tasks to queue
[2024-10-29T19:03:25.473+0000] {logging_mixin.py:190} INFO - [2024-10-29T19:03:25.473+0000] {dagbag.py:588} INFO - Filling up the DagBag from /home/airflow/.local/lib/python3.11/site-packages/airflow/example_dags/tutorial_dag.py
[2024-10-29T19:03:25.478+0000] {processor.py:925} INFO - DAG(s) 'tutorial_dag' retrieved from /home/airflow/.local/lib/python3.11/site-packages/airflow/example_dags/tutorial_dag.py
[2024-10-29T19:03:25.487+0000] {logging_mixin.py:190} INFO - [2024-10-29T19:03:25.487+0000] {dag.py:3239} INFO - Sync 1 DAGs
[2024-10-29T19:03:25.496+0000] {logging_mixin.py:190} INFO - [2024-10-29T19:03:25.496+0000] {dag.py:4180} INFO - Setting next_dagrun for tutorial_dag to None, run_after=None
[2024-10-29T19:03:25.506+0000] {processor.py:208} INFO - Processing /home/airflow/.local/lib/python3.11/site-packages/airflow/example_dags/tutorial_dag.py took 0.038 seconds
[2024-10-29T19:03:56.249+0000] {processor.py:186} INFO - Started process (PID=1330) to work on /home/airflow/.local/lib/python3.11/site-packages/airflow/example_dags/tutorial_dag.py
[2024-10-29T19:03:56.250+0000] {processor.py:914} INFO - Processing file /home/airflow/.local/lib/python3.11/site-packages/airflow/example_dags/tutorial_dag.py for tasks to queue
[2024-10-29T19:03:56.254+0000] {logging_mixin.py:190} INFO - [2024-10-29T19:03:56.254+0000] {dagbag.py:588} INFO - Filling up the DagBag from /home/airflow/.local/lib/python3.11/site-packages/airflow/example_dags/tutorial_dag.py
[2024-10-29T19:03:56.258+0000] {processor.py:925} INFO - DAG(s) 'tutorial_dag' retrieved from /home/airflow/.local/lib/python3.11/site-packages/airflow/example_dags/tutorial_dag.py
[2024-10-29T19:03:56.270+0000] {logging_mixin.py:190} INFO - [2024-10-29T19:03:56.269+0000] {dag.py:3239} INFO - Sync 1 DAGs
[2024-10-29T19:03:56.279+0000] {logging_mixin.py:190} INFO - [2024-10-29T19:03:56.279+0000] {dag.py:4180} INFO - Setting next_dagrun for tutorial_dag to None, run_after=None
[2024-10-29T19:03:56.289+0000] {processor.py:208} INFO - Processing /home/airflow/.local/lib/python3.11/site-packages/airflow/example_dags/tutorial_dag.py took 0.044 seconds
[2024-10-29T19:04:26.701+0000] {processor.py:186} INFO - Started process (PID=1393) to work on /home/airflow/.local/lib/python3.11/site-packages/airflow/example_dags/tutorial_dag.py
[2024-10-29T19:04:26.702+0000] {processor.py:914} INFO - Processing file /home/airflow/.local/lib/python3.11/site-packages/airflow/example_dags/tutorial_dag.py for tasks to queue
[2024-10-29T19:04:26.703+0000] {logging_mixin.py:190} INFO - [2024-10-29T19:04:26.703+0000] {dagbag.py:588} INFO - Filling up the DagBag from /home/airflow/.local/lib/python3.11/site-packages/airflow/example_dags/tutorial_dag.py
[2024-10-29T19:04:26.709+0000] {processor.py:925} INFO - DAG(s) 'tutorial_dag' retrieved from /home/airflow/.local/lib/python3.11/site-packages/airflow/example_dags/tutorial_dag.py
[2024-10-29T19:04:26.718+0000] {logging_mixin.py:190} INFO - [2024-10-29T19:04:26.718+0000] {dag.py:3239} INFO - Sync 1 DAGs
[2024-10-29T19:04:26.725+0000] {logging_mixin.py:190} INFO - [2024-10-29T19:04:26.725+0000] {dag.py:4180} INFO - Setting next_dagrun for tutorial_dag to None, run_after=None
[2024-10-29T19:04:26.735+0000] {processor.py:208} INFO - Processing /home/airflow/.local/lib/python3.11/site-packages/airflow/example_dags/tutorial_dag.py took 0.037 seconds
[2024-10-29T19:04:57.229+0000] {processor.py:186} INFO - Started process (PID=1456) to work on /home/airflow/.local/lib/python3.11/site-packages/airflow/example_dags/tutorial_dag.py
[2024-10-29T19:04:57.231+0000] {processor.py:914} INFO - Processing file /home/airflow/.local/lib/python3.11/site-packages/airflow/example_dags/tutorial_dag.py for tasks to queue
[2024-10-29T19:04:57.234+0000] {logging_mixin.py:190} INFO - [2024-10-29T19:04:57.233+0000] {dagbag.py:588} INFO - Filling up the DagBag from /home/airflow/.local/lib/python3.11/site-packages/airflow/example_dags/tutorial_dag.py
[2024-10-29T19:04:57.242+0000] {processor.py:925} INFO - DAG(s) 'tutorial_dag' retrieved from /home/airflow/.local/lib/python3.11/site-packages/airflow/example_dags/tutorial_dag.py
[2024-10-29T19:04:57.254+0000] {logging_mixin.py:190} INFO - [2024-10-29T19:04:57.254+0000] {dag.py:3239} INFO - Sync 1 DAGs
[2024-10-29T19:04:57.262+0000] {logging_mixin.py:190} INFO - [2024-10-29T19:04:57.262+0000] {dag.py:4180} INFO - Setting next_dagrun for tutorial_dag to None, run_after=None
[2024-10-29T19:04:57.273+0000] {processor.py:208} INFO - Processing /home/airflow/.local/lib/python3.11/site-packages/airflow/example_dags/tutorial_dag.py took 0.049 seconds
[2024-10-29T19:05:27.748+0000] {processor.py:186} INFO - Started process (PID=1519) to work on /home/airflow/.local/lib/python3.11/site-packages/airflow/example_dags/tutorial_dag.py
[2024-10-29T19:05:27.749+0000] {processor.py:914} INFO - Processing file /home/airflow/.local/lib/python3.11/site-packages/airflow/example_dags/tutorial_dag.py for tasks to queue
[2024-10-29T19:05:27.750+0000] {logging_mixin.py:190} INFO - [2024-10-29T19:05:27.750+0000] {dagbag.py:588} INFO - Filling up the DagBag from /home/airflow/.local/lib/python3.11/site-packages/airflow/example_dags/tutorial_dag.py
[2024-10-29T19:05:27.755+0000] {processor.py:925} INFO - DAG(s) 'tutorial_dag' retrieved from /home/airflow/.local/lib/python3.11/site-packages/airflow/example_dags/tutorial_dag.py
[2024-10-29T19:05:27.766+0000] {logging_mixin.py:190} INFO - [2024-10-29T19:05:27.766+0000] {dag.py:3239} INFO - Sync 1 DAGs
[2024-10-29T19:05:27.773+0000] {logging_mixin.py:190} INFO - [2024-10-29T19:05:27.773+0000] {dag.py:4180} INFO - Setting next_dagrun for tutorial_dag to None, run_after=None
[2024-10-29T19:05:27.783+0000] {processor.py:208} INFO - Processing /home/airflow/.local/lib/python3.11/site-packages/airflow/example_dags/tutorial_dag.py took 0.038 seconds
[2024-10-29T19:05:58.058+0000] {processor.py:186} INFO - Started process (PID=1582) to work on /home/airflow/.local/lib/python3.11/site-packages/airflow/example_dags/tutorial_dag.py
[2024-10-29T19:05:58.059+0000] {processor.py:914} INFO - Processing file /home/airflow/.local/lib/python3.11/site-packages/airflow/example_dags/tutorial_dag.py for tasks to queue
[2024-10-29T19:05:58.061+0000] {logging_mixin.py:190} INFO - [2024-10-29T19:05:58.060+0000] {dagbag.py:588} INFO - Filling up the DagBag from /home/airflow/.local/lib/python3.11/site-packages/airflow/example_dags/tutorial_dag.py
[2024-10-29T19:05:58.066+0000] {processor.py:925} INFO - DAG(s) 'tutorial_dag' retrieved from /home/airflow/.local/lib/python3.11/site-packages/airflow/example_dags/tutorial_dag.py
[2024-10-29T19:05:58.076+0000] {logging_mixin.py:190} INFO - [2024-10-29T19:05:58.076+0000] {dag.py:3239} INFO - Sync 1 DAGs
[2024-10-29T19:05:58.083+0000] {logging_mixin.py:190} INFO - [2024-10-29T19:05:58.083+0000] {dag.py:4180} INFO - Setting next_dagrun for tutorial_dag to None, run_after=None
[2024-10-29T19:05:58.091+0000] {processor.py:208} INFO - Processing /home/airflow/.local/lib/python3.11/site-packages/airflow/example_dags/tutorial_dag.py took 0.036 seconds
[2024-10-29T19:23:17.976+0000] {processor.py:186} INFO - Started process (PID=1620) to work on /home/airflow/.local/lib/python3.11/site-packages/airflow/example_dags/tutorial_dag.py
[2024-10-29T19:23:17.977+0000] {processor.py:914} INFO - Processing file /home/airflow/.local/lib/python3.11/site-packages/airflow/example_dags/tutorial_dag.py for tasks to queue
[2024-10-29T19:23:17.978+0000] {logging_mixin.py:190} INFO - [2024-10-29T19:23:17.978+0000] {dagbag.py:588} INFO - Filling up the DagBag from /home/airflow/.local/lib/python3.11/site-packages/airflow/example_dags/tutorial_dag.py
[2024-10-29T19:23:17.982+0000] {processor.py:925} INFO - DAG(s) 'tutorial_dag' retrieved from /home/airflow/.local/lib/python3.11/site-packages/airflow/example_dags/tutorial_dag.py
[2024-10-29T19:23:17.992+0000] {logging_mixin.py:190} INFO - [2024-10-29T19:23:17.992+0000] {dag.py:3239} INFO - Sync 1 DAGs
[2024-10-29T19:23:17.999+0000] {logging_mixin.py:190} INFO - [2024-10-29T19:23:17.998+0000] {dag.py:4180} INFO - Setting next_dagrun for tutorial_dag to None, run_after=None
[2024-10-29T19:23:18.007+0000] {processor.py:208} INFO - Processing /home/airflow/.local/lib/python3.11/site-packages/airflow/example_dags/tutorial_dag.py took 0.035 seconds
[2024-10-29T20:00:04.246+0000] {processor.py:186} INFO - Started process (PID=1683) to work on /home/airflow/.local/lib/python3.11/site-packages/airflow/example_dags/tutorial_dag.py
[2024-10-29T20:00:04.247+0000] {processor.py:914} INFO - Processing file /home/airflow/.local/lib/python3.11/site-packages/airflow/example_dags/tutorial_dag.py for tasks to queue
[2024-10-29T20:00:04.248+0000] {logging_mixin.py:190} INFO - [2024-10-29T20:00:04.248+0000] {dagbag.py:588} INFO - Filling up the DagBag from /home/airflow/.local/lib/python3.11/site-packages/airflow/example_dags/tutorial_dag.py
[2024-10-29T20:00:04.253+0000] {processor.py:925} INFO - DAG(s) 'tutorial_dag' retrieved from /home/airflow/.local/lib/python3.11/site-packages/airflow/example_dags/tutorial_dag.py
[2024-10-29T20:00:04.264+0000] {logging_mixin.py:190} INFO - [2024-10-29T20:00:04.264+0000] {dag.py:3239} INFO - Sync 1 DAGs
[2024-10-29T20:00:04.277+0000] {logging_mixin.py:190} INFO - [2024-10-29T20:00:04.276+0000] {dag.py:4180} INFO - Setting next_dagrun for tutorial_dag to None, run_after=None
[2024-10-29T20:00:04.290+0000] {processor.py:208} INFO - Processing /home/airflow/.local/lib/python3.11/site-packages/airflow/example_dags/tutorial_dag.py took 0.048 seconds
[2024-10-29T20:32:00.975+0000] {processor.py:186} INFO - Started process (PID=1746) to work on /home/airflow/.local/lib/python3.11/site-packages/airflow/example_dags/tutorial_dag.py
[2024-10-29T20:32:00.976+0000] {processor.py:914} INFO - Processing file /home/airflow/.local/lib/python3.11/site-packages/airflow/example_dags/tutorial_dag.py for tasks to queue
[2024-10-29T20:32:00.978+0000] {logging_mixin.py:190} INFO - [2024-10-29T20:32:00.978+0000] {dagbag.py:588} INFO - Filling up the DagBag from /home/airflow/.local/lib/python3.11/site-packages/airflow/example_dags/tutorial_dag.py
[2024-10-29T20:32:00.983+0000] {processor.py:925} INFO - DAG(s) 'tutorial_dag' retrieved from /home/airflow/.local/lib/python3.11/site-packages/airflow/example_dags/tutorial_dag.py
[2024-10-29T20:32:00.994+0000] {logging_mixin.py:190} INFO - [2024-10-29T20:32:00.994+0000] {dag.py:3239} INFO - Sync 1 DAGs
[2024-10-29T20:32:01.002+0000] {logging_mixin.py:190} INFO - [2024-10-29T20:32:01.002+0000] {dag.py:4180} INFO - Setting next_dagrun for tutorial_dag to None, run_after=None
[2024-10-29T20:32:01.011+0000] {processor.py:208} INFO - Processing /home/airflow/.local/lib/python3.11/site-packages/airflow/example_dags/tutorial_dag.py took 0.040 seconds
[2024-10-29T20:58:59.467+0000] {processor.py:186} INFO - Started process (PID=1809) to work on /home/airflow/.local/lib/python3.11/site-packages/airflow/example_dags/tutorial_dag.py
[2024-10-29T20:58:59.467+0000] {processor.py:914} INFO - Processing file /home/airflow/.local/lib/python3.11/site-packages/airflow/example_dags/tutorial_dag.py for tasks to queue
[2024-10-29T20:58:59.469+0000] {logging_mixin.py:190} INFO - [2024-10-29T20:58:59.469+0000] {dagbag.py:588} INFO - Filling up the DagBag from /home/airflow/.local/lib/python3.11/site-packages/airflow/example_dags/tutorial_dag.py
[2024-10-29T20:58:59.475+0000] {processor.py:925} INFO - DAG(s) 'tutorial_dag' retrieved from /home/airflow/.local/lib/python3.11/site-packages/airflow/example_dags/tutorial_dag.py
[2024-10-29T20:58:59.486+0000] {logging_mixin.py:190} INFO - [2024-10-29T20:58:59.486+0000] {dag.py:3239} INFO - Sync 1 DAGs
[2024-10-29T20:58:59.493+0000] {logging_mixin.py:190} INFO - [2024-10-29T20:58:59.493+0000] {dag.py:4180} INFO - Setting next_dagrun for tutorial_dag to None, run_after=None
[2024-10-29T20:58:59.500+0000] {processor.py:208} INFO - Processing /home/airflow/.local/lib/python3.11/site-packages/airflow/example_dags/tutorial_dag.py took 0.037 seconds
[2024-10-29T21:40:53.338+0000] {processor.py:186} INFO - Started process (PID=1872) to work on /home/airflow/.local/lib/python3.11/site-packages/airflow/example_dags/tutorial_dag.py
[2024-10-29T21:40:53.339+0000] {processor.py:914} INFO - Processing file /home/airflow/.local/lib/python3.11/site-packages/airflow/example_dags/tutorial_dag.py for tasks to queue
[2024-10-29T21:40:53.340+0000] {logging_mixin.py:190} INFO - [2024-10-29T21:40:53.340+0000] {dagbag.py:588} INFO - Filling up the DagBag from /home/airflow/.local/lib/python3.11/site-packages/airflow/example_dags/tutorial_dag.py
[2024-10-29T21:40:53.345+0000] {processor.py:925} INFO - DAG(s) 'tutorial_dag' retrieved from /home/airflow/.local/lib/python3.11/site-packages/airflow/example_dags/tutorial_dag.py
[2024-10-29T21:40:53.356+0000] {logging_mixin.py:190} INFO - [2024-10-29T21:40:53.356+0000] {dag.py:3239} INFO - Sync 1 DAGs
[2024-10-29T21:40:53.363+0000] {logging_mixin.py:190} INFO - [2024-10-29T21:40:53.363+0000] {dag.py:4180} INFO - Setting next_dagrun for tutorial_dag to None, run_after=None
[2024-10-29T21:40:53.371+0000] {processor.py:208} INFO - Processing /home/airflow/.local/lib/python3.11/site-packages/airflow/example_dags/tutorial_dag.py took 0.037 seconds
[2024-10-29T22:49:28.100+0000] {processor.py:186} INFO - Started process (PID=1935) to work on /home/airflow/.local/lib/python3.11/site-packages/airflow/example_dags/tutorial_dag.py
[2024-10-29T22:49:28.101+0000] {processor.py:914} INFO - Processing file /home/airflow/.local/lib/python3.11/site-packages/airflow/example_dags/tutorial_dag.py for tasks to queue
[2024-10-29T22:49:28.102+0000] {logging_mixin.py:190} INFO - [2024-10-29T22:49:28.102+0000] {dagbag.py:588} INFO - Filling up the DagBag from /home/airflow/.local/lib/python3.11/site-packages/airflow/example_dags/tutorial_dag.py
[2024-10-29T22:49:28.106+0000] {processor.py:925} INFO - DAG(s) 'tutorial_dag' retrieved from /home/airflow/.local/lib/python3.11/site-packages/airflow/example_dags/tutorial_dag.py
[2024-10-29T22:49:28.116+0000] {logging_mixin.py:190} INFO - [2024-10-29T22:49:28.116+0000] {dag.py:3239} INFO - Sync 1 DAGs
[2024-10-29T22:49:28.123+0000] {logging_mixin.py:190} INFO - [2024-10-29T22:49:28.123+0000] {dag.py:4180} INFO - Setting next_dagrun for tutorial_dag to None, run_after=None
[2024-10-29T22:49:28.131+0000] {processor.py:208} INFO - Processing /home/airflow/.local/lib/python3.11/site-packages/airflow/example_dags/tutorial_dag.py took 0.034 seconds
[2024-10-29T23:03:28.232+0000] {processor.py:186} INFO - Started process (PID=1998) to work on /home/airflow/.local/lib/python3.11/site-packages/airflow/example_dags/tutorial_dag.py
[2024-10-29T23:03:28.233+0000] {processor.py:914} INFO - Processing file /home/airflow/.local/lib/python3.11/site-packages/airflow/example_dags/tutorial_dag.py for tasks to queue
[2024-10-29T23:03:28.234+0000] {logging_mixin.py:190} INFO - [2024-10-29T23:03:28.234+0000] {dagbag.py:588} INFO - Filling up the DagBag from /home/airflow/.local/lib/python3.11/site-packages/airflow/example_dags/tutorial_dag.py
[2024-10-29T23:03:28.241+0000] {processor.py:925} INFO - DAG(s) 'tutorial_dag' retrieved from /home/airflow/.local/lib/python3.11/site-packages/airflow/example_dags/tutorial_dag.py
[2024-10-29T23:03:28.261+0000] {logging_mixin.py:190} INFO - [2024-10-29T23:03:28.261+0000] {dag.py:3239} INFO - Sync 1 DAGs
[2024-10-29T23:03:28.273+0000] {logging_mixin.py:190} INFO - [2024-10-29T23:03:28.273+0000] {dag.py:4180} INFO - Setting next_dagrun for tutorial_dag to None, run_after=None
[2024-10-29T23:03:28.289+0000] {processor.py:208} INFO - Processing /home/airflow/.local/lib/python3.11/site-packages/airflow/example_dags/tutorial_dag.py took 0.062 seconds
