[2024-10-29T00:50:13.744+0000] {processor.py:186} INFO - Started process (PID=47623) to work on /home/airflow/.local/lib/python3.11/site-packages/airflow/example_dags/tutorial_taskflow_api.py
[2024-10-29T00:50:13.744+0000] {processor.py:914} INFO - Processing file /home/airflow/.local/lib/python3.11/site-packages/airflow/example_dags/tutorial_taskflow_api.py for tasks to queue
[2024-10-29T00:50:13.746+0000] {logging_mixin.py:190} INFO - [2024-10-29T00:50:13.746+0000] {dagbag.py:588} INFO - Filling up the DagBag from /home/airflow/.local/lib/python3.11/site-packages/airflow/example_dags/tutorial_taskflow_api.py
[2024-10-29T00:50:13.753+0000] {processor.py:925} INFO - DAG(s) 'tutorial_taskflow_api' retrieved from /home/airflow/.local/lib/python3.11/site-packages/airflow/example_dags/tutorial_taskflow_api.py
[2024-10-29T00:50:13.767+0000] {logging_mixin.py:190} INFO - [2024-10-29T00:50:13.767+0000] {dag.py:3239} INFO - Sync 1 DAGs
[2024-10-29T00:50:13.776+0000] {logging_mixin.py:190} INFO - [2024-10-29T00:50:13.776+0000] {dag.py:4180} INFO - Setting next_dagrun for tutorial_taskflow_api to None, run_after=None
[2024-10-29T00:50:13.786+0000] {processor.py:208} INFO - Processing /home/airflow/.local/lib/python3.11/site-packages/airflow/example_dags/tutorial_taskflow_api.py took 0.047 seconds
[2024-10-29T02:13:53.610+0000] {processor.py:186} INFO - Started process (PID=47686) to work on /home/airflow/.local/lib/python3.11/site-packages/airflow/example_dags/tutorial_taskflow_api.py
[2024-10-29T02:13:53.610+0000] {processor.py:914} INFO - Processing file /home/airflow/.local/lib/python3.11/site-packages/airflow/example_dags/tutorial_taskflow_api.py for tasks to queue
[2024-10-29T02:13:53.612+0000] {logging_mixin.py:190} INFO - [2024-10-29T02:13:53.612+0000] {dagbag.py:588} INFO - Filling up the DagBag from /home/airflow/.local/lib/python3.11/site-packages/airflow/example_dags/tutorial_taskflow_api.py
[2024-10-29T02:13:53.616+0000] {processor.py:925} INFO - DAG(s) 'tutorial_taskflow_api' retrieved from /home/airflow/.local/lib/python3.11/site-packages/airflow/example_dags/tutorial_taskflow_api.py
[2024-10-29T02:13:53.627+0000] {logging_mixin.py:190} INFO - [2024-10-29T02:13:53.626+0000] {dag.py:3239} INFO - Sync 1 DAGs
[2024-10-29T02:13:53.633+0000] {logging_mixin.py:190} INFO - [2024-10-29T02:13:53.633+0000] {dag.py:4180} INFO - Setting next_dagrun for tutorial_taskflow_api to None, run_after=None
[2024-10-29T02:13:53.641+0000] {processor.py:208} INFO - Processing /home/airflow/.local/lib/python3.11/site-packages/airflow/example_dags/tutorial_taskflow_api.py took 0.035 seconds
[2024-10-29T02:45:22.630+0000] {processor.py:186} INFO - Started process (PID=47749) to work on /home/airflow/.local/lib/python3.11/site-packages/airflow/example_dags/tutorial_taskflow_api.py
[2024-10-29T02:45:22.631+0000] {processor.py:914} INFO - Processing file /home/airflow/.local/lib/python3.11/site-packages/airflow/example_dags/tutorial_taskflow_api.py for tasks to queue
[2024-10-29T02:45:22.633+0000] {logging_mixin.py:190} INFO - [2024-10-29T02:45:22.632+0000] {dagbag.py:588} INFO - Filling up the DagBag from /home/airflow/.local/lib/python3.11/site-packages/airflow/example_dags/tutorial_taskflow_api.py
[2024-10-29T02:45:22.637+0000] {processor.py:925} INFO - DAG(s) 'tutorial_taskflow_api' retrieved from /home/airflow/.local/lib/python3.11/site-packages/airflow/example_dags/tutorial_taskflow_api.py
[2024-10-29T02:45:22.648+0000] {logging_mixin.py:190} INFO - [2024-10-29T02:45:22.647+0000] {dag.py:3239} INFO - Sync 1 DAGs
[2024-10-29T02:45:22.655+0000] {logging_mixin.py:190} INFO - [2024-10-29T02:45:22.655+0000] {dag.py:4180} INFO - Setting next_dagrun for tutorial_taskflow_api to None, run_after=None
[2024-10-29T02:45:22.663+0000] {processor.py:208} INFO - Processing /home/airflow/.local/lib/python3.11/site-packages/airflow/example_dags/tutorial_taskflow_api.py took 0.036 seconds
[2024-10-29T03:18:13.012+0000] {processor.py:186} INFO - Started process (PID=47812) to work on /home/airflow/.local/lib/python3.11/site-packages/airflow/example_dags/tutorial_taskflow_api.py
[2024-10-29T03:18:13.013+0000] {processor.py:914} INFO - Processing file /home/airflow/.local/lib/python3.11/site-packages/airflow/example_dags/tutorial_taskflow_api.py for tasks to queue
[2024-10-29T03:18:13.015+0000] {logging_mixin.py:190} INFO - [2024-10-29T03:18:13.014+0000] {dagbag.py:588} INFO - Filling up the DagBag from /home/airflow/.local/lib/python3.11/site-packages/airflow/example_dags/tutorial_taskflow_api.py
[2024-10-29T03:18:13.019+0000] {processor.py:925} INFO - DAG(s) 'tutorial_taskflow_api' retrieved from /home/airflow/.local/lib/python3.11/site-packages/airflow/example_dags/tutorial_taskflow_api.py
[2024-10-29T03:18:13.029+0000] {logging_mixin.py:190} INFO - [2024-10-29T03:18:13.029+0000] {dag.py:3239} INFO - Sync 1 DAGs
[2024-10-29T03:18:13.036+0000] {logging_mixin.py:190} INFO - [2024-10-29T03:18:13.036+0000] {dag.py:4180} INFO - Setting next_dagrun for tutorial_taskflow_api to None, run_after=None
[2024-10-29T03:18:13.044+0000] {processor.py:208} INFO - Processing /home/airflow/.local/lib/python3.11/site-packages/airflow/example_dags/tutorial_taskflow_api.py took 0.035 seconds
[2024-10-29T03:45:36.136+0000] {processor.py:186} INFO - Started process (PID=47875) to work on /home/airflow/.local/lib/python3.11/site-packages/airflow/example_dags/tutorial_taskflow_api.py
[2024-10-29T03:45:36.136+0000] {processor.py:914} INFO - Processing file /home/airflow/.local/lib/python3.11/site-packages/airflow/example_dags/tutorial_taskflow_api.py for tasks to queue
[2024-10-29T03:45:36.138+0000] {logging_mixin.py:190} INFO - [2024-10-29T03:45:36.138+0000] {dagbag.py:588} INFO - Filling up the DagBag from /home/airflow/.local/lib/python3.11/site-packages/airflow/example_dags/tutorial_taskflow_api.py
[2024-10-29T03:45:36.143+0000] {processor.py:925} INFO - DAG(s) 'tutorial_taskflow_api' retrieved from /home/airflow/.local/lib/python3.11/site-packages/airflow/example_dags/tutorial_taskflow_api.py
[2024-10-29T03:45:36.156+0000] {logging_mixin.py:190} INFO - [2024-10-29T03:45:36.155+0000] {dag.py:3239} INFO - Sync 1 DAGs
[2024-10-29T03:45:36.164+0000] {logging_mixin.py:190} INFO - [2024-10-29T03:45:36.164+0000] {dag.py:4180} INFO - Setting next_dagrun for tutorial_taskflow_api to None, run_after=None
[2024-10-29T03:45:36.174+0000] {processor.py:208} INFO - Processing /home/airflow/.local/lib/python3.11/site-packages/airflow/example_dags/tutorial_taskflow_api.py took 0.042 seconds
[2024-10-29T04:34:58.713+0000] {processor.py:186} INFO - Started process (PID=47937) to work on /home/airflow/.local/lib/python3.11/site-packages/airflow/example_dags/tutorial_taskflow_api.py
[2024-10-29T04:34:58.714+0000] {processor.py:914} INFO - Processing file /home/airflow/.local/lib/python3.11/site-packages/airflow/example_dags/tutorial_taskflow_api.py for tasks to queue
[2024-10-29T04:34:58.715+0000] {logging_mixin.py:190} INFO - [2024-10-29T04:34:58.715+0000] {dagbag.py:588} INFO - Filling up the DagBag from /home/airflow/.local/lib/python3.11/site-packages/airflow/example_dags/tutorial_taskflow_api.py
[2024-10-29T04:34:58.719+0000] {processor.py:925} INFO - DAG(s) 'tutorial_taskflow_api' retrieved from /home/airflow/.local/lib/python3.11/site-packages/airflow/example_dags/tutorial_taskflow_api.py
[2024-10-29T04:34:58.730+0000] {logging_mixin.py:190} INFO - [2024-10-29T04:34:58.730+0000] {dag.py:3239} INFO - Sync 1 DAGs
[2024-10-29T04:34:58.736+0000] {logging_mixin.py:190} INFO - [2024-10-29T04:34:58.736+0000] {dag.py:4180} INFO - Setting next_dagrun for tutorial_taskflow_api to None, run_after=None
[2024-10-29T04:34:58.745+0000] {processor.py:208} INFO - Processing /home/airflow/.local/lib/python3.11/site-packages/airflow/example_dags/tutorial_taskflow_api.py took 0.035 seconds
[2024-10-29T04:59:48.843+0000] {processor.py:186} INFO - Started process (PID=47994) to work on /home/airflow/.local/lib/python3.11/site-packages/airflow/example_dags/tutorial_taskflow_api.py
[2024-10-29T04:59:48.844+0000] {processor.py:914} INFO - Processing file /home/airflow/.local/lib/python3.11/site-packages/airflow/example_dags/tutorial_taskflow_api.py for tasks to queue
[2024-10-29T04:59:48.845+0000] {logging_mixin.py:190} INFO - [2024-10-29T04:59:48.845+0000] {dagbag.py:588} INFO - Filling up the DagBag from /home/airflow/.local/lib/python3.11/site-packages/airflow/example_dags/tutorial_taskflow_api.py
[2024-10-29T04:59:48.850+0000] {processor.py:925} INFO - DAG(s) 'tutorial_taskflow_api' retrieved from /home/airflow/.local/lib/python3.11/site-packages/airflow/example_dags/tutorial_taskflow_api.py
[2024-10-29T04:59:48.860+0000] {logging_mixin.py:190} INFO - [2024-10-29T04:59:48.859+0000] {dag.py:3239} INFO - Sync 1 DAGs
[2024-10-29T04:59:48.866+0000] {logging_mixin.py:190} INFO - [2024-10-29T04:59:48.866+0000] {dag.py:4180} INFO - Setting next_dagrun for tutorial_taskflow_api to None, run_after=None
[2024-10-29T04:59:48.874+0000] {processor.py:208} INFO - Processing /home/airflow/.local/lib/python3.11/site-packages/airflow/example_dags/tutorial_taskflow_api.py took 0.034 seconds
[2024-10-29T05:52:13.354+0000] {processor.py:186} INFO - Started process (PID=48062) to work on /home/airflow/.local/lib/python3.11/site-packages/airflow/example_dags/tutorial_taskflow_api.py
[2024-10-29T05:52:13.354+0000] {processor.py:914} INFO - Processing file /home/airflow/.local/lib/python3.11/site-packages/airflow/example_dags/tutorial_taskflow_api.py for tasks to queue
[2024-10-29T05:52:13.356+0000] {logging_mixin.py:190} INFO - [2024-10-29T05:52:13.356+0000] {dagbag.py:588} INFO - Filling up the DagBag from /home/airflow/.local/lib/python3.11/site-packages/airflow/example_dags/tutorial_taskflow_api.py
[2024-10-29T05:52:13.361+0000] {processor.py:925} INFO - DAG(s) 'tutorial_taskflow_api' retrieved from /home/airflow/.local/lib/python3.11/site-packages/airflow/example_dags/tutorial_taskflow_api.py
[2024-10-29T05:52:13.371+0000] {logging_mixin.py:190} INFO - [2024-10-29T05:52:13.371+0000] {dag.py:3239} INFO - Sync 1 DAGs
[2024-10-29T05:52:13.377+0000] {logging_mixin.py:190} INFO - [2024-10-29T05:52:13.377+0000] {dag.py:4180} INFO - Setting next_dagrun for tutorial_taskflow_api to None, run_after=None
[2024-10-29T05:52:13.385+0000] {processor.py:208} INFO - Processing /home/airflow/.local/lib/python3.11/site-packages/airflow/example_dags/tutorial_taskflow_api.py took 0.035 seconds
[2024-10-29T06:31:00.053+0000] {processor.py:186} INFO - Started process (PID=48119) to work on /home/airflow/.local/lib/python3.11/site-packages/airflow/example_dags/tutorial_taskflow_api.py
[2024-10-29T06:31:00.054+0000] {processor.py:914} INFO - Processing file /home/airflow/.local/lib/python3.11/site-packages/airflow/example_dags/tutorial_taskflow_api.py for tasks to queue
[2024-10-29T06:31:00.055+0000] {logging_mixin.py:190} INFO - [2024-10-29T06:31:00.055+0000] {dagbag.py:588} INFO - Filling up the DagBag from /home/airflow/.local/lib/python3.11/site-packages/airflow/example_dags/tutorial_taskflow_api.py
[2024-10-29T06:31:00.060+0000] {processor.py:925} INFO - DAG(s) 'tutorial_taskflow_api' retrieved from /home/airflow/.local/lib/python3.11/site-packages/airflow/example_dags/tutorial_taskflow_api.py
[2024-10-29T06:31:00.069+0000] {logging_mixin.py:190} INFO - [2024-10-29T06:31:00.069+0000] {dag.py:3239} INFO - Sync 1 DAGs
[2024-10-29T06:31:00.075+0000] {logging_mixin.py:190} INFO - [2024-10-29T06:31:00.075+0000] {dag.py:4180} INFO - Setting next_dagrun for tutorial_taskflow_api to None, run_after=None
[2024-10-29T06:31:00.090+0000] {processor.py:208} INFO - Processing /home/airflow/.local/lib/python3.11/site-packages/airflow/example_dags/tutorial_taskflow_api.py took 0.040 seconds
[2024-10-29T07:19:57.776+0000] {processor.py:186} INFO - Started process (PID=48187) to work on /home/airflow/.local/lib/python3.11/site-packages/airflow/example_dags/tutorial_taskflow_api.py
[2024-10-29T07:19:57.777+0000] {processor.py:914} INFO - Processing file /home/airflow/.local/lib/python3.11/site-packages/airflow/example_dags/tutorial_taskflow_api.py for tasks to queue
[2024-10-29T07:19:57.779+0000] {logging_mixin.py:190} INFO - [2024-10-29T07:19:57.779+0000] {dagbag.py:588} INFO - Filling up the DagBag from /home/airflow/.local/lib/python3.11/site-packages/airflow/example_dags/tutorial_taskflow_api.py
[2024-10-29T07:19:57.785+0000] {processor.py:925} INFO - DAG(s) 'tutorial_taskflow_api' retrieved from /home/airflow/.local/lib/python3.11/site-packages/airflow/example_dags/tutorial_taskflow_api.py
[2024-10-29T07:19:57.798+0000] {logging_mixin.py:190} INFO - [2024-10-29T07:19:57.797+0000] {dag.py:3239} INFO - Sync 1 DAGs
[2024-10-29T07:19:57.806+0000] {logging_mixin.py:190} INFO - [2024-10-29T07:19:57.805+0000] {dag.py:4180} INFO - Setting next_dagrun for tutorial_taskflow_api to None, run_after=None
[2024-10-29T07:19:57.815+0000] {processor.py:208} INFO - Processing /home/airflow/.local/lib/python3.11/site-packages/airflow/example_dags/tutorial_taskflow_api.py took 0.044 seconds
[2024-10-29T07:59:19.361+0000] {processor.py:186} INFO - Started process (PID=48250) to work on /home/airflow/.local/lib/python3.11/site-packages/airflow/example_dags/tutorial_taskflow_api.py
[2024-10-29T07:59:19.363+0000] {processor.py:914} INFO - Processing file /home/airflow/.local/lib/python3.11/site-packages/airflow/example_dags/tutorial_taskflow_api.py for tasks to queue
[2024-10-29T07:59:19.368+0000] {logging_mixin.py:190} INFO - [2024-10-29T07:59:19.367+0000] {dagbag.py:588} INFO - Filling up the DagBag from /home/airflow/.local/lib/python3.11/site-packages/airflow/example_dags/tutorial_taskflow_api.py
[2024-10-29T07:59:19.385+0000] {processor.py:925} INFO - DAG(s) 'tutorial_taskflow_api' retrieved from /home/airflow/.local/lib/python3.11/site-packages/airflow/example_dags/tutorial_taskflow_api.py
[2024-10-29T07:59:19.433+0000] {logging_mixin.py:190} INFO - [2024-10-29T07:59:19.432+0000] {dag.py:3239} INFO - Sync 1 DAGs
[2024-10-29T07:59:19.461+0000] {logging_mixin.py:190} INFO - [2024-10-29T07:59:19.461+0000] {dag.py:4180} INFO - Setting next_dagrun for tutorial_taskflow_api to None, run_after=None
[2024-10-29T07:59:19.476+0000] {processor.py:208} INFO - Processing /home/airflow/.local/lib/python3.11/site-packages/airflow/example_dags/tutorial_taskflow_api.py took 0.122 seconds
[2024-10-29T07:59:49.747+0000] {processor.py:186} INFO - Started process (PID=48314) to work on /home/airflow/.local/lib/python3.11/site-packages/airflow/example_dags/tutorial_taskflow_api.py
[2024-10-29T07:59:49.748+0000] {processor.py:914} INFO - Processing file /home/airflow/.local/lib/python3.11/site-packages/airflow/example_dags/tutorial_taskflow_api.py for tasks to queue
[2024-10-29T07:59:49.749+0000] {logging_mixin.py:190} INFO - [2024-10-29T07:59:49.749+0000] {dagbag.py:588} INFO - Filling up the DagBag from /home/airflow/.local/lib/python3.11/site-packages/airflow/example_dags/tutorial_taskflow_api.py
[2024-10-29T07:59:49.755+0000] {processor.py:925} INFO - DAG(s) 'tutorial_taskflow_api' retrieved from /home/airflow/.local/lib/python3.11/site-packages/airflow/example_dags/tutorial_taskflow_api.py
[2024-10-29T07:59:49.766+0000] {logging_mixin.py:190} INFO - [2024-10-29T07:59:49.766+0000] {dag.py:3239} INFO - Sync 1 DAGs
[2024-10-29T07:59:49.773+0000] {logging_mixin.py:190} INFO - [2024-10-29T07:59:49.773+0000] {dag.py:4180} INFO - Setting next_dagrun for tutorial_taskflow_api to None, run_after=None
[2024-10-29T07:59:49.784+0000] {processor.py:208} INFO - Processing /home/airflow/.local/lib/python3.11/site-packages/airflow/example_dags/tutorial_taskflow_api.py took 0.041 seconds
[2024-10-29T08:00:20.102+0000] {processor.py:186} INFO - Started process (PID=48377) to work on /home/airflow/.local/lib/python3.11/site-packages/airflow/example_dags/tutorial_taskflow_api.py
[2024-10-29T08:00:20.103+0000] {processor.py:914} INFO - Processing file /home/airflow/.local/lib/python3.11/site-packages/airflow/example_dags/tutorial_taskflow_api.py for tasks to queue
[2024-10-29T08:00:20.104+0000] {logging_mixin.py:190} INFO - [2024-10-29T08:00:20.104+0000] {dagbag.py:588} INFO - Filling up the DagBag from /home/airflow/.local/lib/python3.11/site-packages/airflow/example_dags/tutorial_taskflow_api.py
[2024-10-29T08:00:20.109+0000] {processor.py:925} INFO - DAG(s) 'tutorial_taskflow_api' retrieved from /home/airflow/.local/lib/python3.11/site-packages/airflow/example_dags/tutorial_taskflow_api.py
[2024-10-29T08:00:20.120+0000] {logging_mixin.py:190} INFO - [2024-10-29T08:00:20.120+0000] {dag.py:3239} INFO - Sync 1 DAGs
[2024-10-29T08:00:20.126+0000] {logging_mixin.py:190} INFO - [2024-10-29T08:00:20.126+0000] {dag.py:4180} INFO - Setting next_dagrun for tutorial_taskflow_api to None, run_after=None
[2024-10-29T08:00:20.135+0000] {processor.py:208} INFO - Processing /home/airflow/.local/lib/python3.11/site-packages/airflow/example_dags/tutorial_taskflow_api.py took 0.037 seconds
[2024-10-29T08:00:50.408+0000] {processor.py:186} INFO - Started process (PID=48440) to work on /home/airflow/.local/lib/python3.11/site-packages/airflow/example_dags/tutorial_taskflow_api.py
[2024-10-29T08:00:50.409+0000] {processor.py:914} INFO - Processing file /home/airflow/.local/lib/python3.11/site-packages/airflow/example_dags/tutorial_taskflow_api.py for tasks to queue
[2024-10-29T08:00:50.412+0000] {logging_mixin.py:190} INFO - [2024-10-29T08:00:50.411+0000] {dagbag.py:588} INFO - Filling up the DagBag from /home/airflow/.local/lib/python3.11/site-packages/airflow/example_dags/tutorial_taskflow_api.py
[2024-10-29T08:00:50.416+0000] {processor.py:925} INFO - DAG(s) 'tutorial_taskflow_api' retrieved from /home/airflow/.local/lib/python3.11/site-packages/airflow/example_dags/tutorial_taskflow_api.py
[2024-10-29T08:00:50.427+0000] {logging_mixin.py:190} INFO - [2024-10-29T08:00:50.427+0000] {dag.py:3239} INFO - Sync 1 DAGs
[2024-10-29T08:00:50.434+0000] {logging_mixin.py:190} INFO - [2024-10-29T08:00:50.434+0000] {dag.py:4180} INFO - Setting next_dagrun for tutorial_taskflow_api to None, run_after=None
[2024-10-29T08:00:50.442+0000] {processor.py:208} INFO - Processing /home/airflow/.local/lib/python3.11/site-packages/airflow/example_dags/tutorial_taskflow_api.py took 0.037 seconds
[2024-10-29T08:01:21.179+0000] {processor.py:186} INFO - Started process (PID=48503) to work on /home/airflow/.local/lib/python3.11/site-packages/airflow/example_dags/tutorial_taskflow_api.py
[2024-10-29T08:01:21.180+0000] {processor.py:914} INFO - Processing file /home/airflow/.local/lib/python3.11/site-packages/airflow/example_dags/tutorial_taskflow_api.py for tasks to queue
[2024-10-29T08:01:21.182+0000] {logging_mixin.py:190} INFO - [2024-10-29T08:01:21.182+0000] {dagbag.py:588} INFO - Filling up the DagBag from /home/airflow/.local/lib/python3.11/site-packages/airflow/example_dags/tutorial_taskflow_api.py
[2024-10-29T08:01:21.187+0000] {processor.py:925} INFO - DAG(s) 'tutorial_taskflow_api' retrieved from /home/airflow/.local/lib/python3.11/site-packages/airflow/example_dags/tutorial_taskflow_api.py
[2024-10-29T08:01:21.206+0000] {logging_mixin.py:190} INFO - [2024-10-29T08:01:21.205+0000] {dag.py:3239} INFO - Sync 1 DAGs
[2024-10-29T08:01:21.218+0000] {logging_mixin.py:190} INFO - [2024-10-29T08:01:21.218+0000] {dag.py:4180} INFO - Setting next_dagrun for tutorial_taskflow_api to None, run_after=None
[2024-10-29T08:01:21.229+0000] {processor.py:208} INFO - Processing /home/airflow/.local/lib/python3.11/site-packages/airflow/example_dags/tutorial_taskflow_api.py took 0.053 seconds
[2024-10-29T08:01:51.807+0000] {processor.py:186} INFO - Started process (PID=48566) to work on /home/airflow/.local/lib/python3.11/site-packages/airflow/example_dags/tutorial_taskflow_api.py
[2024-10-29T08:01:51.808+0000] {processor.py:914} INFO - Processing file /home/airflow/.local/lib/python3.11/site-packages/airflow/example_dags/tutorial_taskflow_api.py for tasks to queue
[2024-10-29T08:01:51.810+0000] {logging_mixin.py:190} INFO - [2024-10-29T08:01:51.810+0000] {dagbag.py:588} INFO - Filling up the DagBag from /home/airflow/.local/lib/python3.11/site-packages/airflow/example_dags/tutorial_taskflow_api.py
[2024-10-29T08:01:51.817+0000] {processor.py:925} INFO - DAG(s) 'tutorial_taskflow_api' retrieved from /home/airflow/.local/lib/python3.11/site-packages/airflow/example_dags/tutorial_taskflow_api.py
[2024-10-29T08:01:51.828+0000] {logging_mixin.py:190} INFO - [2024-10-29T08:01:51.828+0000] {dag.py:3239} INFO - Sync 1 DAGs
[2024-10-29T08:01:51.836+0000] {logging_mixin.py:190} INFO - [2024-10-29T08:01:51.836+0000] {dag.py:4180} INFO - Setting next_dagrun for tutorial_taskflow_api to None, run_after=None
[2024-10-29T08:01:51.846+0000] {processor.py:208} INFO - Processing /home/airflow/.local/lib/python3.11/site-packages/airflow/example_dags/tutorial_taskflow_api.py took 0.043 seconds
[2024-10-29T08:02:22.691+0000] {processor.py:186} INFO - Started process (PID=48629) to work on /home/airflow/.local/lib/python3.11/site-packages/airflow/example_dags/tutorial_taskflow_api.py
[2024-10-29T08:02:22.692+0000] {processor.py:914} INFO - Processing file /home/airflow/.local/lib/python3.11/site-packages/airflow/example_dags/tutorial_taskflow_api.py for tasks to queue
[2024-10-29T08:02:22.694+0000] {logging_mixin.py:190} INFO - [2024-10-29T08:02:22.694+0000] {dagbag.py:588} INFO - Filling up the DagBag from /home/airflow/.local/lib/python3.11/site-packages/airflow/example_dags/tutorial_taskflow_api.py
[2024-10-29T08:02:22.698+0000] {processor.py:925} INFO - DAG(s) 'tutorial_taskflow_api' retrieved from /home/airflow/.local/lib/python3.11/site-packages/airflow/example_dags/tutorial_taskflow_api.py
[2024-10-29T08:02:22.708+0000] {logging_mixin.py:190} INFO - [2024-10-29T08:02:22.708+0000] {dag.py:3239} INFO - Sync 1 DAGs
[2024-10-29T08:02:22.716+0000] {logging_mixin.py:190} INFO - [2024-10-29T08:02:22.715+0000] {dag.py:4180} INFO - Setting next_dagrun for tutorial_taskflow_api to None, run_after=None
[2024-10-29T08:02:22.723+0000] {processor.py:208} INFO - Processing /home/airflow/.local/lib/python3.11/site-packages/airflow/example_dags/tutorial_taskflow_api.py took 0.036 seconds
[2024-10-29T08:02:53.407+0000] {processor.py:186} INFO - Started process (PID=48692) to work on /home/airflow/.local/lib/python3.11/site-packages/airflow/example_dags/tutorial_taskflow_api.py
[2024-10-29T08:02:53.408+0000] {processor.py:914} INFO - Processing file /home/airflow/.local/lib/python3.11/site-packages/airflow/example_dags/tutorial_taskflow_api.py for tasks to queue
[2024-10-29T08:02:53.410+0000] {logging_mixin.py:190} INFO - [2024-10-29T08:02:53.410+0000] {dagbag.py:588} INFO - Filling up the DagBag from /home/airflow/.local/lib/python3.11/site-packages/airflow/example_dags/tutorial_taskflow_api.py
[2024-10-29T08:02:53.414+0000] {processor.py:925} INFO - DAG(s) 'tutorial_taskflow_api' retrieved from /home/airflow/.local/lib/python3.11/site-packages/airflow/example_dags/tutorial_taskflow_api.py
[2024-10-29T08:02:53.424+0000] {logging_mixin.py:190} INFO - [2024-10-29T08:02:53.424+0000] {dag.py:3239} INFO - Sync 1 DAGs
[2024-10-29T08:02:53.431+0000] {logging_mixin.py:190} INFO - [2024-10-29T08:02:53.431+0000] {dag.py:4180} INFO - Setting next_dagrun for tutorial_taskflow_api to None, run_after=None
[2024-10-29T08:02:53.439+0000] {processor.py:208} INFO - Processing /home/airflow/.local/lib/python3.11/site-packages/airflow/example_dags/tutorial_taskflow_api.py took 0.035 seconds
[2024-10-29T08:03:23.872+0000] {processor.py:186} INFO - Started process (PID=48755) to work on /home/airflow/.local/lib/python3.11/site-packages/airflow/example_dags/tutorial_taskflow_api.py
[2024-10-29T08:03:23.873+0000] {processor.py:914} INFO - Processing file /home/airflow/.local/lib/python3.11/site-packages/airflow/example_dags/tutorial_taskflow_api.py for tasks to queue
[2024-10-29T08:03:23.874+0000] {logging_mixin.py:190} INFO - [2024-10-29T08:03:23.874+0000] {dagbag.py:588} INFO - Filling up the DagBag from /home/airflow/.local/lib/python3.11/site-packages/airflow/example_dags/tutorial_taskflow_api.py
[2024-10-29T08:03:23.879+0000] {processor.py:925} INFO - DAG(s) 'tutorial_taskflow_api' retrieved from /home/airflow/.local/lib/python3.11/site-packages/airflow/example_dags/tutorial_taskflow_api.py
[2024-10-29T08:03:23.890+0000] {logging_mixin.py:190} INFO - [2024-10-29T08:03:23.889+0000] {dag.py:3239} INFO - Sync 1 DAGs
[2024-10-29T08:03:23.897+0000] {logging_mixin.py:190} INFO - [2024-10-29T08:03:23.897+0000] {dag.py:4180} INFO - Setting next_dagrun for tutorial_taskflow_api to None, run_after=None
[2024-10-29T08:03:23.905+0000] {processor.py:208} INFO - Processing /home/airflow/.local/lib/python3.11/site-packages/airflow/example_dags/tutorial_taskflow_api.py took 0.036 seconds
[2024-10-29T08:03:54.226+0000] {processor.py:186} INFO - Started process (PID=48818) to work on /home/airflow/.local/lib/python3.11/site-packages/airflow/example_dags/tutorial_taskflow_api.py
[2024-10-29T08:03:54.227+0000] {processor.py:914} INFO - Processing file /home/airflow/.local/lib/python3.11/site-packages/airflow/example_dags/tutorial_taskflow_api.py for tasks to queue
[2024-10-29T08:03:54.228+0000] {logging_mixin.py:190} INFO - [2024-10-29T08:03:54.228+0000] {dagbag.py:588} INFO - Filling up the DagBag from /home/airflow/.local/lib/python3.11/site-packages/airflow/example_dags/tutorial_taskflow_api.py
[2024-10-29T08:03:54.233+0000] {processor.py:925} INFO - DAG(s) 'tutorial_taskflow_api' retrieved from /home/airflow/.local/lib/python3.11/site-packages/airflow/example_dags/tutorial_taskflow_api.py
[2024-10-29T08:03:54.243+0000] {logging_mixin.py:190} INFO - [2024-10-29T08:03:54.243+0000] {dag.py:3239} INFO - Sync 1 DAGs
[2024-10-29T08:03:54.250+0000] {logging_mixin.py:190} INFO - [2024-10-29T08:03:54.250+0000] {dag.py:4180} INFO - Setting next_dagrun for tutorial_taskflow_api to None, run_after=None
[2024-10-29T08:03:54.258+0000] {processor.py:208} INFO - Processing /home/airflow/.local/lib/python3.11/site-packages/airflow/example_dags/tutorial_taskflow_api.py took 0.036 seconds
[2024-10-29T08:04:24.708+0000] {processor.py:186} INFO - Started process (PID=48881) to work on /home/airflow/.local/lib/python3.11/site-packages/airflow/example_dags/tutorial_taskflow_api.py
[2024-10-29T08:04:24.709+0000] {processor.py:914} INFO - Processing file /home/airflow/.local/lib/python3.11/site-packages/airflow/example_dags/tutorial_taskflow_api.py for tasks to queue
[2024-10-29T08:04:24.710+0000] {logging_mixin.py:190} INFO - [2024-10-29T08:04:24.710+0000] {dagbag.py:588} INFO - Filling up the DagBag from /home/airflow/.local/lib/python3.11/site-packages/airflow/example_dags/tutorial_taskflow_api.py
[2024-10-29T08:04:24.715+0000] {processor.py:925} INFO - DAG(s) 'tutorial_taskflow_api' retrieved from /home/airflow/.local/lib/python3.11/site-packages/airflow/example_dags/tutorial_taskflow_api.py
[2024-10-29T08:04:24.725+0000] {logging_mixin.py:190} INFO - [2024-10-29T08:04:24.725+0000] {dag.py:3239} INFO - Sync 1 DAGs
[2024-10-29T08:04:24.732+0000] {logging_mixin.py:190} INFO - [2024-10-29T08:04:24.731+0000] {dag.py:4180} INFO - Setting next_dagrun for tutorial_taskflow_api to None, run_after=None
[2024-10-29T08:04:24.740+0000] {processor.py:208} INFO - Processing /home/airflow/.local/lib/python3.11/site-packages/airflow/example_dags/tutorial_taskflow_api.py took 0.036 seconds
[2024-10-29T08:04:55.125+0000] {processor.py:186} INFO - Started process (PID=48943) to work on /home/airflow/.local/lib/python3.11/site-packages/airflow/example_dags/tutorial_taskflow_api.py
[2024-10-29T08:04:55.126+0000] {processor.py:914} INFO - Processing file /home/airflow/.local/lib/python3.11/site-packages/airflow/example_dags/tutorial_taskflow_api.py for tasks to queue
[2024-10-29T08:04:55.128+0000] {logging_mixin.py:190} INFO - [2024-10-29T08:04:55.127+0000] {dagbag.py:588} INFO - Filling up the DagBag from /home/airflow/.local/lib/python3.11/site-packages/airflow/example_dags/tutorial_taskflow_api.py
[2024-10-29T08:04:55.132+0000] {processor.py:925} INFO - DAG(s) 'tutorial_taskflow_api' retrieved from /home/airflow/.local/lib/python3.11/site-packages/airflow/example_dags/tutorial_taskflow_api.py
[2024-10-29T08:04:55.142+0000] {logging_mixin.py:190} INFO - [2024-10-29T08:04:55.142+0000] {dag.py:3239} INFO - Sync 1 DAGs
[2024-10-29T08:04:55.149+0000] {logging_mixin.py:190} INFO - [2024-10-29T08:04:55.149+0000] {dag.py:4180} INFO - Setting next_dagrun for tutorial_taskflow_api to None, run_after=None
[2024-10-29T08:04:55.157+0000] {processor.py:208} INFO - Processing /home/airflow/.local/lib/python3.11/site-packages/airflow/example_dags/tutorial_taskflow_api.py took 0.035 seconds
[2024-10-29T08:05:25.776+0000] {processor.py:186} INFO - Started process (PID=49006) to work on /home/airflow/.local/lib/python3.11/site-packages/airflow/example_dags/tutorial_taskflow_api.py
[2024-10-29T08:05:25.776+0000] {processor.py:914} INFO - Processing file /home/airflow/.local/lib/python3.11/site-packages/airflow/example_dags/tutorial_taskflow_api.py for tasks to queue
[2024-10-29T08:05:25.778+0000] {logging_mixin.py:190} INFO - [2024-10-29T08:05:25.778+0000] {dagbag.py:588} INFO - Filling up the DagBag from /home/airflow/.local/lib/python3.11/site-packages/airflow/example_dags/tutorial_taskflow_api.py
[2024-10-29T08:05:25.786+0000] {processor.py:925} INFO - DAG(s) 'tutorial_taskflow_api' retrieved from /home/airflow/.local/lib/python3.11/site-packages/airflow/example_dags/tutorial_taskflow_api.py
[2024-10-29T08:05:25.799+0000] {logging_mixin.py:190} INFO - [2024-10-29T08:05:25.799+0000] {dag.py:3239} INFO - Sync 1 DAGs
[2024-10-29T08:05:25.807+0000] {logging_mixin.py:190} INFO - [2024-10-29T08:05:25.807+0000] {dag.py:4180} INFO - Setting next_dagrun for tutorial_taskflow_api to None, run_after=None
[2024-10-29T08:05:25.816+0000] {processor.py:208} INFO - Processing /home/airflow/.local/lib/python3.11/site-packages/airflow/example_dags/tutorial_taskflow_api.py took 0.045 seconds
[2024-10-29T08:05:56.344+0000] {processor.py:186} INFO - Started process (PID=49069) to work on /home/airflow/.local/lib/python3.11/site-packages/airflow/example_dags/tutorial_taskflow_api.py
[2024-10-29T08:05:56.345+0000] {processor.py:914} INFO - Processing file /home/airflow/.local/lib/python3.11/site-packages/airflow/example_dags/tutorial_taskflow_api.py for tasks to queue
[2024-10-29T08:05:56.347+0000] {logging_mixin.py:190} INFO - [2024-10-29T08:05:56.347+0000] {dagbag.py:588} INFO - Filling up the DagBag from /home/airflow/.local/lib/python3.11/site-packages/airflow/example_dags/tutorial_taskflow_api.py
[2024-10-29T08:05:56.352+0000] {processor.py:925} INFO - DAG(s) 'tutorial_taskflow_api' retrieved from /home/airflow/.local/lib/python3.11/site-packages/airflow/example_dags/tutorial_taskflow_api.py
[2024-10-29T08:05:56.363+0000] {logging_mixin.py:190} INFO - [2024-10-29T08:05:56.363+0000] {dag.py:3239} INFO - Sync 1 DAGs
[2024-10-29T08:05:56.371+0000] {logging_mixin.py:190} INFO - [2024-10-29T08:05:56.371+0000] {dag.py:4180} INFO - Setting next_dagrun for tutorial_taskflow_api to None, run_after=None
[2024-10-29T08:05:56.379+0000] {processor.py:208} INFO - Processing /home/airflow/.local/lib/python3.11/site-packages/airflow/example_dags/tutorial_taskflow_api.py took 0.040 seconds
[2024-10-29T08:06:26.704+0000] {processor.py:186} INFO - Started process (PID=49132) to work on /home/airflow/.local/lib/python3.11/site-packages/airflow/example_dags/tutorial_taskflow_api.py
[2024-10-29T08:06:26.705+0000] {processor.py:914} INFO - Processing file /home/airflow/.local/lib/python3.11/site-packages/airflow/example_dags/tutorial_taskflow_api.py for tasks to queue
[2024-10-29T08:06:26.706+0000] {logging_mixin.py:190} INFO - [2024-10-29T08:06:26.706+0000] {dagbag.py:588} INFO - Filling up the DagBag from /home/airflow/.local/lib/python3.11/site-packages/airflow/example_dags/tutorial_taskflow_api.py
[2024-10-29T08:06:26.711+0000] {processor.py:925} INFO - DAG(s) 'tutorial_taskflow_api' retrieved from /home/airflow/.local/lib/python3.11/site-packages/airflow/example_dags/tutorial_taskflow_api.py
[2024-10-29T08:06:26.721+0000] {logging_mixin.py:190} INFO - [2024-10-29T08:06:26.721+0000] {dag.py:3239} INFO - Sync 1 DAGs
[2024-10-29T08:06:26.729+0000] {logging_mixin.py:190} INFO - [2024-10-29T08:06:26.728+0000] {dag.py:4180} INFO - Setting next_dagrun for tutorial_taskflow_api to None, run_after=None
[2024-10-29T08:06:26.737+0000] {processor.py:208} INFO - Processing /home/airflow/.local/lib/python3.11/site-packages/airflow/example_dags/tutorial_taskflow_api.py took 0.036 seconds
[2024-10-29T08:06:57.937+0000] {processor.py:186} INFO - Started process (PID=49195) to work on /home/airflow/.local/lib/python3.11/site-packages/airflow/example_dags/tutorial_taskflow_api.py
[2024-10-29T08:06:57.940+0000] {processor.py:914} INFO - Processing file /home/airflow/.local/lib/python3.11/site-packages/airflow/example_dags/tutorial_taskflow_api.py for tasks to queue
[2024-10-29T08:06:57.941+0000] {logging_mixin.py:190} INFO - [2024-10-29T08:06:57.941+0000] {dagbag.py:588} INFO - Filling up the DagBag from /home/airflow/.local/lib/python3.11/site-packages/airflow/example_dags/tutorial_taskflow_api.py
[2024-10-29T08:06:57.947+0000] {processor.py:925} INFO - DAG(s) 'tutorial_taskflow_api' retrieved from /home/airflow/.local/lib/python3.11/site-packages/airflow/example_dags/tutorial_taskflow_api.py
[2024-10-29T08:06:57.961+0000] {logging_mixin.py:190} INFO - [2024-10-29T08:06:57.961+0000] {dag.py:3239} INFO - Sync 1 DAGs
[2024-10-29T08:06:57.973+0000] {logging_mixin.py:190} INFO - [2024-10-29T08:06:57.973+0000] {dag.py:4180} INFO - Setting next_dagrun for tutorial_taskflow_api to None, run_after=None
[2024-10-29T08:06:57.985+0000] {processor.py:208} INFO - Processing /home/airflow/.local/lib/python3.11/site-packages/airflow/example_dags/tutorial_taskflow_api.py took 0.051 seconds
[2024-10-29T08:07:28.796+0000] {processor.py:186} INFO - Started process (PID=49258) to work on /home/airflow/.local/lib/python3.11/site-packages/airflow/example_dags/tutorial_taskflow_api.py
[2024-10-29T08:07:28.798+0000] {processor.py:914} INFO - Processing file /home/airflow/.local/lib/python3.11/site-packages/airflow/example_dags/tutorial_taskflow_api.py for tasks to queue
[2024-10-29T08:07:28.800+0000] {logging_mixin.py:190} INFO - [2024-10-29T08:07:28.800+0000] {dagbag.py:588} INFO - Filling up the DagBag from /home/airflow/.local/lib/python3.11/site-packages/airflow/example_dags/tutorial_taskflow_api.py
[2024-10-29T08:07:28.809+0000] {processor.py:925} INFO - DAG(s) 'tutorial_taskflow_api' retrieved from /home/airflow/.local/lib/python3.11/site-packages/airflow/example_dags/tutorial_taskflow_api.py
[2024-10-29T08:07:28.826+0000] {logging_mixin.py:190} INFO - [2024-10-29T08:07:28.826+0000] {dag.py:3239} INFO - Sync 1 DAGs
[2024-10-29T08:07:28.835+0000] {logging_mixin.py:190} INFO - [2024-10-29T08:07:28.835+0000] {dag.py:4180} INFO - Setting next_dagrun for tutorial_taskflow_api to None, run_after=None
[2024-10-29T08:07:28.847+0000] {processor.py:208} INFO - Processing /home/airflow/.local/lib/python3.11/site-packages/airflow/example_dags/tutorial_taskflow_api.py took 0.057 seconds
[2024-10-29T08:07:59.766+0000] {processor.py:186} INFO - Started process (PID=49321) to work on /home/airflow/.local/lib/python3.11/site-packages/airflow/example_dags/tutorial_taskflow_api.py
[2024-10-29T08:07:59.768+0000] {processor.py:914} INFO - Processing file /home/airflow/.local/lib/python3.11/site-packages/airflow/example_dags/tutorial_taskflow_api.py for tasks to queue
[2024-10-29T08:07:59.770+0000] {logging_mixin.py:190} INFO - [2024-10-29T08:07:59.770+0000] {dagbag.py:588} INFO - Filling up the DagBag from /home/airflow/.local/lib/python3.11/site-packages/airflow/example_dags/tutorial_taskflow_api.py
[2024-10-29T08:07:59.780+0000] {processor.py:925} INFO - DAG(s) 'tutorial_taskflow_api' retrieved from /home/airflow/.local/lib/python3.11/site-packages/airflow/example_dags/tutorial_taskflow_api.py
[2024-10-29T08:07:59.794+0000] {logging_mixin.py:190} INFO - [2024-10-29T08:07:59.794+0000] {dag.py:3239} INFO - Sync 1 DAGs
[2024-10-29T08:07:59.803+0000] {logging_mixin.py:190} INFO - [2024-10-29T08:07:59.802+0000] {dag.py:4180} INFO - Setting next_dagrun for tutorial_taskflow_api to None, run_after=None
[2024-10-29T08:07:59.815+0000] {processor.py:208} INFO - Processing /home/airflow/.local/lib/python3.11/site-packages/airflow/example_dags/tutorial_taskflow_api.py took 0.054 seconds
[2024-10-29T08:08:30.370+0000] {processor.py:186} INFO - Started process (PID=49384) to work on /home/airflow/.local/lib/python3.11/site-packages/airflow/example_dags/tutorial_taskflow_api.py
[2024-10-29T08:08:30.372+0000] {processor.py:914} INFO - Processing file /home/airflow/.local/lib/python3.11/site-packages/airflow/example_dags/tutorial_taskflow_api.py for tasks to queue
[2024-10-29T08:08:30.374+0000] {logging_mixin.py:190} INFO - [2024-10-29T08:08:30.374+0000] {dagbag.py:588} INFO - Filling up the DagBag from /home/airflow/.local/lib/python3.11/site-packages/airflow/example_dags/tutorial_taskflow_api.py
[2024-10-29T08:08:30.382+0000] {processor.py:925} INFO - DAG(s) 'tutorial_taskflow_api' retrieved from /home/airflow/.local/lib/python3.11/site-packages/airflow/example_dags/tutorial_taskflow_api.py
[2024-10-29T08:08:30.398+0000] {logging_mixin.py:190} INFO - [2024-10-29T08:08:30.398+0000] {dag.py:3239} INFO - Sync 1 DAGs
[2024-10-29T08:08:30.417+0000] {logging_mixin.py:190} INFO - [2024-10-29T08:08:30.417+0000] {dag.py:4180} INFO - Setting next_dagrun for tutorial_taskflow_api to None, run_after=None
[2024-10-29T08:08:30.445+0000] {processor.py:208} INFO - Processing /home/airflow/.local/lib/python3.11/site-packages/airflow/example_dags/tutorial_taskflow_api.py took 0.079 seconds
[2024-10-29T08:09:00.992+0000] {processor.py:186} INFO - Started process (PID=49446) to work on /home/airflow/.local/lib/python3.11/site-packages/airflow/example_dags/tutorial_taskflow_api.py
[2024-10-29T08:09:00.993+0000] {processor.py:914} INFO - Processing file /home/airflow/.local/lib/python3.11/site-packages/airflow/example_dags/tutorial_taskflow_api.py for tasks to queue
[2024-10-29T08:09:00.994+0000] {logging_mixin.py:190} INFO - [2024-10-29T08:09:00.994+0000] {dagbag.py:588} INFO - Filling up the DagBag from /home/airflow/.local/lib/python3.11/site-packages/airflow/example_dags/tutorial_taskflow_api.py
[2024-10-29T08:09:00.999+0000] {processor.py:925} INFO - DAG(s) 'tutorial_taskflow_api' retrieved from /home/airflow/.local/lib/python3.11/site-packages/airflow/example_dags/tutorial_taskflow_api.py
[2024-10-29T08:09:01.009+0000] {logging_mixin.py:190} INFO - [2024-10-29T08:09:01.009+0000] {dag.py:3239} INFO - Sync 1 DAGs
[2024-10-29T08:09:01.018+0000] {logging_mixin.py:190} INFO - [2024-10-29T08:09:01.018+0000] {dag.py:4180} INFO - Setting next_dagrun for tutorial_taskflow_api to None, run_after=None
[2024-10-29T08:09:01.028+0000] {processor.py:208} INFO - Processing /home/airflow/.local/lib/python3.11/site-packages/airflow/example_dags/tutorial_taskflow_api.py took 0.039 seconds
[2024-10-29T08:09:31.950+0000] {processor.py:186} INFO - Started process (PID=49509) to work on /home/airflow/.local/lib/python3.11/site-packages/airflow/example_dags/tutorial_taskflow_api.py
[2024-10-29T08:09:31.951+0000] {processor.py:914} INFO - Processing file /home/airflow/.local/lib/python3.11/site-packages/airflow/example_dags/tutorial_taskflow_api.py for tasks to queue
[2024-10-29T08:09:31.954+0000] {logging_mixin.py:190} INFO - [2024-10-29T08:09:31.954+0000] {dagbag.py:588} INFO - Filling up the DagBag from /home/airflow/.local/lib/python3.11/site-packages/airflow/example_dags/tutorial_taskflow_api.py
[2024-10-29T08:09:31.974+0000] {processor.py:925} INFO - DAG(s) 'tutorial_taskflow_api' retrieved from /home/airflow/.local/lib/python3.11/site-packages/airflow/example_dags/tutorial_taskflow_api.py
[2024-10-29T08:09:32.009+0000] {logging_mixin.py:190} INFO - [2024-10-29T08:09:32.009+0000] {dag.py:3239} INFO - Sync 1 DAGs
[2024-10-29T08:09:32.070+0000] {logging_mixin.py:190} INFO - [2024-10-29T08:09:32.069+0000] {dag.py:4180} INFO - Setting next_dagrun for tutorial_taskflow_api to None, run_after=None
[2024-10-29T08:09:32.109+0000] {processor.py:208} INFO - Processing /home/airflow/.local/lib/python3.11/site-packages/airflow/example_dags/tutorial_taskflow_api.py took 0.166 seconds
[2024-10-29T08:10:02.974+0000] {processor.py:186} INFO - Started process (PID=49572) to work on /home/airflow/.local/lib/python3.11/site-packages/airflow/example_dags/tutorial_taskflow_api.py
[2024-10-29T08:10:02.977+0000] {processor.py:914} INFO - Processing file /home/airflow/.local/lib/python3.11/site-packages/airflow/example_dags/tutorial_taskflow_api.py for tasks to queue
[2024-10-29T08:10:02.985+0000] {logging_mixin.py:190} INFO - [2024-10-29T08:10:02.984+0000] {dagbag.py:588} INFO - Filling up the DagBag from /home/airflow/.local/lib/python3.11/site-packages/airflow/example_dags/tutorial_taskflow_api.py
[2024-10-29T08:10:02.997+0000] {processor.py:925} INFO - DAG(s) 'tutorial_taskflow_api' retrieved from /home/airflow/.local/lib/python3.11/site-packages/airflow/example_dags/tutorial_taskflow_api.py
[2024-10-29T08:10:03.011+0000] {logging_mixin.py:190} INFO - [2024-10-29T08:10:03.011+0000] {dag.py:3239} INFO - Sync 1 DAGs
[2024-10-29T08:10:03.019+0000] {logging_mixin.py:190} INFO - [2024-10-29T08:10:03.019+0000] {dag.py:4180} INFO - Setting next_dagrun for tutorial_taskflow_api to None, run_after=None
[2024-10-29T08:10:03.040+0000] {processor.py:208} INFO - Processing /home/airflow/.local/lib/python3.11/site-packages/airflow/example_dags/tutorial_taskflow_api.py took 0.075 seconds
[2024-10-29T08:10:33.701+0000] {processor.py:186} INFO - Started process (PID=49635) to work on /home/airflow/.local/lib/python3.11/site-packages/airflow/example_dags/tutorial_taskflow_api.py
[2024-10-29T08:10:33.702+0000] {processor.py:914} INFO - Processing file /home/airflow/.local/lib/python3.11/site-packages/airflow/example_dags/tutorial_taskflow_api.py for tasks to queue
[2024-10-29T08:10:33.704+0000] {logging_mixin.py:190} INFO - [2024-10-29T08:10:33.704+0000] {dagbag.py:588} INFO - Filling up the DagBag from /home/airflow/.local/lib/python3.11/site-packages/airflow/example_dags/tutorial_taskflow_api.py
[2024-10-29T08:10:33.710+0000] {processor.py:925} INFO - DAG(s) 'tutorial_taskflow_api' retrieved from /home/airflow/.local/lib/python3.11/site-packages/airflow/example_dags/tutorial_taskflow_api.py
[2024-10-29T08:10:33.728+0000] {logging_mixin.py:190} INFO - [2024-10-29T08:10:33.728+0000] {dag.py:3239} INFO - Sync 1 DAGs
[2024-10-29T08:10:33.747+0000] {logging_mixin.py:190} INFO - [2024-10-29T08:10:33.747+0000] {dag.py:4180} INFO - Setting next_dagrun for tutorial_taskflow_api to None, run_after=None
[2024-10-29T08:10:33.789+0000] {processor.py:208} INFO - Processing /home/airflow/.local/lib/python3.11/site-packages/airflow/example_dags/tutorial_taskflow_api.py took 0.092 seconds
[2024-10-29T18:53:05.835+0000] {processor.py:186} INFO - Started process (PID=72) to work on /home/airflow/.local/lib/python3.11/site-packages/airflow/example_dags/tutorial_taskflow_api.py
[2024-10-29T18:53:05.837+0000] {processor.py:914} INFO - Processing file /home/airflow/.local/lib/python3.11/site-packages/airflow/example_dags/tutorial_taskflow_api.py for tasks to queue
[2024-10-29T18:53:05.843+0000] {logging_mixin.py:190} INFO - [2024-10-29T18:53:05.843+0000] {dagbag.py:588} INFO - Filling up the DagBag from /home/airflow/.local/lib/python3.11/site-packages/airflow/example_dags/tutorial_taskflow_api.py
[2024-10-29T18:53:05.881+0000] {processor.py:925} INFO - DAG(s) 'tutorial_taskflow_api' retrieved from /home/airflow/.local/lib/python3.11/site-packages/airflow/example_dags/tutorial_taskflow_api.py
[2024-10-29T18:53:05.930+0000] {logging_mixin.py:190} INFO - [2024-10-29T18:53:05.929+0000] {dag.py:3239} INFO - Sync 1 DAGs
[2024-10-29T18:53:05.971+0000] {logging_mixin.py:190} INFO - [2024-10-29T18:53:05.971+0000] {dag.py:4180} INFO - Setting next_dagrun for tutorial_taskflow_api to None, run_after=None
[2024-10-29T18:53:06.050+0000] {processor.py:208} INFO - Processing /home/airflow/.local/lib/python3.11/site-packages/airflow/example_dags/tutorial_taskflow_api.py took 0.223 seconds
[2024-10-29T18:53:36.931+0000] {processor.py:186} INFO - Started process (PID=134) to work on /home/airflow/.local/lib/python3.11/site-packages/airflow/example_dags/tutorial_taskflow_api.py
[2024-10-29T18:53:36.936+0000] {processor.py:914} INFO - Processing file /home/airflow/.local/lib/python3.11/site-packages/airflow/example_dags/tutorial_taskflow_api.py for tasks to queue
[2024-10-29T18:53:36.941+0000] {logging_mixin.py:190} INFO - [2024-10-29T18:53:36.940+0000] {dagbag.py:588} INFO - Filling up the DagBag from /home/airflow/.local/lib/python3.11/site-packages/airflow/example_dags/tutorial_taskflow_api.py
[2024-10-29T18:53:36.985+0000] {processor.py:925} INFO - DAG(s) 'tutorial_taskflow_api' retrieved from /home/airflow/.local/lib/python3.11/site-packages/airflow/example_dags/tutorial_taskflow_api.py
[2024-10-29T18:53:37.075+0000] {logging_mixin.py:190} INFO - [2024-10-29T18:53:37.074+0000] {dag.py:3239} INFO - Sync 1 DAGs
[2024-10-29T18:53:37.112+0000] {logging_mixin.py:190} INFO - [2024-10-29T18:53:37.112+0000] {dag.py:4180} INFO - Setting next_dagrun for tutorial_taskflow_api to None, run_after=None
[2024-10-29T18:53:37.228+0000] {processor.py:208} INFO - Processing /home/airflow/.local/lib/python3.11/site-packages/airflow/example_dags/tutorial_taskflow_api.py took 0.307 seconds
[2024-10-29T18:54:22.605+0000] {processor.py:186} INFO - Started process (PID=203) to work on /home/airflow/.local/lib/python3.11/site-packages/airflow/example_dags/tutorial_taskflow_api.py
[2024-10-29T18:54:22.610+0000] {processor.py:914} INFO - Processing file /home/airflow/.local/lib/python3.11/site-packages/airflow/example_dags/tutorial_taskflow_api.py for tasks to queue
[2024-10-29T18:54:22.619+0000] {logging_mixin.py:190} INFO - [2024-10-29T18:54:22.617+0000] {dagbag.py:588} INFO - Filling up the DagBag from /home/airflow/.local/lib/python3.11/site-packages/airflow/example_dags/tutorial_taskflow_api.py
[2024-10-29T18:54:22.653+0000] {processor.py:925} INFO - DAG(s) 'tutorial_taskflow_api' retrieved from /home/airflow/.local/lib/python3.11/site-packages/airflow/example_dags/tutorial_taskflow_api.py
[2024-10-29T18:54:22.757+0000] {logging_mixin.py:190} INFO - [2024-10-29T18:54:22.756+0000] {dag.py:3239} INFO - Sync 1 DAGs
[2024-10-29T18:54:22.806+0000] {logging_mixin.py:190} INFO - [2024-10-29T18:54:22.806+0000] {dag.py:4180} INFO - Setting next_dagrun for tutorial_taskflow_api to None, run_after=None
[2024-10-29T18:54:22.879+0000] {processor.py:208} INFO - Processing /home/airflow/.local/lib/python3.11/site-packages/airflow/example_dags/tutorial_taskflow_api.py took 0.307 seconds
[2024-10-29T18:55:06.320+0000] {processor.py:186} INFO - Started process (PID=265) to work on /home/airflow/.local/lib/python3.11/site-packages/airflow/example_dags/tutorial_taskflow_api.py
[2024-10-29T18:55:06.325+0000] {processor.py:914} INFO - Processing file /home/airflow/.local/lib/python3.11/site-packages/airflow/example_dags/tutorial_taskflow_api.py for tasks to queue
[2024-10-29T18:55:06.334+0000] {logging_mixin.py:190} INFO - [2024-10-29T18:55:06.332+0000] {dagbag.py:588} INFO - Filling up the DagBag from /home/airflow/.local/lib/python3.11/site-packages/airflow/example_dags/tutorial_taskflow_api.py
[2024-10-29T18:55:06.356+0000] {processor.py:925} INFO - DAG(s) 'tutorial_taskflow_api' retrieved from /home/airflow/.local/lib/python3.11/site-packages/airflow/example_dags/tutorial_taskflow_api.py
[2024-10-29T18:55:06.427+0000] {logging_mixin.py:190} INFO - [2024-10-29T18:55:06.426+0000] {dag.py:3239} INFO - Sync 1 DAGs
[2024-10-29T18:55:06.460+0000] {logging_mixin.py:190} INFO - [2024-10-29T18:55:06.460+0000] {dag.py:4180} INFO - Setting next_dagrun for tutorial_taskflow_api to None, run_after=None
[2024-10-29T18:55:06.539+0000] {processor.py:208} INFO - Processing /home/airflow/.local/lib/python3.11/site-packages/airflow/example_dags/tutorial_taskflow_api.py took 0.231 seconds
[2024-10-29T18:55:47.038+0000] {processor.py:186} INFO - Started process (PID=333) to work on /home/airflow/.local/lib/python3.11/site-packages/airflow/example_dags/tutorial_taskflow_api.py
[2024-10-29T18:55:47.042+0000] {processor.py:914} INFO - Processing file /home/airflow/.local/lib/python3.11/site-packages/airflow/example_dags/tutorial_taskflow_api.py for tasks to queue
[2024-10-29T18:55:47.045+0000] {logging_mixin.py:190} INFO - [2024-10-29T18:55:47.044+0000] {dagbag.py:588} INFO - Filling up the DagBag from /home/airflow/.local/lib/python3.11/site-packages/airflow/example_dags/tutorial_taskflow_api.py
[2024-10-29T18:55:47.057+0000] {processor.py:925} INFO - DAG(s) 'tutorial_taskflow_api' retrieved from /home/airflow/.local/lib/python3.11/site-packages/airflow/example_dags/tutorial_taskflow_api.py
[2024-10-29T18:55:47.075+0000] {logging_mixin.py:190} INFO - [2024-10-29T18:55:47.075+0000] {dag.py:3239} INFO - Sync 1 DAGs
[2024-10-29T18:55:47.084+0000] {logging_mixin.py:190} INFO - [2024-10-29T18:55:47.084+0000] {dag.py:4180} INFO - Setting next_dagrun for tutorial_taskflow_api to None, run_after=None
[2024-10-29T18:55:47.095+0000] {processor.py:208} INFO - Processing /home/airflow/.local/lib/python3.11/site-packages/airflow/example_dags/tutorial_taskflow_api.py took 0.065 seconds
[2024-10-29T18:56:17.271+0000] {processor.py:186} INFO - Started process (PID=396) to work on /home/airflow/.local/lib/python3.11/site-packages/airflow/example_dags/tutorial_taskflow_api.py
[2024-10-29T18:56:17.272+0000] {processor.py:914} INFO - Processing file /home/airflow/.local/lib/python3.11/site-packages/airflow/example_dags/tutorial_taskflow_api.py for tasks to queue
[2024-10-29T18:56:17.274+0000] {logging_mixin.py:190} INFO - [2024-10-29T18:56:17.274+0000] {dagbag.py:588} INFO - Filling up the DagBag from /home/airflow/.local/lib/python3.11/site-packages/airflow/example_dags/tutorial_taskflow_api.py
[2024-10-29T18:56:17.280+0000] {processor.py:925} INFO - DAG(s) 'tutorial_taskflow_api' retrieved from /home/airflow/.local/lib/python3.11/site-packages/airflow/example_dags/tutorial_taskflow_api.py
[2024-10-29T18:56:17.292+0000] {logging_mixin.py:190} INFO - [2024-10-29T18:56:17.292+0000] {dag.py:3239} INFO - Sync 1 DAGs
[2024-10-29T18:56:17.302+0000] {logging_mixin.py:190} INFO - [2024-10-29T18:56:17.302+0000] {dag.py:4180} INFO - Setting next_dagrun for tutorial_taskflow_api to None, run_after=None
[2024-10-29T18:56:17.310+0000] {processor.py:208} INFO - Processing /home/airflow/.local/lib/python3.11/site-packages/airflow/example_dags/tutorial_taskflow_api.py took 0.045 seconds
[2024-10-29T18:56:48.052+0000] {processor.py:186} INFO - Started process (PID=459) to work on /home/airflow/.local/lib/python3.11/site-packages/airflow/example_dags/tutorial_taskflow_api.py
[2024-10-29T18:56:48.052+0000] {processor.py:914} INFO - Processing file /home/airflow/.local/lib/python3.11/site-packages/airflow/example_dags/tutorial_taskflow_api.py for tasks to queue
[2024-10-29T18:56:48.054+0000] {logging_mixin.py:190} INFO - [2024-10-29T18:56:48.054+0000] {dagbag.py:588} INFO - Filling up the DagBag from /home/airflow/.local/lib/python3.11/site-packages/airflow/example_dags/tutorial_taskflow_api.py
[2024-10-29T18:56:48.058+0000] {processor.py:925} INFO - DAG(s) 'tutorial_taskflow_api' retrieved from /home/airflow/.local/lib/python3.11/site-packages/airflow/example_dags/tutorial_taskflow_api.py
[2024-10-29T18:56:48.068+0000] {logging_mixin.py:190} INFO - [2024-10-29T18:56:48.068+0000] {dag.py:3239} INFO - Sync 1 DAGs
[2024-10-29T18:56:48.075+0000] {logging_mixin.py:190} INFO - [2024-10-29T18:56:48.075+0000] {dag.py:4180} INFO - Setting next_dagrun for tutorial_taskflow_api to None, run_after=None
[2024-10-29T18:56:48.083+0000] {processor.py:208} INFO - Processing /home/airflow/.local/lib/python3.11/site-packages/airflow/example_dags/tutorial_taskflow_api.py took 0.035 seconds
[2024-10-29T18:57:18.425+0000] {processor.py:186} INFO - Started process (PID=522) to work on /home/airflow/.local/lib/python3.11/site-packages/airflow/example_dags/tutorial_taskflow_api.py
[2024-10-29T18:57:18.426+0000] {processor.py:914} INFO - Processing file /home/airflow/.local/lib/python3.11/site-packages/airflow/example_dags/tutorial_taskflow_api.py for tasks to queue
[2024-10-29T18:57:18.427+0000] {logging_mixin.py:190} INFO - [2024-10-29T18:57:18.427+0000] {dagbag.py:588} INFO - Filling up the DagBag from /home/airflow/.local/lib/python3.11/site-packages/airflow/example_dags/tutorial_taskflow_api.py
[2024-10-29T18:57:18.432+0000] {processor.py:925} INFO - DAG(s) 'tutorial_taskflow_api' retrieved from /home/airflow/.local/lib/python3.11/site-packages/airflow/example_dags/tutorial_taskflow_api.py
[2024-10-29T18:57:18.442+0000] {logging_mixin.py:190} INFO - [2024-10-29T18:57:18.441+0000] {dag.py:3239} INFO - Sync 1 DAGs
[2024-10-29T18:57:18.448+0000] {logging_mixin.py:190} INFO - [2024-10-29T18:57:18.448+0000] {dag.py:4180} INFO - Setting next_dagrun for tutorial_taskflow_api to None, run_after=None
[2024-10-29T18:57:18.457+0000] {processor.py:208} INFO - Processing /home/airflow/.local/lib/python3.11/site-packages/airflow/example_dags/tutorial_taskflow_api.py took 0.035 seconds
[2024-10-29T18:57:49.579+0000] {processor.py:186} INFO - Started process (PID=585) to work on /home/airflow/.local/lib/python3.11/site-packages/airflow/example_dags/tutorial_taskflow_api.py
[2024-10-29T18:57:49.580+0000] {processor.py:914} INFO - Processing file /home/airflow/.local/lib/python3.11/site-packages/airflow/example_dags/tutorial_taskflow_api.py for tasks to queue
[2024-10-29T18:57:49.582+0000] {logging_mixin.py:190} INFO - [2024-10-29T18:57:49.581+0000] {dagbag.py:588} INFO - Filling up the DagBag from /home/airflow/.local/lib/python3.11/site-packages/airflow/example_dags/tutorial_taskflow_api.py
[2024-10-29T18:57:49.588+0000] {processor.py:925} INFO - DAG(s) 'tutorial_taskflow_api' retrieved from /home/airflow/.local/lib/python3.11/site-packages/airflow/example_dags/tutorial_taskflow_api.py
[2024-10-29T18:57:49.600+0000] {logging_mixin.py:190} INFO - [2024-10-29T18:57:49.600+0000] {dag.py:3239} INFO - Sync 1 DAGs
[2024-10-29T18:57:49.607+0000] {logging_mixin.py:190} INFO - [2024-10-29T18:57:49.607+0000] {dag.py:4180} INFO - Setting next_dagrun for tutorial_taskflow_api to None, run_after=None
[2024-10-29T18:57:49.615+0000] {processor.py:208} INFO - Processing /home/airflow/.local/lib/python3.11/site-packages/airflow/example_dags/tutorial_taskflow_api.py took 0.040 seconds
[2024-10-29T18:58:20.233+0000] {processor.py:186} INFO - Started process (PID=648) to work on /home/airflow/.local/lib/python3.11/site-packages/airflow/example_dags/tutorial_taskflow_api.py
[2024-10-29T18:58:20.234+0000] {processor.py:914} INFO - Processing file /home/airflow/.local/lib/python3.11/site-packages/airflow/example_dags/tutorial_taskflow_api.py for tasks to queue
[2024-10-29T18:58:20.236+0000] {logging_mixin.py:190} INFO - [2024-10-29T18:58:20.236+0000] {dagbag.py:588} INFO - Filling up the DagBag from /home/airflow/.local/lib/python3.11/site-packages/airflow/example_dags/tutorial_taskflow_api.py
[2024-10-29T18:58:20.241+0000] {processor.py:925} INFO - DAG(s) 'tutorial_taskflow_api' retrieved from /home/airflow/.local/lib/python3.11/site-packages/airflow/example_dags/tutorial_taskflow_api.py
[2024-10-29T18:58:20.253+0000] {logging_mixin.py:190} INFO - [2024-10-29T18:58:20.253+0000] {dag.py:3239} INFO - Sync 1 DAGs
[2024-10-29T18:58:20.261+0000] {logging_mixin.py:190} INFO - [2024-10-29T18:58:20.261+0000] {dag.py:4180} INFO - Setting next_dagrun for tutorial_taskflow_api to None, run_after=None
[2024-10-29T18:58:20.273+0000] {processor.py:208} INFO - Processing /home/airflow/.local/lib/python3.11/site-packages/airflow/example_dags/tutorial_taskflow_api.py took 0.044 seconds
[2024-10-29T18:58:50.507+0000] {processor.py:186} INFO - Started process (PID=711) to work on /home/airflow/.local/lib/python3.11/site-packages/airflow/example_dags/tutorial_taskflow_api.py
[2024-10-29T18:58:50.508+0000] {processor.py:914} INFO - Processing file /home/airflow/.local/lib/python3.11/site-packages/airflow/example_dags/tutorial_taskflow_api.py for tasks to queue
[2024-10-29T18:58:50.510+0000] {logging_mixin.py:190} INFO - [2024-10-29T18:58:50.510+0000] {dagbag.py:588} INFO - Filling up the DagBag from /home/airflow/.local/lib/python3.11/site-packages/airflow/example_dags/tutorial_taskflow_api.py
[2024-10-29T18:58:50.515+0000] {processor.py:925} INFO - DAG(s) 'tutorial_taskflow_api' retrieved from /home/airflow/.local/lib/python3.11/site-packages/airflow/example_dags/tutorial_taskflow_api.py
[2024-10-29T18:58:50.526+0000] {logging_mixin.py:190} INFO - [2024-10-29T18:58:50.526+0000] {dag.py:3239} INFO - Sync 1 DAGs
[2024-10-29T18:58:50.533+0000] {logging_mixin.py:190} INFO - [2024-10-29T18:58:50.533+0000] {dag.py:4180} INFO - Setting next_dagrun for tutorial_taskflow_api to None, run_after=None
[2024-10-29T18:58:50.543+0000] {processor.py:208} INFO - Processing /home/airflow/.local/lib/python3.11/site-packages/airflow/example_dags/tutorial_taskflow_api.py took 0.039 seconds
[2024-10-29T18:59:20.903+0000] {processor.py:186} INFO - Started process (PID=774) to work on /home/airflow/.local/lib/python3.11/site-packages/airflow/example_dags/tutorial_taskflow_api.py
[2024-10-29T18:59:20.904+0000] {processor.py:914} INFO - Processing file /home/airflow/.local/lib/python3.11/site-packages/airflow/example_dags/tutorial_taskflow_api.py for tasks to queue
[2024-10-29T18:59:20.905+0000] {logging_mixin.py:190} INFO - [2024-10-29T18:59:20.905+0000] {dagbag.py:588} INFO - Filling up the DagBag from /home/airflow/.local/lib/python3.11/site-packages/airflow/example_dags/tutorial_taskflow_api.py
[2024-10-29T18:59:20.909+0000] {processor.py:925} INFO - DAG(s) 'tutorial_taskflow_api' retrieved from /home/airflow/.local/lib/python3.11/site-packages/airflow/example_dags/tutorial_taskflow_api.py
[2024-10-29T18:59:20.920+0000] {logging_mixin.py:190} INFO - [2024-10-29T18:59:20.920+0000] {dag.py:3239} INFO - Sync 1 DAGs
[2024-10-29T18:59:20.927+0000] {logging_mixin.py:190} INFO - [2024-10-29T18:59:20.927+0000] {dag.py:4180} INFO - Setting next_dagrun for tutorial_taskflow_api to None, run_after=None
[2024-10-29T18:59:20.936+0000] {processor.py:208} INFO - Processing /home/airflow/.local/lib/python3.11/site-packages/airflow/example_dags/tutorial_taskflow_api.py took 0.037 seconds
[2024-10-29T18:59:51.455+0000] {processor.py:186} INFO - Started process (PID=836) to work on /home/airflow/.local/lib/python3.11/site-packages/airflow/example_dags/tutorial_taskflow_api.py
[2024-10-29T18:59:51.456+0000] {processor.py:914} INFO - Processing file /home/airflow/.local/lib/python3.11/site-packages/airflow/example_dags/tutorial_taskflow_api.py for tasks to queue
[2024-10-29T18:59:51.457+0000] {logging_mixin.py:190} INFO - [2024-10-29T18:59:51.457+0000] {dagbag.py:588} INFO - Filling up the DagBag from /home/airflow/.local/lib/python3.11/site-packages/airflow/example_dags/tutorial_taskflow_api.py
[2024-10-29T18:59:51.462+0000] {processor.py:925} INFO - DAG(s) 'tutorial_taskflow_api' retrieved from /home/airflow/.local/lib/python3.11/site-packages/airflow/example_dags/tutorial_taskflow_api.py
[2024-10-29T18:59:51.476+0000] {logging_mixin.py:190} INFO - [2024-10-29T18:59:51.476+0000] {dag.py:3239} INFO - Sync 1 DAGs
[2024-10-29T18:59:51.486+0000] {logging_mixin.py:190} INFO - [2024-10-29T18:59:51.486+0000] {dag.py:4180} INFO - Setting next_dagrun for tutorial_taskflow_api to None, run_after=None
[2024-10-29T18:59:51.495+0000] {processor.py:208} INFO - Processing /home/airflow/.local/lib/python3.11/site-packages/airflow/example_dags/tutorial_taskflow_api.py took 0.043 seconds
[2024-10-29T19:00:21.787+0000] {processor.py:186} INFO - Started process (PID=899) to work on /home/airflow/.local/lib/python3.11/site-packages/airflow/example_dags/tutorial_taskflow_api.py
[2024-10-29T19:00:21.787+0000] {processor.py:914} INFO - Processing file /home/airflow/.local/lib/python3.11/site-packages/airflow/example_dags/tutorial_taskflow_api.py for tasks to queue
[2024-10-29T19:00:21.789+0000] {logging_mixin.py:190} INFO - [2024-10-29T19:00:21.789+0000] {dagbag.py:588} INFO - Filling up the DagBag from /home/airflow/.local/lib/python3.11/site-packages/airflow/example_dags/tutorial_taskflow_api.py
[2024-10-29T19:00:21.794+0000] {processor.py:925} INFO - DAG(s) 'tutorial_taskflow_api' retrieved from /home/airflow/.local/lib/python3.11/site-packages/airflow/example_dags/tutorial_taskflow_api.py
[2024-10-29T19:00:21.804+0000] {logging_mixin.py:190} INFO - [2024-10-29T19:00:21.804+0000] {dag.py:3239} INFO - Sync 1 DAGs
[2024-10-29T19:00:21.811+0000] {logging_mixin.py:190} INFO - [2024-10-29T19:00:21.811+0000] {dag.py:4180} INFO - Setting next_dagrun for tutorial_taskflow_api to None, run_after=None
[2024-10-29T19:00:21.819+0000] {processor.py:208} INFO - Processing /home/airflow/.local/lib/python3.11/site-packages/airflow/example_dags/tutorial_taskflow_api.py took 0.036 seconds
[2024-10-29T19:00:52.584+0000] {processor.py:186} INFO - Started process (PID=962) to work on /home/airflow/.local/lib/python3.11/site-packages/airflow/example_dags/tutorial_taskflow_api.py
[2024-10-29T19:00:52.585+0000] {processor.py:914} INFO - Processing file /home/airflow/.local/lib/python3.11/site-packages/airflow/example_dags/tutorial_taskflow_api.py for tasks to queue
[2024-10-29T19:00:52.586+0000] {logging_mixin.py:190} INFO - [2024-10-29T19:00:52.586+0000] {dagbag.py:588} INFO - Filling up the DagBag from /home/airflow/.local/lib/python3.11/site-packages/airflow/example_dags/tutorial_taskflow_api.py
[2024-10-29T19:00:52.590+0000] {processor.py:925} INFO - DAG(s) 'tutorial_taskflow_api' retrieved from /home/airflow/.local/lib/python3.11/site-packages/airflow/example_dags/tutorial_taskflow_api.py
[2024-10-29T19:00:52.600+0000] {logging_mixin.py:190} INFO - [2024-10-29T19:00:52.600+0000] {dag.py:3239} INFO - Sync 1 DAGs
[2024-10-29T19:00:52.607+0000] {logging_mixin.py:190} INFO - [2024-10-29T19:00:52.606+0000] {dag.py:4180} INFO - Setting next_dagrun for tutorial_taskflow_api to None, run_after=None
[2024-10-29T19:00:52.615+0000] {processor.py:208} INFO - Processing /home/airflow/.local/lib/python3.11/site-packages/airflow/example_dags/tutorial_taskflow_api.py took 0.034 seconds
[2024-10-29T19:01:22.824+0000] {processor.py:186} INFO - Started process (PID=1025) to work on /home/airflow/.local/lib/python3.11/site-packages/airflow/example_dags/tutorial_taskflow_api.py
[2024-10-29T19:01:22.824+0000] {processor.py:914} INFO - Processing file /home/airflow/.local/lib/python3.11/site-packages/airflow/example_dags/tutorial_taskflow_api.py for tasks to queue
[2024-10-29T19:01:22.825+0000] {logging_mixin.py:190} INFO - [2024-10-29T19:01:22.825+0000] {dagbag.py:588} INFO - Filling up the DagBag from /home/airflow/.local/lib/python3.11/site-packages/airflow/example_dags/tutorial_taskflow_api.py
[2024-10-29T19:01:22.830+0000] {processor.py:925} INFO - DAG(s) 'tutorial_taskflow_api' retrieved from /home/airflow/.local/lib/python3.11/site-packages/airflow/example_dags/tutorial_taskflow_api.py
[2024-10-29T19:01:22.840+0000] {logging_mixin.py:190} INFO - [2024-10-29T19:01:22.840+0000] {dag.py:3239} INFO - Sync 1 DAGs
[2024-10-29T19:01:22.847+0000] {logging_mixin.py:190} INFO - [2024-10-29T19:01:22.847+0000] {dag.py:4180} INFO - Setting next_dagrun for tutorial_taskflow_api to None, run_after=None
[2024-10-29T19:01:22.855+0000] {processor.py:208} INFO - Processing /home/airflow/.local/lib/python3.11/site-packages/airflow/example_dags/tutorial_taskflow_api.py took 0.034 seconds
[2024-10-29T19:01:53.080+0000] {processor.py:186} INFO - Started process (PID=1088) to work on /home/airflow/.local/lib/python3.11/site-packages/airflow/example_dags/tutorial_taskflow_api.py
[2024-10-29T19:01:53.081+0000] {processor.py:914} INFO - Processing file /home/airflow/.local/lib/python3.11/site-packages/airflow/example_dags/tutorial_taskflow_api.py for tasks to queue
[2024-10-29T19:01:53.083+0000] {logging_mixin.py:190} INFO - [2024-10-29T19:01:53.082+0000] {dagbag.py:588} INFO - Filling up the DagBag from /home/airflow/.local/lib/python3.11/site-packages/airflow/example_dags/tutorial_taskflow_api.py
[2024-10-29T19:01:53.087+0000] {processor.py:925} INFO - DAG(s) 'tutorial_taskflow_api' retrieved from /home/airflow/.local/lib/python3.11/site-packages/airflow/example_dags/tutorial_taskflow_api.py
[2024-10-29T19:01:53.097+0000] {logging_mixin.py:190} INFO - [2024-10-29T19:01:53.096+0000] {dag.py:3239} INFO - Sync 1 DAGs
[2024-10-29T19:01:53.104+0000] {logging_mixin.py:190} INFO - [2024-10-29T19:01:53.104+0000] {dag.py:4180} INFO - Setting next_dagrun for tutorial_taskflow_api to None, run_after=None
[2024-10-29T19:01:53.112+0000] {processor.py:208} INFO - Processing /home/airflow/.local/lib/python3.11/site-packages/airflow/example_dags/tutorial_taskflow_api.py took 0.035 seconds
[2024-10-29T19:02:24.160+0000] {processor.py:186} INFO - Started process (PID=1151) to work on /home/airflow/.local/lib/python3.11/site-packages/airflow/example_dags/tutorial_taskflow_api.py
[2024-10-29T19:02:24.164+0000] {processor.py:914} INFO - Processing file /home/airflow/.local/lib/python3.11/site-packages/airflow/example_dags/tutorial_taskflow_api.py for tasks to queue
[2024-10-29T19:02:24.166+0000] {logging_mixin.py:190} INFO - [2024-10-29T19:02:24.166+0000] {dagbag.py:588} INFO - Filling up the DagBag from /home/airflow/.local/lib/python3.11/site-packages/airflow/example_dags/tutorial_taskflow_api.py
[2024-10-29T19:02:24.172+0000] {processor.py:925} INFO - DAG(s) 'tutorial_taskflow_api' retrieved from /home/airflow/.local/lib/python3.11/site-packages/airflow/example_dags/tutorial_taskflow_api.py
[2024-10-29T19:02:24.186+0000] {logging_mixin.py:190} INFO - [2024-10-29T19:02:24.186+0000] {dag.py:3239} INFO - Sync 1 DAGs
[2024-10-29T19:02:24.193+0000] {logging_mixin.py:190} INFO - [2024-10-29T19:02:24.193+0000] {dag.py:4180} INFO - Setting next_dagrun for tutorial_taskflow_api to None, run_after=None
[2024-10-29T19:02:24.204+0000] {processor.py:208} INFO - Processing /home/airflow/.local/lib/python3.11/site-packages/airflow/example_dags/tutorial_taskflow_api.py took 0.048 seconds
[2024-10-29T19:02:54.858+0000] {processor.py:186} INFO - Started process (PID=1214) to work on /home/airflow/.local/lib/python3.11/site-packages/airflow/example_dags/tutorial_taskflow_api.py
[2024-10-29T19:02:54.859+0000] {processor.py:914} INFO - Processing file /home/airflow/.local/lib/python3.11/site-packages/airflow/example_dags/tutorial_taskflow_api.py for tasks to queue
[2024-10-29T19:02:54.860+0000] {logging_mixin.py:190} INFO - [2024-10-29T19:02:54.859+0000] {dagbag.py:588} INFO - Filling up the DagBag from /home/airflow/.local/lib/python3.11/site-packages/airflow/example_dags/tutorial_taskflow_api.py
[2024-10-29T19:02:54.864+0000] {processor.py:925} INFO - DAG(s) 'tutorial_taskflow_api' retrieved from /home/airflow/.local/lib/python3.11/site-packages/airflow/example_dags/tutorial_taskflow_api.py
[2024-10-29T19:02:54.873+0000] {logging_mixin.py:190} INFO - [2024-10-29T19:02:54.873+0000] {dag.py:3239} INFO - Sync 1 DAGs
[2024-10-29T19:02:54.880+0000] {logging_mixin.py:190} INFO - [2024-10-29T19:02:54.880+0000] {dag.py:4180} INFO - Setting next_dagrun for tutorial_taskflow_api to None, run_after=None
[2024-10-29T19:02:54.888+0000] {processor.py:208} INFO - Processing /home/airflow/.local/lib/python3.11/site-packages/airflow/example_dags/tutorial_taskflow_api.py took 0.033 seconds
[2024-10-29T19:03:25.770+0000] {processor.py:186} INFO - Started process (PID=1277) to work on /home/airflow/.local/lib/python3.11/site-packages/airflow/example_dags/tutorial_taskflow_api.py
[2024-10-29T19:03:25.771+0000] {processor.py:914} INFO - Processing file /home/airflow/.local/lib/python3.11/site-packages/airflow/example_dags/tutorial_taskflow_api.py for tasks to queue
[2024-10-29T19:03:25.772+0000] {logging_mixin.py:190} INFO - [2024-10-29T19:03:25.772+0000] {dagbag.py:588} INFO - Filling up the DagBag from /home/airflow/.local/lib/python3.11/site-packages/airflow/example_dags/tutorial_taskflow_api.py
[2024-10-29T19:03:25.776+0000] {processor.py:925} INFO - DAG(s) 'tutorial_taskflow_api' retrieved from /home/airflow/.local/lib/python3.11/site-packages/airflow/example_dags/tutorial_taskflow_api.py
[2024-10-29T19:03:25.786+0000] {logging_mixin.py:190} INFO - [2024-10-29T19:03:25.786+0000] {dag.py:3239} INFO - Sync 1 DAGs
[2024-10-29T19:03:25.793+0000] {logging_mixin.py:190} INFO - [2024-10-29T19:03:25.793+0000] {dag.py:4180} INFO - Setting next_dagrun for tutorial_taskflow_api to None, run_after=None
[2024-10-29T19:03:25.801+0000] {processor.py:208} INFO - Processing /home/airflow/.local/lib/python3.11/site-packages/airflow/example_dags/tutorial_taskflow_api.py took 0.034 seconds
[2024-10-29T19:03:56.518+0000] {processor.py:186} INFO - Started process (PID=1340) to work on /home/airflow/.local/lib/python3.11/site-packages/airflow/example_dags/tutorial_taskflow_api.py
[2024-10-29T19:03:56.518+0000] {processor.py:914} INFO - Processing file /home/airflow/.local/lib/python3.11/site-packages/airflow/example_dags/tutorial_taskflow_api.py for tasks to queue
[2024-10-29T19:03:56.519+0000] {logging_mixin.py:190} INFO - [2024-10-29T19:03:56.519+0000] {dagbag.py:588} INFO - Filling up the DagBag from /home/airflow/.local/lib/python3.11/site-packages/airflow/example_dags/tutorial_taskflow_api.py
[2024-10-29T19:03:56.524+0000] {processor.py:925} INFO - DAG(s) 'tutorial_taskflow_api' retrieved from /home/airflow/.local/lib/python3.11/site-packages/airflow/example_dags/tutorial_taskflow_api.py
[2024-10-29T19:03:56.533+0000] {logging_mixin.py:190} INFO - [2024-10-29T19:03:56.533+0000] {dag.py:3239} INFO - Sync 1 DAGs
[2024-10-29T19:03:56.540+0000] {logging_mixin.py:190} INFO - [2024-10-29T19:03:56.540+0000] {dag.py:4180} INFO - Setting next_dagrun for tutorial_taskflow_api to None, run_after=None
[2024-10-29T19:03:56.547+0000] {processor.py:208} INFO - Processing /home/airflow/.local/lib/python3.11/site-packages/airflow/example_dags/tutorial_taskflow_api.py took 0.033 seconds
[2024-10-29T19:04:26.993+0000] {processor.py:186} INFO - Started process (PID=1403) to work on /home/airflow/.local/lib/python3.11/site-packages/airflow/example_dags/tutorial_taskflow_api.py
[2024-10-29T19:04:26.994+0000] {processor.py:914} INFO - Processing file /home/airflow/.local/lib/python3.11/site-packages/airflow/example_dags/tutorial_taskflow_api.py for tasks to queue
[2024-10-29T19:04:26.995+0000] {logging_mixin.py:190} INFO - [2024-10-29T19:04:26.995+0000] {dagbag.py:588} INFO - Filling up the DagBag from /home/airflow/.local/lib/python3.11/site-packages/airflow/example_dags/tutorial_taskflow_api.py
[2024-10-29T19:04:27.000+0000] {processor.py:925} INFO - DAG(s) 'tutorial_taskflow_api' retrieved from /home/airflow/.local/lib/python3.11/site-packages/airflow/example_dags/tutorial_taskflow_api.py
[2024-10-29T19:04:27.010+0000] {logging_mixin.py:190} INFO - [2024-10-29T19:04:27.010+0000] {dag.py:3239} INFO - Sync 1 DAGs
[2024-10-29T19:04:27.016+0000] {logging_mixin.py:190} INFO - [2024-10-29T19:04:27.016+0000] {dag.py:4180} INFO - Setting next_dagrun for tutorial_taskflow_api to None, run_after=None
[2024-10-29T19:04:27.024+0000] {processor.py:208} INFO - Processing /home/airflow/.local/lib/python3.11/site-packages/airflow/example_dags/tutorial_taskflow_api.py took 0.034 seconds
[2024-10-29T19:04:57.562+0000] {processor.py:186} INFO - Started process (PID=1466) to work on /home/airflow/.local/lib/python3.11/site-packages/airflow/example_dags/tutorial_taskflow_api.py
[2024-10-29T19:04:57.563+0000] {processor.py:914} INFO - Processing file /home/airflow/.local/lib/python3.11/site-packages/airflow/example_dags/tutorial_taskflow_api.py for tasks to queue
[2024-10-29T19:04:57.564+0000] {logging_mixin.py:190} INFO - [2024-10-29T19:04:57.564+0000] {dagbag.py:588} INFO - Filling up the DagBag from /home/airflow/.local/lib/python3.11/site-packages/airflow/example_dags/tutorial_taskflow_api.py
[2024-10-29T19:04:57.568+0000] {processor.py:925} INFO - DAG(s) 'tutorial_taskflow_api' retrieved from /home/airflow/.local/lib/python3.11/site-packages/airflow/example_dags/tutorial_taskflow_api.py
[2024-10-29T19:04:57.577+0000] {logging_mixin.py:190} INFO - [2024-10-29T19:04:57.577+0000] {dag.py:3239} INFO - Sync 1 DAGs
[2024-10-29T19:04:57.583+0000] {logging_mixin.py:190} INFO - [2024-10-29T19:04:57.583+0000] {dag.py:4180} INFO - Setting next_dagrun for tutorial_taskflow_api to None, run_after=None
[2024-10-29T19:04:57.591+0000] {processor.py:208} INFO - Processing /home/airflow/.local/lib/python3.11/site-packages/airflow/example_dags/tutorial_taskflow_api.py took 0.033 seconds
[2024-10-29T19:05:28.068+0000] {processor.py:186} INFO - Started process (PID=1529) to work on /home/airflow/.local/lib/python3.11/site-packages/airflow/example_dags/tutorial_taskflow_api.py
[2024-10-29T19:05:28.068+0000] {processor.py:914} INFO - Processing file /home/airflow/.local/lib/python3.11/site-packages/airflow/example_dags/tutorial_taskflow_api.py for tasks to queue
[2024-10-29T19:05:28.070+0000] {logging_mixin.py:190} INFO - [2024-10-29T19:05:28.070+0000] {dagbag.py:588} INFO - Filling up the DagBag from /home/airflow/.local/lib/python3.11/site-packages/airflow/example_dags/tutorial_taskflow_api.py
[2024-10-29T19:05:28.075+0000] {processor.py:925} INFO - DAG(s) 'tutorial_taskflow_api' retrieved from /home/airflow/.local/lib/python3.11/site-packages/airflow/example_dags/tutorial_taskflow_api.py
[2024-10-29T19:05:28.086+0000] {logging_mixin.py:190} INFO - [2024-10-29T19:05:28.085+0000] {dag.py:3239} INFO - Sync 1 DAGs
[2024-10-29T19:05:28.093+0000] {logging_mixin.py:190} INFO - [2024-10-29T19:05:28.093+0000] {dag.py:4180} INFO - Setting next_dagrun for tutorial_taskflow_api to None, run_after=None
[2024-10-29T19:05:28.101+0000] {processor.py:208} INFO - Processing /home/airflow/.local/lib/python3.11/site-packages/airflow/example_dags/tutorial_taskflow_api.py took 0.037 seconds
[2024-10-29T19:05:58.323+0000] {processor.py:186} INFO - Started process (PID=1592) to work on /home/airflow/.local/lib/python3.11/site-packages/airflow/example_dags/tutorial_taskflow_api.py
[2024-10-29T19:05:58.324+0000] {processor.py:914} INFO - Processing file /home/airflow/.local/lib/python3.11/site-packages/airflow/example_dags/tutorial_taskflow_api.py for tasks to queue
[2024-10-29T19:05:58.325+0000] {logging_mixin.py:190} INFO - [2024-10-29T19:05:58.325+0000] {dagbag.py:588} INFO - Filling up the DagBag from /home/airflow/.local/lib/python3.11/site-packages/airflow/example_dags/tutorial_taskflow_api.py
[2024-10-29T19:05:58.330+0000] {processor.py:925} INFO - DAG(s) 'tutorial_taskflow_api' retrieved from /home/airflow/.local/lib/python3.11/site-packages/airflow/example_dags/tutorial_taskflow_api.py
[2024-10-29T19:05:58.340+0000] {logging_mixin.py:190} INFO - [2024-10-29T19:05:58.340+0000] {dag.py:3239} INFO - Sync 1 DAGs
[2024-10-29T19:05:58.347+0000] {logging_mixin.py:190} INFO - [2024-10-29T19:05:58.347+0000] {dag.py:4180} INFO - Setting next_dagrun for tutorial_taskflow_api to None, run_after=None
[2024-10-29T19:05:58.355+0000] {processor.py:208} INFO - Processing /home/airflow/.local/lib/python3.11/site-packages/airflow/example_dags/tutorial_taskflow_api.py took 0.036 seconds
[2024-10-29T19:23:18.272+0000] {processor.py:186} INFO - Started process (PID=1630) to work on /home/airflow/.local/lib/python3.11/site-packages/airflow/example_dags/tutorial_taskflow_api.py
[2024-10-29T19:23:18.273+0000] {processor.py:914} INFO - Processing file /home/airflow/.local/lib/python3.11/site-packages/airflow/example_dags/tutorial_taskflow_api.py for tasks to queue
[2024-10-29T19:23:18.274+0000] {logging_mixin.py:190} INFO - [2024-10-29T19:23:18.274+0000] {dagbag.py:588} INFO - Filling up the DagBag from /home/airflow/.local/lib/python3.11/site-packages/airflow/example_dags/tutorial_taskflow_api.py
[2024-10-29T19:23:18.278+0000] {processor.py:925} INFO - DAG(s) 'tutorial_taskflow_api' retrieved from /home/airflow/.local/lib/python3.11/site-packages/airflow/example_dags/tutorial_taskflow_api.py
[2024-10-29T19:23:18.288+0000] {logging_mixin.py:190} INFO - [2024-10-29T19:23:18.288+0000] {dag.py:3239} INFO - Sync 1 DAGs
[2024-10-29T19:23:18.295+0000] {logging_mixin.py:190} INFO - [2024-10-29T19:23:18.295+0000] {dag.py:4180} INFO - Setting next_dagrun for tutorial_taskflow_api to None, run_after=None
[2024-10-29T19:23:18.304+0000] {processor.py:208} INFO - Processing /home/airflow/.local/lib/python3.11/site-packages/airflow/example_dags/tutorial_taskflow_api.py took 0.035 seconds
[2024-10-29T20:00:04.644+0000] {processor.py:186} INFO - Started process (PID=1693) to work on /home/airflow/.local/lib/python3.11/site-packages/airflow/example_dags/tutorial_taskflow_api.py
[2024-10-29T20:00:04.646+0000] {processor.py:914} INFO - Processing file /home/airflow/.local/lib/python3.11/site-packages/airflow/example_dags/tutorial_taskflow_api.py for tasks to queue
[2024-10-29T20:00:04.648+0000] {logging_mixin.py:190} INFO - [2024-10-29T20:00:04.647+0000] {dagbag.py:588} INFO - Filling up the DagBag from /home/airflow/.local/lib/python3.11/site-packages/airflow/example_dags/tutorial_taskflow_api.py
[2024-10-29T20:00:04.652+0000] {processor.py:925} INFO - DAG(s) 'tutorial_taskflow_api' retrieved from /home/airflow/.local/lib/python3.11/site-packages/airflow/example_dags/tutorial_taskflow_api.py
[2024-10-29T20:00:04.664+0000] {logging_mixin.py:190} INFO - [2024-10-29T20:00:04.664+0000] {dag.py:3239} INFO - Sync 1 DAGs
[2024-10-29T20:00:04.674+0000] {logging_mixin.py:190} INFO - [2024-10-29T20:00:04.674+0000] {dag.py:4180} INFO - Setting next_dagrun for tutorial_taskflow_api to None, run_after=None
[2024-10-29T20:00:04.687+0000] {processor.py:208} INFO - Processing /home/airflow/.local/lib/python3.11/site-packages/airflow/example_dags/tutorial_taskflow_api.py took 0.046 seconds
[2024-10-29T20:32:01.260+0000] {processor.py:186} INFO - Started process (PID=1756) to work on /home/airflow/.local/lib/python3.11/site-packages/airflow/example_dags/tutorial_taskflow_api.py
[2024-10-29T20:32:01.261+0000] {processor.py:914} INFO - Processing file /home/airflow/.local/lib/python3.11/site-packages/airflow/example_dags/tutorial_taskflow_api.py for tasks to queue
[2024-10-29T20:32:01.262+0000] {logging_mixin.py:190} INFO - [2024-10-29T20:32:01.262+0000] {dagbag.py:588} INFO - Filling up the DagBag from /home/airflow/.local/lib/python3.11/site-packages/airflow/example_dags/tutorial_taskflow_api.py
[2024-10-29T20:32:01.267+0000] {processor.py:925} INFO - DAG(s) 'tutorial_taskflow_api' retrieved from /home/airflow/.local/lib/python3.11/site-packages/airflow/example_dags/tutorial_taskflow_api.py
[2024-10-29T20:32:01.276+0000] {logging_mixin.py:190} INFO - [2024-10-29T20:32:01.276+0000] {dag.py:3239} INFO - Sync 1 DAGs
[2024-10-29T20:32:01.283+0000] {logging_mixin.py:190} INFO - [2024-10-29T20:32:01.283+0000] {dag.py:4180} INFO - Setting next_dagrun for tutorial_taskflow_api to None, run_after=None
[2024-10-29T20:32:01.291+0000] {processor.py:208} INFO - Processing /home/airflow/.local/lib/python3.11/site-packages/airflow/example_dags/tutorial_taskflow_api.py took 0.034 seconds
[2024-10-29T20:58:59.848+0000] {processor.py:186} INFO - Started process (PID=1819) to work on /home/airflow/.local/lib/python3.11/site-packages/airflow/example_dags/tutorial_taskflow_api.py
[2024-10-29T20:58:59.852+0000] {processor.py:914} INFO - Processing file /home/airflow/.local/lib/python3.11/site-packages/airflow/example_dags/tutorial_taskflow_api.py for tasks to queue
[2024-10-29T20:58:59.854+0000] {logging_mixin.py:190} INFO - [2024-10-29T20:58:59.854+0000] {dagbag.py:588} INFO - Filling up the DagBag from /home/airflow/.local/lib/python3.11/site-packages/airflow/example_dags/tutorial_taskflow_api.py
[2024-10-29T20:58:59.860+0000] {processor.py:925} INFO - DAG(s) 'tutorial_taskflow_api' retrieved from /home/airflow/.local/lib/python3.11/site-packages/airflow/example_dags/tutorial_taskflow_api.py
[2024-10-29T20:58:59.872+0000] {logging_mixin.py:190} INFO - [2024-10-29T20:58:59.872+0000] {dag.py:3239} INFO - Sync 1 DAGs
[2024-10-29T20:58:59.881+0000] {logging_mixin.py:190} INFO - [2024-10-29T20:58:59.881+0000] {dag.py:4180} INFO - Setting next_dagrun for tutorial_taskflow_api to None, run_after=None
[2024-10-29T20:58:59.891+0000] {processor.py:208} INFO - Processing /home/airflow/.local/lib/python3.11/site-packages/airflow/example_dags/tutorial_taskflow_api.py took 0.047 seconds
[2024-10-29T21:40:53.759+0000] {processor.py:186} INFO - Started process (PID=1882) to work on /home/airflow/.local/lib/python3.11/site-packages/airflow/example_dags/tutorial_taskflow_api.py
[2024-10-29T21:40:53.760+0000] {processor.py:914} INFO - Processing file /home/airflow/.local/lib/python3.11/site-packages/airflow/example_dags/tutorial_taskflow_api.py for tasks to queue
[2024-10-29T21:40:53.761+0000] {logging_mixin.py:190} INFO - [2024-10-29T21:40:53.761+0000] {dagbag.py:588} INFO - Filling up the DagBag from /home/airflow/.local/lib/python3.11/site-packages/airflow/example_dags/tutorial_taskflow_api.py
[2024-10-29T21:40:53.765+0000] {processor.py:925} INFO - DAG(s) 'tutorial_taskflow_api' retrieved from /home/airflow/.local/lib/python3.11/site-packages/airflow/example_dags/tutorial_taskflow_api.py
[2024-10-29T21:40:53.774+0000] {logging_mixin.py:190} INFO - [2024-10-29T21:40:53.774+0000] {dag.py:3239} INFO - Sync 1 DAGs
[2024-10-29T21:40:53.781+0000] {logging_mixin.py:190} INFO - [2024-10-29T21:40:53.781+0000] {dag.py:4180} INFO - Setting next_dagrun for tutorial_taskflow_api to None, run_after=None
[2024-10-29T21:40:53.788+0000] {processor.py:208} INFO - Processing /home/airflow/.local/lib/python3.11/site-packages/airflow/example_dags/tutorial_taskflow_api.py took 0.032 seconds
[2024-10-29T22:49:28.378+0000] {processor.py:186} INFO - Started process (PID=1945) to work on /home/airflow/.local/lib/python3.11/site-packages/airflow/example_dags/tutorial_taskflow_api.py
[2024-10-29T22:49:28.379+0000] {processor.py:914} INFO - Processing file /home/airflow/.local/lib/python3.11/site-packages/airflow/example_dags/tutorial_taskflow_api.py for tasks to queue
[2024-10-29T22:49:28.381+0000] {logging_mixin.py:190} INFO - [2024-10-29T22:49:28.380+0000] {dagbag.py:588} INFO - Filling up the DagBag from /home/airflow/.local/lib/python3.11/site-packages/airflow/example_dags/tutorial_taskflow_api.py
[2024-10-29T22:49:28.385+0000] {processor.py:925} INFO - DAG(s) 'tutorial_taskflow_api' retrieved from /home/airflow/.local/lib/python3.11/site-packages/airflow/example_dags/tutorial_taskflow_api.py
[2024-10-29T22:49:28.394+0000] {logging_mixin.py:190} INFO - [2024-10-29T22:49:28.394+0000] {dag.py:3239} INFO - Sync 1 DAGs
[2024-10-29T22:49:28.401+0000] {logging_mixin.py:190} INFO - [2024-10-29T22:49:28.401+0000] {dag.py:4180} INFO - Setting next_dagrun for tutorial_taskflow_api to None, run_after=None
[2024-10-29T22:49:28.409+0000] {processor.py:208} INFO - Processing /home/airflow/.local/lib/python3.11/site-packages/airflow/example_dags/tutorial_taskflow_api.py took 0.034 seconds
[2024-10-29T23:03:28.643+0000] {processor.py:186} INFO - Started process (PID=2008) to work on /home/airflow/.local/lib/python3.11/site-packages/airflow/example_dags/tutorial_taskflow_api.py
[2024-10-29T23:03:28.644+0000] {processor.py:914} INFO - Processing file /home/airflow/.local/lib/python3.11/site-packages/airflow/example_dags/tutorial_taskflow_api.py for tasks to queue
[2024-10-29T23:03:28.645+0000] {logging_mixin.py:190} INFO - [2024-10-29T23:03:28.645+0000] {dagbag.py:588} INFO - Filling up the DagBag from /home/airflow/.local/lib/python3.11/site-packages/airflow/example_dags/tutorial_taskflow_api.py
[2024-10-29T23:03:28.650+0000] {processor.py:925} INFO - DAG(s) 'tutorial_taskflow_api' retrieved from /home/airflow/.local/lib/python3.11/site-packages/airflow/example_dags/tutorial_taskflow_api.py
[2024-10-29T23:03:28.661+0000] {logging_mixin.py:190} INFO - [2024-10-29T23:03:28.660+0000] {dag.py:3239} INFO - Sync 1 DAGs
[2024-10-29T23:03:28.675+0000] {logging_mixin.py:190} INFO - [2024-10-29T23:03:28.674+0000] {dag.py:4180} INFO - Setting next_dagrun for tutorial_taskflow_api to None, run_after=None
[2024-10-29T23:03:28.688+0000] {processor.py:208} INFO - Processing /home/airflow/.local/lib/python3.11/site-packages/airflow/example_dags/tutorial_taskflow_api.py took 0.049 seconds
