[2024-12-10T14:41:18.764+0000] {local_task_job_runner.py:123} INFO - ::group::Pre task execution logs
[2024-12-10T14:41:18.773+0000] {taskinstance.py:2612} INFO - Dependencies all met for dep_context=non-requeueable deps ti=<TaskInstance: conditional_dataset_and_time_based_timetable.conditional_dataset_and_time_based_timetable scheduled__2024-12-04T01:00:00+00:00 [queued]>
[2024-12-10T14:41:18.777+0000] {taskinstance.py:2612} INFO - Dependencies all met for dep_context=requeueable deps ti=<TaskInstance: conditional_dataset_and_time_based_timetable.conditional_dataset_and_time_based_timetable scheduled__2024-12-04T01:00:00+00:00 [queued]>
[2024-12-10T14:41:18.778+0000] {taskinstance.py:2865} INFO - Starting attempt 1 of 1
[2024-12-10T14:41:18.785+0000] {taskinstance.py:2888} INFO - Executing <Task(BashOperator): conditional_dataset_and_time_based_timetable> on 2024-12-04 01:00:00+00:00
[2024-12-10T14:41:18.796+0000] {standard_task_runner.py:72} INFO - Started process 90 to run task
[2024-12-10T14:41:18.802+0000] {standard_task_runner.py:104} INFO - Running: ['***', 'tasks', 'run', 'conditional_dataset_and_time_based_timetable', 'conditional_dataset_and_time_based_timetable', 'scheduled__2024-12-04T01:00:00+00:00', '--job-id', '173', '--raw', '--subdir', '/home/***/.local/lib/python3.11/site-packages/***/example_dags/example_datasets.py', '--cfg-path', '/tmp/tmpawsziigr']
[2024-12-10T14:41:18.804+0000] {standard_task_runner.py:105} INFO - Job 173: Subtask conditional_dataset_and_time_based_timetable
[2024-12-10T14:41:18.862+0000] {task_command.py:467} INFO - Running <TaskInstance: conditional_dataset_and_time_based_timetable.conditional_dataset_and_time_based_timetable scheduled__2024-12-04T01:00:00+00:00 [running]> on host 8c16ff7970b8
[2024-12-10T14:41:18.907+0000] {taskinstance.py:3131} INFO - Exporting env vars: AIRFLOW_CTX_DAG_OWNER='***' AIRFLOW_CTX_DAG_ID='conditional_dataset_and_time_based_timetable' AIRFLOW_CTX_TASK_ID='conditional_dataset_and_time_based_timetable' AIRFLOW_CTX_EXECUTION_DATE='2024-12-04T01:00:00+00:00' AIRFLOW_CTX_TRY_NUMBER='1' AIRFLOW_CTX_DAG_RUN_ID='scheduled__2024-12-04T01:00:00+00:00'
[2024-12-10T14:41:18.908+0000] {logging_mixin.py:190} INFO - Task instance is in running state
[2024-12-10T14:41:18.909+0000] {logging_mixin.py:190} INFO -  Previous state of the Task instance: queued
[2024-12-10T14:41:18.911+0000] {logging_mixin.py:190} INFO - Current task name:conditional_dataset_and_time_based_timetable state:running start_date:2024-12-10 14:41:18.773966+00:00
[2024-12-10T14:41:18.912+0000] {logging_mixin.py:190} INFO - Dag name:conditional_dataset_and_time_based_timetable and current dag run status:running
[2024-12-10T14:41:18.913+0000] {taskinstance.py:731} INFO - ::endgroup::
[2024-12-10T14:41:18.914+0000] {subprocess.py:63} INFO - Tmp dir root location: /tmp
[2024-12-10T14:41:18.915+0000] {subprocess.py:75} INFO - Running command: ['/usr/bin/bash', '-c', 'sleep 5']
[2024-12-10T14:41:18.939+0000] {subprocess.py:86} INFO - Output:
[2024-12-10T14:41:23.951+0000] {subprocess.py:97} INFO - Command exited with return code 0
[2024-12-10T14:41:24.029+0000] {taskinstance.py:340} INFO - ::group::Post task execution logs
[2024-12-10T14:41:24.031+0000] {taskinstance.py:352} INFO - Marking task as SUCCESS. dag_id=conditional_dataset_and_time_based_timetable, task_id=conditional_dataset_and_time_based_timetable, run_id=scheduled__2024-12-04T01:00:00+00:00, execution_date=20241204T010000, start_date=20241210T144118, end_date=20241210T144124
[2024-12-10T14:41:24.058+0000] {logging_mixin.py:190} INFO - Task instance in success state
[2024-12-10T14:41:24.060+0000] {logging_mixin.py:190} INFO -  Previous state of the Task instance: running
[2024-12-10T14:41:24.060+0000] {logging_mixin.py:190} INFO - Dag name:conditional_dataset_and_time_based_timetable queued_at:2024-12-10 14:41:17.138313+00:00
[2024-12-10T14:41:24.061+0000] {logging_mixin.py:190} INFO - Task hostname:8c16ff7970b8 operator:BashOperator
[2024-12-10T14:41:24.082+0000] {local_task_job_runner.py:266} INFO - Task exited with return code 0
[2024-12-10T14:41:24.096+0000] {taskinstance.py:3900} INFO - 0 downstream tasks scheduled from follow-on schedule check
[2024-12-10T14:41:24.097+0000] {local_task_job_runner.py:245} INFO - ::endgroup::
