[2024-11-21T11:49:24.208+0000] {processor.py:186} INFO - Started process (PID=111) to work on /home/airflow/.local/lib/python3.11/site-packages/airflow/example_dags/example_display_name.py
[2024-11-21T11:49:24.210+0000] {processor.py:914} INFO - Processing file /home/airflow/.local/lib/python3.11/site-packages/airflow/example_dags/example_display_name.py for tasks to queue
[2024-11-21T11:49:24.219+0000] {logging_mixin.py:190} INFO - [2024-11-21T11:49:24.217+0000] {dagbag.py:588} INFO - Filling up the DagBag from /home/airflow/.local/lib/python3.11/site-packages/airflow/example_dags/example_display_name.py
[2024-11-21T11:49:24.300+0000] {processor.py:925} INFO - DAG(s) 'example_display_name' retrieved from /home/airflow/.local/lib/python3.11/site-packages/airflow/example_dags/example_display_name.py
[2024-11-21T11:49:24.417+0000] {logging_mixin.py:190} INFO - [2024-11-21T11:49:24.416+0000] {dag.py:3239} INFO - Sync 1 DAGs
[2024-11-21T11:49:24.475+0000] {logging_mixin.py:190} INFO - [2024-11-21T11:49:24.474+0000] {dag.py:4180} INFO - Setting next_dagrun for example_display_name to None, run_after=None
[2024-11-21T11:49:24.557+0000] {processor.py:208} INFO - Processing /home/airflow/.local/lib/python3.11/site-packages/airflow/example_dags/example_display_name.py took 0.362 seconds
[2024-11-21T11:49:59.491+0000] {processor.py:186} INFO - Started process (PID=175) to work on /home/airflow/.local/lib/python3.11/site-packages/airflow/example_dags/example_display_name.py
[2024-11-21T11:49:59.505+0000] {processor.py:914} INFO - Processing file /home/airflow/.local/lib/python3.11/site-packages/airflow/example_dags/example_display_name.py for tasks to queue
[2024-11-21T11:49:59.529+0000] {logging_mixin.py:190} INFO - [2024-11-21T11:49:59.528+0000] {dagbag.py:588} INFO - Filling up the DagBag from /home/airflow/.local/lib/python3.11/site-packages/airflow/example_dags/example_display_name.py
[2024-11-21T11:49:59.581+0000] {processor.py:925} INFO - DAG(s) 'example_display_name' retrieved from /home/airflow/.local/lib/python3.11/site-packages/airflow/example_dags/example_display_name.py
[2024-11-21T11:49:59.681+0000] {logging_mixin.py:190} INFO - [2024-11-21T11:49:59.679+0000] {dag.py:3239} INFO - Sync 1 DAGs
[2024-11-21T11:50:00.554+0000] {logging_mixin.py:190} INFO - [2024-11-21T11:50:00.553+0000] {dag.py:4180} INFO - Setting next_dagrun for example_display_name to None, run_after=None
[2024-11-21T11:50:00.595+0000] {processor.py:208} INFO - Processing /home/airflow/.local/lib/python3.11/site-packages/airflow/example_dags/example_display_name.py took 1.177 seconds
[2024-11-21T11:50:30.846+0000] {processor.py:186} INFO - Started process (PID=239) to work on /home/airflow/.local/lib/python3.11/site-packages/airflow/example_dags/example_display_name.py
[2024-11-21T11:50:30.848+0000] {processor.py:914} INFO - Processing file /home/airflow/.local/lib/python3.11/site-packages/airflow/example_dags/example_display_name.py for tasks to queue
[2024-11-21T11:50:30.852+0000] {logging_mixin.py:190} INFO - [2024-11-21T11:50:30.851+0000] {dagbag.py:588} INFO - Filling up the DagBag from /home/airflow/.local/lib/python3.11/site-packages/airflow/example_dags/example_display_name.py
[2024-11-21T11:50:30.862+0000] {processor.py:925} INFO - DAG(s) 'example_display_name' retrieved from /home/airflow/.local/lib/python3.11/site-packages/airflow/example_dags/example_display_name.py
[2024-11-21T11:50:30.881+0000] {logging_mixin.py:190} INFO - [2024-11-21T11:50:30.881+0000] {dag.py:3239} INFO - Sync 1 DAGs
[2024-11-21T11:50:31.098+0000] {logging_mixin.py:190} INFO - [2024-11-21T11:50:31.098+0000] {dag.py:4180} INFO - Setting next_dagrun for example_display_name to None, run_after=None
[2024-11-21T11:50:31.109+0000] {processor.py:208} INFO - Processing /home/airflow/.local/lib/python3.11/site-packages/airflow/example_dags/example_display_name.py took 0.270 seconds
[2024-11-21T11:51:01.206+0000] {processor.py:186} INFO - Started process (PID=302) to work on /home/airflow/.local/lib/python3.11/site-packages/airflow/example_dags/example_display_name.py
[2024-11-21T11:51:01.209+0000] {processor.py:914} INFO - Processing file /home/airflow/.local/lib/python3.11/site-packages/airflow/example_dags/example_display_name.py for tasks to queue
[2024-11-21T11:51:01.214+0000] {logging_mixin.py:190} INFO - [2024-11-21T11:51:01.213+0000] {dagbag.py:588} INFO - Filling up the DagBag from /home/airflow/.local/lib/python3.11/site-packages/airflow/example_dags/example_display_name.py
[2024-11-21T11:51:01.227+0000] {processor.py:925} INFO - DAG(s) 'example_display_name' retrieved from /home/airflow/.local/lib/python3.11/site-packages/airflow/example_dags/example_display_name.py
[2024-11-21T11:51:01.249+0000] {logging_mixin.py:190} INFO - [2024-11-21T11:51:01.249+0000] {dag.py:3239} INFO - Sync 1 DAGs
[2024-11-21T11:51:01.258+0000] {logging_mixin.py:190} INFO - [2024-11-21T11:51:01.258+0000] {dag.py:4180} INFO - Setting next_dagrun for example_display_name to None, run_after=None
[2024-11-21T11:51:01.414+0000] {processor.py:208} INFO - Processing /home/airflow/.local/lib/python3.11/site-packages/airflow/example_dags/example_display_name.py took 0.230 seconds
[2024-11-21T11:51:31.482+0000] {processor.py:186} INFO - Started process (PID=366) to work on /home/airflow/.local/lib/python3.11/site-packages/airflow/example_dags/example_display_name.py
[2024-11-21T11:51:31.484+0000] {processor.py:914} INFO - Processing file /home/airflow/.local/lib/python3.11/site-packages/airflow/example_dags/example_display_name.py for tasks to queue
[2024-11-21T11:51:31.485+0000] {logging_mixin.py:190} INFO - [2024-11-21T11:51:31.485+0000] {dagbag.py:588} INFO - Filling up the DagBag from /home/airflow/.local/lib/python3.11/site-packages/airflow/example_dags/example_display_name.py
[2024-11-21T11:51:31.490+0000] {processor.py:925} INFO - DAG(s) 'example_display_name' retrieved from /home/airflow/.local/lib/python3.11/site-packages/airflow/example_dags/example_display_name.py
[2024-11-21T11:51:31.500+0000] {logging_mixin.py:190} INFO - [2024-11-21T11:51:31.500+0000] {dag.py:3239} INFO - Sync 1 DAGs
[2024-11-21T11:51:31.507+0000] {logging_mixin.py:190} INFO - [2024-11-21T11:51:31.507+0000] {dag.py:4180} INFO - Setting next_dagrun for example_display_name to None, run_after=None
[2024-11-21T11:51:31.515+0000] {processor.py:208} INFO - Processing /home/airflow/.local/lib/python3.11/site-packages/airflow/example_dags/example_display_name.py took 0.038 seconds
[2024-11-21T11:52:02.477+0000] {processor.py:186} INFO - Started process (PID=430) to work on /home/airflow/.local/lib/python3.11/site-packages/airflow/example_dags/example_display_name.py
[2024-11-21T11:52:02.479+0000] {processor.py:914} INFO - Processing file /home/airflow/.local/lib/python3.11/site-packages/airflow/example_dags/example_display_name.py for tasks to queue
[2024-11-21T11:52:02.482+0000] {logging_mixin.py:190} INFO - [2024-11-21T11:52:02.482+0000] {dagbag.py:588} INFO - Filling up the DagBag from /home/airflow/.local/lib/python3.11/site-packages/airflow/example_dags/example_display_name.py
[2024-11-21T11:52:02.490+0000] {processor.py:925} INFO - DAG(s) 'example_display_name' retrieved from /home/airflow/.local/lib/python3.11/site-packages/airflow/example_dags/example_display_name.py
[2024-11-21T11:52:02.508+0000] {logging_mixin.py:190} INFO - [2024-11-21T11:52:02.507+0000] {dag.py:3239} INFO - Sync 1 DAGs
[2024-11-21T11:52:02.519+0000] {logging_mixin.py:190} INFO - [2024-11-21T11:52:02.519+0000] {dag.py:4180} INFO - Setting next_dagrun for example_display_name to None, run_after=None
[2024-11-21T11:52:02.529+0000] {processor.py:208} INFO - Processing /home/airflow/.local/lib/python3.11/site-packages/airflow/example_dags/example_display_name.py took 0.059 seconds
[2024-11-21T11:52:33.400+0000] {processor.py:186} INFO - Started process (PID=494) to work on /home/airflow/.local/lib/python3.11/site-packages/airflow/example_dags/example_display_name.py
[2024-11-21T11:52:33.402+0000] {processor.py:914} INFO - Processing file /home/airflow/.local/lib/python3.11/site-packages/airflow/example_dags/example_display_name.py for tasks to queue
[2024-11-21T11:52:33.404+0000] {logging_mixin.py:190} INFO - [2024-11-21T11:52:33.403+0000] {dagbag.py:588} INFO - Filling up the DagBag from /home/airflow/.local/lib/python3.11/site-packages/airflow/example_dags/example_display_name.py
[2024-11-21T11:52:33.412+0000] {processor.py:925} INFO - DAG(s) 'example_display_name' retrieved from /home/airflow/.local/lib/python3.11/site-packages/airflow/example_dags/example_display_name.py
[2024-11-21T11:52:33.447+0000] {logging_mixin.py:190} INFO - [2024-11-21T11:52:33.446+0000] {dag.py:3239} INFO - Sync 1 DAGs
[2024-11-21T11:52:33.459+0000] {logging_mixin.py:190} INFO - [2024-11-21T11:52:33.459+0000] {dag.py:4180} INFO - Setting next_dagrun for example_display_name to None, run_after=None
[2024-11-21T11:52:33.473+0000] {processor.py:208} INFO - Processing /home/airflow/.local/lib/python3.11/site-packages/airflow/example_dags/example_display_name.py took 0.078 seconds
[2024-11-21T11:53:04.211+0000] {processor.py:186} INFO - Started process (PID=558) to work on /home/airflow/.local/lib/python3.11/site-packages/airflow/example_dags/example_display_name.py
[2024-11-21T11:53:04.212+0000] {processor.py:914} INFO - Processing file /home/airflow/.local/lib/python3.11/site-packages/airflow/example_dags/example_display_name.py for tasks to queue
[2024-11-21T11:53:04.215+0000] {logging_mixin.py:190} INFO - [2024-11-21T11:53:04.214+0000] {dagbag.py:588} INFO - Filling up the DagBag from /home/airflow/.local/lib/python3.11/site-packages/airflow/example_dags/example_display_name.py
[2024-11-21T11:53:04.222+0000] {processor.py:925} INFO - DAG(s) 'example_display_name' retrieved from /home/airflow/.local/lib/python3.11/site-packages/airflow/example_dags/example_display_name.py
[2024-11-21T11:53:04.237+0000] {logging_mixin.py:190} INFO - [2024-11-21T11:53:04.237+0000] {dag.py:3239} INFO - Sync 1 DAGs
[2024-11-21T11:53:04.247+0000] {logging_mixin.py:190} INFO - [2024-11-21T11:53:04.247+0000] {dag.py:4180} INFO - Setting next_dagrun for example_display_name to None, run_after=None
[2024-11-21T11:53:04.256+0000] {processor.py:208} INFO - Processing /home/airflow/.local/lib/python3.11/site-packages/airflow/example_dags/example_display_name.py took 0.050 seconds
[2024-11-21T11:53:34.973+0000] {processor.py:186} INFO - Started process (PID=622) to work on /home/airflow/.local/lib/python3.11/site-packages/airflow/example_dags/example_display_name.py
[2024-11-21T11:53:34.975+0000] {processor.py:914} INFO - Processing file /home/airflow/.local/lib/python3.11/site-packages/airflow/example_dags/example_display_name.py for tasks to queue
[2024-11-21T11:53:34.976+0000] {logging_mixin.py:190} INFO - [2024-11-21T11:53:34.976+0000] {dagbag.py:588} INFO - Filling up the DagBag from /home/airflow/.local/lib/python3.11/site-packages/airflow/example_dags/example_display_name.py
[2024-11-21T11:53:34.981+0000] {processor.py:925} INFO - DAG(s) 'example_display_name' retrieved from /home/airflow/.local/lib/python3.11/site-packages/airflow/example_dags/example_display_name.py
[2024-11-21T11:53:34.991+0000] {logging_mixin.py:190} INFO - [2024-11-21T11:53:34.991+0000] {dag.py:3239} INFO - Sync 1 DAGs
[2024-11-21T11:53:34.998+0000] {logging_mixin.py:190} INFO - [2024-11-21T11:53:34.997+0000] {dag.py:4180} INFO - Setting next_dagrun for example_display_name to None, run_after=None
[2024-11-21T11:53:35.006+0000] {processor.py:208} INFO - Processing /home/airflow/.local/lib/python3.11/site-packages/airflow/example_dags/example_display_name.py took 0.036 seconds
[2024-11-21T11:54:20.234+0000] {processor.py:186} INFO - Started process (PID=708) to work on /home/airflow/.local/lib/python3.11/site-packages/airflow/example_dags/example_display_name.py
[2024-11-21T11:54:20.239+0000] {processor.py:914} INFO - Processing file /home/airflow/.local/lib/python3.11/site-packages/airflow/example_dags/example_display_name.py for tasks to queue
[2024-11-21T11:54:20.255+0000] {logging_mixin.py:190} INFO - [2024-11-21T11:54:20.254+0000] {dagbag.py:588} INFO - Filling up the DagBag from /home/airflow/.local/lib/python3.11/site-packages/airflow/example_dags/example_display_name.py
[2024-11-21T11:54:20.297+0000] {processor.py:925} INFO - DAG(s) 'example_display_name' retrieved from /home/airflow/.local/lib/python3.11/site-packages/airflow/example_dags/example_display_name.py
[2024-11-21T11:54:20.380+0000] {logging_mixin.py:190} INFO - [2024-11-21T11:54:20.380+0000] {dag.py:3239} INFO - Sync 1 DAGs
[2024-11-21T11:54:20.472+0000] {logging_mixin.py:190} INFO - [2024-11-21T11:54:20.472+0000] {dag.py:4180} INFO - Setting next_dagrun for example_display_name to None, run_after=None
[2024-11-21T11:54:20.565+0000] {processor.py:208} INFO - Processing /home/airflow/.local/lib/python3.11/site-packages/airflow/example_dags/example_display_name.py took 0.342 seconds
[2024-11-21T11:55:31.872+0000] {processor.py:186} INFO - Started process (PID=813) to work on /home/airflow/.local/lib/python3.11/site-packages/airflow/example_dags/example_display_name.py
[2024-11-21T11:55:31.878+0000] {processor.py:914} INFO - Processing file /home/airflow/.local/lib/python3.11/site-packages/airflow/example_dags/example_display_name.py for tasks to queue
[2024-11-21T11:55:31.903+0000] {logging_mixin.py:190} INFO - [2024-11-21T11:55:31.901+0000] {dagbag.py:588} INFO - Filling up the DagBag from /home/airflow/.local/lib/python3.11/site-packages/airflow/example_dags/example_display_name.py
[2024-11-21T11:55:31.982+0000] {processor.py:925} INFO - DAG(s) 'example_display_name' retrieved from /home/airflow/.local/lib/python3.11/site-packages/airflow/example_dags/example_display_name.py
[2024-11-21T11:55:32.204+0000] {logging_mixin.py:190} INFO - [2024-11-21T11:55:32.200+0000] {dag.py:3239} INFO - Sync 1 DAGs
[2024-11-21T11:55:32.330+0000] {logging_mixin.py:190} INFO - [2024-11-21T11:55:32.326+0000] {dag.py:4180} INFO - Setting next_dagrun for example_display_name to None, run_after=None
[2024-11-21T11:55:32.428+0000] {processor.py:208} INFO - Processing /home/airflow/.local/lib/python3.11/site-packages/airflow/example_dags/example_display_name.py took 0.584 seconds
[2024-11-21T11:56:33.210+0000] {processor.py:186} INFO - Started process (PID=904) to work on /home/airflow/.local/lib/python3.11/site-packages/airflow/example_dags/example_display_name.py
[2024-11-21T11:56:33.214+0000] {processor.py:914} INFO - Processing file /home/airflow/.local/lib/python3.11/site-packages/airflow/example_dags/example_display_name.py for tasks to queue
[2024-11-21T11:56:33.221+0000] {logging_mixin.py:190} INFO - [2024-11-21T11:56:33.220+0000] {dagbag.py:588} INFO - Filling up the DagBag from /home/airflow/.local/lib/python3.11/site-packages/airflow/example_dags/example_display_name.py
[2024-11-21T11:56:33.250+0000] {processor.py:925} INFO - DAG(s) 'example_display_name' retrieved from /home/airflow/.local/lib/python3.11/site-packages/airflow/example_dags/example_display_name.py
[2024-11-21T11:56:33.291+0000] {logging_mixin.py:190} INFO - [2024-11-21T11:56:33.290+0000] {dag.py:3239} INFO - Sync 1 DAGs
[2024-11-21T11:56:33.315+0000] {logging_mixin.py:190} INFO - [2024-11-21T11:56:33.315+0000] {dag.py:4180} INFO - Setting next_dagrun for example_display_name to None, run_after=None
[2024-11-21T11:56:33.337+0000] {processor.py:208} INFO - Processing /home/airflow/.local/lib/python3.11/site-packages/airflow/example_dags/example_display_name.py took 0.137 seconds
[2024-11-21T11:57:03.476+0000] {processor.py:186} INFO - Started process (PID=968) to work on /home/airflow/.local/lib/python3.11/site-packages/airflow/example_dags/example_display_name.py
[2024-11-21T11:57:03.477+0000] {processor.py:914} INFO - Processing file /home/airflow/.local/lib/python3.11/site-packages/airflow/example_dags/example_display_name.py for tasks to queue
[2024-11-21T11:57:03.478+0000] {logging_mixin.py:190} INFO - [2024-11-21T11:57:03.478+0000] {dagbag.py:588} INFO - Filling up the DagBag from /home/airflow/.local/lib/python3.11/site-packages/airflow/example_dags/example_display_name.py
[2024-11-21T11:57:03.483+0000] {processor.py:925} INFO - DAG(s) 'example_display_name' retrieved from /home/airflow/.local/lib/python3.11/site-packages/airflow/example_dags/example_display_name.py
[2024-11-21T11:57:03.493+0000] {logging_mixin.py:190} INFO - [2024-11-21T11:57:03.493+0000] {dag.py:3239} INFO - Sync 1 DAGs
[2024-11-21T11:57:03.500+0000] {logging_mixin.py:190} INFO - [2024-11-21T11:57:03.500+0000] {dag.py:4180} INFO - Setting next_dagrun for example_display_name to None, run_after=None
[2024-11-21T11:57:03.509+0000] {processor.py:208} INFO - Processing /home/airflow/.local/lib/python3.11/site-packages/airflow/example_dags/example_display_name.py took 0.036 seconds
[2024-11-21T11:57:33.620+0000] {processor.py:186} INFO - Started process (PID=1033) to work on /home/airflow/.local/lib/python3.11/site-packages/airflow/example_dags/example_display_name.py
[2024-11-21T11:57:33.621+0000] {processor.py:914} INFO - Processing file /home/airflow/.local/lib/python3.11/site-packages/airflow/example_dags/example_display_name.py for tasks to queue
[2024-11-21T11:57:33.622+0000] {logging_mixin.py:190} INFO - [2024-11-21T11:57:33.622+0000] {dagbag.py:588} INFO - Filling up the DagBag from /home/airflow/.local/lib/python3.11/site-packages/airflow/example_dags/example_display_name.py
[2024-11-21T11:57:33.627+0000] {processor.py:925} INFO - DAG(s) 'example_display_name' retrieved from /home/airflow/.local/lib/python3.11/site-packages/airflow/example_dags/example_display_name.py
[2024-11-21T11:57:33.639+0000] {logging_mixin.py:190} INFO - [2024-11-21T11:57:33.638+0000] {dag.py:3239} INFO - Sync 1 DAGs
[2024-11-21T11:57:33.647+0000] {logging_mixin.py:190} INFO - [2024-11-21T11:57:33.646+0000] {dag.py:4180} INFO - Setting next_dagrun for example_display_name to None, run_after=None
[2024-11-21T11:57:33.655+0000] {processor.py:208} INFO - Processing /home/airflow/.local/lib/python3.11/site-packages/airflow/example_dags/example_display_name.py took 0.039 seconds
[2024-11-21T11:58:04.505+0000] {processor.py:186} INFO - Started process (PID=1097) to work on /home/airflow/.local/lib/python3.11/site-packages/airflow/example_dags/example_display_name.py
[2024-11-21T11:58:04.506+0000] {processor.py:914} INFO - Processing file /home/airflow/.local/lib/python3.11/site-packages/airflow/example_dags/example_display_name.py for tasks to queue
[2024-11-21T11:58:04.507+0000] {logging_mixin.py:190} INFO - [2024-11-21T11:58:04.507+0000] {dagbag.py:588} INFO - Filling up the DagBag from /home/airflow/.local/lib/python3.11/site-packages/airflow/example_dags/example_display_name.py
[2024-11-21T11:58:04.512+0000] {processor.py:925} INFO - DAG(s) 'example_display_name' retrieved from /home/airflow/.local/lib/python3.11/site-packages/airflow/example_dags/example_display_name.py
[2024-11-21T11:58:04.522+0000] {logging_mixin.py:190} INFO - [2024-11-21T11:58:04.522+0000] {dag.py:3239} INFO - Sync 1 DAGs
[2024-11-21T11:58:04.529+0000] {logging_mixin.py:190} INFO - [2024-11-21T11:58:04.529+0000] {dag.py:4180} INFO - Setting next_dagrun for example_display_name to None, run_after=None
[2024-11-21T11:58:04.537+0000] {processor.py:208} INFO - Processing /home/airflow/.local/lib/python3.11/site-packages/airflow/example_dags/example_display_name.py took 0.035 seconds
[2024-11-21T11:58:35.066+0000] {processor.py:186} INFO - Started process (PID=1160) to work on /home/airflow/.local/lib/python3.11/site-packages/airflow/example_dags/example_display_name.py
[2024-11-21T11:58:35.066+0000] {processor.py:914} INFO - Processing file /home/airflow/.local/lib/python3.11/site-packages/airflow/example_dags/example_display_name.py for tasks to queue
[2024-11-21T11:58:35.068+0000] {logging_mixin.py:190} INFO - [2024-11-21T11:58:35.068+0000] {dagbag.py:588} INFO - Filling up the DagBag from /home/airflow/.local/lib/python3.11/site-packages/airflow/example_dags/example_display_name.py
[2024-11-21T11:58:35.072+0000] {processor.py:925} INFO - DAG(s) 'example_display_name' retrieved from /home/airflow/.local/lib/python3.11/site-packages/airflow/example_dags/example_display_name.py
[2024-11-21T11:58:35.082+0000] {logging_mixin.py:190} INFO - [2024-11-21T11:58:35.082+0000] {dag.py:3239} INFO - Sync 1 DAGs
[2024-11-21T11:58:35.089+0000] {logging_mixin.py:190} INFO - [2024-11-21T11:58:35.089+0000] {dag.py:4180} INFO - Setting next_dagrun for example_display_name to None, run_after=None
[2024-11-21T11:58:35.097+0000] {processor.py:208} INFO - Processing /home/airflow/.local/lib/python3.11/site-packages/airflow/example_dags/example_display_name.py took 0.035 seconds
[2024-11-21T11:59:05.829+0000] {processor.py:186} INFO - Started process (PID=1225) to work on /home/airflow/.local/lib/python3.11/site-packages/airflow/example_dags/example_display_name.py
[2024-11-21T11:59:05.830+0000] {processor.py:914} INFO - Processing file /home/airflow/.local/lib/python3.11/site-packages/airflow/example_dags/example_display_name.py for tasks to queue
[2024-11-21T11:59:05.831+0000] {logging_mixin.py:190} INFO - [2024-11-21T11:59:05.831+0000] {dagbag.py:588} INFO - Filling up the DagBag from /home/airflow/.local/lib/python3.11/site-packages/airflow/example_dags/example_display_name.py
[2024-11-21T11:59:05.836+0000] {processor.py:925} INFO - DAG(s) 'example_display_name' retrieved from /home/airflow/.local/lib/python3.11/site-packages/airflow/example_dags/example_display_name.py
[2024-11-21T11:59:05.853+0000] {logging_mixin.py:190} INFO - [2024-11-21T11:59:05.853+0000] {dag.py:3239} INFO - Sync 1 DAGs
[2024-11-21T11:59:05.865+0000] {logging_mixin.py:190} INFO - [2024-11-21T11:59:05.865+0000] {dag.py:4180} INFO - Setting next_dagrun for example_display_name to None, run_after=None
[2024-11-21T11:59:05.875+0000] {processor.py:208} INFO - Processing /home/airflow/.local/lib/python3.11/site-packages/airflow/example_dags/example_display_name.py took 0.051 seconds
[2024-11-21T11:59:36.683+0000] {processor.py:186} INFO - Started process (PID=1289) to work on /home/airflow/.local/lib/python3.11/site-packages/airflow/example_dags/example_display_name.py
[2024-11-21T11:59:36.684+0000] {processor.py:914} INFO - Processing file /home/airflow/.local/lib/python3.11/site-packages/airflow/example_dags/example_display_name.py for tasks to queue
[2024-11-21T11:59:36.686+0000] {logging_mixin.py:190} INFO - [2024-11-21T11:59:36.685+0000] {dagbag.py:588} INFO - Filling up the DagBag from /home/airflow/.local/lib/python3.11/site-packages/airflow/example_dags/example_display_name.py
[2024-11-21T11:59:36.690+0000] {processor.py:925} INFO - DAG(s) 'example_display_name' retrieved from /home/airflow/.local/lib/python3.11/site-packages/airflow/example_dags/example_display_name.py
[2024-11-21T11:59:36.700+0000] {logging_mixin.py:190} INFO - [2024-11-21T11:59:36.700+0000] {dag.py:3239} INFO - Sync 1 DAGs
[2024-11-21T11:59:36.706+0000] {logging_mixin.py:190} INFO - [2024-11-21T11:59:36.706+0000] {dag.py:4180} INFO - Setting next_dagrun for example_display_name to None, run_after=None
[2024-11-21T11:59:36.714+0000] {processor.py:208} INFO - Processing /home/airflow/.local/lib/python3.11/site-packages/airflow/example_dags/example_display_name.py took 0.034 seconds
[2024-11-21T12:00:07.723+0000] {processor.py:186} INFO - Started process (PID=1354) to work on /home/airflow/.local/lib/python3.11/site-packages/airflow/example_dags/example_display_name.py
[2024-11-21T12:00:07.724+0000] {processor.py:914} INFO - Processing file /home/airflow/.local/lib/python3.11/site-packages/airflow/example_dags/example_display_name.py for tasks to queue
[2024-11-21T12:00:07.725+0000] {logging_mixin.py:190} INFO - [2024-11-21T12:00:07.725+0000] {dagbag.py:588} INFO - Filling up the DagBag from /home/airflow/.local/lib/python3.11/site-packages/airflow/example_dags/example_display_name.py
[2024-11-21T12:00:07.729+0000] {processor.py:925} INFO - DAG(s) 'example_display_name' retrieved from /home/airflow/.local/lib/python3.11/site-packages/airflow/example_dags/example_display_name.py
[2024-11-21T12:00:07.741+0000] {logging_mixin.py:190} INFO - [2024-11-21T12:00:07.741+0000] {dag.py:3239} INFO - Sync 1 DAGs
[2024-11-21T12:00:07.748+0000] {logging_mixin.py:190} INFO - [2024-11-21T12:00:07.748+0000] {dag.py:4180} INFO - Setting next_dagrun for example_display_name to None, run_after=None
[2024-11-21T12:00:07.756+0000] {processor.py:208} INFO - Processing /home/airflow/.local/lib/python3.11/site-packages/airflow/example_dags/example_display_name.py took 0.037 seconds
[2024-11-21T12:04:00.273+0000] {processor.py:186} INFO - Started process (PID=1453) to work on /home/airflow/.local/lib/python3.11/site-packages/airflow/example_dags/example_display_name.py
[2024-11-21T12:04:00.279+0000] {processor.py:914} INFO - Processing file /home/airflow/.local/lib/python3.11/site-packages/airflow/example_dags/example_display_name.py for tasks to queue
[2024-11-21T12:04:00.289+0000] {logging_mixin.py:190} INFO - [2024-11-21T12:04:00.285+0000] {dagbag.py:588} INFO - Filling up the DagBag from /home/airflow/.local/lib/python3.11/site-packages/airflow/example_dags/example_display_name.py
[2024-11-21T12:04:00.319+0000] {processor.py:925} INFO - DAG(s) 'example_display_name' retrieved from /home/airflow/.local/lib/python3.11/site-packages/airflow/example_dags/example_display_name.py
[2024-11-21T12:04:00.397+0000] {logging_mixin.py:190} INFO - [2024-11-21T12:04:00.396+0000] {dag.py:3239} INFO - Sync 1 DAGs
[2024-11-21T12:04:00.446+0000] {logging_mixin.py:190} INFO - [2024-11-21T12:04:00.446+0000] {dag.py:4180} INFO - Setting next_dagrun for example_display_name to None, run_after=None
[2024-11-21T12:04:00.478+0000] {processor.py:208} INFO - Processing /home/airflow/.local/lib/python3.11/site-packages/airflow/example_dags/example_display_name.py took 0.225 seconds
[2024-11-21T12:43:05.169+0000] {processor.py:186} INFO - Started process (PID=1548) to work on /home/airflow/.local/lib/python3.11/site-packages/airflow/example_dags/example_display_name.py
[2024-11-21T12:43:05.172+0000] {processor.py:914} INFO - Processing file /home/airflow/.local/lib/python3.11/site-packages/airflow/example_dags/example_display_name.py for tasks to queue
[2024-11-21T12:43:05.176+0000] {logging_mixin.py:190} INFO - [2024-11-21T12:43:05.175+0000] {dagbag.py:588} INFO - Filling up the DagBag from /home/airflow/.local/lib/python3.11/site-packages/airflow/example_dags/example_display_name.py
[2024-11-21T12:43:05.237+0000] {processor.py:925} INFO - DAG(s) 'example_display_name' retrieved from /home/airflow/.local/lib/python3.11/site-packages/airflow/example_dags/example_display_name.py
[2024-11-21T12:43:05.394+0000] {logging_mixin.py:190} INFO - [2024-11-21T12:43:05.393+0000] {dag.py:3239} INFO - Sync 1 DAGs
[2024-11-21T12:43:05.517+0000] {logging_mixin.py:190} INFO - [2024-11-21T12:43:05.515+0000] {dag.py:4180} INFO - Setting next_dagrun for example_display_name to None, run_after=None
[2024-11-21T12:43:05.623+0000] {processor.py:208} INFO - Processing /home/airflow/.local/lib/python3.11/site-packages/airflow/example_dags/example_display_name.py took 0.475 seconds
[2024-11-21T13:28:58.884+0000] {processor.py:186} INFO - Started process (PID=1708) to work on /home/airflow/.local/lib/python3.11/site-packages/airflow/example_dags/example_display_name.py
[2024-11-21T13:28:58.886+0000] {processor.py:914} INFO - Processing file /home/airflow/.local/lib/python3.11/site-packages/airflow/example_dags/example_display_name.py for tasks to queue
[2024-11-21T13:28:58.893+0000] {logging_mixin.py:190} INFO - [2024-11-21T13:28:58.892+0000] {dagbag.py:588} INFO - Filling up the DagBag from /home/airflow/.local/lib/python3.11/site-packages/airflow/example_dags/example_display_name.py
[2024-11-21T13:28:58.982+0000] {processor.py:925} INFO - DAG(s) 'example_display_name' retrieved from /home/airflow/.local/lib/python3.11/site-packages/airflow/example_dags/example_display_name.py
[2024-11-21T13:28:59.421+0000] {logging_mixin.py:190} INFO - [2024-11-21T13:28:59.418+0000] {dag.py:3239} INFO - Sync 1 DAGs
[2024-11-21T13:28:59.911+0000] {logging_mixin.py:190} INFO - [2024-11-21T13:28:59.856+0000] {dag.py:4180} INFO - Setting next_dagrun for example_display_name to None, run_after=None
[2024-11-21T13:29:00.047+0000] {processor.py:208} INFO - Processing /home/airflow/.local/lib/python3.11/site-packages/airflow/example_dags/example_display_name.py took 1.181 seconds
[2024-11-21T14:33:40.612+0000] {processor.py:186} INFO - Started process (PID=1784) to work on /home/airflow/.local/lib/python3.11/site-packages/airflow/example_dags/example_display_name.py
[2024-11-21T14:33:40.716+0000] {processor.py:914} INFO - Processing file /home/airflow/.local/lib/python3.11/site-packages/airflow/example_dags/example_display_name.py for tasks to queue
[2024-11-21T14:33:40.770+0000] {logging_mixin.py:190} INFO - [2024-11-21T14:33:40.734+0000] {dagbag.py:588} INFO - Filling up the DagBag from /home/airflow/.local/lib/python3.11/site-packages/airflow/example_dags/example_display_name.py
[2024-11-21T14:33:41.786+0000] {processor.py:925} INFO - DAG(s) 'example_display_name' retrieved from /home/airflow/.local/lib/python3.11/site-packages/airflow/example_dags/example_display_name.py
[2024-11-21T14:33:46.082+0000] {logging_mixin.py:190} INFO - [2024-11-21T14:33:46.029+0000] {dag.py:3239} INFO - Sync 1 DAGs
[2024-11-21T14:33:47.365+0000] {logging_mixin.py:190} INFO - [2024-11-21T14:33:47.094+0000] {dag.py:4180} INFO - Setting next_dagrun for example_display_name to None, run_after=None
[2024-11-21T14:33:49.060+0000] {processor.py:208} INFO - Processing /home/airflow/.local/lib/python3.11/site-packages/airflow/example_dags/example_display_name.py took 9.074 seconds
