[2024-11-21T11:48:56.204+0000] {processor.py:186} INFO - Started process (PID=50) to work on /home/airflow/.local/lib/python3.11/site-packages/airflow/example_dags/example_short_circuit_decorator.py
[2024-11-21T11:48:56.206+0000] {processor.py:914} INFO - Processing file /home/airflow/.local/lib/python3.11/site-packages/airflow/example_dags/example_short_circuit_decorator.py for tasks to queue
[2024-11-21T11:48:56.212+0000] {logging_mixin.py:190} INFO - [2024-11-21T11:48:56.211+0000] {dagbag.py:588} INFO - Filling up the DagBag from /home/airflow/.local/lib/python3.11/site-packages/airflow/example_dags/example_short_circuit_decorator.py
[2024-11-21T11:48:56.240+0000] {processor.py:925} INFO - DAG(s) 'example_short_circuit_decorator' retrieved from /home/airflow/.local/lib/python3.11/site-packages/airflow/example_dags/example_short_circuit_decorator.py
[2024-11-21T11:48:56.320+0000] {logging_mixin.py:190} INFO - [2024-11-21T11:48:56.319+0000] {dag.py:3239} INFO - Sync 1 DAGs
[2024-11-21T11:48:56.349+0000] {logging_mixin.py:190} INFO - [2024-11-21T11:48:56.348+0000] {dag.py:4180} INFO - Setting next_dagrun for example_short_circuit_decorator to None, run_after=None
[2024-11-21T11:48:56.389+0000] {processor.py:208} INFO - Processing /home/airflow/.local/lib/python3.11/site-packages/airflow/example_dags/example_short_circuit_decorator.py took 0.197 seconds
[2024-11-21T11:49:27.501+0000] {processor.py:186} INFO - Started process (PID=121) to work on /home/airflow/.local/lib/python3.11/site-packages/airflow/example_dags/example_short_circuit_decorator.py
[2024-11-21T11:49:27.505+0000] {processor.py:914} INFO - Processing file /home/airflow/.local/lib/python3.11/site-packages/airflow/example_dags/example_short_circuit_decorator.py for tasks to queue
[2024-11-21T11:49:27.528+0000] {logging_mixin.py:190} INFO - [2024-11-21T11:49:27.527+0000] {dagbag.py:588} INFO - Filling up the DagBag from /home/airflow/.local/lib/python3.11/site-packages/airflow/example_dags/example_short_circuit_decorator.py
[2024-11-21T11:49:27.583+0000] {processor.py:925} INFO - DAG(s) 'example_short_circuit_decorator' retrieved from /home/airflow/.local/lib/python3.11/site-packages/airflow/example_dags/example_short_circuit_decorator.py
[2024-11-21T11:49:27.697+0000] {logging_mixin.py:190} INFO - [2024-11-21T11:49:27.696+0000] {dag.py:3239} INFO - Sync 1 DAGs
[2024-11-21T11:49:27.759+0000] {logging_mixin.py:190} INFO - [2024-11-21T11:49:27.758+0000] {dag.py:4180} INFO - Setting next_dagrun for example_short_circuit_decorator to None, run_after=None
[2024-11-21T11:49:27.819+0000] {processor.py:208} INFO - Processing /home/airflow/.local/lib/python3.11/site-packages/airflow/example_dags/example_short_circuit_decorator.py took 0.342 seconds
[2024-11-21T11:50:01.690+0000] {processor.py:186} INFO - Started process (PID=185) to work on /home/airflow/.local/lib/python3.11/site-packages/airflow/example_dags/example_short_circuit_decorator.py
[2024-11-21T11:50:01.690+0000] {processor.py:914} INFO - Processing file /home/airflow/.local/lib/python3.11/site-packages/airflow/example_dags/example_short_circuit_decorator.py for tasks to queue
[2024-11-21T11:50:01.692+0000] {logging_mixin.py:190} INFO - [2024-11-21T11:50:01.692+0000] {dagbag.py:588} INFO - Filling up the DagBag from /home/airflow/.local/lib/python3.11/site-packages/airflow/example_dags/example_short_circuit_decorator.py
[2024-11-21T11:50:01.698+0000] {processor.py:925} INFO - DAG(s) 'example_short_circuit_decorator' retrieved from /home/airflow/.local/lib/python3.11/site-packages/airflow/example_dags/example_short_circuit_decorator.py
[2024-11-21T11:50:01.712+0000] {logging_mixin.py:190} INFO - [2024-11-21T11:50:01.712+0000] {dag.py:3239} INFO - Sync 1 DAGs
[2024-11-21T11:50:01.722+0000] {logging_mixin.py:190} INFO - [2024-11-21T11:50:01.722+0000] {dag.py:4180} INFO - Setting next_dagrun for example_short_circuit_decorator to None, run_after=None
[2024-11-21T11:50:01.732+0000] {processor.py:208} INFO - Processing /home/airflow/.local/lib/python3.11/site-packages/airflow/example_dags/example_short_circuit_decorator.py took 0.047 seconds
[2024-11-21T11:50:32.523+0000] {processor.py:186} INFO - Started process (PID=242) to work on /home/airflow/.local/lib/python3.11/site-packages/airflow/example_dags/example_short_circuit_decorator.py
[2024-11-21T11:50:32.525+0000] {processor.py:914} INFO - Processing file /home/airflow/.local/lib/python3.11/site-packages/airflow/example_dags/example_short_circuit_decorator.py for tasks to queue
[2024-11-21T11:50:32.527+0000] {logging_mixin.py:190} INFO - [2024-11-21T11:50:32.526+0000] {dagbag.py:588} INFO - Filling up the DagBag from /home/airflow/.local/lib/python3.11/site-packages/airflow/example_dags/example_short_circuit_decorator.py
[2024-11-21T11:50:32.536+0000] {processor.py:925} INFO - DAG(s) 'example_short_circuit_decorator' retrieved from /home/airflow/.local/lib/python3.11/site-packages/airflow/example_dags/example_short_circuit_decorator.py
[2024-11-21T11:50:32.556+0000] {logging_mixin.py:190} INFO - [2024-11-21T11:50:32.556+0000] {dag.py:3239} INFO - Sync 1 DAGs
[2024-11-21T11:50:32.701+0000] {logging_mixin.py:190} INFO - [2024-11-21T11:50:32.701+0000] {dag.py:4180} INFO - Setting next_dagrun for example_short_circuit_decorator to None, run_after=None
[2024-11-21T11:50:32.713+0000] {processor.py:208} INFO - Processing /home/airflow/.local/lib/python3.11/site-packages/airflow/example_dags/example_short_circuit_decorator.py took 0.196 seconds
[2024-11-21T11:51:03.190+0000] {processor.py:186} INFO - Started process (PID=306) to work on /home/airflow/.local/lib/python3.11/site-packages/airflow/example_dags/example_short_circuit_decorator.py
[2024-11-21T11:51:03.192+0000] {processor.py:914} INFO - Processing file /home/airflow/.local/lib/python3.11/site-packages/airflow/example_dags/example_short_circuit_decorator.py for tasks to queue
[2024-11-21T11:51:03.195+0000] {logging_mixin.py:190} INFO - [2024-11-21T11:51:03.195+0000] {dagbag.py:588} INFO - Filling up the DagBag from /home/airflow/.local/lib/python3.11/site-packages/airflow/example_dags/example_short_circuit_decorator.py
[2024-11-21T11:51:03.205+0000] {processor.py:925} INFO - DAG(s) 'example_short_circuit_decorator' retrieved from /home/airflow/.local/lib/python3.11/site-packages/airflow/example_dags/example_short_circuit_decorator.py
[2024-11-21T11:51:03.222+0000] {logging_mixin.py:190} INFO - [2024-11-21T11:51:03.222+0000] {dag.py:3239} INFO - Sync 1 DAGs
[2024-11-21T11:51:03.232+0000] {logging_mixin.py:190} INFO - [2024-11-21T11:51:03.232+0000] {dag.py:4180} INFO - Setting next_dagrun for example_short_circuit_decorator to None, run_after=None
[2024-11-21T11:51:03.361+0000] {processor.py:208} INFO - Processing /home/airflow/.local/lib/python3.11/site-packages/airflow/example_dags/example_short_circuit_decorator.py took 0.186 seconds
[2024-11-21T11:51:33.651+0000] {processor.py:186} INFO - Started process (PID=370) to work on /home/airflow/.local/lib/python3.11/site-packages/airflow/example_dags/example_short_circuit_decorator.py
[2024-11-21T11:51:33.652+0000] {processor.py:914} INFO - Processing file /home/airflow/.local/lib/python3.11/site-packages/airflow/example_dags/example_short_circuit_decorator.py for tasks to queue
[2024-11-21T11:51:33.653+0000] {logging_mixin.py:190} INFO - [2024-11-21T11:51:33.653+0000] {dagbag.py:588} INFO - Filling up the DagBag from /home/airflow/.local/lib/python3.11/site-packages/airflow/example_dags/example_short_circuit_decorator.py
[2024-11-21T11:51:33.658+0000] {processor.py:925} INFO - DAG(s) 'example_short_circuit_decorator' retrieved from /home/airflow/.local/lib/python3.11/site-packages/airflow/example_dags/example_short_circuit_decorator.py
[2024-11-21T11:51:33.671+0000] {logging_mixin.py:190} INFO - [2024-11-21T11:51:33.671+0000] {dag.py:3239} INFO - Sync 1 DAGs
[2024-11-21T11:51:33.678+0000] {logging_mixin.py:190} INFO - [2024-11-21T11:51:33.678+0000] {dag.py:4180} INFO - Setting next_dagrun for example_short_circuit_decorator to None, run_after=None
[2024-11-21T11:51:33.687+0000] {processor.py:208} INFO - Processing /home/airflow/.local/lib/python3.11/site-packages/airflow/example_dags/example_short_circuit_decorator.py took 0.041 seconds
[2024-11-21T11:52:03.782+0000] {processor.py:186} INFO - Started process (PID=434) to work on /home/airflow/.local/lib/python3.11/site-packages/airflow/example_dags/example_short_circuit_decorator.py
[2024-11-21T11:52:03.783+0000] {processor.py:914} INFO - Processing file /home/airflow/.local/lib/python3.11/site-packages/airflow/example_dags/example_short_circuit_decorator.py for tasks to queue
[2024-11-21T11:52:03.785+0000] {logging_mixin.py:190} INFO - [2024-11-21T11:52:03.785+0000] {dagbag.py:588} INFO - Filling up the DagBag from /home/airflow/.local/lib/python3.11/site-packages/airflow/example_dags/example_short_circuit_decorator.py
[2024-11-21T11:52:03.790+0000] {processor.py:925} INFO - DAG(s) 'example_short_circuit_decorator' retrieved from /home/airflow/.local/lib/python3.11/site-packages/airflow/example_dags/example_short_circuit_decorator.py
[2024-11-21T11:52:03.801+0000] {logging_mixin.py:190} INFO - [2024-11-21T11:52:03.801+0000] {dag.py:3239} INFO - Sync 1 DAGs
[2024-11-21T11:52:03.808+0000] {logging_mixin.py:190} INFO - [2024-11-21T11:52:03.808+0000] {dag.py:4180} INFO - Setting next_dagrun for example_short_circuit_decorator to None, run_after=None
[2024-11-21T11:52:03.817+0000] {processor.py:208} INFO - Processing /home/airflow/.local/lib/python3.11/site-packages/airflow/example_dags/example_short_circuit_decorator.py took 0.038 seconds
[2024-11-21T11:52:34.561+0000] {processor.py:186} INFO - Started process (PID=497) to work on /home/airflow/.local/lib/python3.11/site-packages/airflow/example_dags/example_short_circuit_decorator.py
[2024-11-21T11:52:34.562+0000] {processor.py:914} INFO - Processing file /home/airflow/.local/lib/python3.11/site-packages/airflow/example_dags/example_short_circuit_decorator.py for tasks to queue
[2024-11-21T11:52:34.564+0000] {logging_mixin.py:190} INFO - [2024-11-21T11:52:34.564+0000] {dagbag.py:588} INFO - Filling up the DagBag from /home/airflow/.local/lib/python3.11/site-packages/airflow/example_dags/example_short_circuit_decorator.py
[2024-11-21T11:52:34.570+0000] {processor.py:925} INFO - DAG(s) 'example_short_circuit_decorator' retrieved from /home/airflow/.local/lib/python3.11/site-packages/airflow/example_dags/example_short_circuit_decorator.py
[2024-11-21T11:52:34.593+0000] {logging_mixin.py:190} INFO - [2024-11-21T11:52:34.593+0000] {dag.py:3239} INFO - Sync 1 DAGs
[2024-11-21T11:52:34.603+0000] {logging_mixin.py:190} INFO - [2024-11-21T11:52:34.603+0000] {dag.py:4180} INFO - Setting next_dagrun for example_short_circuit_decorator to None, run_after=None
[2024-11-21T11:52:34.613+0000] {processor.py:208} INFO - Processing /home/airflow/.local/lib/python3.11/site-packages/airflow/example_dags/example_short_circuit_decorator.py took 0.055 seconds
[2024-11-21T11:53:05.319+0000] {processor.py:186} INFO - Started process (PID=561) to work on /home/airflow/.local/lib/python3.11/site-packages/airflow/example_dags/example_short_circuit_decorator.py
[2024-11-21T11:53:05.320+0000] {processor.py:914} INFO - Processing file /home/airflow/.local/lib/python3.11/site-packages/airflow/example_dags/example_short_circuit_decorator.py for tasks to queue
[2024-11-21T11:53:05.323+0000] {logging_mixin.py:190} INFO - [2024-11-21T11:53:05.322+0000] {dagbag.py:588} INFO - Filling up the DagBag from /home/airflow/.local/lib/python3.11/site-packages/airflow/example_dags/example_short_circuit_decorator.py
[2024-11-21T11:53:05.329+0000] {processor.py:925} INFO - DAG(s) 'example_short_circuit_decorator' retrieved from /home/airflow/.local/lib/python3.11/site-packages/airflow/example_dags/example_short_circuit_decorator.py
[2024-11-21T11:53:05.342+0000] {logging_mixin.py:190} INFO - [2024-11-21T11:53:05.342+0000] {dag.py:3239} INFO - Sync 1 DAGs
[2024-11-21T11:53:05.354+0000] {logging_mixin.py:190} INFO - [2024-11-21T11:53:05.354+0000] {dag.py:4180} INFO - Setting next_dagrun for example_short_circuit_decorator to None, run_after=None
[2024-11-21T11:53:05.366+0000] {processor.py:208} INFO - Processing /home/airflow/.local/lib/python3.11/site-packages/airflow/example_dags/example_short_circuit_decorator.py took 0.052 seconds
[2024-11-21T11:53:36.103+0000] {processor.py:186} INFO - Started process (PID=625) to work on /home/airflow/.local/lib/python3.11/site-packages/airflow/example_dags/example_short_circuit_decorator.py
[2024-11-21T11:53:36.105+0000] {processor.py:914} INFO - Processing file /home/airflow/.local/lib/python3.11/site-packages/airflow/example_dags/example_short_circuit_decorator.py for tasks to queue
[2024-11-21T11:53:36.108+0000] {logging_mixin.py:190} INFO - [2024-11-21T11:53:36.108+0000] {dagbag.py:588} INFO - Filling up the DagBag from /home/airflow/.local/lib/python3.11/site-packages/airflow/example_dags/example_short_circuit_decorator.py
[2024-11-21T11:53:36.117+0000] {processor.py:925} INFO - DAG(s) 'example_short_circuit_decorator' retrieved from /home/airflow/.local/lib/python3.11/site-packages/airflow/example_dags/example_short_circuit_decorator.py
[2024-11-21T11:53:36.131+0000] {logging_mixin.py:190} INFO - [2024-11-21T11:53:36.131+0000] {dag.py:3239} INFO - Sync 1 DAGs
[2024-11-21T11:53:36.141+0000] {logging_mixin.py:190} INFO - [2024-11-21T11:53:36.140+0000] {dag.py:4180} INFO - Setting next_dagrun for example_short_circuit_decorator to None, run_after=None
[2024-11-21T11:53:36.151+0000] {processor.py:208} INFO - Processing /home/airflow/.local/lib/python3.11/site-packages/airflow/example_dags/example_short_circuit_decorator.py took 0.054 seconds
[2024-11-21T11:54:14.128+0000] {processor.py:186} INFO - Started process (PID=698) to work on /home/airflow/.local/lib/python3.11/site-packages/airflow/example_dags/example_short_circuit_decorator.py
[2024-11-21T11:54:14.174+0000] {processor.py:914} INFO - Processing file /home/airflow/.local/lib/python3.11/site-packages/airflow/example_dags/example_short_circuit_decorator.py for tasks to queue
[2024-11-21T11:54:14.190+0000] {logging_mixin.py:190} INFO - [2024-11-21T11:54:14.187+0000] {dagbag.py:588} INFO - Filling up the DagBag from /home/airflow/.local/lib/python3.11/site-packages/airflow/example_dags/example_short_circuit_decorator.py
[2024-11-21T11:54:15.492+0000] {processor.py:925} INFO - DAG(s) 'example_short_circuit_decorator' retrieved from /home/airflow/.local/lib/python3.11/site-packages/airflow/example_dags/example_short_circuit_decorator.py
[2024-11-21T11:54:19.209+0000] {logging_mixin.py:190} INFO - [2024-11-21T11:54:19.201+0000] {dag.py:3239} INFO - Sync 1 DAGs
[2024-11-21T11:54:19.406+0000] {logging_mixin.py:190} INFO - [2024-11-21T11:54:19.405+0000] {dag.py:4180} INFO - Setting next_dagrun for example_short_circuit_decorator to None, run_after=None
[2024-11-21T11:54:19.519+0000] {processor.py:208} INFO - Processing /home/airflow/.local/lib/python3.11/site-packages/airflow/example_dags/example_short_circuit_decorator.py took 9.104 seconds
[2024-11-21T11:55:12.462+0000] {processor.py:186} INFO - Started process (PID=780) to work on /home/airflow/.local/lib/python3.11/site-packages/airflow/example_dags/example_short_circuit_decorator.py
[2024-11-21T11:55:12.468+0000] {processor.py:914} INFO - Processing file /home/airflow/.local/lib/python3.11/site-packages/airflow/example_dags/example_short_circuit_decorator.py for tasks to queue
[2024-11-21T11:55:12.490+0000] {logging_mixin.py:190} INFO - [2024-11-21T11:55:12.489+0000] {dagbag.py:588} INFO - Filling up the DagBag from /home/airflow/.local/lib/python3.11/site-packages/airflow/example_dags/example_short_circuit_decorator.py
[2024-11-21T11:55:12.644+0000] {processor.py:925} INFO - DAG(s) 'example_short_circuit_decorator' retrieved from /home/airflow/.local/lib/python3.11/site-packages/airflow/example_dags/example_short_circuit_decorator.py
[2024-11-21T11:55:12.771+0000] {logging_mixin.py:190} INFO - [2024-11-21T11:55:12.770+0000] {dag.py:3239} INFO - Sync 1 DAGs
[2024-11-21T11:55:12.826+0000] {logging_mixin.py:190} INFO - [2024-11-21T11:55:12.825+0000] {dag.py:4180} INFO - Setting next_dagrun for example_short_circuit_decorator to None, run_after=None
[2024-11-21T11:55:12.926+0000] {processor.py:208} INFO - Processing /home/airflow/.local/lib/python3.11/site-packages/airflow/example_dags/example_short_circuit_decorator.py took 0.555 seconds
[2024-11-21T11:55:43.272+0000] {processor.py:186} INFO - Started process (PID=844) to work on /home/airflow/.local/lib/python3.11/site-packages/airflow/example_dags/example_short_circuit_decorator.py
[2024-11-21T11:55:43.274+0000] {processor.py:914} INFO - Processing file /home/airflow/.local/lib/python3.11/site-packages/airflow/example_dags/example_short_circuit_decorator.py for tasks to queue
[2024-11-21T11:55:43.278+0000] {logging_mixin.py:190} INFO - [2024-11-21T11:55:43.277+0000] {dagbag.py:588} INFO - Filling up the DagBag from /home/airflow/.local/lib/python3.11/site-packages/airflow/example_dags/example_short_circuit_decorator.py
[2024-11-21T11:55:43.301+0000] {processor.py:925} INFO - DAG(s) 'example_short_circuit_decorator' retrieved from /home/airflow/.local/lib/python3.11/site-packages/airflow/example_dags/example_short_circuit_decorator.py
[2024-11-21T11:55:43.329+0000] {logging_mixin.py:190} INFO - [2024-11-21T11:55:43.327+0000] {dag.py:3239} INFO - Sync 1 DAGs
[2024-11-21T11:55:43.344+0000] {logging_mixin.py:190} INFO - [2024-11-21T11:55:43.344+0000] {dag.py:4180} INFO - Setting next_dagrun for example_short_circuit_decorator to None, run_after=None
[2024-11-21T11:55:43.380+0000] {processor.py:208} INFO - Processing /home/airflow/.local/lib/python3.11/site-packages/airflow/example_dags/example_short_circuit_decorator.py took 0.113 seconds
[2024-11-21T11:56:17.787+0000] {processor.py:186} INFO - Started process (PID=876) to work on /home/airflow/.local/lib/python3.11/site-packages/airflow/example_dags/example_short_circuit_decorator.py
[2024-11-21T11:56:17.798+0000] {processor.py:914} INFO - Processing file /home/airflow/.local/lib/python3.11/site-packages/airflow/example_dags/example_short_circuit_decorator.py for tasks to queue
[2024-11-21T11:56:17.829+0000] {logging_mixin.py:190} INFO - [2024-11-21T11:56:17.827+0000] {dagbag.py:588} INFO - Filling up the DagBag from /home/airflow/.local/lib/python3.11/site-packages/airflow/example_dags/example_short_circuit_decorator.py
[2024-11-21T11:56:17.918+0000] {processor.py:925} INFO - DAG(s) 'example_short_circuit_decorator' retrieved from /home/airflow/.local/lib/python3.11/site-packages/airflow/example_dags/example_short_circuit_decorator.py
[2024-11-21T11:56:18.148+0000] {logging_mixin.py:190} INFO - [2024-11-21T11:56:18.127+0000] {dag.py:3239} INFO - Sync 1 DAGs
[2024-11-21T11:56:18.271+0000] {logging_mixin.py:190} INFO - [2024-11-21T11:56:18.269+0000] {dag.py:4180} INFO - Setting next_dagrun for example_short_circuit_decorator to None, run_after=None
[2024-11-21T11:56:18.705+0000] {processor.py:208} INFO - Processing /home/airflow/.local/lib/python3.11/site-packages/airflow/example_dags/example_short_circuit_decorator.py took 0.951 seconds
[2024-11-21T11:56:49.038+0000] {processor.py:186} INFO - Started process (PID=939) to work on /home/airflow/.local/lib/python3.11/site-packages/airflow/example_dags/example_short_circuit_decorator.py
[2024-11-21T11:56:49.040+0000] {processor.py:914} INFO - Processing file /home/airflow/.local/lib/python3.11/site-packages/airflow/example_dags/example_short_circuit_decorator.py for tasks to queue
[2024-11-21T11:56:49.044+0000] {logging_mixin.py:190} INFO - [2024-11-21T11:56:49.043+0000] {dagbag.py:588} INFO - Filling up the DagBag from /home/airflow/.local/lib/python3.11/site-packages/airflow/example_dags/example_short_circuit_decorator.py
[2024-11-21T11:56:49.055+0000] {processor.py:925} INFO - DAG(s) 'example_short_circuit_decorator' retrieved from /home/airflow/.local/lib/python3.11/site-packages/airflow/example_dags/example_short_circuit_decorator.py
[2024-11-21T11:56:49.083+0000] {logging_mixin.py:190} INFO - [2024-11-21T11:56:49.083+0000] {dag.py:3239} INFO - Sync 1 DAGs
[2024-11-21T11:56:49.095+0000] {logging_mixin.py:190} INFO - [2024-11-21T11:56:49.095+0000] {dag.py:4180} INFO - Setting next_dagrun for example_short_circuit_decorator to None, run_after=None
[2024-11-21T11:56:49.105+0000] {processor.py:208} INFO - Processing /home/airflow/.local/lib/python3.11/site-packages/airflow/example_dags/example_short_circuit_decorator.py took 0.083 seconds
[2024-11-21T11:57:20.045+0000] {processor.py:186} INFO - Started process (PID=1005) to work on /home/airflow/.local/lib/python3.11/site-packages/airflow/example_dags/example_short_circuit_decorator.py
[2024-11-21T11:57:20.046+0000] {processor.py:914} INFO - Processing file /home/airflow/.local/lib/python3.11/site-packages/airflow/example_dags/example_short_circuit_decorator.py for tasks to queue
[2024-11-21T11:57:20.048+0000] {logging_mixin.py:190} INFO - [2024-11-21T11:57:20.047+0000] {dagbag.py:588} INFO - Filling up the DagBag from /home/airflow/.local/lib/python3.11/site-packages/airflow/example_dags/example_short_circuit_decorator.py
[2024-11-21T11:57:20.056+0000] {processor.py:925} INFO - DAG(s) 'example_short_circuit_decorator' retrieved from /home/airflow/.local/lib/python3.11/site-packages/airflow/example_dags/example_short_circuit_decorator.py
[2024-11-21T11:57:20.071+0000] {logging_mixin.py:190} INFO - [2024-11-21T11:57:20.071+0000] {dag.py:3239} INFO - Sync 1 DAGs
[2024-11-21T11:57:20.079+0000] {logging_mixin.py:190} INFO - [2024-11-21T11:57:20.079+0000] {dag.py:4180} INFO - Setting next_dagrun for example_short_circuit_decorator to None, run_after=None
[2024-11-21T11:57:20.089+0000] {processor.py:208} INFO - Processing /home/airflow/.local/lib/python3.11/site-packages/airflow/example_dags/example_short_circuit_decorator.py took 0.048 seconds
[2024-11-21T11:57:51.016+0000] {processor.py:186} INFO - Started process (PID=1069) to work on /home/airflow/.local/lib/python3.11/site-packages/airflow/example_dags/example_short_circuit_decorator.py
[2024-11-21T11:57:51.023+0000] {processor.py:914} INFO - Processing file /home/airflow/.local/lib/python3.11/site-packages/airflow/example_dags/example_short_circuit_decorator.py for tasks to queue
[2024-11-21T11:57:51.029+0000] {logging_mixin.py:190} INFO - [2024-11-21T11:57:51.028+0000] {dagbag.py:588} INFO - Filling up the DagBag from /home/airflow/.local/lib/python3.11/site-packages/airflow/example_dags/example_short_circuit_decorator.py
[2024-11-21T11:57:51.048+0000] {processor.py:925} INFO - DAG(s) 'example_short_circuit_decorator' retrieved from /home/airflow/.local/lib/python3.11/site-packages/airflow/example_dags/example_short_circuit_decorator.py
[2024-11-21T11:57:51.112+0000] {logging_mixin.py:190} INFO - [2024-11-21T11:57:51.112+0000] {dag.py:3239} INFO - Sync 1 DAGs
[2024-11-21T11:57:51.136+0000] {logging_mixin.py:190} INFO - [2024-11-21T11:57:51.135+0000] {dag.py:4180} INFO - Setting next_dagrun for example_short_circuit_decorator to None, run_after=None
[2024-11-21T11:57:51.171+0000] {processor.py:208} INFO - Processing /home/airflow/.local/lib/python3.11/site-packages/airflow/example_dags/example_short_circuit_decorator.py took 0.170 seconds
[2024-11-21T11:58:21.765+0000] {processor.py:186} INFO - Started process (PID=1133) to work on /home/airflow/.local/lib/python3.11/site-packages/airflow/example_dags/example_short_circuit_decorator.py
[2024-11-21T11:58:21.766+0000] {processor.py:914} INFO - Processing file /home/airflow/.local/lib/python3.11/site-packages/airflow/example_dags/example_short_circuit_decorator.py for tasks to queue
[2024-11-21T11:58:21.768+0000] {logging_mixin.py:190} INFO - [2024-11-21T11:58:21.767+0000] {dagbag.py:588} INFO - Filling up the DagBag from /home/airflow/.local/lib/python3.11/site-packages/airflow/example_dags/example_short_circuit_decorator.py
[2024-11-21T11:58:21.777+0000] {processor.py:925} INFO - DAG(s) 'example_short_circuit_decorator' retrieved from /home/airflow/.local/lib/python3.11/site-packages/airflow/example_dags/example_short_circuit_decorator.py
[2024-11-21T11:58:21.797+0000] {logging_mixin.py:190} INFO - [2024-11-21T11:58:21.797+0000] {dag.py:3239} INFO - Sync 1 DAGs
[2024-11-21T11:58:21.812+0000] {logging_mixin.py:190} INFO - [2024-11-21T11:58:21.812+0000] {dag.py:4180} INFO - Setting next_dagrun for example_short_circuit_decorator to None, run_after=None
[2024-11-21T11:58:21.832+0000] {processor.py:208} INFO - Processing /home/airflow/.local/lib/python3.11/site-packages/airflow/example_dags/example_short_circuit_decorator.py took 0.072 seconds
[2024-11-21T11:58:52.348+0000] {processor.py:186} INFO - Started process (PID=1197) to work on /home/airflow/.local/lib/python3.11/site-packages/airflow/example_dags/example_short_circuit_decorator.py
[2024-11-21T11:58:52.349+0000] {processor.py:914} INFO - Processing file /home/airflow/.local/lib/python3.11/site-packages/airflow/example_dags/example_short_circuit_decorator.py for tasks to queue
[2024-11-21T11:58:52.352+0000] {logging_mixin.py:190} INFO - [2024-11-21T11:58:52.352+0000] {dagbag.py:588} INFO - Filling up the DagBag from /home/airflow/.local/lib/python3.11/site-packages/airflow/example_dags/example_short_circuit_decorator.py
[2024-11-21T11:58:52.362+0000] {processor.py:925} INFO - DAG(s) 'example_short_circuit_decorator' retrieved from /home/airflow/.local/lib/python3.11/site-packages/airflow/example_dags/example_short_circuit_decorator.py
[2024-11-21T11:58:52.380+0000] {logging_mixin.py:190} INFO - [2024-11-21T11:58:52.380+0000] {dag.py:3239} INFO - Sync 1 DAGs
[2024-11-21T11:58:52.393+0000] {logging_mixin.py:190} INFO - [2024-11-21T11:58:52.393+0000] {dag.py:4180} INFO - Setting next_dagrun for example_short_circuit_decorator to None, run_after=None
[2024-11-21T11:58:52.404+0000] {processor.py:208} INFO - Processing /home/airflow/.local/lib/python3.11/site-packages/airflow/example_dags/example_short_circuit_decorator.py took 0.062 seconds
[2024-11-21T11:59:23.150+0000] {processor.py:186} INFO - Started process (PID=1261) to work on /home/airflow/.local/lib/python3.11/site-packages/airflow/example_dags/example_short_circuit_decorator.py
[2024-11-21T11:59:23.152+0000] {processor.py:914} INFO - Processing file /home/airflow/.local/lib/python3.11/site-packages/airflow/example_dags/example_short_circuit_decorator.py for tasks to queue
[2024-11-21T11:59:23.154+0000] {logging_mixin.py:190} INFO - [2024-11-21T11:59:23.154+0000] {dagbag.py:588} INFO - Filling up the DagBag from /home/airflow/.local/lib/python3.11/site-packages/airflow/example_dags/example_short_circuit_decorator.py
[2024-11-21T11:59:23.168+0000] {processor.py:925} INFO - DAG(s) 'example_short_circuit_decorator' retrieved from /home/airflow/.local/lib/python3.11/site-packages/airflow/example_dags/example_short_circuit_decorator.py
[2024-11-21T11:59:23.191+0000] {logging_mixin.py:190} INFO - [2024-11-21T11:59:23.191+0000] {dag.py:3239} INFO - Sync 1 DAGs
[2024-11-21T11:59:23.202+0000] {logging_mixin.py:190} INFO - [2024-11-21T11:59:23.202+0000] {dag.py:4180} INFO - Setting next_dagrun for example_short_circuit_decorator to None, run_after=None
[2024-11-21T11:59:23.212+0000] {processor.py:208} INFO - Processing /home/airflow/.local/lib/python3.11/site-packages/airflow/example_dags/example_short_circuit_decorator.py took 0.068 seconds
[2024-11-21T11:59:54.068+0000] {processor.py:186} INFO - Started process (PID=1326) to work on /home/airflow/.local/lib/python3.11/site-packages/airflow/example_dags/example_short_circuit_decorator.py
[2024-11-21T11:59:54.069+0000] {processor.py:914} INFO - Processing file /home/airflow/.local/lib/python3.11/site-packages/airflow/example_dags/example_short_circuit_decorator.py for tasks to queue
[2024-11-21T11:59:54.071+0000] {logging_mixin.py:190} INFO - [2024-11-21T11:59:54.071+0000] {dagbag.py:588} INFO - Filling up the DagBag from /home/airflow/.local/lib/python3.11/site-packages/airflow/example_dags/example_short_circuit_decorator.py
[2024-11-21T11:59:54.078+0000] {processor.py:925} INFO - DAG(s) 'example_short_circuit_decorator' retrieved from /home/airflow/.local/lib/python3.11/site-packages/airflow/example_dags/example_short_circuit_decorator.py
[2024-11-21T11:59:54.095+0000] {logging_mixin.py:190} INFO - [2024-11-21T11:59:54.095+0000] {dag.py:3239} INFO - Sync 1 DAGs
[2024-11-21T11:59:54.105+0000] {logging_mixin.py:190} INFO - [2024-11-21T11:59:54.105+0000] {dag.py:4180} INFO - Setting next_dagrun for example_short_circuit_decorator to None, run_after=None
[2024-11-21T11:59:54.116+0000] {processor.py:208} INFO - Processing /home/airflow/.local/lib/python3.11/site-packages/airflow/example_dags/example_short_circuit_decorator.py took 0.053 seconds
[2024-11-21T12:02:05.090+0000] {processor.py:186} INFO - Started process (PID=1385) to work on /home/airflow/.local/lib/python3.11/site-packages/airflow/example_dags/example_short_circuit_decorator.py
[2024-11-21T12:02:05.101+0000] {processor.py:914} INFO - Processing file /home/airflow/.local/lib/python3.11/site-packages/airflow/example_dags/example_short_circuit_decorator.py for tasks to queue
[2024-11-21T12:02:05.123+0000] {logging_mixin.py:190} INFO - [2024-11-21T12:02:05.122+0000] {dagbag.py:588} INFO - Filling up the DagBag from /home/airflow/.local/lib/python3.11/site-packages/airflow/example_dags/example_short_circuit_decorator.py
[2024-11-21T12:02:05.171+0000] {processor.py:925} INFO - DAG(s) 'example_short_circuit_decorator' retrieved from /home/airflow/.local/lib/python3.11/site-packages/airflow/example_dags/example_short_circuit_decorator.py
[2024-11-21T12:02:05.302+0000] {logging_mixin.py:190} INFO - [2024-11-21T12:02:05.300+0000] {dag.py:3239} INFO - Sync 1 DAGs
[2024-11-21T12:02:05.343+0000] {logging_mixin.py:190} INFO - [2024-11-21T12:02:05.342+0000] {dag.py:4180} INFO - Setting next_dagrun for example_short_circuit_decorator to None, run_after=None
[2024-11-21T12:02:05.408+0000] {processor.py:208} INFO - Processing /home/airflow/.local/lib/python3.11/site-packages/airflow/example_dags/example_short_circuit_decorator.py took 0.353 seconds
[2024-11-21T12:04:01.380+0000] {processor.py:186} INFO - Started process (PID=1462) to work on /home/airflow/.local/lib/python3.11/site-packages/airflow/example_dags/example_short_circuit_decorator.py
[2024-11-21T12:04:01.385+0000] {processor.py:914} INFO - Processing file /home/airflow/.local/lib/python3.11/site-packages/airflow/example_dags/example_short_circuit_decorator.py for tasks to queue
[2024-11-21T12:04:01.386+0000] {logging_mixin.py:190} INFO - [2024-11-21T12:04:01.386+0000] {dagbag.py:588} INFO - Filling up the DagBag from /home/airflow/.local/lib/python3.11/site-packages/airflow/example_dags/example_short_circuit_decorator.py
[2024-11-21T12:04:01.430+0000] {processor.py:925} INFO - DAG(s) 'example_short_circuit_decorator' retrieved from /home/airflow/.local/lib/python3.11/site-packages/airflow/example_dags/example_short_circuit_decorator.py
[2024-11-21T12:04:01.517+0000] {logging_mixin.py:190} INFO - [2024-11-21T12:04:01.517+0000] {dag.py:3239} INFO - Sync 1 DAGs
[2024-11-21T12:04:01.595+0000] {logging_mixin.py:190} INFO - [2024-11-21T12:04:01.595+0000] {dag.py:4180} INFO - Setting next_dagrun for example_short_circuit_decorator to None, run_after=None
[2024-11-21T12:04:01.634+0000] {processor.py:208} INFO - Processing /home/airflow/.local/lib/python3.11/site-packages/airflow/example_dags/example_short_circuit_decorator.py took 0.261 seconds
[2024-11-21T12:26:20.210+0000] {processor.py:186} INFO - Started process (PID=1504) to work on /home/airflow/.local/lib/python3.11/site-packages/airflow/example_dags/example_short_circuit_decorator.py
[2024-11-21T12:26:20.225+0000] {processor.py:914} INFO - Processing file /home/airflow/.local/lib/python3.11/site-packages/airflow/example_dags/example_short_circuit_decorator.py for tasks to queue
[2024-11-21T12:26:20.240+0000] {logging_mixin.py:190} INFO - [2024-11-21T12:26:20.238+0000] {dagbag.py:588} INFO - Filling up the DagBag from /home/airflow/.local/lib/python3.11/site-packages/airflow/example_dags/example_short_circuit_decorator.py
[2024-11-21T12:26:20.345+0000] {processor.py:925} INFO - DAG(s) 'example_short_circuit_decorator' retrieved from /home/airflow/.local/lib/python3.11/site-packages/airflow/example_dags/example_short_circuit_decorator.py
[2024-11-21T12:26:20.505+0000] {logging_mixin.py:190} INFO - [2024-11-21T12:26:20.504+0000] {dag.py:3239} INFO - Sync 1 DAGs
[2024-11-21T12:26:20.574+0000] {logging_mixin.py:190} INFO - [2024-11-21T12:26:20.573+0000] {dag.py:4180} INFO - Setting next_dagrun for example_short_circuit_decorator to None, run_after=None
[2024-11-21T12:26:20.650+0000] {processor.py:208} INFO - Processing /home/airflow/.local/lib/python3.11/site-packages/airflow/example_dags/example_short_circuit_decorator.py took 0.532 seconds
[2024-11-21T12:43:07.774+0000] {processor.py:186} INFO - Started process (PID=1557) to work on /home/airflow/.local/lib/python3.11/site-packages/airflow/example_dags/example_short_circuit_decorator.py
[2024-11-21T12:43:07.780+0000] {processor.py:914} INFO - Processing file /home/airflow/.local/lib/python3.11/site-packages/airflow/example_dags/example_short_circuit_decorator.py for tasks to queue
[2024-11-21T12:43:07.787+0000] {logging_mixin.py:190} INFO - [2024-11-21T12:43:07.786+0000] {dagbag.py:588} INFO - Filling up the DagBag from /home/airflow/.local/lib/python3.11/site-packages/airflow/example_dags/example_short_circuit_decorator.py
[2024-11-21T12:43:07.849+0000] {processor.py:925} INFO - DAG(s) 'example_short_circuit_decorator' retrieved from /home/airflow/.local/lib/python3.11/site-packages/airflow/example_dags/example_short_circuit_decorator.py
[2024-11-21T12:43:07.988+0000] {logging_mixin.py:190} INFO - [2024-11-21T12:43:07.979+0000] {dag.py:3239} INFO - Sync 1 DAGs
[2024-11-21T12:43:08.051+0000] {logging_mixin.py:190} INFO - [2024-11-21T12:43:08.049+0000] {dag.py:4180} INFO - Setting next_dagrun for example_short_circuit_decorator to None, run_after=None
[2024-11-21T12:43:08.131+0000] {processor.py:208} INFO - Processing /home/airflow/.local/lib/python3.11/site-packages/airflow/example_dags/example_short_circuit_decorator.py took 0.367 seconds
[2024-11-21T12:54:19.630+0000] {processor.py:186} INFO - Started process (PID=1601) to work on /home/airflow/.local/lib/python3.11/site-packages/airflow/example_dags/example_short_circuit_decorator.py
[2024-11-21T12:54:19.650+0000] {processor.py:914} INFO - Processing file /home/airflow/.local/lib/python3.11/site-packages/airflow/example_dags/example_short_circuit_decorator.py for tasks to queue
[2024-11-21T12:54:19.706+0000] {logging_mixin.py:190} INFO - [2024-11-21T12:54:19.691+0000] {dagbag.py:588} INFO - Filling up the DagBag from /home/airflow/.local/lib/python3.11/site-packages/airflow/example_dags/example_short_circuit_decorator.py
[2024-11-21T12:54:20.242+0000] {processor.py:925} INFO - DAG(s) 'example_short_circuit_decorator' retrieved from /home/airflow/.local/lib/python3.11/site-packages/airflow/example_dags/example_short_circuit_decorator.py
[2024-11-21T12:54:21.040+0000] {logging_mixin.py:190} INFO - [2024-11-21T12:54:21.017+0000] {dag.py:3239} INFO - Sync 1 DAGs
[2024-11-21T12:54:21.347+0000] {logging_mixin.py:190} INFO - [2024-11-21T12:54:21.342+0000] {dag.py:4180} INFO - Setting next_dagrun for example_short_circuit_decorator to None, run_after=None
[2024-11-21T12:54:21.765+0000] {processor.py:208} INFO - Processing /home/airflow/.local/lib/python3.11/site-packages/airflow/example_dags/example_short_circuit_decorator.py took 2.382 seconds
[2024-11-21T13:37:00.322+0000] {processor.py:186} INFO - Started process (PID=1718) to work on /home/airflow/.local/lib/python3.11/site-packages/airflow/example_dags/example_short_circuit_decorator.py
[2024-11-21T13:37:00.327+0000] {processor.py:914} INFO - Processing file /home/airflow/.local/lib/python3.11/site-packages/airflow/example_dags/example_short_circuit_decorator.py for tasks to queue
[2024-11-21T13:37:00.332+0000] {logging_mixin.py:190} INFO - [2024-11-21T13:37:00.331+0000] {dagbag.py:588} INFO - Filling up the DagBag from /home/airflow/.local/lib/python3.11/site-packages/airflow/example_dags/example_short_circuit_decorator.py
[2024-11-21T13:37:00.406+0000] {processor.py:925} INFO - DAG(s) 'example_short_circuit_decorator' retrieved from /home/airflow/.local/lib/python3.11/site-packages/airflow/example_dags/example_short_circuit_decorator.py
[2024-11-21T13:37:00.574+0000] {logging_mixin.py:190} INFO - [2024-11-21T13:37:00.572+0000] {dag.py:3239} INFO - Sync 1 DAGs
[2024-11-21T13:37:00.778+0000] {logging_mixin.py:190} INFO - [2024-11-21T13:37:00.776+0000] {dag.py:4180} INFO - Setting next_dagrun for example_short_circuit_decorator to None, run_after=None
[2024-11-21T13:37:00.897+0000] {processor.py:208} INFO - Processing /home/airflow/.local/lib/python3.11/site-packages/airflow/example_dags/example_short_circuit_decorator.py took 0.621 seconds
[2024-11-21T14:33:52.630+0000] {processor.py:186} INFO - Started process (PID=1787) to work on /home/airflow/.local/lib/python3.11/site-packages/airflow/example_dags/example_short_circuit_decorator.py
[2024-11-21T14:33:52.658+0000] {processor.py:914} INFO - Processing file /home/airflow/.local/lib/python3.11/site-packages/airflow/example_dags/example_short_circuit_decorator.py for tasks to queue
[2024-11-21T14:33:52.683+0000] {logging_mixin.py:190} INFO - [2024-11-21T14:33:52.676+0000] {dagbag.py:588} INFO - Filling up the DagBag from /home/airflow/.local/lib/python3.11/site-packages/airflow/example_dags/example_short_circuit_decorator.py
[2024-11-21T14:33:52.821+0000] {processor.py:925} INFO - DAG(s) 'example_short_circuit_decorator' retrieved from /home/airflow/.local/lib/python3.11/site-packages/airflow/example_dags/example_short_circuit_decorator.py
[2024-11-21T14:33:53.347+0000] {logging_mixin.py:190} INFO - [2024-11-21T14:33:53.320+0000] {dag.py:3239} INFO - Sync 1 DAGs
[2024-11-21T14:33:53.522+0000] {logging_mixin.py:190} INFO - [2024-11-21T14:33:53.519+0000] {dag.py:4180} INFO - Setting next_dagrun for example_short_circuit_decorator to None, run_after=None
[2024-11-21T14:33:53.751+0000] {processor.py:208} INFO - Processing /home/airflow/.local/lib/python3.11/site-packages/airflow/example_dags/example_short_circuit_decorator.py took 1.234 seconds
