[2024-11-21T11:49:18.612+0000] {processor.py:186} INFO - Started process (PID=102) to work on /home/airflow/.local/lib/python3.11/site-packages/airflow/example_dags/example_branch_operator_decorator.py
[2024-11-21T11:49:18.614+0000] {processor.py:914} INFO - Processing file /home/airflow/.local/lib/python3.11/site-packages/airflow/example_dags/example_branch_operator_decorator.py for tasks to queue
[2024-11-21T11:49:18.624+0000] {logging_mixin.py:190} INFO - [2024-11-21T11:49:18.622+0000] {dagbag.py:588} INFO - Filling up the DagBag from /home/airflow/.local/lib/python3.11/site-packages/airflow/example_dags/example_branch_operator_decorator.py
[2024-11-21T11:49:18.684+0000] {processor.py:925} INFO - DAG(s) 'example_branch_python_operator_decorator' retrieved from /home/airflow/.local/lib/python3.11/site-packages/airflow/example_dags/example_branch_operator_decorator.py
[2024-11-21T11:49:19.369+0000] {logging_mixin.py:190} INFO - [2024-11-21T11:49:19.368+0000] {dag.py:3239} INFO - Sync 1 DAGs
[2024-11-21T11:49:19.393+0000] {logging_mixin.py:190} INFO - [2024-11-21T11:49:19.393+0000] {dag.py:4180} INFO - Setting next_dagrun for example_branch_python_operator_decorator to 2024-11-20 00:00:00+00:00, run_after=2024-11-21 00:00:00+00:00
[2024-11-21T11:49:19.429+0000] {processor.py:208} INFO - Processing /home/airflow/.local/lib/python3.11/site-packages/airflow/example_dags/example_branch_operator_decorator.py took 0.829 seconds
[2024-11-21T11:49:49.551+0000] {processor.py:186} INFO - Started process (PID=166) to work on /home/airflow/.local/lib/python3.11/site-packages/airflow/example_dags/example_branch_operator_decorator.py
[2024-11-21T11:49:49.552+0000] {processor.py:914} INFO - Processing file /home/airflow/.local/lib/python3.11/site-packages/airflow/example_dags/example_branch_operator_decorator.py for tasks to queue
[2024-11-21T11:49:49.553+0000] {logging_mixin.py:190} INFO - [2024-11-21T11:49:49.553+0000] {dagbag.py:588} INFO - Filling up the DagBag from /home/airflow/.local/lib/python3.11/site-packages/airflow/example_dags/example_branch_operator_decorator.py
[2024-11-21T11:49:49.567+0000] {processor.py:925} INFO - DAG(s) 'example_branch_python_operator_decorator' retrieved from /home/airflow/.local/lib/python3.11/site-packages/airflow/example_dags/example_branch_operator_decorator.py
[2024-11-21T11:49:49.587+0000] {logging_mixin.py:190} INFO - [2024-11-21T11:49:49.587+0000] {dag.py:3239} INFO - Sync 1 DAGs
[2024-11-21T11:49:49.706+0000] {logging_mixin.py:190} INFO - [2024-11-21T11:49:49.705+0000] {dag.py:4180} INFO - Setting next_dagrun for example_branch_python_operator_decorator to 2024-11-20 00:00:00+00:00, run_after=2024-11-21 00:00:00+00:00
[2024-11-21T11:49:49.713+0000] {processor.py:208} INFO - Processing /home/airflow/.local/lib/python3.11/site-packages/airflow/example_dags/example_branch_operator_decorator.py took 0.166 seconds
[2024-11-21T11:50:19.925+0000] {processor.py:186} INFO - Started process (PID=230) to work on /home/airflow/.local/lib/python3.11/site-packages/airflow/example_dags/example_branch_operator_decorator.py
[2024-11-21T11:50:19.927+0000] {processor.py:914} INFO - Processing file /home/airflow/.local/lib/python3.11/site-packages/airflow/example_dags/example_branch_operator_decorator.py for tasks to queue
[2024-11-21T11:50:19.928+0000] {logging_mixin.py:190} INFO - [2024-11-21T11:50:19.928+0000] {dagbag.py:588} INFO - Filling up the DagBag from /home/airflow/.local/lib/python3.11/site-packages/airflow/example_dags/example_branch_operator_decorator.py
[2024-11-21T11:50:19.939+0000] {processor.py:925} INFO - DAG(s) 'example_branch_python_operator_decorator' retrieved from /home/airflow/.local/lib/python3.11/site-packages/airflow/example_dags/example_branch_operator_decorator.py
[2024-11-21T11:50:19.953+0000] {logging_mixin.py:190} INFO - [2024-11-21T11:50:19.953+0000] {dag.py:3239} INFO - Sync 1 DAGs
[2024-11-21T11:50:20.066+0000] {logging_mixin.py:190} INFO - [2024-11-21T11:50:20.065+0000] {dag.py:4180} INFO - Setting next_dagrun for example_branch_python_operator_decorator to 2024-11-20 00:00:00+00:00, run_after=2024-11-21 00:00:00+00:00
[2024-11-21T11:50:20.077+0000] {processor.py:208} INFO - Processing /home/airflow/.local/lib/python3.11/site-packages/airflow/example_dags/example_branch_operator_decorator.py took 0.155 seconds
[2024-11-21T11:50:50.581+0000] {processor.py:186} INFO - Started process (PID=294) to work on /home/airflow/.local/lib/python3.11/site-packages/airflow/example_dags/example_branch_operator_decorator.py
[2024-11-21T11:50:50.582+0000] {processor.py:914} INFO - Processing file /home/airflow/.local/lib/python3.11/site-packages/airflow/example_dags/example_branch_operator_decorator.py for tasks to queue
[2024-11-21T11:50:50.584+0000] {logging_mixin.py:190} INFO - [2024-11-21T11:50:50.584+0000] {dagbag.py:588} INFO - Filling up the DagBag from /home/airflow/.local/lib/python3.11/site-packages/airflow/example_dags/example_branch_operator_decorator.py
[2024-11-21T11:50:50.598+0000] {processor.py:925} INFO - DAG(s) 'example_branch_python_operator_decorator' retrieved from /home/airflow/.local/lib/python3.11/site-packages/airflow/example_dags/example_branch_operator_decorator.py
[2024-11-21T11:50:50.614+0000] {logging_mixin.py:190} INFO - [2024-11-21T11:50:50.614+0000] {dag.py:3239} INFO - Sync 1 DAGs
[2024-11-21T11:50:50.887+0000] {logging_mixin.py:190} INFO - [2024-11-21T11:50:50.887+0000] {dag.py:4180} INFO - Setting next_dagrun for example_branch_python_operator_decorator to 2024-11-20 00:00:00+00:00, run_after=2024-11-21 00:00:00+00:00
[2024-11-21T11:50:50.896+0000] {processor.py:208} INFO - Processing /home/airflow/.local/lib/python3.11/site-packages/airflow/example_dags/example_branch_operator_decorator.py took 0.319 seconds
[2024-11-21T11:51:21.014+0000] {processor.py:186} INFO - Started process (PID=358) to work on /home/airflow/.local/lib/python3.11/site-packages/airflow/example_dags/example_branch_operator_decorator.py
[2024-11-21T11:51:21.015+0000] {processor.py:914} INFO - Processing file /home/airflow/.local/lib/python3.11/site-packages/airflow/example_dags/example_branch_operator_decorator.py for tasks to queue
[2024-11-21T11:51:21.016+0000] {logging_mixin.py:190} INFO - [2024-11-21T11:51:21.016+0000] {dagbag.py:588} INFO - Filling up the DagBag from /home/airflow/.local/lib/python3.11/site-packages/airflow/example_dags/example_branch_operator_decorator.py
[2024-11-21T11:51:21.029+0000] {processor.py:925} INFO - DAG(s) 'example_branch_python_operator_decorator' retrieved from /home/airflow/.local/lib/python3.11/site-packages/airflow/example_dags/example_branch_operator_decorator.py
[2024-11-21T11:51:21.045+0000] {logging_mixin.py:190} INFO - [2024-11-21T11:51:21.044+0000] {dag.py:3239} INFO - Sync 1 DAGs
[2024-11-21T11:51:21.056+0000] {logging_mixin.py:190} INFO - [2024-11-21T11:51:21.055+0000] {dag.py:4180} INFO - Setting next_dagrun for example_branch_python_operator_decorator to 2024-11-20 00:00:00+00:00, run_after=2024-11-21 00:00:00+00:00
[2024-11-21T11:51:21.064+0000] {processor.py:208} INFO - Processing /home/airflow/.local/lib/python3.11/site-packages/airflow/example_dags/example_branch_operator_decorator.py took 0.054 seconds
[2024-11-21T11:51:51.988+0000] {processor.py:186} INFO - Started process (PID=422) to work on /home/airflow/.local/lib/python3.11/site-packages/airflow/example_dags/example_branch_operator_decorator.py
[2024-11-21T11:51:51.992+0000] {processor.py:914} INFO - Processing file /home/airflow/.local/lib/python3.11/site-packages/airflow/example_dags/example_branch_operator_decorator.py for tasks to queue
[2024-11-21T11:51:51.996+0000] {logging_mixin.py:190} INFO - [2024-11-21T11:51:51.996+0000] {dagbag.py:588} INFO - Filling up the DagBag from /home/airflow/.local/lib/python3.11/site-packages/airflow/example_dags/example_branch_operator_decorator.py
[2024-11-21T11:51:52.028+0000] {processor.py:925} INFO - DAG(s) 'example_branch_python_operator_decorator' retrieved from /home/airflow/.local/lib/python3.11/site-packages/airflow/example_dags/example_branch_operator_decorator.py
[2024-11-21T11:51:52.048+0000] {logging_mixin.py:190} INFO - [2024-11-21T11:51:52.048+0000] {dag.py:3239} INFO - Sync 1 DAGs
[2024-11-21T11:51:52.062+0000] {logging_mixin.py:190} INFO - [2024-11-21T11:51:52.062+0000] {dag.py:4180} INFO - Setting next_dagrun for example_branch_python_operator_decorator to 2024-11-20 00:00:00+00:00, run_after=2024-11-21 00:00:00+00:00
[2024-11-21T11:51:52.069+0000] {processor.py:208} INFO - Processing /home/airflow/.local/lib/python3.11/site-packages/airflow/example_dags/example_branch_operator_decorator.py took 0.085 seconds
[2024-11-21T11:52:22.916+0000] {processor.py:186} INFO - Started process (PID=486) to work on /home/airflow/.local/lib/python3.11/site-packages/airflow/example_dags/example_branch_operator_decorator.py
[2024-11-21T11:52:22.917+0000] {processor.py:914} INFO - Processing file /home/airflow/.local/lib/python3.11/site-packages/airflow/example_dags/example_branch_operator_decorator.py for tasks to queue
[2024-11-21T11:52:22.919+0000] {logging_mixin.py:190} INFO - [2024-11-21T11:52:22.919+0000] {dagbag.py:588} INFO - Filling up the DagBag from /home/airflow/.local/lib/python3.11/site-packages/airflow/example_dags/example_branch_operator_decorator.py
[2024-11-21T11:52:22.933+0000] {processor.py:925} INFO - DAG(s) 'example_branch_python_operator_decorator' retrieved from /home/airflow/.local/lib/python3.11/site-packages/airflow/example_dags/example_branch_operator_decorator.py
[2024-11-21T11:52:22.947+0000] {logging_mixin.py:190} INFO - [2024-11-21T11:52:22.947+0000] {dag.py:3239} INFO - Sync 1 DAGs
[2024-11-21T11:52:22.957+0000] {logging_mixin.py:190} INFO - [2024-11-21T11:52:22.957+0000] {dag.py:4180} INFO - Setting next_dagrun for example_branch_python_operator_decorator to 2024-11-20 00:00:00+00:00, run_after=2024-11-21 00:00:00+00:00
[2024-11-21T11:52:22.965+0000] {processor.py:208} INFO - Processing /home/airflow/.local/lib/python3.11/site-packages/airflow/example_dags/example_branch_operator_decorator.py took 0.062 seconds
[2024-11-21T11:52:53.754+0000] {processor.py:186} INFO - Started process (PID=550) to work on /home/airflow/.local/lib/python3.11/site-packages/airflow/example_dags/example_branch_operator_decorator.py
[2024-11-21T11:52:53.755+0000] {processor.py:914} INFO - Processing file /home/airflow/.local/lib/python3.11/site-packages/airflow/example_dags/example_branch_operator_decorator.py for tasks to queue
[2024-11-21T11:52:53.756+0000] {logging_mixin.py:190} INFO - [2024-11-21T11:52:53.756+0000] {dagbag.py:588} INFO - Filling up the DagBag from /home/airflow/.local/lib/python3.11/site-packages/airflow/example_dags/example_branch_operator_decorator.py
[2024-11-21T11:52:53.768+0000] {processor.py:925} INFO - DAG(s) 'example_branch_python_operator_decorator' retrieved from /home/airflow/.local/lib/python3.11/site-packages/airflow/example_dags/example_branch_operator_decorator.py
[2024-11-21T11:52:53.782+0000] {logging_mixin.py:190} INFO - [2024-11-21T11:52:53.782+0000] {dag.py:3239} INFO - Sync 1 DAGs
[2024-11-21T11:52:53.793+0000] {logging_mixin.py:190} INFO - [2024-11-21T11:52:53.793+0000] {dag.py:4180} INFO - Setting next_dagrun for example_branch_python_operator_decorator to 2024-11-20 00:00:00+00:00, run_after=2024-11-21 00:00:00+00:00
[2024-11-21T11:52:53.801+0000] {processor.py:208} INFO - Processing /home/airflow/.local/lib/python3.11/site-packages/airflow/example_dags/example_branch_operator_decorator.py took 0.051 seconds
[2024-11-21T11:53:24.398+0000] {processor.py:186} INFO - Started process (PID=614) to work on /home/airflow/.local/lib/python3.11/site-packages/airflow/example_dags/example_branch_operator_decorator.py
[2024-11-21T11:53:24.399+0000] {processor.py:914} INFO - Processing file /home/airflow/.local/lib/python3.11/site-packages/airflow/example_dags/example_branch_operator_decorator.py for tasks to queue
[2024-11-21T11:53:24.400+0000] {logging_mixin.py:190} INFO - [2024-11-21T11:53:24.400+0000] {dagbag.py:588} INFO - Filling up the DagBag from /home/airflow/.local/lib/python3.11/site-packages/airflow/example_dags/example_branch_operator_decorator.py
[2024-11-21T11:53:24.413+0000] {processor.py:925} INFO - DAG(s) 'example_branch_python_operator_decorator' retrieved from /home/airflow/.local/lib/python3.11/site-packages/airflow/example_dags/example_branch_operator_decorator.py
[2024-11-21T11:53:24.433+0000] {logging_mixin.py:190} INFO - [2024-11-21T11:53:24.433+0000] {dag.py:3239} INFO - Sync 1 DAGs
[2024-11-21T11:53:24.446+0000] {logging_mixin.py:190} INFO - [2024-11-21T11:53:24.446+0000] {dag.py:4180} INFO - Setting next_dagrun for example_branch_python_operator_decorator to 2024-11-20 00:00:00+00:00, run_after=2024-11-21 00:00:00+00:00
[2024-11-21T11:53:24.454+0000] {processor.py:208} INFO - Processing /home/airflow/.local/lib/python3.11/site-packages/airflow/example_dags/example_branch_operator_decorator.py took 0.061 seconds
[2024-11-21T11:53:55.417+0000] {processor.py:186} INFO - Started process (PID=679) to work on /home/airflow/.local/lib/python3.11/site-packages/airflow/example_dags/example_branch_operator_decorator.py
[2024-11-21T11:53:55.419+0000] {processor.py:914} INFO - Processing file /home/airflow/.local/lib/python3.11/site-packages/airflow/example_dags/example_branch_operator_decorator.py for tasks to queue
[2024-11-21T11:53:55.423+0000] {logging_mixin.py:190} INFO - [2024-11-21T11:53:55.423+0000] {dagbag.py:588} INFO - Filling up the DagBag from /home/airflow/.local/lib/python3.11/site-packages/airflow/example_dags/example_branch_operator_decorator.py
[2024-11-21T11:53:55.437+0000] {processor.py:925} INFO - DAG(s) 'example_branch_python_operator_decorator' retrieved from /home/airflow/.local/lib/python3.11/site-packages/airflow/example_dags/example_branch_operator_decorator.py
[2024-11-21T11:53:55.453+0000] {logging_mixin.py:190} INFO - [2024-11-21T11:53:55.453+0000] {dag.py:3239} INFO - Sync 1 DAGs
[2024-11-21T11:53:55.466+0000] {logging_mixin.py:190} INFO - [2024-11-21T11:53:55.466+0000] {dag.py:4180} INFO - Setting next_dagrun for example_branch_python_operator_decorator to 2024-11-20 00:00:00+00:00, run_after=2024-11-21 00:00:00+00:00
[2024-11-21T11:53:55.473+0000] {processor.py:208} INFO - Processing /home/airflow/.local/lib/python3.11/site-packages/airflow/example_dags/example_branch_operator_decorator.py took 0.064 seconds
[2024-11-21T11:54:46.064+0000] {processor.py:186} INFO - Started process (PID=767) to work on /home/airflow/.local/lib/python3.11/site-packages/airflow/example_dags/example_branch_operator_decorator.py
[2024-11-21T11:54:46.068+0000] {processor.py:914} INFO - Processing file /home/airflow/.local/lib/python3.11/site-packages/airflow/example_dags/example_branch_operator_decorator.py for tasks to queue
[2024-11-21T11:54:46.085+0000] {logging_mixin.py:190} INFO - [2024-11-21T11:54:46.083+0000] {dagbag.py:588} INFO - Filling up the DagBag from /home/airflow/.local/lib/python3.11/site-packages/airflow/example_dags/example_branch_operator_decorator.py
[2024-11-21T11:54:46.304+0000] {processor.py:925} INFO - DAG(s) 'example_branch_python_operator_decorator' retrieved from /home/airflow/.local/lib/python3.11/site-packages/airflow/example_dags/example_branch_operator_decorator.py
[2024-11-21T11:54:46.668+0000] {logging_mixin.py:190} INFO - [2024-11-21T11:54:46.660+0000] {dag.py:3239} INFO - Sync 1 DAGs
[2024-11-21T11:54:46.849+0000] {logging_mixin.py:190} INFO - [2024-11-21T11:54:46.847+0000] {dag.py:4180} INFO - Setting next_dagrun for example_branch_python_operator_decorator to 2024-11-20 00:00:00+00:00, run_after=2024-11-21 00:00:00+00:00
[2024-11-21T11:54:46.993+0000] {processor.py:208} INFO - Processing /home/airflow/.local/lib/python3.11/site-packages/airflow/example_dags/example_branch_operator_decorator.py took 0.988 seconds
[2024-11-21T11:55:36.517+0000] {processor.py:186} INFO - Started process (PID=831) to work on /home/airflow/.local/lib/python3.11/site-packages/airflow/example_dags/example_branch_operator_decorator.py
[2024-11-21T11:55:36.519+0000] {processor.py:914} INFO - Processing file /home/airflow/.local/lib/python3.11/site-packages/airflow/example_dags/example_branch_operator_decorator.py for tasks to queue
[2024-11-21T11:55:36.523+0000] {logging_mixin.py:190} INFO - [2024-11-21T11:55:36.522+0000] {dagbag.py:588} INFO - Filling up the DagBag from /home/airflow/.local/lib/python3.11/site-packages/airflow/example_dags/example_branch_operator_decorator.py
[2024-11-21T11:55:36.552+0000] {processor.py:925} INFO - DAG(s) 'example_branch_python_operator_decorator' retrieved from /home/airflow/.local/lib/python3.11/site-packages/airflow/example_dags/example_branch_operator_decorator.py
[2024-11-21T11:55:36.604+0000] {logging_mixin.py:190} INFO - [2024-11-21T11:55:36.604+0000] {dag.py:3239} INFO - Sync 1 DAGs
[2024-11-21T11:55:36.652+0000] {logging_mixin.py:190} INFO - [2024-11-21T11:55:36.651+0000] {dag.py:4180} INFO - Setting next_dagrun for example_branch_python_operator_decorator to 2024-11-20 00:00:00+00:00, run_after=2024-11-21 00:00:00+00:00
[2024-11-21T11:55:36.676+0000] {processor.py:208} INFO - Processing /home/airflow/.local/lib/python3.11/site-packages/airflow/example_dags/example_branch_operator_decorator.py took 0.174 seconds
[2024-11-21T11:56:31.477+0000] {processor.py:186} INFO - Started process (PID=895) to work on /home/airflow/.local/lib/python3.11/site-packages/airflow/example_dags/example_branch_operator_decorator.py
[2024-11-21T11:56:31.479+0000] {processor.py:914} INFO - Processing file /home/airflow/.local/lib/python3.11/site-packages/airflow/example_dags/example_branch_operator_decorator.py for tasks to queue
[2024-11-21T11:56:31.484+0000] {logging_mixin.py:190} INFO - [2024-11-21T11:56:31.484+0000] {dagbag.py:588} INFO - Filling up the DagBag from /home/airflow/.local/lib/python3.11/site-packages/airflow/example_dags/example_branch_operator_decorator.py
[2024-11-21T11:56:31.539+0000] {processor.py:925} INFO - DAG(s) 'example_branch_python_operator_decorator' retrieved from /home/airflow/.local/lib/python3.11/site-packages/airflow/example_dags/example_branch_operator_decorator.py
[2024-11-21T11:56:31.608+0000] {logging_mixin.py:190} INFO - [2024-11-21T11:56:31.607+0000] {dag.py:3239} INFO - Sync 1 DAGs
[2024-11-21T11:56:31.657+0000] {logging_mixin.py:190} INFO - [2024-11-21T11:56:31.657+0000] {dag.py:4180} INFO - Setting next_dagrun for example_branch_python_operator_decorator to 2024-11-20 00:00:00+00:00, run_after=2024-11-21 00:00:00+00:00
[2024-11-21T11:56:31.718+0000] {processor.py:208} INFO - Processing /home/airflow/.local/lib/python3.11/site-packages/airflow/example_dags/example_branch_operator_decorator.py took 0.250 seconds
[2024-11-21T11:57:02.175+0000] {processor.py:186} INFO - Started process (PID=959) to work on /home/airflow/.local/lib/python3.11/site-packages/airflow/example_dags/example_branch_operator_decorator.py
[2024-11-21T11:57:02.176+0000] {processor.py:914} INFO - Processing file /home/airflow/.local/lib/python3.11/site-packages/airflow/example_dags/example_branch_operator_decorator.py for tasks to queue
[2024-11-21T11:57:02.177+0000] {logging_mixin.py:190} INFO - [2024-11-21T11:57:02.177+0000] {dagbag.py:588} INFO - Filling up the DagBag from /home/airflow/.local/lib/python3.11/site-packages/airflow/example_dags/example_branch_operator_decorator.py
[2024-11-21T11:57:02.189+0000] {processor.py:925} INFO - DAG(s) 'example_branch_python_operator_decorator' retrieved from /home/airflow/.local/lib/python3.11/site-packages/airflow/example_dags/example_branch_operator_decorator.py
[2024-11-21T11:57:02.204+0000] {logging_mixin.py:190} INFO - [2024-11-21T11:57:02.203+0000] {dag.py:3239} INFO - Sync 1 DAGs
[2024-11-21T11:57:02.216+0000] {logging_mixin.py:190} INFO - [2024-11-21T11:57:02.216+0000] {dag.py:4180} INFO - Setting next_dagrun for example_branch_python_operator_decorator to 2024-11-20 00:00:00+00:00, run_after=2024-11-21 00:00:00+00:00
[2024-11-21T11:57:02.223+0000] {processor.py:208} INFO - Processing /home/airflow/.local/lib/python3.11/site-packages/airflow/example_dags/example_branch_operator_decorator.py took 0.052 seconds
[2024-11-21T11:57:33.367+0000] {processor.py:186} INFO - Started process (PID=1024) to work on /home/airflow/.local/lib/python3.11/site-packages/airflow/example_dags/example_branch_operator_decorator.py
[2024-11-21T11:57:33.367+0000] {processor.py:914} INFO - Processing file /home/airflow/.local/lib/python3.11/site-packages/airflow/example_dags/example_branch_operator_decorator.py for tasks to queue
[2024-11-21T11:57:33.369+0000] {logging_mixin.py:190} INFO - [2024-11-21T11:57:33.369+0000] {dagbag.py:588} INFO - Filling up the DagBag from /home/airflow/.local/lib/python3.11/site-packages/airflow/example_dags/example_branch_operator_decorator.py
[2024-11-21T11:57:33.383+0000] {processor.py:925} INFO - DAG(s) 'example_branch_python_operator_decorator' retrieved from /home/airflow/.local/lib/python3.11/site-packages/airflow/example_dags/example_branch_operator_decorator.py
[2024-11-21T11:57:33.398+0000] {logging_mixin.py:190} INFO - [2024-11-21T11:57:33.398+0000] {dag.py:3239} INFO - Sync 1 DAGs
[2024-11-21T11:57:33.412+0000] {logging_mixin.py:190} INFO - [2024-11-21T11:57:33.412+0000] {dag.py:4180} INFO - Setting next_dagrun for example_branch_python_operator_decorator to 2024-11-20 00:00:00+00:00, run_after=2024-11-21 00:00:00+00:00
[2024-11-21T11:57:33.421+0000] {processor.py:208} INFO - Processing /home/airflow/.local/lib/python3.11/site-packages/airflow/example_dags/example_branch_operator_decorator.py took 0.059 seconds
[2024-11-21T11:58:04.251+0000] {processor.py:186} INFO - Started process (PID=1088) to work on /home/airflow/.local/lib/python3.11/site-packages/airflow/example_dags/example_branch_operator_decorator.py
[2024-11-21T11:58:04.252+0000] {processor.py:914} INFO - Processing file /home/airflow/.local/lib/python3.11/site-packages/airflow/example_dags/example_branch_operator_decorator.py for tasks to queue
[2024-11-21T11:58:04.253+0000] {logging_mixin.py:190} INFO - [2024-11-21T11:58:04.253+0000] {dagbag.py:588} INFO - Filling up the DagBag from /home/airflow/.local/lib/python3.11/site-packages/airflow/example_dags/example_branch_operator_decorator.py
[2024-11-21T11:58:04.266+0000] {processor.py:925} INFO - DAG(s) 'example_branch_python_operator_decorator' retrieved from /home/airflow/.local/lib/python3.11/site-packages/airflow/example_dags/example_branch_operator_decorator.py
[2024-11-21T11:58:04.281+0000] {logging_mixin.py:190} INFO - [2024-11-21T11:58:04.280+0000] {dag.py:3239} INFO - Sync 1 DAGs
[2024-11-21T11:58:04.293+0000] {logging_mixin.py:190} INFO - [2024-11-21T11:58:04.293+0000] {dag.py:4180} INFO - Setting next_dagrun for example_branch_python_operator_decorator to 2024-11-20 00:00:00+00:00, run_after=2024-11-21 00:00:00+00:00
[2024-11-21T11:58:04.302+0000] {processor.py:208} INFO - Processing /home/airflow/.local/lib/python3.11/site-packages/airflow/example_dags/example_branch_operator_decorator.py took 0.054 seconds
[2024-11-21T11:58:34.831+0000] {processor.py:186} INFO - Started process (PID=1152) to work on /home/airflow/.local/lib/python3.11/site-packages/airflow/example_dags/example_branch_operator_decorator.py
[2024-11-21T11:58:34.832+0000] {processor.py:914} INFO - Processing file /home/airflow/.local/lib/python3.11/site-packages/airflow/example_dags/example_branch_operator_decorator.py for tasks to queue
[2024-11-21T11:58:34.833+0000] {logging_mixin.py:190} INFO - [2024-11-21T11:58:34.833+0000] {dagbag.py:588} INFO - Filling up the DagBag from /home/airflow/.local/lib/python3.11/site-packages/airflow/example_dags/example_branch_operator_decorator.py
[2024-11-21T11:58:34.848+0000] {processor.py:925} INFO - DAG(s) 'example_branch_python_operator_decorator' retrieved from /home/airflow/.local/lib/python3.11/site-packages/airflow/example_dags/example_branch_operator_decorator.py
[2024-11-21T11:58:34.864+0000] {logging_mixin.py:190} INFO - [2024-11-21T11:58:34.864+0000] {dag.py:3239} INFO - Sync 1 DAGs
[2024-11-21T11:58:34.876+0000] {logging_mixin.py:190} INFO - [2024-11-21T11:58:34.876+0000] {dag.py:4180} INFO - Setting next_dagrun for example_branch_python_operator_decorator to 2024-11-20 00:00:00+00:00, run_after=2024-11-21 00:00:00+00:00
[2024-11-21T11:58:34.885+0000] {processor.py:208} INFO - Processing /home/airflow/.local/lib/python3.11/site-packages/airflow/example_dags/example_branch_operator_decorator.py took 0.057 seconds
[2024-11-21T11:59:05.577+0000] {processor.py:186} INFO - Started process (PID=1216) to work on /home/airflow/.local/lib/python3.11/site-packages/airflow/example_dags/example_branch_operator_decorator.py
[2024-11-21T11:59:05.578+0000] {processor.py:914} INFO - Processing file /home/airflow/.local/lib/python3.11/site-packages/airflow/example_dags/example_branch_operator_decorator.py for tasks to queue
[2024-11-21T11:59:05.579+0000] {logging_mixin.py:190} INFO - [2024-11-21T11:59:05.579+0000] {dagbag.py:588} INFO - Filling up the DagBag from /home/airflow/.local/lib/python3.11/site-packages/airflow/example_dags/example_branch_operator_decorator.py
[2024-11-21T11:59:05.593+0000] {processor.py:925} INFO - DAG(s) 'example_branch_python_operator_decorator' retrieved from /home/airflow/.local/lib/python3.11/site-packages/airflow/example_dags/example_branch_operator_decorator.py
[2024-11-21T11:59:05.607+0000] {logging_mixin.py:190} INFO - [2024-11-21T11:59:05.606+0000] {dag.py:3239} INFO - Sync 1 DAGs
[2024-11-21T11:59:05.619+0000] {logging_mixin.py:190} INFO - [2024-11-21T11:59:05.619+0000] {dag.py:4180} INFO - Setting next_dagrun for example_branch_python_operator_decorator to 2024-11-20 00:00:00+00:00, run_after=2024-11-21 00:00:00+00:00
[2024-11-21T11:59:05.628+0000] {processor.py:208} INFO - Processing /home/airflow/.local/lib/python3.11/site-packages/airflow/example_dags/example_branch_operator_decorator.py took 0.055 seconds
[2024-11-21T11:59:36.428+0000] {processor.py:186} INFO - Started process (PID=1280) to work on /home/airflow/.local/lib/python3.11/site-packages/airflow/example_dags/example_branch_operator_decorator.py
[2024-11-21T11:59:36.429+0000] {processor.py:914} INFO - Processing file /home/airflow/.local/lib/python3.11/site-packages/airflow/example_dags/example_branch_operator_decorator.py for tasks to queue
[2024-11-21T11:59:36.430+0000] {logging_mixin.py:190} INFO - [2024-11-21T11:59:36.430+0000] {dagbag.py:588} INFO - Filling up the DagBag from /home/airflow/.local/lib/python3.11/site-packages/airflow/example_dags/example_branch_operator_decorator.py
[2024-11-21T11:59:36.443+0000] {processor.py:925} INFO - DAG(s) 'example_branch_python_operator_decorator' retrieved from /home/airflow/.local/lib/python3.11/site-packages/airflow/example_dags/example_branch_operator_decorator.py
[2024-11-21T11:59:36.457+0000] {logging_mixin.py:190} INFO - [2024-11-21T11:59:36.457+0000] {dag.py:3239} INFO - Sync 1 DAGs
[2024-11-21T11:59:36.469+0000] {logging_mixin.py:190} INFO - [2024-11-21T11:59:36.469+0000] {dag.py:4180} INFO - Setting next_dagrun for example_branch_python_operator_decorator to 2024-11-20 00:00:00+00:00, run_after=2024-11-21 00:00:00+00:00
[2024-11-21T11:59:36.478+0000] {processor.py:208} INFO - Processing /home/airflow/.local/lib/python3.11/site-packages/airflow/example_dags/example_branch_operator_decorator.py took 0.055 seconds
[2024-11-21T12:00:07.455+0000] {processor.py:186} INFO - Started process (PID=1345) to work on /home/airflow/.local/lib/python3.11/site-packages/airflow/example_dags/example_branch_operator_decorator.py
[2024-11-21T12:00:07.459+0000] {processor.py:914} INFO - Processing file /home/airflow/.local/lib/python3.11/site-packages/airflow/example_dags/example_branch_operator_decorator.py for tasks to queue
[2024-11-21T12:00:07.462+0000] {logging_mixin.py:190} INFO - [2024-11-21T12:00:07.461+0000] {dagbag.py:588} INFO - Filling up the DagBag from /home/airflow/.local/lib/python3.11/site-packages/airflow/example_dags/example_branch_operator_decorator.py
[2024-11-21T12:00:07.474+0000] {processor.py:925} INFO - DAG(s) 'example_branch_python_operator_decorator' retrieved from /home/airflow/.local/lib/python3.11/site-packages/airflow/example_dags/example_branch_operator_decorator.py
[2024-11-21T12:00:07.489+0000] {logging_mixin.py:190} INFO - [2024-11-21T12:00:07.488+0000] {dag.py:3239} INFO - Sync 1 DAGs
[2024-11-21T12:00:07.500+0000] {logging_mixin.py:190} INFO - [2024-11-21T12:00:07.500+0000] {dag.py:4180} INFO - Setting next_dagrun for example_branch_python_operator_decorator to 2024-11-20 00:00:00+00:00, run_after=2024-11-21 00:00:00+00:00
[2024-11-21T12:00:07.510+0000] {processor.py:208} INFO - Processing /home/airflow/.local/lib/python3.11/site-packages/airflow/example_dags/example_branch_operator_decorator.py took 0.059 seconds
[2024-11-21T12:03:37.514+0000] {processor.py:186} INFO - Started process (PID=1437) to work on /home/airflow/.local/lib/python3.11/site-packages/airflow/example_dags/example_branch_operator_decorator.py
[2024-11-21T12:03:37.519+0000] {processor.py:914} INFO - Processing file /home/airflow/.local/lib/python3.11/site-packages/airflow/example_dags/example_branch_operator_decorator.py for tasks to queue
[2024-11-21T12:03:37.530+0000] {logging_mixin.py:190} INFO - [2024-11-21T12:03:37.525+0000] {dagbag.py:588} INFO - Filling up the DagBag from /home/airflow/.local/lib/python3.11/site-packages/airflow/example_dags/example_branch_operator_decorator.py
[2024-11-21T12:03:42.349+0000] {processor.py:925} INFO - DAG(s) 'example_branch_python_operator_decorator' retrieved from /home/airflow/.local/lib/python3.11/site-packages/airflow/example_dags/example_branch_operator_decorator.py
[2024-11-21T12:03:57.811+0000] {logging_mixin.py:190} INFO - [2024-11-21T12:03:57.803+0000] {dag.py:3239} INFO - Sync 1 DAGs
[2024-11-21T12:03:57.962+0000] {logging_mixin.py:190} INFO - [2024-11-21T12:03:57.957+0000] {dag.py:4180} INFO - Setting next_dagrun for example_branch_python_operator_decorator to 2024-11-20 00:00:00+00:00, run_after=2024-11-21 00:00:00+00:00
[2024-11-21T12:03:58.098+0000] {processor.py:208} INFO - Processing /home/airflow/.local/lib/python3.11/site-packages/airflow/example_dags/example_branch_operator_decorator.py took 20.688 seconds
[2024-11-21T12:43:01.924+0000] {processor.py:186} INFO - Started process (PID=1539) to work on /home/airflow/.local/lib/python3.11/site-packages/airflow/example_dags/example_branch_operator_decorator.py
[2024-11-21T12:43:01.926+0000] {processor.py:914} INFO - Processing file /home/airflow/.local/lib/python3.11/site-packages/airflow/example_dags/example_branch_operator_decorator.py for tasks to queue
[2024-11-21T12:43:01.931+0000] {logging_mixin.py:190} INFO - [2024-11-21T12:43:01.931+0000] {dagbag.py:588} INFO - Filling up the DagBag from /home/airflow/.local/lib/python3.11/site-packages/airflow/example_dags/example_branch_operator_decorator.py
[2024-11-21T12:43:02.005+0000] {processor.py:925} INFO - DAG(s) 'example_branch_python_operator_decorator' retrieved from /home/airflow/.local/lib/python3.11/site-packages/airflow/example_dags/example_branch_operator_decorator.py
[2024-11-21T12:43:02.054+0000] {logging_mixin.py:190} INFO - [2024-11-21T12:43:02.053+0000] {dag.py:3239} INFO - Sync 1 DAGs
[2024-11-21T12:43:02.167+0000] {logging_mixin.py:190} INFO - [2024-11-21T12:43:02.166+0000] {dag.py:4180} INFO - Setting next_dagrun for example_branch_python_operator_decorator to 2024-11-20 00:00:00+00:00, run_after=2024-11-21 00:00:00+00:00
[2024-11-21T12:43:02.219+0000] {processor.py:208} INFO - Processing /home/airflow/.local/lib/python3.11/site-packages/airflow/example_dags/example_branch_operator_decorator.py took 0.303 seconds
[2024-11-21T13:28:56.470+0000] {processor.py:186} INFO - Started process (PID=1699) to work on /home/airflow/.local/lib/python3.11/site-packages/airflow/example_dags/example_branch_operator_decorator.py
[2024-11-21T13:28:56.475+0000] {processor.py:914} INFO - Processing file /home/airflow/.local/lib/python3.11/site-packages/airflow/example_dags/example_branch_operator_decorator.py for tasks to queue
[2024-11-21T13:28:56.479+0000] {logging_mixin.py:190} INFO - [2024-11-21T13:28:56.478+0000] {dagbag.py:588} INFO - Filling up the DagBag from /home/airflow/.local/lib/python3.11/site-packages/airflow/example_dags/example_branch_operator_decorator.py
[2024-11-21T13:28:56.624+0000] {processor.py:925} INFO - DAG(s) 'example_branch_python_operator_decorator' retrieved from /home/airflow/.local/lib/python3.11/site-packages/airflow/example_dags/example_branch_operator_decorator.py
[2024-11-21T13:28:56.780+0000] {logging_mixin.py:190} INFO - [2024-11-21T13:28:56.778+0000] {dag.py:3239} INFO - Sync 1 DAGs
[2024-11-21T13:28:56.865+0000] {logging_mixin.py:190} INFO - [2024-11-21T13:28:56.865+0000] {dag.py:4180} INFO - Setting next_dagrun for example_branch_python_operator_decorator to 2024-11-20 00:00:00+00:00, run_after=2024-11-21 00:00:00+00:00
[2024-11-21T13:28:56.910+0000] {processor.py:208} INFO - Processing /home/airflow/.local/lib/python3.11/site-packages/airflow/example_dags/example_branch_operator_decorator.py took 0.473 seconds
[2024-11-21T14:04:50.138+0000] {processor.py:186} INFO - Started process (PID=1770) to work on /home/airflow/.local/lib/python3.11/site-packages/airflow/example_dags/example_branch_operator_decorator.py
[2024-11-21T14:04:50.142+0000] {processor.py:914} INFO - Processing file /home/airflow/.local/lib/python3.11/site-packages/airflow/example_dags/example_branch_operator_decorator.py for tasks to queue
[2024-11-21T14:04:50.149+0000] {logging_mixin.py:190} INFO - [2024-11-21T14:04:50.148+0000] {dagbag.py:588} INFO - Filling up the DagBag from /home/airflow/.local/lib/python3.11/site-packages/airflow/example_dags/example_branch_operator_decorator.py
[2024-11-21T14:04:50.789+0000] {processor.py:925} INFO - DAG(s) 'example_branch_python_operator_decorator' retrieved from /home/airflow/.local/lib/python3.11/site-packages/airflow/example_dags/example_branch_operator_decorator.py
[2024-11-21T14:05:08.217+0000] {logging_mixin.py:190} INFO - [2024-11-21T14:05:08.210+0000] {dag.py:3239} INFO - Sync 1 DAGs
[2024-11-21T14:05:08.532+0000] {logging_mixin.py:190} INFO - [2024-11-21T14:05:08.532+0000] {dag.py:4180} INFO - Setting next_dagrun for example_branch_python_operator_decorator to 2024-11-20 00:00:00+00:00, run_after=2024-11-21 00:00:00+00:00
[2024-11-21T14:05:09.277+0000] {processor.py:208} INFO - Processing /home/airflow/.local/lib/python3.11/site-packages/airflow/example_dags/example_branch_operator_decorator.py took 19.108 seconds
