[2024-11-21T11:49:16.692+0000] {processor.py:186} INFO - Started process (PID=100) to work on /home/airflow/.local/lib/python3.11/site-packages/airflow/example_dags/example_latest_only_with_trigger.py
[2024-11-21T11:49:16.699+0000] {processor.py:914} INFO - Processing file /home/airflow/.local/lib/python3.11/site-packages/airflow/example_dags/example_latest_only_with_trigger.py for tasks to queue
[2024-11-21T11:49:16.703+0000] {logging_mixin.py:190} INFO - [2024-11-21T11:49:16.702+0000] {dagbag.py:588} INFO - Filling up the DagBag from /home/airflow/.local/lib/python3.11/site-packages/airflow/example_dags/example_latest_only_with_trigger.py
[2024-11-21T11:49:16.726+0000] {processor.py:925} INFO - DAG(s) 'latest_only_with_trigger' retrieved from /home/airflow/.local/lib/python3.11/site-packages/airflow/example_dags/example_latest_only_with_trigger.py
[2024-11-21T11:49:16.795+0000] {logging_mixin.py:190} INFO - [2024-11-21T11:49:16.795+0000] {dag.py:3239} INFO - Sync 1 DAGs
[2024-11-21T11:49:17.712+0000] {logging_mixin.py:190} INFO - [2024-11-21T11:49:17.710+0000] {dag.py:4180} INFO - Setting next_dagrun for latest_only_with_trigger to 2024-11-21 04:00:00+00:00, run_after=2024-11-21 08:00:00+00:00
[2024-11-21T11:49:18.069+0000] {processor.py:208} INFO - Processing /home/airflow/.local/lib/python3.11/site-packages/airflow/example_dags/example_latest_only_with_trigger.py took 1.387 seconds
[2024-11-21T11:49:48.857+0000] {processor.py:186} INFO - Started process (PID=164) to work on /home/airflow/.local/lib/python3.11/site-packages/airflow/example_dags/example_latest_only_with_trigger.py
[2024-11-21T11:49:48.859+0000] {processor.py:914} INFO - Processing file /home/airflow/.local/lib/python3.11/site-packages/airflow/example_dags/example_latest_only_with_trigger.py for tasks to queue
[2024-11-21T11:49:48.864+0000] {logging_mixin.py:190} INFO - [2024-11-21T11:49:48.863+0000] {dagbag.py:588} INFO - Filling up the DagBag from /home/airflow/.local/lib/python3.11/site-packages/airflow/example_dags/example_latest_only_with_trigger.py
[2024-11-21T11:49:48.880+0000] {processor.py:925} INFO - DAG(s) 'latest_only_with_trigger' retrieved from /home/airflow/.local/lib/python3.11/site-packages/airflow/example_dags/example_latest_only_with_trigger.py
[2024-11-21T11:49:48.925+0000] {logging_mixin.py:190} INFO - [2024-11-21T11:49:48.924+0000] {dag.py:3239} INFO - Sync 1 DAGs
[2024-11-21T11:49:49.222+0000] {logging_mixin.py:190} INFO - [2024-11-21T11:49:49.221+0000] {dag.py:4180} INFO - Setting next_dagrun for latest_only_with_trigger to 2024-11-21 04:00:00+00:00, run_after=2024-11-21 08:00:00+00:00
[2024-11-21T11:49:49.231+0000] {processor.py:208} INFO - Processing /home/airflow/.local/lib/python3.11/site-packages/airflow/example_dags/example_latest_only_with_trigger.py took 0.393 seconds
[2024-11-21T11:50:19.492+0000] {processor.py:186} INFO - Started process (PID=228) to work on /home/airflow/.local/lib/python3.11/site-packages/airflow/example_dags/example_latest_only_with_trigger.py
[2024-11-21T11:50:19.497+0000] {processor.py:914} INFO - Processing file /home/airflow/.local/lib/python3.11/site-packages/airflow/example_dags/example_latest_only_with_trigger.py for tasks to queue
[2024-11-21T11:50:19.503+0000] {logging_mixin.py:190} INFO - [2024-11-21T11:50:19.502+0000] {dagbag.py:588} INFO - Filling up the DagBag from /home/airflow/.local/lib/python3.11/site-packages/airflow/example_dags/example_latest_only_with_trigger.py
[2024-11-21T11:50:19.517+0000] {processor.py:925} INFO - DAG(s) 'latest_only_with_trigger' retrieved from /home/airflow/.local/lib/python3.11/site-packages/airflow/example_dags/example_latest_only_with_trigger.py
[2024-11-21T11:50:19.565+0000] {logging_mixin.py:190} INFO - [2024-11-21T11:50:19.565+0000] {dag.py:3239} INFO - Sync 1 DAGs
[2024-11-21T11:50:19.592+0000] {logging_mixin.py:190} INFO - [2024-11-21T11:50:19.592+0000] {dag.py:4180} INFO - Setting next_dagrun for latest_only_with_trigger to 2024-11-21 04:00:00+00:00, run_after=2024-11-21 08:00:00+00:00
[2024-11-21T11:50:19.846+0000] {processor.py:208} INFO - Processing /home/airflow/.local/lib/python3.11/site-packages/airflow/example_dags/example_latest_only_with_trigger.py took 0.382 seconds
[2024-11-21T11:50:50.418+0000] {processor.py:186} INFO - Started process (PID=292) to work on /home/airflow/.local/lib/python3.11/site-packages/airflow/example_dags/example_latest_only_with_trigger.py
[2024-11-21T11:50:50.419+0000] {processor.py:914} INFO - Processing file /home/airflow/.local/lib/python3.11/site-packages/airflow/example_dags/example_latest_only_with_trigger.py for tasks to queue
[2024-11-21T11:50:50.422+0000] {logging_mixin.py:190} INFO - [2024-11-21T11:50:50.422+0000] {dagbag.py:588} INFO - Filling up the DagBag from /home/airflow/.local/lib/python3.11/site-packages/airflow/example_dags/example_latest_only_with_trigger.py
[2024-11-21T11:50:50.433+0000] {processor.py:925} INFO - DAG(s) 'latest_only_with_trigger' retrieved from /home/airflow/.local/lib/python3.11/site-packages/airflow/example_dags/example_latest_only_with_trigger.py
[2024-11-21T11:50:50.465+0000] {logging_mixin.py:190} INFO - [2024-11-21T11:50:50.465+0000] {dag.py:3239} INFO - Sync 1 DAGs
[2024-11-21T11:50:50.488+0000] {logging_mixin.py:190} INFO - [2024-11-21T11:50:50.488+0000] {dag.py:4180} INFO - Setting next_dagrun for latest_only_with_trigger to 2024-11-21 04:00:00+00:00, run_after=2024-11-21 08:00:00+00:00
[2024-11-21T11:50:50.503+0000] {processor.py:208} INFO - Processing /home/airflow/.local/lib/python3.11/site-packages/airflow/example_dags/example_latest_only_with_trigger.py took 0.094 seconds
[2024-11-21T11:51:20.919+0000] {processor.py:186} INFO - Started process (PID=355) to work on /home/airflow/.local/lib/python3.11/site-packages/airflow/example_dags/example_latest_only_with_trigger.py
[2024-11-21T11:51:20.920+0000] {processor.py:914} INFO - Processing file /home/airflow/.local/lib/python3.11/site-packages/airflow/example_dags/example_latest_only_with_trigger.py for tasks to queue
[2024-11-21T11:51:20.921+0000] {logging_mixin.py:190} INFO - [2024-11-21T11:51:20.921+0000] {dagbag.py:588} INFO - Filling up the DagBag from /home/airflow/.local/lib/python3.11/site-packages/airflow/example_dags/example_latest_only_with_trigger.py
[2024-11-21T11:51:20.927+0000] {processor.py:925} INFO - DAG(s) 'latest_only_with_trigger' retrieved from /home/airflow/.local/lib/python3.11/site-packages/airflow/example_dags/example_latest_only_with_trigger.py
[2024-11-21T11:51:20.942+0000] {logging_mixin.py:190} INFO - [2024-11-21T11:51:20.941+0000] {dag.py:3239} INFO - Sync 1 DAGs
[2024-11-21T11:51:20.956+0000] {logging_mixin.py:190} INFO - [2024-11-21T11:51:20.956+0000] {dag.py:4180} INFO - Setting next_dagrun for latest_only_with_trigger to 2024-11-21 04:00:00+00:00, run_after=2024-11-21 08:00:00+00:00
[2024-11-21T11:51:20.968+0000] {processor.py:208} INFO - Processing /home/airflow/.local/lib/python3.11/site-packages/airflow/example_dags/example_latest_only_with_trigger.py took 0.322 seconds
[2024-11-21T11:51:51.740+0000] {processor.py:186} INFO - Started process (PID=420) to work on /home/airflow/.local/lib/python3.11/site-packages/airflow/example_dags/example_latest_only_with_trigger.py
[2024-11-21T11:51:51.743+0000] {processor.py:914} INFO - Processing file /home/airflow/.local/lib/python3.11/site-packages/airflow/example_dags/example_latest_only_with_trigger.py for tasks to queue
[2024-11-21T11:51:51.748+0000] {logging_mixin.py:190} INFO - [2024-11-21T11:51:51.747+0000] {dagbag.py:588} INFO - Filling up the DagBag from /home/airflow/.local/lib/python3.11/site-packages/airflow/example_dags/example_latest_only_with_trigger.py
[2024-11-21T11:51:51.759+0000] {processor.py:925} INFO - DAG(s) 'latest_only_with_trigger' retrieved from /home/airflow/.local/lib/python3.11/site-packages/airflow/example_dags/example_latest_only_with_trigger.py
[2024-11-21T11:51:51.795+0000] {logging_mixin.py:190} INFO - [2024-11-21T11:51:51.795+0000] {dag.py:3239} INFO - Sync 1 DAGs
[2024-11-21T11:51:51.844+0000] {logging_mixin.py:190} INFO - [2024-11-21T11:51:51.844+0000] {dag.py:4180} INFO - Setting next_dagrun for latest_only_with_trigger to 2024-11-21 04:00:00+00:00, run_after=2024-11-21 08:00:00+00:00
[2024-11-21T11:51:51.874+0000] {processor.py:208} INFO - Processing /home/airflow/.local/lib/python3.11/site-packages/airflow/example_dags/example_latest_only_with_trigger.py took 0.144 seconds
[2024-11-21T11:52:22.756+0000] {processor.py:186} INFO - Started process (PID=484) to work on /home/airflow/.local/lib/python3.11/site-packages/airflow/example_dags/example_latest_only_with_trigger.py
[2024-11-21T11:52:22.758+0000] {processor.py:914} INFO - Processing file /home/airflow/.local/lib/python3.11/site-packages/airflow/example_dags/example_latest_only_with_trigger.py for tasks to queue
[2024-11-21T11:52:22.762+0000] {logging_mixin.py:190} INFO - [2024-11-21T11:52:22.762+0000] {dagbag.py:588} INFO - Filling up the DagBag from /home/airflow/.local/lib/python3.11/site-packages/airflow/example_dags/example_latest_only_with_trigger.py
[2024-11-21T11:52:22.770+0000] {processor.py:925} INFO - DAG(s) 'latest_only_with_trigger' retrieved from /home/airflow/.local/lib/python3.11/site-packages/airflow/example_dags/example_latest_only_with_trigger.py
[2024-11-21T11:52:22.783+0000] {logging_mixin.py:190} INFO - [2024-11-21T11:52:22.783+0000] {dag.py:3239} INFO - Sync 1 DAGs
[2024-11-21T11:52:22.798+0000] {logging_mixin.py:190} INFO - [2024-11-21T11:52:22.798+0000] {dag.py:4180} INFO - Setting next_dagrun for latest_only_with_trigger to 2024-11-21 04:00:00+00:00, run_after=2024-11-21 08:00:00+00:00
[2024-11-21T11:52:22.810+0000] {processor.py:208} INFO - Processing /home/airflow/.local/lib/python3.11/site-packages/airflow/example_dags/example_latest_only_with_trigger.py took 0.063 seconds
[2024-11-21T11:52:53.555+0000] {processor.py:186} INFO - Started process (PID=548) to work on /home/airflow/.local/lib/python3.11/site-packages/airflow/example_dags/example_latest_only_with_trigger.py
[2024-11-21T11:52:53.557+0000] {processor.py:914} INFO - Processing file /home/airflow/.local/lib/python3.11/site-packages/airflow/example_dags/example_latest_only_with_trigger.py for tasks to queue
[2024-11-21T11:52:53.576+0000] {logging_mixin.py:190} INFO - [2024-11-21T11:52:53.576+0000] {dagbag.py:588} INFO - Filling up the DagBag from /home/airflow/.local/lib/python3.11/site-packages/airflow/example_dags/example_latest_only_with_trigger.py
[2024-11-21T11:52:53.592+0000] {processor.py:925} INFO - DAG(s) 'latest_only_with_trigger' retrieved from /home/airflow/.local/lib/python3.11/site-packages/airflow/example_dags/example_latest_only_with_trigger.py
[2024-11-21T11:52:53.620+0000] {logging_mixin.py:190} INFO - [2024-11-21T11:52:53.620+0000] {dag.py:3239} INFO - Sync 1 DAGs
[2024-11-21T11:52:53.661+0000] {logging_mixin.py:190} INFO - [2024-11-21T11:52:53.660+0000] {dag.py:4180} INFO - Setting next_dagrun for latest_only_with_trigger to 2024-11-21 04:00:00+00:00, run_after=2024-11-21 08:00:00+00:00
[2024-11-21T11:52:53.676+0000] {processor.py:208} INFO - Processing /home/airflow/.local/lib/python3.11/site-packages/airflow/example_dags/example_latest_only_with_trigger.py took 0.129 seconds
[2024-11-21T11:53:24.253+0000] {processor.py:186} INFO - Started process (PID=612) to work on /home/airflow/.local/lib/python3.11/site-packages/airflow/example_dags/example_latest_only_with_trigger.py
[2024-11-21T11:53:24.254+0000] {processor.py:914} INFO - Processing file /home/airflow/.local/lib/python3.11/site-packages/airflow/example_dags/example_latest_only_with_trigger.py for tasks to queue
[2024-11-21T11:53:24.256+0000] {logging_mixin.py:190} INFO - [2024-11-21T11:53:24.256+0000] {dagbag.py:588} INFO - Filling up the DagBag from /home/airflow/.local/lib/python3.11/site-packages/airflow/example_dags/example_latest_only_with_trigger.py
[2024-11-21T11:53:24.262+0000] {processor.py:925} INFO - DAG(s) 'latest_only_with_trigger' retrieved from /home/airflow/.local/lib/python3.11/site-packages/airflow/example_dags/example_latest_only_with_trigger.py
[2024-11-21T11:53:24.278+0000] {logging_mixin.py:190} INFO - [2024-11-21T11:53:24.277+0000] {dag.py:3239} INFO - Sync 1 DAGs
[2024-11-21T11:53:24.293+0000] {logging_mixin.py:190} INFO - [2024-11-21T11:53:24.293+0000] {dag.py:4180} INFO - Setting next_dagrun for latest_only_with_trigger to 2024-11-21 04:00:00+00:00, run_after=2024-11-21 08:00:00+00:00
[2024-11-21T11:53:24.302+0000] {processor.py:208} INFO - Processing /home/airflow/.local/lib/python3.11/site-packages/airflow/example_dags/example_latest_only_with_trigger.py took 0.055 seconds
[2024-11-21T11:53:55.200+0000] {processor.py:186} INFO - Started process (PID=677) to work on /home/airflow/.local/lib/python3.11/site-packages/airflow/example_dags/example_latest_only_with_trigger.py
[2024-11-21T11:53:55.203+0000] {processor.py:914} INFO - Processing file /home/airflow/.local/lib/python3.11/site-packages/airflow/example_dags/example_latest_only_with_trigger.py for tasks to queue
[2024-11-21T11:53:55.209+0000] {logging_mixin.py:190} INFO - [2024-11-21T11:53:55.208+0000] {dagbag.py:588} INFO - Filling up the DagBag from /home/airflow/.local/lib/python3.11/site-packages/airflow/example_dags/example_latest_only_with_trigger.py
[2024-11-21T11:53:55.219+0000] {processor.py:925} INFO - DAG(s) 'latest_only_with_trigger' retrieved from /home/airflow/.local/lib/python3.11/site-packages/airflow/example_dags/example_latest_only_with_trigger.py
[2024-11-21T11:53:55.238+0000] {logging_mixin.py:190} INFO - [2024-11-21T11:53:55.238+0000] {dag.py:3239} INFO - Sync 1 DAGs
[2024-11-21T11:53:55.254+0000] {logging_mixin.py:190} INFO - [2024-11-21T11:53:55.254+0000] {dag.py:4180} INFO - Setting next_dagrun for latest_only_with_trigger to 2024-11-21 04:00:00+00:00, run_after=2024-11-21 08:00:00+00:00
[2024-11-21T11:53:55.265+0000] {processor.py:208} INFO - Processing /home/airflow/.local/lib/python3.11/site-packages/airflow/example_dags/example_latest_only_with_trigger.py took 0.093 seconds
[2024-11-21T11:54:44.186+0000] {processor.py:186} INFO - Started process (PID=760) to work on /home/airflow/.local/lib/python3.11/site-packages/airflow/example_dags/example_latest_only_with_trigger.py
[2024-11-21T11:54:44.190+0000] {processor.py:914} INFO - Processing file /home/airflow/.local/lib/python3.11/site-packages/airflow/example_dags/example_latest_only_with_trigger.py for tasks to queue
[2024-11-21T11:54:44.215+0000] {logging_mixin.py:190} INFO - [2024-11-21T11:54:44.210+0000] {dagbag.py:588} INFO - Filling up the DagBag from /home/airflow/.local/lib/python3.11/site-packages/airflow/example_dags/example_latest_only_with_trigger.py
[2024-11-21T11:54:44.250+0000] {processor.py:925} INFO - DAG(s) 'latest_only_with_trigger' retrieved from /home/airflow/.local/lib/python3.11/site-packages/airflow/example_dags/example_latest_only_with_trigger.py
[2024-11-21T11:54:44.477+0000] {logging_mixin.py:190} INFO - [2024-11-21T11:54:44.473+0000] {dag.py:3239} INFO - Sync 1 DAGs
[2024-11-21T11:54:44.667+0000] {logging_mixin.py:190} INFO - [2024-11-21T11:54:44.665+0000] {dag.py:4180} INFO - Setting next_dagrun for latest_only_with_trigger to 2024-11-21 04:00:00+00:00, run_after=2024-11-21 08:00:00+00:00
[2024-11-21T11:54:44.802+0000] {processor.py:208} INFO - Processing /home/airflow/.local/lib/python3.11/site-packages/airflow/example_dags/example_latest_only_with_trigger.py took 0.663 seconds
[2024-11-21T11:55:36.270+0000] {processor.py:186} INFO - Started process (PID=829) to work on /home/airflow/.local/lib/python3.11/site-packages/airflow/example_dags/example_latest_only_with_trigger.py
[2024-11-21T11:55:36.274+0000] {processor.py:914} INFO - Processing file /home/airflow/.local/lib/python3.11/site-packages/airflow/example_dags/example_latest_only_with_trigger.py for tasks to queue
[2024-11-21T11:55:36.284+0000] {logging_mixin.py:190} INFO - [2024-11-21T11:55:36.282+0000] {dagbag.py:588} INFO - Filling up the DagBag from /home/airflow/.local/lib/python3.11/site-packages/airflow/example_dags/example_latest_only_with_trigger.py
[2024-11-21T11:55:36.328+0000] {processor.py:925} INFO - DAG(s) 'latest_only_with_trigger' retrieved from /home/airflow/.local/lib/python3.11/site-packages/airflow/example_dags/example_latest_only_with_trigger.py
[2024-11-21T11:55:36.361+0000] {logging_mixin.py:190} INFO - [2024-11-21T11:55:36.361+0000] {dag.py:3239} INFO - Sync 1 DAGs
[2024-11-21T11:55:36.432+0000] {logging_mixin.py:190} INFO - [2024-11-21T11:55:36.431+0000] {dag.py:4180} INFO - Setting next_dagrun for latest_only_with_trigger to 2024-11-21 04:00:00+00:00, run_after=2024-11-21 08:00:00+00:00
[2024-11-21T11:55:36.466+0000] {processor.py:208} INFO - Processing /home/airflow/.local/lib/python3.11/site-packages/airflow/example_dags/example_latest_only_with_trigger.py took 0.223 seconds
[2024-11-21T11:56:31.173+0000] {processor.py:186} INFO - Started process (PID=893) to work on /home/airflow/.local/lib/python3.11/site-packages/airflow/example_dags/example_latest_only_with_trigger.py
[2024-11-21T11:56:31.182+0000] {processor.py:914} INFO - Processing file /home/airflow/.local/lib/python3.11/site-packages/airflow/example_dags/example_latest_only_with_trigger.py for tasks to queue
[2024-11-21T11:56:31.202+0000] {logging_mixin.py:190} INFO - [2024-11-21T11:56:31.201+0000] {dagbag.py:588} INFO - Filling up the DagBag from /home/airflow/.local/lib/python3.11/site-packages/airflow/example_dags/example_latest_only_with_trigger.py
[2024-11-21T11:56:31.223+0000] {processor.py:925} INFO - DAG(s) 'latest_only_with_trigger' retrieved from /home/airflow/.local/lib/python3.11/site-packages/airflow/example_dags/example_latest_only_with_trigger.py
[2024-11-21T11:56:31.293+0000] {logging_mixin.py:190} INFO - [2024-11-21T11:56:31.293+0000] {dag.py:3239} INFO - Sync 1 DAGs
[2024-11-21T11:56:31.375+0000] {logging_mixin.py:190} INFO - [2024-11-21T11:56:31.374+0000] {dag.py:4180} INFO - Setting next_dagrun for latest_only_with_trigger to 2024-11-21 04:00:00+00:00, run_after=2024-11-21 08:00:00+00:00
[2024-11-21T11:56:31.410+0000] {processor.py:208} INFO - Processing /home/airflow/.local/lib/python3.11/site-packages/airflow/example_dags/example_latest_only_with_trigger.py took 0.254 seconds
[2024-11-21T11:57:02.118+0000] {processor.py:186} INFO - Started process (PID=957) to work on /home/airflow/.local/lib/python3.11/site-packages/airflow/example_dags/example_latest_only_with_trigger.py
[2024-11-21T11:57:02.119+0000] {processor.py:914} INFO - Processing file /home/airflow/.local/lib/python3.11/site-packages/airflow/example_dags/example_latest_only_with_trigger.py for tasks to queue
[2024-11-21T11:57:02.121+0000] {logging_mixin.py:190} INFO - [2024-11-21T11:57:02.121+0000] {dagbag.py:588} INFO - Filling up the DagBag from /home/airflow/.local/lib/python3.11/site-packages/airflow/example_dags/example_latest_only_with_trigger.py
[2024-11-21T11:57:02.127+0000] {processor.py:925} INFO - DAG(s) 'latest_only_with_trigger' retrieved from /home/airflow/.local/lib/python3.11/site-packages/airflow/example_dags/example_latest_only_with_trigger.py
[2024-11-21T11:57:02.138+0000] {logging_mixin.py:190} INFO - [2024-11-21T11:57:02.138+0000] {dag.py:3239} INFO - Sync 1 DAGs
[2024-11-21T11:57:02.148+0000] {logging_mixin.py:190} INFO - [2024-11-21T11:57:02.148+0000] {dag.py:4180} INFO - Setting next_dagrun for latest_only_with_trigger to 2024-11-21 04:00:00+00:00, run_after=2024-11-21 08:00:00+00:00
[2024-11-21T11:57:02.156+0000] {processor.py:208} INFO - Processing /home/airflow/.local/lib/python3.11/site-packages/airflow/example_dags/example_latest_only_with_trigger.py took 0.044 seconds
[2024-11-21T11:57:33.301+0000] {processor.py:186} INFO - Started process (PID=1022) to work on /home/airflow/.local/lib/python3.11/site-packages/airflow/example_dags/example_latest_only_with_trigger.py
[2024-11-21T11:57:33.302+0000] {processor.py:914} INFO - Processing file /home/airflow/.local/lib/python3.11/site-packages/airflow/example_dags/example_latest_only_with_trigger.py for tasks to queue
[2024-11-21T11:57:33.303+0000] {logging_mixin.py:190} INFO - [2024-11-21T11:57:33.303+0000] {dagbag.py:588} INFO - Filling up the DagBag from /home/airflow/.local/lib/python3.11/site-packages/airflow/example_dags/example_latest_only_with_trigger.py
[2024-11-21T11:57:33.308+0000] {processor.py:925} INFO - DAG(s) 'latest_only_with_trigger' retrieved from /home/airflow/.local/lib/python3.11/site-packages/airflow/example_dags/example_latest_only_with_trigger.py
[2024-11-21T11:57:33.320+0000] {logging_mixin.py:190} INFO - [2024-11-21T11:57:33.320+0000] {dag.py:3239} INFO - Sync 1 DAGs
[2024-11-21T11:57:33.332+0000] {logging_mixin.py:190} INFO - [2024-11-21T11:57:33.332+0000] {dag.py:4180} INFO - Setting next_dagrun for latest_only_with_trigger to 2024-11-21 04:00:00+00:00, run_after=2024-11-21 08:00:00+00:00
[2024-11-21T11:57:33.340+0000] {processor.py:208} INFO - Processing /home/airflow/.local/lib/python3.11/site-packages/airflow/example_dags/example_latest_only_with_trigger.py took 0.044 seconds
[2024-11-21T11:58:04.190+0000] {processor.py:186} INFO - Started process (PID=1086) to work on /home/airflow/.local/lib/python3.11/site-packages/airflow/example_dags/example_latest_only_with_trigger.py
[2024-11-21T11:58:04.191+0000] {processor.py:914} INFO - Processing file /home/airflow/.local/lib/python3.11/site-packages/airflow/example_dags/example_latest_only_with_trigger.py for tasks to queue
[2024-11-21T11:58:04.192+0000] {logging_mixin.py:190} INFO - [2024-11-21T11:58:04.192+0000] {dagbag.py:588} INFO - Filling up the DagBag from /home/airflow/.local/lib/python3.11/site-packages/airflow/example_dags/example_latest_only_with_trigger.py
[2024-11-21T11:58:04.198+0000] {processor.py:925} INFO - DAG(s) 'latest_only_with_trigger' retrieved from /home/airflow/.local/lib/python3.11/site-packages/airflow/example_dags/example_latest_only_with_trigger.py
[2024-11-21T11:58:04.212+0000] {logging_mixin.py:190} INFO - [2024-11-21T11:58:04.212+0000] {dag.py:3239} INFO - Sync 1 DAGs
[2024-11-21T11:58:04.226+0000] {logging_mixin.py:190} INFO - [2024-11-21T11:58:04.226+0000] {dag.py:4180} INFO - Setting next_dagrun for latest_only_with_trigger to 2024-11-21 04:00:00+00:00, run_after=2024-11-21 08:00:00+00:00
[2024-11-21T11:58:04.233+0000] {processor.py:208} INFO - Processing /home/airflow/.local/lib/python3.11/site-packages/airflow/example_dags/example_latest_only_with_trigger.py took 0.048 seconds
[2024-11-21T11:58:34.741+0000] {processor.py:186} INFO - Started process (PID=1150) to work on /home/airflow/.local/lib/python3.11/site-packages/airflow/example_dags/example_latest_only_with_trigger.py
[2024-11-21T11:58:34.743+0000] {processor.py:914} INFO - Processing file /home/airflow/.local/lib/python3.11/site-packages/airflow/example_dags/example_latest_only_with_trigger.py for tasks to queue
[2024-11-21T11:58:34.745+0000] {logging_mixin.py:190} INFO - [2024-11-21T11:58:34.745+0000] {dagbag.py:588} INFO - Filling up the DagBag from /home/airflow/.local/lib/python3.11/site-packages/airflow/example_dags/example_latest_only_with_trigger.py
[2024-11-21T11:58:34.750+0000] {processor.py:925} INFO - DAG(s) 'latest_only_with_trigger' retrieved from /home/airflow/.local/lib/python3.11/site-packages/airflow/example_dags/example_latest_only_with_trigger.py
[2024-11-21T11:58:34.766+0000] {logging_mixin.py:190} INFO - [2024-11-21T11:58:34.765+0000] {dag.py:3239} INFO - Sync 1 DAGs
[2024-11-21T11:58:34.787+0000] {logging_mixin.py:190} INFO - [2024-11-21T11:58:34.787+0000] {dag.py:4180} INFO - Setting next_dagrun for latest_only_with_trigger to 2024-11-21 04:00:00+00:00, run_after=2024-11-21 08:00:00+00:00
[2024-11-21T11:58:34.808+0000] {processor.py:208} INFO - Processing /home/airflow/.local/lib/python3.11/site-packages/airflow/example_dags/example_latest_only_with_trigger.py took 0.074 seconds
[2024-11-21T11:59:05.517+0000] {processor.py:186} INFO - Started process (PID=1214) to work on /home/airflow/.local/lib/python3.11/site-packages/airflow/example_dags/example_latest_only_with_trigger.py
[2024-11-21T11:59:05.518+0000] {processor.py:914} INFO - Processing file /home/airflow/.local/lib/python3.11/site-packages/airflow/example_dags/example_latest_only_with_trigger.py for tasks to queue
[2024-11-21T11:59:05.519+0000] {logging_mixin.py:190} INFO - [2024-11-21T11:59:05.519+0000] {dagbag.py:588} INFO - Filling up the DagBag from /home/airflow/.local/lib/python3.11/site-packages/airflow/example_dags/example_latest_only_with_trigger.py
[2024-11-21T11:59:05.524+0000] {processor.py:925} INFO - DAG(s) 'latest_only_with_trigger' retrieved from /home/airflow/.local/lib/python3.11/site-packages/airflow/example_dags/example_latest_only_with_trigger.py
[2024-11-21T11:59:05.535+0000] {logging_mixin.py:190} INFO - [2024-11-21T11:59:05.535+0000] {dag.py:3239} INFO - Sync 1 DAGs
[2024-11-21T11:59:05.548+0000] {logging_mixin.py:190} INFO - [2024-11-21T11:59:05.547+0000] {dag.py:4180} INFO - Setting next_dagrun for latest_only_with_trigger to 2024-11-21 04:00:00+00:00, run_after=2024-11-21 08:00:00+00:00
[2024-11-21T11:59:05.556+0000] {processor.py:208} INFO - Processing /home/airflow/.local/lib/python3.11/site-packages/airflow/example_dags/example_latest_only_with_trigger.py took 0.045 seconds
[2024-11-21T11:59:36.365+0000] {processor.py:186} INFO - Started process (PID=1278) to work on /home/airflow/.local/lib/python3.11/site-packages/airflow/example_dags/example_latest_only_with_trigger.py
[2024-11-21T11:59:36.366+0000] {processor.py:914} INFO - Processing file /home/airflow/.local/lib/python3.11/site-packages/airflow/example_dags/example_latest_only_with_trigger.py for tasks to queue
[2024-11-21T11:59:36.368+0000] {logging_mixin.py:190} INFO - [2024-11-21T11:59:36.367+0000] {dagbag.py:588} INFO - Filling up the DagBag from /home/airflow/.local/lib/python3.11/site-packages/airflow/example_dags/example_latest_only_with_trigger.py
[2024-11-21T11:59:36.372+0000] {processor.py:925} INFO - DAG(s) 'latest_only_with_trigger' retrieved from /home/airflow/.local/lib/python3.11/site-packages/airflow/example_dags/example_latest_only_with_trigger.py
[2024-11-21T11:59:36.382+0000] {logging_mixin.py:190} INFO - [2024-11-21T11:59:36.382+0000] {dag.py:3239} INFO - Sync 1 DAGs
[2024-11-21T11:59:36.392+0000] {logging_mixin.py:190} INFO - [2024-11-21T11:59:36.392+0000] {dag.py:4180} INFO - Setting next_dagrun for latest_only_with_trigger to 2024-11-21 04:00:00+00:00, run_after=2024-11-21 08:00:00+00:00
[2024-11-21T11:59:36.400+0000] {processor.py:208} INFO - Processing /home/airflow/.local/lib/python3.11/site-packages/airflow/example_dags/example_latest_only_with_trigger.py took 0.039 seconds
[2024-11-21T12:00:07.384+0000] {processor.py:186} INFO - Started process (PID=1343) to work on /home/airflow/.local/lib/python3.11/site-packages/airflow/example_dags/example_latest_only_with_trigger.py
[2024-11-21T12:00:07.387+0000] {processor.py:914} INFO - Processing file /home/airflow/.local/lib/python3.11/site-packages/airflow/example_dags/example_latest_only_with_trigger.py for tasks to queue
[2024-11-21T12:00:07.392+0000] {logging_mixin.py:190} INFO - [2024-11-21T12:00:07.392+0000] {dagbag.py:588} INFO - Filling up the DagBag from /home/airflow/.local/lib/python3.11/site-packages/airflow/example_dags/example_latest_only_with_trigger.py
[2024-11-21T12:00:07.399+0000] {processor.py:925} INFO - DAG(s) 'latest_only_with_trigger' retrieved from /home/airflow/.local/lib/python3.11/site-packages/airflow/example_dags/example_latest_only_with_trigger.py
[2024-11-21T12:00:07.415+0000] {logging_mixin.py:190} INFO - [2024-11-21T12:00:07.415+0000] {dag.py:3239} INFO - Sync 1 DAGs
[2024-11-21T12:00:07.427+0000] {logging_mixin.py:190} INFO - [2024-11-21T12:00:07.426+0000] {dag.py:4180} INFO - Setting next_dagrun for latest_only_with_trigger to 2024-11-21 08:00:00+00:00, run_after=2024-11-21 12:00:00+00:00
[2024-11-21T12:00:07.434+0000] {processor.py:208} INFO - Processing /home/airflow/.local/lib/python3.11/site-packages/airflow/example_dags/example_latest_only_with_trigger.py took 0.062 seconds
[2024-11-21T12:03:31.911+0000] {processor.py:186} INFO - Started process (PID=1435) to work on /home/airflow/.local/lib/python3.11/site-packages/airflow/example_dags/example_latest_only_with_trigger.py
[2024-11-21T12:03:31.914+0000] {processor.py:914} INFO - Processing file /home/airflow/.local/lib/python3.11/site-packages/airflow/example_dags/example_latest_only_with_trigger.py for tasks to queue
[2024-11-21T12:03:31.920+0000] {logging_mixin.py:190} INFO - [2024-11-21T12:03:31.918+0000] {dagbag.py:588} INFO - Filling up the DagBag from /home/airflow/.local/lib/python3.11/site-packages/airflow/example_dags/example_latest_only_with_trigger.py
[2024-11-21T12:03:31.943+0000] {processor.py:925} INFO - DAG(s) 'latest_only_with_trigger' retrieved from /home/airflow/.local/lib/python3.11/site-packages/airflow/example_dags/example_latest_only_with_trigger.py
[2024-11-21T12:03:31.994+0000] {logging_mixin.py:190} INFO - [2024-11-21T12:03:31.993+0000] {dag.py:3239} INFO - Sync 1 DAGs
[2024-11-21T12:03:32.074+0000] {logging_mixin.py:190} INFO - [2024-11-21T12:03:32.071+0000] {dag.py:4180} INFO - Setting next_dagrun for latest_only_with_trigger to 2024-11-21 08:00:00+00:00, run_after=2024-11-21 12:00:00+00:00
[2024-11-21T12:03:32.163+0000] {processor.py:208} INFO - Processing /home/airflow/.local/lib/python3.11/site-packages/airflow/example_dags/example_latest_only_with_trigger.py took 0.285 seconds
[2024-11-21T12:43:01.545+0000] {processor.py:186} INFO - Started process (PID=1537) to work on /home/airflow/.local/lib/python3.11/site-packages/airflow/example_dags/example_latest_only_with_trigger.py
[2024-11-21T12:43:01.547+0000] {processor.py:914} INFO - Processing file /home/airflow/.local/lib/python3.11/site-packages/airflow/example_dags/example_latest_only_with_trigger.py for tasks to queue
[2024-11-21T12:43:01.549+0000] {logging_mixin.py:190} INFO - [2024-11-21T12:43:01.549+0000] {dagbag.py:588} INFO - Filling up the DagBag from /home/airflow/.local/lib/python3.11/site-packages/airflow/example_dags/example_latest_only_with_trigger.py
[2024-11-21T12:43:01.599+0000] {processor.py:925} INFO - DAG(s) 'latest_only_with_trigger' retrieved from /home/airflow/.local/lib/python3.11/site-packages/airflow/example_dags/example_latest_only_with_trigger.py
[2024-11-21T12:43:01.704+0000] {logging_mixin.py:190} INFO - [2024-11-21T12:43:01.703+0000] {dag.py:3239} INFO - Sync 1 DAGs
[2024-11-21T12:43:01.811+0000] {logging_mixin.py:190} INFO - [2024-11-21T12:43:01.810+0000] {dag.py:4180} INFO - Setting next_dagrun for latest_only_with_trigger to 2024-11-21 08:00:00+00:00, run_after=2024-11-21 12:00:00+00:00
[2024-11-21T12:43:01.866+0000] {processor.py:208} INFO - Processing /home/airflow/.local/lib/python3.11/site-packages/airflow/example_dags/example_latest_only_with_trigger.py took 0.331 seconds
[2024-11-21T13:28:55.122+0000] {processor.py:186} INFO - Started process (PID=1692) to work on /home/airflow/.local/lib/python3.11/site-packages/airflow/example_dags/example_latest_only_with_trigger.py
[2024-11-21T13:28:55.134+0000] {processor.py:914} INFO - Processing file /home/airflow/.local/lib/python3.11/site-packages/airflow/example_dags/example_latest_only_with_trigger.py for tasks to queue
[2024-11-21T13:28:55.147+0000] {logging_mixin.py:190} INFO - [2024-11-21T13:28:55.144+0000] {dagbag.py:588} INFO - Filling up the DagBag from /home/airflow/.local/lib/python3.11/site-packages/airflow/example_dags/example_latest_only_with_trigger.py
[2024-11-21T13:28:55.434+0000] {processor.py:925} INFO - DAG(s) 'latest_only_with_trigger' retrieved from /home/airflow/.local/lib/python3.11/site-packages/airflow/example_dags/example_latest_only_with_trigger.py
[2024-11-21T13:28:55.777+0000] {logging_mixin.py:190} INFO - [2024-11-21T13:28:55.766+0000] {dag.py:3239} INFO - Sync 1 DAGs
[2024-11-21T13:28:56.065+0000] {logging_mixin.py:190} INFO - [2024-11-21T13:28:56.061+0000] {dag.py:4180} INFO - Setting next_dagrun for latest_only_with_trigger to 2024-11-21 08:00:00+00:00, run_after=2024-11-21 12:00:00+00:00
[2024-11-21T13:28:56.253+0000] {processor.py:208} INFO - Processing /home/airflow/.local/lib/python3.11/site-packages/airflow/example_dags/example_latest_only_with_trigger.py took 1.395 seconds
[2024-11-21T14:04:46.242+0000] {processor.py:186} INFO - Started process (PID=1768) to work on /home/airflow/.local/lib/python3.11/site-packages/airflow/example_dags/example_latest_only_with_trigger.py
[2024-11-21T14:04:46.300+0000] {processor.py:914} INFO - Processing file /home/airflow/.local/lib/python3.11/site-packages/airflow/example_dags/example_latest_only_with_trigger.py for tasks to queue
[2024-11-21T14:04:46.327+0000] {logging_mixin.py:190} INFO - [2024-11-21T14:04:46.320+0000] {dagbag.py:588} INFO - Filling up the DagBag from /home/airflow/.local/lib/python3.11/site-packages/airflow/example_dags/example_latest_only_with_trigger.py
[2024-11-21T14:04:46.599+0000] {processor.py:925} INFO - DAG(s) 'latest_only_with_trigger' retrieved from /home/airflow/.local/lib/python3.11/site-packages/airflow/example_dags/example_latest_only_with_trigger.py
[2024-11-21T14:04:47.254+0000] {logging_mixin.py:190} INFO - [2024-11-21T14:04:47.237+0000] {dag.py:3239} INFO - Sync 1 DAGs
[2024-11-21T14:04:48.622+0000] {logging_mixin.py:190} INFO - [2024-11-21T14:04:48.612+0000] {dag.py:4180} INFO - Setting next_dagrun for latest_only_with_trigger to 2024-11-21 08:00:00+00:00, run_after=2024-11-21 12:00:00+00:00
[2024-11-21T14:04:49.589+0000] {processor.py:208} INFO - Processing /home/airflow/.local/lib/python3.11/site-packages/airflow/example_dags/example_latest_only_with_trigger.py took 4.749 seconds
