[2024-11-21T11:49:24.699+0000] {processor.py:186} INFO - Started process (PID=112) to work on /home/airflow/.local/lib/python3.11/site-packages/airflow/example_dags/example_external_task_marker_dag.py
[2024-11-21T11:49:24.701+0000] {processor.py:914} INFO - Processing file /home/airflow/.local/lib/python3.11/site-packages/airflow/example_dags/example_external_task_marker_dag.py for tasks to queue
[2024-11-21T11:49:24.708+0000] {logging_mixin.py:190} INFO - [2024-11-21T11:49:24.708+0000] {dagbag.py:588} INFO - Filling up the DagBag from /home/airflow/.local/lib/python3.11/site-packages/airflow/example_dags/example_external_task_marker_dag.py
[2024-11-21T11:49:24.754+0000] {processor.py:925} INFO - DAG(s) 'example_external_task_marker_child', 'example_external_task_marker_parent' retrieved from /home/airflow/.local/lib/python3.11/site-packages/airflow/example_dags/example_external_task_marker_dag.py
[2024-11-21T11:49:24.831+0000] {logging_mixin.py:190} INFO - [2024-11-21T11:49:24.831+0000] {dag.py:3239} INFO - Sync 2 DAGs
[2024-11-21T11:49:24.868+0000] {logging_mixin.py:190} INFO - [2024-11-21T11:49:24.867+0000] {dag.py:4180} INFO - Setting next_dagrun for example_external_task_marker_child to None, run_after=None
[2024-11-21T11:49:24.878+0000] {logging_mixin.py:190} INFO - [2024-11-21T11:49:24.877+0000] {dag.py:4180} INFO - Setting next_dagrun for example_external_task_marker_parent to None, run_after=None
[2024-11-21T11:49:24.905+0000] {processor.py:208} INFO - Processing /home/airflow/.local/lib/python3.11/site-packages/airflow/example_dags/example_external_task_marker_dag.py took 0.216 seconds
[2024-11-21T11:50:00.604+0000] {processor.py:186} INFO - Started process (PID=176) to work on /home/airflow/.local/lib/python3.11/site-packages/airflow/example_dags/example_external_task_marker_dag.py
[2024-11-21T11:50:00.606+0000] {processor.py:914} INFO - Processing file /home/airflow/.local/lib/python3.11/site-packages/airflow/example_dags/example_external_task_marker_dag.py for tasks to queue
[2024-11-21T11:50:00.610+0000] {logging_mixin.py:190} INFO - [2024-11-21T11:50:00.609+0000] {dagbag.py:588} INFO - Filling up the DagBag from /home/airflow/.local/lib/python3.11/site-packages/airflow/example_dags/example_external_task_marker_dag.py
[2024-11-21T11:50:00.621+0000] {processor.py:925} INFO - DAG(s) 'example_external_task_marker_child', 'example_external_task_marker_parent' retrieved from /home/airflow/.local/lib/python3.11/site-packages/airflow/example_dags/example_external_task_marker_dag.py
[2024-11-21T11:50:00.649+0000] {logging_mixin.py:190} INFO - [2024-11-21T11:50:00.648+0000] {dag.py:3239} INFO - Sync 2 DAGs
[2024-11-21T11:50:01.395+0000] {logging_mixin.py:190} INFO - [2024-11-21T11:50:01.394+0000] {dag.py:4180} INFO - Setting next_dagrun for example_external_task_marker_child to None, run_after=None
[2024-11-21T11:50:01.405+0000] {logging_mixin.py:190} INFO - [2024-11-21T11:50:01.404+0000] {dag.py:4180} INFO - Setting next_dagrun for example_external_task_marker_parent to None, run_after=None
[2024-11-21T11:50:01.431+0000] {processor.py:208} INFO - Processing /home/airflow/.local/lib/python3.11/site-packages/airflow/example_dags/example_external_task_marker_dag.py took 0.839 seconds
[2024-11-21T11:50:33.024+0000] {processor.py:186} INFO - Started process (PID=247) to work on /home/airflow/.local/lib/python3.11/site-packages/airflow/example_dags/example_external_task_marker_dag.py
[2024-11-21T11:50:33.025+0000] {processor.py:914} INFO - Processing file /home/airflow/.local/lib/python3.11/site-packages/airflow/example_dags/example_external_task_marker_dag.py for tasks to queue
[2024-11-21T11:50:33.028+0000] {logging_mixin.py:190} INFO - [2024-11-21T11:50:33.027+0000] {dagbag.py:588} INFO - Filling up the DagBag from /home/airflow/.local/lib/python3.11/site-packages/airflow/example_dags/example_external_task_marker_dag.py
[2024-11-21T11:50:33.036+0000] {processor.py:925} INFO - DAG(s) 'example_external_task_marker_parent', 'example_external_task_marker_child' retrieved from /home/airflow/.local/lib/python3.11/site-packages/airflow/example_dags/example_external_task_marker_dag.py
[2024-11-21T11:50:33.054+0000] {logging_mixin.py:190} INFO - [2024-11-21T11:50:33.054+0000] {dag.py:3239} INFO - Sync 2 DAGs
[2024-11-21T11:50:33.195+0000] {logging_mixin.py:190} INFO - [2024-11-21T11:50:33.195+0000] {dag.py:4180} INFO - Setting next_dagrun for example_external_task_marker_child to None, run_after=None
[2024-11-21T11:50:33.200+0000] {logging_mixin.py:190} INFO - [2024-11-21T11:50:33.200+0000] {dag.py:4180} INFO - Setting next_dagrun for example_external_task_marker_parent to None, run_after=None
[2024-11-21T11:50:33.209+0000] {processor.py:208} INFO - Processing /home/airflow/.local/lib/python3.11/site-packages/airflow/example_dags/example_external_task_marker_dag.py took 0.192 seconds
[2024-11-21T11:51:04.808+0000] {processor.py:186} INFO - Started process (PID=319) to work on /home/airflow/.local/lib/python3.11/site-packages/airflow/example_dags/example_external_task_marker_dag.py
[2024-11-21T11:51:04.809+0000] {processor.py:914} INFO - Processing file /home/airflow/.local/lib/python3.11/site-packages/airflow/example_dags/example_external_task_marker_dag.py for tasks to queue
[2024-11-21T11:51:04.811+0000] {logging_mixin.py:190} INFO - [2024-11-21T11:51:04.811+0000] {dagbag.py:588} INFO - Filling up the DagBag from /home/airflow/.local/lib/python3.11/site-packages/airflow/example_dags/example_external_task_marker_dag.py
[2024-11-21T11:51:04.817+0000] {processor.py:925} INFO - DAG(s) 'example_external_task_marker_parent', 'example_external_task_marker_child' retrieved from /home/airflow/.local/lib/python3.11/site-packages/airflow/example_dags/example_external_task_marker_dag.py
[2024-11-21T11:51:04.831+0000] {logging_mixin.py:190} INFO - [2024-11-21T11:51:04.830+0000] {dag.py:3239} INFO - Sync 2 DAGs
[2024-11-21T11:51:04.963+0000] {logging_mixin.py:190} INFO - [2024-11-21T11:51:04.963+0000] {dag.py:4180} INFO - Setting next_dagrun for example_external_task_marker_child to None, run_after=None
[2024-11-21T11:51:04.965+0000] {logging_mixin.py:190} INFO - [2024-11-21T11:51:04.965+0000] {dag.py:4180} INFO - Setting next_dagrun for example_external_task_marker_parent to None, run_after=None
[2024-11-21T11:51:04.973+0000] {processor.py:208} INFO - Processing /home/airflow/.local/lib/python3.11/site-packages/airflow/example_dags/example_external_task_marker_dag.py took 0.170 seconds
[2024-11-21T11:51:35.087+0000] {processor.py:186} INFO - Started process (PID=383) to work on /home/airflow/.local/lib/python3.11/site-packages/airflow/example_dags/example_external_task_marker_dag.py
[2024-11-21T11:51:35.088+0000] {processor.py:914} INFO - Processing file /home/airflow/.local/lib/python3.11/site-packages/airflow/example_dags/example_external_task_marker_dag.py for tasks to queue
[2024-11-21T11:51:35.089+0000] {logging_mixin.py:190} INFO - [2024-11-21T11:51:35.089+0000] {dagbag.py:588} INFO - Filling up the DagBag from /home/airflow/.local/lib/python3.11/site-packages/airflow/example_dags/example_external_task_marker_dag.py
[2024-11-21T11:51:35.093+0000] {processor.py:925} INFO - DAG(s) 'example_external_task_marker_parent', 'example_external_task_marker_child' retrieved from /home/airflow/.local/lib/python3.11/site-packages/airflow/example_dags/example_external_task_marker_dag.py
[2024-11-21T11:51:35.104+0000] {logging_mixin.py:190} INFO - [2024-11-21T11:51:35.104+0000] {dag.py:3239} INFO - Sync 2 DAGs
[2024-11-21T11:51:35.110+0000] {logging_mixin.py:190} INFO - [2024-11-21T11:51:35.110+0000] {dag.py:4180} INFO - Setting next_dagrun for example_external_task_marker_child to None, run_after=None
[2024-11-21T11:51:35.111+0000] {logging_mixin.py:190} INFO - [2024-11-21T11:51:35.111+0000] {dag.py:4180} INFO - Setting next_dagrun for example_external_task_marker_parent to None, run_after=None
[2024-11-21T11:51:35.118+0000] {processor.py:208} INFO - Processing /home/airflow/.local/lib/python3.11/site-packages/airflow/example_dags/example_external_task_marker_dag.py took 0.033 seconds
[2024-11-21T11:52:05.274+0000] {processor.py:186} INFO - Started process (PID=447) to work on /home/airflow/.local/lib/python3.11/site-packages/airflow/example_dags/example_external_task_marker_dag.py
[2024-11-21T11:52:05.275+0000] {processor.py:914} INFO - Processing file /home/airflow/.local/lib/python3.11/site-packages/airflow/example_dags/example_external_task_marker_dag.py for tasks to queue
[2024-11-21T11:52:05.277+0000] {logging_mixin.py:190} INFO - [2024-11-21T11:52:05.277+0000] {dagbag.py:588} INFO - Filling up the DagBag from /home/airflow/.local/lib/python3.11/site-packages/airflow/example_dags/example_external_task_marker_dag.py
[2024-11-21T11:52:05.282+0000] {processor.py:925} INFO - DAG(s) 'example_external_task_marker_parent', 'example_external_task_marker_child' retrieved from /home/airflow/.local/lib/python3.11/site-packages/airflow/example_dags/example_external_task_marker_dag.py
[2024-11-21T11:52:05.297+0000] {logging_mixin.py:190} INFO - [2024-11-21T11:52:05.297+0000] {dag.py:3239} INFO - Sync 2 DAGs
[2024-11-21T11:52:05.307+0000] {logging_mixin.py:190} INFO - [2024-11-21T11:52:05.307+0000] {dag.py:4180} INFO - Setting next_dagrun for example_external_task_marker_child to None, run_after=None
[2024-11-21T11:52:05.313+0000] {logging_mixin.py:190} INFO - [2024-11-21T11:52:05.313+0000] {dag.py:4180} INFO - Setting next_dagrun for example_external_task_marker_parent to None, run_after=None
[2024-11-21T11:52:05.331+0000] {processor.py:208} INFO - Processing /home/airflow/.local/lib/python3.11/site-packages/airflow/example_dags/example_external_task_marker_dag.py took 0.061 seconds
[2024-11-21T11:52:36.109+0000] {processor.py:186} INFO - Started process (PID=511) to work on /home/airflow/.local/lib/python3.11/site-packages/airflow/example_dags/example_external_task_marker_dag.py
[2024-11-21T11:52:36.110+0000] {processor.py:914} INFO - Processing file /home/airflow/.local/lib/python3.11/site-packages/airflow/example_dags/example_external_task_marker_dag.py for tasks to queue
[2024-11-21T11:52:36.111+0000] {logging_mixin.py:190} INFO - [2024-11-21T11:52:36.111+0000] {dagbag.py:588} INFO - Filling up the DagBag from /home/airflow/.local/lib/python3.11/site-packages/airflow/example_dags/example_external_task_marker_dag.py
[2024-11-21T11:52:36.116+0000] {processor.py:925} INFO - DAG(s) 'example_external_task_marker_child', 'example_external_task_marker_parent' retrieved from /home/airflow/.local/lib/python3.11/site-packages/airflow/example_dags/example_external_task_marker_dag.py
[2024-11-21T11:52:36.127+0000] {logging_mixin.py:190} INFO - [2024-11-21T11:52:36.126+0000] {dag.py:3239} INFO - Sync 2 DAGs
[2024-11-21T11:52:36.133+0000] {logging_mixin.py:190} INFO - [2024-11-21T11:52:36.133+0000] {dag.py:4180} INFO - Setting next_dagrun for example_external_task_marker_child to None, run_after=None
[2024-11-21T11:52:36.134+0000] {logging_mixin.py:190} INFO - [2024-11-21T11:52:36.134+0000] {dag.py:4180} INFO - Setting next_dagrun for example_external_task_marker_parent to None, run_after=None
[2024-11-21T11:52:36.141+0000] {processor.py:208} INFO - Processing /home/airflow/.local/lib/python3.11/site-packages/airflow/example_dags/example_external_task_marker_dag.py took 0.035 seconds
[2024-11-21T11:53:06.866+0000] {processor.py:186} INFO - Started process (PID=575) to work on /home/airflow/.local/lib/python3.11/site-packages/airflow/example_dags/example_external_task_marker_dag.py
[2024-11-21T11:53:06.867+0000] {processor.py:914} INFO - Processing file /home/airflow/.local/lib/python3.11/site-packages/airflow/example_dags/example_external_task_marker_dag.py for tasks to queue
[2024-11-21T11:53:06.870+0000] {logging_mixin.py:190} INFO - [2024-11-21T11:53:06.869+0000] {dagbag.py:588} INFO - Filling up the DagBag from /home/airflow/.local/lib/python3.11/site-packages/airflow/example_dags/example_external_task_marker_dag.py
[2024-11-21T11:53:06.881+0000] {processor.py:925} INFO - DAG(s) 'example_external_task_marker_child', 'example_external_task_marker_parent' retrieved from /home/airflow/.local/lib/python3.11/site-packages/airflow/example_dags/example_external_task_marker_dag.py
[2024-11-21T11:53:06.926+0000] {logging_mixin.py:190} INFO - [2024-11-21T11:53:06.925+0000] {dag.py:3239} INFO - Sync 2 DAGs
[2024-11-21T11:53:06.945+0000] {logging_mixin.py:190} INFO - [2024-11-21T11:53:06.945+0000] {dag.py:4180} INFO - Setting next_dagrun for example_external_task_marker_child to None, run_after=None
[2024-11-21T11:53:06.948+0000] {logging_mixin.py:190} INFO - [2024-11-21T11:53:06.948+0000] {dag.py:4180} INFO - Setting next_dagrun for example_external_task_marker_parent to None, run_after=None
[2024-11-21T11:53:06.958+0000] {processor.py:208} INFO - Processing /home/airflow/.local/lib/python3.11/site-packages/airflow/example_dags/example_external_task_marker_dag.py took 0.095 seconds
[2024-11-21T11:53:37.737+0000] {processor.py:186} INFO - Started process (PID=639) to work on /home/airflow/.local/lib/python3.11/site-packages/airflow/example_dags/example_external_task_marker_dag.py
[2024-11-21T11:53:37.738+0000] {processor.py:914} INFO - Processing file /home/airflow/.local/lib/python3.11/site-packages/airflow/example_dags/example_external_task_marker_dag.py for tasks to queue
[2024-11-21T11:53:37.740+0000] {logging_mixin.py:190} INFO - [2024-11-21T11:53:37.740+0000] {dagbag.py:588} INFO - Filling up the DagBag from /home/airflow/.local/lib/python3.11/site-packages/airflow/example_dags/example_external_task_marker_dag.py
[2024-11-21T11:53:37.744+0000] {processor.py:925} INFO - DAG(s) 'example_external_task_marker_parent', 'example_external_task_marker_child' retrieved from /home/airflow/.local/lib/python3.11/site-packages/airflow/example_dags/example_external_task_marker_dag.py
[2024-11-21T11:53:37.757+0000] {logging_mixin.py:190} INFO - [2024-11-21T11:53:37.756+0000] {dag.py:3239} INFO - Sync 2 DAGs
[2024-11-21T11:53:37.764+0000] {logging_mixin.py:190} INFO - [2024-11-21T11:53:37.764+0000] {dag.py:4180} INFO - Setting next_dagrun for example_external_task_marker_child to None, run_after=None
[2024-11-21T11:53:37.765+0000] {logging_mixin.py:190} INFO - [2024-11-21T11:53:37.765+0000] {dag.py:4180} INFO - Setting next_dagrun for example_external_task_marker_parent to None, run_after=None
[2024-11-21T11:53:37.772+0000] {processor.py:208} INFO - Processing /home/airflow/.local/lib/python3.11/site-packages/airflow/example_dags/example_external_task_marker_dag.py took 0.038 seconds
[2024-11-21T11:54:29.242+0000] {processor.py:186} INFO - Started process (PID=744) to work on /home/airflow/.local/lib/python3.11/site-packages/airflow/example_dags/example_external_task_marker_dag.py
[2024-11-21T11:54:29.246+0000] {processor.py:914} INFO - Processing file /home/airflow/.local/lib/python3.11/site-packages/airflow/example_dags/example_external_task_marker_dag.py for tasks to queue
[2024-11-21T11:54:29.252+0000] {logging_mixin.py:190} INFO - [2024-11-21T11:54:29.251+0000] {dagbag.py:588} INFO - Filling up the DagBag from /home/airflow/.local/lib/python3.11/site-packages/airflow/example_dags/example_external_task_marker_dag.py
[2024-11-21T11:54:29.295+0000] {processor.py:925} INFO - DAG(s) 'example_external_task_marker_child', 'example_external_task_marker_parent' retrieved from /home/airflow/.local/lib/python3.11/site-packages/airflow/example_dags/example_external_task_marker_dag.py
[2024-11-21T11:54:29.376+0000] {logging_mixin.py:190} INFO - [2024-11-21T11:54:29.375+0000] {dag.py:3239} INFO - Sync 2 DAGs
[2024-11-21T11:54:29.431+0000] {logging_mixin.py:190} INFO - [2024-11-21T11:54:29.427+0000] {dag.py:4180} INFO - Setting next_dagrun for example_external_task_marker_child to None, run_after=None
[2024-11-21T11:54:29.467+0000] {logging_mixin.py:190} INFO - [2024-11-21T11:54:29.467+0000] {dag.py:4180} INFO - Setting next_dagrun for example_external_task_marker_parent to None, run_after=None
[2024-11-21T11:54:29.529+0000] {processor.py:208} INFO - Processing /home/airflow/.local/lib/python3.11/site-packages/airflow/example_dags/example_external_task_marker_dag.py took 0.336 seconds
[2024-11-21T11:55:36.725+0000] {processor.py:186} INFO - Started process (PID=833) to work on /home/airflow/.local/lib/python3.11/site-packages/airflow/example_dags/example_external_task_marker_dag.py
[2024-11-21T11:55:36.726+0000] {processor.py:914} INFO - Processing file /home/airflow/.local/lib/python3.11/site-packages/airflow/example_dags/example_external_task_marker_dag.py for tasks to queue
[2024-11-21T11:55:36.729+0000] {logging_mixin.py:190} INFO - [2024-11-21T11:55:36.728+0000] {dagbag.py:588} INFO - Filling up the DagBag from /home/airflow/.local/lib/python3.11/site-packages/airflow/example_dags/example_external_task_marker_dag.py
[2024-11-21T11:55:36.756+0000] {processor.py:925} INFO - DAG(s) 'example_external_task_marker_child', 'example_external_task_marker_parent' retrieved from /home/airflow/.local/lib/python3.11/site-packages/airflow/example_dags/example_external_task_marker_dag.py
[2024-11-21T11:55:36.818+0000] {logging_mixin.py:190} INFO - [2024-11-21T11:55:36.818+0000] {dag.py:3239} INFO - Sync 2 DAGs
[2024-11-21T11:55:36.837+0000] {logging_mixin.py:190} INFO - [2024-11-21T11:55:36.836+0000] {dag.py:4180} INFO - Setting next_dagrun for example_external_task_marker_child to None, run_after=None
[2024-11-21T11:55:36.840+0000] {logging_mixin.py:190} INFO - [2024-11-21T11:55:36.840+0000] {dag.py:4180} INFO - Setting next_dagrun for example_external_task_marker_parent to None, run_after=None
[2024-11-21T11:55:36.853+0000] {processor.py:208} INFO - Processing /home/airflow/.local/lib/python3.11/site-packages/airflow/example_dags/example_external_task_marker_dag.py took 0.137 seconds
[2024-11-21T11:56:33.381+0000] {processor.py:186} INFO - Started process (PID=905) to work on /home/airflow/.local/lib/python3.11/site-packages/airflow/example_dags/example_external_task_marker_dag.py
[2024-11-21T11:56:33.383+0000] {processor.py:914} INFO - Processing file /home/airflow/.local/lib/python3.11/site-packages/airflow/example_dags/example_external_task_marker_dag.py for tasks to queue
[2024-11-21T11:56:33.386+0000] {logging_mixin.py:190} INFO - [2024-11-21T11:56:33.386+0000] {dagbag.py:588} INFO - Filling up the DagBag from /home/airflow/.local/lib/python3.11/site-packages/airflow/example_dags/example_external_task_marker_dag.py
[2024-11-21T11:56:33.403+0000] {processor.py:925} INFO - DAG(s) 'example_external_task_marker_child', 'example_external_task_marker_parent' retrieved from /home/airflow/.local/lib/python3.11/site-packages/airflow/example_dags/example_external_task_marker_dag.py
[2024-11-21T11:56:33.450+0000] {logging_mixin.py:190} INFO - [2024-11-21T11:56:33.450+0000] {dag.py:3239} INFO - Sync 2 DAGs
[2024-11-21T11:56:33.464+0000] {logging_mixin.py:190} INFO - [2024-11-21T11:56:33.464+0000] {dag.py:4180} INFO - Setting next_dagrun for example_external_task_marker_child to None, run_after=None
[2024-11-21T11:56:33.468+0000] {logging_mixin.py:190} INFO - [2024-11-21T11:56:33.468+0000] {dag.py:4180} INFO - Setting next_dagrun for example_external_task_marker_parent to None, run_after=None
[2024-11-21T11:56:33.507+0000] {processor.py:208} INFO - Processing /home/airflow/.local/lib/python3.11/site-packages/airflow/example_dags/example_external_task_marker_dag.py took 0.132 seconds
[2024-11-21T11:57:03.523+0000] {processor.py:186} INFO - Started process (PID=969) to work on /home/airflow/.local/lib/python3.11/site-packages/airflow/example_dags/example_external_task_marker_dag.py
[2024-11-21T11:57:03.524+0000] {processor.py:914} INFO - Processing file /home/airflow/.local/lib/python3.11/site-packages/airflow/example_dags/example_external_task_marker_dag.py for tasks to queue
[2024-11-21T11:57:03.526+0000] {logging_mixin.py:190} INFO - [2024-11-21T11:57:03.526+0000] {dagbag.py:588} INFO - Filling up the DagBag from /home/airflow/.local/lib/python3.11/site-packages/airflow/example_dags/example_external_task_marker_dag.py
[2024-11-21T11:57:03.530+0000] {processor.py:925} INFO - DAG(s) 'example_external_task_marker_parent', 'example_external_task_marker_child' retrieved from /home/airflow/.local/lib/python3.11/site-packages/airflow/example_dags/example_external_task_marker_dag.py
[2024-11-21T11:57:03.541+0000] {logging_mixin.py:190} INFO - [2024-11-21T11:57:03.541+0000] {dag.py:3239} INFO - Sync 2 DAGs
[2024-11-21T11:57:03.549+0000] {logging_mixin.py:190} INFO - [2024-11-21T11:57:03.549+0000] {dag.py:4180} INFO - Setting next_dagrun for example_external_task_marker_child to None, run_after=None
[2024-11-21T11:57:03.551+0000] {logging_mixin.py:190} INFO - [2024-11-21T11:57:03.551+0000] {dag.py:4180} INFO - Setting next_dagrun for example_external_task_marker_parent to None, run_after=None
[2024-11-21T11:57:03.559+0000] {processor.py:208} INFO - Processing /home/airflow/.local/lib/python3.11/site-packages/airflow/example_dags/example_external_task_marker_dag.py took 0.039 seconds
[2024-11-21T11:57:33.671+0000] {processor.py:186} INFO - Started process (PID=1034) to work on /home/airflow/.local/lib/python3.11/site-packages/airflow/example_dags/example_external_task_marker_dag.py
[2024-11-21T11:57:33.671+0000] {processor.py:914} INFO - Processing file /home/airflow/.local/lib/python3.11/site-packages/airflow/example_dags/example_external_task_marker_dag.py for tasks to queue
[2024-11-21T11:57:33.673+0000] {logging_mixin.py:190} INFO - [2024-11-21T11:57:33.673+0000] {dagbag.py:588} INFO - Filling up the DagBag from /home/airflow/.local/lib/python3.11/site-packages/airflow/example_dags/example_external_task_marker_dag.py
[2024-11-21T11:57:33.677+0000] {processor.py:925} INFO - DAG(s) 'example_external_task_marker_child', 'example_external_task_marker_parent' retrieved from /home/airflow/.local/lib/python3.11/site-packages/airflow/example_dags/example_external_task_marker_dag.py
[2024-11-21T11:57:33.690+0000] {logging_mixin.py:190} INFO - [2024-11-21T11:57:33.690+0000] {dag.py:3239} INFO - Sync 2 DAGs
[2024-11-21T11:57:33.697+0000] {logging_mixin.py:190} INFO - [2024-11-21T11:57:33.697+0000] {dag.py:4180} INFO - Setting next_dagrun for example_external_task_marker_child to None, run_after=None
[2024-11-21T11:57:33.699+0000] {logging_mixin.py:190} INFO - [2024-11-21T11:57:33.699+0000] {dag.py:4180} INFO - Setting next_dagrun for example_external_task_marker_parent to None, run_after=None
[2024-11-21T11:57:33.707+0000] {processor.py:208} INFO - Processing /home/airflow/.local/lib/python3.11/site-packages/airflow/example_dags/example_external_task_marker_dag.py took 0.040 seconds
[2024-11-21T11:58:04.551+0000] {processor.py:186} INFO - Started process (PID=1098) to work on /home/airflow/.local/lib/python3.11/site-packages/airflow/example_dags/example_external_task_marker_dag.py
[2024-11-21T11:58:04.551+0000] {processor.py:914} INFO - Processing file /home/airflow/.local/lib/python3.11/site-packages/airflow/example_dags/example_external_task_marker_dag.py for tasks to queue
[2024-11-21T11:58:04.553+0000] {logging_mixin.py:190} INFO - [2024-11-21T11:58:04.553+0000] {dagbag.py:588} INFO - Filling up the DagBag from /home/airflow/.local/lib/python3.11/site-packages/airflow/example_dags/example_external_task_marker_dag.py
[2024-11-21T11:58:04.558+0000] {processor.py:925} INFO - DAG(s) 'example_external_task_marker_child', 'example_external_task_marker_parent' retrieved from /home/airflow/.local/lib/python3.11/site-packages/airflow/example_dags/example_external_task_marker_dag.py
[2024-11-21T11:58:04.570+0000] {logging_mixin.py:190} INFO - [2024-11-21T11:58:04.570+0000] {dag.py:3239} INFO - Sync 2 DAGs
[2024-11-21T11:58:04.577+0000] {logging_mixin.py:190} INFO - [2024-11-21T11:58:04.577+0000] {dag.py:4180} INFO - Setting next_dagrun for example_external_task_marker_child to None, run_after=None
[2024-11-21T11:58:04.579+0000] {logging_mixin.py:190} INFO - [2024-11-21T11:58:04.579+0000] {dag.py:4180} INFO - Setting next_dagrun for example_external_task_marker_parent to None, run_after=None
[2024-11-21T11:58:04.586+0000] {processor.py:208} INFO - Processing /home/airflow/.local/lib/python3.11/site-packages/airflow/example_dags/example_external_task_marker_dag.py took 0.039 seconds
[2024-11-21T11:58:35.113+0000] {processor.py:186} INFO - Started process (PID=1162) to work on /home/airflow/.local/lib/python3.11/site-packages/airflow/example_dags/example_external_task_marker_dag.py
[2024-11-21T11:58:35.114+0000] {processor.py:914} INFO - Processing file /home/airflow/.local/lib/python3.11/site-packages/airflow/example_dags/example_external_task_marker_dag.py for tasks to queue
[2024-11-21T11:58:35.116+0000] {logging_mixin.py:190} INFO - [2024-11-21T11:58:35.115+0000] {dagbag.py:588} INFO - Filling up the DagBag from /home/airflow/.local/lib/python3.11/site-packages/airflow/example_dags/example_external_task_marker_dag.py
[2024-11-21T11:58:35.121+0000] {processor.py:925} INFO - DAG(s) 'example_external_task_marker_child', 'example_external_task_marker_parent' retrieved from /home/airflow/.local/lib/python3.11/site-packages/airflow/example_dags/example_external_task_marker_dag.py
[2024-11-21T11:58:35.134+0000] {logging_mixin.py:190} INFO - [2024-11-21T11:58:35.134+0000] {dag.py:3239} INFO - Sync 2 DAGs
[2024-11-21T11:58:35.142+0000] {logging_mixin.py:190} INFO - [2024-11-21T11:58:35.142+0000] {dag.py:4180} INFO - Setting next_dagrun for example_external_task_marker_child to None, run_after=None
[2024-11-21T11:58:35.145+0000] {logging_mixin.py:190} INFO - [2024-11-21T11:58:35.144+0000] {dag.py:4180} INFO - Setting next_dagrun for example_external_task_marker_parent to None, run_after=None
[2024-11-21T11:58:35.152+0000] {processor.py:208} INFO - Processing /home/airflow/.local/lib/python3.11/site-packages/airflow/example_dags/example_external_task_marker_dag.py took 0.043 seconds
[2024-11-21T11:59:05.893+0000] {processor.py:186} INFO - Started process (PID=1226) to work on /home/airflow/.local/lib/python3.11/site-packages/airflow/example_dags/example_external_task_marker_dag.py
[2024-11-21T11:59:05.894+0000] {processor.py:914} INFO - Processing file /home/airflow/.local/lib/python3.11/site-packages/airflow/example_dags/example_external_task_marker_dag.py for tasks to queue
[2024-11-21T11:59:05.896+0000] {logging_mixin.py:190} INFO - [2024-11-21T11:59:05.896+0000] {dagbag.py:588} INFO - Filling up the DagBag from /home/airflow/.local/lib/python3.11/site-packages/airflow/example_dags/example_external_task_marker_dag.py
[2024-11-21T11:59:05.903+0000] {processor.py:925} INFO - DAG(s) 'example_external_task_marker_child', 'example_external_task_marker_parent' retrieved from /home/airflow/.local/lib/python3.11/site-packages/airflow/example_dags/example_external_task_marker_dag.py
[2024-11-21T11:59:05.916+0000] {logging_mixin.py:190} INFO - [2024-11-21T11:59:05.916+0000] {dag.py:3239} INFO - Sync 2 DAGs
[2024-11-21T11:59:05.924+0000] {logging_mixin.py:190} INFO - [2024-11-21T11:59:05.923+0000] {dag.py:4180} INFO - Setting next_dagrun for example_external_task_marker_child to None, run_after=None
[2024-11-21T11:59:05.925+0000] {logging_mixin.py:190} INFO - [2024-11-21T11:59:05.925+0000] {dag.py:4180} INFO - Setting next_dagrun for example_external_task_marker_parent to None, run_after=None
[2024-11-21T11:59:05.932+0000] {processor.py:208} INFO - Processing /home/airflow/.local/lib/python3.11/site-packages/airflow/example_dags/example_external_task_marker_dag.py took 0.044 seconds
[2024-11-21T11:59:36.728+0000] {processor.py:186} INFO - Started process (PID=1290) to work on /home/airflow/.local/lib/python3.11/site-packages/airflow/example_dags/example_external_task_marker_dag.py
[2024-11-21T11:59:36.729+0000] {processor.py:914} INFO - Processing file /home/airflow/.local/lib/python3.11/site-packages/airflow/example_dags/example_external_task_marker_dag.py for tasks to queue
[2024-11-21T11:59:36.731+0000] {logging_mixin.py:190} INFO - [2024-11-21T11:59:36.730+0000] {dagbag.py:588} INFO - Filling up the DagBag from /home/airflow/.local/lib/python3.11/site-packages/airflow/example_dags/example_external_task_marker_dag.py
[2024-11-21T11:59:36.735+0000] {processor.py:925} INFO - DAG(s) 'example_external_task_marker_child', 'example_external_task_marker_parent' retrieved from /home/airflow/.local/lib/python3.11/site-packages/airflow/example_dags/example_external_task_marker_dag.py
[2024-11-21T11:59:36.746+0000] {logging_mixin.py:190} INFO - [2024-11-21T11:59:36.746+0000] {dag.py:3239} INFO - Sync 2 DAGs
[2024-11-21T11:59:36.753+0000] {logging_mixin.py:190} INFO - [2024-11-21T11:59:36.753+0000] {dag.py:4180} INFO - Setting next_dagrun for example_external_task_marker_child to None, run_after=None
[2024-11-21T11:59:36.755+0000] {logging_mixin.py:190} INFO - [2024-11-21T11:59:36.755+0000] {dag.py:4180} INFO - Setting next_dagrun for example_external_task_marker_parent to None, run_after=None
[2024-11-21T11:59:36.762+0000] {processor.py:208} INFO - Processing /home/airflow/.local/lib/python3.11/site-packages/airflow/example_dags/example_external_task_marker_dag.py took 0.037 seconds
[2024-11-21T12:00:07.771+0000] {processor.py:186} INFO - Started process (PID=1355) to work on /home/airflow/.local/lib/python3.11/site-packages/airflow/example_dags/example_external_task_marker_dag.py
[2024-11-21T12:00:07.772+0000] {processor.py:914} INFO - Processing file /home/airflow/.local/lib/python3.11/site-packages/airflow/example_dags/example_external_task_marker_dag.py for tasks to queue
[2024-11-21T12:00:07.773+0000] {logging_mixin.py:190} INFO - [2024-11-21T12:00:07.773+0000] {dagbag.py:588} INFO - Filling up the DagBag from /home/airflow/.local/lib/python3.11/site-packages/airflow/example_dags/example_external_task_marker_dag.py
[2024-11-21T12:00:07.778+0000] {processor.py:925} INFO - DAG(s) 'example_external_task_marker_parent', 'example_external_task_marker_child' retrieved from /home/airflow/.local/lib/python3.11/site-packages/airflow/example_dags/example_external_task_marker_dag.py
[2024-11-21T12:00:07.789+0000] {logging_mixin.py:190} INFO - [2024-11-21T12:00:07.789+0000] {dag.py:3239} INFO - Sync 2 DAGs
[2024-11-21T12:00:07.796+0000] {logging_mixin.py:190} INFO - [2024-11-21T12:00:07.796+0000] {dag.py:4180} INFO - Setting next_dagrun for example_external_task_marker_child to None, run_after=None
[2024-11-21T12:00:07.798+0000] {logging_mixin.py:190} INFO - [2024-11-21T12:00:07.798+0000] {dag.py:4180} INFO - Setting next_dagrun for example_external_task_marker_parent to None, run_after=None
[2024-11-21T12:00:07.805+0000] {processor.py:208} INFO - Processing /home/airflow/.local/lib/python3.11/site-packages/airflow/example_dags/example_external_task_marker_dag.py took 0.037 seconds
[2024-11-21T12:04:00.563+0000] {processor.py:186} INFO - Started process (PID=1454) to work on /home/airflow/.local/lib/python3.11/site-packages/airflow/example_dags/example_external_task_marker_dag.py
[2024-11-21T12:04:00.566+0000] {processor.py:914} INFO - Processing file /home/airflow/.local/lib/python3.11/site-packages/airflow/example_dags/example_external_task_marker_dag.py for tasks to queue
[2024-11-21T12:04:00.572+0000] {logging_mixin.py:190} INFO - [2024-11-21T12:04:00.570+0000] {dagbag.py:588} INFO - Filling up the DagBag from /home/airflow/.local/lib/python3.11/site-packages/airflow/example_dags/example_external_task_marker_dag.py
[2024-11-21T12:04:00.612+0000] {processor.py:925} INFO - DAG(s) 'example_external_task_marker_parent', 'example_external_task_marker_child' retrieved from /home/airflow/.local/lib/python3.11/site-packages/airflow/example_dags/example_external_task_marker_dag.py
[2024-11-21T12:04:00.668+0000] {logging_mixin.py:190} INFO - [2024-11-21T12:04:00.668+0000] {dag.py:3239} INFO - Sync 2 DAGs
[2024-11-21T12:04:00.704+0000] {logging_mixin.py:190} INFO - [2024-11-21T12:04:00.704+0000] {dag.py:4180} INFO - Setting next_dagrun for example_external_task_marker_child to None, run_after=None
[2024-11-21T12:04:00.708+0000] {logging_mixin.py:190} INFO - [2024-11-21T12:04:00.708+0000] {dag.py:4180} INFO - Setting next_dagrun for example_external_task_marker_parent to None, run_after=None
[2024-11-21T12:04:00.738+0000] {processor.py:208} INFO - Processing /home/airflow/.local/lib/python3.11/site-packages/airflow/example_dags/example_external_task_marker_dag.py took 0.187 seconds
[2024-11-21T12:43:05.863+0000] {processor.py:186} INFO - Started process (PID=1549) to work on /home/airflow/.local/lib/python3.11/site-packages/airflow/example_dags/example_external_task_marker_dag.py
[2024-11-21T12:43:05.872+0000] {processor.py:914} INFO - Processing file /home/airflow/.local/lib/python3.11/site-packages/airflow/example_dags/example_external_task_marker_dag.py for tasks to queue
[2024-11-21T12:43:05.886+0000] {logging_mixin.py:190} INFO - [2024-11-21T12:43:05.883+0000] {dagbag.py:588} INFO - Filling up the DagBag from /home/airflow/.local/lib/python3.11/site-packages/airflow/example_dags/example_external_task_marker_dag.py
[2024-11-21T12:43:05.967+0000] {processor.py:925} INFO - DAG(s) 'example_external_task_marker_child', 'example_external_task_marker_parent' retrieved from /home/airflow/.local/lib/python3.11/site-packages/airflow/example_dags/example_external_task_marker_dag.py
[2024-11-21T12:43:06.189+0000] {logging_mixin.py:190} INFO - [2024-11-21T12:43:06.187+0000] {dag.py:3239} INFO - Sync 2 DAGs
[2024-11-21T12:43:06.299+0000] {logging_mixin.py:190} INFO - [2024-11-21T12:43:06.296+0000] {dag.py:4180} INFO - Setting next_dagrun for example_external_task_marker_child to None, run_after=None
[2024-11-21T12:43:06.322+0000] {logging_mixin.py:190} INFO - [2024-11-21T12:43:06.321+0000] {dag.py:4180} INFO - Setting next_dagrun for example_external_task_marker_parent to None, run_after=None
[2024-11-21T12:43:06.463+0000] {processor.py:208} INFO - Processing /home/airflow/.local/lib/python3.11/site-packages/airflow/example_dags/example_external_task_marker_dag.py took 0.643 seconds
[2024-11-21T13:29:00.273+0000] {processor.py:186} INFO - Started process (PID=1709) to work on /home/airflow/.local/lib/python3.11/site-packages/airflow/example_dags/example_external_task_marker_dag.py
[2024-11-21T13:29:00.277+0000] {processor.py:914} INFO - Processing file /home/airflow/.local/lib/python3.11/site-packages/airflow/example_dags/example_external_task_marker_dag.py for tasks to queue
[2024-11-21T13:29:00.293+0000] {logging_mixin.py:190} INFO - [2024-11-21T13:29:00.284+0000] {dagbag.py:588} INFO - Filling up the DagBag from /home/airflow/.local/lib/python3.11/site-packages/airflow/example_dags/example_external_task_marker_dag.py
[2024-11-21T13:29:00.413+0000] {processor.py:925} INFO - DAG(s) 'example_external_task_marker_child', 'example_external_task_marker_parent' retrieved from /home/airflow/.local/lib/python3.11/site-packages/airflow/example_dags/example_external_task_marker_dag.py
[2024-11-21T13:36:57.801+0000] {logging_mixin.py:190} INFO - [2024-11-21T13:36:57.754+0000] {dag.py:3239} INFO - Sync 2 DAGs
[2024-11-21T13:36:58.073+0000] {logging_mixin.py:190} INFO - [2024-11-21T13:36:58.071+0000] {dag.py:4180} INFO - Setting next_dagrun for example_external_task_marker_child to None, run_after=None
[2024-11-21T13:36:58.091+0000] {logging_mixin.py:190} INFO - [2024-11-21T13:36:58.091+0000] {dag.py:4180} INFO - Setting next_dagrun for example_external_task_marker_parent to None, run_after=None
[2024-11-21T13:36:58.370+0000] {processor.py:208} INFO - Processing /home/airflow/.local/lib/python3.11/site-packages/airflow/example_dags/example_external_task_marker_dag.py took 15.405 seconds
