[2024-11-21T11:49:12.256+0000] {processor.py:186} INFO - Started process (PID=94) to work on /home/airflow/.local/lib/python3.11/site-packages/airflow/example_dags/example_branch_day_of_week_operator.py
[2024-11-21T11:49:12.258+0000] {processor.py:914} INFO - Processing file /home/airflow/.local/lib/python3.11/site-packages/airflow/example_dags/example_branch_day_of_week_operator.py for tasks to queue
[2024-11-21T11:49:12.264+0000] {logging_mixin.py:190} INFO - [2024-11-21T11:49:12.264+0000] {dagbag.py:588} INFO - Filling up the DagBag from /home/airflow/.local/lib/python3.11/site-packages/airflow/example_dags/example_branch_day_of_week_operator.py
[2024-11-21T11:49:12.303+0000] {processor.py:925} INFO - DAG(s) 'example_weekday_branch_operator' retrieved from /home/airflow/.local/lib/python3.11/site-packages/airflow/example_dags/example_branch_day_of_week_operator.py
[2024-11-21T11:49:12.394+0000] {logging_mixin.py:190} INFO - [2024-11-21T11:49:12.393+0000] {dag.py:3239} INFO - Sync 1 DAGs
[2024-11-21T11:49:13.372+0000] {logging_mixin.py:190} INFO - [2024-11-21T11:49:13.367+0000] {dag.py:4180} INFO - Setting next_dagrun for example_weekday_branch_operator to 2024-11-20 00:00:00+00:00, run_after=2024-11-21 00:00:00+00:00
[2024-11-21T11:49:13.456+0000] {processor.py:208} INFO - Processing /home/airflow/.local/lib/python3.11/site-packages/airflow/example_dags/example_branch_day_of_week_operator.py took 1.222 seconds
[2024-11-21T11:49:44.005+0000] {processor.py:186} INFO - Started process (PID=158) to work on /home/airflow/.local/lib/python3.11/site-packages/airflow/example_dags/example_branch_day_of_week_operator.py
[2024-11-21T11:49:44.007+0000] {processor.py:914} INFO - Processing file /home/airflow/.local/lib/python3.11/site-packages/airflow/example_dags/example_branch_day_of_week_operator.py for tasks to queue
[2024-11-21T11:49:44.013+0000] {logging_mixin.py:190} INFO - [2024-11-21T11:49:44.012+0000] {dagbag.py:588} INFO - Filling up the DagBag from /home/airflow/.local/lib/python3.11/site-packages/airflow/example_dags/example_branch_day_of_week_operator.py
[2024-11-21T11:49:44.028+0000] {processor.py:925} INFO - DAG(s) 'example_weekday_branch_operator' retrieved from /home/airflow/.local/lib/python3.11/site-packages/airflow/example_dags/example_branch_day_of_week_operator.py
[2024-11-21T11:49:44.069+0000] {logging_mixin.py:190} INFO - [2024-11-21T11:49:44.069+0000] {dag.py:3239} INFO - Sync 1 DAGs
[2024-11-21T11:49:44.420+0000] {logging_mixin.py:190} INFO - [2024-11-21T11:49:44.420+0000] {dag.py:4180} INFO - Setting next_dagrun for example_weekday_branch_operator to 2024-11-20 00:00:00+00:00, run_after=2024-11-21 00:00:00+00:00
[2024-11-21T11:49:44.430+0000] {processor.py:208} INFO - Processing /home/airflow/.local/lib/python3.11/site-packages/airflow/example_dags/example_branch_day_of_week_operator.py took 0.449 seconds
[2024-11-21T11:50:14.478+0000] {processor.py:186} INFO - Started process (PID=222) to work on /home/airflow/.local/lib/python3.11/site-packages/airflow/example_dags/example_branch_day_of_week_operator.py
[2024-11-21T11:50:14.480+0000] {processor.py:914} INFO - Processing file /home/airflow/.local/lib/python3.11/site-packages/airflow/example_dags/example_branch_day_of_week_operator.py for tasks to queue
[2024-11-21T11:50:14.484+0000] {logging_mixin.py:190} INFO - [2024-11-21T11:50:14.483+0000] {dagbag.py:588} INFO - Filling up the DagBag from /home/airflow/.local/lib/python3.11/site-packages/airflow/example_dags/example_branch_day_of_week_operator.py
[2024-11-21T11:50:14.495+0000] {processor.py:925} INFO - DAG(s) 'example_weekday_branch_operator' retrieved from /home/airflow/.local/lib/python3.11/site-packages/airflow/example_dags/example_branch_day_of_week_operator.py
[2024-11-21T11:50:14.515+0000] {logging_mixin.py:190} INFO - [2024-11-21T11:50:14.514+0000] {dag.py:3239} INFO - Sync 1 DAGs
[2024-11-21T11:50:14.540+0000] {logging_mixin.py:190} INFO - [2024-11-21T11:50:14.540+0000] {dag.py:4180} INFO - Setting next_dagrun for example_weekday_branch_operator to 2024-11-20 00:00:00+00:00, run_after=2024-11-21 00:00:00+00:00
[2024-11-21T11:50:14.807+0000] {processor.py:208} INFO - Processing /home/airflow/.local/lib/python3.11/site-packages/airflow/example_dags/example_branch_day_of_week_operator.py took 0.338 seconds
[2024-11-21T11:50:45.098+0000] {processor.py:186} INFO - Started process (PID=286) to work on /home/airflow/.local/lib/python3.11/site-packages/airflow/example_dags/example_branch_day_of_week_operator.py
[2024-11-21T11:50:45.102+0000] {processor.py:914} INFO - Processing file /home/airflow/.local/lib/python3.11/site-packages/airflow/example_dags/example_branch_day_of_week_operator.py for tasks to queue
[2024-11-21T11:50:45.108+0000] {logging_mixin.py:190} INFO - [2024-11-21T11:50:45.108+0000] {dagbag.py:588} INFO - Filling up the DagBag from /home/airflow/.local/lib/python3.11/site-packages/airflow/example_dags/example_branch_day_of_week_operator.py
[2024-11-21T11:50:45.119+0000] {processor.py:925} INFO - DAG(s) 'example_weekday_branch_operator' retrieved from /home/airflow/.local/lib/python3.11/site-packages/airflow/example_dags/example_branch_day_of_week_operator.py
[2024-11-21T11:50:45.135+0000] {logging_mixin.py:190} INFO - [2024-11-21T11:50:45.135+0000] {dag.py:3239} INFO - Sync 1 DAGs
[2024-11-21T11:50:45.147+0000] {logging_mixin.py:190} INFO - [2024-11-21T11:50:45.147+0000] {dag.py:4180} INFO - Setting next_dagrun for example_weekday_branch_operator to 2024-11-20 00:00:00+00:00, run_after=2024-11-21 00:00:00+00:00
[2024-11-21T11:50:45.157+0000] {processor.py:208} INFO - Processing /home/airflow/.local/lib/python3.11/site-packages/airflow/example_dags/example_branch_day_of_week_operator.py took 0.070 seconds
[2024-11-21T11:51:16.048+0000] {processor.py:186} INFO - Started process (PID=350) to work on /home/airflow/.local/lib/python3.11/site-packages/airflow/example_dags/example_branch_day_of_week_operator.py
[2024-11-21T11:51:16.051+0000] {processor.py:914} INFO - Processing file /home/airflow/.local/lib/python3.11/site-packages/airflow/example_dags/example_branch_day_of_week_operator.py for tasks to queue
[2024-11-21T11:51:16.328+0000] {logging_mixin.py:190} INFO - [2024-11-21T11:51:16.328+0000] {dagbag.py:588} INFO - Filling up the DagBag from /home/airflow/.local/lib/python3.11/site-packages/airflow/example_dags/example_branch_day_of_week_operator.py
[2024-11-21T11:51:16.334+0000] {processor.py:925} INFO - DAG(s) 'example_weekday_branch_operator' retrieved from /home/airflow/.local/lib/python3.11/site-packages/airflow/example_dags/example_branch_day_of_week_operator.py
[2024-11-21T11:51:16.358+0000] {logging_mixin.py:190} INFO - [2024-11-21T11:51:16.357+0000] {dag.py:3239} INFO - Sync 1 DAGs
[2024-11-21T11:51:16.371+0000] {logging_mixin.py:190} INFO - [2024-11-21T11:51:16.371+0000] {dag.py:4180} INFO - Setting next_dagrun for example_weekday_branch_operator to 2024-11-20 00:00:00+00:00, run_after=2024-11-21 00:00:00+00:00
[2024-11-21T11:51:16.380+0000] {processor.py:208} INFO - Processing /home/airflow/.local/lib/python3.11/site-packages/airflow/example_dags/example_branch_day_of_week_operator.py took 0.349 seconds
[2024-11-21T11:51:47.383+0000] {processor.py:186} INFO - Started process (PID=414) to work on /home/airflow/.local/lib/python3.11/site-packages/airflow/example_dags/example_branch_day_of_week_operator.py
[2024-11-21T11:51:47.387+0000] {processor.py:914} INFO - Processing file /home/airflow/.local/lib/python3.11/site-packages/airflow/example_dags/example_branch_day_of_week_operator.py for tasks to queue
[2024-11-21T11:51:47.393+0000] {logging_mixin.py:190} INFO - [2024-11-21T11:51:47.393+0000] {dagbag.py:588} INFO - Filling up the DagBag from /home/airflow/.local/lib/python3.11/site-packages/airflow/example_dags/example_branch_day_of_week_operator.py
[2024-11-21T11:51:47.408+0000] {processor.py:925} INFO - DAG(s) 'example_weekday_branch_operator' retrieved from /home/airflow/.local/lib/python3.11/site-packages/airflow/example_dags/example_branch_day_of_week_operator.py
[2024-11-21T11:51:47.428+0000] {logging_mixin.py:190} INFO - [2024-11-21T11:51:47.428+0000] {dag.py:3239} INFO - Sync 1 DAGs
[2024-11-21T11:51:47.441+0000] {logging_mixin.py:190} INFO - [2024-11-21T11:51:47.440+0000] {dag.py:4180} INFO - Setting next_dagrun for example_weekday_branch_operator to 2024-11-20 00:00:00+00:00, run_after=2024-11-21 00:00:00+00:00
[2024-11-21T11:51:47.450+0000] {processor.py:208} INFO - Processing /home/airflow/.local/lib/python3.11/site-packages/airflow/example_dags/example_branch_day_of_week_operator.py took 0.083 seconds
[2024-11-21T11:52:17.526+0000] {processor.py:186} INFO - Started process (PID=478) to work on /home/airflow/.local/lib/python3.11/site-packages/airflow/example_dags/example_branch_day_of_week_operator.py
[2024-11-21T11:52:17.527+0000] {processor.py:914} INFO - Processing file /home/airflow/.local/lib/python3.11/site-packages/airflow/example_dags/example_branch_day_of_week_operator.py for tasks to queue
[2024-11-21T11:52:17.530+0000] {logging_mixin.py:190} INFO - [2024-11-21T11:52:17.530+0000] {dagbag.py:588} INFO - Filling up the DagBag from /home/airflow/.local/lib/python3.11/site-packages/airflow/example_dags/example_branch_day_of_week_operator.py
[2024-11-21T11:52:17.541+0000] {processor.py:925} INFO - DAG(s) 'example_weekday_branch_operator' retrieved from /home/airflow/.local/lib/python3.11/site-packages/airflow/example_dags/example_branch_day_of_week_operator.py
[2024-11-21T11:52:17.565+0000] {logging_mixin.py:190} INFO - [2024-11-21T11:52:17.565+0000] {dag.py:3239} INFO - Sync 1 DAGs
[2024-11-21T11:52:17.588+0000] {logging_mixin.py:190} INFO - [2024-11-21T11:52:17.587+0000] {dag.py:4180} INFO - Setting next_dagrun for example_weekday_branch_operator to 2024-11-20 00:00:00+00:00, run_after=2024-11-21 00:00:00+00:00
[2024-11-21T11:52:17.609+0000] {processor.py:208} INFO - Processing /home/airflow/.local/lib/python3.11/site-packages/airflow/example_dags/example_branch_day_of_week_operator.py took 0.096 seconds
[2024-11-21T11:52:48.338+0000] {processor.py:186} INFO - Started process (PID=542) to work on /home/airflow/.local/lib/python3.11/site-packages/airflow/example_dags/example_branch_day_of_week_operator.py
[2024-11-21T11:52:48.344+0000] {processor.py:914} INFO - Processing file /home/airflow/.local/lib/python3.11/site-packages/airflow/example_dags/example_branch_day_of_week_operator.py for tasks to queue
[2024-11-21T11:52:48.359+0000] {logging_mixin.py:190} INFO - [2024-11-21T11:52:48.358+0000] {dagbag.py:588} INFO - Filling up the DagBag from /home/airflow/.local/lib/python3.11/site-packages/airflow/example_dags/example_branch_day_of_week_operator.py
[2024-11-21T11:52:48.384+0000] {processor.py:925} INFO - DAG(s) 'example_weekday_branch_operator' retrieved from /home/airflow/.local/lib/python3.11/site-packages/airflow/example_dags/example_branch_day_of_week_operator.py
[2024-11-21T11:52:48.414+0000] {logging_mixin.py:190} INFO - [2024-11-21T11:52:48.414+0000] {dag.py:3239} INFO - Sync 1 DAGs
[2024-11-21T11:52:48.442+0000] {logging_mixin.py:190} INFO - [2024-11-21T11:52:48.442+0000] {dag.py:4180} INFO - Setting next_dagrun for example_weekday_branch_operator to 2024-11-20 00:00:00+00:00, run_after=2024-11-21 00:00:00+00:00
[2024-11-21T11:52:48.456+0000] {processor.py:208} INFO - Processing /home/airflow/.local/lib/python3.11/site-packages/airflow/example_dags/example_branch_day_of_week_operator.py took 0.143 seconds
[2024-11-21T11:53:18.970+0000] {processor.py:186} INFO - Started process (PID=606) to work on /home/airflow/.local/lib/python3.11/site-packages/airflow/example_dags/example_branch_day_of_week_operator.py
[2024-11-21T11:53:18.974+0000] {processor.py:914} INFO - Processing file /home/airflow/.local/lib/python3.11/site-packages/airflow/example_dags/example_branch_day_of_week_operator.py for tasks to queue
[2024-11-21T11:53:18.979+0000] {logging_mixin.py:190} INFO - [2024-11-21T11:53:18.979+0000] {dagbag.py:588} INFO - Filling up the DagBag from /home/airflow/.local/lib/python3.11/site-packages/airflow/example_dags/example_branch_day_of_week_operator.py
[2024-11-21T11:53:18.994+0000] {processor.py:925} INFO - DAG(s) 'example_weekday_branch_operator' retrieved from /home/airflow/.local/lib/python3.11/site-packages/airflow/example_dags/example_branch_day_of_week_operator.py
[2024-11-21T11:53:19.020+0000] {logging_mixin.py:190} INFO - [2024-11-21T11:53:19.020+0000] {dag.py:3239} INFO - Sync 1 DAGs
[2024-11-21T11:53:19.038+0000] {logging_mixin.py:190} INFO - [2024-11-21T11:53:19.038+0000] {dag.py:4180} INFO - Setting next_dagrun for example_weekday_branch_operator to 2024-11-20 00:00:00+00:00, run_after=2024-11-21 00:00:00+00:00
[2024-11-21T11:53:19.048+0000] {processor.py:208} INFO - Processing /home/airflow/.local/lib/python3.11/site-packages/airflow/example_dags/example_branch_day_of_week_operator.py took 0.089 seconds
[2024-11-21T11:53:49.929+0000] {processor.py:186} INFO - Started process (PID=671) to work on /home/airflow/.local/lib/python3.11/site-packages/airflow/example_dags/example_branch_day_of_week_operator.py
[2024-11-21T11:53:49.931+0000] {processor.py:914} INFO - Processing file /home/airflow/.local/lib/python3.11/site-packages/airflow/example_dags/example_branch_day_of_week_operator.py for tasks to queue
[2024-11-21T11:53:49.937+0000] {logging_mixin.py:190} INFO - [2024-11-21T11:53:49.936+0000] {dagbag.py:588} INFO - Filling up the DagBag from /home/airflow/.local/lib/python3.11/site-packages/airflow/example_dags/example_branch_day_of_week_operator.py
[2024-11-21T11:53:49.955+0000] {processor.py:925} INFO - DAG(s) 'example_weekday_branch_operator' retrieved from /home/airflow/.local/lib/python3.11/site-packages/airflow/example_dags/example_branch_day_of_week_operator.py
[2024-11-21T11:53:49.974+0000] {logging_mixin.py:190} INFO - [2024-11-21T11:53:49.974+0000] {dag.py:3239} INFO - Sync 1 DAGs
[2024-11-21T11:53:49.990+0000] {logging_mixin.py:190} INFO - [2024-11-21T11:53:49.990+0000] {dag.py:4180} INFO - Setting next_dagrun for example_weekday_branch_operator to 2024-11-20 00:00:00+00:00, run_after=2024-11-21 00:00:00+00:00
[2024-11-21T11:53:49.999+0000] {processor.py:208} INFO - Processing /home/airflow/.local/lib/python3.11/site-packages/airflow/example_dags/example_branch_day_of_week_operator.py took 0.079 seconds
[2024-11-21T11:54:28.765+0000] {processor.py:186} INFO - Started process (PID=742) to work on /home/airflow/.local/lib/python3.11/site-packages/airflow/example_dags/example_branch_day_of_week_operator.py
[2024-11-21T11:54:28.776+0000] {processor.py:914} INFO - Processing file /home/airflow/.local/lib/python3.11/site-packages/airflow/example_dags/example_branch_day_of_week_operator.py for tasks to queue
[2024-11-21T11:54:28.794+0000] {logging_mixin.py:190} INFO - [2024-11-21T11:54:28.792+0000] {dagbag.py:588} INFO - Filling up the DagBag from /home/airflow/.local/lib/python3.11/site-packages/airflow/example_dags/example_branch_day_of_week_operator.py
[2024-11-21T11:54:28.831+0000] {processor.py:925} INFO - DAG(s) 'example_weekday_branch_operator' retrieved from /home/airflow/.local/lib/python3.11/site-packages/airflow/example_dags/example_branch_day_of_week_operator.py
[2024-11-21T11:54:28.916+0000] {logging_mixin.py:190} INFO - [2024-11-21T11:54:28.914+0000] {dag.py:3239} INFO - Sync 1 DAGs
[2024-11-21T11:54:29.010+0000] {logging_mixin.py:190} INFO - [2024-11-21T11:54:29.009+0000] {dag.py:4180} INFO - Setting next_dagrun for example_weekday_branch_operator to 2024-11-20 00:00:00+00:00, run_after=2024-11-21 00:00:00+00:00
[2024-11-21T11:54:29.086+0000] {processor.py:208} INFO - Processing /home/airflow/.local/lib/python3.11/site-packages/airflow/example_dags/example_branch_day_of_week_operator.py took 0.342 seconds
[2024-11-21T11:55:34.020+0000] {processor.py:186} INFO - Started process (PID=817) to work on /home/airflow/.local/lib/python3.11/site-packages/airflow/example_dags/example_branch_day_of_week_operator.py
[2024-11-21T11:55:34.022+0000] {processor.py:914} INFO - Processing file /home/airflow/.local/lib/python3.11/site-packages/airflow/example_dags/example_branch_day_of_week_operator.py for tasks to queue
[2024-11-21T11:55:34.031+0000] {logging_mixin.py:190} INFO - [2024-11-21T11:55:34.029+0000] {dagbag.py:588} INFO - Filling up the DagBag from /home/airflow/.local/lib/python3.11/site-packages/airflow/example_dags/example_branch_day_of_week_operator.py
[2024-11-21T11:55:34.086+0000] {processor.py:925} INFO - DAG(s) 'example_weekday_branch_operator' retrieved from /home/airflow/.local/lib/python3.11/site-packages/airflow/example_dags/example_branch_day_of_week_operator.py
[2024-11-21T11:55:34.159+0000] {logging_mixin.py:190} INFO - [2024-11-21T11:55:34.158+0000] {dag.py:3239} INFO - Sync 1 DAGs
[2024-11-21T11:55:34.332+0000] {logging_mixin.py:190} INFO - [2024-11-21T11:55:34.326+0000] {dag.py:4180} INFO - Setting next_dagrun for example_weekday_branch_operator to 2024-11-20 00:00:00+00:00, run_after=2024-11-21 00:00:00+00:00
[2024-11-21T11:55:34.441+0000] {processor.py:208} INFO - Processing /home/airflow/.local/lib/python3.11/site-packages/airflow/example_dags/example_branch_day_of_week_operator.py took 0.434 seconds
[2024-11-21T11:56:24.377+0000] {processor.py:186} INFO - Started process (PID=887) to work on /home/airflow/.local/lib/python3.11/site-packages/airflow/example_dags/example_branch_day_of_week_operator.py
[2024-11-21T11:56:24.382+0000] {processor.py:914} INFO - Processing file /home/airflow/.local/lib/python3.11/site-packages/airflow/example_dags/example_branch_day_of_week_operator.py for tasks to queue
[2024-11-21T11:56:24.398+0000] {logging_mixin.py:190} INFO - [2024-11-21T11:56:24.397+0000] {dagbag.py:588} INFO - Filling up the DagBag from /home/airflow/.local/lib/python3.11/site-packages/airflow/example_dags/example_branch_day_of_week_operator.py
[2024-11-21T11:56:24.483+0000] {processor.py:925} INFO - DAG(s) 'example_weekday_branch_operator' retrieved from /home/airflow/.local/lib/python3.11/site-packages/airflow/example_dags/example_branch_day_of_week_operator.py
[2024-11-21T11:56:24.870+0000] {logging_mixin.py:190} INFO - [2024-11-21T11:56:24.864+0000] {dag.py:3239} INFO - Sync 1 DAGs
[2024-11-21T11:56:27.569+0000] {logging_mixin.py:190} INFO - [2024-11-21T11:56:27.529+0000] {dag.py:4180} INFO - Setting next_dagrun for example_weekday_branch_operator to 2024-11-20 00:00:00+00:00, run_after=2024-11-21 00:00:00+00:00
[2024-11-21T11:56:27.795+0000] {processor.py:208} INFO - Processing /home/airflow/.local/lib/python3.11/site-packages/airflow/example_dags/example_branch_day_of_week_operator.py took 3.471 seconds
[2024-11-21T11:56:58.703+0000] {processor.py:186} INFO - Started process (PID=951) to work on /home/airflow/.local/lib/python3.11/site-packages/airflow/example_dags/example_branch_day_of_week_operator.py
[2024-11-21T11:56:58.714+0000] {processor.py:914} INFO - Processing file /home/airflow/.local/lib/python3.11/site-packages/airflow/example_dags/example_branch_day_of_week_operator.py for tasks to queue
[2024-11-21T11:56:58.721+0000] {logging_mixin.py:190} INFO - [2024-11-21T11:56:58.720+0000] {dagbag.py:588} INFO - Filling up the DagBag from /home/airflow/.local/lib/python3.11/site-packages/airflow/example_dags/example_branch_day_of_week_operator.py
[2024-11-21T11:56:58.735+0000] {processor.py:925} INFO - DAG(s) 'example_weekday_branch_operator' retrieved from /home/airflow/.local/lib/python3.11/site-packages/airflow/example_dags/example_branch_day_of_week_operator.py
[2024-11-21T11:56:58.756+0000] {logging_mixin.py:190} INFO - [2024-11-21T11:56:58.756+0000] {dag.py:3239} INFO - Sync 1 DAGs
[2024-11-21T11:56:58.773+0000] {logging_mixin.py:190} INFO - [2024-11-21T11:56:58.773+0000] {dag.py:4180} INFO - Setting next_dagrun for example_weekday_branch_operator to 2024-11-20 00:00:00+00:00, run_after=2024-11-21 00:00:00+00:00
[2024-11-21T11:56:58.783+0000] {processor.py:208} INFO - Processing /home/airflow/.local/lib/python3.11/site-packages/airflow/example_dags/example_branch_day_of_week_operator.py took 0.092 seconds
[2024-11-21T11:57:29.715+0000] {processor.py:186} INFO - Started process (PID=1016) to work on /home/airflow/.local/lib/python3.11/site-packages/airflow/example_dags/example_branch_day_of_week_operator.py
[2024-11-21T11:57:29.720+0000] {processor.py:914} INFO - Processing file /home/airflow/.local/lib/python3.11/site-packages/airflow/example_dags/example_branch_day_of_week_operator.py for tasks to queue
[2024-11-21T11:57:29.734+0000] {logging_mixin.py:190} INFO - [2024-11-21T11:57:29.732+0000] {dagbag.py:588} INFO - Filling up the DagBag from /home/airflow/.local/lib/python3.11/site-packages/airflow/example_dags/example_branch_day_of_week_operator.py
[2024-11-21T11:57:29.753+0000] {processor.py:925} INFO - DAG(s) 'example_weekday_branch_operator' retrieved from /home/airflow/.local/lib/python3.11/site-packages/airflow/example_dags/example_branch_day_of_week_operator.py
[2024-11-21T11:57:29.775+0000] {logging_mixin.py:190} INFO - [2024-11-21T11:57:29.774+0000] {dag.py:3239} INFO - Sync 1 DAGs
[2024-11-21T11:57:29.805+0000] {logging_mixin.py:190} INFO - [2024-11-21T11:57:29.805+0000] {dag.py:4180} INFO - Setting next_dagrun for example_weekday_branch_operator to 2024-11-20 00:00:00+00:00, run_after=2024-11-21 00:00:00+00:00
[2024-11-21T11:57:29.820+0000] {processor.py:208} INFO - Processing /home/airflow/.local/lib/python3.11/site-packages/airflow/example_dags/example_branch_day_of_week_operator.py took 0.120 seconds
[2024-11-21T11:57:59.857+0000] {processor.py:186} INFO - Started process (PID=1080) to work on /home/airflow/.local/lib/python3.11/site-packages/airflow/example_dags/example_branch_day_of_week_operator.py
[2024-11-21T11:57:59.859+0000] {processor.py:914} INFO - Processing file /home/airflow/.local/lib/python3.11/site-packages/airflow/example_dags/example_branch_day_of_week_operator.py for tasks to queue
[2024-11-21T11:57:59.861+0000] {logging_mixin.py:190} INFO - [2024-11-21T11:57:59.861+0000] {dagbag.py:588} INFO - Filling up the DagBag from /home/airflow/.local/lib/python3.11/site-packages/airflow/example_dags/example_branch_day_of_week_operator.py
[2024-11-21T11:57:59.869+0000] {processor.py:925} INFO - DAG(s) 'example_weekday_branch_operator' retrieved from /home/airflow/.local/lib/python3.11/site-packages/airflow/example_dags/example_branch_day_of_week_operator.py
[2024-11-21T11:57:59.884+0000] {logging_mixin.py:190} INFO - [2024-11-21T11:57:59.884+0000] {dag.py:3239} INFO - Sync 1 DAGs
[2024-11-21T11:57:59.898+0000] {logging_mixin.py:190} INFO - [2024-11-21T11:57:59.898+0000] {dag.py:4180} INFO - Setting next_dagrun for example_weekday_branch_operator to 2024-11-20 00:00:00+00:00, run_after=2024-11-21 00:00:00+00:00
[2024-11-21T11:57:59.908+0000] {processor.py:208} INFO - Processing /home/airflow/.local/lib/python3.11/site-packages/airflow/example_dags/example_branch_day_of_week_operator.py took 0.057 seconds
[2024-11-21T11:58:30.378+0000] {processor.py:186} INFO - Started process (PID=1144) to work on /home/airflow/.local/lib/python3.11/site-packages/airflow/example_dags/example_branch_day_of_week_operator.py
[2024-11-21T11:58:30.380+0000] {processor.py:914} INFO - Processing file /home/airflow/.local/lib/python3.11/site-packages/airflow/example_dags/example_branch_day_of_week_operator.py for tasks to queue
[2024-11-21T11:58:30.386+0000] {logging_mixin.py:190} INFO - [2024-11-21T11:58:30.385+0000] {dagbag.py:588} INFO - Filling up the DagBag from /home/airflow/.local/lib/python3.11/site-packages/airflow/example_dags/example_branch_day_of_week_operator.py
[2024-11-21T11:58:30.401+0000] {processor.py:925} INFO - DAG(s) 'example_weekday_branch_operator' retrieved from /home/airflow/.local/lib/python3.11/site-packages/airflow/example_dags/example_branch_day_of_week_operator.py
[2024-11-21T11:58:30.420+0000] {logging_mixin.py:190} INFO - [2024-11-21T11:58:30.419+0000] {dag.py:3239} INFO - Sync 1 DAGs
[2024-11-21T11:58:30.435+0000] {logging_mixin.py:190} INFO - [2024-11-21T11:58:30.435+0000] {dag.py:4180} INFO - Setting next_dagrun for example_weekday_branch_operator to 2024-11-20 00:00:00+00:00, run_after=2024-11-21 00:00:00+00:00
[2024-11-21T11:58:30.444+0000] {processor.py:208} INFO - Processing /home/airflow/.local/lib/python3.11/site-packages/airflow/example_dags/example_branch_day_of_week_operator.py took 0.083 seconds
[2024-11-21T11:59:01.040+0000] {processor.py:186} INFO - Started process (PID=1208) to work on /home/airflow/.local/lib/python3.11/site-packages/airflow/example_dags/example_branch_day_of_week_operator.py
[2024-11-21T11:59:01.047+0000] {processor.py:914} INFO - Processing file /home/airflow/.local/lib/python3.11/site-packages/airflow/example_dags/example_branch_day_of_week_operator.py for tasks to queue
[2024-11-21T11:59:01.064+0000] {logging_mixin.py:190} INFO - [2024-11-21T11:59:01.063+0000] {dagbag.py:588} INFO - Filling up the DagBag from /home/airflow/.local/lib/python3.11/site-packages/airflow/example_dags/example_branch_day_of_week_operator.py
[2024-11-21T11:59:01.081+0000] {processor.py:925} INFO - DAG(s) 'example_weekday_branch_operator' retrieved from /home/airflow/.local/lib/python3.11/site-packages/airflow/example_dags/example_branch_day_of_week_operator.py
[2024-11-21T11:59:01.102+0000] {logging_mixin.py:190} INFO - [2024-11-21T11:59:01.102+0000] {dag.py:3239} INFO - Sync 1 DAGs
[2024-11-21T11:59:01.136+0000] {logging_mixin.py:190} INFO - [2024-11-21T11:59:01.136+0000] {dag.py:4180} INFO - Setting next_dagrun for example_weekday_branch_operator to 2024-11-20 00:00:00+00:00, run_after=2024-11-21 00:00:00+00:00
[2024-11-21T11:59:01.150+0000] {processor.py:208} INFO - Processing /home/airflow/.local/lib/python3.11/site-packages/airflow/example_dags/example_branch_day_of_week_operator.py took 0.143 seconds
[2024-11-21T11:59:31.943+0000] {processor.py:186} INFO - Started process (PID=1272) to work on /home/airflow/.local/lib/python3.11/site-packages/airflow/example_dags/example_branch_day_of_week_operator.py
[2024-11-21T11:59:31.947+0000] {processor.py:914} INFO - Processing file /home/airflow/.local/lib/python3.11/site-packages/airflow/example_dags/example_branch_day_of_week_operator.py for tasks to queue
[2024-11-21T11:59:31.952+0000] {logging_mixin.py:190} INFO - [2024-11-21T11:59:31.952+0000] {dagbag.py:588} INFO - Filling up the DagBag from /home/airflow/.local/lib/python3.11/site-packages/airflow/example_dags/example_branch_day_of_week_operator.py
[2024-11-21T11:59:31.961+0000] {processor.py:925} INFO - DAG(s) 'example_weekday_branch_operator' retrieved from /home/airflow/.local/lib/python3.11/site-packages/airflow/example_dags/example_branch_day_of_week_operator.py
[2024-11-21T11:59:31.974+0000] {logging_mixin.py:190} INFO - [2024-11-21T11:59:31.974+0000] {dag.py:3239} INFO - Sync 1 DAGs
[2024-11-21T11:59:31.988+0000] {logging_mixin.py:190} INFO - [2024-11-21T11:59:31.988+0000] {dag.py:4180} INFO - Setting next_dagrun for example_weekday_branch_operator to 2024-11-20 00:00:00+00:00, run_after=2024-11-21 00:00:00+00:00
[2024-11-21T11:59:31.997+0000] {processor.py:208} INFO - Processing /home/airflow/.local/lib/python3.11/site-packages/airflow/example_dags/example_branch_day_of_week_operator.py took 0.069 seconds
[2024-11-21T12:00:02.638+0000] {processor.py:186} INFO - Started process (PID=1337) to work on /home/airflow/.local/lib/python3.11/site-packages/airflow/example_dags/example_branch_day_of_week_operator.py
[2024-11-21T12:00:02.642+0000] {processor.py:914} INFO - Processing file /home/airflow/.local/lib/python3.11/site-packages/airflow/example_dags/example_branch_day_of_week_operator.py for tasks to queue
[2024-11-21T12:00:02.649+0000] {logging_mixin.py:190} INFO - [2024-11-21T12:00:02.648+0000] {dagbag.py:588} INFO - Filling up the DagBag from /home/airflow/.local/lib/python3.11/site-packages/airflow/example_dags/example_branch_day_of_week_operator.py
[2024-11-21T12:00:02.687+0000] {processor.py:925} INFO - DAG(s) 'example_weekday_branch_operator' retrieved from /home/airflow/.local/lib/python3.11/site-packages/airflow/example_dags/example_branch_day_of_week_operator.py
[2024-11-21T12:00:02.732+0000] {logging_mixin.py:190} INFO - [2024-11-21T12:00:02.732+0000] {dag.py:3239} INFO - Sync 1 DAGs
[2024-11-21T12:00:02.754+0000] {logging_mixin.py:190} INFO - [2024-11-21T12:00:02.754+0000] {dag.py:4180} INFO - Setting next_dagrun for example_weekday_branch_operator to 2024-11-20 00:00:00+00:00, run_after=2024-11-21 00:00:00+00:00
[2024-11-21T12:00:02.765+0000] {processor.py:208} INFO - Processing /home/airflow/.local/lib/python3.11/site-packages/airflow/example_dags/example_branch_day_of_week_operator.py took 0.168 seconds
[2024-11-21T12:03:19.742+0000] {processor.py:186} INFO - Started process (PID=1429) to work on /home/airflow/.local/lib/python3.11/site-packages/airflow/example_dags/example_branch_day_of_week_operator.py
[2024-11-21T12:03:19.749+0000] {processor.py:914} INFO - Processing file /home/airflow/.local/lib/python3.11/site-packages/airflow/example_dags/example_branch_day_of_week_operator.py for tasks to queue
[2024-11-21T12:03:19.757+0000] {logging_mixin.py:190} INFO - [2024-11-21T12:03:19.756+0000] {dagbag.py:588} INFO - Filling up the DagBag from /home/airflow/.local/lib/python3.11/site-packages/airflow/example_dags/example_branch_day_of_week_operator.py
[2024-11-21T12:03:19.845+0000] {processor.py:925} INFO - DAG(s) 'example_weekday_branch_operator' retrieved from /home/airflow/.local/lib/python3.11/site-packages/airflow/example_dags/example_branch_day_of_week_operator.py
[2024-11-21T12:03:19.969+0000] {logging_mixin.py:190} INFO - [2024-11-21T12:03:19.964+0000] {dag.py:3239} INFO - Sync 1 DAGs
[2024-11-21T12:03:20.144+0000] {logging_mixin.py:190} INFO - [2024-11-21T12:03:20.114+0000] {dag.py:4180} INFO - Setting next_dagrun for example_weekday_branch_operator to 2024-11-20 00:00:00+00:00, run_after=2024-11-21 00:00:00+00:00
[2024-11-21T12:03:20.232+0000] {processor.py:208} INFO - Processing /home/airflow/.local/lib/python3.11/site-packages/airflow/example_dags/example_branch_day_of_week_operator.py took 0.535 seconds
[2024-11-21T12:26:17.750+0000] {processor.py:186} INFO - Started process (PID=1500) to work on /home/airflow/.local/lib/python3.11/site-packages/airflow/example_dags/example_branch_day_of_week_operator.py
[2024-11-21T12:26:17.756+0000] {processor.py:914} INFO - Processing file /home/airflow/.local/lib/python3.11/site-packages/airflow/example_dags/example_branch_day_of_week_operator.py for tasks to queue
[2024-11-21T12:26:17.765+0000] {logging_mixin.py:190} INFO - [2024-11-21T12:26:17.763+0000] {dagbag.py:588} INFO - Filling up the DagBag from /home/airflow/.local/lib/python3.11/site-packages/airflow/example_dags/example_branch_day_of_week_operator.py
[2024-11-21T12:26:17.830+0000] {processor.py:925} INFO - DAG(s) 'example_weekday_branch_operator' retrieved from /home/airflow/.local/lib/python3.11/site-packages/airflow/example_dags/example_branch_day_of_week_operator.py
[2024-11-21T12:26:18.112+0000] {logging_mixin.py:190} INFO - [2024-11-21T12:26:18.109+0000] {dag.py:3239} INFO - Sync 1 DAGs
[2024-11-21T12:26:18.247+0000] {logging_mixin.py:190} INFO - [2024-11-21T12:26:18.244+0000] {dag.py:4180} INFO - Setting next_dagrun for example_weekday_branch_operator to 2024-11-20 00:00:00+00:00, run_after=2024-11-21 00:00:00+00:00
[2024-11-21T12:26:18.327+0000] {processor.py:208} INFO - Processing /home/airflow/.local/lib/python3.11/site-packages/airflow/example_dags/example_branch_day_of_week_operator.py took 0.616 seconds
[2024-11-21T12:43:14.162+0000] {processor.py:186} INFO - Started process (PID=1584) to work on /home/airflow/.local/lib/python3.11/site-packages/airflow/example_dags/example_branch_day_of_week_operator.py
[2024-11-21T12:43:14.164+0000] {processor.py:914} INFO - Processing file /home/airflow/.local/lib/python3.11/site-packages/airflow/example_dags/example_branch_day_of_week_operator.py for tasks to queue
[2024-11-21T12:43:14.165+0000] {logging_mixin.py:190} INFO - [2024-11-21T12:43:14.164+0000] {dagbag.py:588} INFO - Filling up the DagBag from /home/airflow/.local/lib/python3.11/site-packages/airflow/example_dags/example_branch_day_of_week_operator.py
[2024-11-21T12:43:14.173+0000] {processor.py:925} INFO - DAG(s) 'example_weekday_branch_operator' retrieved from /home/airflow/.local/lib/python3.11/site-packages/airflow/example_dags/example_branch_day_of_week_operator.py
[2024-11-21T12:43:14.193+0000] {logging_mixin.py:190} INFO - [2024-11-21T12:43:14.193+0000] {dag.py:3239} INFO - Sync 1 DAGs
[2024-11-21T12:43:14.211+0000] {logging_mixin.py:190} INFO - [2024-11-21T12:43:14.211+0000] {dag.py:4180} INFO - Setting next_dagrun for example_weekday_branch_operator to 2024-11-20 00:00:00+00:00, run_after=2024-11-21 00:00:00+00:00
[2024-11-21T12:43:14.222+0000] {processor.py:208} INFO - Processing /home/airflow/.local/lib/python3.11/site-packages/airflow/example_dags/example_branch_day_of_week_operator.py took 0.066 seconds
[2024-11-21T13:15:18.216+0000] {processor.py:186} INFO - Started process (PID=1682) to work on /home/airflow/.local/lib/python3.11/site-packages/airflow/example_dags/example_branch_day_of_week_operator.py
[2024-11-21T13:15:18.228+0000] {processor.py:914} INFO - Processing file /home/airflow/.local/lib/python3.11/site-packages/airflow/example_dags/example_branch_day_of_week_operator.py for tasks to queue
[2024-11-21T13:15:18.240+0000] {logging_mixin.py:190} INFO - [2024-11-21T13:15:18.238+0000] {dagbag.py:588} INFO - Filling up the DagBag from /home/airflow/.local/lib/python3.11/site-packages/airflow/example_dags/example_branch_day_of_week_operator.py
[2024-11-21T13:15:18.389+0000] {processor.py:925} INFO - DAG(s) 'example_weekday_branch_operator' retrieved from /home/airflow/.local/lib/python3.11/site-packages/airflow/example_dags/example_branch_day_of_week_operator.py
[2024-11-21T13:15:18.749+0000] {logging_mixin.py:190} INFO - [2024-11-21T13:15:18.739+0000] {dag.py:3239} INFO - Sync 1 DAGs
[2024-11-21T13:15:18.951+0000] {logging_mixin.py:190} INFO - [2024-11-21T13:15:18.947+0000] {dag.py:4180} INFO - Setting next_dagrun for example_weekday_branch_operator to 2024-11-20 00:00:00+00:00, run_after=2024-11-21 00:00:00+00:00
[2024-11-21T13:15:19.114+0000] {processor.py:208} INFO - Processing /home/airflow/.local/lib/python3.11/site-packages/airflow/example_dags/example_branch_day_of_week_operator.py took 0.940 seconds
[2024-11-21T14:01:35.405+0000] {processor.py:186} INFO - Started process (PID=1755) to work on /home/airflow/.local/lib/python3.11/site-packages/airflow/example_dags/example_branch_day_of_week_operator.py
[2024-11-21T14:01:35.414+0000] {processor.py:914} INFO - Processing file /home/airflow/.local/lib/python3.11/site-packages/airflow/example_dags/example_branch_day_of_week_operator.py for tasks to queue
[2024-11-21T14:01:35.429+0000] {logging_mixin.py:190} INFO - [2024-11-21T14:01:35.426+0000] {dagbag.py:588} INFO - Filling up the DagBag from /home/airflow/.local/lib/python3.11/site-packages/airflow/example_dags/example_branch_day_of_week_operator.py
[2024-11-21T14:01:35.597+0000] {processor.py:925} INFO - DAG(s) 'example_weekday_branch_operator' retrieved from /home/airflow/.local/lib/python3.11/site-packages/airflow/example_dags/example_branch_day_of_week_operator.py
[2024-11-21T14:01:35.862+0000] {logging_mixin.py:190} INFO - [2024-11-21T14:01:35.854+0000] {dag.py:3239} INFO - Sync 1 DAGs
[2024-11-21T14:01:36.278+0000] {logging_mixin.py:190} INFO - [2024-11-21T14:01:36.277+0000] {dag.py:4180} INFO - Setting next_dagrun for example_weekday_branch_operator to 2024-11-20 00:00:00+00:00, run_after=2024-11-21 00:00:00+00:00
[2024-11-21T14:01:36.385+0000] {processor.py:208} INFO - Processing /home/airflow/.local/lib/python3.11/site-packages/airflow/example_dags/example_branch_day_of_week_operator.py took 1.095 seconds
