[2024-11-21T11:49:08.252+0000] {processor.py:186} INFO - Started process (PID=84) to work on /home/airflow/.local/lib/python3.11/site-packages/airflow/example_dags/example_branch_operator.py
[2024-11-21T11:49:08.253+0000] {processor.py:914} INFO - Processing file /home/airflow/.local/lib/python3.11/site-packages/airflow/example_dags/example_branch_operator.py for tasks to queue
[2024-11-21T11:49:08.259+0000] {logging_mixin.py:190} INFO - [2024-11-21T11:49:08.258+0000] {dagbag.py:588} INFO - Filling up the DagBag from /home/airflow/.local/lib/python3.11/site-packages/airflow/example_dags/example_branch_operator.py
[2024-11-21T11:49:08.304+0000] {processor.py:925} INFO - DAG(s) 'example_branch_operator' retrieved from /home/airflow/.local/lib/python3.11/site-packages/airflow/example_dags/example_branch_operator.py
[2024-11-21T11:49:09.683+0000] {logging_mixin.py:190} INFO - [2024-11-21T11:49:09.679+0000] {dag.py:3239} INFO - Sync 1 DAGs
[2024-11-21T11:49:09.751+0000] {logging_mixin.py:190} INFO - [2024-11-21T11:49:09.750+0000] {dag.py:4180} INFO - Setting next_dagrun for example_branch_operator to 2024-11-20 00:00:00+00:00, run_after=2024-11-21 00:00:00+00:00
[2024-11-21T11:49:09.856+0000] {processor.py:208} INFO - Processing /home/airflow/.local/lib/python3.11/site-packages/airflow/example_dags/example_branch_operator.py took 1.614 seconds
[2024-11-21T11:49:39.961+0000] {processor.py:186} INFO - Started process (PID=148) to work on /home/airflow/.local/lib/python3.11/site-packages/airflow/example_dags/example_branch_operator.py
[2024-11-21T11:49:39.962+0000] {processor.py:914} INFO - Processing file /home/airflow/.local/lib/python3.11/site-packages/airflow/example_dags/example_branch_operator.py for tasks to queue
[2024-11-21T11:49:39.964+0000] {logging_mixin.py:190} INFO - [2024-11-21T11:49:39.963+0000] {dagbag.py:588} INFO - Filling up the DagBag from /home/airflow/.local/lib/python3.11/site-packages/airflow/example_dags/example_branch_operator.py
[2024-11-21T11:49:39.984+0000] {processor.py:925} INFO - DAG(s) 'example_branch_operator' retrieved from /home/airflow/.local/lib/python3.11/site-packages/airflow/example_dags/example_branch_operator.py
[2024-11-21T11:49:40.012+0000] {logging_mixin.py:190} INFO - [2024-11-21T11:49:40.012+0000] {dag.py:3239} INFO - Sync 1 DAGs
[2024-11-21T11:49:40.247+0000] {logging_mixin.py:190} INFO - [2024-11-21T11:49:40.245+0000] {dag.py:4180} INFO - Setting next_dagrun for example_branch_operator to 2024-11-20 00:00:00+00:00, run_after=2024-11-21 00:00:00+00:00
[2024-11-21T11:49:40.273+0000] {processor.py:208} INFO - Processing /home/airflow/.local/lib/python3.11/site-packages/airflow/example_dags/example_branch_operator.py took 0.317 seconds
[2024-11-21T11:50:10.871+0000] {processor.py:186} INFO - Started process (PID=212) to work on /home/airflow/.local/lib/python3.11/site-packages/airflow/example_dags/example_branch_operator.py
[2024-11-21T11:50:10.872+0000] {processor.py:914} INFO - Processing file /home/airflow/.local/lib/python3.11/site-packages/airflow/example_dags/example_branch_operator.py for tasks to queue
[2024-11-21T11:50:10.873+0000] {logging_mixin.py:190} INFO - [2024-11-21T11:50:10.873+0000] {dagbag.py:588} INFO - Filling up the DagBag from /home/airflow/.local/lib/python3.11/site-packages/airflow/example_dags/example_branch_operator.py
[2024-11-21T11:50:10.887+0000] {processor.py:925} INFO - DAG(s) 'example_branch_operator' retrieved from /home/airflow/.local/lib/python3.11/site-packages/airflow/example_dags/example_branch_operator.py
[2024-11-21T11:50:10.906+0000] {logging_mixin.py:190} INFO - [2024-11-21T11:50:10.906+0000] {dag.py:3239} INFO - Sync 1 DAGs
[2024-11-21T11:50:10.920+0000] {logging_mixin.py:190} INFO - [2024-11-21T11:50:10.920+0000] {dag.py:4180} INFO - Setting next_dagrun for example_branch_operator to 2024-11-20 00:00:00+00:00, run_after=2024-11-21 00:00:00+00:00
[2024-11-21T11:50:11.171+0000] {processor.py:208} INFO - Processing /home/airflow/.local/lib/python3.11/site-packages/airflow/example_dags/example_branch_operator.py took 0.306 seconds
[2024-11-21T11:50:41.631+0000] {processor.py:186} INFO - Started process (PID=276) to work on /home/airflow/.local/lib/python3.11/site-packages/airflow/example_dags/example_branch_operator.py
[2024-11-21T11:50:41.632+0000] {processor.py:914} INFO - Processing file /home/airflow/.local/lib/python3.11/site-packages/airflow/example_dags/example_branch_operator.py for tasks to queue
[2024-11-21T11:50:41.634+0000] {logging_mixin.py:190} INFO - [2024-11-21T11:50:41.634+0000] {dagbag.py:588} INFO - Filling up the DagBag from /home/airflow/.local/lib/python3.11/site-packages/airflow/example_dags/example_branch_operator.py
[2024-11-21T11:50:41.646+0000] {processor.py:925} INFO - DAG(s) 'example_branch_operator' retrieved from /home/airflow/.local/lib/python3.11/site-packages/airflow/example_dags/example_branch_operator.py
[2024-11-21T11:50:41.663+0000] {logging_mixin.py:190} INFO - [2024-11-21T11:50:41.663+0000] {dag.py:3239} INFO - Sync 1 DAGs
[2024-11-21T11:50:41.677+0000] {logging_mixin.py:190} INFO - [2024-11-21T11:50:41.677+0000] {dag.py:4180} INFO - Setting next_dagrun for example_branch_operator to 2024-11-20 00:00:00+00:00, run_after=2024-11-21 00:00:00+00:00
[2024-11-21T11:50:41.899+0000] {processor.py:208} INFO - Processing /home/airflow/.local/lib/python3.11/site-packages/airflow/example_dags/example_branch_operator.py took 0.273 seconds
[2024-11-21T11:51:12.438+0000] {processor.py:186} INFO - Started process (PID=346) to work on /home/airflow/.local/lib/python3.11/site-packages/airflow/example_dags/example_branch_operator.py
[2024-11-21T11:51:12.439+0000] {processor.py:914} INFO - Processing file /home/airflow/.local/lib/python3.11/site-packages/airflow/example_dags/example_branch_operator.py for tasks to queue
[2024-11-21T11:51:12.441+0000] {logging_mixin.py:190} INFO - [2024-11-21T11:51:12.441+0000] {dagbag.py:588} INFO - Filling up the DagBag from /home/airflow/.local/lib/python3.11/site-packages/airflow/example_dags/example_branch_operator.py
[2024-11-21T11:51:12.571+0000] {processor.py:925} INFO - DAG(s) 'example_branch_operator' retrieved from /home/airflow/.local/lib/python3.11/site-packages/airflow/example_dags/example_branch_operator.py
[2024-11-21T11:51:12.582+0000] {logging_mixin.py:190} INFO - [2024-11-21T11:51:12.582+0000] {dag.py:3239} INFO - Sync 1 DAGs
[2024-11-21T11:51:12.590+0000] {logging_mixin.py:190} INFO - [2024-11-21T11:51:12.590+0000] {dag.py:4180} INFO - Setting next_dagrun for example_branch_operator to 2024-11-20 00:00:00+00:00, run_after=2024-11-21 00:00:00+00:00
[2024-11-21T11:51:12.597+0000] {processor.py:208} INFO - Processing /home/airflow/.local/lib/python3.11/site-packages/airflow/example_dags/example_branch_operator.py took 0.163 seconds
[2024-11-21T11:51:43.150+0000] {processor.py:186} INFO - Started process (PID=410) to work on /home/airflow/.local/lib/python3.11/site-packages/airflow/example_dags/example_branch_operator.py
[2024-11-21T11:51:43.150+0000] {processor.py:914} INFO - Processing file /home/airflow/.local/lib/python3.11/site-packages/airflow/example_dags/example_branch_operator.py for tasks to queue
[2024-11-21T11:51:43.152+0000] {logging_mixin.py:190} INFO - [2024-11-21T11:51:43.152+0000] {dagbag.py:588} INFO - Filling up the DagBag from /home/airflow/.local/lib/python3.11/site-packages/airflow/example_dags/example_branch_operator.py
[2024-11-21T11:51:43.162+0000] {processor.py:925} INFO - DAG(s) 'example_branch_operator' retrieved from /home/airflow/.local/lib/python3.11/site-packages/airflow/example_dags/example_branch_operator.py
[2024-11-21T11:51:43.176+0000] {logging_mixin.py:190} INFO - [2024-11-21T11:51:43.176+0000] {dag.py:3239} INFO - Sync 1 DAGs
[2024-11-21T11:51:43.187+0000] {logging_mixin.py:190} INFO - [2024-11-21T11:51:43.187+0000] {dag.py:4180} INFO - Setting next_dagrun for example_branch_operator to 2024-11-20 00:00:00+00:00, run_after=2024-11-21 00:00:00+00:00
[2024-11-21T11:51:43.194+0000] {processor.py:208} INFO - Processing /home/airflow/.local/lib/python3.11/site-packages/airflow/example_dags/example_branch_operator.py took 0.049 seconds
[2024-11-21T11:52:13.245+0000] {processor.py:186} INFO - Started process (PID=474) to work on /home/airflow/.local/lib/python3.11/site-packages/airflow/example_dags/example_branch_operator.py
[2024-11-21T11:52:13.246+0000] {processor.py:914} INFO - Processing file /home/airflow/.local/lib/python3.11/site-packages/airflow/example_dags/example_branch_operator.py for tasks to queue
[2024-11-21T11:52:13.247+0000] {logging_mixin.py:190} INFO - [2024-11-21T11:52:13.247+0000] {dagbag.py:588} INFO - Filling up the DagBag from /home/airflow/.local/lib/python3.11/site-packages/airflow/example_dags/example_branch_operator.py
[2024-11-21T11:52:13.257+0000] {processor.py:925} INFO - DAG(s) 'example_branch_operator' retrieved from /home/airflow/.local/lib/python3.11/site-packages/airflow/example_dags/example_branch_operator.py
[2024-11-21T11:52:13.275+0000] {logging_mixin.py:190} INFO - [2024-11-21T11:52:13.275+0000] {dag.py:3239} INFO - Sync 1 DAGs
[2024-11-21T11:52:13.291+0000] {logging_mixin.py:190} INFO - [2024-11-21T11:52:13.291+0000] {dag.py:4180} INFO - Setting next_dagrun for example_branch_operator to 2024-11-20 00:00:00+00:00, run_after=2024-11-21 00:00:00+00:00
[2024-11-21T11:52:13.305+0000] {processor.py:208} INFO - Processing /home/airflow/.local/lib/python3.11/site-packages/airflow/example_dags/example_branch_operator.py took 0.064 seconds
[2024-11-21T11:52:44.175+0000] {processor.py:186} INFO - Started process (PID=538) to work on /home/airflow/.local/lib/python3.11/site-packages/airflow/example_dags/example_branch_operator.py
[2024-11-21T11:52:44.176+0000] {processor.py:914} INFO - Processing file /home/airflow/.local/lib/python3.11/site-packages/airflow/example_dags/example_branch_operator.py for tasks to queue
[2024-11-21T11:52:44.178+0000] {logging_mixin.py:190} INFO - [2024-11-21T11:52:44.178+0000] {dagbag.py:588} INFO - Filling up the DagBag from /home/airflow/.local/lib/python3.11/site-packages/airflow/example_dags/example_branch_operator.py
[2024-11-21T11:52:44.187+0000] {processor.py:925} INFO - DAG(s) 'example_branch_operator' retrieved from /home/airflow/.local/lib/python3.11/site-packages/airflow/example_dags/example_branch_operator.py
[2024-11-21T11:52:44.200+0000] {logging_mixin.py:190} INFO - [2024-11-21T11:52:44.200+0000] {dag.py:3239} INFO - Sync 1 DAGs
[2024-11-21T11:52:44.210+0000] {logging_mixin.py:190} INFO - [2024-11-21T11:52:44.210+0000] {dag.py:4180} INFO - Setting next_dagrun for example_branch_operator to 2024-11-20 00:00:00+00:00, run_after=2024-11-21 00:00:00+00:00
[2024-11-21T11:52:44.217+0000] {processor.py:208} INFO - Processing /home/airflow/.local/lib/python3.11/site-packages/airflow/example_dags/example_branch_operator.py took 0.045 seconds
[2024-11-21T11:53:14.787+0000] {processor.py:186} INFO - Started process (PID=602) to work on /home/airflow/.local/lib/python3.11/site-packages/airflow/example_dags/example_branch_operator.py
[2024-11-21T11:53:14.787+0000] {processor.py:914} INFO - Processing file /home/airflow/.local/lib/python3.11/site-packages/airflow/example_dags/example_branch_operator.py for tasks to queue
[2024-11-21T11:53:14.789+0000] {logging_mixin.py:190} INFO - [2024-11-21T11:53:14.789+0000] {dagbag.py:588} INFO - Filling up the DagBag from /home/airflow/.local/lib/python3.11/site-packages/airflow/example_dags/example_branch_operator.py
[2024-11-21T11:53:14.798+0000] {processor.py:925} INFO - DAG(s) 'example_branch_operator' retrieved from /home/airflow/.local/lib/python3.11/site-packages/airflow/example_dags/example_branch_operator.py
[2024-11-21T11:53:14.811+0000] {logging_mixin.py:190} INFO - [2024-11-21T11:53:14.811+0000] {dag.py:3239} INFO - Sync 1 DAGs
[2024-11-21T11:53:14.822+0000] {logging_mixin.py:190} INFO - [2024-11-21T11:53:14.822+0000] {dag.py:4180} INFO - Setting next_dagrun for example_branch_operator to 2024-11-20 00:00:00+00:00, run_after=2024-11-21 00:00:00+00:00
[2024-11-21T11:53:14.830+0000] {processor.py:208} INFO - Processing /home/airflow/.local/lib/python3.11/site-packages/airflow/example_dags/example_branch_operator.py took 0.046 seconds
[2024-11-21T11:53:45.672+0000] {processor.py:186} INFO - Started process (PID=667) to work on /home/airflow/.local/lib/python3.11/site-packages/airflow/example_dags/example_branch_operator.py
[2024-11-21T11:53:45.673+0000] {processor.py:914} INFO - Processing file /home/airflow/.local/lib/python3.11/site-packages/airflow/example_dags/example_branch_operator.py for tasks to queue
[2024-11-21T11:53:45.674+0000] {logging_mixin.py:190} INFO - [2024-11-21T11:53:45.674+0000] {dagbag.py:588} INFO - Filling up the DagBag from /home/airflow/.local/lib/python3.11/site-packages/airflow/example_dags/example_branch_operator.py
[2024-11-21T11:53:45.683+0000] {processor.py:925} INFO - DAG(s) 'example_branch_operator' retrieved from /home/airflow/.local/lib/python3.11/site-packages/airflow/example_dags/example_branch_operator.py
[2024-11-21T11:53:45.700+0000] {logging_mixin.py:190} INFO - [2024-11-21T11:53:45.700+0000] {dag.py:3239} INFO - Sync 1 DAGs
[2024-11-21T11:53:45.713+0000] {logging_mixin.py:190} INFO - [2024-11-21T11:53:45.713+0000] {dag.py:4180} INFO - Setting next_dagrun for example_branch_operator to 2024-11-20 00:00:00+00:00, run_after=2024-11-21 00:00:00+00:00
[2024-11-21T11:53:45.721+0000] {processor.py:208} INFO - Processing /home/airflow/.local/lib/python3.11/site-packages/airflow/example_dags/example_branch_operator.py took 0.052 seconds
[2024-11-21T11:54:27.369+0000] {processor.py:186} INFO - Started process (PID=734) to work on /home/airflow/.local/lib/python3.11/site-packages/airflow/example_dags/example_branch_operator.py
[2024-11-21T11:54:27.372+0000] {processor.py:914} INFO - Processing file /home/airflow/.local/lib/python3.11/site-packages/airflow/example_dags/example_branch_operator.py for tasks to queue
[2024-11-21T11:54:27.380+0000] {logging_mixin.py:190} INFO - [2024-11-21T11:54:27.379+0000] {dagbag.py:588} INFO - Filling up the DagBag from /home/airflow/.local/lib/python3.11/site-packages/airflow/example_dags/example_branch_operator.py
[2024-11-21T11:54:27.441+0000] {processor.py:925} INFO - DAG(s) 'example_branch_operator' retrieved from /home/airflow/.local/lib/python3.11/site-packages/airflow/example_dags/example_branch_operator.py
[2024-11-21T11:54:27.612+0000] {logging_mixin.py:190} INFO - [2024-11-21T11:54:27.610+0000] {dag.py:3239} INFO - Sync 1 DAGs
[2024-11-21T11:54:27.760+0000] {logging_mixin.py:190} INFO - [2024-11-21T11:54:27.756+0000] {dag.py:4180} INFO - Setting next_dagrun for example_branch_operator to 2024-11-20 00:00:00+00:00, run_after=2024-11-21 00:00:00+00:00
[2024-11-21T11:54:27.928+0000] {processor.py:208} INFO - Processing /home/airflow/.local/lib/python3.11/site-packages/airflow/example_dags/example_branch_operator.py took 0.618 seconds
[2024-11-21T11:55:25.675+0000] {processor.py:186} INFO - Started process (PID=807) to work on /home/airflow/.local/lib/python3.11/site-packages/airflow/example_dags/example_branch_operator.py
[2024-11-21T11:55:25.684+0000] {processor.py:914} INFO - Processing file /home/airflow/.local/lib/python3.11/site-packages/airflow/example_dags/example_branch_operator.py for tasks to queue
[2024-11-21T11:55:25.695+0000] {logging_mixin.py:190} INFO - [2024-11-21T11:55:25.693+0000] {dagbag.py:588} INFO - Filling up the DagBag from /home/airflow/.local/lib/python3.11/site-packages/airflow/example_dags/example_branch_operator.py
[2024-11-21T11:55:26.132+0000] {processor.py:925} INFO - DAG(s) 'example_branch_operator' retrieved from /home/airflow/.local/lib/python3.11/site-packages/airflow/example_dags/example_branch_operator.py
[2024-11-21T11:55:26.721+0000] {logging_mixin.py:190} INFO - [2024-11-21T11:55:26.694+0000] {dag.py:3239} INFO - Sync 1 DAGs
[2024-11-21T11:55:26.892+0000] {logging_mixin.py:190} INFO - [2024-11-21T11:55:26.892+0000] {dag.py:4180} INFO - Setting next_dagrun for example_branch_operator to 2024-11-20 00:00:00+00:00, run_after=2024-11-21 00:00:00+00:00
[2024-11-21T11:55:27.053+0000] {processor.py:208} INFO - Processing /home/airflow/.local/lib/python3.11/site-packages/airflow/example_dags/example_branch_operator.py took 1.417 seconds
[2024-11-21T11:56:23.218+0000] {processor.py:186} INFO - Started process (PID=883) to work on /home/airflow/.local/lib/python3.11/site-packages/airflow/example_dags/example_branch_operator.py
[2024-11-21T11:56:23.228+0000] {processor.py:914} INFO - Processing file /home/airflow/.local/lib/python3.11/site-packages/airflow/example_dags/example_branch_operator.py for tasks to queue
[2024-11-21T11:56:23.242+0000] {logging_mixin.py:190} INFO - [2024-11-21T11:56:23.241+0000] {dagbag.py:588} INFO - Filling up the DagBag from /home/airflow/.local/lib/python3.11/site-packages/airflow/example_dags/example_branch_operator.py
[2024-11-21T11:56:23.347+0000] {processor.py:925} INFO - DAG(s) 'example_branch_operator' retrieved from /home/airflow/.local/lib/python3.11/site-packages/airflow/example_dags/example_branch_operator.py
[2024-11-21T11:56:23.414+0000] {logging_mixin.py:190} INFO - [2024-11-21T11:56:23.413+0000] {dag.py:3239} INFO - Sync 1 DAGs
[2024-11-21T11:56:23.553+0000] {logging_mixin.py:190} INFO - [2024-11-21T11:56:23.552+0000] {dag.py:4180} INFO - Setting next_dagrun for example_branch_operator to 2024-11-20 00:00:00+00:00, run_after=2024-11-21 00:00:00+00:00
[2024-11-21T11:56:23.660+0000] {processor.py:208} INFO - Processing /home/airflow/.local/lib/python3.11/site-packages/airflow/example_dags/example_branch_operator.py took 0.457 seconds
[2024-11-21T11:56:54.549+0000] {processor.py:186} INFO - Started process (PID=947) to work on /home/airflow/.local/lib/python3.11/site-packages/airflow/example_dags/example_branch_operator.py
[2024-11-21T11:56:54.550+0000] {processor.py:914} INFO - Processing file /home/airflow/.local/lib/python3.11/site-packages/airflow/example_dags/example_branch_operator.py for tasks to queue
[2024-11-21T11:56:54.553+0000] {logging_mixin.py:190} INFO - [2024-11-21T11:56:54.553+0000] {dagbag.py:588} INFO - Filling up the DagBag from /home/airflow/.local/lib/python3.11/site-packages/airflow/example_dags/example_branch_operator.py
[2024-11-21T11:56:54.567+0000] {processor.py:925} INFO - DAG(s) 'example_branch_operator' retrieved from /home/airflow/.local/lib/python3.11/site-packages/airflow/example_dags/example_branch_operator.py
[2024-11-21T11:56:54.581+0000] {logging_mixin.py:190} INFO - [2024-11-21T11:56:54.581+0000] {dag.py:3239} INFO - Sync 1 DAGs
[2024-11-21T11:56:54.592+0000] {logging_mixin.py:190} INFO - [2024-11-21T11:56:54.592+0000] {dag.py:4180} INFO - Setting next_dagrun for example_branch_operator to 2024-11-20 00:00:00+00:00, run_after=2024-11-21 00:00:00+00:00
[2024-11-21T11:56:54.599+0000] {processor.py:208} INFO - Processing /home/airflow/.local/lib/python3.11/site-packages/airflow/example_dags/example_branch_operator.py took 0.058 seconds
[2024-11-21T11:57:25.510+0000] {processor.py:186} INFO - Started process (PID=1012) to work on /home/airflow/.local/lib/python3.11/site-packages/airflow/example_dags/example_branch_operator.py
[2024-11-21T11:57:25.511+0000] {processor.py:914} INFO - Processing file /home/airflow/.local/lib/python3.11/site-packages/airflow/example_dags/example_branch_operator.py for tasks to queue
[2024-11-21T11:57:25.515+0000] {logging_mixin.py:190} INFO - [2024-11-21T11:57:25.515+0000] {dagbag.py:588} INFO - Filling up the DagBag from /home/airflow/.local/lib/python3.11/site-packages/airflow/example_dags/example_branch_operator.py
[2024-11-21T11:57:25.536+0000] {processor.py:925} INFO - DAG(s) 'example_branch_operator' retrieved from /home/airflow/.local/lib/python3.11/site-packages/airflow/example_dags/example_branch_operator.py
[2024-11-21T11:57:25.553+0000] {logging_mixin.py:190} INFO - [2024-11-21T11:57:25.553+0000] {dag.py:3239} INFO - Sync 1 DAGs
[2024-11-21T11:57:25.565+0000] {logging_mixin.py:190} INFO - [2024-11-21T11:57:25.564+0000] {dag.py:4180} INFO - Setting next_dagrun for example_branch_operator to 2024-11-20 00:00:00+00:00, run_after=2024-11-21 00:00:00+00:00
[2024-11-21T11:57:25.573+0000] {processor.py:208} INFO - Processing /home/airflow/.local/lib/python3.11/site-packages/airflow/example_dags/example_branch_operator.py took 0.073 seconds
[2024-11-21T11:57:55.636+0000] {processor.py:186} INFO - Started process (PID=1076) to work on /home/airflow/.local/lib/python3.11/site-packages/airflow/example_dags/example_branch_operator.py
[2024-11-21T11:57:55.638+0000] {processor.py:914} INFO - Processing file /home/airflow/.local/lib/python3.11/site-packages/airflow/example_dags/example_branch_operator.py for tasks to queue
[2024-11-21T11:57:55.642+0000] {logging_mixin.py:190} INFO - [2024-11-21T11:57:55.642+0000] {dagbag.py:588} INFO - Filling up the DagBag from /home/airflow/.local/lib/python3.11/site-packages/airflow/example_dags/example_branch_operator.py
[2024-11-21T11:57:55.665+0000] {processor.py:925} INFO - DAG(s) 'example_branch_operator' retrieved from /home/airflow/.local/lib/python3.11/site-packages/airflow/example_dags/example_branch_operator.py
[2024-11-21T11:57:55.685+0000] {logging_mixin.py:190} INFO - [2024-11-21T11:57:55.685+0000] {dag.py:3239} INFO - Sync 1 DAGs
[2024-11-21T11:57:55.700+0000] {logging_mixin.py:190} INFO - [2024-11-21T11:57:55.700+0000] {dag.py:4180} INFO - Setting next_dagrun for example_branch_operator to 2024-11-20 00:00:00+00:00, run_after=2024-11-21 00:00:00+00:00
[2024-11-21T11:57:55.712+0000] {processor.py:208} INFO - Processing /home/airflow/.local/lib/python3.11/site-packages/airflow/example_dags/example_branch_operator.py took 0.087 seconds
[2024-11-21T11:58:26.173+0000] {processor.py:186} INFO - Started process (PID=1140) to work on /home/airflow/.local/lib/python3.11/site-packages/airflow/example_dags/example_branch_operator.py
[2024-11-21T11:58:26.173+0000] {processor.py:914} INFO - Processing file /home/airflow/.local/lib/python3.11/site-packages/airflow/example_dags/example_branch_operator.py for tasks to queue
[2024-11-21T11:58:26.175+0000] {logging_mixin.py:190} INFO - [2024-11-21T11:58:26.175+0000] {dagbag.py:588} INFO - Filling up the DagBag from /home/airflow/.local/lib/python3.11/site-packages/airflow/example_dags/example_branch_operator.py
[2024-11-21T11:58:26.186+0000] {processor.py:925} INFO - DAG(s) 'example_branch_operator' retrieved from /home/airflow/.local/lib/python3.11/site-packages/airflow/example_dags/example_branch_operator.py
[2024-11-21T11:58:26.201+0000] {logging_mixin.py:190} INFO - [2024-11-21T11:58:26.201+0000] {dag.py:3239} INFO - Sync 1 DAGs
[2024-11-21T11:58:26.212+0000] {logging_mixin.py:190} INFO - [2024-11-21T11:58:26.211+0000] {dag.py:4180} INFO - Setting next_dagrun for example_branch_operator to 2024-11-20 00:00:00+00:00, run_after=2024-11-21 00:00:00+00:00
[2024-11-21T11:58:26.220+0000] {processor.py:208} INFO - Processing /home/airflow/.local/lib/python3.11/site-packages/airflow/example_dags/example_branch_operator.py took 0.051 seconds
[2024-11-21T11:58:56.801+0000] {processor.py:186} INFO - Started process (PID=1204) to work on /home/airflow/.local/lib/python3.11/site-packages/airflow/example_dags/example_branch_operator.py
[2024-11-21T11:58:56.802+0000] {processor.py:914} INFO - Processing file /home/airflow/.local/lib/python3.11/site-packages/airflow/example_dags/example_branch_operator.py for tasks to queue
[2024-11-21T11:58:56.805+0000] {logging_mixin.py:190} INFO - [2024-11-21T11:58:56.804+0000] {dagbag.py:588} INFO - Filling up the DagBag from /home/airflow/.local/lib/python3.11/site-packages/airflow/example_dags/example_branch_operator.py
[2024-11-21T11:58:56.821+0000] {processor.py:925} INFO - DAG(s) 'example_branch_operator' retrieved from /home/airflow/.local/lib/python3.11/site-packages/airflow/example_dags/example_branch_operator.py
[2024-11-21T11:58:56.839+0000] {logging_mixin.py:190} INFO - [2024-11-21T11:58:56.838+0000] {dag.py:3239} INFO - Sync 1 DAGs
[2024-11-21T11:58:56.851+0000] {logging_mixin.py:190} INFO - [2024-11-21T11:58:56.850+0000] {dag.py:4180} INFO - Setting next_dagrun for example_branch_operator to 2024-11-20 00:00:00+00:00, run_after=2024-11-21 00:00:00+00:00
[2024-11-21T11:58:56.859+0000] {processor.py:208} INFO - Processing /home/airflow/.local/lib/python3.11/site-packages/airflow/example_dags/example_branch_operator.py took 0.064 seconds
[2024-11-21T11:59:27.709+0000] {processor.py:186} INFO - Started process (PID=1268) to work on /home/airflow/.local/lib/python3.11/site-packages/airflow/example_dags/example_branch_operator.py
[2024-11-21T11:59:27.711+0000] {processor.py:914} INFO - Processing file /home/airflow/.local/lib/python3.11/site-packages/airflow/example_dags/example_branch_operator.py for tasks to queue
[2024-11-21T11:59:27.714+0000] {logging_mixin.py:190} INFO - [2024-11-21T11:59:27.713+0000] {dagbag.py:588} INFO - Filling up the DagBag from /home/airflow/.local/lib/python3.11/site-packages/airflow/example_dags/example_branch_operator.py
[2024-11-21T11:59:27.737+0000] {processor.py:925} INFO - DAG(s) 'example_branch_operator' retrieved from /home/airflow/.local/lib/python3.11/site-packages/airflow/example_dags/example_branch_operator.py
[2024-11-21T11:59:27.757+0000] {logging_mixin.py:190} INFO - [2024-11-21T11:59:27.757+0000] {dag.py:3239} INFO - Sync 1 DAGs
[2024-11-21T11:59:27.769+0000] {logging_mixin.py:190} INFO - [2024-11-21T11:59:27.769+0000] {dag.py:4180} INFO - Setting next_dagrun for example_branch_operator to 2024-11-20 00:00:00+00:00, run_after=2024-11-21 00:00:00+00:00
[2024-11-21T11:59:27.779+0000] {processor.py:208} INFO - Processing /home/airflow/.local/lib/python3.11/site-packages/airflow/example_dags/example_branch_operator.py took 0.080 seconds
[2024-11-21T11:59:58.029+0000] {processor.py:186} INFO - Started process (PID=1333) to work on /home/airflow/.local/lib/python3.11/site-packages/airflow/example_dags/example_branch_operator.py
[2024-11-21T11:59:58.031+0000] {processor.py:914} INFO - Processing file /home/airflow/.local/lib/python3.11/site-packages/airflow/example_dags/example_branch_operator.py for tasks to queue
[2024-11-21T11:59:58.034+0000] {logging_mixin.py:190} INFO - [2024-11-21T11:59:58.034+0000] {dagbag.py:588} INFO - Filling up the DagBag from /home/airflow/.local/lib/python3.11/site-packages/airflow/example_dags/example_branch_operator.py
[2024-11-21T11:59:58.061+0000] {processor.py:925} INFO - DAG(s) 'example_branch_operator' retrieved from /home/airflow/.local/lib/python3.11/site-packages/airflow/example_dags/example_branch_operator.py
[2024-11-21T11:59:58.101+0000] {logging_mixin.py:190} INFO - [2024-11-21T11:59:58.101+0000] {dag.py:3239} INFO - Sync 1 DAGs
[2024-11-21T11:59:58.122+0000] {logging_mixin.py:190} INFO - [2024-11-21T11:59:58.122+0000] {dag.py:4180} INFO - Setting next_dagrun for example_branch_operator to 2024-11-20 00:00:00+00:00, run_after=2024-11-21 00:00:00+00:00
[2024-11-21T11:59:58.164+0000] {processor.py:208} INFO - Processing /home/airflow/.local/lib/python3.11/site-packages/airflow/example_dags/example_branch_operator.py took 0.143 seconds
[2024-11-21T12:03:17.665+0000] {processor.py:186} INFO - Started process (PID=1425) to work on /home/airflow/.local/lib/python3.11/site-packages/airflow/example_dags/example_branch_operator.py
[2024-11-21T12:03:17.668+0000] {processor.py:914} INFO - Processing file /home/airflow/.local/lib/python3.11/site-packages/airflow/example_dags/example_branch_operator.py for tasks to queue
[2024-11-21T12:03:17.673+0000] {logging_mixin.py:190} INFO - [2024-11-21T12:03:17.672+0000] {dagbag.py:588} INFO - Filling up the DagBag from /home/airflow/.local/lib/python3.11/site-packages/airflow/example_dags/example_branch_operator.py
[2024-11-21T12:03:17.884+0000] {processor.py:925} INFO - DAG(s) 'example_branch_operator' retrieved from /home/airflow/.local/lib/python3.11/site-packages/airflow/example_dags/example_branch_operator.py
[2024-11-21T12:03:17.993+0000] {logging_mixin.py:190} INFO - [2024-11-21T12:03:17.991+0000] {dag.py:3239} INFO - Sync 1 DAGs
[2024-11-21T12:03:18.066+0000] {logging_mixin.py:190} INFO - [2024-11-21T12:03:18.065+0000] {dag.py:4180} INFO - Setting next_dagrun for example_branch_operator to 2024-11-20 00:00:00+00:00, run_after=2024-11-21 00:00:00+00:00
[2024-11-21T12:03:18.144+0000] {processor.py:208} INFO - Processing /home/airflow/.local/lib/python3.11/site-packages/airflow/example_dags/example_branch_operator.py took 0.517 seconds
[2024-11-21T12:26:14.769+0000] {processor.py:186} INFO - Started process (PID=1495) to work on /home/airflow/.local/lib/python3.11/site-packages/airflow/example_dags/example_branch_operator.py
[2024-11-21T12:26:14.775+0000] {processor.py:914} INFO - Processing file /home/airflow/.local/lib/python3.11/site-packages/airflow/example_dags/example_branch_operator.py for tasks to queue
[2024-11-21T12:26:14.800+0000] {logging_mixin.py:190} INFO - [2024-11-21T12:26:14.786+0000] {dagbag.py:588} INFO - Filling up the DagBag from /home/airflow/.local/lib/python3.11/site-packages/airflow/example_dags/example_branch_operator.py
[2024-11-21T12:26:15.062+0000] {processor.py:925} INFO - DAG(s) 'example_branch_operator' retrieved from /home/airflow/.local/lib/python3.11/site-packages/airflow/example_dags/example_branch_operator.py
[2024-11-21T12:26:15.274+0000] {logging_mixin.py:190} INFO - [2024-11-21T12:26:15.272+0000] {dag.py:3239} INFO - Sync 1 DAGs
[2024-11-21T12:26:15.397+0000] {logging_mixin.py:190} INFO - [2024-11-21T12:26:15.396+0000] {dag.py:4180} INFO - Setting next_dagrun for example_branch_operator to 2024-11-20 00:00:00+00:00, run_after=2024-11-21 00:00:00+00:00
[2024-11-21T12:26:15.530+0000] {processor.py:208} INFO - Processing /home/airflow/.local/lib/python3.11/site-packages/airflow/example_dags/example_branch_operator.py took 0.889 seconds
[2024-11-21T12:43:13.902+0000] {processor.py:186} INFO - Started process (PID=1580) to work on /home/airflow/.local/lib/python3.11/site-packages/airflow/example_dags/example_branch_operator.py
[2024-11-21T12:43:13.905+0000] {processor.py:914} INFO - Processing file /home/airflow/.local/lib/python3.11/site-packages/airflow/example_dags/example_branch_operator.py for tasks to queue
[2024-11-21T12:43:13.907+0000] {logging_mixin.py:190} INFO - [2024-11-21T12:43:13.907+0000] {dagbag.py:588} INFO - Filling up the DagBag from /home/airflow/.local/lib/python3.11/site-packages/airflow/example_dags/example_branch_operator.py
[2024-11-21T12:43:13.927+0000] {processor.py:925} INFO - DAG(s) 'example_branch_operator' retrieved from /home/airflow/.local/lib/python3.11/site-packages/airflow/example_dags/example_branch_operator.py
[2024-11-21T12:43:13.951+0000] {logging_mixin.py:190} INFO - [2024-11-21T12:43:13.951+0000] {dag.py:3239} INFO - Sync 1 DAGs
[2024-11-21T12:43:13.964+0000] {logging_mixin.py:190} INFO - [2024-11-21T12:43:13.964+0000] {dag.py:4180} INFO - Setting next_dagrun for example_branch_operator to 2024-11-20 00:00:00+00:00, run_after=2024-11-21 00:00:00+00:00
[2024-11-21T12:43:13.972+0000] {processor.py:208} INFO - Processing /home/airflow/.local/lib/python3.11/site-packages/airflow/example_dags/example_branch_operator.py took 0.086 seconds
[2024-11-21T13:15:11.632+0000] {processor.py:186} INFO - Started process (PID=1670) to work on /home/airflow/.local/lib/python3.11/site-packages/airflow/example_dags/example_branch_operator.py
[2024-11-21T13:15:11.636+0000] {processor.py:914} INFO - Processing file /home/airflow/.local/lib/python3.11/site-packages/airflow/example_dags/example_branch_operator.py for tasks to queue
[2024-11-21T13:15:11.644+0000] {logging_mixin.py:190} INFO - [2024-11-21T13:15:11.642+0000] {dagbag.py:588} INFO - Filling up the DagBag from /home/airflow/.local/lib/python3.11/site-packages/airflow/example_dags/example_branch_operator.py
[2024-11-21T13:15:11.842+0000] {processor.py:925} INFO - DAG(s) 'example_branch_operator' retrieved from /home/airflow/.local/lib/python3.11/site-packages/airflow/example_dags/example_branch_operator.py
[2024-11-21T13:15:12.712+0000] {logging_mixin.py:190} INFO - [2024-11-21T13:15:12.527+0000] {dag.py:3239} INFO - Sync 1 DAGs
[2024-11-21T13:15:15.394+0000] {logging_mixin.py:190} INFO - [2024-11-21T13:15:15.380+0000] {dag.py:4180} INFO - Setting next_dagrun for example_branch_operator to 2024-11-20 00:00:00+00:00, run_after=2024-11-21 00:00:00+00:00
[2024-11-21T13:15:15.593+0000] {processor.py:208} INFO - Processing /home/airflow/.local/lib/python3.11/site-packages/airflow/example_dags/example_branch_operator.py took 4.058 seconds
[2024-11-21T14:01:32.930+0000] {processor.py:186} INFO - Started process (PID=1751) to work on /home/airflow/.local/lib/python3.11/site-packages/airflow/example_dags/example_branch_operator.py
[2024-11-21T14:01:32.936+0000] {processor.py:914} INFO - Processing file /home/airflow/.local/lib/python3.11/site-packages/airflow/example_dags/example_branch_operator.py for tasks to queue
[2024-11-21T14:01:32.942+0000] {logging_mixin.py:190} INFO - [2024-11-21T14:01:32.941+0000] {dagbag.py:588} INFO - Filling up the DagBag from /home/airflow/.local/lib/python3.11/site-packages/airflow/example_dags/example_branch_operator.py
[2024-11-21T14:01:33.209+0000] {processor.py:925} INFO - DAG(s) 'example_branch_operator' retrieved from /home/airflow/.local/lib/python3.11/site-packages/airflow/example_dags/example_branch_operator.py
[2024-11-21T14:01:33.389+0000] {logging_mixin.py:190} INFO - [2024-11-21T14:01:33.380+0000] {dag.py:3239} INFO - Sync 1 DAGs
[2024-11-21T14:01:33.542+0000] {logging_mixin.py:190} INFO - [2024-11-21T14:01:33.541+0000] {dag.py:4180} INFO - Setting next_dagrun for example_branch_operator to 2024-11-20 00:00:00+00:00, run_after=2024-11-21 00:00:00+00:00
[2024-11-21T14:01:33.651+0000] {processor.py:208} INFO - Processing /home/airflow/.local/lib/python3.11/site-packages/airflow/example_dags/example_branch_operator.py took 0.753 seconds
