[2024-11-21T11:49:21.908+0000] {processor.py:186} INFO - Started process (PID=108) to work on /home/airflow/.local/lib/python3.11/site-packages/airflow/example_dags/example_params_trigger_ui.py
[2024-11-21T11:49:21.911+0000] {processor.py:914} INFO - Processing file /home/airflow/.local/lib/python3.11/site-packages/airflow/example_dags/example_params_trigger_ui.py for tasks to queue
[2024-11-21T11:49:21.926+0000] {logging_mixin.py:190} INFO - [2024-11-21T11:49:21.923+0000] {dagbag.py:588} INFO - Filling up the DagBag from /home/airflow/.local/lib/python3.11/site-packages/airflow/example_dags/example_params_trigger_ui.py
[2024-11-21T11:49:22.000+0000] {processor.py:925} INFO - DAG(s) 'example_params_trigger_ui' retrieved from /home/airflow/.local/lib/python3.11/site-packages/airflow/example_dags/example_params_trigger_ui.py
[2024-11-21T11:49:22.225+0000] {logging_mixin.py:190} INFO - [2024-11-21T11:49:22.223+0000] {dag.py:3239} INFO - Sync 1 DAGs
[2024-11-21T11:49:22.289+0000] {logging_mixin.py:190} INFO - [2024-11-21T11:49:22.288+0000] {dag.py:4180} INFO - Setting next_dagrun for example_params_trigger_ui to None, run_after=None
[2024-11-21T11:49:22.364+0000] {processor.py:208} INFO - Processing /home/airflow/.local/lib/python3.11/site-packages/airflow/example_dags/example_params_trigger_ui.py took 0.471 seconds
[2024-11-21T11:49:54.944+0000] {processor.py:186} INFO - Started process (PID=171) to work on /home/airflow/.local/lib/python3.11/site-packages/airflow/example_dags/example_params_trigger_ui.py
[2024-11-21T11:49:54.948+0000] {processor.py:914} INFO - Processing file /home/airflow/.local/lib/python3.11/site-packages/airflow/example_dags/example_params_trigger_ui.py for tasks to queue
[2024-11-21T11:49:54.957+0000] {logging_mixin.py:190} INFO - [2024-11-21T11:49:54.955+0000] {dagbag.py:588} INFO - Filling up the DagBag from /home/airflow/.local/lib/python3.11/site-packages/airflow/example_dags/example_params_trigger_ui.py
[2024-11-21T11:49:55.027+0000] {processor.py:925} INFO - DAG(s) 'example_params_trigger_ui' retrieved from /home/airflow/.local/lib/python3.11/site-packages/airflow/example_dags/example_params_trigger_ui.py
[2024-11-21T11:49:56.740+0000] {logging_mixin.py:190} INFO - [2024-11-21T11:49:56.737+0000] {dag.py:3239} INFO - Sync 1 DAGs
[2024-11-21T11:49:56.791+0000] {logging_mixin.py:190} INFO - [2024-11-21T11:49:56.790+0000] {dag.py:4180} INFO - Setting next_dagrun for example_params_trigger_ui to None, run_after=None
[2024-11-21T11:49:56.849+0000] {processor.py:208} INFO - Processing /home/airflow/.local/lib/python3.11/site-packages/airflow/example_dags/example_params_trigger_ui.py took 1.949 seconds
[2024-11-21T11:50:27.433+0000] {processor.py:186} INFO - Started process (PID=235) to work on /home/airflow/.local/lib/python3.11/site-packages/airflow/example_dags/example_params_trigger_ui.py
[2024-11-21T11:50:27.434+0000] {processor.py:914} INFO - Processing file /home/airflow/.local/lib/python3.11/site-packages/airflow/example_dags/example_params_trigger_ui.py for tasks to queue
[2024-11-21T11:50:27.437+0000] {logging_mixin.py:190} INFO - [2024-11-21T11:50:27.437+0000] {dagbag.py:588} INFO - Filling up the DagBag from /home/airflow/.local/lib/python3.11/site-packages/airflow/example_dags/example_params_trigger_ui.py
[2024-11-21T11:50:27.452+0000] {processor.py:925} INFO - DAG(s) 'example_params_trigger_ui' retrieved from /home/airflow/.local/lib/python3.11/site-packages/airflow/example_dags/example_params_trigger_ui.py
[2024-11-21T11:50:27.476+0000] {logging_mixin.py:190} INFO - [2024-11-21T11:50:27.476+0000] {dag.py:3239} INFO - Sync 1 DAGs
[2024-11-21T11:50:27.625+0000] {logging_mixin.py:190} INFO - [2024-11-21T11:50:27.625+0000] {dag.py:4180} INFO - Setting next_dagrun for example_params_trigger_ui to None, run_after=None
[2024-11-21T11:50:27.632+0000] {processor.py:208} INFO - Processing /home/airflow/.local/lib/python3.11/site-packages/airflow/example_dags/example_params_trigger_ui.py took 0.229 seconds
[2024-11-21T11:50:58.031+0000] {processor.py:186} INFO - Started process (PID=299) to work on /home/airflow/.local/lib/python3.11/site-packages/airflow/example_dags/example_params_trigger_ui.py
[2024-11-21T11:50:58.032+0000] {processor.py:914} INFO - Processing file /home/airflow/.local/lib/python3.11/site-packages/airflow/example_dags/example_params_trigger_ui.py for tasks to queue
[2024-11-21T11:50:58.034+0000] {logging_mixin.py:190} INFO - [2024-11-21T11:50:58.033+0000] {dagbag.py:588} INFO - Filling up the DagBag from /home/airflow/.local/lib/python3.11/site-packages/airflow/example_dags/example_params_trigger_ui.py
[2024-11-21T11:50:58.041+0000] {processor.py:925} INFO - DAG(s) 'example_params_trigger_ui' retrieved from /home/airflow/.local/lib/python3.11/site-packages/airflow/example_dags/example_params_trigger_ui.py
[2024-11-21T11:50:58.076+0000] {logging_mixin.py:190} INFO - [2024-11-21T11:50:58.076+0000] {dag.py:3239} INFO - Sync 1 DAGs
[2024-11-21T11:50:58.090+0000] {logging_mixin.py:190} INFO - [2024-11-21T11:50:58.090+0000] {dag.py:4180} INFO - Setting next_dagrun for example_params_trigger_ui to None, run_after=None
[2024-11-21T11:50:58.333+0000] {processor.py:208} INFO - Processing /home/airflow/.local/lib/python3.11/site-packages/airflow/example_dags/example_params_trigger_ui.py took 0.306 seconds
[2024-11-21T11:51:28.375+0000] {processor.py:186} INFO - Started process (PID=363) to work on /home/airflow/.local/lib/python3.11/site-packages/airflow/example_dags/example_params_trigger_ui.py
[2024-11-21T11:51:28.376+0000] {processor.py:914} INFO - Processing file /home/airflow/.local/lib/python3.11/site-packages/airflow/example_dags/example_params_trigger_ui.py for tasks to queue
[2024-11-21T11:51:28.378+0000] {logging_mixin.py:190} INFO - [2024-11-21T11:51:28.377+0000] {dagbag.py:588} INFO - Filling up the DagBag from /home/airflow/.local/lib/python3.11/site-packages/airflow/example_dags/example_params_trigger_ui.py
[2024-11-21T11:51:28.384+0000] {processor.py:925} INFO - DAG(s) 'example_params_trigger_ui' retrieved from /home/airflow/.local/lib/python3.11/site-packages/airflow/example_dags/example_params_trigger_ui.py
[2024-11-21T11:51:28.410+0000] {logging_mixin.py:190} INFO - [2024-11-21T11:51:28.410+0000] {dag.py:3239} INFO - Sync 1 DAGs
[2024-11-21T11:51:28.418+0000] {logging_mixin.py:190} INFO - [2024-11-21T11:51:28.418+0000] {dag.py:4180} INFO - Setting next_dagrun for example_params_trigger_ui to None, run_after=None
[2024-11-21T11:51:28.427+0000] {processor.py:208} INFO - Processing /home/airflow/.local/lib/python3.11/site-packages/airflow/example_dags/example_params_trigger_ui.py took 0.055 seconds
[2024-11-21T11:51:59.269+0000] {processor.py:186} INFO - Started process (PID=427) to work on /home/airflow/.local/lib/python3.11/site-packages/airflow/example_dags/example_params_trigger_ui.py
[2024-11-21T11:51:59.272+0000] {processor.py:914} INFO - Processing file /home/airflow/.local/lib/python3.11/site-packages/airflow/example_dags/example_params_trigger_ui.py for tasks to queue
[2024-11-21T11:51:59.276+0000] {logging_mixin.py:190} INFO - [2024-11-21T11:51:59.276+0000] {dagbag.py:588} INFO - Filling up the DagBag from /home/airflow/.local/lib/python3.11/site-packages/airflow/example_dags/example_params_trigger_ui.py
[2024-11-21T11:51:59.296+0000] {processor.py:925} INFO - DAG(s) 'example_params_trigger_ui' retrieved from /home/airflow/.local/lib/python3.11/site-packages/airflow/example_dags/example_params_trigger_ui.py
[2024-11-21T11:51:59.332+0000] {logging_mixin.py:190} INFO - [2024-11-21T11:51:59.332+0000] {dag.py:3239} INFO - Sync 1 DAGs
[2024-11-21T11:51:59.345+0000] {logging_mixin.py:190} INFO - [2024-11-21T11:51:59.345+0000] {dag.py:4180} INFO - Setting next_dagrun for example_params_trigger_ui to None, run_after=None
[2024-11-21T11:51:59.368+0000] {processor.py:208} INFO - Processing /home/airflow/.local/lib/python3.11/site-packages/airflow/example_dags/example_params_trigger_ui.py took 0.113 seconds
[2024-11-21T11:52:30.173+0000] {processor.py:186} INFO - Started process (PID=491) to work on /home/airflow/.local/lib/python3.11/site-packages/airflow/example_dags/example_params_trigger_ui.py
[2024-11-21T11:52:30.180+0000] {processor.py:914} INFO - Processing file /home/airflow/.local/lib/python3.11/site-packages/airflow/example_dags/example_params_trigger_ui.py for tasks to queue
[2024-11-21T11:52:30.188+0000] {logging_mixin.py:190} INFO - [2024-11-21T11:52:30.187+0000] {dagbag.py:588} INFO - Filling up the DagBag from /home/airflow/.local/lib/python3.11/site-packages/airflow/example_dags/example_params_trigger_ui.py
[2024-11-21T11:52:30.204+0000] {processor.py:925} INFO - DAG(s) 'example_params_trigger_ui' retrieved from /home/airflow/.local/lib/python3.11/site-packages/airflow/example_dags/example_params_trigger_ui.py
[2024-11-21T11:52:30.250+0000] {logging_mixin.py:190} INFO - [2024-11-21T11:52:30.250+0000] {dag.py:3239} INFO - Sync 1 DAGs
[2024-11-21T11:52:30.266+0000] {logging_mixin.py:190} INFO - [2024-11-21T11:52:30.266+0000] {dag.py:4180} INFO - Setting next_dagrun for example_params_trigger_ui to None, run_after=None
[2024-11-21T11:52:30.279+0000] {processor.py:208} INFO - Processing /home/airflow/.local/lib/python3.11/site-packages/airflow/example_dags/example_params_trigger_ui.py took 0.123 seconds
[2024-11-21T11:53:01.029+0000] {processor.py:186} INFO - Started process (PID=555) to work on /home/airflow/.local/lib/python3.11/site-packages/airflow/example_dags/example_params_trigger_ui.py
[2024-11-21T11:53:01.030+0000] {processor.py:914} INFO - Processing file /home/airflow/.local/lib/python3.11/site-packages/airflow/example_dags/example_params_trigger_ui.py for tasks to queue
[2024-11-21T11:53:01.033+0000] {logging_mixin.py:190} INFO - [2024-11-21T11:53:01.033+0000] {dagbag.py:588} INFO - Filling up the DagBag from /home/airflow/.local/lib/python3.11/site-packages/airflow/example_dags/example_params_trigger_ui.py
[2024-11-21T11:53:01.047+0000] {processor.py:925} INFO - DAG(s) 'example_params_trigger_ui' retrieved from /home/airflow/.local/lib/python3.11/site-packages/airflow/example_dags/example_params_trigger_ui.py
[2024-11-21T11:53:01.077+0000] {logging_mixin.py:190} INFO - [2024-11-21T11:53:01.077+0000] {dag.py:3239} INFO - Sync 1 DAGs
[2024-11-21T11:53:01.086+0000] {logging_mixin.py:190} INFO - [2024-11-21T11:53:01.086+0000] {dag.py:4180} INFO - Setting next_dagrun for example_params_trigger_ui to None, run_after=None
[2024-11-21T11:53:01.098+0000] {processor.py:208} INFO - Processing /home/airflow/.local/lib/python3.11/site-packages/airflow/example_dags/example_params_trigger_ui.py took 0.078 seconds
[2024-11-21T11:53:31.821+0000] {processor.py:186} INFO - Started process (PID=619) to work on /home/airflow/.local/lib/python3.11/site-packages/airflow/example_dags/example_params_trigger_ui.py
[2024-11-21T11:53:31.822+0000] {processor.py:914} INFO - Processing file /home/airflow/.local/lib/python3.11/site-packages/airflow/example_dags/example_params_trigger_ui.py for tasks to queue
[2024-11-21T11:53:31.824+0000] {logging_mixin.py:190} INFO - [2024-11-21T11:53:31.824+0000] {dagbag.py:588} INFO - Filling up the DagBag from /home/airflow/.local/lib/python3.11/site-packages/airflow/example_dags/example_params_trigger_ui.py
[2024-11-21T11:53:31.834+0000] {processor.py:925} INFO - DAG(s) 'example_params_trigger_ui' retrieved from /home/airflow/.local/lib/python3.11/site-packages/airflow/example_dags/example_params_trigger_ui.py
[2024-11-21T11:53:31.859+0000] {logging_mixin.py:190} INFO - [2024-11-21T11:53:31.858+0000] {dag.py:3239} INFO - Sync 1 DAGs
[2024-11-21T11:53:31.868+0000] {logging_mixin.py:190} INFO - [2024-11-21T11:53:31.868+0000] {dag.py:4180} INFO - Setting next_dagrun for example_params_trigger_ui to None, run_after=None
[2024-11-21T11:53:31.878+0000] {processor.py:208} INFO - Processing /home/airflow/.local/lib/python3.11/site-packages/airflow/example_dags/example_params_trigger_ui.py took 0.062 seconds
[2024-11-21T11:54:02.185+0000] {processor.py:186} INFO - Started process (PID=693) to work on /home/airflow/.local/lib/python3.11/site-packages/airflow/example_dags/example_params_trigger_ui.py
[2024-11-21T11:54:02.193+0000] {processor.py:914} INFO - Processing file /home/airflow/.local/lib/python3.11/site-packages/airflow/example_dags/example_params_trigger_ui.py for tasks to queue
[2024-11-21T11:54:02.208+0000] {logging_mixin.py:190} INFO - [2024-11-21T11:54:02.205+0000] {dagbag.py:588} INFO - Filling up the DagBag from /home/airflow/.local/lib/python3.11/site-packages/airflow/example_dags/example_params_trigger_ui.py
[2024-11-21T11:54:02.323+0000] {processor.py:925} INFO - DAG(s) 'example_params_trigger_ui' retrieved from /home/airflow/.local/lib/python3.11/site-packages/airflow/example_dags/example_params_trigger_ui.py
[2024-11-21T11:54:02.600+0000] {logging_mixin.py:190} INFO - [2024-11-21T11:54:02.598+0000] {dag.py:3239} INFO - Sync 1 DAGs
[2024-11-21T11:54:02.661+0000] {logging_mixin.py:190} INFO - [2024-11-21T11:54:02.660+0000] {dag.py:4180} INFO - Setting next_dagrun for example_params_trigger_ui to None, run_after=None
[2024-11-21T11:54:02.731+0000] {processor.py:208} INFO - Processing /home/airflow/.local/lib/python3.11/site-packages/airflow/example_dags/example_params_trigger_ui.py took 0.578 seconds
[2024-11-21T11:55:28.659+0000] {processor.py:186} INFO - Started process (PID=810) to work on /home/airflow/.local/lib/python3.11/site-packages/airflow/example_dags/example_params_trigger_ui.py
[2024-11-21T11:55:28.669+0000] {processor.py:914} INFO - Processing file /home/airflow/.local/lib/python3.11/site-packages/airflow/example_dags/example_params_trigger_ui.py for tasks to queue
[2024-11-21T11:55:28.681+0000] {logging_mixin.py:190} INFO - [2024-11-21T11:55:28.678+0000] {dagbag.py:588} INFO - Filling up the DagBag from /home/airflow/.local/lib/python3.11/site-packages/airflow/example_dags/example_params_trigger_ui.py
[2024-11-21T11:55:28.819+0000] {processor.py:925} INFO - DAG(s) 'example_params_trigger_ui' retrieved from /home/airflow/.local/lib/python3.11/site-packages/airflow/example_dags/example_params_trigger_ui.py
[2024-11-21T11:55:29.316+0000] {logging_mixin.py:190} INFO - [2024-11-21T11:55:29.304+0000] {dag.py:3239} INFO - Sync 1 DAGs
[2024-11-21T11:55:29.669+0000] {logging_mixin.py:190} INFO - [2024-11-21T11:55:29.654+0000] {dag.py:4180} INFO - Setting next_dagrun for example_params_trigger_ui to None, run_after=None
[2024-11-21T11:55:31.002+0000] {processor.py:208} INFO - Processing /home/airflow/.local/lib/python3.11/site-packages/airflow/example_dags/example_params_trigger_ui.py took 2.438 seconds
[2024-11-21T11:56:32.710+0000] {processor.py:186} INFO - Started process (PID=901) to work on /home/airflow/.local/lib/python3.11/site-packages/airflow/example_dags/example_params_trigger_ui.py
[2024-11-21T11:56:32.712+0000] {processor.py:914} INFO - Processing file /home/airflow/.local/lib/python3.11/site-packages/airflow/example_dags/example_params_trigger_ui.py for tasks to queue
[2024-11-21T11:56:32.719+0000] {logging_mixin.py:190} INFO - [2024-11-21T11:56:32.717+0000] {dagbag.py:588} INFO - Filling up the DagBag from /home/airflow/.local/lib/python3.11/site-packages/airflow/example_dags/example_params_trigger_ui.py
[2024-11-21T11:56:32.749+0000] {processor.py:925} INFO - DAG(s) 'example_params_trigger_ui' retrieved from /home/airflow/.local/lib/python3.11/site-packages/airflow/example_dags/example_params_trigger_ui.py
[2024-11-21T11:56:32.815+0000] {logging_mixin.py:190} INFO - [2024-11-21T11:56:32.814+0000] {dag.py:3239} INFO - Sync 1 DAGs
[2024-11-21T11:56:32.860+0000] {logging_mixin.py:190} INFO - [2024-11-21T11:56:32.859+0000] {dag.py:4180} INFO - Setting next_dagrun for example_params_trigger_ui to None, run_after=None
[2024-11-21T11:56:32.907+0000] {processor.py:208} INFO - Processing /home/airflow/.local/lib/python3.11/site-packages/airflow/example_dags/example_params_trigger_ui.py took 0.207 seconds
[2024-11-21T11:57:03.379+0000] {processor.py:186} INFO - Started process (PID=965) to work on /home/airflow/.local/lib/python3.11/site-packages/airflow/example_dags/example_params_trigger_ui.py
[2024-11-21T11:57:03.380+0000] {processor.py:914} INFO - Processing file /home/airflow/.local/lib/python3.11/site-packages/airflow/example_dags/example_params_trigger_ui.py for tasks to queue
[2024-11-21T11:57:03.381+0000] {logging_mixin.py:190} INFO - [2024-11-21T11:57:03.381+0000] {dagbag.py:588} INFO - Filling up the DagBag from /home/airflow/.local/lib/python3.11/site-packages/airflow/example_dags/example_params_trigger_ui.py
[2024-11-21T11:57:03.387+0000] {processor.py:925} INFO - DAG(s) 'example_params_trigger_ui' retrieved from /home/airflow/.local/lib/python3.11/site-packages/airflow/example_dags/example_params_trigger_ui.py
[2024-11-21T11:57:03.408+0000] {logging_mixin.py:190} INFO - [2024-11-21T11:57:03.408+0000] {dag.py:3239} INFO - Sync 1 DAGs
[2024-11-21T11:57:03.417+0000] {logging_mixin.py:190} INFO - [2024-11-21T11:57:03.416+0000] {dag.py:4180} INFO - Setting next_dagrun for example_params_trigger_ui to None, run_after=None
[2024-11-21T11:57:03.425+0000] {processor.py:208} INFO - Processing /home/airflow/.local/lib/python3.11/site-packages/airflow/example_dags/example_params_trigger_ui.py took 0.050 seconds
[2024-11-21T11:57:33.550+0000] {processor.py:186} INFO - Started process (PID=1030) to work on /home/airflow/.local/lib/python3.11/site-packages/airflow/example_dags/example_params_trigger_ui.py
[2024-11-21T11:57:33.551+0000] {processor.py:914} INFO - Processing file /home/airflow/.local/lib/python3.11/site-packages/airflow/example_dags/example_params_trigger_ui.py for tasks to queue
[2024-11-21T11:57:33.553+0000] {logging_mixin.py:190} INFO - [2024-11-21T11:57:33.553+0000] {dagbag.py:588} INFO - Filling up the DagBag from /home/airflow/.local/lib/python3.11/site-packages/airflow/example_dags/example_params_trigger_ui.py
[2024-11-21T11:57:33.559+0000] {processor.py:925} INFO - DAG(s) 'example_params_trigger_ui' retrieved from /home/airflow/.local/lib/python3.11/site-packages/airflow/example_dags/example_params_trigger_ui.py
[2024-11-21T11:57:33.579+0000] {logging_mixin.py:190} INFO - [2024-11-21T11:57:33.579+0000] {dag.py:3239} INFO - Sync 1 DAGs
[2024-11-21T11:57:33.586+0000] {logging_mixin.py:190} INFO - [2024-11-21T11:57:33.586+0000] {dag.py:4180} INFO - Setting next_dagrun for example_params_trigger_ui to None, run_after=None
[2024-11-21T11:57:33.595+0000] {processor.py:208} INFO - Processing /home/airflow/.local/lib/python3.11/site-packages/airflow/example_dags/example_params_trigger_ui.py took 0.048 seconds
[2024-11-21T11:58:04.429+0000] {processor.py:186} INFO - Started process (PID=1094) to work on /home/airflow/.local/lib/python3.11/site-packages/airflow/example_dags/example_params_trigger_ui.py
[2024-11-21T11:58:04.434+0000] {processor.py:914} INFO - Processing file /home/airflow/.local/lib/python3.11/site-packages/airflow/example_dags/example_params_trigger_ui.py for tasks to queue
[2024-11-21T11:58:04.436+0000] {logging_mixin.py:190} INFO - [2024-11-21T11:58:04.436+0000] {dagbag.py:588} INFO - Filling up the DagBag from /home/airflow/.local/lib/python3.11/site-packages/airflow/example_dags/example_params_trigger_ui.py
[2024-11-21T11:58:04.442+0000] {processor.py:925} INFO - DAG(s) 'example_params_trigger_ui' retrieved from /home/airflow/.local/lib/python3.11/site-packages/airflow/example_dags/example_params_trigger_ui.py
[2024-11-21T11:58:04.462+0000] {logging_mixin.py:190} INFO - [2024-11-21T11:58:04.462+0000] {dag.py:3239} INFO - Sync 1 DAGs
[2024-11-21T11:58:04.471+0000] {logging_mixin.py:190} INFO - [2024-11-21T11:58:04.471+0000] {dag.py:4180} INFO - Setting next_dagrun for example_params_trigger_ui to None, run_after=None
[2024-11-21T11:58:04.480+0000] {processor.py:208} INFO - Processing /home/airflow/.local/lib/python3.11/site-packages/airflow/example_dags/example_params_trigger_ui.py took 0.054 seconds
[2024-11-21T11:58:35.008+0000] {processor.py:186} INFO - Started process (PID=1158) to work on /home/airflow/.local/lib/python3.11/site-packages/airflow/example_dags/example_params_trigger_ui.py
[2024-11-21T11:58:35.009+0000] {processor.py:914} INFO - Processing file /home/airflow/.local/lib/python3.11/site-packages/airflow/example_dags/example_params_trigger_ui.py for tasks to queue
[2024-11-21T11:58:35.010+0000] {logging_mixin.py:190} INFO - [2024-11-21T11:58:35.010+0000] {dagbag.py:588} INFO - Filling up the DagBag from /home/airflow/.local/lib/python3.11/site-packages/airflow/example_dags/example_params_trigger_ui.py
[2024-11-21T11:58:35.016+0000] {processor.py:925} INFO - DAG(s) 'example_params_trigger_ui' retrieved from /home/airflow/.local/lib/python3.11/site-packages/airflow/example_dags/example_params_trigger_ui.py
[2024-11-21T11:58:35.035+0000] {logging_mixin.py:190} INFO - [2024-11-21T11:58:35.035+0000] {dag.py:3239} INFO - Sync 1 DAGs
[2024-11-21T11:58:35.042+0000] {logging_mixin.py:190} INFO - [2024-11-21T11:58:35.042+0000] {dag.py:4180} INFO - Setting next_dagrun for example_params_trigger_ui to None, run_after=None
[2024-11-21T11:58:35.050+0000] {processor.py:208} INFO - Processing /home/airflow/.local/lib/python3.11/site-packages/airflow/example_dags/example_params_trigger_ui.py took 0.046 seconds
[2024-11-21T11:59:05.751+0000] {processor.py:186} INFO - Started process (PID=1222) to work on /home/airflow/.local/lib/python3.11/site-packages/airflow/example_dags/example_params_trigger_ui.py
[2024-11-21T11:59:05.752+0000] {processor.py:914} INFO - Processing file /home/airflow/.local/lib/python3.11/site-packages/airflow/example_dags/example_params_trigger_ui.py for tasks to queue
[2024-11-21T11:59:05.754+0000] {logging_mixin.py:190} INFO - [2024-11-21T11:59:05.753+0000] {dagbag.py:588} INFO - Filling up the DagBag from /home/airflow/.local/lib/python3.11/site-packages/airflow/example_dags/example_params_trigger_ui.py
[2024-11-21T11:59:05.760+0000] {processor.py:925} INFO - DAG(s) 'example_params_trigger_ui' retrieved from /home/airflow/.local/lib/python3.11/site-packages/airflow/example_dags/example_params_trigger_ui.py
[2024-11-21T11:59:05.780+0000] {logging_mixin.py:190} INFO - [2024-11-21T11:59:05.779+0000] {dag.py:3239} INFO - Sync 1 DAGs
[2024-11-21T11:59:05.787+0000] {logging_mixin.py:190} INFO - [2024-11-21T11:59:05.787+0000] {dag.py:4180} INFO - Setting next_dagrun for example_params_trigger_ui to None, run_after=None
[2024-11-21T11:59:05.796+0000] {processor.py:208} INFO - Processing /home/airflow/.local/lib/python3.11/site-packages/airflow/example_dags/example_params_trigger_ui.py took 0.048 seconds
[2024-11-21T11:59:36.602+0000] {processor.py:186} INFO - Started process (PID=1286) to work on /home/airflow/.local/lib/python3.11/site-packages/airflow/example_dags/example_params_trigger_ui.py
[2024-11-21T11:59:36.603+0000] {processor.py:914} INFO - Processing file /home/airflow/.local/lib/python3.11/site-packages/airflow/example_dags/example_params_trigger_ui.py for tasks to queue
[2024-11-21T11:59:36.604+0000] {logging_mixin.py:190} INFO - [2024-11-21T11:59:36.604+0000] {dagbag.py:588} INFO - Filling up the DagBag from /home/airflow/.local/lib/python3.11/site-packages/airflow/example_dags/example_params_trigger_ui.py
[2024-11-21T11:59:36.610+0000] {processor.py:925} INFO - DAG(s) 'example_params_trigger_ui' retrieved from /home/airflow/.local/lib/python3.11/site-packages/airflow/example_dags/example_params_trigger_ui.py
[2024-11-21T11:59:36.629+0000] {logging_mixin.py:190} INFO - [2024-11-21T11:59:36.629+0000] {dag.py:3239} INFO - Sync 1 DAGs
[2024-11-21T11:59:36.637+0000] {logging_mixin.py:190} INFO - [2024-11-21T11:59:36.636+0000] {dag.py:4180} INFO - Setting next_dagrun for example_params_trigger_ui to None, run_after=None
[2024-11-21T11:59:36.645+0000] {processor.py:208} INFO - Processing /home/airflow/.local/lib/python3.11/site-packages/airflow/example_dags/example_params_trigger_ui.py took 0.047 seconds
[2024-11-21T12:00:07.637+0000] {processor.py:186} INFO - Started process (PID=1351) to work on /home/airflow/.local/lib/python3.11/site-packages/airflow/example_dags/example_params_trigger_ui.py
[2024-11-21T12:00:07.637+0000] {processor.py:914} INFO - Processing file /home/airflow/.local/lib/python3.11/site-packages/airflow/example_dags/example_params_trigger_ui.py for tasks to queue
[2024-11-21T12:00:07.639+0000] {logging_mixin.py:190} INFO - [2024-11-21T12:00:07.639+0000] {dagbag.py:588} INFO - Filling up the DagBag from /home/airflow/.local/lib/python3.11/site-packages/airflow/example_dags/example_params_trigger_ui.py
[2024-11-21T12:00:07.645+0000] {processor.py:925} INFO - DAG(s) 'example_params_trigger_ui' retrieved from /home/airflow/.local/lib/python3.11/site-packages/airflow/example_dags/example_params_trigger_ui.py
[2024-11-21T12:00:07.664+0000] {logging_mixin.py:190} INFO - [2024-11-21T12:00:07.664+0000] {dag.py:3239} INFO - Sync 1 DAGs
[2024-11-21T12:00:07.672+0000] {logging_mixin.py:190} INFO - [2024-11-21T12:00:07.671+0000] {dag.py:4180} INFO - Setting next_dagrun for example_params_trigger_ui to None, run_after=None
[2024-11-21T12:00:07.680+0000] {processor.py:208} INFO - Processing /home/airflow/.local/lib/python3.11/site-packages/airflow/example_dags/example_params_trigger_ui.py took 0.047 seconds
[2024-11-21T12:03:59.851+0000] {processor.py:186} INFO - Started process (PID=1450) to work on /home/airflow/.local/lib/python3.11/site-packages/airflow/example_dags/example_params_trigger_ui.py
[2024-11-21T12:03:59.852+0000] {processor.py:914} INFO - Processing file /home/airflow/.local/lib/python3.11/site-packages/airflow/example_dags/example_params_trigger_ui.py for tasks to queue
[2024-11-21T12:03:59.853+0000] {logging_mixin.py:190} INFO - [2024-11-21T12:03:59.853+0000] {dagbag.py:588} INFO - Filling up the DagBag from /home/airflow/.local/lib/python3.11/site-packages/airflow/example_dags/example_params_trigger_ui.py
[2024-11-21T12:03:59.865+0000] {processor.py:925} INFO - DAG(s) 'example_params_trigger_ui' retrieved from /home/airflow/.local/lib/python3.11/site-packages/airflow/example_dags/example_params_trigger_ui.py
[2024-11-21T12:03:59.901+0000] {logging_mixin.py:190} INFO - [2024-11-21T12:03:59.901+0000] {dag.py:3239} INFO - Sync 1 DAGs
[2024-11-21T12:03:59.917+0000] {logging_mixin.py:190} INFO - [2024-11-21T12:03:59.917+0000] {dag.py:4180} INFO - Setting next_dagrun for example_params_trigger_ui to None, run_after=None
[2024-11-21T12:03:59.935+0000] {processor.py:208} INFO - Processing /home/airflow/.local/lib/python3.11/site-packages/airflow/example_dags/example_params_trigger_ui.py took 0.090 seconds
[2024-11-21T12:43:03.458+0000] {processor.py:186} INFO - Started process (PID=1545) to work on /home/airflow/.local/lib/python3.11/site-packages/airflow/example_dags/example_params_trigger_ui.py
[2024-11-21T12:43:03.465+0000] {processor.py:914} INFO - Processing file /home/airflow/.local/lib/python3.11/site-packages/airflow/example_dags/example_params_trigger_ui.py for tasks to queue
[2024-11-21T12:43:03.470+0000] {logging_mixin.py:190} INFO - [2024-11-21T12:43:03.468+0000] {dagbag.py:588} INFO - Filling up the DagBag from /home/airflow/.local/lib/python3.11/site-packages/airflow/example_dags/example_params_trigger_ui.py
[2024-11-21T12:43:03.536+0000] {processor.py:925} INFO - DAG(s) 'example_params_trigger_ui' retrieved from /home/airflow/.local/lib/python3.11/site-packages/airflow/example_dags/example_params_trigger_ui.py
[2024-11-21T12:43:03.728+0000] {logging_mixin.py:190} INFO - [2024-11-21T12:43:03.727+0000] {dag.py:3239} INFO - Sync 1 DAGs
[2024-11-21T12:43:03.830+0000] {logging_mixin.py:190} INFO - [2024-11-21T12:43:03.828+0000] {dag.py:4180} INFO - Setting next_dagrun for example_params_trigger_ui to None, run_after=None
[2024-11-21T12:43:03.928+0000] {processor.py:208} INFO - Processing /home/airflow/.local/lib/python3.11/site-packages/airflow/example_dags/example_params_trigger_ui.py took 0.522 seconds
[2024-11-21T13:28:58.405+0000] {processor.py:186} INFO - Started process (PID=1705) to work on /home/airflow/.local/lib/python3.11/site-packages/airflow/example_dags/example_params_trigger_ui.py
[2024-11-21T13:28:58.410+0000] {processor.py:914} INFO - Processing file /home/airflow/.local/lib/python3.11/site-packages/airflow/example_dags/example_params_trigger_ui.py for tasks to queue
[2024-11-21T13:28:58.419+0000] {logging_mixin.py:190} INFO - [2024-11-21T13:28:58.417+0000] {dagbag.py:588} INFO - Filling up the DagBag from /home/airflow/.local/lib/python3.11/site-packages/airflow/example_dags/example_params_trigger_ui.py
[2024-11-21T13:28:58.469+0000] {processor.py:925} INFO - DAG(s) 'example_params_trigger_ui' retrieved from /home/airflow/.local/lib/python3.11/site-packages/airflow/example_dags/example_params_trigger_ui.py
[2024-11-21T13:28:58.606+0000] {logging_mixin.py:190} INFO - [2024-11-21T13:28:58.605+0000] {dag.py:3239} INFO - Sync 1 DAGs
[2024-11-21T13:28:58.660+0000] {logging_mixin.py:190} INFO - [2024-11-21T13:28:58.659+0000] {dag.py:4180} INFO - Setting next_dagrun for example_params_trigger_ui to None, run_after=None
[2024-11-21T13:28:58.749+0000] {processor.py:208} INFO - Processing /home/airflow/.local/lib/python3.11/site-packages/airflow/example_dags/example_params_trigger_ui.py took 0.366 seconds
[2024-11-21T14:33:30.696+0000] {processor.py:186} INFO - Started process (PID=1782) to work on /home/airflow/.local/lib/python3.11/site-packages/airflow/example_dags/example_params_trigger_ui.py
[2024-11-21T14:33:30.803+0000] {processor.py:914} INFO - Processing file /home/airflow/.local/lib/python3.11/site-packages/airflow/example_dags/example_params_trigger_ui.py for tasks to queue
[2024-11-21T14:33:30.889+0000] {logging_mixin.py:190} INFO - [2024-11-21T14:33:30.866+0000] {dagbag.py:588} INFO - Filling up the DagBag from /home/airflow/.local/lib/python3.11/site-packages/airflow/example_dags/example_params_trigger_ui.py
[2024-11-21T14:33:31.927+0000] {processor.py:925} INFO - DAG(s) 'example_params_trigger_ui' retrieved from /home/airflow/.local/lib/python3.11/site-packages/airflow/example_dags/example_params_trigger_ui.py
[2024-11-21T14:33:35.689+0000] {logging_mixin.py:190} INFO - [2024-11-21T14:33:35.432+0000] {dag.py:3239} INFO - Sync 1 DAGs
[2024-11-21T14:33:37.457+0000] {logging_mixin.py:190} INFO - [2024-11-21T14:33:37.405+0000] {dag.py:4180} INFO - Setting next_dagrun for example_params_trigger_ui to None, run_after=None
[2024-11-21T14:33:38.491+0000] {processor.py:208} INFO - Processing /home/airflow/.local/lib/python3.11/site-packages/airflow/example_dags/example_params_trigger_ui.py took 8.439 seconds
