[2024-11-21T11:49:13.583+0000] {processor.py:186} INFO - Started process (PID=97) to work on /home/airflow/.local/lib/python3.11/site-packages/airflow/example_dags/example_inlet_event_extra.py
[2024-11-21T11:49:13.586+0000] {processor.py:914} INFO - Processing file /home/airflow/.local/lib/python3.11/site-packages/airflow/example_dags/example_inlet_event_extra.py for tasks to queue
[2024-11-21T11:49:13.594+0000] {logging_mixin.py:190} INFO - [2024-11-21T11:49:13.593+0000] {dagbag.py:588} INFO - Filling up the DagBag from /home/airflow/.local/lib/python3.11/site-packages/airflow/example_dags/example_inlet_event_extra.py
[2024-11-21T11:49:15.980+0000] {processor.py:925} INFO - DAG(s) 'read_dataset_event_from_classic', 'read_dataset_event' retrieved from /home/airflow/.local/lib/python3.11/site-packages/airflow/example_dags/example_inlet_event_extra.py
[2024-11-21T11:49:16.088+0000] {logging_mixin.py:190} INFO - [2024-11-21T11:49:16.086+0000] {dag.py:3239} INFO - Sync 2 DAGs
[2024-11-21T11:49:16.204+0000] {logging_mixin.py:190} INFO - [2024-11-21T11:49:16.203+0000] {dag.py:4180} INFO - Setting next_dagrun for read_dataset_event to 2024-11-20 00:00:00+00:00, run_after=2024-11-21 00:00:00+00:00
[2024-11-21T11:49:16.229+0000] {logging_mixin.py:190} INFO - [2024-11-21T11:49:16.228+0000] {dag.py:4180} INFO - Setting next_dagrun for read_dataset_event_from_classic to 2024-11-20 00:00:00+00:00, run_after=2024-11-21 00:00:00+00:00
[2024-11-21T11:49:16.317+0000] {processor.py:208} INFO - Processing /home/airflow/.local/lib/python3.11/site-packages/airflow/example_dags/example_inlet_event_extra.py took 2.747 seconds
[2024-11-21T11:49:46.491+0000] {processor.py:186} INFO - Started process (PID=161) to work on /home/airflow/.local/lib/python3.11/site-packages/airflow/example_dags/example_inlet_event_extra.py
[2024-11-21T11:49:46.492+0000] {processor.py:914} INFO - Processing file /home/airflow/.local/lib/python3.11/site-packages/airflow/example_dags/example_inlet_event_extra.py for tasks to queue
[2024-11-21T11:49:46.495+0000] {logging_mixin.py:190} INFO - [2024-11-21T11:49:46.495+0000] {dagbag.py:588} INFO - Filling up the DagBag from /home/airflow/.local/lib/python3.11/site-packages/airflow/example_dags/example_inlet_event_extra.py
[2024-11-21T11:49:46.706+0000] {processor.py:925} INFO - DAG(s) 'read_dataset_event_from_classic', 'read_dataset_event' retrieved from /home/airflow/.local/lib/python3.11/site-packages/airflow/example_dags/example_inlet_event_extra.py
[2024-11-21T11:49:46.718+0000] {logging_mixin.py:190} INFO - [2024-11-21T11:49:46.718+0000] {dag.py:3239} INFO - Sync 2 DAGs
[2024-11-21T11:49:46.730+0000] {logging_mixin.py:190} INFO - [2024-11-21T11:49:46.730+0000] {dag.py:4180} INFO - Setting next_dagrun for read_dataset_event to 2024-11-20 00:00:00+00:00, run_after=2024-11-21 00:00:00+00:00
[2024-11-21T11:49:46.732+0000] {logging_mixin.py:190} INFO - [2024-11-21T11:49:46.732+0000] {dag.py:4180} INFO - Setting next_dagrun for read_dataset_event_from_classic to 2024-11-20 00:00:00+00:00, run_after=2024-11-21 00:00:00+00:00
[2024-11-21T11:49:46.743+0000] {processor.py:208} INFO - Processing /home/airflow/.local/lib/python3.11/site-packages/airflow/example_dags/example_inlet_event_extra.py took 0.258 seconds
[2024-11-21T11:50:16.946+0000] {processor.py:186} INFO - Started process (PID=225) to work on /home/airflow/.local/lib/python3.11/site-packages/airflow/example_dags/example_inlet_event_extra.py
[2024-11-21T11:50:16.948+0000] {processor.py:914} INFO - Processing file /home/airflow/.local/lib/python3.11/site-packages/airflow/example_dags/example_inlet_event_extra.py for tasks to queue
[2024-11-21T11:50:16.953+0000] {logging_mixin.py:190} INFO - [2024-11-21T11:50:16.952+0000] {dagbag.py:588} INFO - Filling up the DagBag from /home/airflow/.local/lib/python3.11/site-packages/airflow/example_dags/example_inlet_event_extra.py
[2024-11-21T11:50:17.340+0000] {processor.py:925} INFO - DAG(s) 'read_dataset_event', 'read_dataset_event_from_classic' retrieved from /home/airflow/.local/lib/python3.11/site-packages/airflow/example_dags/example_inlet_event_extra.py
[2024-11-21T11:50:17.362+0000] {logging_mixin.py:190} INFO - [2024-11-21T11:50:17.362+0000] {dag.py:3239} INFO - Sync 2 DAGs
[2024-11-21T11:50:17.377+0000] {logging_mixin.py:190} INFO - [2024-11-21T11:50:17.377+0000] {dag.py:4180} INFO - Setting next_dagrun for read_dataset_event to 2024-11-20 00:00:00+00:00, run_after=2024-11-21 00:00:00+00:00
[2024-11-21T11:50:17.380+0000] {logging_mixin.py:190} INFO - [2024-11-21T11:50:17.380+0000] {dag.py:4180} INFO - Setting next_dagrun for read_dataset_event_from_classic to 2024-11-20 00:00:00+00:00, run_after=2024-11-21 00:00:00+00:00
[2024-11-21T11:50:17.389+0000] {processor.py:208} INFO - Processing /home/airflow/.local/lib/python3.11/site-packages/airflow/example_dags/example_inlet_event_extra.py took 0.453 seconds
[2024-11-21T11:50:48.227+0000] {processor.py:186} INFO - Started process (PID=289) to work on /home/airflow/.local/lib/python3.11/site-packages/airflow/example_dags/example_inlet_event_extra.py
[2024-11-21T11:50:48.230+0000] {processor.py:914} INFO - Processing file /home/airflow/.local/lib/python3.11/site-packages/airflow/example_dags/example_inlet_event_extra.py for tasks to queue
[2024-11-21T11:50:48.233+0000] {logging_mixin.py:190} INFO - [2024-11-21T11:50:48.233+0000] {dagbag.py:588} INFO - Filling up the DagBag from /home/airflow/.local/lib/python3.11/site-packages/airflow/example_dags/example_inlet_event_extra.py
[2024-11-21T11:50:48.618+0000] {processor.py:925} INFO - DAG(s) 'read_dataset_event_from_classic', 'read_dataset_event' retrieved from /home/airflow/.local/lib/python3.11/site-packages/airflow/example_dags/example_inlet_event_extra.py
[2024-11-21T11:50:48.634+0000] {logging_mixin.py:190} INFO - [2024-11-21T11:50:48.634+0000] {dag.py:3239} INFO - Sync 2 DAGs
[2024-11-21T11:50:48.645+0000] {logging_mixin.py:190} INFO - [2024-11-21T11:50:48.645+0000] {dag.py:4180} INFO - Setting next_dagrun for read_dataset_event to 2024-11-20 00:00:00+00:00, run_after=2024-11-21 00:00:00+00:00
[2024-11-21T11:50:48.648+0000] {logging_mixin.py:190} INFO - [2024-11-21T11:50:48.648+0000] {dag.py:4180} INFO - Setting next_dagrun for read_dataset_event_from_classic to 2024-11-20 00:00:00+00:00, run_after=2024-11-21 00:00:00+00:00
[2024-11-21T11:50:48.656+0000] {processor.py:208} INFO - Processing /home/airflow/.local/lib/python3.11/site-packages/airflow/example_dags/example_inlet_event_extra.py took 0.439 seconds
[2024-11-21T11:51:19.706+0000] {processor.py:186} INFO - Started process (PID=354) to work on /home/airflow/.local/lib/python3.11/site-packages/airflow/example_dags/example_inlet_event_extra.py
[2024-11-21T11:51:19.707+0000] {processor.py:914} INFO - Processing file /home/airflow/.local/lib/python3.11/site-packages/airflow/example_dags/example_inlet_event_extra.py for tasks to queue
[2024-11-21T11:51:19.708+0000] {logging_mixin.py:190} INFO - [2024-11-21T11:51:19.708+0000] {dagbag.py:588} INFO - Filling up the DagBag from /home/airflow/.local/lib/python3.11/site-packages/airflow/example_dags/example_inlet_event_extra.py
[2024-11-21T11:51:19.784+0000] {processor.py:925} INFO - DAG(s) 'read_dataset_event_from_classic', 'read_dataset_event' retrieved from /home/airflow/.local/lib/python3.11/site-packages/airflow/example_dags/example_inlet_event_extra.py
[2024-11-21T11:51:19.808+0000] {logging_mixin.py:190} INFO - [2024-11-21T11:51:19.807+0000] {dag.py:3239} INFO - Sync 2 DAGs
[2024-11-21T11:51:19.820+0000] {logging_mixin.py:190} INFO - [2024-11-21T11:51:19.820+0000] {dag.py:4180} INFO - Setting next_dagrun for read_dataset_event to 2024-11-20 00:00:00+00:00, run_after=2024-11-21 00:00:00+00:00
[2024-11-21T11:51:19.822+0000] {logging_mixin.py:190} INFO - [2024-11-21T11:51:19.822+0000] {dag.py:4180} INFO - Setting next_dagrun for read_dataset_event_from_classic to 2024-11-20 00:00:00+00:00, run_after=2024-11-21 00:00:00+00:00
[2024-11-21T11:51:19.830+0000] {processor.py:208} INFO - Processing /home/airflow/.local/lib/python3.11/site-packages/airflow/example_dags/example_inlet_event_extra.py took 0.305 seconds
[2024-11-21T11:51:50.610+0000] {processor.py:186} INFO - Started process (PID=418) to work on /home/airflow/.local/lib/python3.11/site-packages/airflow/example_dags/example_inlet_event_extra.py
[2024-11-21T11:51:50.615+0000] {processor.py:914} INFO - Processing file /home/airflow/.local/lib/python3.11/site-packages/airflow/example_dags/example_inlet_event_extra.py for tasks to queue
[2024-11-21T11:51:50.635+0000] {logging_mixin.py:190} INFO - [2024-11-21T11:51:50.634+0000] {dagbag.py:588} INFO - Filling up the DagBag from /home/airflow/.local/lib/python3.11/site-packages/airflow/example_dags/example_inlet_event_extra.py
[2024-11-21T11:51:50.821+0000] {processor.py:925} INFO - DAG(s) 'read_dataset_event_from_classic', 'read_dataset_event' retrieved from /home/airflow/.local/lib/python3.11/site-packages/airflow/example_dags/example_inlet_event_extra.py
[2024-11-21T11:51:50.860+0000] {logging_mixin.py:190} INFO - [2024-11-21T11:51:50.860+0000] {dag.py:3239} INFO - Sync 2 DAGs
[2024-11-21T11:51:50.896+0000] {logging_mixin.py:190} INFO - [2024-11-21T11:51:50.896+0000] {dag.py:4180} INFO - Setting next_dagrun for read_dataset_event to 2024-11-20 00:00:00+00:00, run_after=2024-11-21 00:00:00+00:00
[2024-11-21T11:51:50.899+0000] {logging_mixin.py:190} INFO - [2024-11-21T11:51:50.898+0000] {dag.py:4180} INFO - Setting next_dagrun for read_dataset_event_from_classic to 2024-11-20 00:00:00+00:00, run_after=2024-11-21 00:00:00+00:00
[2024-11-21T11:51:50.915+0000] {processor.py:208} INFO - Processing /home/airflow/.local/lib/python3.11/site-packages/airflow/example_dags/example_inlet_event_extra.py took 0.326 seconds
[2024-11-21T11:52:21.653+0000] {processor.py:186} INFO - Started process (PID=482) to work on /home/airflow/.local/lib/python3.11/site-packages/airflow/example_dags/example_inlet_event_extra.py
[2024-11-21T11:52:21.655+0000] {processor.py:914} INFO - Processing file /home/airflow/.local/lib/python3.11/site-packages/airflow/example_dags/example_inlet_event_extra.py for tasks to queue
[2024-11-21T11:52:21.659+0000] {logging_mixin.py:190} INFO - [2024-11-21T11:52:21.659+0000] {dagbag.py:588} INFO - Filling up the DagBag from /home/airflow/.local/lib/python3.11/site-packages/airflow/example_dags/example_inlet_event_extra.py
[2024-11-21T11:52:21.799+0000] {processor.py:925} INFO - DAG(s) 'read_dataset_event_from_classic', 'read_dataset_event' retrieved from /home/airflow/.local/lib/python3.11/site-packages/airflow/example_dags/example_inlet_event_extra.py
[2024-11-21T11:52:21.820+0000] {logging_mixin.py:190} INFO - [2024-11-21T11:52:21.820+0000] {dag.py:3239} INFO - Sync 2 DAGs
[2024-11-21T11:52:21.839+0000] {logging_mixin.py:190} INFO - [2024-11-21T11:52:21.839+0000] {dag.py:4180} INFO - Setting next_dagrun for read_dataset_event to 2024-11-20 00:00:00+00:00, run_after=2024-11-21 00:00:00+00:00
[2024-11-21T11:52:21.841+0000] {logging_mixin.py:190} INFO - [2024-11-21T11:52:21.841+0000] {dag.py:4180} INFO - Setting next_dagrun for read_dataset_event_from_classic to 2024-11-20 00:00:00+00:00, run_after=2024-11-21 00:00:00+00:00
[2024-11-21T11:52:21.852+0000] {processor.py:208} INFO - Processing /home/airflow/.local/lib/python3.11/site-packages/airflow/example_dags/example_inlet_event_extra.py took 0.210 seconds
[2024-11-21T11:52:52.501+0000] {processor.py:186} INFO - Started process (PID=546) to work on /home/airflow/.local/lib/python3.11/site-packages/airflow/example_dags/example_inlet_event_extra.py
[2024-11-21T11:52:52.503+0000] {processor.py:914} INFO - Processing file /home/airflow/.local/lib/python3.11/site-packages/airflow/example_dags/example_inlet_event_extra.py for tasks to queue
[2024-11-21T11:52:52.506+0000] {logging_mixin.py:190} INFO - [2024-11-21T11:52:52.505+0000] {dagbag.py:588} INFO - Filling up the DagBag from /home/airflow/.local/lib/python3.11/site-packages/airflow/example_dags/example_inlet_event_extra.py
[2024-11-21T11:52:52.597+0000] {processor.py:925} INFO - DAG(s) 'read_dataset_event', 'read_dataset_event_from_classic' retrieved from /home/airflow/.local/lib/python3.11/site-packages/airflow/example_dags/example_inlet_event_extra.py
[2024-11-21T11:52:52.620+0000] {logging_mixin.py:190} INFO - [2024-11-21T11:52:52.620+0000] {dag.py:3239} INFO - Sync 2 DAGs
[2024-11-21T11:52:52.641+0000] {logging_mixin.py:190} INFO - [2024-11-21T11:52:52.640+0000] {dag.py:4180} INFO - Setting next_dagrun for read_dataset_event to 2024-11-20 00:00:00+00:00, run_after=2024-11-21 00:00:00+00:00
[2024-11-21T11:52:52.645+0000] {logging_mixin.py:190} INFO - [2024-11-21T11:52:52.645+0000] {dag.py:4180} INFO - Setting next_dagrun for read_dataset_event_from_classic to 2024-11-20 00:00:00+00:00, run_after=2024-11-21 00:00:00+00:00
[2024-11-21T11:52:52.660+0000] {processor.py:208} INFO - Processing /home/airflow/.local/lib/python3.11/site-packages/airflow/example_dags/example_inlet_event_extra.py took 0.168 seconds
[2024-11-21T11:53:23.153+0000] {processor.py:186} INFO - Started process (PID=610) to work on /home/airflow/.local/lib/python3.11/site-packages/airflow/example_dags/example_inlet_event_extra.py
[2024-11-21T11:53:23.154+0000] {processor.py:914} INFO - Processing file /home/airflow/.local/lib/python3.11/site-packages/airflow/example_dags/example_inlet_event_extra.py for tasks to queue
[2024-11-21T11:53:23.157+0000] {logging_mixin.py:190} INFO - [2024-11-21T11:53:23.157+0000] {dagbag.py:588} INFO - Filling up the DagBag from /home/airflow/.local/lib/python3.11/site-packages/airflow/example_dags/example_inlet_event_extra.py
[2024-11-21T11:53:23.258+0000] {processor.py:925} INFO - DAG(s) 'read_dataset_event', 'read_dataset_event_from_classic' retrieved from /home/airflow/.local/lib/python3.11/site-packages/airflow/example_dags/example_inlet_event_extra.py
[2024-11-21T11:53:23.271+0000] {logging_mixin.py:190} INFO - [2024-11-21T11:53:23.271+0000] {dag.py:3239} INFO - Sync 2 DAGs
[2024-11-21T11:53:23.285+0000] {logging_mixin.py:190} INFO - [2024-11-21T11:53:23.285+0000] {dag.py:4180} INFO - Setting next_dagrun for read_dataset_event to 2024-11-20 00:00:00+00:00, run_after=2024-11-21 00:00:00+00:00
[2024-11-21T11:53:23.287+0000] {logging_mixin.py:190} INFO - [2024-11-21T11:53:23.287+0000] {dag.py:4180} INFO - Setting next_dagrun for read_dataset_event_from_classic to 2024-11-20 00:00:00+00:00, run_after=2024-11-21 00:00:00+00:00
[2024-11-21T11:53:23.294+0000] {processor.py:208} INFO - Processing /home/airflow/.local/lib/python3.11/site-packages/airflow/example_dags/example_inlet_event_extra.py took 0.151 seconds
[2024-11-21T11:53:54.082+0000] {processor.py:186} INFO - Started process (PID=675) to work on /home/airflow/.local/lib/python3.11/site-packages/airflow/example_dags/example_inlet_event_extra.py
[2024-11-21T11:53:54.084+0000] {processor.py:914} INFO - Processing file /home/airflow/.local/lib/python3.11/site-packages/airflow/example_dags/example_inlet_event_extra.py for tasks to queue
[2024-11-21T11:53:54.085+0000] {logging_mixin.py:190} INFO - [2024-11-21T11:53:54.085+0000] {dagbag.py:588} INFO - Filling up the DagBag from /home/airflow/.local/lib/python3.11/site-packages/airflow/example_dags/example_inlet_event_extra.py
[2024-11-21T11:53:54.177+0000] {processor.py:925} INFO - DAG(s) 'read_dataset_event', 'read_dataset_event_from_classic' retrieved from /home/airflow/.local/lib/python3.11/site-packages/airflow/example_dags/example_inlet_event_extra.py
[2024-11-21T11:53:54.192+0000] {logging_mixin.py:190} INFO - [2024-11-21T11:53:54.192+0000] {dag.py:3239} INFO - Sync 2 DAGs
[2024-11-21T11:53:54.222+0000] {logging_mixin.py:190} INFO - [2024-11-21T11:53:54.222+0000] {dag.py:4180} INFO - Setting next_dagrun for read_dataset_event to 2024-11-20 00:00:00+00:00, run_after=2024-11-21 00:00:00+00:00
[2024-11-21T11:53:54.225+0000] {logging_mixin.py:190} INFO - [2024-11-21T11:53:54.225+0000] {dag.py:4180} INFO - Setting next_dagrun for read_dataset_event_from_classic to 2024-11-20 00:00:00+00:00, run_after=2024-11-21 00:00:00+00:00
[2024-11-21T11:53:54.236+0000] {processor.py:208} INFO - Processing /home/airflow/.local/lib/python3.11/site-packages/airflow/example_dags/example_inlet_event_extra.py took 0.160 seconds
[2024-11-21T11:54:33.304+0000] {processor.py:186} INFO - Started process (PID=752) to work on /home/airflow/.local/lib/python3.11/site-packages/airflow/example_dags/example_inlet_event_extra.py
[2024-11-21T11:54:33.314+0000] {processor.py:914} INFO - Processing file /home/airflow/.local/lib/python3.11/site-packages/airflow/example_dags/example_inlet_event_extra.py for tasks to queue
[2024-11-21T11:54:33.359+0000] {logging_mixin.py:190} INFO - [2024-11-21T11:54:33.354+0000] {dagbag.py:588} INFO - Filling up the DagBag from /home/airflow/.local/lib/python3.11/site-packages/airflow/example_dags/example_inlet_event_extra.py
[2024-11-21T11:54:35.328+0000] {processor.py:925} INFO - DAG(s) 'read_dataset_event_from_classic', 'read_dataset_event' retrieved from /home/airflow/.local/lib/python3.11/site-packages/airflow/example_dags/example_inlet_event_extra.py
[2024-11-21T11:54:41.773+0000] {logging_mixin.py:190} INFO - [2024-11-21T11:54:41.770+0000] {dag.py:3239} INFO - Sync 2 DAGs
[2024-11-21T11:54:42.110+0000] {logging_mixin.py:190} INFO - [2024-11-21T11:54:42.099+0000] {dag.py:4180} INFO - Setting next_dagrun for read_dataset_event to 2024-11-20 00:00:00+00:00, run_after=2024-11-21 00:00:00+00:00
[2024-11-21T11:54:42.155+0000] {logging_mixin.py:190} INFO - [2024-11-21T11:54:42.153+0000] {dag.py:4180} INFO - Setting next_dagrun for read_dataset_event_from_classic to 2024-11-20 00:00:00+00:00, run_after=2024-11-21 00:00:00+00:00
[2024-11-21T11:54:43.885+0000] {processor.py:208} INFO - Processing /home/airflow/.local/lib/python3.11/site-packages/airflow/example_dags/example_inlet_event_extra.py took 10.240 seconds
[2024-11-21T11:55:34.574+0000] {processor.py:186} INFO - Started process (PID=820) to work on /home/airflow/.local/lib/python3.11/site-packages/airflow/example_dags/example_inlet_event_extra.py
[2024-11-21T11:55:34.584+0000] {processor.py:914} INFO - Processing file /home/airflow/.local/lib/python3.11/site-packages/airflow/example_dags/example_inlet_event_extra.py for tasks to queue
[2024-11-21T11:55:34.615+0000] {logging_mixin.py:190} INFO - [2024-11-21T11:55:34.607+0000] {dagbag.py:588} INFO - Filling up the DagBag from /home/airflow/.local/lib/python3.11/site-packages/airflow/example_dags/example_inlet_event_extra.py
[2024-11-21T11:55:35.797+0000] {processor.py:925} INFO - DAG(s) 'read_dataset_event', 'read_dataset_event_from_classic' retrieved from /home/airflow/.local/lib/python3.11/site-packages/airflow/example_dags/example_inlet_event_extra.py
[2024-11-21T11:55:35.983+0000] {logging_mixin.py:190} INFO - [2024-11-21T11:55:35.980+0000] {dag.py:3239} INFO - Sync 2 DAGs
[2024-11-21T11:55:36.083+0000] {logging_mixin.py:190} INFO - [2024-11-21T11:55:36.082+0000] {dag.py:4180} INFO - Setting next_dagrun for read_dataset_event to 2024-11-20 00:00:00+00:00, run_after=2024-11-21 00:00:00+00:00
[2024-11-21T11:55:36.100+0000] {logging_mixin.py:190} INFO - [2024-11-21T11:55:36.100+0000] {dag.py:4180} INFO - Setting next_dagrun for read_dataset_event_from_classic to 2024-11-20 00:00:00+00:00, run_after=2024-11-21 00:00:00+00:00
[2024-11-21T11:55:36.150+0000] {processor.py:208} INFO - Processing /home/airflow/.local/lib/python3.11/site-packages/airflow/example_dags/example_inlet_event_extra.py took 1.586 seconds
[2024-11-21T11:56:28.777+0000] {processor.py:186} INFO - Started process (PID=890) to work on /home/airflow/.local/lib/python3.11/site-packages/airflow/example_dags/example_inlet_event_extra.py
[2024-11-21T11:56:28.781+0000] {processor.py:914} INFO - Processing file /home/airflow/.local/lib/python3.11/site-packages/airflow/example_dags/example_inlet_event_extra.py for tasks to queue
[2024-11-21T11:56:28.815+0000] {logging_mixin.py:190} INFO - [2024-11-21T11:56:28.812+0000] {dagbag.py:588} INFO - Filling up the DagBag from /home/airflow/.local/lib/python3.11/site-packages/airflow/example_dags/example_inlet_event_extra.py
[2024-11-21T11:56:30.611+0000] {processor.py:925} INFO - DAG(s) 'read_dataset_event_from_classic', 'read_dataset_event' retrieved from /home/airflow/.local/lib/python3.11/site-packages/airflow/example_dags/example_inlet_event_extra.py
[2024-11-21T11:56:30.839+0000] {logging_mixin.py:190} INFO - [2024-11-21T11:56:30.838+0000] {dag.py:3239} INFO - Sync 2 DAGs
[2024-11-21T11:56:31.019+0000] {logging_mixin.py:190} INFO - [2024-11-21T11:56:31.017+0000] {dag.py:4180} INFO - Setting next_dagrun for read_dataset_event to 2024-11-20 00:00:00+00:00, run_after=2024-11-21 00:00:00+00:00
[2024-11-21T11:56:31.034+0000] {logging_mixin.py:190} INFO - [2024-11-21T11:56:31.033+0000] {dag.py:4180} INFO - Setting next_dagrun for read_dataset_event_from_classic to 2024-11-20 00:00:00+00:00, run_after=2024-11-21 00:00:00+00:00
[2024-11-21T11:56:31.086+0000] {processor.py:208} INFO - Processing /home/airflow/.local/lib/python3.11/site-packages/airflow/example_dags/example_inlet_event_extra.py took 2.397 seconds
[2024-11-21T11:57:01.905+0000] {processor.py:186} INFO - Started process (PID=955) to work on /home/airflow/.local/lib/python3.11/site-packages/airflow/example_dags/example_inlet_event_extra.py
[2024-11-21T11:57:01.908+0000] {processor.py:914} INFO - Processing file /home/airflow/.local/lib/python3.11/site-packages/airflow/example_dags/example_inlet_event_extra.py for tasks to queue
[2024-11-21T11:57:01.911+0000] {logging_mixin.py:190} INFO - [2024-11-21T11:57:01.911+0000] {dagbag.py:588} INFO - Filling up the DagBag from /home/airflow/.local/lib/python3.11/site-packages/airflow/example_dags/example_inlet_event_extra.py
[2024-11-21T11:57:02.031+0000] {processor.py:925} INFO - DAG(s) 'read_dataset_event', 'read_dataset_event_from_classic' retrieved from /home/airflow/.local/lib/python3.11/site-packages/airflow/example_dags/example_inlet_event_extra.py
[2024-11-21T11:57:02.064+0000] {logging_mixin.py:190} INFO - [2024-11-21T11:57:02.064+0000] {dag.py:3239} INFO - Sync 2 DAGs
[2024-11-21T11:57:02.083+0000] {logging_mixin.py:190} INFO - [2024-11-21T11:57:02.083+0000] {dag.py:4180} INFO - Setting next_dagrun for read_dataset_event to 2024-11-20 00:00:00+00:00, run_after=2024-11-21 00:00:00+00:00
[2024-11-21T11:57:02.086+0000] {logging_mixin.py:190} INFO - [2024-11-21T11:57:02.086+0000] {dag.py:4180} INFO - Setting next_dagrun for read_dataset_event_from_classic to 2024-11-20 00:00:00+00:00, run_after=2024-11-21 00:00:00+00:00
[2024-11-21T11:57:02.096+0000] {processor.py:208} INFO - Processing /home/airflow/.local/lib/python3.11/site-packages/airflow/example_dags/example_inlet_event_extra.py took 0.201 seconds
[2024-11-21T11:57:33.002+0000] {processor.py:186} INFO - Started process (PID=1020) to work on /home/airflow/.local/lib/python3.11/site-packages/airflow/example_dags/example_inlet_event_extra.py
[2024-11-21T11:57:33.005+0000] {processor.py:914} INFO - Processing file /home/airflow/.local/lib/python3.11/site-packages/airflow/example_dags/example_inlet_event_extra.py for tasks to queue
[2024-11-21T11:57:33.011+0000] {logging_mixin.py:190} INFO - [2024-11-21T11:57:33.010+0000] {dagbag.py:588} INFO - Filling up the DagBag from /home/airflow/.local/lib/python3.11/site-packages/airflow/example_dags/example_inlet_event_extra.py
[2024-11-21T11:57:33.187+0000] {processor.py:925} INFO - DAG(s) 'read_dataset_event', 'read_dataset_event_from_classic' retrieved from /home/airflow/.local/lib/python3.11/site-packages/airflow/example_dags/example_inlet_event_extra.py
[2024-11-21T11:57:33.232+0000] {logging_mixin.py:190} INFO - [2024-11-21T11:57:33.231+0000] {dag.py:3239} INFO - Sync 2 DAGs
[2024-11-21T11:57:33.263+0000] {logging_mixin.py:190} INFO - [2024-11-21T11:57:33.263+0000] {dag.py:4180} INFO - Setting next_dagrun for read_dataset_event to 2024-11-20 00:00:00+00:00, run_after=2024-11-21 00:00:00+00:00
[2024-11-21T11:57:33.266+0000] {logging_mixin.py:190} INFO - [2024-11-21T11:57:33.266+0000] {dag.py:4180} INFO - Setting next_dagrun for read_dataset_event_from_classic to 2024-11-20 00:00:00+00:00, run_after=2024-11-21 00:00:00+00:00
[2024-11-21T11:57:33.278+0000] {processor.py:208} INFO - Processing /home/airflow/.local/lib/python3.11/site-packages/airflow/example_dags/example_inlet_event_extra.py took 0.304 seconds
[2024-11-21T11:58:04.017+0000] {processor.py:186} INFO - Started process (PID=1084) to work on /home/airflow/.local/lib/python3.11/site-packages/airflow/example_dags/example_inlet_event_extra.py
[2024-11-21T11:58:04.019+0000] {processor.py:914} INFO - Processing file /home/airflow/.local/lib/python3.11/site-packages/airflow/example_dags/example_inlet_event_extra.py for tasks to queue
[2024-11-21T11:58:04.022+0000] {logging_mixin.py:190} INFO - [2024-11-21T11:58:04.022+0000] {dagbag.py:588} INFO - Filling up the DagBag from /home/airflow/.local/lib/python3.11/site-packages/airflow/example_dags/example_inlet_event_extra.py
[2024-11-21T11:58:04.120+0000] {processor.py:925} INFO - DAG(s) 'read_dataset_event', 'read_dataset_event_from_classic' retrieved from /home/airflow/.local/lib/python3.11/site-packages/airflow/example_dags/example_inlet_event_extra.py
[2024-11-21T11:58:04.135+0000] {logging_mixin.py:190} INFO - [2024-11-21T11:58:04.135+0000] {dag.py:3239} INFO - Sync 2 DAGs
[2024-11-21T11:58:04.151+0000] {logging_mixin.py:190} INFO - [2024-11-21T11:58:04.151+0000] {dag.py:4180} INFO - Setting next_dagrun for read_dataset_event to 2024-11-20 00:00:00+00:00, run_after=2024-11-21 00:00:00+00:00
[2024-11-21T11:58:04.154+0000] {logging_mixin.py:190} INFO - [2024-11-21T11:58:04.154+0000] {dag.py:4180} INFO - Setting next_dagrun for read_dataset_event_from_classic to 2024-11-20 00:00:00+00:00, run_after=2024-11-21 00:00:00+00:00
[2024-11-21T11:58:04.165+0000] {processor.py:208} INFO - Processing /home/airflow/.local/lib/python3.11/site-packages/airflow/example_dags/example_inlet_event_extra.py took 0.159 seconds
[2024-11-21T11:58:34.578+0000] {processor.py:186} INFO - Started process (PID=1148) to work on /home/airflow/.local/lib/python3.11/site-packages/airflow/example_dags/example_inlet_event_extra.py
[2024-11-21T11:58:34.581+0000] {processor.py:914} INFO - Processing file /home/airflow/.local/lib/python3.11/site-packages/airflow/example_dags/example_inlet_event_extra.py for tasks to queue
[2024-11-21T11:58:34.584+0000] {logging_mixin.py:190} INFO - [2024-11-21T11:58:34.584+0000] {dagbag.py:588} INFO - Filling up the DagBag from /home/airflow/.local/lib/python3.11/site-packages/airflow/example_dags/example_inlet_event_extra.py
[2024-11-21T11:58:34.671+0000] {processor.py:925} INFO - DAG(s) 'read_dataset_event_from_classic', 'read_dataset_event' retrieved from /home/airflow/.local/lib/python3.11/site-packages/airflow/example_dags/example_inlet_event_extra.py
[2024-11-21T11:58:34.686+0000] {logging_mixin.py:190} INFO - [2024-11-21T11:58:34.685+0000] {dag.py:3239} INFO - Sync 2 DAGs
[2024-11-21T11:58:34.702+0000] {logging_mixin.py:190} INFO - [2024-11-21T11:58:34.702+0000] {dag.py:4180} INFO - Setting next_dagrun for read_dataset_event to 2024-11-20 00:00:00+00:00, run_after=2024-11-21 00:00:00+00:00
[2024-11-21T11:58:34.705+0000] {logging_mixin.py:190} INFO - [2024-11-21T11:58:34.705+0000] {dag.py:4180} INFO - Setting next_dagrun for read_dataset_event_from_classic to 2024-11-20 00:00:00+00:00, run_after=2024-11-21 00:00:00+00:00
[2024-11-21T11:58:34.715+0000] {processor.py:208} INFO - Processing /home/airflow/.local/lib/python3.11/site-packages/airflow/example_dags/example_inlet_event_extra.py took 0.147 seconds
[2024-11-21T11:59:05.297+0000] {processor.py:186} INFO - Started process (PID=1212) to work on /home/airflow/.local/lib/python3.11/site-packages/airflow/example_dags/example_inlet_event_extra.py
[2024-11-21T11:59:05.300+0000] {processor.py:914} INFO - Processing file /home/airflow/.local/lib/python3.11/site-packages/airflow/example_dags/example_inlet_event_extra.py for tasks to queue
[2024-11-21T11:59:05.303+0000] {logging_mixin.py:190} INFO - [2024-11-21T11:59:05.303+0000] {dagbag.py:588} INFO - Filling up the DagBag from /home/airflow/.local/lib/python3.11/site-packages/airflow/example_dags/example_inlet_event_extra.py
[2024-11-21T11:59:05.420+0000] {processor.py:925} INFO - DAG(s) 'read_dataset_event_from_classic', 'read_dataset_event' retrieved from /home/airflow/.local/lib/python3.11/site-packages/airflow/example_dags/example_inlet_event_extra.py
[2024-11-21T11:59:05.441+0000] {logging_mixin.py:190} INFO - [2024-11-21T11:59:05.441+0000] {dag.py:3239} INFO - Sync 2 DAGs
[2024-11-21T11:59:05.476+0000] {logging_mixin.py:190} INFO - [2024-11-21T11:59:05.476+0000] {dag.py:4180} INFO - Setting next_dagrun for read_dataset_event to 2024-11-20 00:00:00+00:00, run_after=2024-11-21 00:00:00+00:00
[2024-11-21T11:59:05.480+0000] {logging_mixin.py:190} INFO - [2024-11-21T11:59:05.480+0000] {dag.py:4180} INFO - Setting next_dagrun for read_dataset_event_from_classic to 2024-11-20 00:00:00+00:00, run_after=2024-11-21 00:00:00+00:00
[2024-11-21T11:59:05.494+0000] {processor.py:208} INFO - Processing /home/airflow/.local/lib/python3.11/site-packages/airflow/example_dags/example_inlet_event_extra.py took 0.211 seconds
[2024-11-21T11:59:36.128+0000] {processor.py:186} INFO - Started process (PID=1276) to work on /home/airflow/.local/lib/python3.11/site-packages/airflow/example_dags/example_inlet_event_extra.py
[2024-11-21T11:59:36.130+0000] {processor.py:914} INFO - Processing file /home/airflow/.local/lib/python3.11/site-packages/airflow/example_dags/example_inlet_event_extra.py for tasks to queue
[2024-11-21T11:59:36.134+0000] {logging_mixin.py:190} INFO - [2024-11-21T11:59:36.134+0000] {dagbag.py:588} INFO - Filling up the DagBag from /home/airflow/.local/lib/python3.11/site-packages/airflow/example_dags/example_inlet_event_extra.py
[2024-11-21T11:59:36.270+0000] {processor.py:925} INFO - DAG(s) 'read_dataset_event', 'read_dataset_event_from_classic' retrieved from /home/airflow/.local/lib/python3.11/site-packages/airflow/example_dags/example_inlet_event_extra.py
[2024-11-21T11:59:36.309+0000] {logging_mixin.py:190} INFO - [2024-11-21T11:59:36.308+0000] {dag.py:3239} INFO - Sync 2 DAGs
[2024-11-21T11:59:36.334+0000] {logging_mixin.py:190} INFO - [2024-11-21T11:59:36.333+0000] {dag.py:4180} INFO - Setting next_dagrun for read_dataset_event to 2024-11-20 00:00:00+00:00, run_after=2024-11-21 00:00:00+00:00
[2024-11-21T11:59:36.336+0000] {logging_mixin.py:190} INFO - [2024-11-21T11:59:36.336+0000] {dag.py:4180} INFO - Setting next_dagrun for read_dataset_event_from_classic to 2024-11-20 00:00:00+00:00, run_after=2024-11-21 00:00:00+00:00
[2024-11-21T11:59:36.348+0000] {processor.py:208} INFO - Processing /home/airflow/.local/lib/python3.11/site-packages/airflow/example_dags/example_inlet_event_extra.py took 0.233 seconds
[2024-11-21T12:00:07.072+0000] {processor.py:186} INFO - Started process (PID=1341) to work on /home/airflow/.local/lib/python3.11/site-packages/airflow/example_dags/example_inlet_event_extra.py
[2024-11-21T12:00:07.074+0000] {processor.py:914} INFO - Processing file /home/airflow/.local/lib/python3.11/site-packages/airflow/example_dags/example_inlet_event_extra.py for tasks to queue
[2024-11-21T12:00:07.088+0000] {logging_mixin.py:190} INFO - [2024-11-21T12:00:07.086+0000] {dagbag.py:588} INFO - Filling up the DagBag from /home/airflow/.local/lib/python3.11/site-packages/airflow/example_dags/example_inlet_event_extra.py
[2024-11-21T12:00:07.254+0000] {processor.py:925} INFO - DAG(s) 'read_dataset_event_from_classic', 'read_dataset_event' retrieved from /home/airflow/.local/lib/python3.11/site-packages/airflow/example_dags/example_inlet_event_extra.py
[2024-11-21T12:00:07.287+0000] {logging_mixin.py:190} INFO - [2024-11-21T12:00:07.287+0000] {dag.py:3239} INFO - Sync 2 DAGs
[2024-11-21T12:00:07.333+0000] {logging_mixin.py:190} INFO - [2024-11-21T12:00:07.333+0000] {dag.py:4180} INFO - Setting next_dagrun for read_dataset_event to 2024-11-20 00:00:00+00:00, run_after=2024-11-21 00:00:00+00:00
[2024-11-21T12:00:07.336+0000] {logging_mixin.py:190} INFO - [2024-11-21T12:00:07.336+0000] {dag.py:4180} INFO - Setting next_dagrun for read_dataset_event_from_classic to 2024-11-20 00:00:00+00:00, run_after=2024-11-21 00:00:00+00:00
[2024-11-21T12:00:07.349+0000] {processor.py:208} INFO - Processing /home/airflow/.local/lib/python3.11/site-packages/airflow/example_dags/example_inlet_event_extra.py took 0.302 seconds
[2024-11-21T12:03:20.914+0000] {processor.py:186} INFO - Started process (PID=1432) to work on /home/airflow/.local/lib/python3.11/site-packages/airflow/example_dags/example_inlet_event_extra.py
[2024-11-21T12:03:20.928+0000] {processor.py:914} INFO - Processing file /home/airflow/.local/lib/python3.11/site-packages/airflow/example_dags/example_inlet_event_extra.py for tasks to queue
[2024-11-21T12:03:20.960+0000] {logging_mixin.py:190} INFO - [2024-11-21T12:03:20.955+0000] {dagbag.py:588} INFO - Filling up the DagBag from /home/airflow/.local/lib/python3.11/site-packages/airflow/example_dags/example_inlet_event_extra.py
[2024-11-21T12:03:31.428+0000] {processor.py:925} INFO - DAG(s) 'read_dataset_event', 'read_dataset_event_from_classic' retrieved from /home/airflow/.local/lib/python3.11/site-packages/airflow/example_dags/example_inlet_event_extra.py
[2024-11-21T12:03:31.616+0000] {logging_mixin.py:190} INFO - [2024-11-21T12:03:31.613+0000] {dag.py:3239} INFO - Sync 2 DAGs
[2024-11-21T12:03:31.696+0000] {logging_mixin.py:190} INFO - [2024-11-21T12:03:31.696+0000] {dag.py:4180} INFO - Setting next_dagrun for read_dataset_event to 2024-11-20 00:00:00+00:00, run_after=2024-11-21 00:00:00+00:00
[2024-11-21T12:03:31.704+0000] {logging_mixin.py:190} INFO - [2024-11-21T12:03:31.704+0000] {dag.py:4180} INFO - Setting next_dagrun for read_dataset_event_from_classic to 2024-11-20 00:00:00+00:00, run_after=2024-11-21 00:00:00+00:00
[2024-11-21T12:03:31.765+0000] {processor.py:208} INFO - Processing /home/airflow/.local/lib/python3.11/site-packages/airflow/example_dags/example_inlet_event_extra.py took 10.915 seconds
[2024-11-21T12:42:59.292+0000] {processor.py:186} INFO - Started process (PID=1534) to work on /home/airflow/.local/lib/python3.11/site-packages/airflow/example_dags/example_inlet_event_extra.py
[2024-11-21T12:42:59.296+0000] {processor.py:914} INFO - Processing file /home/airflow/.local/lib/python3.11/site-packages/airflow/example_dags/example_inlet_event_extra.py for tasks to queue
[2024-11-21T12:42:59.305+0000] {logging_mixin.py:190} INFO - [2024-11-21T12:42:59.303+0000] {dagbag.py:588} INFO - Filling up the DagBag from /home/airflow/.local/lib/python3.11/site-packages/airflow/example_dags/example_inlet_event_extra.py
[2024-11-21T12:43:01.008+0000] {processor.py:925} INFO - DAG(s) 'read_dataset_event', 'read_dataset_event_from_classic' retrieved from /home/airflow/.local/lib/python3.11/site-packages/airflow/example_dags/example_inlet_event_extra.py
[2024-11-21T12:43:01.197+0000] {logging_mixin.py:190} INFO - [2024-11-21T12:43:01.196+0000] {dag.py:3239} INFO - Sync 2 DAGs
[2024-11-21T12:43:01.302+0000] {logging_mixin.py:190} INFO - [2024-11-21T12:43:01.301+0000] {dag.py:4180} INFO - Setting next_dagrun for read_dataset_event to 2024-11-20 00:00:00+00:00, run_after=2024-11-21 00:00:00+00:00
[2024-11-21T12:43:01.313+0000] {logging_mixin.py:190} INFO - [2024-11-21T12:43:01.313+0000] {dag.py:4180} INFO - Setting next_dagrun for read_dataset_event_from_classic to 2024-11-20 00:00:00+00:00, run_after=2024-11-21 00:00:00+00:00
[2024-11-21T12:43:01.389+0000] {processor.py:208} INFO - Processing /home/airflow/.local/lib/python3.11/site-packages/airflow/example_dags/example_inlet_event_extra.py took 2.128 seconds
[2024-11-21T13:28:32.078+0000] {processor.py:186} INFO - Started process (PID=1685) to work on /home/airflow/.local/lib/python3.11/site-packages/airflow/example_dags/example_inlet_event_extra.py
[2024-11-21T13:28:32.088+0000] {processor.py:914} INFO - Processing file /home/airflow/.local/lib/python3.11/site-packages/airflow/example_dags/example_inlet_event_extra.py for tasks to queue
[2024-11-21T13:28:32.104+0000] {logging_mixin.py:190} INFO - [2024-11-21T13:28:32.099+0000] {dagbag.py:588} INFO - Filling up the DagBag from /home/airflow/.local/lib/python3.11/site-packages/airflow/example_dags/example_inlet_event_extra.py
[2024-11-21T13:28:35.668+0000] {processor.py:925} INFO - DAG(s) 'read_dataset_event', 'read_dataset_event_from_classic' retrieved from /home/airflow/.local/lib/python3.11/site-packages/airflow/example_dags/example_inlet_event_extra.py
[2024-11-21T13:28:36.339+0000] {logging_mixin.py:190} INFO - [2024-11-21T13:28:36.319+0000] {dag.py:3239} INFO - Sync 2 DAGs
[2024-11-21T13:28:36.716+0000] {logging_mixin.py:190} INFO - [2024-11-21T13:28:36.704+0000] {dag.py:4180} INFO - Setting next_dagrun for read_dataset_event to 2024-11-20 00:00:00+00:00, run_after=2024-11-21 00:00:00+00:00
[2024-11-21T13:28:36.773+0000] {logging_mixin.py:190} INFO - [2024-11-21T13:28:36.773+0000] {dag.py:4180} INFO - Setting next_dagrun for read_dataset_event_from_classic to 2024-11-20 00:00:00+00:00, run_after=2024-11-21 00:00:00+00:00
[2024-11-21T13:28:54.376+0000] {processor.py:208} INFO - Processing /home/airflow/.local/lib/python3.11/site-packages/airflow/example_dags/example_inlet_event_extra.py took 22.448 seconds
[2024-11-21T14:01:37.561+0000] {processor.py:186} INFO - Started process (PID=1759) to work on /home/airflow/.local/lib/python3.11/site-packages/airflow/example_dags/example_inlet_event_extra.py
[2024-11-21T14:01:37.574+0000] {processor.py:914} INFO - Processing file /home/airflow/.local/lib/python3.11/site-packages/airflow/example_dags/example_inlet_event_extra.py for tasks to queue
[2024-11-21T14:01:37.672+0000] {logging_mixin.py:190} INFO - [2024-11-21T14:01:37.670+0000] {dagbag.py:588} INFO - Filling up the DagBag from /home/airflow/.local/lib/python3.11/site-packages/airflow/example_dags/example_inlet_event_extra.py
