[2024-11-21T11:48:56.773+0000] {processor.py:186} INFO - Started process (PID=60) to work on /home/airflow/.local/lib/python3.11/site-packages/airflow/example_dags/example_dataset_alias_with_no_taskflow.py
[2024-11-21T11:48:56.776+0000] {processor.py:914} INFO - Processing file /home/airflow/.local/lib/python3.11/site-packages/airflow/example_dags/example_dataset_alias_with_no_taskflow.py for tasks to queue
[2024-11-21T11:48:56.785+0000] {logging_mixin.py:190} INFO - [2024-11-21T11:48:56.785+0000] {dagbag.py:588} INFO - Filling up the DagBag from /home/airflow/.local/lib/python3.11/site-packages/airflow/example_dags/example_dataset_alias_with_no_taskflow.py
[2024-11-21T11:48:58.309+0000] {processor.py:925} INFO - DAG(s) 'dataset_s3_bucket_consumer_with_no_taskflow', 'dataset_alias_example_alias_producer_with_no_taskflow', 'dataset_s3_bucket_producer_with_no_taskflow', 'dataset_alias_example_alias_consumer_with_no_taskflow' retrieved from /home/airflow/.local/lib/python3.11/site-packages/airflow/example_dags/example_dataset_alias_with_no_taskflow.py
[2024-11-21T11:48:58.352+0000] {logging_mixin.py:190} INFO - [2024-11-21T11:48:58.351+0000] {dag.py:3239} INFO - Sync 4 DAGs
[2024-11-21T11:48:58.410+0000] {logging_mixin.py:190} INFO - [2024-11-21T11:48:58.409+0000] {dag.py:4180} INFO - Setting next_dagrun for dataset_alias_example_alias_consumer_with_no_taskflow to None, run_after=None
[2024-11-21T11:48:58.415+0000] {logging_mixin.py:190} INFO - [2024-11-21T11:48:58.414+0000] {dag.py:4180} INFO - Setting next_dagrun for dataset_alias_example_alias_producer_with_no_taskflow to None, run_after=None
[2024-11-21T11:48:58.418+0000] {logging_mixin.py:190} INFO - [2024-11-21T11:48:58.418+0000] {dag.py:4180} INFO - Setting next_dagrun for dataset_s3_bucket_consumer_with_no_taskflow to None, run_after=None
[2024-11-21T11:48:58.419+0000] {logging_mixin.py:190} INFO - [2024-11-21T11:48:58.419+0000] {dag.py:4180} INFO - Setting next_dagrun for dataset_s3_bucket_producer_with_no_taskflow to None, run_after=None
[2024-11-21T11:48:58.445+0000] {processor.py:208} INFO - Processing /home/airflow/.local/lib/python3.11/site-packages/airflow/example_dags/example_dataset_alias_with_no_taskflow.py took 1.681 seconds
[2024-11-21T11:49:29.646+0000] {processor.py:186} INFO - Started process (PID=125) to work on /home/airflow/.local/lib/python3.11/site-packages/airflow/example_dags/example_dataset_alias_with_no_taskflow.py
[2024-11-21T11:49:29.651+0000] {processor.py:914} INFO - Processing file /home/airflow/.local/lib/python3.11/site-packages/airflow/example_dags/example_dataset_alias_with_no_taskflow.py for tasks to queue
[2024-11-21T11:49:29.682+0000] {logging_mixin.py:190} INFO - [2024-11-21T11:49:29.681+0000] {dagbag.py:588} INFO - Filling up the DagBag from /home/airflow/.local/lib/python3.11/site-packages/airflow/example_dags/example_dataset_alias_with_no_taskflow.py
[2024-11-21T11:49:31.573+0000] {processor.py:925} INFO - DAG(s) 'dataset_s3_bucket_consumer_with_no_taskflow', 'dataset_s3_bucket_producer_with_no_taskflow', 'dataset_alias_example_alias_producer_with_no_taskflow', 'dataset_alias_example_alias_consumer_with_no_taskflow' retrieved from /home/airflow/.local/lib/python3.11/site-packages/airflow/example_dags/example_dataset_alias_with_no_taskflow.py
[2024-11-21T11:49:31.625+0000] {logging_mixin.py:190} INFO - [2024-11-21T11:49:31.623+0000] {dag.py:3239} INFO - Sync 4 DAGs
[2024-11-21T11:49:31.725+0000] {logging_mixin.py:190} INFO - [2024-11-21T11:49:31.724+0000] {dag.py:4180} INFO - Setting next_dagrun for dataset_alias_example_alias_consumer_with_no_taskflow to None, run_after=None
[2024-11-21T11:49:31.737+0000] {logging_mixin.py:190} INFO - [2024-11-21T11:49:31.735+0000] {dag.py:4180} INFO - Setting next_dagrun for dataset_alias_example_alias_producer_with_no_taskflow to None, run_after=None
[2024-11-21T11:49:31.743+0000] {logging_mixin.py:190} INFO - [2024-11-21T11:49:31.742+0000] {dag.py:4180} INFO - Setting next_dagrun for dataset_s3_bucket_consumer_with_no_taskflow to None, run_after=None
[2024-11-21T11:49:31.747+0000] {logging_mixin.py:190} INFO - [2024-11-21T11:49:31.747+0000] {dag.py:4180} INFO - Setting next_dagrun for dataset_s3_bucket_producer_with_no_taskflow to None, run_after=None
[2024-11-21T11:49:31.831+0000] {processor.py:208} INFO - Processing /home/airflow/.local/lib/python3.11/site-packages/airflow/example_dags/example_dataset_alias_with_no_taskflow.py took 2.216 seconds
[2024-11-21T11:50:02.218+0000] {processor.py:186} INFO - Started process (PID=192) to work on /home/airflow/.local/lib/python3.11/site-packages/airflow/example_dags/example_dataset_alias_with_no_taskflow.py
[2024-11-21T11:50:02.219+0000] {processor.py:914} INFO - Processing file /home/airflow/.local/lib/python3.11/site-packages/airflow/example_dags/example_dataset_alias_with_no_taskflow.py for tasks to queue
[2024-11-21T11:50:02.221+0000] {logging_mixin.py:190} INFO - [2024-11-21T11:50:02.220+0000] {dagbag.py:588} INFO - Filling up the DagBag from /home/airflow/.local/lib/python3.11/site-packages/airflow/example_dags/example_dataset_alias_with_no_taskflow.py
[2024-11-21T11:50:02.439+0000] {processor.py:925} INFO - DAG(s) 'dataset_alias_example_alias_consumer_with_no_taskflow', 'dataset_alias_example_alias_producer_with_no_taskflow', 'dataset_s3_bucket_consumer_with_no_taskflow', 'dataset_s3_bucket_producer_with_no_taskflow' retrieved from /home/airflow/.local/lib/python3.11/site-packages/airflow/example_dags/example_dataset_alias_with_no_taskflow.py
[2024-11-21T11:50:02.450+0000] {logging_mixin.py:190} INFO - [2024-11-21T11:50:02.449+0000] {dag.py:3239} INFO - Sync 4 DAGs
[2024-11-21T11:50:02.463+0000] {logging_mixin.py:190} INFO - [2024-11-21T11:50:02.463+0000] {dag.py:4180} INFO - Setting next_dagrun for dataset_alias_example_alias_consumer_with_no_taskflow to None, run_after=None
[2024-11-21T11:50:02.465+0000] {logging_mixin.py:190} INFO - [2024-11-21T11:50:02.465+0000] {dag.py:4180} INFO - Setting next_dagrun for dataset_alias_example_alias_producer_with_no_taskflow to None, run_after=None
[2024-11-21T11:50:02.465+0000] {logging_mixin.py:190} INFO - [2024-11-21T11:50:02.465+0000] {dag.py:4180} INFO - Setting next_dagrun for dataset_s3_bucket_consumer_with_no_taskflow to None, run_after=None
[2024-11-21T11:50:02.466+0000] {logging_mixin.py:190} INFO - [2024-11-21T11:50:02.466+0000] {dag.py:4180} INFO - Setting next_dagrun for dataset_s3_bucket_producer_with_no_taskflow to None, run_after=None
[2024-11-21T11:50:02.475+0000] {processor.py:208} INFO - Processing /home/airflow/.local/lib/python3.11/site-packages/airflow/example_dags/example_dataset_alias_with_no_taskflow.py took 0.260 seconds
[2024-11-21T11:50:33.362+0000] {processor.py:186} INFO - Started process (PID=254) to work on /home/airflow/.local/lib/python3.11/site-packages/airflow/example_dags/example_dataset_alias_with_no_taskflow.py
[2024-11-21T11:50:33.364+0000] {processor.py:914} INFO - Processing file /home/airflow/.local/lib/python3.11/site-packages/airflow/example_dags/example_dataset_alias_with_no_taskflow.py for tasks to queue
[2024-11-21T11:50:33.366+0000] {logging_mixin.py:190} INFO - [2024-11-21T11:50:33.366+0000] {dagbag.py:588} INFO - Filling up the DagBag from /home/airflow/.local/lib/python3.11/site-packages/airflow/example_dags/example_dataset_alias_with_no_taskflow.py
[2024-11-21T11:50:33.603+0000] {processor.py:925} INFO - DAG(s) 'dataset_alias_example_alias_producer_with_no_taskflow', 'dataset_s3_bucket_producer_with_no_taskflow', 'dataset_alias_example_alias_consumer_with_no_taskflow', 'dataset_s3_bucket_consumer_with_no_taskflow' retrieved from /home/airflow/.local/lib/python3.11/site-packages/airflow/example_dags/example_dataset_alias_with_no_taskflow.py
[2024-11-21T11:50:33.611+0000] {logging_mixin.py:190} INFO - [2024-11-21T11:50:33.611+0000] {dag.py:3239} INFO - Sync 4 DAGs
[2024-11-21T11:50:33.621+0000] {logging_mixin.py:190} INFO - [2024-11-21T11:50:33.621+0000] {dag.py:4180} INFO - Setting next_dagrun for dataset_alias_example_alias_consumer_with_no_taskflow to None, run_after=None
[2024-11-21T11:50:33.622+0000] {logging_mixin.py:190} INFO - [2024-11-21T11:50:33.622+0000] {dag.py:4180} INFO - Setting next_dagrun for dataset_alias_example_alias_producer_with_no_taskflow to None, run_after=None
[2024-11-21T11:50:33.623+0000] {logging_mixin.py:190} INFO - [2024-11-21T11:50:33.623+0000] {dag.py:4180} INFO - Setting next_dagrun for dataset_s3_bucket_consumer_with_no_taskflow to None, run_after=None
[2024-11-21T11:50:33.623+0000] {logging_mixin.py:190} INFO - [2024-11-21T11:50:33.623+0000] {dag.py:4180} INFO - Setting next_dagrun for dataset_s3_bucket_producer_with_no_taskflow to None, run_after=None
[2024-11-21T11:50:33.633+0000] {processor.py:208} INFO - Processing /home/airflow/.local/lib/python3.11/site-packages/airflow/example_dags/example_dataset_alias_with_no_taskflow.py took 0.276 seconds
[2024-11-21T11:51:03.907+0000] {processor.py:186} INFO - Started process (PID=311) to work on /home/airflow/.local/lib/python3.11/site-packages/airflow/example_dags/example_dataset_alias_with_no_taskflow.py
[2024-11-21T11:51:03.908+0000] {processor.py:914} INFO - Processing file /home/airflow/.local/lib/python3.11/site-packages/airflow/example_dags/example_dataset_alias_with_no_taskflow.py for tasks to queue
[2024-11-21T11:51:03.909+0000] {logging_mixin.py:190} INFO - [2024-11-21T11:51:03.909+0000] {dagbag.py:588} INFO - Filling up the DagBag from /home/airflow/.local/lib/python3.11/site-packages/airflow/example_dags/example_dataset_alias_with_no_taskflow.py
[2024-11-21T11:51:04.172+0000] {processor.py:925} INFO - DAG(s) 'dataset_alias_example_alias_consumer_with_no_taskflow', 'dataset_s3_bucket_consumer_with_no_taskflow', 'dataset_alias_example_alias_producer_with_no_taskflow', 'dataset_s3_bucket_producer_with_no_taskflow' retrieved from /home/airflow/.local/lib/python3.11/site-packages/airflow/example_dags/example_dataset_alias_with_no_taskflow.py
[2024-11-21T11:51:04.185+0000] {logging_mixin.py:190} INFO - [2024-11-21T11:51:04.184+0000] {dag.py:3239} INFO - Sync 4 DAGs
[2024-11-21T11:51:04.195+0000] {logging_mixin.py:190} INFO - [2024-11-21T11:51:04.195+0000] {dag.py:4180} INFO - Setting next_dagrun for dataset_alias_example_alias_consumer_with_no_taskflow to None, run_after=None
[2024-11-21T11:51:04.197+0000] {logging_mixin.py:190} INFO - [2024-11-21T11:51:04.197+0000] {dag.py:4180} INFO - Setting next_dagrun for dataset_alias_example_alias_producer_with_no_taskflow to None, run_after=None
[2024-11-21T11:51:04.198+0000] {logging_mixin.py:190} INFO - [2024-11-21T11:51:04.198+0000] {dag.py:4180} INFO - Setting next_dagrun for dataset_s3_bucket_consumer_with_no_taskflow to None, run_after=None
[2024-11-21T11:51:04.198+0000] {logging_mixin.py:190} INFO - [2024-11-21T11:51:04.198+0000] {dag.py:4180} INFO - Setting next_dagrun for dataset_s3_bucket_producer_with_no_taskflow to None, run_after=None
[2024-11-21T11:51:04.208+0000] {processor.py:208} INFO - Processing /home/airflow/.local/lib/python3.11/site-packages/airflow/example_dags/example_dataset_alias_with_no_taskflow.py took 0.307 seconds
[2024-11-21T11:51:34.729+0000] {processor.py:186} INFO - Started process (PID=373) to work on /home/airflow/.local/lib/python3.11/site-packages/airflow/example_dags/example_dataset_alias_with_no_taskflow.py
[2024-11-21T11:51:34.730+0000] {processor.py:914} INFO - Processing file /home/airflow/.local/lib/python3.11/site-packages/airflow/example_dags/example_dataset_alias_with_no_taskflow.py for tasks to queue
[2024-11-21T11:51:34.733+0000] {logging_mixin.py:190} INFO - [2024-11-21T11:51:34.733+0000] {dagbag.py:588} INFO - Filling up the DagBag from /home/airflow/.local/lib/python3.11/site-packages/airflow/example_dags/example_dataset_alias_with_no_taskflow.py
[2024-11-21T11:51:34.828+0000] {processor.py:925} INFO - DAG(s) 'dataset_s3_bucket_producer_with_no_taskflow', 'dataset_alias_example_alias_consumer_with_no_taskflow', 'dataset_s3_bucket_consumer_with_no_taskflow', 'dataset_alias_example_alias_producer_with_no_taskflow' retrieved from /home/airflow/.local/lib/python3.11/site-packages/airflow/example_dags/example_dataset_alias_with_no_taskflow.py
[2024-11-21T11:51:34.843+0000] {logging_mixin.py:190} INFO - [2024-11-21T11:51:34.843+0000] {dag.py:3239} INFO - Sync 4 DAGs
[2024-11-21T11:51:34.856+0000] {logging_mixin.py:190} INFO - [2024-11-21T11:51:34.856+0000] {dag.py:4180} INFO - Setting next_dagrun for dataset_alias_example_alias_consumer_with_no_taskflow to None, run_after=None
[2024-11-21T11:51:34.857+0000] {logging_mixin.py:190} INFO - [2024-11-21T11:51:34.857+0000] {dag.py:4180} INFO - Setting next_dagrun for dataset_alias_example_alias_producer_with_no_taskflow to None, run_after=None
[2024-11-21T11:51:34.858+0000] {logging_mixin.py:190} INFO - [2024-11-21T11:51:34.858+0000] {dag.py:4180} INFO - Setting next_dagrun for dataset_s3_bucket_consumer_with_no_taskflow to None, run_after=None
[2024-11-21T11:51:34.859+0000] {logging_mixin.py:190} INFO - [2024-11-21T11:51:34.859+0000] {dag.py:4180} INFO - Setting next_dagrun for dataset_s3_bucket_producer_with_no_taskflow to None, run_after=None
[2024-11-21T11:51:34.869+0000] {processor.py:208} INFO - Processing /home/airflow/.local/lib/python3.11/site-packages/airflow/example_dags/example_dataset_alias_with_no_taskflow.py took 0.147 seconds
[2024-11-21T11:52:04.954+0000] {processor.py:186} INFO - Started process (PID=438) to work on /home/airflow/.local/lib/python3.11/site-packages/airflow/example_dags/example_dataset_alias_with_no_taskflow.py
[2024-11-21T11:52:04.955+0000] {processor.py:914} INFO - Processing file /home/airflow/.local/lib/python3.11/site-packages/airflow/example_dags/example_dataset_alias_with_no_taskflow.py for tasks to queue
[2024-11-21T11:52:04.956+0000] {logging_mixin.py:190} INFO - [2024-11-21T11:52:04.956+0000] {dagbag.py:588} INFO - Filling up the DagBag from /home/airflow/.local/lib/python3.11/site-packages/airflow/example_dags/example_dataset_alias_with_no_taskflow.py
[2024-11-21T11:52:05.063+0000] {processor.py:925} INFO - DAG(s) 'dataset_s3_bucket_consumer_with_no_taskflow', 'dataset_alias_example_alias_producer_with_no_taskflow', 'dataset_s3_bucket_producer_with_no_taskflow', 'dataset_alias_example_alias_consumer_with_no_taskflow' retrieved from /home/airflow/.local/lib/python3.11/site-packages/airflow/example_dags/example_dataset_alias_with_no_taskflow.py
[2024-11-21T11:52:05.079+0000] {logging_mixin.py:190} INFO - [2024-11-21T11:52:05.079+0000] {dag.py:3239} INFO - Sync 4 DAGs
[2024-11-21T11:52:05.094+0000] {logging_mixin.py:190} INFO - [2024-11-21T11:52:05.094+0000] {dag.py:4180} INFO - Setting next_dagrun for dataset_alias_example_alias_consumer_with_no_taskflow to None, run_after=None
[2024-11-21T11:52:05.097+0000] {logging_mixin.py:190} INFO - [2024-11-21T11:52:05.096+0000] {dag.py:4180} INFO - Setting next_dagrun for dataset_alias_example_alias_producer_with_no_taskflow to None, run_after=None
[2024-11-21T11:52:05.097+0000] {logging_mixin.py:190} INFO - [2024-11-21T11:52:05.097+0000] {dag.py:4180} INFO - Setting next_dagrun for dataset_s3_bucket_consumer_with_no_taskflow to None, run_after=None
[2024-11-21T11:52:05.098+0000] {logging_mixin.py:190} INFO - [2024-11-21T11:52:05.098+0000] {dag.py:4180} INFO - Setting next_dagrun for dataset_s3_bucket_producer_with_no_taskflow to None, run_after=None
[2024-11-21T11:52:05.108+0000] {processor.py:208} INFO - Processing /home/airflow/.local/lib/python3.11/site-packages/airflow/example_dags/example_dataset_alias_with_no_taskflow.py took 0.158 seconds
[2024-11-21T11:52:35.713+0000] {processor.py:186} INFO - Started process (PID=501) to work on /home/airflow/.local/lib/python3.11/site-packages/airflow/example_dags/example_dataset_alias_with_no_taskflow.py
[2024-11-21T11:52:35.715+0000] {processor.py:914} INFO - Processing file /home/airflow/.local/lib/python3.11/site-packages/airflow/example_dags/example_dataset_alias_with_no_taskflow.py for tasks to queue
[2024-11-21T11:52:35.717+0000] {logging_mixin.py:190} INFO - [2024-11-21T11:52:35.717+0000] {dagbag.py:588} INFO - Filling up the DagBag from /home/airflow/.local/lib/python3.11/site-packages/airflow/example_dags/example_dataset_alias_with_no_taskflow.py
[2024-11-21T11:52:35.820+0000] {processor.py:925} INFO - DAG(s) 'dataset_s3_bucket_producer_with_no_taskflow', 'dataset_alias_example_alias_producer_with_no_taskflow', 'dataset_alias_example_alias_consumer_with_no_taskflow', 'dataset_s3_bucket_consumer_with_no_taskflow' retrieved from /home/airflow/.local/lib/python3.11/site-packages/airflow/example_dags/example_dataset_alias_with_no_taskflow.py
[2024-11-21T11:52:35.833+0000] {logging_mixin.py:190} INFO - [2024-11-21T11:52:35.833+0000] {dag.py:3239} INFO - Sync 4 DAGs
[2024-11-21T11:52:35.847+0000] {logging_mixin.py:190} INFO - [2024-11-21T11:52:35.847+0000] {dag.py:4180} INFO - Setting next_dagrun for dataset_alias_example_alias_consumer_with_no_taskflow to None, run_after=None
[2024-11-21T11:52:35.848+0000] {logging_mixin.py:190} INFO - [2024-11-21T11:52:35.848+0000] {dag.py:4180} INFO - Setting next_dagrun for dataset_alias_example_alias_producer_with_no_taskflow to None, run_after=None
[2024-11-21T11:52:35.849+0000] {logging_mixin.py:190} INFO - [2024-11-21T11:52:35.849+0000] {dag.py:4180} INFO - Setting next_dagrun for dataset_s3_bucket_consumer_with_no_taskflow to None, run_after=None
[2024-11-21T11:52:35.850+0000] {logging_mixin.py:190} INFO - [2024-11-21T11:52:35.850+0000] {dag.py:4180} INFO - Setting next_dagrun for dataset_s3_bucket_producer_with_no_taskflow to None, run_after=None
[2024-11-21T11:52:35.861+0000] {processor.py:208} INFO - Processing /home/airflow/.local/lib/python3.11/site-packages/airflow/example_dags/example_dataset_alias_with_no_taskflow.py took 0.154 seconds
[2024-11-21T11:53:06.497+0000] {processor.py:186} INFO - Started process (PID=565) to work on /home/airflow/.local/lib/python3.11/site-packages/airflow/example_dags/example_dataset_alias_with_no_taskflow.py
[2024-11-21T11:53:06.499+0000] {processor.py:914} INFO - Processing file /home/airflow/.local/lib/python3.11/site-packages/airflow/example_dags/example_dataset_alias_with_no_taskflow.py for tasks to queue
[2024-11-21T11:53:06.501+0000] {logging_mixin.py:190} INFO - [2024-11-21T11:53:06.501+0000] {dagbag.py:588} INFO - Filling up the DagBag from /home/airflow/.local/lib/python3.11/site-packages/airflow/example_dags/example_dataset_alias_with_no_taskflow.py
[2024-11-21T11:53:06.601+0000] {processor.py:925} INFO - DAG(s) 'dataset_s3_bucket_producer_with_no_taskflow', 'dataset_alias_example_alias_producer_with_no_taskflow', 'dataset_s3_bucket_consumer_with_no_taskflow', 'dataset_alias_example_alias_consumer_with_no_taskflow' retrieved from /home/airflow/.local/lib/python3.11/site-packages/airflow/example_dags/example_dataset_alias_with_no_taskflow.py
[2024-11-21T11:53:06.612+0000] {logging_mixin.py:190} INFO - [2024-11-21T11:53:06.612+0000] {dag.py:3239} INFO - Sync 4 DAGs
[2024-11-21T11:53:06.623+0000] {logging_mixin.py:190} INFO - [2024-11-21T11:53:06.623+0000] {dag.py:4180} INFO - Setting next_dagrun for dataset_alias_example_alias_consumer_with_no_taskflow to None, run_after=None
[2024-11-21T11:53:06.624+0000] {logging_mixin.py:190} INFO - [2024-11-21T11:53:06.624+0000] {dag.py:4180} INFO - Setting next_dagrun for dataset_alias_example_alias_producer_with_no_taskflow to None, run_after=None
[2024-11-21T11:53:06.625+0000] {logging_mixin.py:190} INFO - [2024-11-21T11:53:06.625+0000] {dag.py:4180} INFO - Setting next_dagrun for dataset_s3_bucket_consumer_with_no_taskflow to None, run_after=None
[2024-11-21T11:53:06.626+0000] {logging_mixin.py:190} INFO - [2024-11-21T11:53:06.626+0000] {dag.py:4180} INFO - Setting next_dagrun for dataset_s3_bucket_producer_with_no_taskflow to None, run_after=None
[2024-11-21T11:53:06.636+0000] {processor.py:208} INFO - Processing /home/airflow/.local/lib/python3.11/site-packages/airflow/example_dags/example_dataset_alias_with_no_taskflow.py took 0.146 seconds
[2024-11-21T11:53:37.321+0000] {processor.py:186} INFO - Started process (PID=629) to work on /home/airflow/.local/lib/python3.11/site-packages/airflow/example_dags/example_dataset_alias_with_no_taskflow.py
[2024-11-21T11:53:37.322+0000] {processor.py:914} INFO - Processing file /home/airflow/.local/lib/python3.11/site-packages/airflow/example_dags/example_dataset_alias_with_no_taskflow.py for tasks to queue
[2024-11-21T11:53:37.324+0000] {logging_mixin.py:190} INFO - [2024-11-21T11:53:37.324+0000] {dagbag.py:588} INFO - Filling up the DagBag from /home/airflow/.local/lib/python3.11/site-packages/airflow/example_dags/example_dataset_alias_with_no_taskflow.py
[2024-11-21T11:53:37.441+0000] {processor.py:925} INFO - DAG(s) 'dataset_alias_example_alias_consumer_with_no_taskflow', 'dataset_s3_bucket_consumer_with_no_taskflow', 'dataset_alias_example_alias_producer_with_no_taskflow', 'dataset_s3_bucket_producer_with_no_taskflow' retrieved from /home/airflow/.local/lib/python3.11/site-packages/airflow/example_dags/example_dataset_alias_with_no_taskflow.py
[2024-11-21T11:53:37.453+0000] {logging_mixin.py:190} INFO - [2024-11-21T11:53:37.453+0000] {dag.py:3239} INFO - Sync 4 DAGs
[2024-11-21T11:53:37.467+0000] {logging_mixin.py:190} INFO - [2024-11-21T11:53:37.467+0000] {dag.py:4180} INFO - Setting next_dagrun for dataset_alias_example_alias_consumer_with_no_taskflow to None, run_after=None
[2024-11-21T11:53:37.469+0000] {logging_mixin.py:190} INFO - [2024-11-21T11:53:37.469+0000] {dag.py:4180} INFO - Setting next_dagrun for dataset_alias_example_alias_producer_with_no_taskflow to None, run_after=None
[2024-11-21T11:53:37.470+0000] {logging_mixin.py:190} INFO - [2024-11-21T11:53:37.470+0000] {dag.py:4180} INFO - Setting next_dagrun for dataset_s3_bucket_consumer_with_no_taskflow to None, run_after=None
[2024-11-21T11:53:37.471+0000] {logging_mixin.py:190} INFO - [2024-11-21T11:53:37.471+0000] {dag.py:4180} INFO - Setting next_dagrun for dataset_s3_bucket_producer_with_no_taskflow to None, run_after=None
[2024-11-21T11:53:37.490+0000] {processor.py:208} INFO - Processing /home/airflow/.local/lib/python3.11/site-packages/airflow/example_dags/example_dataset_alias_with_no_taskflow.py took 0.175 seconds
[2024-11-21T11:54:21.384+0000] {processor.py:186} INFO - Started process (PID=710) to work on /home/airflow/.local/lib/python3.11/site-packages/airflow/example_dags/example_dataset_alias_with_no_taskflow.py
[2024-11-21T11:54:21.390+0000] {processor.py:914} INFO - Processing file /home/airflow/.local/lib/python3.11/site-packages/airflow/example_dags/example_dataset_alias_with_no_taskflow.py for tasks to queue
[2024-11-21T11:54:21.403+0000] {logging_mixin.py:190} INFO - [2024-11-21T11:54:21.403+0000] {dagbag.py:588} INFO - Filling up the DagBag from /home/airflow/.local/lib/python3.11/site-packages/airflow/example_dags/example_dataset_alias_with_no_taskflow.py
[2024-11-21T11:54:22.504+0000] {processor.py:925} INFO - DAG(s) 'dataset_s3_bucket_consumer_with_no_taskflow', 'dataset_s3_bucket_producer_with_no_taskflow', 'dataset_alias_example_alias_producer_with_no_taskflow', 'dataset_alias_example_alias_consumer_with_no_taskflow' retrieved from /home/airflow/.local/lib/python3.11/site-packages/airflow/example_dags/example_dataset_alias_with_no_taskflow.py
[2024-11-21T11:54:22.626+0000] {logging_mixin.py:190} INFO - [2024-11-21T11:54:22.625+0000] {dag.py:3239} INFO - Sync 4 DAGs
[2024-11-21T11:54:22.697+0000] {logging_mixin.py:190} INFO - [2024-11-21T11:54:22.696+0000] {dag.py:4180} INFO - Setting next_dagrun for dataset_alias_example_alias_consumer_with_no_taskflow to None, run_after=None
[2024-11-21T11:54:22.706+0000] {logging_mixin.py:190} INFO - [2024-11-21T11:54:22.705+0000] {dag.py:4180} INFO - Setting next_dagrun for dataset_alias_example_alias_producer_with_no_taskflow to None, run_after=None
[2024-11-21T11:54:22.710+0000] {logging_mixin.py:190} INFO - [2024-11-21T11:54:22.710+0000] {dag.py:4180} INFO - Setting next_dagrun for dataset_s3_bucket_consumer_with_no_taskflow to None, run_after=None
[2024-11-21T11:54:22.716+0000] {logging_mixin.py:190} INFO - [2024-11-21T11:54:22.716+0000] {dag.py:4180} INFO - Setting next_dagrun for dataset_s3_bucket_producer_with_no_taskflow to None, run_after=None
[2024-11-21T11:54:22.836+0000] {processor.py:208} INFO - Processing /home/airflow/.local/lib/python3.11/site-packages/airflow/example_dags/example_dataset_alias_with_no_taskflow.py took 1.510 seconds
[2024-11-21T11:55:13.307+0000] {processor.py:186} INFO - Started process (PID=783) to work on /home/airflow/.local/lib/python3.11/site-packages/airflow/example_dags/example_dataset_alias_with_no_taskflow.py
[2024-11-21T11:55:13.320+0000] {processor.py:914} INFO - Processing file /home/airflow/.local/lib/python3.11/site-packages/airflow/example_dags/example_dataset_alias_with_no_taskflow.py for tasks to queue
[2024-11-21T11:55:13.328+0000] {logging_mixin.py:190} INFO - [2024-11-21T11:55:13.327+0000] {dagbag.py:588} INFO - Filling up the DagBag from /home/airflow/.local/lib/python3.11/site-packages/airflow/example_dags/example_dataset_alias_with_no_taskflow.py
[2024-11-21T11:55:15.669+0000] {processor.py:925} INFO - DAG(s) 'dataset_s3_bucket_producer_with_no_taskflow', 'dataset_alias_example_alias_consumer_with_no_taskflow', 'dataset_alias_example_alias_producer_with_no_taskflow', 'dataset_s3_bucket_consumer_with_no_taskflow' retrieved from /home/airflow/.local/lib/python3.11/site-packages/airflow/example_dags/example_dataset_alias_with_no_taskflow.py
[2024-11-21T11:55:15.898+0000] {logging_mixin.py:190} INFO - [2024-11-21T11:55:15.896+0000] {dag.py:3239} INFO - Sync 4 DAGs
[2024-11-21T11:55:16.094+0000] {logging_mixin.py:190} INFO - [2024-11-21T11:55:16.088+0000] {dag.py:4180} INFO - Setting next_dagrun for dataset_alias_example_alias_consumer_with_no_taskflow to None, run_after=None
[2024-11-21T11:55:16.104+0000] {logging_mixin.py:190} INFO - [2024-11-21T11:55:16.102+0000] {dag.py:4180} INFO - Setting next_dagrun for dataset_alias_example_alias_producer_with_no_taskflow to None, run_after=None
[2024-11-21T11:55:16.123+0000] {logging_mixin.py:190} INFO - [2024-11-21T11:55:16.122+0000] {dag.py:4180} INFO - Setting next_dagrun for dataset_s3_bucket_consumer_with_no_taskflow to None, run_after=None
[2024-11-21T11:55:16.133+0000] {logging_mixin.py:190} INFO - [2024-11-21T11:55:16.131+0000] {dag.py:4180} INFO - Setting next_dagrun for dataset_s3_bucket_producer_with_no_taskflow to None, run_after=None
[2024-11-21T11:55:16.329+0000] {processor.py:208} INFO - Processing /home/airflow/.local/lib/python3.11/site-packages/airflow/example_dags/example_dataset_alias_with_no_taskflow.py took 3.055 seconds
[2024-11-21T11:55:46.859+0000] {processor.py:186} INFO - Started process (PID=848) to work on /home/airflow/.local/lib/python3.11/site-packages/airflow/example_dags/example_dataset_alias_with_no_taskflow.py
[2024-11-21T11:55:46.870+0000] {processor.py:914} INFO - Processing file /home/airflow/.local/lib/python3.11/site-packages/airflow/example_dags/example_dataset_alias_with_no_taskflow.py for tasks to queue
[2024-11-21T11:55:46.916+0000] {logging_mixin.py:190} INFO - [2024-11-21T11:55:46.915+0000] {dagbag.py:588} INFO - Filling up the DagBag from /home/airflow/.local/lib/python3.11/site-packages/airflow/example_dags/example_dataset_alias_with_no_taskflow.py
[2024-11-21T11:55:48.675+0000] {processor.py:925} INFO - DAG(s) 'dataset_s3_bucket_producer_with_no_taskflow', 'dataset_alias_example_alias_producer_with_no_taskflow', 'dataset_alias_example_alias_consumer_with_no_taskflow', 'dataset_s3_bucket_consumer_with_no_taskflow' retrieved from /home/airflow/.local/lib/python3.11/site-packages/airflow/example_dags/example_dataset_alias_with_no_taskflow.py
[2024-11-21T11:55:48.799+0000] {logging_mixin.py:190} INFO - [2024-11-21T11:55:48.798+0000] {dag.py:3239} INFO - Sync 4 DAGs
[2024-11-21T11:55:48.913+0000] {logging_mixin.py:190} INFO - [2024-11-21T11:55:48.912+0000] {dag.py:4180} INFO - Setting next_dagrun for dataset_alias_example_alias_consumer_with_no_taskflow to None, run_after=None
[2024-11-21T11:55:48.930+0000] {logging_mixin.py:190} INFO - [2024-11-21T11:55:48.929+0000] {dag.py:4180} INFO - Setting next_dagrun for dataset_alias_example_alias_producer_with_no_taskflow to None, run_after=None
[2024-11-21T11:55:48.940+0000] {logging_mixin.py:190} INFO - [2024-11-21T11:55:48.940+0000] {dag.py:4180} INFO - Setting next_dagrun for dataset_s3_bucket_consumer_with_no_taskflow to None, run_after=None
[2024-11-21T11:55:48.952+0000] {logging_mixin.py:190} INFO - [2024-11-21T11:55:48.952+0000] {dag.py:4180} INFO - Setting next_dagrun for dataset_s3_bucket_producer_with_no_taskflow to None, run_after=None
[2024-11-21T11:55:49.157+0000] {processor.py:208} INFO - Processing /home/airflow/.local/lib/python3.11/site-packages/airflow/example_dags/example_dataset_alias_with_no_taskflow.py took 2.344 seconds
[2024-11-21T11:56:33.724+0000] {processor.py:186} INFO - Started process (PID=912) to work on /home/airflow/.local/lib/python3.11/site-packages/airflow/example_dags/example_dataset_alias_with_no_taskflow.py
[2024-11-21T11:56:33.726+0000] {processor.py:914} INFO - Processing file /home/airflow/.local/lib/python3.11/site-packages/airflow/example_dags/example_dataset_alias_with_no_taskflow.py for tasks to queue
[2024-11-21T11:56:33.730+0000] {logging_mixin.py:190} INFO - [2024-11-21T11:56:33.729+0000] {dagbag.py:588} INFO - Filling up the DagBag from /home/airflow/.local/lib/python3.11/site-packages/airflow/example_dags/example_dataset_alias_with_no_taskflow.py
[2024-11-21T11:56:33.947+0000] {processor.py:925} INFO - DAG(s) 'dataset_s3_bucket_producer_with_no_taskflow', 'dataset_s3_bucket_consumer_with_no_taskflow', 'dataset_alias_example_alias_producer_with_no_taskflow', 'dataset_alias_example_alias_consumer_with_no_taskflow' retrieved from /home/airflow/.local/lib/python3.11/site-packages/airflow/example_dags/example_dataset_alias_with_no_taskflow.py
[2024-11-21T11:56:33.964+0000] {logging_mixin.py:190} INFO - [2024-11-21T11:56:33.964+0000] {dag.py:3239} INFO - Sync 4 DAGs
[2024-11-21T11:56:33.991+0000] {logging_mixin.py:190} INFO - [2024-11-21T11:56:33.990+0000] {dag.py:4180} INFO - Setting next_dagrun for dataset_alias_example_alias_consumer_with_no_taskflow to None, run_after=None
[2024-11-21T11:56:33.992+0000] {logging_mixin.py:190} INFO - [2024-11-21T11:56:33.992+0000] {dag.py:4180} INFO - Setting next_dagrun for dataset_alias_example_alias_producer_with_no_taskflow to None, run_after=None
[2024-11-21T11:56:33.993+0000] {logging_mixin.py:190} INFO - [2024-11-21T11:56:33.993+0000] {dag.py:4180} INFO - Setting next_dagrun for dataset_s3_bucket_consumer_with_no_taskflow to None, run_after=None
[2024-11-21T11:56:33.994+0000] {logging_mixin.py:190} INFO - [2024-11-21T11:56:33.994+0000] {dag.py:4180} INFO - Setting next_dagrun for dataset_s3_bucket_producer_with_no_taskflow to None, run_after=None
[2024-11-21T11:56:34.016+0000] {processor.py:208} INFO - Processing /home/airflow/.local/lib/python3.11/site-packages/airflow/example_dags/example_dataset_alias_with_no_taskflow.py took 0.298 seconds
[2024-11-21T11:57:04.584+0000] {processor.py:186} INFO - Started process (PID=970) to work on /home/airflow/.local/lib/python3.11/site-packages/airflow/example_dags/example_dataset_alias_with_no_taskflow.py
[2024-11-21T11:57:04.587+0000] {processor.py:914} INFO - Processing file /home/airflow/.local/lib/python3.11/site-packages/airflow/example_dags/example_dataset_alias_with_no_taskflow.py for tasks to queue
[2024-11-21T11:57:04.589+0000] {logging_mixin.py:190} INFO - [2024-11-21T11:57:04.589+0000] {dagbag.py:588} INFO - Filling up the DagBag from /home/airflow/.local/lib/python3.11/site-packages/airflow/example_dags/example_dataset_alias_with_no_taskflow.py
[2024-11-21T11:57:04.692+0000] {processor.py:925} INFO - DAG(s) 'dataset_s3_bucket_consumer_with_no_taskflow', 'dataset_s3_bucket_producer_with_no_taskflow', 'dataset_alias_example_alias_producer_with_no_taskflow', 'dataset_alias_example_alias_consumer_with_no_taskflow' retrieved from /home/airflow/.local/lib/python3.11/site-packages/airflow/example_dags/example_dataset_alias_with_no_taskflow.py
[2024-11-21T11:57:04.711+0000] {logging_mixin.py:190} INFO - [2024-11-21T11:57:04.711+0000] {dag.py:3239} INFO - Sync 4 DAGs
[2024-11-21T11:57:04.725+0000] {logging_mixin.py:190} INFO - [2024-11-21T11:57:04.725+0000] {dag.py:4180} INFO - Setting next_dagrun for dataset_alias_example_alias_consumer_with_no_taskflow to None, run_after=None
[2024-11-21T11:57:04.727+0000] {logging_mixin.py:190} INFO - [2024-11-21T11:57:04.727+0000] {dag.py:4180} INFO - Setting next_dagrun for dataset_alias_example_alias_producer_with_no_taskflow to None, run_after=None
[2024-11-21T11:57:04.728+0000] {logging_mixin.py:190} INFO - [2024-11-21T11:57:04.728+0000] {dag.py:4180} INFO - Setting next_dagrun for dataset_s3_bucket_consumer_with_no_taskflow to None, run_after=None
[2024-11-21T11:57:04.728+0000] {logging_mixin.py:190} INFO - [2024-11-21T11:57:04.728+0000] {dag.py:4180} INFO - Setting next_dagrun for dataset_s3_bucket_producer_with_no_taskflow to None, run_after=None
[2024-11-21T11:57:04.739+0000] {processor.py:208} INFO - Processing /home/airflow/.local/lib/python3.11/site-packages/airflow/example_dags/example_dataset_alias_with_no_taskflow.py took 0.162 seconds
[2024-11-21T11:57:34.825+0000] {processor.py:186} INFO - Started process (PID=1037) to work on /home/airflow/.local/lib/python3.11/site-packages/airflow/example_dags/example_dataset_alias_with_no_taskflow.py
[2024-11-21T11:57:34.828+0000] {processor.py:914} INFO - Processing file /home/airflow/.local/lib/python3.11/site-packages/airflow/example_dags/example_dataset_alias_with_no_taskflow.py for tasks to queue
[2024-11-21T11:57:34.830+0000] {logging_mixin.py:190} INFO - [2024-11-21T11:57:34.830+0000] {dagbag.py:588} INFO - Filling up the DagBag from /home/airflow/.local/lib/python3.11/site-packages/airflow/example_dags/example_dataset_alias_with_no_taskflow.py
[2024-11-21T11:57:34.929+0000] {processor.py:925} INFO - DAG(s) 'dataset_s3_bucket_consumer_with_no_taskflow', 'dataset_alias_example_alias_producer_with_no_taskflow', 'dataset_s3_bucket_producer_with_no_taskflow', 'dataset_alias_example_alias_consumer_with_no_taskflow' retrieved from /home/airflow/.local/lib/python3.11/site-packages/airflow/example_dags/example_dataset_alias_with_no_taskflow.py
[2024-11-21T11:57:34.939+0000] {logging_mixin.py:190} INFO - [2024-11-21T11:57:34.939+0000] {dag.py:3239} INFO - Sync 4 DAGs
[2024-11-21T11:57:34.953+0000] {logging_mixin.py:190} INFO - [2024-11-21T11:57:34.953+0000] {dag.py:4180} INFO - Setting next_dagrun for dataset_alias_example_alias_consumer_with_no_taskflow to None, run_after=None
[2024-11-21T11:57:34.956+0000] {logging_mixin.py:190} INFO - [2024-11-21T11:57:34.956+0000] {dag.py:4180} INFO - Setting next_dagrun for dataset_alias_example_alias_producer_with_no_taskflow to None, run_after=None
[2024-11-21T11:57:34.957+0000] {logging_mixin.py:190} INFO - [2024-11-21T11:57:34.956+0000] {dag.py:4180} INFO - Setting next_dagrun for dataset_s3_bucket_consumer_with_no_taskflow to None, run_after=None
[2024-11-21T11:57:34.957+0000] {logging_mixin.py:190} INFO - [2024-11-21T11:57:34.957+0000] {dag.py:4180} INFO - Setting next_dagrun for dataset_s3_bucket_producer_with_no_taskflow to None, run_after=None
[2024-11-21T11:57:34.971+0000] {processor.py:208} INFO - Processing /home/airflow/.local/lib/python3.11/site-packages/airflow/example_dags/example_dataset_alias_with_no_taskflow.py took 0.150 seconds
[2024-11-21T11:58:05.646+0000] {processor.py:186} INFO - Started process (PID=1099) to work on /home/airflow/.local/lib/python3.11/site-packages/airflow/example_dags/example_dataset_alias_with_no_taskflow.py
[2024-11-21T11:58:05.648+0000] {processor.py:914} INFO - Processing file /home/airflow/.local/lib/python3.11/site-packages/airflow/example_dags/example_dataset_alias_with_no_taskflow.py for tasks to queue
[2024-11-21T11:58:05.652+0000] {logging_mixin.py:190} INFO - [2024-11-21T11:58:05.652+0000] {dagbag.py:588} INFO - Filling up the DagBag from /home/airflow/.local/lib/python3.11/site-packages/airflow/example_dags/example_dataset_alias_with_no_taskflow.py
[2024-11-21T11:58:05.785+0000] {processor.py:925} INFO - DAG(s) 'dataset_s3_bucket_producer_with_no_taskflow', 'dataset_s3_bucket_consumer_with_no_taskflow', 'dataset_alias_example_alias_producer_with_no_taskflow', 'dataset_alias_example_alias_consumer_with_no_taskflow' retrieved from /home/airflow/.local/lib/python3.11/site-packages/airflow/example_dags/example_dataset_alias_with_no_taskflow.py
[2024-11-21T11:58:05.800+0000] {logging_mixin.py:190} INFO - [2024-11-21T11:58:05.800+0000] {dag.py:3239} INFO - Sync 4 DAGs
[2024-11-21T11:58:05.814+0000] {logging_mixin.py:190} INFO - [2024-11-21T11:58:05.813+0000] {dag.py:4180} INFO - Setting next_dagrun for dataset_alias_example_alias_consumer_with_no_taskflow to None, run_after=None
[2024-11-21T11:58:05.815+0000] {logging_mixin.py:190} INFO - [2024-11-21T11:58:05.815+0000] {dag.py:4180} INFO - Setting next_dagrun for dataset_alias_example_alias_producer_with_no_taskflow to None, run_after=None
[2024-11-21T11:58:05.816+0000] {logging_mixin.py:190} INFO - [2024-11-21T11:58:05.816+0000] {dag.py:4180} INFO - Setting next_dagrun for dataset_s3_bucket_consumer_with_no_taskflow to None, run_after=None
[2024-11-21T11:58:05.816+0000] {logging_mixin.py:190} INFO - [2024-11-21T11:58:05.816+0000] {dag.py:4180} INFO - Setting next_dagrun for dataset_s3_bucket_producer_with_no_taskflow to None, run_after=None
[2024-11-21T11:58:05.828+0000] {processor.py:208} INFO - Processing /home/airflow/.local/lib/python3.11/site-packages/airflow/example_dags/example_dataset_alias_with_no_taskflow.py took 0.195 seconds
[2024-11-21T11:58:36.204+0000] {processor.py:186} INFO - Started process (PID=1163) to work on /home/airflow/.local/lib/python3.11/site-packages/airflow/example_dags/example_dataset_alias_with_no_taskflow.py
[2024-11-21T11:58:36.207+0000] {processor.py:914} INFO - Processing file /home/airflow/.local/lib/python3.11/site-packages/airflow/example_dags/example_dataset_alias_with_no_taskflow.py for tasks to queue
[2024-11-21T11:58:36.211+0000] {logging_mixin.py:190} INFO - [2024-11-21T11:58:36.210+0000] {dagbag.py:588} INFO - Filling up the DagBag from /home/airflow/.local/lib/python3.11/site-packages/airflow/example_dags/example_dataset_alias_with_no_taskflow.py
[2024-11-21T11:58:36.315+0000] {processor.py:925} INFO - DAG(s) 'dataset_s3_bucket_producer_with_no_taskflow', 'dataset_alias_example_alias_producer_with_no_taskflow', 'dataset_alias_example_alias_consumer_with_no_taskflow', 'dataset_s3_bucket_consumer_with_no_taskflow' retrieved from /home/airflow/.local/lib/python3.11/site-packages/airflow/example_dags/example_dataset_alias_with_no_taskflow.py
[2024-11-21T11:58:36.327+0000] {logging_mixin.py:190} INFO - [2024-11-21T11:58:36.327+0000] {dag.py:3239} INFO - Sync 4 DAGs
[2024-11-21T11:58:36.339+0000] {logging_mixin.py:190} INFO - [2024-11-21T11:58:36.339+0000] {dag.py:4180} INFO - Setting next_dagrun for dataset_alias_example_alias_consumer_with_no_taskflow to None, run_after=None
[2024-11-21T11:58:36.341+0000] {logging_mixin.py:190} INFO - [2024-11-21T11:58:36.341+0000] {dag.py:4180} INFO - Setting next_dagrun for dataset_alias_example_alias_producer_with_no_taskflow to None, run_after=None
[2024-11-21T11:58:36.342+0000] {logging_mixin.py:190} INFO - [2024-11-21T11:58:36.342+0000] {dag.py:4180} INFO - Setting next_dagrun for dataset_s3_bucket_consumer_with_no_taskflow to None, run_after=None
[2024-11-21T11:58:36.343+0000] {logging_mixin.py:190} INFO - [2024-11-21T11:58:36.343+0000] {dag.py:4180} INFO - Setting next_dagrun for dataset_s3_bucket_producer_with_no_taskflow to None, run_after=None
[2024-11-21T11:58:36.354+0000] {processor.py:208} INFO - Processing /home/airflow/.local/lib/python3.11/site-packages/airflow/example_dags/example_dataset_alias_with_no_taskflow.py took 0.159 seconds
[2024-11-21T11:59:06.959+0000] {processor.py:186} INFO - Started process (PID=1227) to work on /home/airflow/.local/lib/python3.11/site-packages/airflow/example_dags/example_dataset_alias_with_no_taskflow.py
[2024-11-21T11:59:06.961+0000] {processor.py:914} INFO - Processing file /home/airflow/.local/lib/python3.11/site-packages/airflow/example_dags/example_dataset_alias_with_no_taskflow.py for tasks to queue
[2024-11-21T11:59:06.963+0000] {logging_mixin.py:190} INFO - [2024-11-21T11:59:06.963+0000] {dagbag.py:588} INFO - Filling up the DagBag from /home/airflow/.local/lib/python3.11/site-packages/airflow/example_dags/example_dataset_alias_with_no_taskflow.py
[2024-11-21T11:59:07.084+0000] {processor.py:925} INFO - DAG(s) 'dataset_s3_bucket_producer_with_no_taskflow', 'dataset_s3_bucket_consumer_with_no_taskflow', 'dataset_alias_example_alias_producer_with_no_taskflow', 'dataset_alias_example_alias_consumer_with_no_taskflow' retrieved from /home/airflow/.local/lib/python3.11/site-packages/airflow/example_dags/example_dataset_alias_with_no_taskflow.py
[2024-11-21T11:59:07.094+0000] {logging_mixin.py:190} INFO - [2024-11-21T11:59:07.094+0000] {dag.py:3239} INFO - Sync 4 DAGs
[2024-11-21T11:59:07.108+0000] {logging_mixin.py:190} INFO - [2024-11-21T11:59:07.107+0000] {dag.py:4180} INFO - Setting next_dagrun for dataset_alias_example_alias_consumer_with_no_taskflow to None, run_after=None
[2024-11-21T11:59:07.109+0000] {logging_mixin.py:190} INFO - [2024-11-21T11:59:07.109+0000] {dag.py:4180} INFO - Setting next_dagrun for dataset_alias_example_alias_producer_with_no_taskflow to None, run_after=None
[2024-11-21T11:59:07.110+0000] {logging_mixin.py:190} INFO - [2024-11-21T11:59:07.110+0000] {dag.py:4180} INFO - Setting next_dagrun for dataset_s3_bucket_consumer_with_no_taskflow to None, run_after=None
[2024-11-21T11:59:07.111+0000] {logging_mixin.py:190} INFO - [2024-11-21T11:59:07.111+0000] {dag.py:4180} INFO - Setting next_dagrun for dataset_s3_bucket_producer_with_no_taskflow to None, run_after=None
[2024-11-21T11:59:07.122+0000] {processor.py:208} INFO - Processing /home/airflow/.local/lib/python3.11/site-packages/airflow/example_dags/example_dataset_alias_with_no_taskflow.py took 0.167 seconds
[2024-11-21T11:59:37.795+0000] {processor.py:186} INFO - Started process (PID=1291) to work on /home/airflow/.local/lib/python3.11/site-packages/airflow/example_dags/example_dataset_alias_with_no_taskflow.py
[2024-11-21T11:59:37.797+0000] {processor.py:914} INFO - Processing file /home/airflow/.local/lib/python3.11/site-packages/airflow/example_dags/example_dataset_alias_with_no_taskflow.py for tasks to queue
[2024-11-21T11:59:37.799+0000] {logging_mixin.py:190} INFO - [2024-11-21T11:59:37.799+0000] {dagbag.py:588} INFO - Filling up the DagBag from /home/airflow/.local/lib/python3.11/site-packages/airflow/example_dags/example_dataset_alias_with_no_taskflow.py
[2024-11-21T11:59:37.887+0000] {processor.py:925} INFO - DAG(s) 'dataset_alias_example_alias_consumer_with_no_taskflow', 'dataset_s3_bucket_producer_with_no_taskflow', 'dataset_alias_example_alias_producer_with_no_taskflow', 'dataset_s3_bucket_consumer_with_no_taskflow' retrieved from /home/airflow/.local/lib/python3.11/site-packages/airflow/example_dags/example_dataset_alias_with_no_taskflow.py
[2024-11-21T11:59:37.900+0000] {logging_mixin.py:190} INFO - [2024-11-21T11:59:37.899+0000] {dag.py:3239} INFO - Sync 4 DAGs
[2024-11-21T11:59:37.916+0000] {logging_mixin.py:190} INFO - [2024-11-21T11:59:37.915+0000] {dag.py:4180} INFO - Setting next_dagrun for dataset_alias_example_alias_consumer_with_no_taskflow to None, run_after=None
[2024-11-21T11:59:37.919+0000] {logging_mixin.py:190} INFO - [2024-11-21T11:59:37.919+0000] {dag.py:4180} INFO - Setting next_dagrun for dataset_alias_example_alias_producer_with_no_taskflow to None, run_after=None
[2024-11-21T11:59:37.920+0000] {logging_mixin.py:190} INFO - [2024-11-21T11:59:37.920+0000] {dag.py:4180} INFO - Setting next_dagrun for dataset_s3_bucket_consumer_with_no_taskflow to None, run_after=None
[2024-11-21T11:59:37.922+0000] {logging_mixin.py:190} INFO - [2024-11-21T11:59:37.921+0000] {dag.py:4180} INFO - Setting next_dagrun for dataset_s3_bucket_producer_with_no_taskflow to None, run_after=None
[2024-11-21T11:59:37.936+0000] {processor.py:208} INFO - Processing /home/airflow/.local/lib/python3.11/site-packages/airflow/example_dags/example_dataset_alias_with_no_taskflow.py took 0.149 seconds
[2024-11-21T12:00:08.891+0000] {processor.py:186} INFO - Started process (PID=1356) to work on /home/airflow/.local/lib/python3.11/site-packages/airflow/example_dags/example_dataset_alias_with_no_taskflow.py
[2024-11-21T12:00:08.893+0000] {processor.py:914} INFO - Processing file /home/airflow/.local/lib/python3.11/site-packages/airflow/example_dags/example_dataset_alias_with_no_taskflow.py for tasks to queue
[2024-11-21T12:00:08.897+0000] {logging_mixin.py:190} INFO - [2024-11-21T12:00:08.896+0000] {dagbag.py:588} INFO - Filling up the DagBag from /home/airflow/.local/lib/python3.11/site-packages/airflow/example_dags/example_dataset_alias_with_no_taskflow.py
[2024-11-21T12:00:08.996+0000] {processor.py:925} INFO - DAG(s) 'dataset_alias_example_alias_producer_with_no_taskflow', 'dataset_s3_bucket_consumer_with_no_taskflow', 'dataset_alias_example_alias_consumer_with_no_taskflow', 'dataset_s3_bucket_producer_with_no_taskflow' retrieved from /home/airflow/.local/lib/python3.11/site-packages/airflow/example_dags/example_dataset_alias_with_no_taskflow.py
[2024-11-21T12:00:09.010+0000] {logging_mixin.py:190} INFO - [2024-11-21T12:00:09.010+0000] {dag.py:3239} INFO - Sync 4 DAGs
[2024-11-21T12:00:09.024+0000] {logging_mixin.py:190} INFO - [2024-11-21T12:00:09.024+0000] {dag.py:4180} INFO - Setting next_dagrun for dataset_alias_example_alias_consumer_with_no_taskflow to None, run_after=None
[2024-11-21T12:00:09.026+0000] {logging_mixin.py:190} INFO - [2024-11-21T12:00:09.026+0000] {dag.py:4180} INFO - Setting next_dagrun for dataset_alias_example_alias_producer_with_no_taskflow to None, run_after=None
[2024-11-21T12:00:09.027+0000] {logging_mixin.py:190} INFO - [2024-11-21T12:00:09.027+0000] {dag.py:4180} INFO - Setting next_dagrun for dataset_s3_bucket_consumer_with_no_taskflow to None, run_after=None
[2024-11-21T12:00:09.027+0000] {logging_mixin.py:190} INFO - [2024-11-21T12:00:09.027+0000] {dag.py:4180} INFO - Setting next_dagrun for dataset_s3_bucket_producer_with_no_taskflow to None, run_after=None
[2024-11-21T12:00:09.046+0000] {processor.py:208} INFO - Processing /home/airflow/.local/lib/python3.11/site-packages/airflow/example_dags/example_dataset_alias_with_no_taskflow.py took 0.169 seconds
[2024-11-21T12:02:05.776+0000] {processor.py:186} INFO - Started process (PID=1388) to work on /home/airflow/.local/lib/python3.11/site-packages/airflow/example_dags/example_dataset_alias_with_no_taskflow.py
[2024-11-21T12:02:05.785+0000] {processor.py:914} INFO - Processing file /home/airflow/.local/lib/python3.11/site-packages/airflow/example_dags/example_dataset_alias_with_no_taskflow.py for tasks to queue
[2024-11-21T12:02:05.817+0000] {logging_mixin.py:190} INFO - [2024-11-21T12:02:05.814+0000] {dagbag.py:588} INFO - Filling up the DagBag from /home/airflow/.local/lib/python3.11/site-packages/airflow/example_dags/example_dataset_alias_with_no_taskflow.py
[2024-11-21T12:02:06.445+0000] {processor.py:925} INFO - DAG(s) 'dataset_s3_bucket_consumer_with_no_taskflow', 'dataset_alias_example_alias_producer_with_no_taskflow', 'dataset_alias_example_alias_consumer_with_no_taskflow', 'dataset_s3_bucket_producer_with_no_taskflow' retrieved from /home/airflow/.local/lib/python3.11/site-packages/airflow/example_dags/example_dataset_alias_with_no_taskflow.py
[2024-11-21T12:02:06.517+0000] {logging_mixin.py:190} INFO - [2024-11-21T12:02:06.516+0000] {dag.py:3239} INFO - Sync 4 DAGs
[2024-11-21T12:02:06.626+0000] {logging_mixin.py:190} INFO - [2024-11-21T12:02:06.624+0000] {dag.py:4180} INFO - Setting next_dagrun for dataset_alias_example_alias_consumer_with_no_taskflow to None, run_after=None
[2024-11-21T12:02:06.654+0000] {logging_mixin.py:190} INFO - [2024-11-21T12:02:06.653+0000] {dag.py:4180} INFO - Setting next_dagrun for dataset_alias_example_alias_producer_with_no_taskflow to None, run_after=None
[2024-11-21T12:02:06.664+0000] {logging_mixin.py:190} INFO - [2024-11-21T12:02:06.664+0000] {dag.py:4180} INFO - Setting next_dagrun for dataset_s3_bucket_consumer_with_no_taskflow to None, run_after=None
[2024-11-21T12:02:06.666+0000] {logging_mixin.py:190} INFO - [2024-11-21T12:02:06.666+0000] {dag.py:4180} INFO - Setting next_dagrun for dataset_s3_bucket_producer_with_no_taskflow to None, run_after=None
[2024-11-21T12:02:06.747+0000] {processor.py:208} INFO - Processing /home/airflow/.local/lib/python3.11/site-packages/airflow/example_dags/example_dataset_alias_with_no_taskflow.py took 1.017 seconds
[2024-11-21T12:04:02.346+0000] {processor.py:186} INFO - Started process (PID=1465) to work on /home/airflow/.local/lib/python3.11/site-packages/airflow/example_dags/example_dataset_alias_with_no_taskflow.py
[2024-11-21T12:04:02.349+0000] {processor.py:914} INFO - Processing file /home/airflow/.local/lib/python3.11/site-packages/airflow/example_dags/example_dataset_alias_with_no_taskflow.py for tasks to queue
[2024-11-21T12:04:02.358+0000] {logging_mixin.py:190} INFO - [2024-11-21T12:04:02.356+0000] {dagbag.py:588} INFO - Filling up the DagBag from /home/airflow/.local/lib/python3.11/site-packages/airflow/example_dags/example_dataset_alias_with_no_taskflow.py
[2024-11-21T12:04:03.062+0000] {processor.py:925} INFO - DAG(s) 'dataset_alias_example_alias_consumer_with_no_taskflow', 'dataset_alias_example_alias_producer_with_no_taskflow', 'dataset_s3_bucket_producer_with_no_taskflow', 'dataset_s3_bucket_consumer_with_no_taskflow' retrieved from /home/airflow/.local/lib/python3.11/site-packages/airflow/example_dags/example_dataset_alias_with_no_taskflow.py
[2024-11-21T12:04:03.177+0000] {logging_mixin.py:190} INFO - [2024-11-21T12:04:03.175+0000] {dag.py:3239} INFO - Sync 4 DAGs
[2024-11-21T12:04:03.303+0000] {logging_mixin.py:190} INFO - [2024-11-21T12:04:03.302+0000] {dag.py:4180} INFO - Setting next_dagrun for dataset_alias_example_alias_consumer_with_no_taskflow to None, run_after=None
[2024-11-21T12:04:03.312+0000] {logging_mixin.py:190} INFO - [2024-11-21T12:04:03.311+0000] {dag.py:4180} INFO - Setting next_dagrun for dataset_alias_example_alias_producer_with_no_taskflow to None, run_after=None
[2024-11-21T12:04:03.316+0000] {logging_mixin.py:190} INFO - [2024-11-21T12:04:03.316+0000] {dag.py:4180} INFO - Setting next_dagrun for dataset_s3_bucket_consumer_with_no_taskflow to None, run_after=None
[2024-11-21T12:04:03.320+0000] {logging_mixin.py:190} INFO - [2024-11-21T12:04:03.319+0000] {dag.py:4180} INFO - Setting next_dagrun for dataset_s3_bucket_producer_with_no_taskflow to None, run_after=None
[2024-11-21T12:04:03.405+0000] {processor.py:208} INFO - Processing /home/airflow/.local/lib/python3.11/site-packages/airflow/example_dags/example_dataset_alias_with_no_taskflow.py took 1.090 seconds
[2024-11-21T12:26:22.455+0000] {processor.py:186} INFO - Started process (PID=1507) to work on /home/airflow/.local/lib/python3.11/site-packages/airflow/example_dags/example_dataset_alias_with_no_taskflow.py
[2024-11-21T12:26:22.465+0000] {processor.py:914} INFO - Processing file /home/airflow/.local/lib/python3.11/site-packages/airflow/example_dags/example_dataset_alias_with_no_taskflow.py for tasks to queue
[2024-11-21T12:26:22.490+0000] {logging_mixin.py:190} INFO - [2024-11-21T12:26:22.486+0000] {dagbag.py:588} INFO - Filling up the DagBag from /home/airflow/.local/lib/python3.11/site-packages/airflow/example_dags/example_dataset_alias_with_no_taskflow.py
[2024-11-21T12:26:23.966+0000] {processor.py:925} INFO - DAG(s) 'dataset_s3_bucket_consumer_with_no_taskflow', 'dataset_s3_bucket_producer_with_no_taskflow', 'dataset_alias_example_alias_consumer_with_no_taskflow', 'dataset_alias_example_alias_producer_with_no_taskflow' retrieved from /home/airflow/.local/lib/python3.11/site-packages/airflow/example_dags/example_dataset_alias_with_no_taskflow.py
[2024-11-21T12:26:24.044+0000] {logging_mixin.py:190} INFO - [2024-11-21T12:26:24.044+0000] {dag.py:3239} INFO - Sync 4 DAGs
[2024-11-21T12:26:24.150+0000] {logging_mixin.py:190} INFO - [2024-11-21T12:26:24.149+0000] {dag.py:4180} INFO - Setting next_dagrun for dataset_alias_example_alias_consumer_with_no_taskflow to None, run_after=None
[2024-11-21T12:26:24.168+0000] {logging_mixin.py:190} INFO - [2024-11-21T12:26:24.167+0000] {dag.py:4180} INFO - Setting next_dagrun for dataset_alias_example_alias_producer_with_no_taskflow to None, run_after=None
[2024-11-21T12:26:24.175+0000] {logging_mixin.py:190} INFO - [2024-11-21T12:26:24.175+0000] {dag.py:4180} INFO - Setting next_dagrun for dataset_s3_bucket_consumer_with_no_taskflow to None, run_after=None
[2024-11-21T12:26:24.179+0000] {logging_mixin.py:190} INFO - [2024-11-21T12:26:24.179+0000] {dag.py:4180} INFO - Setting next_dagrun for dataset_s3_bucket_producer_with_no_taskflow to None, run_after=None
[2024-11-21T12:26:24.304+0000] {processor.py:208} INFO - Processing /home/airflow/.local/lib/python3.11/site-packages/airflow/example_dags/example_dataset_alias_with_no_taskflow.py took 1.896 seconds
[2024-11-21T12:43:09.055+0000] {processor.py:186} INFO - Started process (PID=1560) to work on /home/airflow/.local/lib/python3.11/site-packages/airflow/example_dags/example_dataset_alias_with_no_taskflow.py
[2024-11-21T12:43:09.058+0000] {processor.py:914} INFO - Processing file /home/airflow/.local/lib/python3.11/site-packages/airflow/example_dags/example_dataset_alias_with_no_taskflow.py for tasks to queue
[2024-11-21T12:43:09.062+0000] {logging_mixin.py:190} INFO - [2024-11-21T12:43:09.061+0000] {dagbag.py:588} INFO - Filling up the DagBag from /home/airflow/.local/lib/python3.11/site-packages/airflow/example_dags/example_dataset_alias_with_no_taskflow.py
[2024-11-21T12:43:11.026+0000] {processor.py:925} INFO - DAG(s) 'dataset_s3_bucket_consumer_with_no_taskflow', 'dataset_alias_example_alias_producer_with_no_taskflow', 'dataset_s3_bucket_producer_with_no_taskflow', 'dataset_alias_example_alias_consumer_with_no_taskflow' retrieved from /home/airflow/.local/lib/python3.11/site-packages/airflow/example_dags/example_dataset_alias_with_no_taskflow.py
[2024-11-21T12:43:11.153+0000] {logging_mixin.py:190} INFO - [2024-11-21T12:43:11.151+0000] {dag.py:3239} INFO - Sync 4 DAGs
[2024-11-21T12:43:11.262+0000] {logging_mixin.py:190} INFO - [2024-11-21T12:43:11.262+0000] {dag.py:4180} INFO - Setting next_dagrun for dataset_alias_example_alias_consumer_with_no_taskflow to None, run_after=None
[2024-11-21T12:43:11.269+0000] {logging_mixin.py:190} INFO - [2024-11-21T12:43:11.269+0000] {dag.py:4180} INFO - Setting next_dagrun for dataset_alias_example_alias_producer_with_no_taskflow to None, run_after=None
[2024-11-21T12:43:11.282+0000] {logging_mixin.py:190} INFO - [2024-11-21T12:43:11.282+0000] {dag.py:4180} INFO - Setting next_dagrun for dataset_s3_bucket_consumer_with_no_taskflow to None, run_after=None
[2024-11-21T12:43:11.287+0000] {logging_mixin.py:190} INFO - [2024-11-21T12:43:11.287+0000] {dag.py:4180} INFO - Setting next_dagrun for dataset_s3_bucket_producer_with_no_taskflow to None, run_after=None
[2024-11-21T12:43:11.402+0000] {processor.py:208} INFO - Processing /home/airflow/.local/lib/python3.11/site-packages/airflow/example_dags/example_dataset_alias_with_no_taskflow.py took 2.389 seconds
[2024-11-21T12:54:21.945+0000] {processor.py:186} INFO - Started process (PID=1604) to work on /home/airflow/.local/lib/python3.11/site-packages/airflow/example_dags/example_dataset_alias_with_no_taskflow.py
[2024-11-21T12:54:21.949+0000] {processor.py:914} INFO - Processing file /home/airflow/.local/lib/python3.11/site-packages/airflow/example_dags/example_dataset_alias_with_no_taskflow.py for tasks to queue
[2024-11-21T12:54:21.951+0000] {logging_mixin.py:190} INFO - [2024-11-21T12:54:21.951+0000] {dagbag.py:588} INFO - Filling up the DagBag from /home/airflow/.local/lib/python3.11/site-packages/airflow/example_dags/example_dataset_alias_with_no_taskflow.py
[2024-11-21T12:54:25.555+0000] {processor.py:925} INFO - DAG(s) 'dataset_s3_bucket_consumer_with_no_taskflow', 'dataset_alias_example_alias_consumer_with_no_taskflow', 'dataset_alias_example_alias_producer_with_no_taskflow', 'dataset_s3_bucket_producer_with_no_taskflow' retrieved from /home/airflow/.local/lib/python3.11/site-packages/airflow/example_dags/example_dataset_alias_with_no_taskflow.py
[2024-11-21T12:54:28.909+0000] {logging_mixin.py:190} INFO - [2024-11-21T12:54:28.857+0000] {dag.py:3239} INFO - Sync 4 DAGs
[2024-11-21T12:54:29.275+0000] {logging_mixin.py:190} INFO - [2024-11-21T12:54:29.241+0000] {dag.py:4180} INFO - Setting next_dagrun for dataset_alias_example_alias_consumer_with_no_taskflow to None, run_after=None
[2024-11-21T12:54:29.319+0000] {logging_mixin.py:190} INFO - [2024-11-21T12:54:29.316+0000] {dag.py:4180} INFO - Setting next_dagrun for dataset_alias_example_alias_producer_with_no_taskflow to None, run_after=None
[2024-11-21T12:54:29.343+0000] {logging_mixin.py:190} INFO - [2024-11-21T12:54:29.340+0000] {dag.py:4180} INFO - Setting next_dagrun for dataset_s3_bucket_consumer_with_no_taskflow to None, run_after=None
[2024-11-21T12:54:29.383+0000] {logging_mixin.py:190} INFO - [2024-11-21T12:54:29.366+0000] {dag.py:4180} INFO - Setting next_dagrun for dataset_s3_bucket_producer_with_no_taskflow to None, run_after=None
[2024-11-21T12:54:29.728+0000] {processor.py:208} INFO - Processing /home/airflow/.local/lib/python3.11/site-packages/airflow/example_dags/example_dataset_alias_with_no_taskflow.py took 7.795 seconds
[2024-11-21T13:37:02.394+0000] {processor.py:186} INFO - Started process (PID=1721) to work on /home/airflow/.local/lib/python3.11/site-packages/airflow/example_dags/example_dataset_alias_with_no_taskflow.py
[2024-11-21T13:37:02.400+0000] {processor.py:914} INFO - Processing file /home/airflow/.local/lib/python3.11/site-packages/airflow/example_dags/example_dataset_alias_with_no_taskflow.py for tasks to queue
[2024-11-21T13:37:02.407+0000] {logging_mixin.py:190} INFO - [2024-11-21T13:37:02.404+0000] {dagbag.py:588} INFO - Filling up the DagBag from /home/airflow/.local/lib/python3.11/site-packages/airflow/example_dags/example_dataset_alias_with_no_taskflow.py
[2024-11-21T13:37:09.263+0000] {processor.py:925} INFO - DAG(s) 'dataset_alias_example_alias_producer_with_no_taskflow', 'dataset_s3_bucket_consumer_with_no_taskflow', 'dataset_alias_example_alias_consumer_with_no_taskflow', 'dataset_s3_bucket_producer_with_no_taskflow' retrieved from /home/airflow/.local/lib/python3.11/site-packages/airflow/example_dags/example_dataset_alias_with_no_taskflow.py
[2024-11-21T13:37:09.866+0000] {logging_mixin.py:190} INFO - [2024-11-21T13:37:09.857+0000] {dag.py:3239} INFO - Sync 4 DAGs
[2024-11-21T13:37:10.063+0000] {logging_mixin.py:190} INFO - [2024-11-21T13:37:10.062+0000] {dag.py:4180} INFO - Setting next_dagrun for dataset_alias_example_alias_consumer_with_no_taskflow to None, run_after=None
[2024-11-21T13:37:10.084+0000] {logging_mixin.py:190} INFO - [2024-11-21T13:37:10.083+0000] {dag.py:4180} INFO - Setting next_dagrun for dataset_alias_example_alias_producer_with_no_taskflow to None, run_after=None
[2024-11-21T13:37:10.098+0000] {logging_mixin.py:190} INFO - [2024-11-21T13:37:10.098+0000] {dag.py:4180} INFO - Setting next_dagrun for dataset_s3_bucket_consumer_with_no_taskflow to None, run_after=None
[2024-11-21T13:37:10.110+0000] {logging_mixin.py:190} INFO - [2024-11-21T13:37:10.109+0000] {dag.py:4180} INFO - Setting next_dagrun for dataset_s3_bucket_producer_with_no_taskflow to None, run_after=None
[2024-11-21T13:37:10.370+0000] {processor.py:208} INFO - Processing /home/airflow/.local/lib/python3.11/site-packages/airflow/example_dags/example_dataset_alias_with_no_taskflow.py took 8.023 seconds
[2024-11-21T14:33:55.586+0000] {processor.py:186} INFO - Started process (PID=1790) to work on /home/airflow/.local/lib/python3.11/site-packages/airflow/example_dags/example_dataset_alias_with_no_taskflow.py
[2024-11-21T14:33:55.633+0000] {processor.py:914} INFO - Processing file /home/airflow/.local/lib/python3.11/site-packages/airflow/example_dags/example_dataset_alias_with_no_taskflow.py for tasks to queue
[2024-11-21T14:33:55.640+0000] {logging_mixin.py:190} INFO - [2024-11-21T14:33:55.639+0000] {dagbag.py:588} INFO - Filling up the DagBag from /home/airflow/.local/lib/python3.11/site-packages/airflow/example_dags/example_dataset_alias_with_no_taskflow.py
[2024-11-21T14:34:09.259+0000] {processor.py:925} INFO - DAG(s) 'dataset_alias_example_alias_consumer_with_no_taskflow', 'dataset_alias_example_alias_producer_with_no_taskflow', 'dataset_s3_bucket_consumer_with_no_taskflow', 'dataset_s3_bucket_producer_with_no_taskflow' retrieved from /home/airflow/.local/lib/python3.11/site-packages/airflow/example_dags/example_dataset_alias_with_no_taskflow.py
[2024-11-21T14:34:10.339+0000] {logging_mixin.py:190} INFO - [2024-11-21T14:34:10.118+0000] {dag.py:3239} INFO - Sync 4 DAGs
[2024-11-21T14:34:11.497+0000] {logging_mixin.py:190} INFO - [2024-11-21T14:34:11.439+0000] {dag.py:4180} INFO - Setting next_dagrun for dataset_alias_example_alias_consumer_with_no_taskflow to None, run_after=None
[2024-11-21T14:34:11.695+0000] {logging_mixin.py:190} INFO - [2024-11-21T14:34:11.677+0000] {dag.py:4180} INFO - Setting next_dagrun for dataset_alias_example_alias_producer_with_no_taskflow to None, run_after=None
[2024-11-21T14:34:12.487+0000] {logging_mixin.py:190} INFO - [2024-11-21T14:34:12.424+0000] {dag.py:4180} INFO - Setting next_dagrun for dataset_s3_bucket_consumer_with_no_taskflow to None, run_after=None
