[2024-11-21T11:49:05.809+0000] {processor.py:186} INFO - Started process (PID=79) to work on /home/airflow/.local/lib/python3.11/site-packages/airflow/example_dags/example_dynamic_task_mapping.py
[2024-11-21T11:49:05.811+0000] {processor.py:914} INFO - Processing file /home/airflow/.local/lib/python3.11/site-packages/airflow/example_dags/example_dynamic_task_mapping.py for tasks to queue
[2024-11-21T11:49:05.818+0000] {logging_mixin.py:190} INFO - [2024-11-21T11:49:05.817+0000] {dagbag.py:588} INFO - Filling up the DagBag from /home/airflow/.local/lib/python3.11/site-packages/airflow/example_dags/example_dynamic_task_mapping.py
[2024-11-21T11:49:05.840+0000] {processor.py:925} INFO - DAG(s) 'example_dynamic_task_mapping' retrieved from /home/airflow/.local/lib/python3.11/site-packages/airflow/example_dags/example_dynamic_task_mapping.py
[2024-11-21T11:49:05.906+0000] {logging_mixin.py:190} INFO - [2024-11-21T11:49:05.906+0000] {dag.py:3239} INFO - Sync 1 DAGs
[2024-11-21T11:49:05.933+0000] {logging_mixin.py:190} INFO - [2024-11-21T11:49:05.932+0000] {dag.py:4180} INFO - Setting next_dagrun for example_dynamic_task_mapping to None, run_after=None
[2024-11-21T11:49:05.962+0000] {processor.py:208} INFO - Processing /home/airflow/.local/lib/python3.11/site-packages/airflow/example_dags/example_dynamic_task_mapping.py took 0.183 seconds
[2024-11-21T11:49:37.882+0000] {processor.py:186} INFO - Started process (PID=143) to work on /home/airflow/.local/lib/python3.11/site-packages/airflow/example_dags/example_dynamic_task_mapping.py
[2024-11-21T11:49:37.887+0000] {processor.py:914} INFO - Processing file /home/airflow/.local/lib/python3.11/site-packages/airflow/example_dags/example_dynamic_task_mapping.py for tasks to queue
[2024-11-21T11:49:37.911+0000] {logging_mixin.py:190} INFO - [2024-11-21T11:49:37.911+0000] {dagbag.py:588} INFO - Filling up the DagBag from /home/airflow/.local/lib/python3.11/site-packages/airflow/example_dags/example_dynamic_task_mapping.py
[2024-11-21T11:49:37.954+0000] {processor.py:925} INFO - DAG(s) 'example_dynamic_task_mapping' retrieved from /home/airflow/.local/lib/python3.11/site-packages/airflow/example_dags/example_dynamic_task_mapping.py
[2024-11-21T11:49:38.044+0000] {logging_mixin.py:190} INFO - [2024-11-21T11:49:38.044+0000] {dag.py:3239} INFO - Sync 1 DAGs
[2024-11-21T11:49:38.096+0000] {logging_mixin.py:190} INFO - [2024-11-21T11:49:38.094+0000] {dag.py:4180} INFO - Setting next_dagrun for example_dynamic_task_mapping to None, run_after=None
[2024-11-21T11:49:38.183+0000] {processor.py:208} INFO - Processing /home/airflow/.local/lib/python3.11/site-packages/airflow/example_dags/example_dynamic_task_mapping.py took 0.327 seconds
[2024-11-21T11:50:08.455+0000] {processor.py:186} INFO - Started process (PID=206) to work on /home/airflow/.local/lib/python3.11/site-packages/airflow/example_dags/example_dynamic_task_mapping.py
[2024-11-21T11:50:08.458+0000] {processor.py:914} INFO - Processing file /home/airflow/.local/lib/python3.11/site-packages/airflow/example_dags/example_dynamic_task_mapping.py for tasks to queue
[2024-11-21T11:50:08.461+0000] {logging_mixin.py:190} INFO - [2024-11-21T11:50:08.460+0000] {dagbag.py:588} INFO - Filling up the DagBag from /home/airflow/.local/lib/python3.11/site-packages/airflow/example_dags/example_dynamic_task_mapping.py
[2024-11-21T11:50:08.470+0000] {processor.py:925} INFO - DAG(s) 'example_dynamic_task_mapping' retrieved from /home/airflow/.local/lib/python3.11/site-packages/airflow/example_dags/example_dynamic_task_mapping.py
[2024-11-21T11:50:08.486+0000] {logging_mixin.py:190} INFO - [2024-11-21T11:50:08.486+0000] {dag.py:3239} INFO - Sync 1 DAGs
[2024-11-21T11:50:08.495+0000] {logging_mixin.py:190} INFO - [2024-11-21T11:50:08.495+0000] {dag.py:4180} INFO - Setting next_dagrun for example_dynamic_task_mapping to None, run_after=None
[2024-11-21T11:50:08.504+0000] {processor.py:208} INFO - Processing /home/airflow/.local/lib/python3.11/site-packages/airflow/example_dags/example_dynamic_task_mapping.py took 0.055 seconds
[2024-11-21T11:50:39.130+0000] {processor.py:186} INFO - Started process (PID=270) to work on /home/airflow/.local/lib/python3.11/site-packages/airflow/example_dags/example_dynamic_task_mapping.py
[2024-11-21T11:50:39.132+0000] {processor.py:914} INFO - Processing file /home/airflow/.local/lib/python3.11/site-packages/airflow/example_dags/example_dynamic_task_mapping.py for tasks to queue
[2024-11-21T11:50:39.135+0000] {logging_mixin.py:190} INFO - [2024-11-21T11:50:39.134+0000] {dagbag.py:588} INFO - Filling up the DagBag from /home/airflow/.local/lib/python3.11/site-packages/airflow/example_dags/example_dynamic_task_mapping.py
[2024-11-21T11:50:39.141+0000] {processor.py:925} INFO - DAG(s) 'example_dynamic_task_mapping' retrieved from /home/airflow/.local/lib/python3.11/site-packages/airflow/example_dags/example_dynamic_task_mapping.py
[2024-11-21T11:50:39.163+0000] {logging_mixin.py:190} INFO - [2024-11-21T11:50:39.162+0000] {dag.py:3239} INFO - Sync 1 DAGs
[2024-11-21T11:50:39.186+0000] {logging_mixin.py:190} INFO - [2024-11-21T11:50:39.185+0000] {dag.py:4180} INFO - Setting next_dagrun for example_dynamic_task_mapping to None, run_after=None
[2024-11-21T11:50:39.198+0000] {processor.py:208} INFO - Processing /home/airflow/.local/lib/python3.11/site-packages/airflow/example_dags/example_dynamic_task_mapping.py took 0.074 seconds
[2024-11-21T11:51:10.195+0000] {processor.py:186} INFO - Started process (PID=334) to work on /home/airflow/.local/lib/python3.11/site-packages/airflow/example_dags/example_dynamic_task_mapping.py
[2024-11-21T11:51:10.196+0000] {processor.py:914} INFO - Processing file /home/airflow/.local/lib/python3.11/site-packages/airflow/example_dags/example_dynamic_task_mapping.py for tasks to queue
[2024-11-21T11:51:10.198+0000] {logging_mixin.py:190} INFO - [2024-11-21T11:51:10.197+0000] {dagbag.py:588} INFO - Filling up the DagBag from /home/airflow/.local/lib/python3.11/site-packages/airflow/example_dags/example_dynamic_task_mapping.py
[2024-11-21T11:51:10.209+0000] {processor.py:925} INFO - DAG(s) 'example_dynamic_task_mapping' retrieved from /home/airflow/.local/lib/python3.11/site-packages/airflow/example_dags/example_dynamic_task_mapping.py
[2024-11-21T11:51:10.310+0000] {logging_mixin.py:190} INFO - [2024-11-21T11:51:10.310+0000] {dag.py:3239} INFO - Sync 1 DAGs
[2024-11-21T11:51:10.315+0000] {logging_mixin.py:190} INFO - [2024-11-21T11:51:10.315+0000] {dag.py:4180} INFO - Setting next_dagrun for example_dynamic_task_mapping to None, run_after=None
[2024-11-21T11:51:10.321+0000] {processor.py:208} INFO - Processing /home/airflow/.local/lib/python3.11/site-packages/airflow/example_dags/example_dynamic_task_mapping.py took 0.130 seconds
[2024-11-21T11:51:40.733+0000] {processor.py:186} INFO - Started process (PID=398) to work on /home/airflow/.local/lib/python3.11/site-packages/airflow/example_dags/example_dynamic_task_mapping.py
[2024-11-21T11:51:40.735+0000] {processor.py:914} INFO - Processing file /home/airflow/.local/lib/python3.11/site-packages/airflow/example_dags/example_dynamic_task_mapping.py for tasks to queue
[2024-11-21T11:51:40.738+0000] {logging_mixin.py:190} INFO - [2024-11-21T11:51:40.738+0000] {dagbag.py:588} INFO - Filling up the DagBag from /home/airflow/.local/lib/python3.11/site-packages/airflow/example_dags/example_dynamic_task_mapping.py
[2024-11-21T11:51:40.754+0000] {processor.py:925} INFO - DAG(s) 'example_dynamic_task_mapping' retrieved from /home/airflow/.local/lib/python3.11/site-packages/airflow/example_dags/example_dynamic_task_mapping.py
[2024-11-21T11:51:40.772+0000] {logging_mixin.py:190} INFO - [2024-11-21T11:51:40.772+0000] {dag.py:3239} INFO - Sync 1 DAGs
[2024-11-21T11:51:40.782+0000] {logging_mixin.py:190} INFO - [2024-11-21T11:51:40.782+0000] {dag.py:4180} INFO - Setting next_dagrun for example_dynamic_task_mapping to None, run_after=None
[2024-11-21T11:51:40.793+0000] {processor.py:208} INFO - Processing /home/airflow/.local/lib/python3.11/site-packages/airflow/example_dags/example_dynamic_task_mapping.py took 0.065 seconds
[2024-11-21T11:52:10.903+0000] {processor.py:186} INFO - Started process (PID=462) to work on /home/airflow/.local/lib/python3.11/site-packages/airflow/example_dags/example_dynamic_task_mapping.py
[2024-11-21T11:52:10.905+0000] {processor.py:914} INFO - Processing file /home/airflow/.local/lib/python3.11/site-packages/airflow/example_dags/example_dynamic_task_mapping.py for tasks to queue
[2024-11-21T11:52:10.909+0000] {logging_mixin.py:190} INFO - [2024-11-21T11:52:10.908+0000] {dagbag.py:588} INFO - Filling up the DagBag from /home/airflow/.local/lib/python3.11/site-packages/airflow/example_dags/example_dynamic_task_mapping.py
[2024-11-21T11:52:10.915+0000] {processor.py:925} INFO - DAG(s) 'example_dynamic_task_mapping' retrieved from /home/airflow/.local/lib/python3.11/site-packages/airflow/example_dags/example_dynamic_task_mapping.py
[2024-11-21T11:52:10.929+0000] {logging_mixin.py:190} INFO - [2024-11-21T11:52:10.929+0000] {dag.py:3239} INFO - Sync 1 DAGs
[2024-11-21T11:52:10.938+0000] {logging_mixin.py:190} INFO - [2024-11-21T11:52:10.938+0000] {dag.py:4180} INFO - Setting next_dagrun for example_dynamic_task_mapping to None, run_after=None
[2024-11-21T11:52:10.948+0000] {processor.py:208} INFO - Processing /home/airflow/.local/lib/python3.11/site-packages/airflow/example_dags/example_dynamic_task_mapping.py took 0.055 seconds
[2024-11-21T11:52:41.726+0000] {processor.py:186} INFO - Started process (PID=526) to work on /home/airflow/.local/lib/python3.11/site-packages/airflow/example_dags/example_dynamic_task_mapping.py
[2024-11-21T11:52:41.727+0000] {processor.py:914} INFO - Processing file /home/airflow/.local/lib/python3.11/site-packages/airflow/example_dags/example_dynamic_task_mapping.py for tasks to queue
[2024-11-21T11:52:41.728+0000] {logging_mixin.py:190} INFO - [2024-11-21T11:52:41.728+0000] {dagbag.py:588} INFO - Filling up the DagBag from /home/airflow/.local/lib/python3.11/site-packages/airflow/example_dags/example_dynamic_task_mapping.py
[2024-11-21T11:52:41.733+0000] {processor.py:925} INFO - DAG(s) 'example_dynamic_task_mapping' retrieved from /home/airflow/.local/lib/python3.11/site-packages/airflow/example_dags/example_dynamic_task_mapping.py
[2024-11-21T11:52:41.744+0000] {logging_mixin.py:190} INFO - [2024-11-21T11:52:41.744+0000] {dag.py:3239} INFO - Sync 1 DAGs
[2024-11-21T11:52:41.751+0000] {logging_mixin.py:190} INFO - [2024-11-21T11:52:41.751+0000] {dag.py:4180} INFO - Setting next_dagrun for example_dynamic_task_mapping to None, run_after=None
[2024-11-21T11:52:41.760+0000] {processor.py:208} INFO - Processing /home/airflow/.local/lib/python3.11/site-packages/airflow/example_dags/example_dynamic_task_mapping.py took 0.038 seconds
[2024-11-21T11:53:12.520+0000] {processor.py:186} INFO - Started process (PID=596) to work on /home/airflow/.local/lib/python3.11/site-packages/airflow/example_dags/example_dynamic_task_mapping.py
[2024-11-21T11:53:12.521+0000] {processor.py:914} INFO - Processing file /home/airflow/.local/lib/python3.11/site-packages/airflow/example_dags/example_dynamic_task_mapping.py for tasks to queue
[2024-11-21T11:53:12.523+0000] {logging_mixin.py:190} INFO - [2024-11-21T11:53:12.523+0000] {dagbag.py:588} INFO - Filling up the DagBag from /home/airflow/.local/lib/python3.11/site-packages/airflow/example_dags/example_dynamic_task_mapping.py
[2024-11-21T11:53:12.528+0000] {processor.py:925} INFO - DAG(s) 'example_dynamic_task_mapping' retrieved from /home/airflow/.local/lib/python3.11/site-packages/airflow/example_dags/example_dynamic_task_mapping.py
[2024-11-21T11:53:12.539+0000] {logging_mixin.py:190} INFO - [2024-11-21T11:53:12.539+0000] {dag.py:3239} INFO - Sync 1 DAGs
[2024-11-21T11:53:12.546+0000] {logging_mixin.py:190} INFO - [2024-11-21T11:53:12.546+0000] {dag.py:4180} INFO - Setting next_dagrun for example_dynamic_task_mapping to None, run_after=None
[2024-11-21T11:53:12.555+0000] {processor.py:208} INFO - Processing /home/airflow/.local/lib/python3.11/site-packages/airflow/example_dags/example_dynamic_task_mapping.py took 0.039 seconds
[2024-11-21T11:53:43.301+0000] {processor.py:186} INFO - Started process (PID=661) to work on /home/airflow/.local/lib/python3.11/site-packages/airflow/example_dags/example_dynamic_task_mapping.py
[2024-11-21T11:53:43.303+0000] {processor.py:914} INFO - Processing file /home/airflow/.local/lib/python3.11/site-packages/airflow/example_dags/example_dynamic_task_mapping.py for tasks to queue
[2024-11-21T11:53:43.306+0000] {logging_mixin.py:190} INFO - [2024-11-21T11:53:43.305+0000] {dagbag.py:588} INFO - Filling up the DagBag from /home/airflow/.local/lib/python3.11/site-packages/airflow/example_dags/example_dynamic_task_mapping.py
[2024-11-21T11:53:43.317+0000] {processor.py:925} INFO - DAG(s) 'example_dynamic_task_mapping' retrieved from /home/airflow/.local/lib/python3.11/site-packages/airflow/example_dags/example_dynamic_task_mapping.py
[2024-11-21T11:53:43.334+0000] {logging_mixin.py:190} INFO - [2024-11-21T11:53:43.333+0000] {dag.py:3239} INFO - Sync 1 DAGs
[2024-11-21T11:53:43.341+0000] {logging_mixin.py:190} INFO - [2024-11-21T11:53:43.341+0000] {dag.py:4180} INFO - Setting next_dagrun for example_dynamic_task_mapping to None, run_after=None
[2024-11-21T11:53:43.352+0000] {processor.py:208} INFO - Processing /home/airflow/.local/lib/python3.11/site-packages/airflow/example_dags/example_dynamic_task_mapping.py took 0.059 seconds
[2024-11-21T11:54:25.587+0000] {processor.py:186} INFO - Started process (PID=729) to work on /home/airflow/.local/lib/python3.11/site-packages/airflow/example_dags/example_dynamic_task_mapping.py
[2024-11-21T11:54:25.588+0000] {processor.py:914} INFO - Processing file /home/airflow/.local/lib/python3.11/site-packages/airflow/example_dags/example_dynamic_task_mapping.py for tasks to queue
[2024-11-21T11:54:25.591+0000] {logging_mixin.py:190} INFO - [2024-11-21T11:54:25.591+0000] {dagbag.py:588} INFO - Filling up the DagBag from /home/airflow/.local/lib/python3.11/site-packages/airflow/example_dags/example_dynamic_task_mapping.py
[2024-11-21T11:54:25.619+0000] {processor.py:925} INFO - DAG(s) 'example_dynamic_task_mapping' retrieved from /home/airflow/.local/lib/python3.11/site-packages/airflow/example_dags/example_dynamic_task_mapping.py
[2024-11-21T11:54:25.665+0000] {logging_mixin.py:190} INFO - [2024-11-21T11:54:25.664+0000] {dag.py:3239} INFO - Sync 1 DAGs
[2024-11-21T11:54:25.714+0000] {logging_mixin.py:190} INFO - [2024-11-21T11:54:25.713+0000] {dag.py:4180} INFO - Setting next_dagrun for example_dynamic_task_mapping to None, run_after=None
[2024-11-21T11:54:25.760+0000] {processor.py:208} INFO - Processing /home/airflow/.local/lib/python3.11/site-packages/airflow/example_dags/example_dynamic_task_mapping.py took 0.180 seconds
[2024-11-21T11:55:21.620+0000] {processor.py:186} INFO - Started process (PID=802) to work on /home/airflow/.local/lib/python3.11/site-packages/airflow/example_dags/example_dynamic_task_mapping.py
[2024-11-21T11:55:21.627+0000] {processor.py:914} INFO - Processing file /home/airflow/.local/lib/python3.11/site-packages/airflow/example_dags/example_dynamic_task_mapping.py for tasks to queue
[2024-11-21T11:55:21.645+0000] {logging_mixin.py:190} INFO - [2024-11-21T11:55:21.643+0000] {dagbag.py:588} INFO - Filling up the DagBag from /home/airflow/.local/lib/python3.11/site-packages/airflow/example_dags/example_dynamic_task_mapping.py
[2024-11-21T11:55:21.759+0000] {processor.py:925} INFO - DAG(s) 'example_dynamic_task_mapping' retrieved from /home/airflow/.local/lib/python3.11/site-packages/airflow/example_dags/example_dynamic_task_mapping.py
[2024-11-21T11:55:21.969+0000] {logging_mixin.py:190} INFO - [2024-11-21T11:55:21.963+0000] {dag.py:3239} INFO - Sync 1 DAGs
[2024-11-21T11:55:22.068+0000] {logging_mixin.py:190} INFO - [2024-11-21T11:55:22.067+0000] {dag.py:4180} INFO - Setting next_dagrun for example_dynamic_task_mapping to None, run_after=None
[2024-11-21T11:55:22.176+0000] {processor.py:208} INFO - Processing /home/airflow/.local/lib/python3.11/site-packages/airflow/example_dags/example_dynamic_task_mapping.py took 0.630 seconds
[2024-11-21T11:56:17.080+0000] {processor.py:186} INFO - Started process (PID=873) to work on /home/airflow/.local/lib/python3.11/site-packages/airflow/example_dags/example_dynamic_task_mapping.py
[2024-11-21T11:56:17.091+0000] {processor.py:914} INFO - Processing file /home/airflow/.local/lib/python3.11/site-packages/airflow/example_dags/example_dynamic_task_mapping.py for tasks to queue
[2024-11-21T11:56:17.098+0000] {logging_mixin.py:190} INFO - [2024-11-21T11:56:17.097+0000] {dagbag.py:588} INFO - Filling up the DagBag from /home/airflow/.local/lib/python3.11/site-packages/airflow/example_dags/example_dynamic_task_mapping.py
[2024-11-21T11:56:17.169+0000] {processor.py:925} INFO - DAG(s) 'example_dynamic_task_mapping' retrieved from /home/airflow/.local/lib/python3.11/site-packages/airflow/example_dags/example_dynamic_task_mapping.py
[2024-11-21T11:56:17.248+0000] {logging_mixin.py:190} INFO - [2024-11-21T11:56:17.247+0000] {dag.py:3239} INFO - Sync 1 DAGs
[2024-11-21T11:56:17.283+0000] {logging_mixin.py:190} INFO - [2024-11-21T11:56:17.283+0000] {dag.py:4180} INFO - Setting next_dagrun for example_dynamic_task_mapping to None, run_after=None
[2024-11-21T11:56:17.343+0000] {processor.py:208} INFO - Processing /home/airflow/.local/lib/python3.11/site-packages/airflow/example_dags/example_dynamic_task_mapping.py took 0.289 seconds
[2024-11-21T11:56:47.879+0000] {processor.py:186} INFO - Started process (PID=937) to work on /home/airflow/.local/lib/python3.11/site-packages/airflow/example_dags/example_dynamic_task_mapping.py
[2024-11-21T11:56:47.880+0000] {processor.py:914} INFO - Processing file /home/airflow/.local/lib/python3.11/site-packages/airflow/example_dags/example_dynamic_task_mapping.py for tasks to queue
[2024-11-21T11:56:47.882+0000] {logging_mixin.py:190} INFO - [2024-11-21T11:56:47.882+0000] {dagbag.py:588} INFO - Filling up the DagBag from /home/airflow/.local/lib/python3.11/site-packages/airflow/example_dags/example_dynamic_task_mapping.py
[2024-11-21T11:56:47.890+0000] {processor.py:925} INFO - DAG(s) 'example_dynamic_task_mapping' retrieved from /home/airflow/.local/lib/python3.11/site-packages/airflow/example_dags/example_dynamic_task_mapping.py
[2024-11-21T11:56:47.905+0000] {logging_mixin.py:190} INFO - [2024-11-21T11:56:47.905+0000] {dag.py:3239} INFO - Sync 1 DAGs
[2024-11-21T11:56:47.913+0000] {logging_mixin.py:190} INFO - [2024-11-21T11:56:47.913+0000] {dag.py:4180} INFO - Setting next_dagrun for example_dynamic_task_mapping to None, run_after=None
[2024-11-21T11:56:47.922+0000] {processor.py:208} INFO - Processing /home/airflow/.local/lib/python3.11/site-packages/airflow/example_dags/example_dynamic_task_mapping.py took 0.048 seconds
[2024-11-21T11:57:19.023+0000] {processor.py:186} INFO - Started process (PID=1002) to work on /home/airflow/.local/lib/python3.11/site-packages/airflow/example_dags/example_dynamic_task_mapping.py
[2024-11-21T11:57:19.024+0000] {processor.py:914} INFO - Processing file /home/airflow/.local/lib/python3.11/site-packages/airflow/example_dags/example_dynamic_task_mapping.py for tasks to queue
[2024-11-21T11:57:19.026+0000] {logging_mixin.py:190} INFO - [2024-11-21T11:57:19.026+0000] {dagbag.py:588} INFO - Filling up the DagBag from /home/airflow/.local/lib/python3.11/site-packages/airflow/example_dags/example_dynamic_task_mapping.py
[2024-11-21T11:57:19.032+0000] {processor.py:925} INFO - DAG(s) 'example_dynamic_task_mapping' retrieved from /home/airflow/.local/lib/python3.11/site-packages/airflow/example_dags/example_dynamic_task_mapping.py
[2024-11-21T11:57:19.047+0000] {logging_mixin.py:190} INFO - [2024-11-21T11:57:19.047+0000] {dag.py:3239} INFO - Sync 1 DAGs
[2024-11-21T11:57:19.055+0000] {logging_mixin.py:190} INFO - [2024-11-21T11:57:19.055+0000] {dag.py:4180} INFO - Setting next_dagrun for example_dynamic_task_mapping to None, run_after=None
[2024-11-21T11:57:19.074+0000] {processor.py:208} INFO - Processing /home/airflow/.local/lib/python3.11/site-packages/airflow/example_dags/example_dynamic_task_mapping.py took 0.055 seconds
[2024-11-21T11:57:49.925+0000] {processor.py:186} INFO - Started process (PID=1066) to work on /home/airflow/.local/lib/python3.11/site-packages/airflow/example_dags/example_dynamic_task_mapping.py
[2024-11-21T11:57:49.926+0000] {processor.py:914} INFO - Processing file /home/airflow/.local/lib/python3.11/site-packages/airflow/example_dags/example_dynamic_task_mapping.py for tasks to queue
[2024-11-21T11:57:49.928+0000] {logging_mixin.py:190} INFO - [2024-11-21T11:57:49.928+0000] {dagbag.py:588} INFO - Filling up the DagBag from /home/airflow/.local/lib/python3.11/site-packages/airflow/example_dags/example_dynamic_task_mapping.py
[2024-11-21T11:57:49.934+0000] {processor.py:925} INFO - DAG(s) 'example_dynamic_task_mapping' retrieved from /home/airflow/.local/lib/python3.11/site-packages/airflow/example_dags/example_dynamic_task_mapping.py
[2024-11-21T11:57:49.946+0000] {logging_mixin.py:190} INFO - [2024-11-21T11:57:49.945+0000] {dag.py:3239} INFO - Sync 1 DAGs
[2024-11-21T11:57:49.953+0000] {logging_mixin.py:190} INFO - [2024-11-21T11:57:49.953+0000] {dag.py:4180} INFO - Setting next_dagrun for example_dynamic_task_mapping to None, run_after=None
[2024-11-21T11:57:49.964+0000] {processor.py:208} INFO - Processing /home/airflow/.local/lib/python3.11/site-packages/airflow/example_dags/example_dynamic_task_mapping.py took 0.044 seconds
[2024-11-21T11:58:20.698+0000] {processor.py:186} INFO - Started process (PID=1130) to work on /home/airflow/.local/lib/python3.11/site-packages/airflow/example_dags/example_dynamic_task_mapping.py
[2024-11-21T11:58:20.699+0000] {processor.py:914} INFO - Processing file /home/airflow/.local/lib/python3.11/site-packages/airflow/example_dags/example_dynamic_task_mapping.py for tasks to queue
[2024-11-21T11:58:20.700+0000] {logging_mixin.py:190} INFO - [2024-11-21T11:58:20.700+0000] {dagbag.py:588} INFO - Filling up the DagBag from /home/airflow/.local/lib/python3.11/site-packages/airflow/example_dags/example_dynamic_task_mapping.py
[2024-11-21T11:58:20.706+0000] {processor.py:925} INFO - DAG(s) 'example_dynamic_task_mapping' retrieved from /home/airflow/.local/lib/python3.11/site-packages/airflow/example_dags/example_dynamic_task_mapping.py
[2024-11-21T11:58:20.716+0000] {logging_mixin.py:190} INFO - [2024-11-21T11:58:20.716+0000] {dag.py:3239} INFO - Sync 1 DAGs
[2024-11-21T11:58:20.722+0000] {logging_mixin.py:190} INFO - [2024-11-21T11:58:20.722+0000] {dag.py:4180} INFO - Setting next_dagrun for example_dynamic_task_mapping to None, run_after=None
[2024-11-21T11:58:20.731+0000] {processor.py:208} INFO - Processing /home/airflow/.local/lib/python3.11/site-packages/airflow/example_dags/example_dynamic_task_mapping.py took 0.036 seconds
[2024-11-21T11:58:51.257+0000] {processor.py:186} INFO - Started process (PID=1194) to work on /home/airflow/.local/lib/python3.11/site-packages/airflow/example_dags/example_dynamic_task_mapping.py
[2024-11-21T11:58:51.258+0000] {processor.py:914} INFO - Processing file /home/airflow/.local/lib/python3.11/site-packages/airflow/example_dags/example_dynamic_task_mapping.py for tasks to queue
[2024-11-21T11:58:51.260+0000] {logging_mixin.py:190} INFO - [2024-11-21T11:58:51.259+0000] {dagbag.py:588} INFO - Filling up the DagBag from /home/airflow/.local/lib/python3.11/site-packages/airflow/example_dags/example_dynamic_task_mapping.py
[2024-11-21T11:58:51.265+0000] {processor.py:925} INFO - DAG(s) 'example_dynamic_task_mapping' retrieved from /home/airflow/.local/lib/python3.11/site-packages/airflow/example_dags/example_dynamic_task_mapping.py
[2024-11-21T11:58:51.276+0000] {logging_mixin.py:190} INFO - [2024-11-21T11:58:51.276+0000] {dag.py:3239} INFO - Sync 1 DAGs
[2024-11-21T11:58:51.283+0000] {logging_mixin.py:190} INFO - [2024-11-21T11:58:51.283+0000] {dag.py:4180} INFO - Setting next_dagrun for example_dynamic_task_mapping to None, run_after=None
[2024-11-21T11:58:51.292+0000] {processor.py:208} INFO - Processing /home/airflow/.local/lib/python3.11/site-packages/airflow/example_dags/example_dynamic_task_mapping.py took 0.038 seconds
[2024-11-21T11:59:22.057+0000] {processor.py:186} INFO - Started process (PID=1258) to work on /home/airflow/.local/lib/python3.11/site-packages/airflow/example_dags/example_dynamic_task_mapping.py
[2024-11-21T11:59:22.058+0000] {processor.py:914} INFO - Processing file /home/airflow/.local/lib/python3.11/site-packages/airflow/example_dags/example_dynamic_task_mapping.py for tasks to queue
[2024-11-21T11:59:22.059+0000] {logging_mixin.py:190} INFO - [2024-11-21T11:59:22.059+0000] {dagbag.py:588} INFO - Filling up the DagBag from /home/airflow/.local/lib/python3.11/site-packages/airflow/example_dags/example_dynamic_task_mapping.py
[2024-11-21T11:59:22.064+0000] {processor.py:925} INFO - DAG(s) 'example_dynamic_task_mapping' retrieved from /home/airflow/.local/lib/python3.11/site-packages/airflow/example_dags/example_dynamic_task_mapping.py
[2024-11-21T11:59:22.074+0000] {logging_mixin.py:190} INFO - [2024-11-21T11:59:22.074+0000] {dag.py:3239} INFO - Sync 1 DAGs
[2024-11-21T11:59:22.081+0000] {logging_mixin.py:190} INFO - [2024-11-21T11:59:22.081+0000] {dag.py:4180} INFO - Setting next_dagrun for example_dynamic_task_mapping to None, run_after=None
[2024-11-21T11:59:22.089+0000] {processor.py:208} INFO - Processing /home/airflow/.local/lib/python3.11/site-packages/airflow/example_dags/example_dynamic_task_mapping.py took 0.035 seconds
[2024-11-21T11:59:52.995+0000] {processor.py:186} INFO - Started process (PID=1323) to work on /home/airflow/.local/lib/python3.11/site-packages/airflow/example_dags/example_dynamic_task_mapping.py
[2024-11-21T11:59:52.996+0000] {processor.py:914} INFO - Processing file /home/airflow/.local/lib/python3.11/site-packages/airflow/example_dags/example_dynamic_task_mapping.py for tasks to queue
[2024-11-21T11:59:52.997+0000] {logging_mixin.py:190} INFO - [2024-11-21T11:59:52.997+0000] {dagbag.py:588} INFO - Filling up the DagBag from /home/airflow/.local/lib/python3.11/site-packages/airflow/example_dags/example_dynamic_task_mapping.py
[2024-11-21T11:59:53.002+0000] {processor.py:925} INFO - DAG(s) 'example_dynamic_task_mapping' retrieved from /home/airflow/.local/lib/python3.11/site-packages/airflow/example_dags/example_dynamic_task_mapping.py
[2024-11-21T11:59:53.013+0000] {logging_mixin.py:190} INFO - [2024-11-21T11:59:53.013+0000] {dag.py:3239} INFO - Sync 1 DAGs
[2024-11-21T11:59:53.019+0000] {logging_mixin.py:190} INFO - [2024-11-21T11:59:53.019+0000] {dag.py:4180} INFO - Setting next_dagrun for example_dynamic_task_mapping to None, run_after=None
[2024-11-21T11:59:53.028+0000] {processor.py:208} INFO - Processing /home/airflow/.local/lib/python3.11/site-packages/airflow/example_dags/example_dynamic_task_mapping.py took 0.037 seconds
[2024-11-21T12:03:11.566+0000] {processor.py:186} INFO - Started process (PID=1420) to work on /home/airflow/.local/lib/python3.11/site-packages/airflow/example_dags/example_dynamic_task_mapping.py
[2024-11-21T12:03:11.575+0000] {processor.py:914} INFO - Processing file /home/airflow/.local/lib/python3.11/site-packages/airflow/example_dags/example_dynamic_task_mapping.py for tasks to queue
[2024-11-21T12:03:11.584+0000] {logging_mixin.py:190} INFO - [2024-11-21T12:03:11.579+0000] {dagbag.py:588} INFO - Filling up the DagBag from /home/airflow/.local/lib/python3.11/site-packages/airflow/example_dags/example_dynamic_task_mapping.py
[2024-11-21T12:03:11.792+0000] {processor.py:925} INFO - DAG(s) 'example_dynamic_task_mapping' retrieved from /home/airflow/.local/lib/python3.11/site-packages/airflow/example_dags/example_dynamic_task_mapping.py
[2024-11-21T12:03:12.036+0000] {logging_mixin.py:190} INFO - [2024-11-21T12:03:12.034+0000] {dag.py:3239} INFO - Sync 1 DAGs
[2024-11-21T12:03:12.152+0000] {logging_mixin.py:190} INFO - [2024-11-21T12:03:12.150+0000] {dag.py:4180} INFO - Setting next_dagrun for example_dynamic_task_mapping to None, run_after=None
[2024-11-21T12:03:12.275+0000] {processor.py:208} INFO - Processing /home/airflow/.local/lib/python3.11/site-packages/airflow/example_dags/example_dynamic_task_mapping.py took 0.809 seconds
[2024-11-21T12:26:13.072+0000] {processor.py:186} INFO - Started process (PID=1484) to work on /home/airflow/.local/lib/python3.11/site-packages/airflow/example_dags/example_dynamic_task_mapping.py
[2024-11-21T12:26:13.074+0000] {processor.py:914} INFO - Processing file /home/airflow/.local/lib/python3.11/site-packages/airflow/example_dags/example_dynamic_task_mapping.py for tasks to queue
[2024-11-21T12:26:13.076+0000] {logging_mixin.py:190} INFO - [2024-11-21T12:26:13.076+0000] {dagbag.py:588} INFO - Filling up the DagBag from /home/airflow/.local/lib/python3.11/site-packages/airflow/example_dags/example_dynamic_task_mapping.py
[2024-11-21T12:26:13.110+0000] {processor.py:925} INFO - DAG(s) 'example_dynamic_task_mapping' retrieved from /home/airflow/.local/lib/python3.11/site-packages/airflow/example_dags/example_dynamic_task_mapping.py
[2024-11-21T12:26:13.137+0000] {logging_mixin.py:190} INFO - [2024-11-21T12:26:13.136+0000] {dag.py:3239} INFO - Sync 1 DAGs
[2024-11-21T12:26:13.164+0000] {logging_mixin.py:190} INFO - [2024-11-21T12:26:13.164+0000] {dag.py:4180} INFO - Setting next_dagrun for example_dynamic_task_mapping to None, run_after=None
[2024-11-21T12:26:13.244+0000] {processor.py:208} INFO - Processing /home/airflow/.local/lib/python3.11/site-packages/airflow/example_dags/example_dynamic_task_mapping.py took 0.185 seconds
[2024-11-21T12:43:12.836+0000] {processor.py:186} INFO - Started process (PID=1575) to work on /home/airflow/.local/lib/python3.11/site-packages/airflow/example_dags/example_dynamic_task_mapping.py
[2024-11-21T12:43:12.837+0000] {processor.py:914} INFO - Processing file /home/airflow/.local/lib/python3.11/site-packages/airflow/example_dags/example_dynamic_task_mapping.py for tasks to queue
[2024-11-21T12:43:12.839+0000] {logging_mixin.py:190} INFO - [2024-11-21T12:43:12.838+0000] {dagbag.py:588} INFO - Filling up the DagBag from /home/airflow/.local/lib/python3.11/site-packages/airflow/example_dags/example_dynamic_task_mapping.py
[2024-11-21T12:43:12.862+0000] {processor.py:925} INFO - DAG(s) 'example_dynamic_task_mapping' retrieved from /home/airflow/.local/lib/python3.11/site-packages/airflow/example_dags/example_dynamic_task_mapping.py
[2024-11-21T12:43:12.890+0000] {logging_mixin.py:190} INFO - [2024-11-21T12:43:12.889+0000] {dag.py:3239} INFO - Sync 1 DAGs
[2024-11-21T12:43:12.928+0000] {logging_mixin.py:190} INFO - [2024-11-21T12:43:12.927+0000] {dag.py:4180} INFO - Setting next_dagrun for example_dynamic_task_mapping to None, run_after=None
[2024-11-21T12:43:12.947+0000] {processor.py:208} INFO - Processing /home/airflow/.local/lib/python3.11/site-packages/airflow/example_dags/example_dynamic_task_mapping.py took 0.117 seconds
[2024-11-21T13:15:01.522+0000] {processor.py:186} INFO - Started process (PID=1649) to work on /home/airflow/.local/lib/python3.11/site-packages/airflow/example_dags/example_dynamic_task_mapping.py
[2024-11-21T13:15:01.531+0000] {processor.py:914} INFO - Processing file /home/airflow/.local/lib/python3.11/site-packages/airflow/example_dags/example_dynamic_task_mapping.py for tasks to queue
[2024-11-21T13:15:01.544+0000] {logging_mixin.py:190} INFO - [2024-11-21T13:15:01.537+0000] {dagbag.py:588} INFO - Filling up the DagBag from /home/airflow/.local/lib/python3.11/site-packages/airflow/example_dags/example_dynamic_task_mapping.py
[2024-11-21T13:15:01.753+0000] {processor.py:925} INFO - DAG(s) 'example_dynamic_task_mapping' retrieved from /home/airflow/.local/lib/python3.11/site-packages/airflow/example_dags/example_dynamic_task_mapping.py
[2024-11-21T13:15:02.880+0000] {logging_mixin.py:190} INFO - [2024-11-21T13:15:02.842+0000] {dag.py:3239} INFO - Sync 1 DAGs
[2024-11-21T13:15:04.017+0000] {logging_mixin.py:190} INFO - [2024-11-21T13:15:04.000+0000] {dag.py:4180} INFO - Setting next_dagrun for example_dynamic_task_mapping to None, run_after=None
[2024-11-21T13:15:04.400+0000] {processor.py:208} INFO - Processing /home/airflow/.local/lib/python3.11/site-packages/airflow/example_dags/example_dynamic_task_mapping.py took 2.945 seconds
[2024-11-21T14:01:29.076+0000] {processor.py:186} INFO - Started process (PID=1746) to work on /home/airflow/.local/lib/python3.11/site-packages/airflow/example_dags/example_dynamic_task_mapping.py
[2024-11-21T14:01:29.083+0000] {processor.py:914} INFO - Processing file /home/airflow/.local/lib/python3.11/site-packages/airflow/example_dags/example_dynamic_task_mapping.py for tasks to queue
[2024-11-21T14:01:29.088+0000] {logging_mixin.py:190} INFO - [2024-11-21T14:01:29.087+0000] {dagbag.py:588} INFO - Filling up the DagBag from /home/airflow/.local/lib/python3.11/site-packages/airflow/example_dags/example_dynamic_task_mapping.py
[2024-11-21T14:01:29.114+0000] {processor.py:925} INFO - DAG(s) 'example_dynamic_task_mapping' retrieved from /home/airflow/.local/lib/python3.11/site-packages/airflow/example_dags/example_dynamic_task_mapping.py
[2024-11-21T14:01:29.184+0000] {logging_mixin.py:190} INFO - [2024-11-21T14:01:29.184+0000] {dag.py:3239} INFO - Sync 1 DAGs
[2024-11-21T14:01:29.222+0000] {logging_mixin.py:190} INFO - [2024-11-21T14:01:29.221+0000] {dag.py:4180} INFO - Setting next_dagrun for example_dynamic_task_mapping to None, run_after=None
[2024-11-21T14:01:29.265+0000] {processor.py:208} INFO - Processing /home/airflow/.local/lib/python3.11/site-packages/airflow/example_dags/example_dynamic_task_mapping.py took 0.203 seconds
