[2024-11-21T11:48:59.522+0000] {processor.py:186} INFO - Started process (PID=67) to work on /home/airflow/.local/lib/python3.11/site-packages/airflow/example_dags/example_latest_only.py
[2024-11-21T11:48:59.524+0000] {processor.py:914} INFO - Processing file /home/airflow/.local/lib/python3.11/site-packages/airflow/example_dags/example_latest_only.py for tasks to queue
[2024-11-21T11:48:59.544+0000] {logging_mixin.py:190} INFO - [2024-11-21T11:48:59.543+0000] {dagbag.py:588} INFO - Filling up the DagBag from /home/airflow/.local/lib/python3.11/site-packages/airflow/example_dags/example_latest_only.py
[2024-11-21T11:48:59.694+0000] {processor.py:925} INFO - DAG(s) 'latest_only' retrieved from /home/airflow/.local/lib/python3.11/site-packages/airflow/example_dags/example_latest_only.py
[2024-11-21T11:48:59.907+0000] {logging_mixin.py:190} INFO - [2024-11-21T11:48:59.906+0000] {dag.py:3239} INFO - Sync 1 DAGs
[2024-11-21T11:49:00.339+0000] {logging_mixin.py:190} INFO - [2024-11-21T11:49:00.336+0000] {dag.py:4180} INFO - Setting next_dagrun for latest_only to 2024-11-21 04:00:00+00:00, run_after=2024-11-21 08:00:00+00:00
[2024-11-21T11:49:00.427+0000] {processor.py:208} INFO - Processing /home/airflow/.local/lib/python3.11/site-packages/airflow/example_dags/example_latest_only.py took 0.915 seconds
[2024-11-21T11:49:32.057+0000] {processor.py:186} INFO - Started process (PID=131) to work on /home/airflow/.local/lib/python3.11/site-packages/airflow/example_dags/example_latest_only.py
[2024-11-21T11:49:32.061+0000] {processor.py:914} INFO - Processing file /home/airflow/.local/lib/python3.11/site-packages/airflow/example_dags/example_latest_only.py for tasks to queue
[2024-11-21T11:49:32.065+0000] {logging_mixin.py:190} INFO - [2024-11-21T11:49:32.064+0000] {dagbag.py:588} INFO - Filling up the DagBag from /home/airflow/.local/lib/python3.11/site-packages/airflow/example_dags/example_latest_only.py
[2024-11-21T11:49:32.101+0000] {processor.py:925} INFO - DAG(s) 'latest_only' retrieved from /home/airflow/.local/lib/python3.11/site-packages/airflow/example_dags/example_latest_only.py
[2024-11-21T11:49:32.182+0000] {logging_mixin.py:190} INFO - [2024-11-21T11:49:32.182+0000] {dag.py:3239} INFO - Sync 1 DAGs
[2024-11-21T11:49:32.267+0000] {logging_mixin.py:190} INFO - [2024-11-21T11:49:32.266+0000] {dag.py:4180} INFO - Setting next_dagrun for latest_only to 2024-11-21 04:00:00+00:00, run_after=2024-11-21 08:00:00+00:00
[2024-11-21T11:49:32.317+0000] {processor.py:208} INFO - Processing /home/airflow/.local/lib/python3.11/site-packages/airflow/example_dags/example_latest_only.py took 0.278 seconds
[2024-11-21T11:50:02.496+0000] {processor.py:186} INFO - Started process (PID=195) to work on /home/airflow/.local/lib/python3.11/site-packages/airflow/example_dags/example_latest_only.py
[2024-11-21T11:50:02.497+0000] {processor.py:914} INFO - Processing file /home/airflow/.local/lib/python3.11/site-packages/airflow/example_dags/example_latest_only.py for tasks to queue
[2024-11-21T11:50:02.498+0000] {logging_mixin.py:190} INFO - [2024-11-21T11:50:02.498+0000] {dagbag.py:588} INFO - Filling up the DagBag from /home/airflow/.local/lib/python3.11/site-packages/airflow/example_dags/example_latest_only.py
[2024-11-21T11:50:02.504+0000] {processor.py:925} INFO - DAG(s) 'latest_only' retrieved from /home/airflow/.local/lib/python3.11/site-packages/airflow/example_dags/example_latest_only.py
[2024-11-21T11:50:02.519+0000] {logging_mixin.py:190} INFO - [2024-11-21T11:50:02.518+0000] {dag.py:3239} INFO - Sync 1 DAGs
[2024-11-21T11:50:02.534+0000] {logging_mixin.py:190} INFO - [2024-11-21T11:50:02.534+0000] {dag.py:4180} INFO - Setting next_dagrun for latest_only to 2024-11-21 04:00:00+00:00, run_after=2024-11-21 08:00:00+00:00
[2024-11-21T11:50:02.542+0000] {processor.py:208} INFO - Processing /home/airflow/.local/lib/python3.11/site-packages/airflow/example_dags/example_latest_only.py took 0.051 seconds
[2024-11-21T11:50:33.624+0000] {processor.py:186} INFO - Started process (PID=259) to work on /home/airflow/.local/lib/python3.11/site-packages/airflow/example_dags/example_latest_only.py
[2024-11-21T11:50:33.624+0000] {processor.py:914} INFO - Processing file /home/airflow/.local/lib/python3.11/site-packages/airflow/example_dags/example_latest_only.py for tasks to queue
[2024-11-21T11:50:33.626+0000] {logging_mixin.py:190} INFO - [2024-11-21T11:50:33.626+0000] {dagbag.py:588} INFO - Filling up the DagBag from /home/airflow/.local/lib/python3.11/site-packages/airflow/example_dags/example_latest_only.py
[2024-11-21T11:50:33.630+0000] {processor.py:925} INFO - DAG(s) 'latest_only' retrieved from /home/airflow/.local/lib/python3.11/site-packages/airflow/example_dags/example_latest_only.py
[2024-11-21T11:50:33.640+0000] {logging_mixin.py:190} INFO - [2024-11-21T11:50:33.639+0000] {dag.py:3239} INFO - Sync 1 DAGs
[2024-11-21T11:50:33.651+0000] {logging_mixin.py:190} INFO - [2024-11-21T11:50:33.651+0000] {dag.py:4180} INFO - Setting next_dagrun for latest_only to 2024-11-21 04:00:00+00:00, run_after=2024-11-21 08:00:00+00:00
[2024-11-21T11:50:33.660+0000] {processor.py:208} INFO - Processing /home/airflow/.local/lib/python3.11/site-packages/airflow/example_dags/example_latest_only.py took 0.039 seconds
[2024-11-21T11:51:04.516+0000] {processor.py:186} INFO - Started process (PID=316) to work on /home/airflow/.local/lib/python3.11/site-packages/airflow/example_dags/example_latest_only.py
[2024-11-21T11:51:04.517+0000] {processor.py:914} INFO - Processing file /home/airflow/.local/lib/python3.11/site-packages/airflow/example_dags/example_latest_only.py for tasks to queue
[2024-11-21T11:51:04.518+0000] {logging_mixin.py:190} INFO - [2024-11-21T11:51:04.518+0000] {dagbag.py:588} INFO - Filling up the DagBag from /home/airflow/.local/lib/python3.11/site-packages/airflow/example_dags/example_latest_only.py
[2024-11-21T11:51:04.523+0000] {processor.py:925} INFO - DAG(s) 'latest_only' retrieved from /home/airflow/.local/lib/python3.11/site-packages/airflow/example_dags/example_latest_only.py
[2024-11-21T11:51:04.534+0000] {logging_mixin.py:190} INFO - [2024-11-21T11:51:04.534+0000] {dag.py:3239} INFO - Sync 1 DAGs
[2024-11-21T11:51:04.667+0000] {logging_mixin.py:190} INFO - [2024-11-21T11:51:04.667+0000] {dag.py:4180} INFO - Setting next_dagrun for latest_only to 2024-11-21 04:00:00+00:00, run_after=2024-11-21 08:00:00+00:00
[2024-11-21T11:51:04.675+0000] {processor.py:208} INFO - Processing /home/airflow/.local/lib/python3.11/site-packages/airflow/example_dags/example_latest_only.py took 0.162 seconds
[2024-11-21T11:51:34.990+0000] {processor.py:186} INFO - Started process (PID=380) to work on /home/airflow/.local/lib/python3.11/site-packages/airflow/example_dags/example_latest_only.py
[2024-11-21T11:51:34.991+0000] {processor.py:914} INFO - Processing file /home/airflow/.local/lib/python3.11/site-packages/airflow/example_dags/example_latest_only.py for tasks to queue
[2024-11-21T11:51:34.992+0000] {logging_mixin.py:190} INFO - [2024-11-21T11:51:34.992+0000] {dagbag.py:588} INFO - Filling up the DagBag from /home/airflow/.local/lib/python3.11/site-packages/airflow/example_dags/example_latest_only.py
[2024-11-21T11:51:34.996+0000] {processor.py:925} INFO - DAG(s) 'latest_only' retrieved from /home/airflow/.local/lib/python3.11/site-packages/airflow/example_dags/example_latest_only.py
[2024-11-21T11:51:35.006+0000] {logging_mixin.py:190} INFO - [2024-11-21T11:51:35.006+0000] {dag.py:3239} INFO - Sync 1 DAGs
[2024-11-21T11:51:35.018+0000] {logging_mixin.py:190} INFO - [2024-11-21T11:51:35.018+0000] {dag.py:4180} INFO - Setting next_dagrun for latest_only to 2024-11-21 04:00:00+00:00, run_after=2024-11-21 08:00:00+00:00
[2024-11-21T11:51:35.027+0000] {processor.py:208} INFO - Processing /home/airflow/.local/lib/python3.11/site-packages/airflow/example_dags/example_latest_only.py took 0.041 seconds
[2024-11-21T11:52:05.171+0000] {processor.py:186} INFO - Started process (PID=444) to work on /home/airflow/.local/lib/python3.11/site-packages/airflow/example_dags/example_latest_only.py
[2024-11-21T11:52:05.172+0000] {processor.py:914} INFO - Processing file /home/airflow/.local/lib/python3.11/site-packages/airflow/example_dags/example_latest_only.py for tasks to queue
[2024-11-21T11:52:05.173+0000] {logging_mixin.py:190} INFO - [2024-11-21T11:52:05.173+0000] {dagbag.py:588} INFO - Filling up the DagBag from /home/airflow/.local/lib/python3.11/site-packages/airflow/example_dags/example_latest_only.py
[2024-11-21T11:52:05.177+0000] {processor.py:925} INFO - DAG(s) 'latest_only' retrieved from /home/airflow/.local/lib/python3.11/site-packages/airflow/example_dags/example_latest_only.py
[2024-11-21T11:52:05.187+0000] {logging_mixin.py:190} INFO - [2024-11-21T11:52:05.186+0000] {dag.py:3239} INFO - Sync 1 DAGs
[2024-11-21T11:52:05.197+0000] {logging_mixin.py:190} INFO - [2024-11-21T11:52:05.197+0000] {dag.py:4180} INFO - Setting next_dagrun for latest_only to 2024-11-21 04:00:00+00:00, run_after=2024-11-21 08:00:00+00:00
[2024-11-21T11:52:05.206+0000] {processor.py:208} INFO - Processing /home/airflow/.local/lib/python3.11/site-packages/airflow/example_dags/example_latest_only.py took 0.038 seconds
[2024-11-21T11:52:35.990+0000] {processor.py:186} INFO - Started process (PID=508) to work on /home/airflow/.local/lib/python3.11/site-packages/airflow/example_dags/example_latest_only.py
[2024-11-21T11:52:35.991+0000] {processor.py:914} INFO - Processing file /home/airflow/.local/lib/python3.11/site-packages/airflow/example_dags/example_latest_only.py for tasks to queue
[2024-11-21T11:52:35.992+0000] {logging_mixin.py:190} INFO - [2024-11-21T11:52:35.992+0000] {dagbag.py:588} INFO - Filling up the DagBag from /home/airflow/.local/lib/python3.11/site-packages/airflow/example_dags/example_latest_only.py
[2024-11-21T11:52:35.996+0000] {processor.py:925} INFO - DAG(s) 'latest_only' retrieved from /home/airflow/.local/lib/python3.11/site-packages/airflow/example_dags/example_latest_only.py
[2024-11-21T11:52:36.007+0000] {logging_mixin.py:190} INFO - [2024-11-21T11:52:36.007+0000] {dag.py:3239} INFO - Sync 1 DAGs
[2024-11-21T11:52:36.021+0000] {logging_mixin.py:190} INFO - [2024-11-21T11:52:36.020+0000] {dag.py:4180} INFO - Setting next_dagrun for latest_only to 2024-11-21 04:00:00+00:00, run_after=2024-11-21 08:00:00+00:00
[2024-11-21T11:52:36.030+0000] {processor.py:208} INFO - Processing /home/airflow/.local/lib/python3.11/site-packages/airflow/example_dags/example_latest_only.py took 0.043 seconds
[2024-11-21T11:53:06.770+0000] {processor.py:186} INFO - Started process (PID=572) to work on /home/airflow/.local/lib/python3.11/site-packages/airflow/example_dags/example_latest_only.py
[2024-11-21T11:53:06.770+0000] {processor.py:914} INFO - Processing file /home/airflow/.local/lib/python3.11/site-packages/airflow/example_dags/example_latest_only.py for tasks to queue
[2024-11-21T11:53:06.772+0000] {logging_mixin.py:190} INFO - [2024-11-21T11:53:06.772+0000] {dagbag.py:588} INFO - Filling up the DagBag from /home/airflow/.local/lib/python3.11/site-packages/airflow/example_dags/example_latest_only.py
[2024-11-21T11:53:06.776+0000] {processor.py:925} INFO - DAG(s) 'latest_only' retrieved from /home/airflow/.local/lib/python3.11/site-packages/airflow/example_dags/example_latest_only.py
[2024-11-21T11:53:06.786+0000] {logging_mixin.py:190} INFO - [2024-11-21T11:53:06.786+0000] {dag.py:3239} INFO - Sync 1 DAGs
[2024-11-21T11:53:06.798+0000] {logging_mixin.py:190} INFO - [2024-11-21T11:53:06.797+0000] {dag.py:4180} INFO - Setting next_dagrun for latest_only to 2024-11-21 04:00:00+00:00, run_after=2024-11-21 08:00:00+00:00
[2024-11-21T11:53:06.806+0000] {processor.py:208} INFO - Processing /home/airflow/.local/lib/python3.11/site-packages/airflow/example_dags/example_latest_only.py took 0.039 seconds
[2024-11-21T11:53:37.622+0000] {processor.py:186} INFO - Started process (PID=636) to work on /home/airflow/.local/lib/python3.11/site-packages/airflow/example_dags/example_latest_only.py
[2024-11-21T11:53:37.623+0000] {processor.py:914} INFO - Processing file /home/airflow/.local/lib/python3.11/site-packages/airflow/example_dags/example_latest_only.py for tasks to queue
[2024-11-21T11:53:37.625+0000] {logging_mixin.py:190} INFO - [2024-11-21T11:53:37.624+0000] {dagbag.py:588} INFO - Filling up the DagBag from /home/airflow/.local/lib/python3.11/site-packages/airflow/example_dags/example_latest_only.py
[2024-11-21T11:53:37.629+0000] {processor.py:925} INFO - DAG(s) 'latest_only' retrieved from /home/airflow/.local/lib/python3.11/site-packages/airflow/example_dags/example_latest_only.py
[2024-11-21T11:53:37.646+0000] {logging_mixin.py:190} INFO - [2024-11-21T11:53:37.646+0000] {dag.py:3239} INFO - Sync 1 DAGs
[2024-11-21T11:53:37.661+0000] {logging_mixin.py:190} INFO - [2024-11-21T11:53:37.661+0000] {dag.py:4180} INFO - Setting next_dagrun for latest_only to 2024-11-21 04:00:00+00:00, run_after=2024-11-21 08:00:00+00:00
[2024-11-21T11:53:37.670+0000] {processor.py:208} INFO - Processing /home/airflow/.local/lib/python3.11/site-packages/airflow/example_dags/example_latest_only.py took 0.052 seconds
[2024-11-21T11:54:23.603+0000] {processor.py:186} INFO - Started process (PID=717) to work on /home/airflow/.local/lib/python3.11/site-packages/airflow/example_dags/example_latest_only.py
[2024-11-21T11:54:23.608+0000] {processor.py:914} INFO - Processing file /home/airflow/.local/lib/python3.11/site-packages/airflow/example_dags/example_latest_only.py for tasks to queue
[2024-11-21T11:54:23.612+0000] {logging_mixin.py:190} INFO - [2024-11-21T11:54:23.612+0000] {dagbag.py:588} INFO - Filling up the DagBag from /home/airflow/.local/lib/python3.11/site-packages/airflow/example_dags/example_latest_only.py
[2024-11-21T11:54:23.651+0000] {processor.py:925} INFO - DAG(s) 'latest_only' retrieved from /home/airflow/.local/lib/python3.11/site-packages/airflow/example_dags/example_latest_only.py
[2024-11-21T11:54:23.692+0000] {logging_mixin.py:190} INFO - [2024-11-21T11:54:23.692+0000] {dag.py:3239} INFO - Sync 1 DAGs
[2024-11-21T11:54:23.751+0000] {logging_mixin.py:190} INFO - [2024-11-21T11:54:23.750+0000] {dag.py:4180} INFO - Setting next_dagrun for latest_only to 2024-11-21 04:00:00+00:00, run_after=2024-11-21 08:00:00+00:00
[2024-11-21T11:54:23.792+0000] {processor.py:208} INFO - Processing /home/airflow/.local/lib/python3.11/site-packages/airflow/example_dags/example_latest_only.py took 0.208 seconds
[2024-11-21T11:55:17.532+0000] {processor.py:186} INFO - Started process (PID=790) to work on /home/airflow/.local/lib/python3.11/site-packages/airflow/example_dags/example_latest_only.py
[2024-11-21T11:55:17.535+0000] {processor.py:914} INFO - Processing file /home/airflow/.local/lib/python3.11/site-packages/airflow/example_dags/example_latest_only.py for tasks to queue
[2024-11-21T11:55:17.545+0000] {logging_mixin.py:190} INFO - [2024-11-21T11:55:17.545+0000] {dagbag.py:588} INFO - Filling up the DagBag from /home/airflow/.local/lib/python3.11/site-packages/airflow/example_dags/example_latest_only.py
[2024-11-21T11:55:17.590+0000] {processor.py:925} INFO - DAG(s) 'latest_only' retrieved from /home/airflow/.local/lib/python3.11/site-packages/airflow/example_dags/example_latest_only.py
[2024-11-21T11:55:17.707+0000] {logging_mixin.py:190} INFO - [2024-11-21T11:55:17.707+0000] {dag.py:3239} INFO - Sync 1 DAGs
[2024-11-21T11:55:17.827+0000] {logging_mixin.py:190} INFO - [2024-11-21T11:55:17.825+0000] {dag.py:4180} INFO - Setting next_dagrun for latest_only to 2024-11-21 04:00:00+00:00, run_after=2024-11-21 08:00:00+00:00
[2024-11-21T11:55:17.901+0000] {processor.py:208} INFO - Processing /home/airflow/.local/lib/python3.11/site-packages/airflow/example_dags/example_latest_only.py took 0.418 seconds
[2024-11-21T11:55:49.929+0000] {processor.py:186} INFO - Started process (PID=854) to work on /home/airflow/.local/lib/python3.11/site-packages/airflow/example_dags/example_latest_only.py
[2024-11-21T11:55:49.943+0000] {processor.py:914} INFO - Processing file /home/airflow/.local/lib/python3.11/site-packages/airflow/example_dags/example_latest_only.py for tasks to queue
[2024-11-21T11:55:49.969+0000] {logging_mixin.py:190} INFO - [2024-11-21T11:55:49.967+0000] {dagbag.py:588} INFO - Filling up the DagBag from /home/airflow/.local/lib/python3.11/site-packages/airflow/example_dags/example_latest_only.py
[2024-11-21T11:55:50.047+0000] {processor.py:925} INFO - DAG(s) 'latest_only' retrieved from /home/airflow/.local/lib/python3.11/site-packages/airflow/example_dags/example_latest_only.py
[2024-11-21T11:55:50.192+0000] {logging_mixin.py:190} INFO - [2024-11-21T11:55:50.188+0000] {dag.py:3239} INFO - Sync 1 DAGs
[2024-11-21T11:55:50.334+0000] {logging_mixin.py:190} INFO - [2024-11-21T11:55:50.333+0000] {dag.py:4180} INFO - Setting next_dagrun for latest_only to 2024-11-21 04:00:00+00:00, run_after=2024-11-21 08:00:00+00:00
[2024-11-21T11:55:50.406+0000] {processor.py:208} INFO - Processing /home/airflow/.local/lib/python3.11/site-packages/airflow/example_dags/example_latest_only.py took 0.491 seconds
[2024-11-21T11:56:34.161+0000] {processor.py:186} INFO - Started process (PID=918) to work on /home/airflow/.local/lib/python3.11/site-packages/airflow/example_dags/example_latest_only.py
[2024-11-21T11:56:34.163+0000] {processor.py:914} INFO - Processing file /home/airflow/.local/lib/python3.11/site-packages/airflow/example_dags/example_latest_only.py for tasks to queue
[2024-11-21T11:56:34.166+0000] {logging_mixin.py:190} INFO - [2024-11-21T11:56:34.166+0000] {dagbag.py:588} INFO - Filling up the DagBag from /home/airflow/.local/lib/python3.11/site-packages/airflow/example_dags/example_latest_only.py
[2024-11-21T11:56:34.174+0000] {processor.py:925} INFO - DAG(s) 'latest_only' retrieved from /home/airflow/.local/lib/python3.11/site-packages/airflow/example_dags/example_latest_only.py
[2024-11-21T11:56:34.189+0000] {logging_mixin.py:190} INFO - [2024-11-21T11:56:34.188+0000] {dag.py:3239} INFO - Sync 1 DAGs
[2024-11-21T11:56:34.207+0000] {logging_mixin.py:190} INFO - [2024-11-21T11:56:34.207+0000] {dag.py:4180} INFO - Setting next_dagrun for latest_only to 2024-11-21 04:00:00+00:00, run_after=2024-11-21 08:00:00+00:00
[2024-11-21T11:56:34.226+0000] {processor.py:208} INFO - Processing /home/airflow/.local/lib/python3.11/site-packages/airflow/example_dags/example_latest_only.py took 0.079 seconds
[2024-11-21T11:57:04.812+0000] {processor.py:186} INFO - Started process (PID=976) to work on /home/airflow/.local/lib/python3.11/site-packages/airflow/example_dags/example_latest_only.py
[2024-11-21T11:57:04.813+0000] {processor.py:914} INFO - Processing file /home/airflow/.local/lib/python3.11/site-packages/airflow/example_dags/example_latest_only.py for tasks to queue
[2024-11-21T11:57:04.814+0000] {logging_mixin.py:190} INFO - [2024-11-21T11:57:04.814+0000] {dagbag.py:588} INFO - Filling up the DagBag from /home/airflow/.local/lib/python3.11/site-packages/airflow/example_dags/example_latest_only.py
[2024-11-21T11:57:04.818+0000] {processor.py:925} INFO - DAG(s) 'latest_only' retrieved from /home/airflow/.local/lib/python3.11/site-packages/airflow/example_dags/example_latest_only.py
[2024-11-21T11:57:04.830+0000] {logging_mixin.py:190} INFO - [2024-11-21T11:57:04.829+0000] {dag.py:3239} INFO - Sync 1 DAGs
[2024-11-21T11:57:04.841+0000] {logging_mixin.py:190} INFO - [2024-11-21T11:57:04.841+0000] {dag.py:4180} INFO - Setting next_dagrun for latest_only to 2024-11-21 04:00:00+00:00, run_after=2024-11-21 08:00:00+00:00
[2024-11-21T11:57:04.849+0000] {processor.py:208} INFO - Processing /home/airflow/.local/lib/python3.11/site-packages/airflow/example_dags/example_latest_only.py took 0.040 seconds
[2024-11-21T11:57:34.988+0000] {processor.py:186} INFO - Started process (PID=1041) to work on /home/airflow/.local/lib/python3.11/site-packages/airflow/example_dags/example_latest_only.py
[2024-11-21T11:57:34.989+0000] {processor.py:914} INFO - Processing file /home/airflow/.local/lib/python3.11/site-packages/airflow/example_dags/example_latest_only.py for tasks to queue
[2024-11-21T11:57:34.991+0000] {logging_mixin.py:190} INFO - [2024-11-21T11:57:34.990+0000] {dagbag.py:588} INFO - Filling up the DagBag from /home/airflow/.local/lib/python3.11/site-packages/airflow/example_dags/example_latest_only.py
[2024-11-21T11:57:34.995+0000] {processor.py:925} INFO - DAG(s) 'latest_only' retrieved from /home/airflow/.local/lib/python3.11/site-packages/airflow/example_dags/example_latest_only.py
[2024-11-21T11:57:35.011+0000] {logging_mixin.py:190} INFO - [2024-11-21T11:57:35.011+0000] {dag.py:3239} INFO - Sync 1 DAGs
[2024-11-21T11:57:35.035+0000] {logging_mixin.py:190} INFO - [2024-11-21T11:57:35.034+0000] {dag.py:4180} INFO - Setting next_dagrun for latest_only to 2024-11-21 04:00:00+00:00, run_after=2024-11-21 08:00:00+00:00
[2024-11-21T11:57:35.049+0000] {processor.py:208} INFO - Processing /home/airflow/.local/lib/python3.11/site-packages/airflow/example_dags/example_latest_only.py took 0.065 seconds
[2024-11-21T11:58:05.902+0000] {processor.py:186} INFO - Started process (PID=1105) to work on /home/airflow/.local/lib/python3.11/site-packages/airflow/example_dags/example_latest_only.py
[2024-11-21T11:58:05.903+0000] {processor.py:914} INFO - Processing file /home/airflow/.local/lib/python3.11/site-packages/airflow/example_dags/example_latest_only.py for tasks to queue
[2024-11-21T11:58:05.904+0000] {logging_mixin.py:190} INFO - [2024-11-21T11:58:05.904+0000] {dagbag.py:588} INFO - Filling up the DagBag from /home/airflow/.local/lib/python3.11/site-packages/airflow/example_dags/example_latest_only.py
[2024-11-21T11:58:05.909+0000] {processor.py:925} INFO - DAG(s) 'latest_only' retrieved from /home/airflow/.local/lib/python3.11/site-packages/airflow/example_dags/example_latest_only.py
[2024-11-21T11:58:05.920+0000] {logging_mixin.py:190} INFO - [2024-11-21T11:58:05.920+0000] {dag.py:3239} INFO - Sync 1 DAGs
[2024-11-21T11:58:05.932+0000] {logging_mixin.py:190} INFO - [2024-11-21T11:58:05.932+0000] {dag.py:4180} INFO - Setting next_dagrun for latest_only to 2024-11-21 04:00:00+00:00, run_after=2024-11-21 08:00:00+00:00
[2024-11-21T11:58:05.941+0000] {processor.py:208} INFO - Processing /home/airflow/.local/lib/python3.11/site-packages/airflow/example_dags/example_latest_only.py took 0.043 seconds
[2024-11-21T11:58:36.423+0000] {processor.py:186} INFO - Started process (PID=1169) to work on /home/airflow/.local/lib/python3.11/site-packages/airflow/example_dags/example_latest_only.py
[2024-11-21T11:58:36.424+0000] {processor.py:914} INFO - Processing file /home/airflow/.local/lib/python3.11/site-packages/airflow/example_dags/example_latest_only.py for tasks to queue
[2024-11-21T11:58:36.425+0000] {logging_mixin.py:190} INFO - [2024-11-21T11:58:36.425+0000] {dagbag.py:588} INFO - Filling up the DagBag from /home/airflow/.local/lib/python3.11/site-packages/airflow/example_dags/example_latest_only.py
[2024-11-21T11:58:36.429+0000] {processor.py:925} INFO - DAG(s) 'latest_only' retrieved from /home/airflow/.local/lib/python3.11/site-packages/airflow/example_dags/example_latest_only.py
[2024-11-21T11:58:36.439+0000] {logging_mixin.py:190} INFO - [2024-11-21T11:58:36.439+0000] {dag.py:3239} INFO - Sync 1 DAGs
[2024-11-21T11:58:36.451+0000] {logging_mixin.py:190} INFO - [2024-11-21T11:58:36.451+0000] {dag.py:4180} INFO - Setting next_dagrun for latest_only to 2024-11-21 04:00:00+00:00, run_after=2024-11-21 08:00:00+00:00
[2024-11-21T11:58:36.459+0000] {processor.py:208} INFO - Processing /home/airflow/.local/lib/python3.11/site-packages/airflow/example_dags/example_latest_only.py took 0.040 seconds
[2024-11-21T11:59:07.228+0000] {processor.py:186} INFO - Started process (PID=1233) to work on /home/airflow/.local/lib/python3.11/site-packages/airflow/example_dags/example_latest_only.py
[2024-11-21T11:59:07.229+0000] {processor.py:914} INFO - Processing file /home/airflow/.local/lib/python3.11/site-packages/airflow/example_dags/example_latest_only.py for tasks to queue
[2024-11-21T11:59:07.230+0000] {logging_mixin.py:190} INFO - [2024-11-21T11:59:07.230+0000] {dagbag.py:588} INFO - Filling up the DagBag from /home/airflow/.local/lib/python3.11/site-packages/airflow/example_dags/example_latest_only.py
[2024-11-21T11:59:07.234+0000] {processor.py:925} INFO - DAG(s) 'latest_only' retrieved from /home/airflow/.local/lib/python3.11/site-packages/airflow/example_dags/example_latest_only.py
[2024-11-21T11:59:07.243+0000] {logging_mixin.py:190} INFO - [2024-11-21T11:59:07.243+0000] {dag.py:3239} INFO - Sync 1 DAGs
[2024-11-21T11:59:07.253+0000] {logging_mixin.py:190} INFO - [2024-11-21T11:59:07.253+0000] {dag.py:4180} INFO - Setting next_dagrun for latest_only to 2024-11-21 04:00:00+00:00, run_after=2024-11-21 08:00:00+00:00
[2024-11-21T11:59:07.260+0000] {processor.py:208} INFO - Processing /home/airflow/.local/lib/python3.11/site-packages/airflow/example_dags/example_latest_only.py took 0.035 seconds
[2024-11-21T11:59:38.005+0000] {processor.py:186} INFO - Started process (PID=1297) to work on /home/airflow/.local/lib/python3.11/site-packages/airflow/example_dags/example_latest_only.py
[2024-11-21T11:59:38.006+0000] {processor.py:914} INFO - Processing file /home/airflow/.local/lib/python3.11/site-packages/airflow/example_dags/example_latest_only.py for tasks to queue
[2024-11-21T11:59:38.007+0000] {logging_mixin.py:190} INFO - [2024-11-21T11:59:38.007+0000] {dagbag.py:588} INFO - Filling up the DagBag from /home/airflow/.local/lib/python3.11/site-packages/airflow/example_dags/example_latest_only.py
[2024-11-21T11:59:38.011+0000] {processor.py:925} INFO - DAG(s) 'latest_only' retrieved from /home/airflow/.local/lib/python3.11/site-packages/airflow/example_dags/example_latest_only.py
[2024-11-21T11:59:38.021+0000] {logging_mixin.py:190} INFO - [2024-11-21T11:59:38.021+0000] {dag.py:3239} INFO - Sync 1 DAGs
[2024-11-21T11:59:38.033+0000] {logging_mixin.py:190} INFO - [2024-11-21T11:59:38.032+0000] {dag.py:4180} INFO - Setting next_dagrun for latest_only to 2024-11-21 04:00:00+00:00, run_after=2024-11-21 08:00:00+00:00
[2024-11-21T11:59:38.041+0000] {processor.py:208} INFO - Processing /home/airflow/.local/lib/python3.11/site-packages/airflow/example_dags/example_latest_only.py took 0.039 seconds
[2024-11-21T12:00:09.115+0000] {processor.py:186} INFO - Started process (PID=1362) to work on /home/airflow/.local/lib/python3.11/site-packages/airflow/example_dags/example_latest_only.py
[2024-11-21T12:00:09.116+0000] {processor.py:914} INFO - Processing file /home/airflow/.local/lib/python3.11/site-packages/airflow/example_dags/example_latest_only.py for tasks to queue
[2024-11-21T12:00:09.117+0000] {logging_mixin.py:190} INFO - [2024-11-21T12:00:09.117+0000] {dagbag.py:588} INFO - Filling up the DagBag from /home/airflow/.local/lib/python3.11/site-packages/airflow/example_dags/example_latest_only.py
[2024-11-21T12:00:09.121+0000] {processor.py:925} INFO - DAG(s) 'latest_only' retrieved from /home/airflow/.local/lib/python3.11/site-packages/airflow/example_dags/example_latest_only.py
[2024-11-21T12:00:09.132+0000] {logging_mixin.py:190} INFO - [2024-11-21T12:00:09.132+0000] {dag.py:3239} INFO - Sync 1 DAGs
[2024-11-21T12:00:09.146+0000] {logging_mixin.py:190} INFO - [2024-11-21T12:00:09.146+0000] {dag.py:4180} INFO - Setting next_dagrun for latest_only to 2024-11-21 08:00:00+00:00, run_after=2024-11-21 12:00:00+00:00
[2024-11-21T12:00:09.159+0000] {processor.py:208} INFO - Processing /home/airflow/.local/lib/python3.11/site-packages/airflow/example_dags/example_latest_only.py took 0.047 seconds
[2024-11-21T12:02:07.787+0000] {processor.py:186} INFO - Started process (PID=1400) to work on /home/airflow/.local/lib/python3.11/site-packages/airflow/example_dags/example_latest_only.py
[2024-11-21T12:02:07.789+0000] {processor.py:914} INFO - Processing file /home/airflow/.local/lib/python3.11/site-packages/airflow/example_dags/example_latest_only.py for tasks to queue
[2024-11-21T12:02:07.808+0000] {logging_mixin.py:190} INFO - [2024-11-21T12:02:07.807+0000] {dagbag.py:588} INFO - Filling up the DagBag from /home/airflow/.local/lib/python3.11/site-packages/airflow/example_dags/example_latest_only.py
[2024-11-21T12:02:07.854+0000] {processor.py:925} INFO - DAG(s) 'latest_only' retrieved from /home/airflow/.local/lib/python3.11/site-packages/airflow/example_dags/example_latest_only.py
[2024-11-21T12:02:07.903+0000] {logging_mixin.py:190} INFO - [2024-11-21T12:02:07.903+0000] {dag.py:3239} INFO - Sync 1 DAGs
[2024-11-21T12:02:07.966+0000] {logging_mixin.py:190} INFO - [2024-11-21T12:02:07.965+0000] {dag.py:4180} INFO - Setting next_dagrun for latest_only to 2024-11-21 08:00:00+00:00, run_after=2024-11-21 12:00:00+00:00
[2024-11-21T12:02:08.028+0000] {processor.py:208} INFO - Processing /home/airflow/.local/lib/python3.11/site-packages/airflow/example_dags/example_latest_only.py took 0.273 seconds
[2024-11-21T12:04:04.822+0000] {processor.py:186} INFO - Started process (PID=1472) to work on /home/airflow/.local/lib/python3.11/site-packages/airflow/example_dags/example_latest_only.py
[2024-11-21T12:04:04.825+0000] {processor.py:914} INFO - Processing file /home/airflow/.local/lib/python3.11/site-packages/airflow/example_dags/example_latest_only.py for tasks to queue
[2024-11-21T12:04:04.828+0000] {logging_mixin.py:190} INFO - [2024-11-21T12:04:04.827+0000] {dagbag.py:588} INFO - Filling up the DagBag from /home/airflow/.local/lib/python3.11/site-packages/airflow/example_dags/example_latest_only.py
[2024-11-21T12:04:04.856+0000] {processor.py:925} INFO - DAG(s) 'latest_only' retrieved from /home/airflow/.local/lib/python3.11/site-packages/airflow/example_dags/example_latest_only.py
[2024-11-21T12:04:04.955+0000] {logging_mixin.py:190} INFO - [2024-11-21T12:04:04.955+0000] {dag.py:3239} INFO - Sync 1 DAGs
[2024-11-21T12:04:05.030+0000] {logging_mixin.py:190} INFO - [2024-11-21T12:04:05.029+0000] {dag.py:4180} INFO - Setting next_dagrun for latest_only to 2024-11-21 08:00:00+00:00, run_after=2024-11-21 12:00:00+00:00
[2024-11-21T12:04:05.104+0000] {processor.py:208} INFO - Processing /home/airflow/.local/lib/python3.11/site-packages/airflow/example_dags/example_latest_only.py took 0.290 seconds
[2024-11-21T12:26:26.192+0000] {processor.py:186} INFO - Started process (PID=1514) to work on /home/airflow/.local/lib/python3.11/site-packages/airflow/example_dags/example_latest_only.py
[2024-11-21T12:26:26.201+0000] {processor.py:914} INFO - Processing file /home/airflow/.local/lib/python3.11/site-packages/airflow/example_dags/example_latest_only.py for tasks to queue
[2024-11-21T12:26:26.205+0000] {logging_mixin.py:190} INFO - [2024-11-21T12:26:26.204+0000] {dagbag.py:588} INFO - Filling up the DagBag from /home/airflow/.local/lib/python3.11/site-packages/airflow/example_dags/example_latest_only.py
[2024-11-21T12:26:26.301+0000] {processor.py:925} INFO - DAG(s) 'latest_only' retrieved from /home/airflow/.local/lib/python3.11/site-packages/airflow/example_dags/example_latest_only.py
[2024-11-21T12:26:26.486+0000] {logging_mixin.py:190} INFO - [2024-11-21T12:26:26.481+0000] {dag.py:3239} INFO - Sync 1 DAGs
[2024-11-21T12:26:26.673+0000] {logging_mixin.py:190} INFO - [2024-11-21T12:26:26.669+0000] {dag.py:4180} INFO - Setting next_dagrun for latest_only to 2024-11-21 08:00:00+00:00, run_after=2024-11-21 12:00:00+00:00
[2024-11-21T12:26:26.762+0000] {processor.py:208} INFO - Processing /home/airflow/.local/lib/python3.11/site-packages/airflow/example_dags/example_latest_only.py took 0.633 seconds
[2024-11-21T12:43:11.869+0000] {processor.py:186} INFO - Started process (PID=1567) to work on /home/airflow/.local/lib/python3.11/site-packages/airflow/example_dags/example_latest_only.py
[2024-11-21T12:43:11.871+0000] {processor.py:914} INFO - Processing file /home/airflow/.local/lib/python3.11/site-packages/airflow/example_dags/example_latest_only.py for tasks to queue
[2024-11-21T12:43:11.875+0000] {logging_mixin.py:190} INFO - [2024-11-21T12:43:11.874+0000] {dagbag.py:588} INFO - Filling up the DagBag from /home/airflow/.local/lib/python3.11/site-packages/airflow/example_dags/example_latest_only.py
[2024-11-21T12:43:11.894+0000] {processor.py:925} INFO - DAG(s) 'latest_only' retrieved from /home/airflow/.local/lib/python3.11/site-packages/airflow/example_dags/example_latest_only.py
[2024-11-21T12:43:11.965+0000] {logging_mixin.py:190} INFO - [2024-11-21T12:43:11.965+0000] {dag.py:3239} INFO - Sync 1 DAGs
[2024-11-21T12:43:12.003+0000] {logging_mixin.py:190} INFO - [2024-11-21T12:43:12.002+0000] {dag.py:4180} INFO - Setting next_dagrun for latest_only to 2024-11-21 08:00:00+00:00, run_after=2024-11-21 12:00:00+00:00
[2024-11-21T12:43:12.026+0000] {processor.py:208} INFO - Processing /home/airflow/.local/lib/python3.11/site-packages/airflow/example_dags/example_latest_only.py took 0.164 seconds
[2024-11-21T13:01:41.869+0000] {processor.py:186} INFO - Started process (PID=1611) to work on /home/airflow/.local/lib/python3.11/site-packages/airflow/example_dags/example_latest_only.py
[2024-11-21T13:01:41.902+0000] {processor.py:914} INFO - Processing file /home/airflow/.local/lib/python3.11/site-packages/airflow/example_dags/example_latest_only.py for tasks to queue
[2024-11-21T13:01:41.934+0000] {logging_mixin.py:190} INFO - [2024-11-21T13:01:41.931+0000] {dagbag.py:588} INFO - Filling up the DagBag from /home/airflow/.local/lib/python3.11/site-packages/airflow/example_dags/example_latest_only.py
[2024-11-21T13:01:42.067+0000] {processor.py:925} INFO - DAG(s) 'latest_only' retrieved from /home/airflow/.local/lib/python3.11/site-packages/airflow/example_dags/example_latest_only.py
[2024-11-21T13:01:42.565+0000] {logging_mixin.py:190} INFO - [2024-11-21T13:01:42.553+0000] {dag.py:3239} INFO - Sync 1 DAGs
[2024-11-21T13:01:42.852+0000] {logging_mixin.py:190} INFO - [2024-11-21T13:01:42.842+0000] {dag.py:4180} INFO - Setting next_dagrun for latest_only to 2024-11-21 08:00:00+00:00, run_after=2024-11-21 12:00:00+00:00
[2024-11-21T13:01:42.982+0000] {processor.py:208} INFO - Processing /home/airflow/.local/lib/python3.11/site-packages/airflow/example_dags/example_latest_only.py took 1.199 seconds
[2024-11-21T14:01:18.914+0000] {processor.py:186} INFO - Started process (PID=1734) to work on /home/airflow/.local/lib/python3.11/site-packages/airflow/example_dags/example_latest_only.py
[2024-11-21T14:01:18.920+0000] {processor.py:914} INFO - Processing file /home/airflow/.local/lib/python3.11/site-packages/airflow/example_dags/example_latest_only.py for tasks to queue
[2024-11-21T14:01:18.930+0000] {logging_mixin.py:190} INFO - [2024-11-21T14:01:18.927+0000] {dagbag.py:588} INFO - Filling up the DagBag from /home/airflow/.local/lib/python3.11/site-packages/airflow/example_dags/example_latest_only.py
[2024-11-21T14:01:19.095+0000] {processor.py:925} INFO - DAG(s) 'latest_only' retrieved from /home/airflow/.local/lib/python3.11/site-packages/airflow/example_dags/example_latest_only.py
[2024-11-21T14:01:19.340+0000] {logging_mixin.py:190} INFO - [2024-11-21T14:01:19.331+0000] {dag.py:3239} INFO - Sync 1 DAGs
[2024-11-21T14:01:19.495+0000] {logging_mixin.py:190} INFO - [2024-11-21T14:01:19.494+0000] {dag.py:4180} INFO - Setting next_dagrun for latest_only to 2024-11-21 08:00:00+00:00, run_after=2024-11-21 12:00:00+00:00
[2024-11-21T14:01:19.581+0000] {processor.py:208} INFO - Processing /home/airflow/.local/lib/python3.11/site-packages/airflow/example_dags/example_latest_only.py took 0.704 seconds
