[2024-11-21T11:49:04.615+0000] {processor.py:186} INFO - Started process (PID=75) to work on /home/airflow/.local/lib/python3.11/site-packages/airflow/example_dags/example_dag_decorator.py
[2024-11-21T11:49:04.616+0000] {processor.py:914} INFO - Processing file /home/airflow/.local/lib/python3.11/site-packages/airflow/example_dags/example_dag_decorator.py for tasks to queue
[2024-11-21T11:49:04.619+0000] {logging_mixin.py:190} INFO - [2024-11-21T11:49:04.618+0000] {dagbag.py:588} INFO - Filling up the DagBag from /home/airflow/.local/lib/python3.11/site-packages/airflow/example_dags/example_dag_decorator.py
[2024-11-21T11:49:04.644+0000] {processor.py:925} INFO - DAG(s) 'example_dag_decorator' retrieved from /home/airflow/.local/lib/python3.11/site-packages/airflow/example_dags/example_dag_decorator.py
[2024-11-21T11:49:05.672+0000] {logging_mixin.py:190} INFO - [2024-11-21T11:49:05.671+0000] {dag.py:3239} INFO - Sync 1 DAGs
[2024-11-21T11:49:05.689+0000] {logging_mixin.py:190} INFO - [2024-11-21T11:49:05.688+0000] {dag.py:4180} INFO - Setting next_dagrun for example_dag_decorator to None, run_after=None
[2024-11-21T11:49:05.734+0000] {processor.py:208} INFO - Processing /home/airflow/.local/lib/python3.11/site-packages/airflow/example_dags/example_dag_decorator.py took 1.124 seconds
[2024-11-21T11:49:36.683+0000] {processor.py:186} INFO - Started process (PID=140) to work on /home/airflow/.local/lib/python3.11/site-packages/airflow/example_dags/example_dag_decorator.py
[2024-11-21T11:49:36.690+0000] {processor.py:914} INFO - Processing file /home/airflow/.local/lib/python3.11/site-packages/airflow/example_dags/example_dag_decorator.py for tasks to queue
[2024-11-21T11:49:36.695+0000] {logging_mixin.py:190} INFO - [2024-11-21T11:49:36.695+0000] {dagbag.py:588} INFO - Filling up the DagBag from /home/airflow/.local/lib/python3.11/site-packages/airflow/example_dags/example_dag_decorator.py
[2024-11-21T11:49:36.723+0000] {processor.py:925} INFO - DAG(s) 'example_dag_decorator' retrieved from /home/airflow/.local/lib/python3.11/site-packages/airflow/example_dags/example_dag_decorator.py
[2024-11-21T11:49:37.656+0000] {logging_mixin.py:190} INFO - [2024-11-21T11:49:37.655+0000] {dag.py:3239} INFO - Sync 1 DAGs
[2024-11-21T11:49:37.684+0000] {logging_mixin.py:190} INFO - [2024-11-21T11:49:37.684+0000] {dag.py:4180} INFO - Setting next_dagrun for example_dag_decorator to None, run_after=None
[2024-11-21T11:49:37.764+0000] {processor.py:208} INFO - Processing /home/airflow/.local/lib/python3.11/site-packages/airflow/example_dags/example_dag_decorator.py took 1.117 seconds
[2024-11-21T11:50:07.908+0000] {processor.py:186} INFO - Started process (PID=204) to work on /home/airflow/.local/lib/python3.11/site-packages/airflow/example_dags/example_dag_decorator.py
[2024-11-21T11:50:07.910+0000] {processor.py:914} INFO - Processing file /home/airflow/.local/lib/python3.11/site-packages/airflow/example_dags/example_dag_decorator.py for tasks to queue
[2024-11-21T11:50:07.913+0000] {logging_mixin.py:190} INFO - [2024-11-21T11:50:07.913+0000] {dagbag.py:588} INFO - Filling up the DagBag from /home/airflow/.local/lib/python3.11/site-packages/airflow/example_dags/example_dag_decorator.py
[2024-11-21T11:50:07.927+0000] {processor.py:925} INFO - DAG(s) 'example_dag_decorator' retrieved from /home/airflow/.local/lib/python3.11/site-packages/airflow/example_dags/example_dag_decorator.py
[2024-11-21T11:50:08.404+0000] {logging_mixin.py:190} INFO - [2024-11-21T11:50:08.404+0000] {dag.py:3239} INFO - Sync 1 DAGs
[2024-11-21T11:50:08.411+0000] {logging_mixin.py:190} INFO - [2024-11-21T11:50:08.411+0000] {dag.py:4180} INFO - Setting next_dagrun for example_dag_decorator to None, run_after=None
[2024-11-21T11:50:08.426+0000] {processor.py:208} INFO - Processing /home/airflow/.local/lib/python3.11/site-packages/airflow/example_dags/example_dag_decorator.py took 0.523 seconds
[2024-11-21T11:50:39.009+0000] {processor.py:186} INFO - Started process (PID=268) to work on /home/airflow/.local/lib/python3.11/site-packages/airflow/example_dags/example_dag_decorator.py
[2024-11-21T11:50:39.011+0000] {processor.py:914} INFO - Processing file /home/airflow/.local/lib/python3.11/site-packages/airflow/example_dags/example_dag_decorator.py for tasks to queue
[2024-11-21T11:50:39.014+0000] {logging_mixin.py:190} INFO - [2024-11-21T11:50:39.014+0000] {dagbag.py:588} INFO - Filling up the DagBag from /home/airflow/.local/lib/python3.11/site-packages/airflow/example_dags/example_dag_decorator.py
[2024-11-21T11:50:39.029+0000] {processor.py:925} INFO - DAG(s) 'example_dag_decorator' retrieved from /home/airflow/.local/lib/python3.11/site-packages/airflow/example_dags/example_dag_decorator.py
[2024-11-21T11:50:39.376+0000] {logging_mixin.py:190} INFO - [2024-11-21T11:50:39.376+0000] {dag.py:3239} INFO - Sync 1 DAGs
[2024-11-21T11:50:39.382+0000] {logging_mixin.py:190} INFO - [2024-11-21T11:50:39.382+0000] {dag.py:4180} INFO - Setting next_dagrun for example_dag_decorator to None, run_after=None
[2024-11-21T11:50:39.395+0000] {processor.py:208} INFO - Processing /home/airflow/.local/lib/python3.11/site-packages/airflow/example_dags/example_dag_decorator.py took 0.394 seconds
[2024-11-21T11:51:09.717+0000] {processor.py:186} INFO - Started process (PID=332) to work on /home/airflow/.local/lib/python3.11/site-packages/airflow/example_dags/example_dag_decorator.py
[2024-11-21T11:51:09.719+0000] {processor.py:914} INFO - Processing file /home/airflow/.local/lib/python3.11/site-packages/airflow/example_dags/example_dag_decorator.py for tasks to queue
[2024-11-21T11:51:09.725+0000] {logging_mixin.py:190} INFO - [2024-11-21T11:51:09.724+0000] {dagbag.py:588} INFO - Filling up the DagBag from /home/airflow/.local/lib/python3.11/site-packages/airflow/example_dags/example_dag_decorator.py
[2024-11-21T11:51:09.762+0000] {processor.py:925} INFO - DAG(s) 'example_dag_decorator' retrieved from /home/airflow/.local/lib/python3.11/site-packages/airflow/example_dags/example_dag_decorator.py
[2024-11-21T11:51:10.187+0000] {logging_mixin.py:190} INFO - [2024-11-21T11:51:10.186+0000] {dag.py:3239} INFO - Sync 1 DAGs
[2024-11-21T11:51:10.194+0000] {logging_mixin.py:190} INFO - [2024-11-21T11:51:10.194+0000] {dag.py:4180} INFO - Setting next_dagrun for example_dag_decorator to None, run_after=None
[2024-11-21T11:51:10.210+0000] {processor.py:208} INFO - Processing /home/airflow/.local/lib/python3.11/site-packages/airflow/example_dags/example_dag_decorator.py took 0.508 seconds
[2024-11-21T11:51:40.605+0000] {processor.py:186} INFO - Started process (PID=396) to work on /home/airflow/.local/lib/python3.11/site-packages/airflow/example_dags/example_dag_decorator.py
[2024-11-21T11:51:40.609+0000] {processor.py:914} INFO - Processing file /home/airflow/.local/lib/python3.11/site-packages/airflow/example_dags/example_dag_decorator.py for tasks to queue
[2024-11-21T11:51:40.614+0000] {logging_mixin.py:190} INFO - [2024-11-21T11:51:40.614+0000] {dagbag.py:588} INFO - Filling up the DagBag from /home/airflow/.local/lib/python3.11/site-packages/airflow/example_dags/example_dag_decorator.py
[2024-11-21T11:51:40.631+0000] {processor.py:925} INFO - DAG(s) 'example_dag_decorator' retrieved from /home/airflow/.local/lib/python3.11/site-packages/airflow/example_dags/example_dag_decorator.py
[2024-11-21T11:51:40.766+0000] {logging_mixin.py:190} INFO - [2024-11-21T11:51:40.765+0000] {dag.py:3239} INFO - Sync 1 DAGs
[2024-11-21T11:51:40.772+0000] {logging_mixin.py:190} INFO - [2024-11-21T11:51:40.772+0000] {dag.py:4180} INFO - Setting next_dagrun for example_dag_decorator to None, run_after=None
[2024-11-21T11:51:40.786+0000] {processor.py:208} INFO - Processing /home/airflow/.local/lib/python3.11/site-packages/airflow/example_dags/example_dag_decorator.py took 0.197 seconds
[2024-11-21T11:52:10.804+0000] {processor.py:186} INFO - Started process (PID=460) to work on /home/airflow/.local/lib/python3.11/site-packages/airflow/example_dags/example_dag_decorator.py
[2024-11-21T11:52:10.805+0000] {processor.py:914} INFO - Processing file /home/airflow/.local/lib/python3.11/site-packages/airflow/example_dags/example_dag_decorator.py for tasks to queue
[2024-11-21T11:52:10.807+0000] {logging_mixin.py:190} INFO - [2024-11-21T11:52:10.807+0000] {dagbag.py:588} INFO - Filling up the DagBag from /home/airflow/.local/lib/python3.11/site-packages/airflow/example_dags/example_dag_decorator.py
[2024-11-21T11:52:10.818+0000] {processor.py:925} INFO - DAG(s) 'example_dag_decorator' retrieved from /home/airflow/.local/lib/python3.11/site-packages/airflow/example_dags/example_dag_decorator.py
[2024-11-21T11:52:10.913+0000] {logging_mixin.py:190} INFO - [2024-11-21T11:52:10.913+0000] {dag.py:3239} INFO - Sync 1 DAGs
[2024-11-21T11:52:10.922+0000] {logging_mixin.py:190} INFO - [2024-11-21T11:52:10.922+0000] {dag.py:4180} INFO - Setting next_dagrun for example_dag_decorator to None, run_after=None
[2024-11-21T11:52:10.934+0000] {processor.py:208} INFO - Processing /home/airflow/.local/lib/python3.11/site-packages/airflow/example_dags/example_dag_decorator.py took 0.135 seconds
[2024-11-21T11:52:41.602+0000] {processor.py:186} INFO - Started process (PID=524) to work on /home/airflow/.local/lib/python3.11/site-packages/airflow/example_dags/example_dag_decorator.py
[2024-11-21T11:52:41.610+0000] {processor.py:914} INFO - Processing file /home/airflow/.local/lib/python3.11/site-packages/airflow/example_dags/example_dag_decorator.py for tasks to queue
[2024-11-21T11:52:41.617+0000] {logging_mixin.py:190} INFO - [2024-11-21T11:52:41.616+0000] {dagbag.py:588} INFO - Filling up the DagBag from /home/airflow/.local/lib/python3.11/site-packages/airflow/example_dags/example_dag_decorator.py
[2024-11-21T11:52:41.633+0000] {processor.py:925} INFO - DAG(s) 'example_dag_decorator' retrieved from /home/airflow/.local/lib/python3.11/site-packages/airflow/example_dags/example_dag_decorator.py
[2024-11-21T11:52:41.735+0000] {logging_mixin.py:190} INFO - [2024-11-21T11:52:41.735+0000] {dag.py:3239} INFO - Sync 1 DAGs
[2024-11-21T11:52:41.742+0000] {logging_mixin.py:190} INFO - [2024-11-21T11:52:41.742+0000] {dag.py:4180} INFO - Setting next_dagrun for example_dag_decorator to None, run_after=None
[2024-11-21T11:52:41.751+0000] {processor.py:208} INFO - Processing /home/airflow/.local/lib/python3.11/site-packages/airflow/example_dags/example_dag_decorator.py took 0.160 seconds
[2024-11-21T11:53:12.380+0000] {processor.py:186} INFO - Started process (PID=594) to work on /home/airflow/.local/lib/python3.11/site-packages/airflow/example_dags/example_dag_decorator.py
[2024-11-21T11:53:12.385+0000] {processor.py:914} INFO - Processing file /home/airflow/.local/lib/python3.11/site-packages/airflow/example_dags/example_dag_decorator.py for tasks to queue
[2024-11-21T11:53:12.396+0000] {logging_mixin.py:190} INFO - [2024-11-21T11:53:12.396+0000] {dagbag.py:588} INFO - Filling up the DagBag from /home/airflow/.local/lib/python3.11/site-packages/airflow/example_dags/example_dag_decorator.py
[2024-11-21T11:53:12.418+0000] {processor.py:925} INFO - DAG(s) 'example_dag_decorator' retrieved from /home/airflow/.local/lib/python3.11/site-packages/airflow/example_dags/example_dag_decorator.py
[2024-11-21T11:53:12.532+0000] {logging_mixin.py:190} INFO - [2024-11-21T11:53:12.532+0000] {dag.py:3239} INFO - Sync 1 DAGs
[2024-11-21T11:53:12.540+0000] {logging_mixin.py:190} INFO - [2024-11-21T11:53:12.540+0000] {dag.py:4180} INFO - Setting next_dagrun for example_dag_decorator to None, run_after=None
[2024-11-21T11:53:12.551+0000] {processor.py:208} INFO - Processing /home/airflow/.local/lib/python3.11/site-packages/airflow/example_dags/example_dag_decorator.py took 0.183 seconds
[2024-11-21T11:53:43.175+0000] {processor.py:186} INFO - Started process (PID=659) to work on /home/airflow/.local/lib/python3.11/site-packages/airflow/example_dags/example_dag_decorator.py
[2024-11-21T11:53:43.176+0000] {processor.py:914} INFO - Processing file /home/airflow/.local/lib/python3.11/site-packages/airflow/example_dags/example_dag_decorator.py for tasks to queue
[2024-11-21T11:53:43.178+0000] {logging_mixin.py:190} INFO - [2024-11-21T11:53:43.178+0000] {dagbag.py:588} INFO - Filling up the DagBag from /home/airflow/.local/lib/python3.11/site-packages/airflow/example_dags/example_dag_decorator.py
[2024-11-21T11:53:43.191+0000] {processor.py:925} INFO - DAG(s) 'example_dag_decorator' retrieved from /home/airflow/.local/lib/python3.11/site-packages/airflow/example_dags/example_dag_decorator.py
[2024-11-21T11:53:43.305+0000] {logging_mixin.py:190} INFO - [2024-11-21T11:53:43.304+0000] {dag.py:3239} INFO - Sync 1 DAGs
[2024-11-21T11:53:43.313+0000] {logging_mixin.py:190} INFO - [2024-11-21T11:53:43.313+0000] {dag.py:4180} INFO - Setting next_dagrun for example_dag_decorator to None, run_after=None
[2024-11-21T11:53:43.325+0000] {processor.py:208} INFO - Processing /home/airflow/.local/lib/python3.11/site-packages/airflow/example_dags/example_dag_decorator.py took 0.154 seconds
[2024-11-21T11:54:24.809+0000] {processor.py:186} INFO - Started process (PID=725) to work on /home/airflow/.local/lib/python3.11/site-packages/airflow/example_dags/example_dag_decorator.py
[2024-11-21T11:54:24.815+0000] {processor.py:914} INFO - Processing file /home/airflow/.local/lib/python3.11/site-packages/airflow/example_dags/example_dag_decorator.py for tasks to queue
[2024-11-21T11:54:24.829+0000] {logging_mixin.py:190} INFO - [2024-11-21T11:54:24.828+0000] {dagbag.py:588} INFO - Filling up the DagBag from /home/airflow/.local/lib/python3.11/site-packages/airflow/example_dags/example_dag_decorator.py
[2024-11-21T11:54:24.859+0000] {processor.py:925} INFO - DAG(s) 'example_dag_decorator' retrieved from /home/airflow/.local/lib/python3.11/site-packages/airflow/example_dags/example_dag_decorator.py
[2024-11-21T11:54:25.222+0000] {logging_mixin.py:190} INFO - [2024-11-21T11:54:25.220+0000] {dag.py:3239} INFO - Sync 1 DAGs
[2024-11-21T11:54:25.266+0000] {logging_mixin.py:190} INFO - [2024-11-21T11:54:25.266+0000] {dag.py:4180} INFO - Setting next_dagrun for example_dag_decorator to None, run_after=None
[2024-11-21T11:54:25.313+0000] {processor.py:208} INFO - Processing /home/airflow/.local/lib/python3.11/site-packages/airflow/example_dags/example_dag_decorator.py took 0.517 seconds
[2024-11-21T11:55:19.908+0000] {processor.py:186} INFO - Started process (PID=798) to work on /home/airflow/.local/lib/python3.11/site-packages/airflow/example_dags/example_dag_decorator.py
[2024-11-21T11:55:19.910+0000] {processor.py:914} INFO - Processing file /home/airflow/.local/lib/python3.11/site-packages/airflow/example_dags/example_dag_decorator.py for tasks to queue
[2024-11-21T11:55:19.916+0000] {logging_mixin.py:190} INFO - [2024-11-21T11:55:19.916+0000] {dagbag.py:588} INFO - Filling up the DagBag from /home/airflow/.local/lib/python3.11/site-packages/airflow/example_dags/example_dag_decorator.py
[2024-11-21T11:55:19.976+0000] {processor.py:925} INFO - DAG(s) 'example_dag_decorator' retrieved from /home/airflow/.local/lib/python3.11/site-packages/airflow/example_dags/example_dag_decorator.py
[2024-11-21T11:55:21.026+0000] {logging_mixin.py:190} INFO - [2024-11-21T11:55:21.023+0000] {dag.py:3239} INFO - Sync 1 DAGs
[2024-11-21T11:55:21.117+0000] {logging_mixin.py:190} INFO - [2024-11-21T11:55:21.116+0000] {dag.py:4180} INFO - Setting next_dagrun for example_dag_decorator to None, run_after=None
[2024-11-21T11:55:21.266+0000] {processor.py:208} INFO - Processing /home/airflow/.local/lib/python3.11/site-packages/airflow/example_dags/example_dag_decorator.py took 1.379 seconds
[2024-11-21T11:56:15.342+0000] {processor.py:186} INFO - Started process (PID=868) to work on /home/airflow/.local/lib/python3.11/site-packages/airflow/example_dags/example_dag_decorator.py
[2024-11-21T11:56:15.353+0000] {processor.py:914} INFO - Processing file /home/airflow/.local/lib/python3.11/site-packages/airflow/example_dags/example_dag_decorator.py for tasks to queue
[2024-11-21T11:56:15.390+0000] {logging_mixin.py:190} INFO - [2024-11-21T11:56:15.381+0000] {dagbag.py:588} INFO - Filling up the DagBag from /home/airflow/.local/lib/python3.11/site-packages/airflow/example_dags/example_dag_decorator.py
[2024-11-21T11:56:15.512+0000] {processor.py:925} INFO - DAG(s) 'example_dag_decorator' retrieved from /home/airflow/.local/lib/python3.11/site-packages/airflow/example_dags/example_dag_decorator.py
[2024-11-21T11:56:16.224+0000] {logging_mixin.py:190} INFO - [2024-11-21T11:56:16.217+0000] {dag.py:3239} INFO - Sync 1 DAGs
[2024-11-21T11:56:16.349+0000] {logging_mixin.py:190} INFO - [2024-11-21T11:56:16.349+0000] {dag.py:4180} INFO - Setting next_dagrun for example_dag_decorator to None, run_after=None
[2024-11-21T11:56:16.470+0000] {processor.py:208} INFO - Processing /home/airflow/.local/lib/python3.11/site-packages/airflow/example_dags/example_dag_decorator.py took 1.261 seconds
[2024-11-21T11:56:46.553+0000] {processor.py:186} INFO - Started process (PID=933) to work on /home/airflow/.local/lib/python3.11/site-packages/airflow/example_dags/example_dag_decorator.py
[2024-11-21T11:56:46.554+0000] {processor.py:914} INFO - Processing file /home/airflow/.local/lib/python3.11/site-packages/airflow/example_dags/example_dag_decorator.py for tasks to queue
[2024-11-21T11:56:46.556+0000] {logging_mixin.py:190} INFO - [2024-11-21T11:56:46.555+0000] {dagbag.py:588} INFO - Filling up the DagBag from /home/airflow/.local/lib/python3.11/site-packages/airflow/example_dags/example_dag_decorator.py
[2024-11-21T11:56:46.566+0000] {processor.py:925} INFO - DAG(s) 'example_dag_decorator' retrieved from /home/airflow/.local/lib/python3.11/site-packages/airflow/example_dags/example_dag_decorator.py
[2024-11-21T11:56:46.719+0000] {logging_mixin.py:190} INFO - [2024-11-21T11:56:46.718+0000] {dag.py:3239} INFO - Sync 1 DAGs
[2024-11-21T11:56:46.731+0000] {logging_mixin.py:190} INFO - [2024-11-21T11:56:46.731+0000] {dag.py:4180} INFO - Setting next_dagrun for example_dag_decorator to None, run_after=None
[2024-11-21T11:56:46.755+0000] {processor.py:208} INFO - Processing /home/airflow/.local/lib/python3.11/site-packages/airflow/example_dags/example_dag_decorator.py took 0.207 seconds
[2024-11-21T11:57:17.622+0000] {processor.py:186} INFO - Started process (PID=998) to work on /home/airflow/.local/lib/python3.11/site-packages/airflow/example_dags/example_dag_decorator.py
[2024-11-21T11:57:17.623+0000] {processor.py:914} INFO - Processing file /home/airflow/.local/lib/python3.11/site-packages/airflow/example_dags/example_dag_decorator.py for tasks to queue
[2024-11-21T11:57:17.627+0000] {logging_mixin.py:190} INFO - [2024-11-21T11:57:17.626+0000] {dagbag.py:588} INFO - Filling up the DagBag from /home/airflow/.local/lib/python3.11/site-packages/airflow/example_dags/example_dag_decorator.py
[2024-11-21T11:57:17.636+0000] {processor.py:925} INFO - DAG(s) 'example_dag_decorator' retrieved from /home/airflow/.local/lib/python3.11/site-packages/airflow/example_dags/example_dag_decorator.py
[2024-11-21T11:57:17.649+0000] {logging_mixin.py:190} INFO - [2024-11-21T11:57:17.649+0000] {dag.py:3239} INFO - Sync 1 DAGs
[2024-11-21T11:57:17.657+0000] {logging_mixin.py:190} INFO - [2024-11-21T11:57:17.656+0000] {dag.py:4180} INFO - Setting next_dagrun for example_dag_decorator to None, run_after=None
[2024-11-21T11:57:17.677+0000] {processor.py:208} INFO - Processing /home/airflow/.local/lib/python3.11/site-packages/airflow/example_dags/example_dag_decorator.py took 0.060 seconds
[2024-11-21T11:57:47.781+0000] {processor.py:186} INFO - Started process (PID=1062) to work on /home/airflow/.local/lib/python3.11/site-packages/airflow/example_dags/example_dag_decorator.py
[2024-11-21T11:57:47.783+0000] {processor.py:914} INFO - Processing file /home/airflow/.local/lib/python3.11/site-packages/airflow/example_dags/example_dag_decorator.py for tasks to queue
[2024-11-21T11:57:47.786+0000] {logging_mixin.py:190} INFO - [2024-11-21T11:57:47.785+0000] {dagbag.py:588} INFO - Filling up the DagBag from /home/airflow/.local/lib/python3.11/site-packages/airflow/example_dags/example_dag_decorator.py
[2024-11-21T11:57:47.800+0000] {processor.py:925} INFO - DAG(s) 'example_dag_decorator' retrieved from /home/airflow/.local/lib/python3.11/site-packages/airflow/example_dags/example_dag_decorator.py
[2024-11-21T11:57:47.880+0000] {logging_mixin.py:190} INFO - [2024-11-21T11:57:47.880+0000] {dag.py:3239} INFO - Sync 1 DAGs
[2024-11-21T11:57:47.886+0000] {logging_mixin.py:190} INFO - [2024-11-21T11:57:47.886+0000] {dag.py:4180} INFO - Setting next_dagrun for example_dag_decorator to None, run_after=None
[2024-11-21T11:57:47.894+0000] {processor.py:208} INFO - Processing /home/airflow/.local/lib/python3.11/site-packages/airflow/example_dags/example_dag_decorator.py took 0.122 seconds
[2024-11-21T11:58:18.520+0000] {processor.py:186} INFO - Started process (PID=1126) to work on /home/airflow/.local/lib/python3.11/site-packages/airflow/example_dags/example_dag_decorator.py
[2024-11-21T11:58:18.523+0000] {processor.py:914} INFO - Processing file /home/airflow/.local/lib/python3.11/site-packages/airflow/example_dags/example_dag_decorator.py for tasks to queue
[2024-11-21T11:58:18.525+0000] {logging_mixin.py:190} INFO - [2024-11-21T11:58:18.525+0000] {dagbag.py:588} INFO - Filling up the DagBag from /home/airflow/.local/lib/python3.11/site-packages/airflow/example_dags/example_dag_decorator.py
[2024-11-21T11:58:18.539+0000] {processor.py:925} INFO - DAG(s) 'example_dag_decorator' retrieved from /home/airflow/.local/lib/python3.11/site-packages/airflow/example_dags/example_dag_decorator.py
[2024-11-21T11:58:18.556+0000] {logging_mixin.py:190} INFO - [2024-11-21T11:58:18.556+0000] {dag.py:3239} INFO - Sync 1 DAGs
[2024-11-21T11:58:18.565+0000] {logging_mixin.py:190} INFO - [2024-11-21T11:58:18.565+0000] {dag.py:4180} INFO - Setting next_dagrun for example_dag_decorator to None, run_after=None
[2024-11-21T11:58:18.573+0000] {processor.py:208} INFO - Processing /home/airflow/.local/lib/python3.11/site-packages/airflow/example_dags/example_dag_decorator.py took 0.061 seconds
[2024-11-21T11:58:49.105+0000] {processor.py:186} INFO - Started process (PID=1190) to work on /home/airflow/.local/lib/python3.11/site-packages/airflow/example_dags/example_dag_decorator.py
[2024-11-21T11:58:49.107+0000] {processor.py:914} INFO - Processing file /home/airflow/.local/lib/python3.11/site-packages/airflow/example_dags/example_dag_decorator.py for tasks to queue
[2024-11-21T11:58:49.111+0000] {logging_mixin.py:190} INFO - [2024-11-21T11:58:49.110+0000] {dagbag.py:588} INFO - Filling up the DagBag from /home/airflow/.local/lib/python3.11/site-packages/airflow/example_dags/example_dag_decorator.py
[2024-11-21T11:58:49.125+0000] {processor.py:925} INFO - DAG(s) 'example_dag_decorator' retrieved from /home/airflow/.local/lib/python3.11/site-packages/airflow/example_dags/example_dag_decorator.py
[2024-11-21T11:58:49.194+0000] {logging_mixin.py:190} INFO - [2024-11-21T11:58:49.194+0000] {dag.py:3239} INFO - Sync 1 DAGs
[2024-11-21T11:58:49.202+0000] {logging_mixin.py:190} INFO - [2024-11-21T11:58:49.202+0000] {dag.py:4180} INFO - Setting next_dagrun for example_dag_decorator to None, run_after=None
[2024-11-21T11:58:49.210+0000] {processor.py:208} INFO - Processing /home/airflow/.local/lib/python3.11/site-packages/airflow/example_dags/example_dag_decorator.py took 0.114 seconds
[2024-11-21T11:59:19.886+0000] {processor.py:186} INFO - Started process (PID=1254) to work on /home/airflow/.local/lib/python3.11/site-packages/airflow/example_dags/example_dag_decorator.py
[2024-11-21T11:59:19.889+0000] {processor.py:914} INFO - Processing file /home/airflow/.local/lib/python3.11/site-packages/airflow/example_dags/example_dag_decorator.py for tasks to queue
[2024-11-21T11:59:19.895+0000] {logging_mixin.py:190} INFO - [2024-11-21T11:59:19.894+0000] {dagbag.py:588} INFO - Filling up the DagBag from /home/airflow/.local/lib/python3.11/site-packages/airflow/example_dags/example_dag_decorator.py
[2024-11-21T11:59:19.911+0000] {processor.py:925} INFO - DAG(s) 'example_dag_decorator' retrieved from /home/airflow/.local/lib/python3.11/site-packages/airflow/example_dags/example_dag_decorator.py
[2024-11-21T11:59:19.980+0000] {logging_mixin.py:190} INFO - [2024-11-21T11:59:19.980+0000] {dag.py:3239} INFO - Sync 1 DAGs
[2024-11-21T11:59:19.989+0000] {logging_mixin.py:190} INFO - [2024-11-21T11:59:19.989+0000] {dag.py:4180} INFO - Setting next_dagrun for example_dag_decorator to None, run_after=None
[2024-11-21T11:59:20.001+0000] {processor.py:208} INFO - Processing /home/airflow/.local/lib/python3.11/site-packages/airflow/example_dags/example_dag_decorator.py took 0.125 seconds
[2024-11-21T11:59:50.714+0000] {processor.py:186} INFO - Started process (PID=1318) to work on /home/airflow/.local/lib/python3.11/site-packages/airflow/example_dags/example_dag_decorator.py
[2024-11-21T11:59:50.715+0000] {processor.py:914} INFO - Processing file /home/airflow/.local/lib/python3.11/site-packages/airflow/example_dags/example_dag_decorator.py for tasks to queue
[2024-11-21T11:59:50.719+0000] {logging_mixin.py:190} INFO - [2024-11-21T11:59:50.718+0000] {dagbag.py:588} INFO - Filling up the DagBag from /home/airflow/.local/lib/python3.11/site-packages/airflow/example_dags/example_dag_decorator.py
[2024-11-21T11:59:50.733+0000] {processor.py:925} INFO - DAG(s) 'example_dag_decorator' retrieved from /home/airflow/.local/lib/python3.11/site-packages/airflow/example_dags/example_dag_decorator.py
[2024-11-21T11:59:50.822+0000] {logging_mixin.py:190} INFO - [2024-11-21T11:59:50.822+0000] {dag.py:3239} INFO - Sync 1 DAGs
[2024-11-21T11:59:50.833+0000] {logging_mixin.py:190} INFO - [2024-11-21T11:59:50.833+0000] {dag.py:4180} INFO - Setting next_dagrun for example_dag_decorator to None, run_after=None
[2024-11-21T11:59:50.844+0000] {processor.py:208} INFO - Processing /home/airflow/.local/lib/python3.11/site-packages/airflow/example_dags/example_dag_decorator.py took 0.138 seconds
[2024-11-21T12:02:10.966+0000] {processor.py:186} INFO - Started process (PID=1408) to work on /home/airflow/.local/lib/python3.11/site-packages/airflow/example_dags/example_dag_decorator.py
[2024-11-21T12:02:10.976+0000] {processor.py:914} INFO - Processing file /home/airflow/.local/lib/python3.11/site-packages/airflow/example_dags/example_dag_decorator.py for tasks to queue
[2024-11-21T12:02:11.003+0000] {logging_mixin.py:190} INFO - [2024-11-21T12:02:11.000+0000] {dagbag.py:588} INFO - Filling up the DagBag from /home/airflow/.local/lib/python3.11/site-packages/airflow/example_dags/example_dag_decorator.py
[2024-11-21T12:02:11.141+0000] {processor.py:925} INFO - DAG(s) 'example_dag_decorator' retrieved from /home/airflow/.local/lib/python3.11/site-packages/airflow/example_dags/example_dag_decorator.py
[2024-11-21T12:04:06.674+0000] {processor.py:186} INFO - Started process (PID=1480) to work on /home/airflow/.local/lib/python3.11/site-packages/airflow/example_dags/example_dag_decorator.py
[2024-11-21T12:04:06.676+0000] {processor.py:914} INFO - Processing file /home/airflow/.local/lib/python3.11/site-packages/airflow/example_dags/example_dag_decorator.py for tasks to queue
[2024-11-21T12:04:06.679+0000] {logging_mixin.py:190} INFO - [2024-11-21T12:04:06.679+0000] {dagbag.py:588} INFO - Filling up the DagBag from /home/airflow/.local/lib/python3.11/site-packages/airflow/example_dags/example_dag_decorator.py
[2024-11-21T12:04:06.711+0000] {processor.py:925} INFO - DAG(s) 'example_dag_decorator' retrieved from /home/airflow/.local/lib/python3.11/site-packages/airflow/example_dags/example_dag_decorator.py
[2024-11-21T12:26:12.909+0000] {logging_mixin.py:190} INFO - [2024-11-21T12:04:07.120+0000] {dag.py:3239} INFO - Sync 1 DAGs
[2024-11-21T12:26:12.946+0000] {logging_mixin.py:190} INFO - [2024-11-21T12:26:12.946+0000] {dag.py:4180} INFO - Setting next_dagrun for example_dag_decorator to None, run_after=None
[2024-11-21T12:26:12.997+0000] {processor.py:208} INFO - Processing /home/airflow/.local/lib/python3.11/site-packages/airflow/example_dags/example_dag_decorator.py took 0.548 seconds
[2024-11-21T12:43:12.397+0000] {processor.py:186} INFO - Started process (PID=1572) to work on /home/airflow/.local/lib/python3.11/site-packages/airflow/example_dags/example_dag_decorator.py
[2024-11-21T12:43:12.398+0000] {processor.py:914} INFO - Processing file /home/airflow/.local/lib/python3.11/site-packages/airflow/example_dags/example_dag_decorator.py for tasks to queue
[2024-11-21T12:43:12.401+0000] {logging_mixin.py:190} INFO - [2024-11-21T12:43:12.400+0000] {dagbag.py:588} INFO - Filling up the DagBag from /home/airflow/.local/lib/python3.11/site-packages/airflow/example_dags/example_dag_decorator.py
[2024-11-21T12:43:12.422+0000] {processor.py:925} INFO - DAG(s) 'example_dag_decorator' retrieved from /home/airflow/.local/lib/python3.11/site-packages/airflow/example_dags/example_dag_decorator.py
[2024-11-21T12:43:12.632+0000] {logging_mixin.py:190} INFO - [2024-11-21T12:43:12.632+0000] {dag.py:3239} INFO - Sync 1 DAGs
[2024-11-21T12:43:12.646+0000] {logging_mixin.py:190} INFO - [2024-11-21T12:43:12.646+0000] {dag.py:4180} INFO - Setting next_dagrun for example_dag_decorator to None, run_after=None
[2024-11-21T12:43:12.681+0000] {processor.py:208} INFO - Processing /home/airflow/.local/lib/python3.11/site-packages/airflow/example_dags/example_dag_decorator.py took 0.290 seconds
[2024-11-21T13:02:05.271+0000] {processor.py:186} INFO - Started process (PID=1631) to work on /home/airflow/.local/lib/python3.11/site-packages/airflow/example_dags/example_dag_decorator.py
[2024-11-21T13:02:05.284+0000] {processor.py:914} INFO - Processing file /home/airflow/.local/lib/python3.11/site-packages/airflow/example_dags/example_dag_decorator.py for tasks to queue
[2024-11-21T13:02:05.291+0000] {logging_mixin.py:190} INFO - [2024-11-21T13:02:05.288+0000] {dagbag.py:588} INFO - Filling up the DagBag from /home/airflow/.local/lib/python3.11/site-packages/airflow/example_dags/example_dag_decorator.py
[2024-11-21T13:02:05.436+0000] {processor.py:925} INFO - DAG(s) 'example_dag_decorator' retrieved from /home/airflow/.local/lib/python3.11/site-packages/airflow/example_dags/example_dag_decorator.py
[2024-11-21T13:14:54.372+0000] {logging_mixin.py:190} INFO - [2024-11-21T13:14:54.366+0000] {dag.py:3239} INFO - Sync 1 DAGs
[2024-11-21T13:14:54.579+0000] {logging_mixin.py:190} INFO - [2024-11-21T13:14:54.565+0000] {dag.py:4180} INFO - Setting next_dagrun for example_dag_decorator to None, run_after=None
[2024-11-21T13:14:54.710+0000] {processor.py:208} INFO - Processing /home/airflow/.local/lib/python3.11/site-packages/airflow/example_dags/example_dag_decorator.py took 4.105 seconds
[2024-11-21T14:01:27.161+0000] {processor.py:186} INFO - Started process (PID=1742) to work on /home/airflow/.local/lib/python3.11/site-packages/airflow/example_dags/example_dag_decorator.py
[2024-11-21T14:01:27.173+0000] {processor.py:914} INFO - Processing file /home/airflow/.local/lib/python3.11/site-packages/airflow/example_dags/example_dag_decorator.py for tasks to queue
[2024-11-21T14:01:27.190+0000] {logging_mixin.py:190} INFO - [2024-11-21T14:01:27.184+0000] {dagbag.py:588} INFO - Filling up the DagBag from /home/airflow/.local/lib/python3.11/site-packages/airflow/example_dags/example_dag_decorator.py
[2024-11-21T14:01:27.294+0000] {processor.py:925} INFO - DAG(s) 'example_dag_decorator' retrieved from /home/airflow/.local/lib/python3.11/site-packages/airflow/example_dags/example_dag_decorator.py
[2024-11-21T14:01:28.309+0000] {logging_mixin.py:190} INFO - [2024-11-21T14:01:28.307+0000] {dag.py:3239} INFO - Sync 1 DAGs
[2024-11-21T14:01:28.351+0000] {logging_mixin.py:190} INFO - [2024-11-21T14:01:28.350+0000] {dag.py:4180} INFO - Setting next_dagrun for example_dag_decorator to None, run_after=None
[2024-11-21T14:01:28.416+0000] {processor.py:208} INFO - Processing /home/airflow/.local/lib/python3.11/site-packages/airflow/example_dags/example_dag_decorator.py took 1.296 seconds
