[2024-10-31T11:32:38.123+0000] {processor.py:186} INFO - Started process (PID=66) to work on /home/airflow/.local/lib/python3.11/site-packages/airflow/example_dags/example_sensors.py
[2024-10-31T11:32:38.124+0000] {processor.py:914} INFO - Processing file /home/airflow/.local/lib/python3.11/site-packages/airflow/example_dags/example_sensors.py for tasks to queue
[2024-10-31T11:32:38.125+0000] {logging_mixin.py:190} INFO - [2024-10-31T11:32:38.125+0000] {dagbag.py:588} INFO - Filling up the DagBag from /home/airflow/.local/lib/python3.11/site-packages/airflow/example_dags/example_sensors.py
[2024-10-31T11:32:38.130+0000] {processor.py:925} INFO - DAG(s) 'example_sensors' retrieved from /home/airflow/.local/lib/python3.11/site-packages/airflow/example_dags/example_sensors.py
[2024-10-31T11:32:38.145+0000] {logging_mixin.py:190} INFO - [2024-10-31T11:32:38.145+0000] {dag.py:3239} INFO - Sync 1 DAGs
[2024-10-31T11:32:38.151+0000] {logging_mixin.py:190} INFO - [2024-10-31T11:32:38.151+0000] {dag.py:4180} INFO - Setting next_dagrun for example_sensors to None, run_after=None
[2024-10-31T11:32:38.158+0000] {processor.py:208} INFO - Processing /home/airflow/.local/lib/python3.11/site-packages/airflow/example_dags/example_sensors.py took 0.038 seconds
[2024-10-31T11:33:08.939+0000] {processor.py:186} INFO - Started process (PID=129) to work on /home/airflow/.local/lib/python3.11/site-packages/airflow/example_dags/example_sensors.py
[2024-10-31T11:33:08.940+0000] {processor.py:914} INFO - Processing file /home/airflow/.local/lib/python3.11/site-packages/airflow/example_dags/example_sensors.py for tasks to queue
[2024-10-31T11:33:08.941+0000] {logging_mixin.py:190} INFO - [2024-10-31T11:33:08.941+0000] {dagbag.py:588} INFO - Filling up the DagBag from /home/airflow/.local/lib/python3.11/site-packages/airflow/example_dags/example_sensors.py
[2024-10-31T11:33:08.950+0000] {processor.py:925} INFO - DAG(s) 'example_sensors' retrieved from /home/airflow/.local/lib/python3.11/site-packages/airflow/example_dags/example_sensors.py
[2024-10-31T11:33:08.965+0000] {logging_mixin.py:190} INFO - [2024-10-31T11:33:08.965+0000] {dag.py:3239} INFO - Sync 1 DAGs
[2024-10-31T11:33:08.974+0000] {logging_mixin.py:190} INFO - [2024-10-31T11:33:08.974+0000] {dag.py:4180} INFO - Setting next_dagrun for example_sensors to None, run_after=None
[2024-10-31T11:33:08.987+0000] {processor.py:208} INFO - Processing /home/airflow/.local/lib/python3.11/site-packages/airflow/example_dags/example_sensors.py took 0.052 seconds
[2024-10-31T11:33:39.051+0000] {processor.py:186} INFO - Started process (PID=191) to work on /home/airflow/.local/lib/python3.11/site-packages/airflow/example_dags/example_sensors.py
[2024-10-31T11:33:39.052+0000] {processor.py:914} INFO - Processing file /home/airflow/.local/lib/python3.11/site-packages/airflow/example_dags/example_sensors.py for tasks to queue
[2024-10-31T11:33:39.053+0000] {logging_mixin.py:190} INFO - [2024-10-31T11:33:39.053+0000] {dagbag.py:588} INFO - Filling up the DagBag from /home/airflow/.local/lib/python3.11/site-packages/airflow/example_dags/example_sensors.py
[2024-10-31T11:33:39.058+0000] {processor.py:925} INFO - DAG(s) 'example_sensors' retrieved from /home/airflow/.local/lib/python3.11/site-packages/airflow/example_dags/example_sensors.py
[2024-10-31T11:33:39.070+0000] {logging_mixin.py:190} INFO - [2024-10-31T11:33:39.069+0000] {dag.py:3239} INFO - Sync 1 DAGs
[2024-10-31T11:33:39.076+0000] {logging_mixin.py:190} INFO - [2024-10-31T11:33:39.075+0000] {dag.py:4180} INFO - Setting next_dagrun for example_sensors to None, run_after=None
[2024-10-31T11:33:39.082+0000] {processor.py:208} INFO - Processing /home/airflow/.local/lib/python3.11/site-packages/airflow/example_dags/example_sensors.py took 0.034 seconds
[2024-10-31T11:34:09.538+0000] {processor.py:186} INFO - Started process (PID=255) to work on /home/airflow/.local/lib/python3.11/site-packages/airflow/example_dags/example_sensors.py
[2024-10-31T11:34:09.542+0000] {processor.py:914} INFO - Processing file /home/airflow/.local/lib/python3.11/site-packages/airflow/example_dags/example_sensors.py for tasks to queue
[2024-10-31T11:34:09.543+0000] {logging_mixin.py:190} INFO - [2024-10-31T11:34:09.543+0000] {dagbag.py:588} INFO - Filling up the DagBag from /home/airflow/.local/lib/python3.11/site-packages/airflow/example_dags/example_sensors.py
[2024-10-31T11:34:09.548+0000] {processor.py:925} INFO - DAG(s) 'example_sensors' retrieved from /home/airflow/.local/lib/python3.11/site-packages/airflow/example_dags/example_sensors.py
[2024-10-31T11:34:09.560+0000] {logging_mixin.py:190} INFO - [2024-10-31T11:34:09.560+0000] {dag.py:3239} INFO - Sync 1 DAGs
[2024-10-31T11:34:09.566+0000] {logging_mixin.py:190} INFO - [2024-10-31T11:34:09.566+0000] {dag.py:4180} INFO - Setting next_dagrun for example_sensors to None, run_after=None
[2024-10-31T11:34:09.573+0000] {processor.py:208} INFO - Processing /home/airflow/.local/lib/python3.11/site-packages/airflow/example_dags/example_sensors.py took 0.038 seconds
[2024-10-31T11:34:40.426+0000] {processor.py:186} INFO - Started process (PID=318) to work on /home/airflow/.local/lib/python3.11/site-packages/airflow/example_dags/example_sensors.py
[2024-10-31T11:34:40.427+0000] {processor.py:914} INFO - Processing file /home/airflow/.local/lib/python3.11/site-packages/airflow/example_dags/example_sensors.py for tasks to queue
[2024-10-31T11:34:40.430+0000] {logging_mixin.py:190} INFO - [2024-10-31T11:34:40.429+0000] {dagbag.py:588} INFO - Filling up the DagBag from /home/airflow/.local/lib/python3.11/site-packages/airflow/example_dags/example_sensors.py
[2024-10-31T11:34:40.583+0000] {processor.py:925} INFO - DAG(s) 'example_sensors' retrieved from /home/airflow/.local/lib/python3.11/site-packages/airflow/example_dags/example_sensors.py
[2024-10-31T11:34:40.596+0000] {logging_mixin.py:190} INFO - [2024-10-31T11:34:40.596+0000] {dag.py:3239} INFO - Sync 1 DAGs
[2024-10-31T11:34:40.602+0000] {logging_mixin.py:190} INFO - [2024-10-31T11:34:40.602+0000] {dag.py:4180} INFO - Setting next_dagrun for example_sensors to None, run_after=None
[2024-10-31T11:34:40.611+0000] {processor.py:208} INFO - Processing /home/airflow/.local/lib/python3.11/site-packages/airflow/example_dags/example_sensors.py took 0.191 seconds
[2024-10-31T11:35:10.917+0000] {processor.py:186} INFO - Started process (PID=381) to work on /home/airflow/.local/lib/python3.11/site-packages/airflow/example_dags/example_sensors.py
[2024-10-31T11:35:10.918+0000] {processor.py:914} INFO - Processing file /home/airflow/.local/lib/python3.11/site-packages/airflow/example_dags/example_sensors.py for tasks to queue
[2024-10-31T11:35:10.920+0000] {logging_mixin.py:190} INFO - [2024-10-31T11:35:10.920+0000] {dagbag.py:588} INFO - Filling up the DagBag from /home/airflow/.local/lib/python3.11/site-packages/airflow/example_dags/example_sensors.py
[2024-10-31T11:35:10.927+0000] {processor.py:925} INFO - DAG(s) 'example_sensors' retrieved from /home/airflow/.local/lib/python3.11/site-packages/airflow/example_dags/example_sensors.py
[2024-10-31T11:35:10.941+0000] {logging_mixin.py:190} INFO - [2024-10-31T11:35:10.941+0000] {dag.py:3239} INFO - Sync 1 DAGs
[2024-10-31T11:35:10.948+0000] {logging_mixin.py:190} INFO - [2024-10-31T11:35:10.947+0000] {dag.py:4180} INFO - Setting next_dagrun for example_sensors to None, run_after=None
[2024-10-31T11:35:10.956+0000] {processor.py:208} INFO - Processing /home/airflow/.local/lib/python3.11/site-packages/airflow/example_dags/example_sensors.py took 0.042 seconds
[2024-10-31T11:35:41.243+0000] {processor.py:186} INFO - Started process (PID=444) to work on /home/airflow/.local/lib/python3.11/site-packages/airflow/example_dags/example_sensors.py
[2024-10-31T11:35:41.244+0000] {processor.py:914} INFO - Processing file /home/airflow/.local/lib/python3.11/site-packages/airflow/example_dags/example_sensors.py for tasks to queue
[2024-10-31T11:35:41.246+0000] {logging_mixin.py:190} INFO - [2024-10-31T11:35:41.245+0000] {dagbag.py:588} INFO - Filling up the DagBag from /home/airflow/.local/lib/python3.11/site-packages/airflow/example_dags/example_sensors.py
[2024-10-31T11:35:41.252+0000] {processor.py:925} INFO - DAG(s) 'example_sensors' retrieved from /home/airflow/.local/lib/python3.11/site-packages/airflow/example_dags/example_sensors.py
[2024-10-31T11:35:41.265+0000] {logging_mixin.py:190} INFO - [2024-10-31T11:35:41.265+0000] {dag.py:3239} INFO - Sync 1 DAGs
[2024-10-31T11:35:41.274+0000] {logging_mixin.py:190} INFO - [2024-10-31T11:35:41.274+0000] {dag.py:4180} INFO - Setting next_dagrun for example_sensors to None, run_after=None
[2024-10-31T11:35:41.285+0000] {processor.py:208} INFO - Processing /home/airflow/.local/lib/python3.11/site-packages/airflow/example_dags/example_sensors.py took 0.046 seconds
[2024-10-31T11:36:11.979+0000] {processor.py:186} INFO - Started process (PID=507) to work on /home/airflow/.local/lib/python3.11/site-packages/airflow/example_dags/example_sensors.py
[2024-10-31T11:36:11.979+0000] {processor.py:914} INFO - Processing file /home/airflow/.local/lib/python3.11/site-packages/airflow/example_dags/example_sensors.py for tasks to queue
[2024-10-31T11:36:11.981+0000] {logging_mixin.py:190} INFO - [2024-10-31T11:36:11.981+0000] {dagbag.py:588} INFO - Filling up the DagBag from /home/airflow/.local/lib/python3.11/site-packages/airflow/example_dags/example_sensors.py
[2024-10-31T11:36:11.987+0000] {processor.py:925} INFO - DAG(s) 'example_sensors' retrieved from /home/airflow/.local/lib/python3.11/site-packages/airflow/example_dags/example_sensors.py
[2024-10-31T11:36:12.007+0000] {logging_mixin.py:190} INFO - [2024-10-31T11:36:12.007+0000] {dag.py:3239} INFO - Sync 1 DAGs
[2024-10-31T11:36:12.018+0000] {logging_mixin.py:190} INFO - [2024-10-31T11:36:12.018+0000] {dag.py:4180} INFO - Setting next_dagrun for example_sensors to None, run_after=None
[2024-10-31T11:36:12.031+0000] {processor.py:208} INFO - Processing /home/airflow/.local/lib/python3.11/site-packages/airflow/example_dags/example_sensors.py took 0.055 seconds
[2024-10-31T11:36:42.956+0000] {processor.py:186} INFO - Started process (PID=571) to work on /home/airflow/.local/lib/python3.11/site-packages/airflow/example_dags/example_sensors.py
[2024-10-31T11:36:42.956+0000] {processor.py:914} INFO - Processing file /home/airflow/.local/lib/python3.11/site-packages/airflow/example_dags/example_sensors.py for tasks to queue
[2024-10-31T11:36:42.958+0000] {logging_mixin.py:190} INFO - [2024-10-31T11:36:42.958+0000] {dagbag.py:588} INFO - Filling up the DagBag from /home/airflow/.local/lib/python3.11/site-packages/airflow/example_dags/example_sensors.py
[2024-10-31T11:36:42.964+0000] {processor.py:925} INFO - DAG(s) 'example_sensors' retrieved from /home/airflow/.local/lib/python3.11/site-packages/airflow/example_dags/example_sensors.py
[2024-10-31T11:36:42.979+0000] {logging_mixin.py:190} INFO - [2024-10-31T11:36:42.978+0000] {dag.py:3239} INFO - Sync 1 DAGs
[2024-10-31T11:36:42.987+0000] {logging_mixin.py:190} INFO - [2024-10-31T11:36:42.986+0000] {dag.py:4180} INFO - Setting next_dagrun for example_sensors to None, run_after=None
[2024-10-31T11:36:42.995+0000] {processor.py:208} INFO - Processing /home/airflow/.local/lib/python3.11/site-packages/airflow/example_dags/example_sensors.py took 0.043 seconds
[2024-10-31T11:37:13.051+0000] {processor.py:186} INFO - Started process (PID=633) to work on /home/airflow/.local/lib/python3.11/site-packages/airflow/example_dags/example_sensors.py
[2024-10-31T11:37:13.052+0000] {processor.py:914} INFO - Processing file /home/airflow/.local/lib/python3.11/site-packages/airflow/example_dags/example_sensors.py for tasks to queue
[2024-10-31T11:37:13.054+0000] {logging_mixin.py:190} INFO - [2024-10-31T11:37:13.054+0000] {dagbag.py:588} INFO - Filling up the DagBag from /home/airflow/.local/lib/python3.11/site-packages/airflow/example_dags/example_sensors.py
[2024-10-31T11:37:13.060+0000] {processor.py:925} INFO - DAG(s) 'example_sensors' retrieved from /home/airflow/.local/lib/python3.11/site-packages/airflow/example_dags/example_sensors.py
[2024-10-31T11:37:13.072+0000] {logging_mixin.py:190} INFO - [2024-10-31T11:37:13.072+0000] {dag.py:3239} INFO - Sync 1 DAGs
[2024-10-31T11:37:13.079+0000] {logging_mixin.py:190} INFO - [2024-10-31T11:37:13.079+0000] {dag.py:4180} INFO - Setting next_dagrun for example_sensors to None, run_after=None
[2024-10-31T11:37:13.089+0000] {processor.py:208} INFO - Processing /home/airflow/.local/lib/python3.11/site-packages/airflow/example_dags/example_sensors.py took 0.041 seconds
[2024-10-31T11:37:43.735+0000] {processor.py:186} INFO - Started process (PID=695) to work on /home/airflow/.local/lib/python3.11/site-packages/airflow/example_dags/example_sensors.py
[2024-10-31T11:37:43.736+0000] {processor.py:914} INFO - Processing file /home/airflow/.local/lib/python3.11/site-packages/airflow/example_dags/example_sensors.py for tasks to queue
[2024-10-31T11:37:43.738+0000] {logging_mixin.py:190} INFO - [2024-10-31T11:37:43.738+0000] {dagbag.py:588} INFO - Filling up the DagBag from /home/airflow/.local/lib/python3.11/site-packages/airflow/example_dags/example_sensors.py
[2024-10-31T11:37:43.746+0000] {processor.py:925} INFO - DAG(s) 'example_sensors' retrieved from /home/airflow/.local/lib/python3.11/site-packages/airflow/example_dags/example_sensors.py
[2024-10-31T11:37:43.780+0000] {logging_mixin.py:190} INFO - [2024-10-31T11:37:43.779+0000] {dag.py:3239} INFO - Sync 1 DAGs
[2024-10-31T11:37:43.789+0000] {logging_mixin.py:190} INFO - [2024-10-31T11:37:43.789+0000] {dag.py:4180} INFO - Setting next_dagrun for example_sensors to None, run_after=None
[2024-10-31T11:37:43.802+0000] {processor.py:208} INFO - Processing /home/airflow/.local/lib/python3.11/site-packages/airflow/example_dags/example_sensors.py took 0.070 seconds
[2024-10-31T11:38:14.333+0000] {processor.py:186} INFO - Started process (PID=758) to work on /home/airflow/.local/lib/python3.11/site-packages/airflow/example_dags/example_sensors.py
[2024-10-31T11:38:14.334+0000] {processor.py:914} INFO - Processing file /home/airflow/.local/lib/python3.11/site-packages/airflow/example_dags/example_sensors.py for tasks to queue
[2024-10-31T11:38:14.337+0000] {logging_mixin.py:190} INFO - [2024-10-31T11:38:14.337+0000] {dagbag.py:588} INFO - Filling up the DagBag from /home/airflow/.local/lib/python3.11/site-packages/airflow/example_dags/example_sensors.py
[2024-10-31T11:38:14.346+0000] {processor.py:925} INFO - DAG(s) 'example_sensors' retrieved from /home/airflow/.local/lib/python3.11/site-packages/airflow/example_dags/example_sensors.py
[2024-10-31T11:38:14.361+0000] {logging_mixin.py:190} INFO - [2024-10-31T11:38:14.361+0000] {dag.py:3239} INFO - Sync 1 DAGs
[2024-10-31T11:38:14.371+0000] {logging_mixin.py:190} INFO - [2024-10-31T11:38:14.371+0000] {dag.py:4180} INFO - Setting next_dagrun for example_sensors to None, run_after=None
[2024-10-31T11:38:14.379+0000] {processor.py:208} INFO - Processing /home/airflow/.local/lib/python3.11/site-packages/airflow/example_dags/example_sensors.py took 0.049 seconds
[2024-10-31T11:38:44.983+0000] {processor.py:186} INFO - Started process (PID=821) to work on /home/airflow/.local/lib/python3.11/site-packages/airflow/example_dags/example_sensors.py
[2024-10-31T11:38:44.984+0000] {processor.py:914} INFO - Processing file /home/airflow/.local/lib/python3.11/site-packages/airflow/example_dags/example_sensors.py for tasks to queue
[2024-10-31T11:38:44.986+0000] {logging_mixin.py:190} INFO - [2024-10-31T11:38:44.986+0000] {dagbag.py:588} INFO - Filling up the DagBag from /home/airflow/.local/lib/python3.11/site-packages/airflow/example_dags/example_sensors.py
[2024-10-31T11:38:44.992+0000] {processor.py:925} INFO - DAG(s) 'example_sensors' retrieved from /home/airflow/.local/lib/python3.11/site-packages/airflow/example_dags/example_sensors.py
[2024-10-31T11:38:45.005+0000] {logging_mixin.py:190} INFO - [2024-10-31T11:38:45.005+0000] {dag.py:3239} INFO - Sync 1 DAGs
[2024-10-31T11:38:45.014+0000] {logging_mixin.py:190} INFO - [2024-10-31T11:38:45.014+0000] {dag.py:4180} INFO - Setting next_dagrun for example_sensors to None, run_after=None
[2024-10-31T11:38:45.024+0000] {processor.py:208} INFO - Processing /home/airflow/.local/lib/python3.11/site-packages/airflow/example_dags/example_sensors.py took 0.043 seconds
[2024-10-31T11:39:16.030+0000] {processor.py:186} INFO - Started process (PID=884) to work on /home/airflow/.local/lib/python3.11/site-packages/airflow/example_dags/example_sensors.py
[2024-10-31T11:39:16.031+0000] {processor.py:914} INFO - Processing file /home/airflow/.local/lib/python3.11/site-packages/airflow/example_dags/example_sensors.py for tasks to queue
[2024-10-31T11:39:16.032+0000] {logging_mixin.py:190} INFO - [2024-10-31T11:39:16.032+0000] {dagbag.py:588} INFO - Filling up the DagBag from /home/airflow/.local/lib/python3.11/site-packages/airflow/example_dags/example_sensors.py
[2024-10-31T11:39:16.038+0000] {processor.py:925} INFO - DAG(s) 'example_sensors' retrieved from /home/airflow/.local/lib/python3.11/site-packages/airflow/example_dags/example_sensors.py
[2024-10-31T11:39:16.051+0000] {logging_mixin.py:190} INFO - [2024-10-31T11:39:16.050+0000] {dag.py:3239} INFO - Sync 1 DAGs
[2024-10-31T11:39:16.057+0000] {logging_mixin.py:190} INFO - [2024-10-31T11:39:16.057+0000] {dag.py:4180} INFO - Setting next_dagrun for example_sensors to None, run_after=None
[2024-10-31T11:39:16.070+0000] {processor.py:208} INFO - Processing /home/airflow/.local/lib/python3.11/site-packages/airflow/example_dags/example_sensors.py took 0.043 seconds
[2024-10-31T11:39:46.269+0000] {processor.py:186} INFO - Started process (PID=946) to work on /home/airflow/.local/lib/python3.11/site-packages/airflow/example_dags/example_sensors.py
[2024-10-31T11:39:46.270+0000] {processor.py:914} INFO - Processing file /home/airflow/.local/lib/python3.11/site-packages/airflow/example_dags/example_sensors.py for tasks to queue
[2024-10-31T11:39:46.271+0000] {logging_mixin.py:190} INFO - [2024-10-31T11:39:46.271+0000] {dagbag.py:588} INFO - Filling up the DagBag from /home/airflow/.local/lib/python3.11/site-packages/airflow/example_dags/example_sensors.py
[2024-10-31T11:39:46.277+0000] {processor.py:925} INFO - DAG(s) 'example_sensors' retrieved from /home/airflow/.local/lib/python3.11/site-packages/airflow/example_dags/example_sensors.py
[2024-10-31T11:39:46.290+0000] {logging_mixin.py:190} INFO - [2024-10-31T11:39:46.289+0000] {dag.py:3239} INFO - Sync 1 DAGs
[2024-10-31T11:39:46.296+0000] {logging_mixin.py:190} INFO - [2024-10-31T11:39:46.296+0000] {dag.py:4180} INFO - Setting next_dagrun for example_sensors to None, run_after=None
[2024-10-31T11:39:46.305+0000] {processor.py:208} INFO - Processing /home/airflow/.local/lib/python3.11/site-packages/airflow/example_dags/example_sensors.py took 0.039 seconds
[2024-10-31T11:40:16.797+0000] {processor.py:186} INFO - Started process (PID=1008) to work on /home/airflow/.local/lib/python3.11/site-packages/airflow/example_dags/example_sensors.py
[2024-10-31T11:40:16.797+0000] {processor.py:914} INFO - Processing file /home/airflow/.local/lib/python3.11/site-packages/airflow/example_dags/example_sensors.py for tasks to queue
[2024-10-31T11:40:16.799+0000] {logging_mixin.py:190} INFO - [2024-10-31T11:40:16.799+0000] {dagbag.py:588} INFO - Filling up the DagBag from /home/airflow/.local/lib/python3.11/site-packages/airflow/example_dags/example_sensors.py
[2024-10-31T11:40:16.805+0000] {processor.py:925} INFO - DAG(s) 'example_sensors' retrieved from /home/airflow/.local/lib/python3.11/site-packages/airflow/example_dags/example_sensors.py
[2024-10-31T11:40:16.817+0000] {logging_mixin.py:190} INFO - [2024-10-31T11:40:16.817+0000] {dag.py:3239} INFO - Sync 1 DAGs
[2024-10-31T11:40:16.823+0000] {logging_mixin.py:190} INFO - [2024-10-31T11:40:16.823+0000] {dag.py:4180} INFO - Setting next_dagrun for example_sensors to None, run_after=None
[2024-10-31T11:40:16.831+0000] {processor.py:208} INFO - Processing /home/airflow/.local/lib/python3.11/site-packages/airflow/example_dags/example_sensors.py took 0.038 seconds
[2024-10-31T11:40:50.006+0000] {processor.py:186} INFO - Started process (PID=1071) to work on /home/airflow/.local/lib/python3.11/site-packages/airflow/example_dags/example_sensors.py
[2024-10-31T11:40:50.007+0000] {processor.py:914} INFO - Processing file /home/airflow/.local/lib/python3.11/site-packages/airflow/example_dags/example_sensors.py for tasks to queue
[2024-10-31T11:40:50.010+0000] {logging_mixin.py:190} INFO - [2024-10-31T11:40:50.010+0000] {dagbag.py:588} INFO - Filling up the DagBag from /home/airflow/.local/lib/python3.11/site-packages/airflow/example_dags/example_sensors.py
[2024-10-31T11:40:50.026+0000] {processor.py:925} INFO - DAG(s) 'example_sensors' retrieved from /home/airflow/.local/lib/python3.11/site-packages/airflow/example_dags/example_sensors.py
[2024-10-31T11:40:50.096+0000] {logging_mixin.py:190} INFO - [2024-10-31T11:40:50.096+0000] {dag.py:3239} INFO - Sync 1 DAGs
[2024-10-31T11:40:50.134+0000] {logging_mixin.py:190} INFO - [2024-10-31T11:40:50.133+0000] {dag.py:4180} INFO - Setting next_dagrun for example_sensors to None, run_after=None
[2024-10-31T11:40:50.208+0000] {processor.py:208} INFO - Processing /home/airflow/.local/lib/python3.11/site-packages/airflow/example_dags/example_sensors.py took 0.207 seconds
[2024-10-31T11:41:20.871+0000] {processor.py:186} INFO - Started process (PID=1133) to work on /home/airflow/.local/lib/python3.11/site-packages/airflow/example_dags/example_sensors.py
[2024-10-31T11:41:20.874+0000] {processor.py:914} INFO - Processing file /home/airflow/.local/lib/python3.11/site-packages/airflow/example_dags/example_sensors.py for tasks to queue
[2024-10-31T11:41:20.879+0000] {logging_mixin.py:190} INFO - [2024-10-31T11:41:20.879+0000] {dagbag.py:588} INFO - Filling up the DagBag from /home/airflow/.local/lib/python3.11/site-packages/airflow/example_dags/example_sensors.py
[2024-10-31T11:41:20.895+0000] {processor.py:925} INFO - DAG(s) 'example_sensors' retrieved from /home/airflow/.local/lib/python3.11/site-packages/airflow/example_dags/example_sensors.py
[2024-10-31T11:41:20.965+0000] {logging_mixin.py:190} INFO - [2024-10-31T11:41:20.965+0000] {dag.py:3239} INFO - Sync 1 DAGs
[2024-10-31T11:41:21.000+0000] {logging_mixin.py:190} INFO - [2024-10-31T11:41:20.999+0000] {dag.py:4180} INFO - Setting next_dagrun for example_sensors to None, run_after=None
[2024-10-31T11:41:21.077+0000] {processor.py:208} INFO - Processing /home/airflow/.local/lib/python3.11/site-packages/airflow/example_dags/example_sensors.py took 0.216 seconds
[2024-10-31T11:41:53.543+0000] {processor.py:186} INFO - Started process (PID=1196) to work on /home/airflow/.local/lib/python3.11/site-packages/airflow/example_dags/example_sensors.py
[2024-10-31T11:41:53.546+0000] {processor.py:914} INFO - Processing file /home/airflow/.local/lib/python3.11/site-packages/airflow/example_dags/example_sensors.py for tasks to queue
[2024-10-31T11:41:53.557+0000] {logging_mixin.py:190} INFO - [2024-10-31T11:41:53.555+0000] {dagbag.py:588} INFO - Filling up the DagBag from /home/airflow/.local/lib/python3.11/site-packages/airflow/example_dags/example_sensors.py
[2024-10-31T11:41:53.598+0000] {processor.py:925} INFO - DAG(s) 'example_sensors' retrieved from /home/airflow/.local/lib/python3.11/site-packages/airflow/example_dags/example_sensors.py
[2024-10-31T11:41:53.693+0000] {logging_mixin.py:190} INFO - [2024-10-31T11:41:53.692+0000] {dag.py:3239} INFO - Sync 1 DAGs
[2024-10-31T11:41:53.728+0000] {logging_mixin.py:190} INFO - [2024-10-31T11:41:53.728+0000] {dag.py:4180} INFO - Setting next_dagrun for example_sensors to None, run_after=None
[2024-10-31T11:41:53.777+0000] {processor.py:208} INFO - Processing /home/airflow/.local/lib/python3.11/site-packages/airflow/example_dags/example_sensors.py took 0.245 seconds
[2024-10-31T11:42:24.045+0000] {processor.py:186} INFO - Started process (PID=1258) to work on /home/airflow/.local/lib/python3.11/site-packages/airflow/example_dags/example_sensors.py
[2024-10-31T11:42:24.045+0000] {processor.py:914} INFO - Processing file /home/airflow/.local/lib/python3.11/site-packages/airflow/example_dags/example_sensors.py for tasks to queue
[2024-10-31T11:42:24.047+0000] {logging_mixin.py:190} INFO - [2024-10-31T11:42:24.046+0000] {dagbag.py:588} INFO - Filling up the DagBag from /home/airflow/.local/lib/python3.11/site-packages/airflow/example_dags/example_sensors.py
[2024-10-31T11:42:24.052+0000] {processor.py:925} INFO - DAG(s) 'example_sensors' retrieved from /home/airflow/.local/lib/python3.11/site-packages/airflow/example_dags/example_sensors.py
[2024-10-31T11:42:24.064+0000] {logging_mixin.py:190} INFO - [2024-10-31T11:42:24.064+0000] {dag.py:3239} INFO - Sync 1 DAGs
[2024-10-31T11:42:24.070+0000] {logging_mixin.py:190} INFO - [2024-10-31T11:42:24.070+0000] {dag.py:4180} INFO - Setting next_dagrun for example_sensors to None, run_after=None
[2024-10-31T11:42:24.078+0000] {processor.py:208} INFO - Processing /home/airflow/.local/lib/python3.11/site-packages/airflow/example_dags/example_sensors.py took 0.036 seconds
[2024-10-31T11:42:54.721+0000] {processor.py:186} INFO - Started process (PID=1321) to work on /home/airflow/.local/lib/python3.11/site-packages/airflow/example_dags/example_sensors.py
[2024-10-31T11:42:54.722+0000] {processor.py:914} INFO - Processing file /home/airflow/.local/lib/python3.11/site-packages/airflow/example_dags/example_sensors.py for tasks to queue
[2024-10-31T11:42:54.723+0000] {logging_mixin.py:190} INFO - [2024-10-31T11:42:54.723+0000] {dagbag.py:588} INFO - Filling up the DagBag from /home/airflow/.local/lib/python3.11/site-packages/airflow/example_dags/example_sensors.py
[2024-10-31T11:42:54.729+0000] {processor.py:925} INFO - DAG(s) 'example_sensors' retrieved from /home/airflow/.local/lib/python3.11/site-packages/airflow/example_dags/example_sensors.py
[2024-10-31T11:42:54.740+0000] {logging_mixin.py:190} INFO - [2024-10-31T11:42:54.740+0000] {dag.py:3239} INFO - Sync 1 DAGs
[2024-10-31T11:42:54.752+0000] {logging_mixin.py:190} INFO - [2024-10-31T11:42:54.752+0000] {dag.py:4180} INFO - Setting next_dagrun for example_sensors to None, run_after=None
[2024-10-31T11:42:54.761+0000] {processor.py:208} INFO - Processing /home/airflow/.local/lib/python3.11/site-packages/airflow/example_dags/example_sensors.py took 0.043 seconds
[2024-10-31T11:43:25.395+0000] {processor.py:186} INFO - Started process (PID=1384) to work on /home/airflow/.local/lib/python3.11/site-packages/airflow/example_dags/example_sensors.py
[2024-10-31T11:43:25.397+0000] {processor.py:914} INFO - Processing file /home/airflow/.local/lib/python3.11/site-packages/airflow/example_dags/example_sensors.py for tasks to queue
[2024-10-31T11:43:25.398+0000] {logging_mixin.py:190} INFO - [2024-10-31T11:43:25.398+0000] {dagbag.py:588} INFO - Filling up the DagBag from /home/airflow/.local/lib/python3.11/site-packages/airflow/example_dags/example_sensors.py
[2024-10-31T11:43:25.406+0000] {processor.py:925} INFO - DAG(s) 'example_sensors' retrieved from /home/airflow/.local/lib/python3.11/site-packages/airflow/example_dags/example_sensors.py
[2024-10-31T11:43:25.422+0000] {logging_mixin.py:190} INFO - [2024-10-31T11:43:25.421+0000] {dag.py:3239} INFO - Sync 1 DAGs
[2024-10-31T11:43:25.429+0000] {logging_mixin.py:190} INFO - [2024-10-31T11:43:25.429+0000] {dag.py:4180} INFO - Setting next_dagrun for example_sensors to None, run_after=None
[2024-10-31T11:43:25.438+0000] {processor.py:208} INFO - Processing /home/airflow/.local/lib/python3.11/site-packages/airflow/example_dags/example_sensors.py took 0.047 seconds
[2024-10-31T11:43:55.559+0000] {processor.py:186} INFO - Started process (PID=1447) to work on /home/airflow/.local/lib/python3.11/site-packages/airflow/example_dags/example_sensors.py
[2024-10-31T11:43:55.560+0000] {processor.py:914} INFO - Processing file /home/airflow/.local/lib/python3.11/site-packages/airflow/example_dags/example_sensors.py for tasks to queue
[2024-10-31T11:43:55.562+0000] {logging_mixin.py:190} INFO - [2024-10-31T11:43:55.562+0000] {dagbag.py:588} INFO - Filling up the DagBag from /home/airflow/.local/lib/python3.11/site-packages/airflow/example_dags/example_sensors.py
[2024-10-31T11:43:55.574+0000] {processor.py:925} INFO - DAG(s) 'example_sensors' retrieved from /home/airflow/.local/lib/python3.11/site-packages/airflow/example_dags/example_sensors.py
[2024-10-31T11:43:55.589+0000] {logging_mixin.py:190} INFO - [2024-10-31T11:43:55.589+0000] {dag.py:3239} INFO - Sync 1 DAGs
[2024-10-31T11:43:55.596+0000] {logging_mixin.py:190} INFO - [2024-10-31T11:43:55.596+0000] {dag.py:4180} INFO - Setting next_dagrun for example_sensors to None, run_after=None
[2024-10-31T11:43:55.604+0000] {processor.py:208} INFO - Processing /home/airflow/.local/lib/python3.11/site-packages/airflow/example_dags/example_sensors.py took 0.055 seconds
[2024-10-31T11:44:26.099+0000] {processor.py:186} INFO - Started process (PID=1510) to work on /home/airflow/.local/lib/python3.11/site-packages/airflow/example_dags/example_sensors.py
[2024-10-31T11:44:26.100+0000] {processor.py:914} INFO - Processing file /home/airflow/.local/lib/python3.11/site-packages/airflow/example_dags/example_sensors.py for tasks to queue
[2024-10-31T11:44:26.101+0000] {logging_mixin.py:190} INFO - [2024-10-31T11:44:26.101+0000] {dagbag.py:588} INFO - Filling up the DagBag from /home/airflow/.local/lib/python3.11/site-packages/airflow/example_dags/example_sensors.py
[2024-10-31T11:44:26.107+0000] {processor.py:925} INFO - DAG(s) 'example_sensors' retrieved from /home/airflow/.local/lib/python3.11/site-packages/airflow/example_dags/example_sensors.py
[2024-10-31T11:44:26.123+0000] {logging_mixin.py:190} INFO - [2024-10-31T11:44:26.122+0000] {dag.py:3239} INFO - Sync 1 DAGs
[2024-10-31T11:44:26.129+0000] {logging_mixin.py:190} INFO - [2024-10-31T11:44:26.129+0000] {dag.py:4180} INFO - Setting next_dagrun for example_sensors to None, run_after=None
[2024-10-31T11:44:26.138+0000] {processor.py:208} INFO - Processing /home/airflow/.local/lib/python3.11/site-packages/airflow/example_dags/example_sensors.py took 0.042 seconds
[2024-10-31T11:44:57.112+0000] {processor.py:186} INFO - Started process (PID=1573) to work on /home/airflow/.local/lib/python3.11/site-packages/airflow/example_dags/example_sensors.py
[2024-10-31T11:44:57.113+0000] {processor.py:914} INFO - Processing file /home/airflow/.local/lib/python3.11/site-packages/airflow/example_dags/example_sensors.py for tasks to queue
[2024-10-31T11:44:57.115+0000] {logging_mixin.py:190} INFO - [2024-10-31T11:44:57.114+0000] {dagbag.py:588} INFO - Filling up the DagBag from /home/airflow/.local/lib/python3.11/site-packages/airflow/example_dags/example_sensors.py
[2024-10-31T11:44:57.121+0000] {processor.py:925} INFO - DAG(s) 'example_sensors' retrieved from /home/airflow/.local/lib/python3.11/site-packages/airflow/example_dags/example_sensors.py
[2024-10-31T11:44:57.133+0000] {logging_mixin.py:190} INFO - [2024-10-31T11:44:57.132+0000] {dag.py:3239} INFO - Sync 1 DAGs
[2024-10-31T11:44:57.139+0000] {logging_mixin.py:190} INFO - [2024-10-31T11:44:57.139+0000] {dag.py:4180} INFO - Setting next_dagrun for example_sensors to None, run_after=None
[2024-10-31T11:44:57.146+0000] {processor.py:208} INFO - Processing /home/airflow/.local/lib/python3.11/site-packages/airflow/example_dags/example_sensors.py took 0.037 seconds
[2024-10-31T11:45:28.212+0000] {processor.py:186} INFO - Started process (PID=1642) to work on /home/airflow/.local/lib/python3.11/site-packages/airflow/example_dags/example_sensors.py
[2024-10-31T11:45:28.213+0000] {processor.py:914} INFO - Processing file /home/airflow/.local/lib/python3.11/site-packages/airflow/example_dags/example_sensors.py for tasks to queue
[2024-10-31T11:45:28.215+0000] {logging_mixin.py:190} INFO - [2024-10-31T11:45:28.215+0000] {dagbag.py:588} INFO - Filling up the DagBag from /home/airflow/.local/lib/python3.11/site-packages/airflow/example_dags/example_sensors.py
[2024-10-31T11:45:28.223+0000] {processor.py:925} INFO - DAG(s) 'example_sensors' retrieved from /home/airflow/.local/lib/python3.11/site-packages/airflow/example_dags/example_sensors.py
[2024-10-31T11:45:28.238+0000] {logging_mixin.py:190} INFO - [2024-10-31T11:45:28.238+0000] {dag.py:3239} INFO - Sync 1 DAGs
[2024-10-31T11:45:28.246+0000] {logging_mixin.py:190} INFO - [2024-10-31T11:45:28.245+0000] {dag.py:4180} INFO - Setting next_dagrun for example_sensors to None, run_after=None
[2024-10-31T11:45:28.254+0000] {processor.py:208} INFO - Processing /home/airflow/.local/lib/python3.11/site-packages/airflow/example_dags/example_sensors.py took 0.046 seconds
[2024-10-31T11:45:58.293+0000] {processor.py:186} INFO - Started process (PID=1705) to work on /home/airflow/.local/lib/python3.11/site-packages/airflow/example_dags/example_sensors.py
[2024-10-31T11:45:58.294+0000] {processor.py:914} INFO - Processing file /home/airflow/.local/lib/python3.11/site-packages/airflow/example_dags/example_sensors.py for tasks to queue
[2024-10-31T11:45:58.296+0000] {logging_mixin.py:190} INFO - [2024-10-31T11:45:58.295+0000] {dagbag.py:588} INFO - Filling up the DagBag from /home/airflow/.local/lib/python3.11/site-packages/airflow/example_dags/example_sensors.py
[2024-10-31T11:45:58.306+0000] {processor.py:925} INFO - DAG(s) 'example_sensors' retrieved from /home/airflow/.local/lib/python3.11/site-packages/airflow/example_dags/example_sensors.py
[2024-10-31T11:45:58.324+0000] {logging_mixin.py:190} INFO - [2024-10-31T11:45:58.324+0000] {dag.py:3239} INFO - Sync 1 DAGs
[2024-10-31T11:45:58.331+0000] {logging_mixin.py:190} INFO - [2024-10-31T11:45:58.331+0000] {dag.py:4180} INFO - Setting next_dagrun for example_sensors to None, run_after=None
[2024-10-31T11:45:58.339+0000] {processor.py:208} INFO - Processing /home/airflow/.local/lib/python3.11/site-packages/airflow/example_dags/example_sensors.py took 0.050 seconds
[2024-10-31T11:46:28.574+0000] {processor.py:186} INFO - Started process (PID=1768) to work on /home/airflow/.local/lib/python3.11/site-packages/airflow/example_dags/example_sensors.py
[2024-10-31T11:46:28.575+0000] {processor.py:914} INFO - Processing file /home/airflow/.local/lib/python3.11/site-packages/airflow/example_dags/example_sensors.py for tasks to queue
[2024-10-31T11:46:28.576+0000] {logging_mixin.py:190} INFO - [2024-10-31T11:46:28.576+0000] {dagbag.py:588} INFO - Filling up the DagBag from /home/airflow/.local/lib/python3.11/site-packages/airflow/example_dags/example_sensors.py
[2024-10-31T11:46:28.582+0000] {processor.py:925} INFO - DAG(s) 'example_sensors' retrieved from /home/airflow/.local/lib/python3.11/site-packages/airflow/example_dags/example_sensors.py
[2024-10-31T11:46:28.597+0000] {logging_mixin.py:190} INFO - [2024-10-31T11:46:28.597+0000] {dag.py:3239} INFO - Sync 1 DAGs
[2024-10-31T11:46:28.605+0000] {logging_mixin.py:190} INFO - [2024-10-31T11:46:28.605+0000] {dag.py:4180} INFO - Setting next_dagrun for example_sensors to None, run_after=None
[2024-10-31T11:46:28.614+0000] {processor.py:208} INFO - Processing /home/airflow/.local/lib/python3.11/site-packages/airflow/example_dags/example_sensors.py took 0.043 seconds
[2024-10-31T11:46:58.979+0000] {processor.py:186} INFO - Started process (PID=1831) to work on /home/airflow/.local/lib/python3.11/site-packages/airflow/example_dags/example_sensors.py
[2024-10-31T11:46:58.980+0000] {processor.py:914} INFO - Processing file /home/airflow/.local/lib/python3.11/site-packages/airflow/example_dags/example_sensors.py for tasks to queue
[2024-10-31T11:46:58.982+0000] {logging_mixin.py:190} INFO - [2024-10-31T11:46:58.982+0000] {dagbag.py:588} INFO - Filling up the DagBag from /home/airflow/.local/lib/python3.11/site-packages/airflow/example_dags/example_sensors.py
[2024-10-31T11:46:58.988+0000] {processor.py:925} INFO - DAG(s) 'example_sensors' retrieved from /home/airflow/.local/lib/python3.11/site-packages/airflow/example_dags/example_sensors.py
[2024-10-31T11:46:59.001+0000] {logging_mixin.py:190} INFO - [2024-10-31T11:46:59.001+0000] {dag.py:3239} INFO - Sync 1 DAGs
[2024-10-31T11:46:59.009+0000] {logging_mixin.py:190} INFO - [2024-10-31T11:46:59.009+0000] {dag.py:4180} INFO - Setting next_dagrun for example_sensors to None, run_after=None
[2024-10-31T11:46:59.017+0000] {processor.py:208} INFO - Processing /home/airflow/.local/lib/python3.11/site-packages/airflow/example_dags/example_sensors.py took 0.041 seconds
[2024-10-31T11:47:29.552+0000] {processor.py:186} INFO - Started process (PID=1893) to work on /home/airflow/.local/lib/python3.11/site-packages/airflow/example_dags/example_sensors.py
[2024-10-31T11:47:29.553+0000] {processor.py:914} INFO - Processing file /home/airflow/.local/lib/python3.11/site-packages/airflow/example_dags/example_sensors.py for tasks to queue
[2024-10-31T11:47:29.555+0000] {logging_mixin.py:190} INFO - [2024-10-31T11:47:29.554+0000] {dagbag.py:588} INFO - Filling up the DagBag from /home/airflow/.local/lib/python3.11/site-packages/airflow/example_dags/example_sensors.py
[2024-10-31T11:47:29.561+0000] {processor.py:925} INFO - DAG(s) 'example_sensors' retrieved from /home/airflow/.local/lib/python3.11/site-packages/airflow/example_dags/example_sensors.py
[2024-10-31T11:47:29.574+0000] {logging_mixin.py:190} INFO - [2024-10-31T11:47:29.574+0000] {dag.py:3239} INFO - Sync 1 DAGs
[2024-10-31T11:47:29.581+0000] {logging_mixin.py:190} INFO - [2024-10-31T11:47:29.581+0000] {dag.py:4180} INFO - Setting next_dagrun for example_sensors to None, run_after=None
[2024-10-31T11:47:29.590+0000] {processor.py:208} INFO - Processing /home/airflow/.local/lib/python3.11/site-packages/airflow/example_dags/example_sensors.py took 0.041 seconds
[2024-10-31T11:47:59.917+0000] {processor.py:186} INFO - Started process (PID=1956) to work on /home/airflow/.local/lib/python3.11/site-packages/airflow/example_dags/example_sensors.py
[2024-10-31T11:47:59.920+0000] {processor.py:914} INFO - Processing file /home/airflow/.local/lib/python3.11/site-packages/airflow/example_dags/example_sensors.py for tasks to queue
[2024-10-31T11:47:59.922+0000] {logging_mixin.py:190} INFO - [2024-10-31T11:47:59.921+0000] {dagbag.py:588} INFO - Filling up the DagBag from /home/airflow/.local/lib/python3.11/site-packages/airflow/example_dags/example_sensors.py
[2024-10-31T11:47:59.930+0000] {processor.py:925} INFO - DAG(s) 'example_sensors' retrieved from /home/airflow/.local/lib/python3.11/site-packages/airflow/example_dags/example_sensors.py
[2024-10-31T11:47:59.946+0000] {logging_mixin.py:190} INFO - [2024-10-31T11:47:59.946+0000] {dag.py:3239} INFO - Sync 1 DAGs
[2024-10-31T11:47:59.955+0000] {logging_mixin.py:190} INFO - [2024-10-31T11:47:59.955+0000] {dag.py:4180} INFO - Setting next_dagrun for example_sensors to None, run_after=None
[2024-10-31T11:47:59.970+0000] {processor.py:208} INFO - Processing /home/airflow/.local/lib/python3.11/site-packages/airflow/example_dags/example_sensors.py took 0.057 seconds
[2024-10-31T11:48:30.753+0000] {processor.py:186} INFO - Started process (PID=2019) to work on /home/airflow/.local/lib/python3.11/site-packages/airflow/example_dags/example_sensors.py
[2024-10-31T11:48:30.753+0000] {processor.py:914} INFO - Processing file /home/airflow/.local/lib/python3.11/site-packages/airflow/example_dags/example_sensors.py for tasks to queue
[2024-10-31T11:48:30.755+0000] {logging_mixin.py:190} INFO - [2024-10-31T11:48:30.755+0000] {dagbag.py:588} INFO - Filling up the DagBag from /home/airflow/.local/lib/python3.11/site-packages/airflow/example_dags/example_sensors.py
[2024-10-31T11:48:30.761+0000] {processor.py:925} INFO - DAG(s) 'example_sensors' retrieved from /home/airflow/.local/lib/python3.11/site-packages/airflow/example_dags/example_sensors.py
[2024-10-31T11:48:30.773+0000] {logging_mixin.py:190} INFO - [2024-10-31T11:48:30.773+0000] {dag.py:3239} INFO - Sync 1 DAGs
[2024-10-31T11:48:30.780+0000] {logging_mixin.py:190} INFO - [2024-10-31T11:48:30.780+0000] {dag.py:4180} INFO - Setting next_dagrun for example_sensors to None, run_after=None
[2024-10-31T11:48:30.788+0000] {processor.py:208} INFO - Processing /home/airflow/.local/lib/python3.11/site-packages/airflow/example_dags/example_sensors.py took 0.039 seconds
[2024-10-31T11:49:01.531+0000] {processor.py:186} INFO - Started process (PID=2082) to work on /home/airflow/.local/lib/python3.11/site-packages/airflow/example_dags/example_sensors.py
[2024-10-31T11:49:01.532+0000] {processor.py:914} INFO - Processing file /home/airflow/.local/lib/python3.11/site-packages/airflow/example_dags/example_sensors.py for tasks to queue
[2024-10-31T11:49:01.534+0000] {logging_mixin.py:190} INFO - [2024-10-31T11:49:01.534+0000] {dagbag.py:588} INFO - Filling up the DagBag from /home/airflow/.local/lib/python3.11/site-packages/airflow/example_dags/example_sensors.py
[2024-10-31T11:49:01.542+0000] {processor.py:925} INFO - DAG(s) 'example_sensors' retrieved from /home/airflow/.local/lib/python3.11/site-packages/airflow/example_dags/example_sensors.py
[2024-10-31T11:49:01.564+0000] {logging_mixin.py:190} INFO - [2024-10-31T11:49:01.564+0000] {dag.py:3239} INFO - Sync 1 DAGs
[2024-10-31T11:49:01.575+0000] {logging_mixin.py:190} INFO - [2024-10-31T11:49:01.574+0000] {dag.py:4180} INFO - Setting next_dagrun for example_sensors to None, run_after=None
[2024-10-31T11:49:01.585+0000] {processor.py:208} INFO - Processing /home/airflow/.local/lib/python3.11/site-packages/airflow/example_dags/example_sensors.py took 0.057 seconds
[2024-10-31T11:49:31.760+0000] {processor.py:186} INFO - Started process (PID=2144) to work on /home/airflow/.local/lib/python3.11/site-packages/airflow/example_dags/example_sensors.py
[2024-10-31T11:49:31.761+0000] {processor.py:914} INFO - Processing file /home/airflow/.local/lib/python3.11/site-packages/airflow/example_dags/example_sensors.py for tasks to queue
[2024-10-31T11:49:31.763+0000] {logging_mixin.py:190} INFO - [2024-10-31T11:49:31.762+0000] {dagbag.py:588} INFO - Filling up the DagBag from /home/airflow/.local/lib/python3.11/site-packages/airflow/example_dags/example_sensors.py
[2024-10-31T11:49:31.769+0000] {processor.py:925} INFO - DAG(s) 'example_sensors' retrieved from /home/airflow/.local/lib/python3.11/site-packages/airflow/example_dags/example_sensors.py
[2024-10-31T11:49:31.784+0000] {logging_mixin.py:190} INFO - [2024-10-31T11:49:31.784+0000] {dag.py:3239} INFO - Sync 1 DAGs
[2024-10-31T11:49:31.794+0000] {logging_mixin.py:190} INFO - [2024-10-31T11:49:31.794+0000] {dag.py:4180} INFO - Setting next_dagrun for example_sensors to None, run_after=None
[2024-10-31T11:49:31.803+0000] {processor.py:208} INFO - Processing /home/airflow/.local/lib/python3.11/site-packages/airflow/example_dags/example_sensors.py took 0.047 seconds
[2024-10-31T11:50:02.137+0000] {processor.py:186} INFO - Started process (PID=2207) to work on /home/airflow/.local/lib/python3.11/site-packages/airflow/example_dags/example_sensors.py
[2024-10-31T11:50:02.138+0000] {processor.py:914} INFO - Processing file /home/airflow/.local/lib/python3.11/site-packages/airflow/example_dags/example_sensors.py for tasks to queue
[2024-10-31T11:50:02.139+0000] {logging_mixin.py:190} INFO - [2024-10-31T11:50:02.139+0000] {dagbag.py:588} INFO - Filling up the DagBag from /home/airflow/.local/lib/python3.11/site-packages/airflow/example_dags/example_sensors.py
[2024-10-31T11:50:02.145+0000] {processor.py:925} INFO - DAG(s) 'example_sensors' retrieved from /home/airflow/.local/lib/python3.11/site-packages/airflow/example_dags/example_sensors.py
[2024-10-31T11:50:02.157+0000] {logging_mixin.py:190} INFO - [2024-10-31T11:50:02.157+0000] {dag.py:3239} INFO - Sync 1 DAGs
[2024-10-31T11:50:02.164+0000] {logging_mixin.py:190} INFO - [2024-10-31T11:50:02.163+0000] {dag.py:4180} INFO - Setting next_dagrun for example_sensors to None, run_after=None
[2024-10-31T11:50:02.171+0000] {processor.py:208} INFO - Processing /home/airflow/.local/lib/python3.11/site-packages/airflow/example_dags/example_sensors.py took 0.037 seconds
[2024-10-31T11:50:32.940+0000] {processor.py:186} INFO - Started process (PID=2270) to work on /home/airflow/.local/lib/python3.11/site-packages/airflow/example_dags/example_sensors.py
[2024-10-31T11:50:32.941+0000] {processor.py:914} INFO - Processing file /home/airflow/.local/lib/python3.11/site-packages/airflow/example_dags/example_sensors.py for tasks to queue
[2024-10-31T11:50:32.942+0000] {logging_mixin.py:190} INFO - [2024-10-31T11:50:32.942+0000] {dagbag.py:588} INFO - Filling up the DagBag from /home/airflow/.local/lib/python3.11/site-packages/airflow/example_dags/example_sensors.py
[2024-10-31T11:50:32.949+0000] {processor.py:925} INFO - DAG(s) 'example_sensors' retrieved from /home/airflow/.local/lib/python3.11/site-packages/airflow/example_dags/example_sensors.py
[2024-10-31T11:50:32.968+0000] {logging_mixin.py:190} INFO - [2024-10-31T11:50:32.967+0000] {dag.py:3239} INFO - Sync 1 DAGs
[2024-10-31T11:50:32.982+0000] {logging_mixin.py:190} INFO - [2024-10-31T11:50:32.982+0000] {dag.py:4180} INFO - Setting next_dagrun for example_sensors to None, run_after=None
[2024-10-31T11:50:32.994+0000] {processor.py:208} INFO - Processing /home/airflow/.local/lib/python3.11/site-packages/airflow/example_dags/example_sensors.py took 0.058 seconds
[2024-10-31T11:51:06.347+0000] {processor.py:186} INFO - Started process (PID=2334) to work on /home/airflow/.local/lib/python3.11/site-packages/airflow/example_dags/example_sensors.py
[2024-10-31T11:51:06.352+0000] {processor.py:914} INFO - Processing file /home/airflow/.local/lib/python3.11/site-packages/airflow/example_dags/example_sensors.py for tasks to queue
[2024-10-31T11:51:06.365+0000] {logging_mixin.py:190} INFO - [2024-10-31T11:51:06.364+0000] {dagbag.py:588} INFO - Filling up the DagBag from /home/airflow/.local/lib/python3.11/site-packages/airflow/example_dags/example_sensors.py
[2024-10-31T11:51:06.417+0000] {processor.py:925} INFO - DAG(s) 'example_sensors' retrieved from /home/airflow/.local/lib/python3.11/site-packages/airflow/example_dags/example_sensors.py
[2024-10-31T11:51:06.531+0000] {logging_mixin.py:190} INFO - [2024-10-31T11:51:06.529+0000] {dag.py:3239} INFO - Sync 1 DAGs
[2024-10-31T11:51:06.574+0000] {logging_mixin.py:190} INFO - [2024-10-31T11:51:06.574+0000] {dag.py:4180} INFO - Setting next_dagrun for example_sensors to None, run_after=None
[2024-10-31T11:51:06.648+0000] {processor.py:208} INFO - Processing /home/airflow/.local/lib/python3.11/site-packages/airflow/example_dags/example_sensors.py took 0.333 seconds
[2024-10-31T11:51:36.892+0000] {processor.py:186} INFO - Started process (PID=2397) to work on /home/airflow/.local/lib/python3.11/site-packages/airflow/example_dags/example_sensors.py
[2024-10-31T11:51:36.899+0000] {processor.py:914} INFO - Processing file /home/airflow/.local/lib/python3.11/site-packages/airflow/example_dags/example_sensors.py for tasks to queue
[2024-10-31T11:51:36.915+0000] {logging_mixin.py:190} INFO - [2024-10-31T11:51:36.914+0000] {dagbag.py:588} INFO - Filling up the DagBag from /home/airflow/.local/lib/python3.11/site-packages/airflow/example_dags/example_sensors.py
[2024-10-31T11:51:36.951+0000] {processor.py:925} INFO - DAG(s) 'example_sensors' retrieved from /home/airflow/.local/lib/python3.11/site-packages/airflow/example_dags/example_sensors.py
[2024-10-31T11:51:37.033+0000] {logging_mixin.py:190} INFO - [2024-10-31T11:51:37.032+0000] {dag.py:3239} INFO - Sync 1 DAGs
[2024-10-31T11:51:37.065+0000] {logging_mixin.py:190} INFO - [2024-10-31T11:51:37.065+0000] {dag.py:4180} INFO - Setting next_dagrun for example_sensors to None, run_after=None
[2024-10-31T11:51:37.137+0000] {processor.py:208} INFO - Processing /home/airflow/.local/lib/python3.11/site-packages/airflow/example_dags/example_sensors.py took 0.273 seconds
[2024-10-31T11:52:07.260+0000] {processor.py:186} INFO - Started process (PID=2460) to work on /home/airflow/.local/lib/python3.11/site-packages/airflow/example_dags/example_sensors.py
[2024-10-31T11:52:07.262+0000] {processor.py:914} INFO - Processing file /home/airflow/.local/lib/python3.11/site-packages/airflow/example_dags/example_sensors.py for tasks to queue
[2024-10-31T11:52:07.267+0000] {logging_mixin.py:190} INFO - [2024-10-31T11:52:07.266+0000] {dagbag.py:588} INFO - Filling up the DagBag from /home/airflow/.local/lib/python3.11/site-packages/airflow/example_dags/example_sensors.py
[2024-10-31T11:52:07.296+0000] {processor.py:925} INFO - DAG(s) 'example_sensors' retrieved from /home/airflow/.local/lib/python3.11/site-packages/airflow/example_dags/example_sensors.py
[2024-10-31T11:52:07.334+0000] {logging_mixin.py:190} INFO - [2024-10-31T11:52:07.334+0000] {dag.py:3239} INFO - Sync 1 DAGs
[2024-10-31T11:52:07.365+0000] {logging_mixin.py:190} INFO - [2024-10-31T11:52:07.365+0000] {dag.py:4180} INFO - Setting next_dagrun for example_sensors to None, run_after=None
[2024-10-31T11:52:07.399+0000] {processor.py:208} INFO - Processing /home/airflow/.local/lib/python3.11/site-packages/airflow/example_dags/example_sensors.py took 0.153 seconds
[2024-10-31T11:52:37.992+0000] {processor.py:186} INFO - Started process (PID=2523) to work on /home/airflow/.local/lib/python3.11/site-packages/airflow/example_dags/example_sensors.py
[2024-10-31T11:52:38.007+0000] {processor.py:914} INFO - Processing file /home/airflow/.local/lib/python3.11/site-packages/airflow/example_dags/example_sensors.py for tasks to queue
[2024-10-31T11:52:38.017+0000] {logging_mixin.py:190} INFO - [2024-10-31T11:52:38.016+0000] {dagbag.py:588} INFO - Filling up the DagBag from /home/airflow/.local/lib/python3.11/site-packages/airflow/example_dags/example_sensors.py
[2024-10-31T11:52:38.045+0000] {processor.py:925} INFO - DAG(s) 'example_sensors' retrieved from /home/airflow/.local/lib/python3.11/site-packages/airflow/example_dags/example_sensors.py
[2024-10-31T11:52:38.145+0000] {logging_mixin.py:190} INFO - [2024-10-31T11:52:38.144+0000] {dag.py:3239} INFO - Sync 1 DAGs
[2024-10-31T11:52:38.175+0000] {logging_mixin.py:190} INFO - [2024-10-31T11:52:38.174+0000] {dag.py:4180} INFO - Setting next_dagrun for example_sensors to None, run_after=None
[2024-10-31T11:52:38.223+0000] {processor.py:208} INFO - Processing /home/airflow/.local/lib/python3.11/site-packages/airflow/example_dags/example_sensors.py took 0.250 seconds
[2024-10-31T11:53:08.311+0000] {processor.py:186} INFO - Started process (PID=2586) to work on /home/airflow/.local/lib/python3.11/site-packages/airflow/example_dags/example_sensors.py
[2024-10-31T11:53:08.312+0000] {processor.py:914} INFO - Processing file /home/airflow/.local/lib/python3.11/site-packages/airflow/example_dags/example_sensors.py for tasks to queue
[2024-10-31T11:53:08.314+0000] {logging_mixin.py:190} INFO - [2024-10-31T11:53:08.314+0000] {dagbag.py:588} INFO - Filling up the DagBag from /home/airflow/.local/lib/python3.11/site-packages/airflow/example_dags/example_sensors.py
[2024-10-31T11:53:08.320+0000] {processor.py:925} INFO - DAG(s) 'example_sensors' retrieved from /home/airflow/.local/lib/python3.11/site-packages/airflow/example_dags/example_sensors.py
[2024-10-31T11:53:08.332+0000] {logging_mixin.py:190} INFO - [2024-10-31T11:53:08.332+0000] {dag.py:3239} INFO - Sync 1 DAGs
[2024-10-31T11:53:08.339+0000] {logging_mixin.py:190} INFO - [2024-10-31T11:53:08.338+0000] {dag.py:4180} INFO - Setting next_dagrun for example_sensors to None, run_after=None
[2024-10-31T11:53:08.346+0000] {processor.py:208} INFO - Processing /home/airflow/.local/lib/python3.11/site-packages/airflow/example_dags/example_sensors.py took 0.037 seconds
[2024-10-31T11:53:38.906+0000] {processor.py:186} INFO - Started process (PID=2649) to work on /home/airflow/.local/lib/python3.11/site-packages/airflow/example_dags/example_sensors.py
[2024-10-31T11:53:38.907+0000] {processor.py:914} INFO - Processing file /home/airflow/.local/lib/python3.11/site-packages/airflow/example_dags/example_sensors.py for tasks to queue
[2024-10-31T11:53:38.908+0000] {logging_mixin.py:190} INFO - [2024-10-31T11:53:38.908+0000] {dagbag.py:588} INFO - Filling up the DagBag from /home/airflow/.local/lib/python3.11/site-packages/airflow/example_dags/example_sensors.py
[2024-10-31T11:53:38.915+0000] {processor.py:925} INFO - DAG(s) 'example_sensors' retrieved from /home/airflow/.local/lib/python3.11/site-packages/airflow/example_dags/example_sensors.py
[2024-10-31T11:53:38.928+0000] {logging_mixin.py:190} INFO - [2024-10-31T11:53:38.928+0000] {dag.py:3239} INFO - Sync 1 DAGs
[2024-10-31T11:53:38.935+0000] {logging_mixin.py:190} INFO - [2024-10-31T11:53:38.935+0000] {dag.py:4180} INFO - Setting next_dagrun for example_sensors to None, run_after=None
[2024-10-31T11:53:38.943+0000] {processor.py:208} INFO - Processing /home/airflow/.local/lib/python3.11/site-packages/airflow/example_dags/example_sensors.py took 0.041 seconds
[2024-10-31T11:54:09.469+0000] {processor.py:186} INFO - Started process (PID=2712) to work on /home/airflow/.local/lib/python3.11/site-packages/airflow/example_dags/example_sensors.py
[2024-10-31T11:54:09.470+0000] {processor.py:914} INFO - Processing file /home/airflow/.local/lib/python3.11/site-packages/airflow/example_dags/example_sensors.py for tasks to queue
[2024-10-31T11:54:09.471+0000] {logging_mixin.py:190} INFO - [2024-10-31T11:54:09.471+0000] {dagbag.py:588} INFO - Filling up the DagBag from /home/airflow/.local/lib/python3.11/site-packages/airflow/example_dags/example_sensors.py
[2024-10-31T11:54:09.479+0000] {processor.py:925} INFO - DAG(s) 'example_sensors' retrieved from /home/airflow/.local/lib/python3.11/site-packages/airflow/example_dags/example_sensors.py
[2024-10-31T11:54:09.497+0000] {logging_mixin.py:190} INFO - [2024-10-31T11:54:09.497+0000] {dag.py:3239} INFO - Sync 1 DAGs
[2024-10-31T11:54:09.512+0000] {logging_mixin.py:190} INFO - [2024-10-31T11:54:09.511+0000] {dag.py:4180} INFO - Setting next_dagrun for example_sensors to None, run_after=None
[2024-10-31T11:54:09.528+0000] {processor.py:208} INFO - Processing /home/airflow/.local/lib/python3.11/site-packages/airflow/example_dags/example_sensors.py took 0.063 seconds
[2024-10-31T11:54:40.037+0000] {processor.py:186} INFO - Started process (PID=2775) to work on /home/airflow/.local/lib/python3.11/site-packages/airflow/example_dags/example_sensors.py
[2024-10-31T11:54:40.038+0000] {processor.py:914} INFO - Processing file /home/airflow/.local/lib/python3.11/site-packages/airflow/example_dags/example_sensors.py for tasks to queue
[2024-10-31T11:54:40.039+0000] {logging_mixin.py:190} INFO - [2024-10-31T11:54:40.039+0000] {dagbag.py:588} INFO - Filling up the DagBag from /home/airflow/.local/lib/python3.11/site-packages/airflow/example_dags/example_sensors.py
[2024-10-31T11:54:40.045+0000] {processor.py:925} INFO - DAG(s) 'example_sensors' retrieved from /home/airflow/.local/lib/python3.11/site-packages/airflow/example_dags/example_sensors.py
[2024-10-31T11:54:40.059+0000] {logging_mixin.py:190} INFO - [2024-10-31T11:54:40.059+0000] {dag.py:3239} INFO - Sync 1 DAGs
[2024-10-31T11:54:40.065+0000] {logging_mixin.py:190} INFO - [2024-10-31T11:54:40.065+0000] {dag.py:4180} INFO - Setting next_dagrun for example_sensors to None, run_after=None
[2024-10-31T11:54:40.073+0000] {processor.py:208} INFO - Processing /home/airflow/.local/lib/python3.11/site-packages/airflow/example_dags/example_sensors.py took 0.039 seconds
[2024-10-31T11:55:10.602+0000] {processor.py:186} INFO - Started process (PID=2838) to work on /home/airflow/.local/lib/python3.11/site-packages/airflow/example_dags/example_sensors.py
[2024-10-31T11:55:10.604+0000] {processor.py:914} INFO - Processing file /home/airflow/.local/lib/python3.11/site-packages/airflow/example_dags/example_sensors.py for tasks to queue
[2024-10-31T11:55:10.606+0000] {logging_mixin.py:190} INFO - [2024-10-31T11:55:10.606+0000] {dagbag.py:588} INFO - Filling up the DagBag from /home/airflow/.local/lib/python3.11/site-packages/airflow/example_dags/example_sensors.py
[2024-10-31T11:55:10.615+0000] {processor.py:925} INFO - DAG(s) 'example_sensors' retrieved from /home/airflow/.local/lib/python3.11/site-packages/airflow/example_dags/example_sensors.py
[2024-10-31T11:55:10.632+0000] {logging_mixin.py:190} INFO - [2024-10-31T11:55:10.632+0000] {dag.py:3239} INFO - Sync 1 DAGs
[2024-10-31T11:55:10.640+0000] {logging_mixin.py:190} INFO - [2024-10-31T11:55:10.640+0000] {dag.py:4180} INFO - Setting next_dagrun for example_sensors to None, run_after=None
[2024-10-31T11:55:10.649+0000] {processor.py:208} INFO - Processing /home/airflow/.local/lib/python3.11/site-packages/airflow/example_dags/example_sensors.py took 0.053 seconds
[2024-10-31T11:55:40.675+0000] {processor.py:186} INFO - Started process (PID=2901) to work on /home/airflow/.local/lib/python3.11/site-packages/airflow/example_dags/example_sensors.py
[2024-10-31T11:55:40.676+0000] {processor.py:914} INFO - Processing file /home/airflow/.local/lib/python3.11/site-packages/airflow/example_dags/example_sensors.py for tasks to queue
[2024-10-31T11:55:40.681+0000] {logging_mixin.py:190} INFO - [2024-10-31T11:55:40.681+0000] {dagbag.py:588} INFO - Filling up the DagBag from /home/airflow/.local/lib/python3.11/site-packages/airflow/example_dags/example_sensors.py
[2024-10-31T11:55:40.689+0000] {processor.py:925} INFO - DAG(s) 'example_sensors' retrieved from /home/airflow/.local/lib/python3.11/site-packages/airflow/example_dags/example_sensors.py
[2024-10-31T11:55:40.700+0000] {logging_mixin.py:190} INFO - [2024-10-31T11:55:40.700+0000] {dag.py:3239} INFO - Sync 1 DAGs
[2024-10-31T11:55:40.707+0000] {logging_mixin.py:190} INFO - [2024-10-31T11:55:40.707+0000] {dag.py:4180} INFO - Setting next_dagrun for example_sensors to None, run_after=None
[2024-10-31T11:55:40.714+0000] {processor.py:208} INFO - Processing /home/airflow/.local/lib/python3.11/site-packages/airflow/example_dags/example_sensors.py took 0.043 seconds
[2024-10-31T11:56:11.019+0000] {processor.py:186} INFO - Started process (PID=2964) to work on /home/airflow/.local/lib/python3.11/site-packages/airflow/example_dags/example_sensors.py
[2024-10-31T11:56:11.020+0000] {processor.py:914} INFO - Processing file /home/airflow/.local/lib/python3.11/site-packages/airflow/example_dags/example_sensors.py for tasks to queue
[2024-10-31T11:56:11.021+0000] {logging_mixin.py:190} INFO - [2024-10-31T11:56:11.021+0000] {dagbag.py:588} INFO - Filling up the DagBag from /home/airflow/.local/lib/python3.11/site-packages/airflow/example_dags/example_sensors.py
[2024-10-31T11:56:11.027+0000] {processor.py:925} INFO - DAG(s) 'example_sensors' retrieved from /home/airflow/.local/lib/python3.11/site-packages/airflow/example_dags/example_sensors.py
[2024-10-31T11:56:11.040+0000] {logging_mixin.py:190} INFO - [2024-10-31T11:56:11.040+0000] {dag.py:3239} INFO - Sync 1 DAGs
[2024-10-31T11:56:11.047+0000] {logging_mixin.py:190} INFO - [2024-10-31T11:56:11.047+0000] {dag.py:4180} INFO - Setting next_dagrun for example_sensors to None, run_after=None
[2024-10-31T11:56:11.054+0000] {processor.py:208} INFO - Processing /home/airflow/.local/lib/python3.11/site-packages/airflow/example_dags/example_sensors.py took 0.039 seconds
[2024-10-31T11:56:41.745+0000] {processor.py:186} INFO - Started process (PID=3027) to work on /home/airflow/.local/lib/python3.11/site-packages/airflow/example_dags/example_sensors.py
[2024-10-31T11:56:41.746+0000] {processor.py:914} INFO - Processing file /home/airflow/.local/lib/python3.11/site-packages/airflow/example_dags/example_sensors.py for tasks to queue
[2024-10-31T11:56:41.747+0000] {logging_mixin.py:190} INFO - [2024-10-31T11:56:41.747+0000] {dagbag.py:588} INFO - Filling up the DagBag from /home/airflow/.local/lib/python3.11/site-packages/airflow/example_dags/example_sensors.py
[2024-10-31T11:56:41.753+0000] {processor.py:925} INFO - DAG(s) 'example_sensors' retrieved from /home/airflow/.local/lib/python3.11/site-packages/airflow/example_dags/example_sensors.py
[2024-10-31T11:56:41.764+0000] {logging_mixin.py:190} INFO - [2024-10-31T11:56:41.764+0000] {dag.py:3239} INFO - Sync 1 DAGs
[2024-10-31T11:56:41.770+0000] {logging_mixin.py:190} INFO - [2024-10-31T11:56:41.770+0000] {dag.py:4180} INFO - Setting next_dagrun for example_sensors to None, run_after=None
[2024-10-31T11:56:41.777+0000] {processor.py:208} INFO - Processing /home/airflow/.local/lib/python3.11/site-packages/airflow/example_dags/example_sensors.py took 0.035 seconds
[2024-10-31T11:57:12.639+0000] {processor.py:186} INFO - Started process (PID=3090) to work on /home/airflow/.local/lib/python3.11/site-packages/airflow/example_dags/example_sensors.py
[2024-10-31T11:57:12.640+0000] {processor.py:914} INFO - Processing file /home/airflow/.local/lib/python3.11/site-packages/airflow/example_dags/example_sensors.py for tasks to queue
[2024-10-31T11:57:12.641+0000] {logging_mixin.py:190} INFO - [2024-10-31T11:57:12.641+0000] {dagbag.py:588} INFO - Filling up the DagBag from /home/airflow/.local/lib/python3.11/site-packages/airflow/example_dags/example_sensors.py
[2024-10-31T11:57:12.647+0000] {processor.py:925} INFO - DAG(s) 'example_sensors' retrieved from /home/airflow/.local/lib/python3.11/site-packages/airflow/example_dags/example_sensors.py
[2024-10-31T11:57:12.658+0000] {logging_mixin.py:190} INFO - [2024-10-31T11:57:12.658+0000] {dag.py:3239} INFO - Sync 1 DAGs
[2024-10-31T11:57:12.665+0000] {logging_mixin.py:190} INFO - [2024-10-31T11:57:12.665+0000] {dag.py:4180} INFO - Setting next_dagrun for example_sensors to None, run_after=None
[2024-10-31T11:57:12.672+0000] {processor.py:208} INFO - Processing /home/airflow/.local/lib/python3.11/site-packages/airflow/example_dags/example_sensors.py took 0.036 seconds
[2024-10-31T11:57:42.919+0000] {processor.py:186} INFO - Started process (PID=3153) to work on /home/airflow/.local/lib/python3.11/site-packages/airflow/example_dags/example_sensors.py
[2024-10-31T11:57:42.920+0000] {processor.py:914} INFO - Processing file /home/airflow/.local/lib/python3.11/site-packages/airflow/example_dags/example_sensors.py for tasks to queue
[2024-10-31T11:57:42.921+0000] {logging_mixin.py:190} INFO - [2024-10-31T11:57:42.921+0000] {dagbag.py:588} INFO - Filling up the DagBag from /home/airflow/.local/lib/python3.11/site-packages/airflow/example_dags/example_sensors.py
[2024-10-31T11:57:42.927+0000] {processor.py:925} INFO - DAG(s) 'example_sensors' retrieved from /home/airflow/.local/lib/python3.11/site-packages/airflow/example_dags/example_sensors.py
[2024-10-31T11:57:42.939+0000] {logging_mixin.py:190} INFO - [2024-10-31T11:57:42.939+0000] {dag.py:3239} INFO - Sync 1 DAGs
[2024-10-31T11:57:42.944+0000] {logging_mixin.py:190} INFO - [2024-10-31T11:57:42.944+0000] {dag.py:4180} INFO - Setting next_dagrun for example_sensors to None, run_after=None
[2024-10-31T11:57:42.951+0000] {processor.py:208} INFO - Processing /home/airflow/.local/lib/python3.11/site-packages/airflow/example_dags/example_sensors.py took 0.036 seconds
[2024-10-31T11:58:13.689+0000] {processor.py:186} INFO - Started process (PID=3216) to work on /home/airflow/.local/lib/python3.11/site-packages/airflow/example_dags/example_sensors.py
[2024-10-31T11:58:13.690+0000] {processor.py:914} INFO - Processing file /home/airflow/.local/lib/python3.11/site-packages/airflow/example_dags/example_sensors.py for tasks to queue
[2024-10-31T11:58:13.692+0000] {logging_mixin.py:190} INFO - [2024-10-31T11:58:13.691+0000] {dagbag.py:588} INFO - Filling up the DagBag from /home/airflow/.local/lib/python3.11/site-packages/airflow/example_dags/example_sensors.py
[2024-10-31T11:58:13.698+0000] {processor.py:925} INFO - DAG(s) 'example_sensors' retrieved from /home/airflow/.local/lib/python3.11/site-packages/airflow/example_dags/example_sensors.py
[2024-10-31T11:58:13.714+0000] {logging_mixin.py:190} INFO - [2024-10-31T11:58:13.713+0000] {dag.py:3239} INFO - Sync 1 DAGs
[2024-10-31T11:58:13.722+0000] {logging_mixin.py:190} INFO - [2024-10-31T11:58:13.722+0000] {dag.py:4180} INFO - Setting next_dagrun for example_sensors to None, run_after=None
[2024-10-31T11:58:13.731+0000] {processor.py:208} INFO - Processing /home/airflow/.local/lib/python3.11/site-packages/airflow/example_dags/example_sensors.py took 0.046 seconds
[2024-10-31T11:58:43.889+0000] {processor.py:186} INFO - Started process (PID=3279) to work on /home/airflow/.local/lib/python3.11/site-packages/airflow/example_dags/example_sensors.py
[2024-10-31T11:58:43.890+0000] {processor.py:914} INFO - Processing file /home/airflow/.local/lib/python3.11/site-packages/airflow/example_dags/example_sensors.py for tasks to queue
[2024-10-31T11:58:43.892+0000] {logging_mixin.py:190} INFO - [2024-10-31T11:58:43.892+0000] {dagbag.py:588} INFO - Filling up the DagBag from /home/airflow/.local/lib/python3.11/site-packages/airflow/example_dags/example_sensors.py
[2024-10-31T11:58:43.898+0000] {processor.py:925} INFO - DAG(s) 'example_sensors' retrieved from /home/airflow/.local/lib/python3.11/site-packages/airflow/example_dags/example_sensors.py
[2024-10-31T11:58:43.911+0000] {logging_mixin.py:190} INFO - [2024-10-31T11:58:43.911+0000] {dag.py:3239} INFO - Sync 1 DAGs
[2024-10-31T11:58:43.917+0000] {logging_mixin.py:190} INFO - [2024-10-31T11:58:43.917+0000] {dag.py:4180} INFO - Setting next_dagrun for example_sensors to None, run_after=None
[2024-10-31T11:58:43.926+0000] {processor.py:208} INFO - Processing /home/airflow/.local/lib/python3.11/site-packages/airflow/example_dags/example_sensors.py took 0.041 seconds
[2024-10-31T11:59:14.513+0000] {processor.py:186} INFO - Started process (PID=3342) to work on /home/airflow/.local/lib/python3.11/site-packages/airflow/example_dags/example_sensors.py
[2024-10-31T11:59:14.514+0000] {processor.py:914} INFO - Processing file /home/airflow/.local/lib/python3.11/site-packages/airflow/example_dags/example_sensors.py for tasks to queue
[2024-10-31T11:59:14.515+0000] {logging_mixin.py:190} INFO - [2024-10-31T11:59:14.515+0000] {dagbag.py:588} INFO - Filling up the DagBag from /home/airflow/.local/lib/python3.11/site-packages/airflow/example_dags/example_sensors.py
[2024-10-31T11:59:14.521+0000] {processor.py:925} INFO - DAG(s) 'example_sensors' retrieved from /home/airflow/.local/lib/python3.11/site-packages/airflow/example_dags/example_sensors.py
[2024-10-31T11:59:14.532+0000] {logging_mixin.py:190} INFO - [2024-10-31T11:59:14.532+0000] {dag.py:3239} INFO - Sync 1 DAGs
[2024-10-31T11:59:14.538+0000] {logging_mixin.py:190} INFO - [2024-10-31T11:59:14.537+0000] {dag.py:4180} INFO - Setting next_dagrun for example_sensors to None, run_after=None
[2024-10-31T11:59:14.545+0000] {processor.py:208} INFO - Processing /home/airflow/.local/lib/python3.11/site-packages/airflow/example_dags/example_sensors.py took 0.035 seconds
[2024-10-31T11:59:45.172+0000] {processor.py:186} INFO - Started process (PID=3405) to work on /home/airflow/.local/lib/python3.11/site-packages/airflow/example_dags/example_sensors.py
[2024-10-31T11:59:45.173+0000] {processor.py:914} INFO - Processing file /home/airflow/.local/lib/python3.11/site-packages/airflow/example_dags/example_sensors.py for tasks to queue
[2024-10-31T11:59:45.175+0000] {logging_mixin.py:190} INFO - [2024-10-31T11:59:45.175+0000] {dagbag.py:588} INFO - Filling up the DagBag from /home/airflow/.local/lib/python3.11/site-packages/airflow/example_dags/example_sensors.py
[2024-10-31T11:59:45.181+0000] {processor.py:925} INFO - DAG(s) 'example_sensors' retrieved from /home/airflow/.local/lib/python3.11/site-packages/airflow/example_dags/example_sensors.py
[2024-10-31T11:59:45.194+0000] {logging_mixin.py:190} INFO - [2024-10-31T11:59:45.194+0000] {dag.py:3239} INFO - Sync 1 DAGs
[2024-10-31T11:59:45.200+0000] {logging_mixin.py:190} INFO - [2024-10-31T11:59:45.200+0000] {dag.py:4180} INFO - Setting next_dagrun for example_sensors to None, run_after=None
[2024-10-31T11:59:45.207+0000] {processor.py:208} INFO - Processing /home/airflow/.local/lib/python3.11/site-packages/airflow/example_dags/example_sensors.py took 0.038 seconds
[2024-10-31T12:00:15.991+0000] {processor.py:186} INFO - Started process (PID=3468) to work on /home/airflow/.local/lib/python3.11/site-packages/airflow/example_dags/example_sensors.py
[2024-10-31T12:00:15.992+0000] {processor.py:914} INFO - Processing file /home/airflow/.local/lib/python3.11/site-packages/airflow/example_dags/example_sensors.py for tasks to queue
[2024-10-31T12:00:15.994+0000] {logging_mixin.py:190} INFO - [2024-10-31T12:00:15.994+0000] {dagbag.py:588} INFO - Filling up the DagBag from /home/airflow/.local/lib/python3.11/site-packages/airflow/example_dags/example_sensors.py
[2024-10-31T12:00:16.001+0000] {processor.py:925} INFO - DAG(s) 'example_sensors' retrieved from /home/airflow/.local/lib/python3.11/site-packages/airflow/example_dags/example_sensors.py
[2024-10-31T12:00:16.018+0000] {logging_mixin.py:190} INFO - [2024-10-31T12:00:16.018+0000] {dag.py:3239} INFO - Sync 1 DAGs
[2024-10-31T12:00:16.025+0000] {logging_mixin.py:190} INFO - [2024-10-31T12:00:16.025+0000] {dag.py:4180} INFO - Setting next_dagrun for example_sensors to None, run_after=None
[2024-10-31T12:00:16.035+0000] {processor.py:208} INFO - Processing /home/airflow/.local/lib/python3.11/site-packages/airflow/example_dags/example_sensors.py took 0.048 seconds
[2024-10-31T12:00:46.589+0000] {processor.py:186} INFO - Started process (PID=3531) to work on /home/airflow/.local/lib/python3.11/site-packages/airflow/example_dags/example_sensors.py
[2024-10-31T12:00:46.590+0000] {processor.py:914} INFO - Processing file /home/airflow/.local/lib/python3.11/site-packages/airflow/example_dags/example_sensors.py for tasks to queue
[2024-10-31T12:00:46.591+0000] {logging_mixin.py:190} INFO - [2024-10-31T12:00:46.591+0000] {dagbag.py:588} INFO - Filling up the DagBag from /home/airflow/.local/lib/python3.11/site-packages/airflow/example_dags/example_sensors.py
[2024-10-31T12:00:46.598+0000] {processor.py:925} INFO - DAG(s) 'example_sensors' retrieved from /home/airflow/.local/lib/python3.11/site-packages/airflow/example_dags/example_sensors.py
[2024-10-31T12:00:46.611+0000] {logging_mixin.py:190} INFO - [2024-10-31T12:00:46.611+0000] {dag.py:3239} INFO - Sync 1 DAGs
[2024-10-31T12:00:46.619+0000] {logging_mixin.py:190} INFO - [2024-10-31T12:00:46.619+0000] {dag.py:4180} INFO - Setting next_dagrun for example_sensors to None, run_after=None
[2024-10-31T12:00:46.628+0000] {processor.py:208} INFO - Processing /home/airflow/.local/lib/python3.11/site-packages/airflow/example_dags/example_sensors.py took 0.043 seconds
[2024-10-31T12:01:17.310+0000] {processor.py:186} INFO - Started process (PID=3594) to work on /home/airflow/.local/lib/python3.11/site-packages/airflow/example_dags/example_sensors.py
[2024-10-31T12:01:17.310+0000] {processor.py:914} INFO - Processing file /home/airflow/.local/lib/python3.11/site-packages/airflow/example_dags/example_sensors.py for tasks to queue
[2024-10-31T12:01:17.312+0000] {logging_mixin.py:190} INFO - [2024-10-31T12:01:17.311+0000] {dagbag.py:588} INFO - Filling up the DagBag from /home/airflow/.local/lib/python3.11/site-packages/airflow/example_dags/example_sensors.py
[2024-10-31T12:01:17.318+0000] {processor.py:925} INFO - DAG(s) 'example_sensors' retrieved from /home/airflow/.local/lib/python3.11/site-packages/airflow/example_dags/example_sensors.py
[2024-10-31T12:01:17.329+0000] {logging_mixin.py:190} INFO - [2024-10-31T12:01:17.329+0000] {dag.py:3239} INFO - Sync 1 DAGs
[2024-10-31T12:01:17.334+0000] {logging_mixin.py:190} INFO - [2024-10-31T12:01:17.334+0000] {dag.py:4180} INFO - Setting next_dagrun for example_sensors to None, run_after=None
[2024-10-31T12:01:17.342+0000] {processor.py:208} INFO - Processing /home/airflow/.local/lib/python3.11/site-packages/airflow/example_dags/example_sensors.py took 0.036 seconds
[2024-10-31T12:18:30.562+0000] {processor.py:186} INFO - Started process (PID=3629) to work on /home/airflow/.local/lib/python3.11/site-packages/airflow/example_dags/example_sensors.py
[2024-10-31T12:18:30.563+0000] {processor.py:914} INFO - Processing file /home/airflow/.local/lib/python3.11/site-packages/airflow/example_dags/example_sensors.py for tasks to queue
[2024-10-31T12:18:30.564+0000] {logging_mixin.py:190} INFO - [2024-10-31T12:18:30.564+0000] {dagbag.py:588} INFO - Filling up the DagBag from /home/airflow/.local/lib/python3.11/site-packages/airflow/example_dags/example_sensors.py
[2024-10-31T12:18:30.570+0000] {processor.py:925} INFO - DAG(s) 'example_sensors' retrieved from /home/airflow/.local/lib/python3.11/site-packages/airflow/example_dags/example_sensors.py
[2024-10-31T12:18:30.582+0000] {logging_mixin.py:190} INFO - [2024-10-31T12:18:30.582+0000] {dag.py:3239} INFO - Sync 1 DAGs
[2024-10-31T12:18:30.589+0000] {logging_mixin.py:190} INFO - [2024-10-31T12:18:30.589+0000] {dag.py:4180} INFO - Setting next_dagrun for example_sensors to None, run_after=None
[2024-10-31T12:18:30.597+0000] {processor.py:208} INFO - Processing /home/airflow/.local/lib/python3.11/site-packages/airflow/example_dags/example_sensors.py took 0.038 seconds
[2024-10-31T12:52:29.486+0000] {processor.py:186} INFO - Started process (PID=3692) to work on /home/airflow/.local/lib/python3.11/site-packages/airflow/example_dags/example_sensors.py
[2024-10-31T12:52:29.486+0000] {processor.py:914} INFO - Processing file /home/airflow/.local/lib/python3.11/site-packages/airflow/example_dags/example_sensors.py for tasks to queue
[2024-10-31T12:52:29.488+0000] {logging_mixin.py:190} INFO - [2024-10-31T12:52:29.488+0000] {dagbag.py:588} INFO - Filling up the DagBag from /home/airflow/.local/lib/python3.11/site-packages/airflow/example_dags/example_sensors.py
[2024-10-31T12:52:29.495+0000] {processor.py:925} INFO - DAG(s) 'example_sensors' retrieved from /home/airflow/.local/lib/python3.11/site-packages/airflow/example_dags/example_sensors.py
[2024-10-31T12:52:29.509+0000] {logging_mixin.py:190} INFO - [2024-10-31T12:52:29.508+0000] {dag.py:3239} INFO - Sync 1 DAGs
[2024-10-31T12:52:29.516+0000] {logging_mixin.py:190} INFO - [2024-10-31T12:52:29.516+0000] {dag.py:4180} INFO - Setting next_dagrun for example_sensors to None, run_after=None
[2024-10-31T12:52:29.525+0000] {processor.py:208} INFO - Processing /home/airflow/.local/lib/python3.11/site-packages/airflow/example_dags/example_sensors.py took 0.043 seconds
[2024-10-31T14:01:28.609+0000] {processor.py:186} INFO - Started process (PID=3755) to work on /home/airflow/.local/lib/python3.11/site-packages/airflow/example_dags/example_sensors.py
[2024-10-31T14:01:28.610+0000] {processor.py:914} INFO - Processing file /home/airflow/.local/lib/python3.11/site-packages/airflow/example_dags/example_sensors.py for tasks to queue
[2024-10-31T14:01:28.612+0000] {logging_mixin.py:190} INFO - [2024-10-31T14:01:28.611+0000] {dagbag.py:588} INFO - Filling up the DagBag from /home/airflow/.local/lib/python3.11/site-packages/airflow/example_dags/example_sensors.py
[2024-10-31T14:01:28.623+0000] {processor.py:925} INFO - DAG(s) 'example_sensors' retrieved from /home/airflow/.local/lib/python3.11/site-packages/airflow/example_dags/example_sensors.py
[2024-10-31T14:01:28.638+0000] {logging_mixin.py:190} INFO - [2024-10-31T14:01:28.638+0000] {dag.py:3239} INFO - Sync 1 DAGs
[2024-10-31T14:01:28.647+0000] {logging_mixin.py:190} INFO - [2024-10-31T14:01:28.647+0000] {dag.py:4180} INFO - Setting next_dagrun for example_sensors to None, run_after=None
[2024-10-31T14:01:28.657+0000] {processor.py:208} INFO - Processing /home/airflow/.local/lib/python3.11/site-packages/airflow/example_dags/example_sensors.py took 0.055 seconds
[2024-10-31T14:51:06.261+0000] {processor.py:186} INFO - Started process (PID=3818) to work on /home/airflow/.local/lib/python3.11/site-packages/airflow/example_dags/example_sensors.py
[2024-10-31T14:51:06.262+0000] {processor.py:914} INFO - Processing file /home/airflow/.local/lib/python3.11/site-packages/airflow/example_dags/example_sensors.py for tasks to queue
[2024-10-31T14:51:06.263+0000] {logging_mixin.py:190} INFO - [2024-10-31T14:51:06.263+0000] {dagbag.py:588} INFO - Filling up the DagBag from /home/airflow/.local/lib/python3.11/site-packages/airflow/example_dags/example_sensors.py
[2024-10-31T14:51:06.269+0000] {processor.py:925} INFO - DAG(s) 'example_sensors' retrieved from /home/airflow/.local/lib/python3.11/site-packages/airflow/example_dags/example_sensors.py
[2024-10-31T14:51:06.282+0000] {logging_mixin.py:190} INFO - [2024-10-31T14:51:06.282+0000] {dag.py:3239} INFO - Sync 1 DAGs
[2024-10-31T14:51:06.290+0000] {logging_mixin.py:190} INFO - [2024-10-31T14:51:06.290+0000] {dag.py:4180} INFO - Setting next_dagrun for example_sensors to None, run_after=None
[2024-10-31T14:51:06.301+0000] {processor.py:208} INFO - Processing /home/airflow/.local/lib/python3.11/site-packages/airflow/example_dags/example_sensors.py took 0.043 seconds
[2024-10-31T15:35:06.598+0000] {processor.py:186} INFO - Started process (PID=3881) to work on /home/airflow/.local/lib/python3.11/site-packages/airflow/example_dags/example_sensors.py
[2024-10-31T15:35:06.599+0000] {processor.py:914} INFO - Processing file /home/airflow/.local/lib/python3.11/site-packages/airflow/example_dags/example_sensors.py for tasks to queue
[2024-10-31T15:35:06.600+0000] {logging_mixin.py:190} INFO - [2024-10-31T15:35:06.600+0000] {dagbag.py:588} INFO - Filling up the DagBag from /home/airflow/.local/lib/python3.11/site-packages/airflow/example_dags/example_sensors.py
[2024-10-31T15:35:06.607+0000] {processor.py:925} INFO - DAG(s) 'example_sensors' retrieved from /home/airflow/.local/lib/python3.11/site-packages/airflow/example_dags/example_sensors.py
[2024-10-31T15:35:06.621+0000] {logging_mixin.py:190} INFO - [2024-10-31T15:35:06.621+0000] {dag.py:3239} INFO - Sync 1 DAGs
[2024-10-31T15:35:06.640+0000] {logging_mixin.py:190} INFO - [2024-10-31T15:35:06.640+0000] {dag.py:4180} INFO - Setting next_dagrun for example_sensors to None, run_after=None
[2024-10-31T15:35:06.653+0000] {processor.py:208} INFO - Processing /home/airflow/.local/lib/python3.11/site-packages/airflow/example_dags/example_sensors.py took 0.060 seconds
[2024-10-31T16:03:34.672+0000] {processor.py:186} INFO - Started process (PID=3944) to work on /home/airflow/.local/lib/python3.11/site-packages/airflow/example_dags/example_sensors.py
[2024-10-31T16:03:34.673+0000] {processor.py:914} INFO - Processing file /home/airflow/.local/lib/python3.11/site-packages/airflow/example_dags/example_sensors.py for tasks to queue
[2024-10-31T16:03:34.674+0000] {logging_mixin.py:190} INFO - [2024-10-31T16:03:34.674+0000] {dagbag.py:588} INFO - Filling up the DagBag from /home/airflow/.local/lib/python3.11/site-packages/airflow/example_dags/example_sensors.py
[2024-10-31T16:03:34.680+0000] {processor.py:925} INFO - DAG(s) 'example_sensors' retrieved from /home/airflow/.local/lib/python3.11/site-packages/airflow/example_dags/example_sensors.py
[2024-10-31T16:03:34.695+0000] {logging_mixin.py:190} INFO - [2024-10-31T16:03:34.695+0000] {dag.py:3239} INFO - Sync 1 DAGs
[2024-10-31T16:03:34.701+0000] {logging_mixin.py:190} INFO - [2024-10-31T16:03:34.701+0000] {dag.py:4180} INFO - Setting next_dagrun for example_sensors to None, run_after=None
[2024-10-31T16:03:34.711+0000] {processor.py:208} INFO - Processing /home/airflow/.local/lib/python3.11/site-packages/airflow/example_dags/example_sensors.py took 0.042 seconds
[2024-10-31T16:08:19.331+0000] {processor.py:186} INFO - Started process (PID=4007) to work on /home/airflow/.local/lib/python3.11/site-packages/airflow/example_dags/example_sensors.py
[2024-10-31T16:08:19.331+0000] {processor.py:914} INFO - Processing file /home/airflow/.local/lib/python3.11/site-packages/airflow/example_dags/example_sensors.py for tasks to queue
[2024-10-31T16:08:19.333+0000] {logging_mixin.py:190} INFO - [2024-10-31T16:08:19.333+0000] {dagbag.py:588} INFO - Filling up the DagBag from /home/airflow/.local/lib/python3.11/site-packages/airflow/example_dags/example_sensors.py
[2024-10-31T16:08:19.339+0000] {processor.py:925} INFO - DAG(s) 'example_sensors' retrieved from /home/airflow/.local/lib/python3.11/site-packages/airflow/example_dags/example_sensors.py
[2024-10-31T16:08:19.352+0000] {logging_mixin.py:190} INFO - [2024-10-31T16:08:19.351+0000] {dag.py:3239} INFO - Sync 1 DAGs
[2024-10-31T16:08:19.359+0000] {logging_mixin.py:190} INFO - [2024-10-31T16:08:19.358+0000] {dag.py:4180} INFO - Setting next_dagrun for example_sensors to None, run_after=None
[2024-10-31T16:08:19.367+0000] {processor.py:208} INFO - Processing /home/airflow/.local/lib/python3.11/site-packages/airflow/example_dags/example_sensors.py took 0.039 seconds
[2024-10-31T16:08:49.684+0000] {processor.py:186} INFO - Started process (PID=4071) to work on /home/airflow/.local/lib/python3.11/site-packages/airflow/example_dags/example_sensors.py
[2024-10-31T16:08:49.684+0000] {processor.py:914} INFO - Processing file /home/airflow/.local/lib/python3.11/site-packages/airflow/example_dags/example_sensors.py for tasks to queue
[2024-10-31T16:08:49.686+0000] {logging_mixin.py:190} INFO - [2024-10-31T16:08:49.685+0000] {dagbag.py:588} INFO - Filling up the DagBag from /home/airflow/.local/lib/python3.11/site-packages/airflow/example_dags/example_sensors.py
[2024-10-31T16:08:49.692+0000] {processor.py:925} INFO - DAG(s) 'example_sensors' retrieved from /home/airflow/.local/lib/python3.11/site-packages/airflow/example_dags/example_sensors.py
[2024-10-31T16:08:49.704+0000] {logging_mixin.py:190} INFO - [2024-10-31T16:08:49.704+0000] {dag.py:3239} INFO - Sync 1 DAGs
[2024-10-31T16:08:49.711+0000] {logging_mixin.py:190} INFO - [2024-10-31T16:08:49.711+0000] {dag.py:4180} INFO - Setting next_dagrun for example_sensors to None, run_after=None
[2024-10-31T16:08:49.719+0000] {processor.py:208} INFO - Processing /home/airflow/.local/lib/python3.11/site-packages/airflow/example_dags/example_sensors.py took 0.039 seconds
[2024-10-31T16:09:19.978+0000] {processor.py:186} INFO - Started process (PID=4134) to work on /home/airflow/.local/lib/python3.11/site-packages/airflow/example_dags/example_sensors.py
[2024-10-31T16:09:19.979+0000] {processor.py:914} INFO - Processing file /home/airflow/.local/lib/python3.11/site-packages/airflow/example_dags/example_sensors.py for tasks to queue
[2024-10-31T16:09:19.980+0000] {logging_mixin.py:190} INFO - [2024-10-31T16:09:19.980+0000] {dagbag.py:588} INFO - Filling up the DagBag from /home/airflow/.local/lib/python3.11/site-packages/airflow/example_dags/example_sensors.py
[2024-10-31T16:09:19.986+0000] {processor.py:925} INFO - DAG(s) 'example_sensors' retrieved from /home/airflow/.local/lib/python3.11/site-packages/airflow/example_dags/example_sensors.py
[2024-10-31T16:09:20.002+0000] {logging_mixin.py:190} INFO - [2024-10-31T16:09:20.002+0000] {dag.py:3239} INFO - Sync 1 DAGs
[2024-10-31T16:09:20.009+0000] {logging_mixin.py:190} INFO - [2024-10-31T16:09:20.009+0000] {dag.py:4180} INFO - Setting next_dagrun for example_sensors to None, run_after=None
[2024-10-31T16:09:20.017+0000] {processor.py:208} INFO - Processing /home/airflow/.local/lib/python3.11/site-packages/airflow/example_dags/example_sensors.py took 0.043 seconds
[2024-10-31T16:09:50.146+0000] {processor.py:186} INFO - Started process (PID=4197) to work on /home/airflow/.local/lib/python3.11/site-packages/airflow/example_dags/example_sensors.py
[2024-10-31T16:09:50.146+0000] {processor.py:914} INFO - Processing file /home/airflow/.local/lib/python3.11/site-packages/airflow/example_dags/example_sensors.py for tasks to queue
[2024-10-31T16:09:50.149+0000] {logging_mixin.py:190} INFO - [2024-10-31T16:09:50.149+0000] {dagbag.py:588} INFO - Filling up the DagBag from /home/airflow/.local/lib/python3.11/site-packages/airflow/example_dags/example_sensors.py
[2024-10-31T16:09:50.156+0000] {processor.py:925} INFO - DAG(s) 'example_sensors' retrieved from /home/airflow/.local/lib/python3.11/site-packages/airflow/example_dags/example_sensors.py
[2024-10-31T16:09:50.175+0000] {logging_mixin.py:190} INFO - [2024-10-31T16:09:50.174+0000] {dag.py:3239} INFO - Sync 1 DAGs
[2024-10-31T16:09:50.185+0000] {logging_mixin.py:190} INFO - [2024-10-31T16:09:50.185+0000] {dag.py:4180} INFO - Setting next_dagrun for example_sensors to None, run_after=None
[2024-10-31T16:09:50.195+0000] {processor.py:208} INFO - Processing /home/airflow/.local/lib/python3.11/site-packages/airflow/example_dags/example_sensors.py took 0.052 seconds
[2024-10-31T16:36:37.899+0000] {processor.py:186} INFO - Started process (PID=4259) to work on /home/airflow/.local/lib/python3.11/site-packages/airflow/example_dags/example_sensors.py
[2024-10-31T16:36:37.900+0000] {processor.py:914} INFO - Processing file /home/airflow/.local/lib/python3.11/site-packages/airflow/example_dags/example_sensors.py for tasks to queue
[2024-10-31T16:36:37.902+0000] {logging_mixin.py:190} INFO - [2024-10-31T16:36:37.902+0000] {dagbag.py:588} INFO - Filling up the DagBag from /home/airflow/.local/lib/python3.11/site-packages/airflow/example_dags/example_sensors.py
[2024-10-31T16:36:37.909+0000] {processor.py:925} INFO - DAG(s) 'example_sensors' retrieved from /home/airflow/.local/lib/python3.11/site-packages/airflow/example_dags/example_sensors.py
[2024-10-31T16:36:37.932+0000] {logging_mixin.py:190} INFO - [2024-10-31T16:36:37.932+0000] {dag.py:3239} INFO - Sync 1 DAGs
[2024-10-31T16:36:37.942+0000] {logging_mixin.py:190} INFO - [2024-10-31T16:36:37.942+0000] {dag.py:4180} INFO - Setting next_dagrun for example_sensors to None, run_after=None
[2024-10-31T16:36:37.954+0000] {processor.py:208} INFO - Processing /home/airflow/.local/lib/python3.11/site-packages/airflow/example_dags/example_sensors.py took 0.058 seconds
[2024-10-31T16:37:36.301+0000] {processor.py:186} INFO - Started process (PID=4322) to work on /home/airflow/.local/lib/python3.11/site-packages/airflow/example_dags/example_sensors.py
[2024-10-31T16:37:36.303+0000] {processor.py:914} INFO - Processing file /home/airflow/.local/lib/python3.11/site-packages/airflow/example_dags/example_sensors.py for tasks to queue
[2024-10-31T16:37:36.308+0000] {logging_mixin.py:190} INFO - [2024-10-31T16:37:36.307+0000] {dagbag.py:588} INFO - Filling up the DagBag from /home/airflow/.local/lib/python3.11/site-packages/airflow/example_dags/example_sensors.py
[2024-10-31T16:37:36.317+0000] {processor.py:925} INFO - DAG(s) 'example_sensors' retrieved from /home/airflow/.local/lib/python3.11/site-packages/airflow/example_dags/example_sensors.py
[2024-10-31T16:37:36.335+0000] {logging_mixin.py:190} INFO - [2024-10-31T16:37:36.335+0000] {dag.py:3239} INFO - Sync 1 DAGs
[2024-10-31T16:37:36.347+0000] {logging_mixin.py:190} INFO - [2024-10-31T16:37:36.346+0000] {dag.py:4180} INFO - Setting next_dagrun for example_sensors to None, run_after=None
[2024-10-31T16:37:36.378+0000] {processor.py:208} INFO - Processing /home/airflow/.local/lib/python3.11/site-packages/airflow/example_dags/example_sensors.py took 0.087 seconds
[2024-10-31T17:14:22.309+0000] {processor.py:186} INFO - Started process (PID=4385) to work on /home/airflow/.local/lib/python3.11/site-packages/airflow/example_dags/example_sensors.py
[2024-10-31T17:14:22.311+0000] {processor.py:914} INFO - Processing file /home/airflow/.local/lib/python3.11/site-packages/airflow/example_dags/example_sensors.py for tasks to queue
[2024-10-31T17:14:22.319+0000] {logging_mixin.py:190} INFO - [2024-10-31T17:14:22.318+0000] {dagbag.py:588} INFO - Filling up the DagBag from /home/airflow/.local/lib/python3.11/site-packages/airflow/example_dags/example_sensors.py
[2024-10-31T17:14:22.352+0000] {processor.py:925} INFO - DAG(s) 'example_sensors' retrieved from /home/airflow/.local/lib/python3.11/site-packages/airflow/example_dags/example_sensors.py
[2024-10-31T17:14:22.386+0000] {logging_mixin.py:190} INFO - [2024-10-31T17:14:22.385+0000] {dag.py:3239} INFO - Sync 1 DAGs
[2024-10-31T17:14:22.407+0000] {logging_mixin.py:190} INFO - [2024-10-31T17:14:22.402+0000] {dag.py:4180} INFO - Setting next_dagrun for example_sensors to None, run_after=None
[2024-10-31T17:14:22.420+0000] {processor.py:208} INFO - Processing /home/airflow/.local/lib/python3.11/site-packages/airflow/example_dags/example_sensors.py took 0.120 seconds
[2024-10-31T18:17:00.344+0000] {processor.py:186} INFO - Started process (PID=4448) to work on /home/airflow/.local/lib/python3.11/site-packages/airflow/example_dags/example_sensors.py
[2024-10-31T18:17:00.345+0000] {processor.py:914} INFO - Processing file /home/airflow/.local/lib/python3.11/site-packages/airflow/example_dags/example_sensors.py for tasks to queue
[2024-10-31T18:17:00.347+0000] {logging_mixin.py:190} INFO - [2024-10-31T18:17:00.346+0000] {dagbag.py:588} INFO - Filling up the DagBag from /home/airflow/.local/lib/python3.11/site-packages/airflow/example_dags/example_sensors.py
[2024-10-31T18:17:00.352+0000] {processor.py:925} INFO - DAG(s) 'example_sensors' retrieved from /home/airflow/.local/lib/python3.11/site-packages/airflow/example_dags/example_sensors.py
[2024-10-31T18:17:00.366+0000] {logging_mixin.py:190} INFO - [2024-10-31T18:17:00.366+0000] {dag.py:3239} INFO - Sync 1 DAGs
[2024-10-31T18:17:00.374+0000] {logging_mixin.py:190} INFO - [2024-10-31T18:17:00.374+0000] {dag.py:4180} INFO - Setting next_dagrun for example_sensors to None, run_after=None
[2024-10-31T18:17:00.382+0000] {processor.py:208} INFO - Processing /home/airflow/.local/lib/python3.11/site-packages/airflow/example_dags/example_sensors.py took 0.041 seconds
[2024-10-31T19:00:48.495+0000] {processor.py:186} INFO - Started process (PID=4511) to work on /home/airflow/.local/lib/python3.11/site-packages/airflow/example_dags/example_sensors.py
[2024-10-31T19:00:48.496+0000] {processor.py:914} INFO - Processing file /home/airflow/.local/lib/python3.11/site-packages/airflow/example_dags/example_sensors.py for tasks to queue
[2024-10-31T19:00:48.497+0000] {logging_mixin.py:190} INFO - [2024-10-31T19:00:48.497+0000] {dagbag.py:588} INFO - Filling up the DagBag from /home/airflow/.local/lib/python3.11/site-packages/airflow/example_dags/example_sensors.py
[2024-10-31T19:00:48.503+0000] {processor.py:925} INFO - DAG(s) 'example_sensors' retrieved from /home/airflow/.local/lib/python3.11/site-packages/airflow/example_dags/example_sensors.py
[2024-10-31T19:00:48.517+0000] {logging_mixin.py:190} INFO - [2024-10-31T19:00:48.516+0000] {dag.py:3239} INFO - Sync 1 DAGs
[2024-10-31T19:00:48.524+0000] {logging_mixin.py:190} INFO - [2024-10-31T19:00:48.524+0000] {dag.py:4180} INFO - Setting next_dagrun for example_sensors to None, run_after=None
[2024-10-31T19:00:48.532+0000] {processor.py:208} INFO - Processing /home/airflow/.local/lib/python3.11/site-packages/airflow/example_dags/example_sensors.py took 0.041 seconds
[2024-10-31T20:00:06.464+0000] {processor.py:186} INFO - Started process (PID=4574) to work on /home/airflow/.local/lib/python3.11/site-packages/airflow/example_dags/example_sensors.py
[2024-10-31T20:00:06.465+0000] {processor.py:914} INFO - Processing file /home/airflow/.local/lib/python3.11/site-packages/airflow/example_dags/example_sensors.py for tasks to queue
[2024-10-31T20:00:06.466+0000] {logging_mixin.py:190} INFO - [2024-10-31T20:00:06.466+0000] {dagbag.py:588} INFO - Filling up the DagBag from /home/airflow/.local/lib/python3.11/site-packages/airflow/example_dags/example_sensors.py
[2024-10-31T20:00:06.472+0000] {processor.py:925} INFO - DAG(s) 'example_sensors' retrieved from /home/airflow/.local/lib/python3.11/site-packages/airflow/example_dags/example_sensors.py
[2024-10-31T20:00:06.485+0000] {logging_mixin.py:190} INFO - [2024-10-31T20:00:06.485+0000] {dag.py:3239} INFO - Sync 1 DAGs
[2024-10-31T20:00:06.492+0000] {logging_mixin.py:190} INFO - [2024-10-31T20:00:06.492+0000] {dag.py:4180} INFO - Setting next_dagrun for example_sensors to None, run_after=None
[2024-10-31T20:00:06.501+0000] {processor.py:208} INFO - Processing /home/airflow/.local/lib/python3.11/site-packages/airflow/example_dags/example_sensors.py took 0.040 seconds
[2024-10-31T21:13:11.513+0000] {processor.py:186} INFO - Started process (PID=4637) to work on /home/airflow/.local/lib/python3.11/site-packages/airflow/example_dags/example_sensors.py
[2024-10-31T21:13:11.514+0000] {processor.py:914} INFO - Processing file /home/airflow/.local/lib/python3.11/site-packages/airflow/example_dags/example_sensors.py for tasks to queue
[2024-10-31T21:13:11.515+0000] {logging_mixin.py:190} INFO - [2024-10-31T21:13:11.515+0000] {dagbag.py:588} INFO - Filling up the DagBag from /home/airflow/.local/lib/python3.11/site-packages/airflow/example_dags/example_sensors.py
[2024-10-31T21:13:11.521+0000] {processor.py:925} INFO - DAG(s) 'example_sensors' retrieved from /home/airflow/.local/lib/python3.11/site-packages/airflow/example_dags/example_sensors.py
[2024-10-31T21:13:11.534+0000] {logging_mixin.py:190} INFO - [2024-10-31T21:13:11.534+0000] {dag.py:3239} INFO - Sync 1 DAGs
[2024-10-31T21:13:11.541+0000] {logging_mixin.py:190} INFO - [2024-10-31T21:13:11.541+0000] {dag.py:4180} INFO - Setting next_dagrun for example_sensors to None, run_after=None
[2024-10-31T21:13:11.548+0000] {processor.py:208} INFO - Processing /home/airflow/.local/lib/python3.11/site-packages/airflow/example_dags/example_sensors.py took 0.039 seconds
[2024-10-31T22:34:48.839+0000] {processor.py:186} INFO - Started process (PID=4700) to work on /home/airflow/.local/lib/python3.11/site-packages/airflow/example_dags/example_sensors.py
[2024-10-31T22:34:48.840+0000] {processor.py:914} INFO - Processing file /home/airflow/.local/lib/python3.11/site-packages/airflow/example_dags/example_sensors.py for tasks to queue
[2024-10-31T22:34:48.841+0000] {logging_mixin.py:190} INFO - [2024-10-31T22:34:48.841+0000] {dagbag.py:588} INFO - Filling up the DagBag from /home/airflow/.local/lib/python3.11/site-packages/airflow/example_dags/example_sensors.py
[2024-10-31T22:34:48.847+0000] {processor.py:925} INFO - DAG(s) 'example_sensors' retrieved from /home/airflow/.local/lib/python3.11/site-packages/airflow/example_dags/example_sensors.py
[2024-10-31T22:34:48.861+0000] {logging_mixin.py:190} INFO - [2024-10-31T22:34:48.861+0000] {dag.py:3239} INFO - Sync 1 DAGs
[2024-10-31T22:34:48.868+0000] {logging_mixin.py:190} INFO - [2024-10-31T22:34:48.868+0000] {dag.py:4180} INFO - Setting next_dagrun for example_sensors to None, run_after=None
[2024-10-31T22:34:48.876+0000] {processor.py:208} INFO - Processing /home/airflow/.local/lib/python3.11/site-packages/airflow/example_dags/example_sensors.py took 0.040 seconds
[2024-10-31T23:32:51.850+0000] {processor.py:186} INFO - Started process (PID=4763) to work on /home/airflow/.local/lib/python3.11/site-packages/airflow/example_dags/example_sensors.py
[2024-10-31T23:32:51.851+0000] {processor.py:914} INFO - Processing file /home/airflow/.local/lib/python3.11/site-packages/airflow/example_dags/example_sensors.py for tasks to queue
[2024-10-31T23:32:51.852+0000] {logging_mixin.py:190} INFO - [2024-10-31T23:32:51.852+0000] {dagbag.py:588} INFO - Filling up the DagBag from /home/airflow/.local/lib/python3.11/site-packages/airflow/example_dags/example_sensors.py
[2024-10-31T23:32:51.859+0000] {processor.py:925} INFO - DAG(s) 'example_sensors' retrieved from /home/airflow/.local/lib/python3.11/site-packages/airflow/example_dags/example_sensors.py
[2024-10-31T23:32:51.880+0000] {logging_mixin.py:190} INFO - [2024-10-31T23:32:51.880+0000] {dag.py:3239} INFO - Sync 1 DAGs
[2024-10-31T23:32:51.888+0000] {logging_mixin.py:190} INFO - [2024-10-31T23:32:51.888+0000] {dag.py:4180} INFO - Setting next_dagrun for example_sensors to None, run_after=None
[2024-10-31T23:32:51.899+0000] {processor.py:208} INFO - Processing /home/airflow/.local/lib/python3.11/site-packages/airflow/example_dags/example_sensors.py took 0.053 seconds
