[2024-10-31T11:32:36.092+0000] {processor.py:186} INFO - Started process (PID=50) to work on /home/airflow/.local/lib/python3.11/site-packages/airflow/example_dags/example_complex.py
[2024-10-31T11:32:36.093+0000] {processor.py:914} INFO - Processing file /home/airflow/.local/lib/python3.11/site-packages/airflow/example_dags/example_complex.py for tasks to queue
[2024-10-31T11:32:36.095+0000] {logging_mixin.py:190} INFO - [2024-10-31T11:32:36.095+0000] {dagbag.py:588} INFO - Filling up the DagBag from /home/airflow/.local/lib/python3.11/site-packages/airflow/example_dags/example_complex.py
[2024-10-31T11:32:36.109+0000] {processor.py:925} INFO - DAG(s) 'example_complex' retrieved from /home/airflow/.local/lib/python3.11/site-packages/airflow/example_dags/example_complex.py
[2024-10-31T11:32:36.163+0000] {logging_mixin.py:190} INFO - [2024-10-31T11:32:36.163+0000] {dag.py:3239} INFO - Sync 1 DAGs
[2024-10-31T11:32:36.178+0000] {logging_mixin.py:190} INFO - [2024-10-31T11:32:36.178+0000] {dag.py:4180} INFO - Setting next_dagrun for example_complex to None, run_after=None
[2024-10-31T11:32:36.204+0000] {processor.py:208} INFO - Processing /home/airflow/.local/lib/python3.11/site-packages/airflow/example_dags/example_complex.py took 0.117 seconds
[2024-10-31T11:33:07.193+0000] {processor.py:186} INFO - Started process (PID=113) to work on /home/airflow/.local/lib/python3.11/site-packages/airflow/example_dags/example_complex.py
[2024-10-31T11:33:07.194+0000] {processor.py:914} INFO - Processing file /home/airflow/.local/lib/python3.11/site-packages/airflow/example_dags/example_complex.py for tasks to queue
[2024-10-31T11:33:07.195+0000] {logging_mixin.py:190} INFO - [2024-10-31T11:33:07.195+0000] {dagbag.py:588} INFO - Filling up the DagBag from /home/airflow/.local/lib/python3.11/site-packages/airflow/example_dags/example_complex.py
[2024-10-31T11:33:07.204+0000] {processor.py:925} INFO - DAG(s) 'example_complex' retrieved from /home/airflow/.local/lib/python3.11/site-packages/airflow/example_dags/example_complex.py
[2024-10-31T11:33:07.223+0000] {logging_mixin.py:190} INFO - [2024-10-31T11:33:07.222+0000] {dag.py:3239} INFO - Sync 1 DAGs
[2024-10-31T11:33:07.232+0000] {logging_mixin.py:190} INFO - [2024-10-31T11:33:07.232+0000] {dag.py:4180} INFO - Setting next_dagrun for example_complex to None, run_after=None
[2024-10-31T11:33:07.245+0000] {processor.py:208} INFO - Processing /home/airflow/.local/lib/python3.11/site-packages/airflow/example_dags/example_complex.py took 0.056 seconds
[2024-10-31T11:33:37.300+0000] {processor.py:186} INFO - Started process (PID=175) to work on /home/airflow/.local/lib/python3.11/site-packages/airflow/example_dags/example_complex.py
[2024-10-31T11:33:37.301+0000] {processor.py:914} INFO - Processing file /home/airflow/.local/lib/python3.11/site-packages/airflow/example_dags/example_complex.py for tasks to queue
[2024-10-31T11:33:37.303+0000] {logging_mixin.py:190} INFO - [2024-10-31T11:33:37.303+0000] {dagbag.py:588} INFO - Filling up the DagBag from /home/airflow/.local/lib/python3.11/site-packages/airflow/example_dags/example_complex.py
[2024-10-31T11:33:37.312+0000] {processor.py:925} INFO - DAG(s) 'example_complex' retrieved from /home/airflow/.local/lib/python3.11/site-packages/airflow/example_dags/example_complex.py
[2024-10-31T11:33:37.330+0000] {logging_mixin.py:190} INFO - [2024-10-31T11:33:37.330+0000] {dag.py:3239} INFO - Sync 1 DAGs
[2024-10-31T11:33:37.337+0000] {logging_mixin.py:190} INFO - [2024-10-31T11:33:37.337+0000] {dag.py:4180} INFO - Setting next_dagrun for example_complex to None, run_after=None
[2024-10-31T11:33:37.346+0000] {processor.py:208} INFO - Processing /home/airflow/.local/lib/python3.11/site-packages/airflow/example_dags/example_complex.py took 0.050 seconds
[2024-10-31T11:34:07.547+0000] {processor.py:186} INFO - Started process (PID=238) to work on /home/airflow/.local/lib/python3.11/site-packages/airflow/example_dags/example_complex.py
[2024-10-31T11:34:07.548+0000] {processor.py:914} INFO - Processing file /home/airflow/.local/lib/python3.11/site-packages/airflow/example_dags/example_complex.py for tasks to queue
[2024-10-31T11:34:07.551+0000] {logging_mixin.py:190} INFO - [2024-10-31T11:34:07.550+0000] {dagbag.py:588} INFO - Filling up the DagBag from /home/airflow/.local/lib/python3.11/site-packages/airflow/example_dags/example_complex.py
[2024-10-31T11:34:07.568+0000] {processor.py:925} INFO - DAG(s) 'example_complex' retrieved from /home/airflow/.local/lib/python3.11/site-packages/airflow/example_dags/example_complex.py
[2024-10-31T11:34:07.857+0000] {logging_mixin.py:190} INFO - [2024-10-31T11:34:07.857+0000] {dag.py:3239} INFO - Sync 1 DAGs
[2024-10-31T11:34:07.864+0000] {logging_mixin.py:190} INFO - [2024-10-31T11:34:07.864+0000] {dag.py:4180} INFO - Setting next_dagrun for example_complex to None, run_after=None
[2024-10-31T11:34:07.874+0000] {processor.py:208} INFO - Processing /home/airflow/.local/lib/python3.11/site-packages/airflow/example_dags/example_complex.py took 0.334 seconds
[2024-10-31T11:34:38.903+0000] {processor.py:186} INFO - Started process (PID=301) to work on /home/airflow/.local/lib/python3.11/site-packages/airflow/example_dags/example_complex.py
[2024-10-31T11:34:38.905+0000] {processor.py:914} INFO - Processing file /home/airflow/.local/lib/python3.11/site-packages/airflow/example_dags/example_complex.py for tasks to queue
[2024-10-31T11:34:38.908+0000] {logging_mixin.py:190} INFO - [2024-10-31T11:34:38.907+0000] {dagbag.py:588} INFO - Filling up the DagBag from /home/airflow/.local/lib/python3.11/site-packages/airflow/example_dags/example_complex.py
[2024-10-31T11:34:38.935+0000] {processor.py:925} INFO - DAG(s) 'example_complex' retrieved from /home/airflow/.local/lib/python3.11/site-packages/airflow/example_dags/example_complex.py
[2024-10-31T11:34:39.209+0000] {logging_mixin.py:190} INFO - [2024-10-31T11:34:39.209+0000] {dag.py:3239} INFO - Sync 1 DAGs
[2024-10-31T11:34:39.215+0000] {logging_mixin.py:190} INFO - [2024-10-31T11:34:39.215+0000] {dag.py:4180} INFO - Setting next_dagrun for example_complex to None, run_after=None
[2024-10-31T11:34:39.224+0000] {processor.py:208} INFO - Processing /home/airflow/.local/lib/python3.11/site-packages/airflow/example_dags/example_complex.py took 0.329 seconds
[2024-10-31T11:35:10.380+0000] {processor.py:186} INFO - Started process (PID=365) to work on /home/airflow/.local/lib/python3.11/site-packages/airflow/example_dags/example_complex.py
[2024-10-31T11:35:10.380+0000] {processor.py:914} INFO - Processing file /home/airflow/.local/lib/python3.11/site-packages/airflow/example_dags/example_complex.py for tasks to queue
[2024-10-31T11:35:10.382+0000] {logging_mixin.py:190} INFO - [2024-10-31T11:35:10.382+0000] {dagbag.py:588} INFO - Filling up the DagBag from /home/airflow/.local/lib/python3.11/site-packages/airflow/example_dags/example_complex.py
[2024-10-31T11:35:10.389+0000] {processor.py:925} INFO - DAG(s) 'example_complex' retrieved from /home/airflow/.local/lib/python3.11/site-packages/airflow/example_dags/example_complex.py
[2024-10-31T11:35:10.405+0000] {logging_mixin.py:190} INFO - [2024-10-31T11:35:10.405+0000] {dag.py:3239} INFO - Sync 1 DAGs
[2024-10-31T11:35:10.415+0000] {logging_mixin.py:190} INFO - [2024-10-31T11:35:10.415+0000] {dag.py:4180} INFO - Setting next_dagrun for example_complex to None, run_after=None
[2024-10-31T11:35:10.431+0000] {processor.py:208} INFO - Processing /home/airflow/.local/lib/python3.11/site-packages/airflow/example_dags/example_complex.py took 0.054 seconds
[2024-10-31T11:35:40.737+0000] {processor.py:186} INFO - Started process (PID=428) to work on /home/airflow/.local/lib/python3.11/site-packages/airflow/example_dags/example_complex.py
[2024-10-31T11:35:40.738+0000] {processor.py:914} INFO - Processing file /home/airflow/.local/lib/python3.11/site-packages/airflow/example_dags/example_complex.py for tasks to queue
[2024-10-31T11:35:40.739+0000] {logging_mixin.py:190} INFO - [2024-10-31T11:35:40.739+0000] {dagbag.py:588} INFO - Filling up the DagBag from /home/airflow/.local/lib/python3.11/site-packages/airflow/example_dags/example_complex.py
[2024-10-31T11:35:40.746+0000] {processor.py:925} INFO - DAG(s) 'example_complex' retrieved from /home/airflow/.local/lib/python3.11/site-packages/airflow/example_dags/example_complex.py
[2024-10-31T11:35:40.762+0000] {logging_mixin.py:190} INFO - [2024-10-31T11:35:40.762+0000] {dag.py:3239} INFO - Sync 1 DAGs
[2024-10-31T11:35:40.771+0000] {logging_mixin.py:190} INFO - [2024-10-31T11:35:40.771+0000] {dag.py:4180} INFO - Setting next_dagrun for example_complex to None, run_after=None
[2024-10-31T11:35:40.780+0000] {processor.py:208} INFO - Processing /home/airflow/.local/lib/python3.11/site-packages/airflow/example_dags/example_complex.py took 0.046 seconds
[2024-10-31T11:36:11.148+0000] {processor.py:186} INFO - Started process (PID=491) to work on /home/airflow/.local/lib/python3.11/site-packages/airflow/example_dags/example_complex.py
[2024-10-31T11:36:11.149+0000] {processor.py:914} INFO - Processing file /home/airflow/.local/lib/python3.11/site-packages/airflow/example_dags/example_complex.py for tasks to queue
[2024-10-31T11:36:11.151+0000] {logging_mixin.py:190} INFO - [2024-10-31T11:36:11.151+0000] {dagbag.py:588} INFO - Filling up the DagBag from /home/airflow/.local/lib/python3.11/site-packages/airflow/example_dags/example_complex.py
[2024-10-31T11:36:11.161+0000] {processor.py:925} INFO - DAG(s) 'example_complex' retrieved from /home/airflow/.local/lib/python3.11/site-packages/airflow/example_dags/example_complex.py
[2024-10-31T11:36:11.190+0000] {logging_mixin.py:190} INFO - [2024-10-31T11:36:11.190+0000] {dag.py:3239} INFO - Sync 1 DAGs
[2024-10-31T11:36:11.217+0000] {logging_mixin.py:190} INFO - [2024-10-31T11:36:11.217+0000] {dag.py:4180} INFO - Setting next_dagrun for example_complex to None, run_after=None
[2024-10-31T11:36:11.233+0000] {processor.py:208} INFO - Processing /home/airflow/.local/lib/python3.11/site-packages/airflow/example_dags/example_complex.py took 0.089 seconds
[2024-10-31T11:36:41.359+0000] {processor.py:186} INFO - Started process (PID=555) to work on /home/airflow/.local/lib/python3.11/site-packages/airflow/example_dags/example_complex.py
[2024-10-31T11:36:41.360+0000] {processor.py:914} INFO - Processing file /home/airflow/.local/lib/python3.11/site-packages/airflow/example_dags/example_complex.py for tasks to queue
[2024-10-31T11:36:41.361+0000] {logging_mixin.py:190} INFO - [2024-10-31T11:36:41.361+0000] {dagbag.py:588} INFO - Filling up the DagBag from /home/airflow/.local/lib/python3.11/site-packages/airflow/example_dags/example_complex.py
[2024-10-31T11:36:41.368+0000] {processor.py:925} INFO - DAG(s) 'example_complex' retrieved from /home/airflow/.local/lib/python3.11/site-packages/airflow/example_dags/example_complex.py
[2024-10-31T11:36:41.384+0000] {logging_mixin.py:190} INFO - [2024-10-31T11:36:41.384+0000] {dag.py:3239} INFO - Sync 1 DAGs
[2024-10-31T11:36:41.393+0000] {logging_mixin.py:190} INFO - [2024-10-31T11:36:41.393+0000] {dag.py:4180} INFO - Setting next_dagrun for example_complex to None, run_after=None
[2024-10-31T11:36:41.403+0000] {processor.py:208} INFO - Processing /home/airflow/.local/lib/python3.11/site-packages/airflow/example_dags/example_complex.py took 0.048 seconds
[2024-10-31T11:37:12.442+0000] {processor.py:186} INFO - Started process (PID=617) to work on /home/airflow/.local/lib/python3.11/site-packages/airflow/example_dags/example_complex.py
[2024-10-31T11:37:12.443+0000] {processor.py:914} INFO - Processing file /home/airflow/.local/lib/python3.11/site-packages/airflow/example_dags/example_complex.py for tasks to queue
[2024-10-31T11:37:12.447+0000] {logging_mixin.py:190} INFO - [2024-10-31T11:37:12.446+0000] {dagbag.py:588} INFO - Filling up the DagBag from /home/airflow/.local/lib/python3.11/site-packages/airflow/example_dags/example_complex.py
[2024-10-31T11:37:12.458+0000] {processor.py:925} INFO - DAG(s) 'example_complex' retrieved from /home/airflow/.local/lib/python3.11/site-packages/airflow/example_dags/example_complex.py
[2024-10-31T11:37:12.475+0000] {logging_mixin.py:190} INFO - [2024-10-31T11:37:12.475+0000] {dag.py:3239} INFO - Sync 1 DAGs
[2024-10-31T11:37:12.485+0000] {logging_mixin.py:190} INFO - [2024-10-31T11:37:12.484+0000] {dag.py:4180} INFO - Setting next_dagrun for example_complex to None, run_after=None
[2024-10-31T11:37:12.497+0000] {processor.py:208} INFO - Processing /home/airflow/.local/lib/python3.11/site-packages/airflow/example_dags/example_complex.py took 0.060 seconds
[2024-10-31T11:37:43.004+0000] {processor.py:186} INFO - Started process (PID=679) to work on /home/airflow/.local/lib/python3.11/site-packages/airflow/example_dags/example_complex.py
[2024-10-31T11:37:43.005+0000] {processor.py:914} INFO - Processing file /home/airflow/.local/lib/python3.11/site-packages/airflow/example_dags/example_complex.py for tasks to queue
[2024-10-31T11:37:43.007+0000] {logging_mixin.py:190} INFO - [2024-10-31T11:37:43.007+0000] {dagbag.py:588} INFO - Filling up the DagBag from /home/airflow/.local/lib/python3.11/site-packages/airflow/example_dags/example_complex.py
[2024-10-31T11:37:43.016+0000] {processor.py:925} INFO - DAG(s) 'example_complex' retrieved from /home/airflow/.local/lib/python3.11/site-packages/airflow/example_dags/example_complex.py
[2024-10-31T11:37:43.037+0000] {logging_mixin.py:190} INFO - [2024-10-31T11:37:43.037+0000] {dag.py:3239} INFO - Sync 1 DAGs
[2024-10-31T11:37:43.049+0000] {logging_mixin.py:190} INFO - [2024-10-31T11:37:43.049+0000] {dag.py:4180} INFO - Setting next_dagrun for example_complex to None, run_after=None
[2024-10-31T11:37:43.062+0000] {processor.py:208} INFO - Processing /home/airflow/.local/lib/python3.11/site-packages/airflow/example_dags/example_complex.py took 0.064 seconds
[2024-10-31T11:38:13.669+0000] {processor.py:186} INFO - Started process (PID=742) to work on /home/airflow/.local/lib/python3.11/site-packages/airflow/example_dags/example_complex.py
[2024-10-31T11:38:13.671+0000] {processor.py:914} INFO - Processing file /home/airflow/.local/lib/python3.11/site-packages/airflow/example_dags/example_complex.py for tasks to queue
[2024-10-31T11:38:13.672+0000] {logging_mixin.py:190} INFO - [2024-10-31T11:38:13.672+0000] {dagbag.py:588} INFO - Filling up the DagBag from /home/airflow/.local/lib/python3.11/site-packages/airflow/example_dags/example_complex.py
[2024-10-31T11:38:13.679+0000] {processor.py:925} INFO - DAG(s) 'example_complex' retrieved from /home/airflow/.local/lib/python3.11/site-packages/airflow/example_dags/example_complex.py
[2024-10-31T11:38:13.696+0000] {logging_mixin.py:190} INFO - [2024-10-31T11:38:13.695+0000] {dag.py:3239} INFO - Sync 1 DAGs
[2024-10-31T11:38:13.703+0000] {logging_mixin.py:190} INFO - [2024-10-31T11:38:13.703+0000] {dag.py:4180} INFO - Setting next_dagrun for example_complex to None, run_after=None
[2024-10-31T11:38:13.714+0000] {processor.py:208} INFO - Processing /home/airflow/.local/lib/python3.11/site-packages/airflow/example_dags/example_complex.py took 0.048 seconds
[2024-10-31T11:38:44.378+0000] {processor.py:186} INFO - Started process (PID=805) to work on /home/airflow/.local/lib/python3.11/site-packages/airflow/example_dags/example_complex.py
[2024-10-31T11:38:44.379+0000] {processor.py:914} INFO - Processing file /home/airflow/.local/lib/python3.11/site-packages/airflow/example_dags/example_complex.py for tasks to queue
[2024-10-31T11:38:44.380+0000] {logging_mixin.py:190} INFO - [2024-10-31T11:38:44.380+0000] {dagbag.py:588} INFO - Filling up the DagBag from /home/airflow/.local/lib/python3.11/site-packages/airflow/example_dags/example_complex.py
[2024-10-31T11:38:44.401+0000] {processor.py:925} INFO - DAG(s) 'example_complex' retrieved from /home/airflow/.local/lib/python3.11/site-packages/airflow/example_dags/example_complex.py
[2024-10-31T11:38:44.428+0000] {logging_mixin.py:190} INFO - [2024-10-31T11:38:44.428+0000] {dag.py:3239} INFO - Sync 1 DAGs
[2024-10-31T11:38:44.448+0000] {logging_mixin.py:190} INFO - [2024-10-31T11:38:44.447+0000] {dag.py:4180} INFO - Setting next_dagrun for example_complex to None, run_after=None
[2024-10-31T11:38:44.469+0000] {processor.py:208} INFO - Processing /home/airflow/.local/lib/python3.11/site-packages/airflow/example_dags/example_complex.py took 0.094 seconds
[2024-10-31T11:39:15.508+0000] {processor.py:186} INFO - Started process (PID=868) to work on /home/airflow/.local/lib/python3.11/site-packages/airflow/example_dags/example_complex.py
[2024-10-31T11:39:15.509+0000] {processor.py:914} INFO - Processing file /home/airflow/.local/lib/python3.11/site-packages/airflow/example_dags/example_complex.py for tasks to queue
[2024-10-31T11:39:15.511+0000] {logging_mixin.py:190} INFO - [2024-10-31T11:39:15.511+0000] {dagbag.py:588} INFO - Filling up the DagBag from /home/airflow/.local/lib/python3.11/site-packages/airflow/example_dags/example_complex.py
[2024-10-31T11:39:15.519+0000] {processor.py:925} INFO - DAG(s) 'example_complex' retrieved from /home/airflow/.local/lib/python3.11/site-packages/airflow/example_dags/example_complex.py
[2024-10-31T11:39:15.535+0000] {logging_mixin.py:190} INFO - [2024-10-31T11:39:15.534+0000] {dag.py:3239} INFO - Sync 1 DAGs
[2024-10-31T11:39:15.543+0000] {logging_mixin.py:190} INFO - [2024-10-31T11:39:15.543+0000] {dag.py:4180} INFO - Setting next_dagrun for example_complex to None, run_after=None
[2024-10-31T11:39:15.552+0000] {processor.py:208} INFO - Processing /home/airflow/.local/lib/python3.11/site-packages/airflow/example_dags/example_complex.py took 0.050 seconds
[2024-10-31T11:39:45.718+0000] {processor.py:186} INFO - Started process (PID=930) to work on /home/airflow/.local/lib/python3.11/site-packages/airflow/example_dags/example_complex.py
[2024-10-31T11:39:45.719+0000] {processor.py:914} INFO - Processing file /home/airflow/.local/lib/python3.11/site-packages/airflow/example_dags/example_complex.py for tasks to queue
[2024-10-31T11:39:45.720+0000] {logging_mixin.py:190} INFO - [2024-10-31T11:39:45.720+0000] {dagbag.py:588} INFO - Filling up the DagBag from /home/airflow/.local/lib/python3.11/site-packages/airflow/example_dags/example_complex.py
[2024-10-31T11:39:45.733+0000] {processor.py:925} INFO - DAG(s) 'example_complex' retrieved from /home/airflow/.local/lib/python3.11/site-packages/airflow/example_dags/example_complex.py
[2024-10-31T11:39:45.757+0000] {logging_mixin.py:190} INFO - [2024-10-31T11:39:45.756+0000] {dag.py:3239} INFO - Sync 1 DAGs
[2024-10-31T11:39:45.768+0000] {logging_mixin.py:190} INFO - [2024-10-31T11:39:45.767+0000] {dag.py:4180} INFO - Setting next_dagrun for example_complex to None, run_after=None
[2024-10-31T11:39:45.779+0000] {processor.py:208} INFO - Processing /home/airflow/.local/lib/python3.11/site-packages/airflow/example_dags/example_complex.py took 0.064 seconds
[2024-10-31T11:40:16.246+0000] {processor.py:186} INFO - Started process (PID=992) to work on /home/airflow/.local/lib/python3.11/site-packages/airflow/example_dags/example_complex.py
[2024-10-31T11:40:16.247+0000] {processor.py:914} INFO - Processing file /home/airflow/.local/lib/python3.11/site-packages/airflow/example_dags/example_complex.py for tasks to queue
[2024-10-31T11:40:16.249+0000] {logging_mixin.py:190} INFO - [2024-10-31T11:40:16.249+0000] {dagbag.py:588} INFO - Filling up the DagBag from /home/airflow/.local/lib/python3.11/site-packages/airflow/example_dags/example_complex.py
[2024-10-31T11:40:16.256+0000] {processor.py:925} INFO - DAG(s) 'example_complex' retrieved from /home/airflow/.local/lib/python3.11/site-packages/airflow/example_dags/example_complex.py
[2024-10-31T11:40:16.274+0000] {logging_mixin.py:190} INFO - [2024-10-31T11:40:16.274+0000] {dag.py:3239} INFO - Sync 1 DAGs
[2024-10-31T11:40:16.282+0000] {logging_mixin.py:190} INFO - [2024-10-31T11:40:16.282+0000] {dag.py:4180} INFO - Setting next_dagrun for example_complex to None, run_after=None
[2024-10-31T11:40:16.291+0000] {processor.py:208} INFO - Processing /home/airflow/.local/lib/python3.11/site-packages/airflow/example_dags/example_complex.py took 0.048 seconds
[2024-10-31T11:40:47.037+0000] {processor.py:186} INFO - Started process (PID=1055) to work on /home/airflow/.local/lib/python3.11/site-packages/airflow/example_dags/example_complex.py
[2024-10-31T11:40:47.040+0000] {processor.py:914} INFO - Processing file /home/airflow/.local/lib/python3.11/site-packages/airflow/example_dags/example_complex.py for tasks to queue
[2024-10-31T11:40:47.043+0000] {logging_mixin.py:190} INFO - [2024-10-31T11:40:47.043+0000] {dagbag.py:588} INFO - Filling up the DagBag from /home/airflow/.local/lib/python3.11/site-packages/airflow/example_dags/example_complex.py
[2024-10-31T11:40:47.065+0000] {processor.py:925} INFO - DAG(s) 'example_complex' retrieved from /home/airflow/.local/lib/python3.11/site-packages/airflow/example_dags/example_complex.py
[2024-10-31T11:40:47.108+0000] {logging_mixin.py:190} INFO - [2024-10-31T11:40:47.108+0000] {dag.py:3239} INFO - Sync 1 DAGs
[2024-10-31T11:40:47.134+0000] {logging_mixin.py:190} INFO - [2024-10-31T11:40:47.134+0000] {dag.py:4180} INFO - Setting next_dagrun for example_complex to None, run_after=None
[2024-10-31T11:40:47.180+0000] {processor.py:208} INFO - Processing /home/airflow/.local/lib/python3.11/site-packages/airflow/example_dags/example_complex.py took 0.150 seconds
[2024-10-31T11:41:18.124+0000] {processor.py:186} INFO - Started process (PID=1117) to work on /home/airflow/.local/lib/python3.11/site-packages/airflow/example_dags/example_complex.py
[2024-10-31T11:41:18.127+0000] {processor.py:914} INFO - Processing file /home/airflow/.local/lib/python3.11/site-packages/airflow/example_dags/example_complex.py for tasks to queue
[2024-10-31T11:41:18.140+0000] {logging_mixin.py:190} INFO - [2024-10-31T11:41:18.137+0000] {dagbag.py:588} INFO - Filling up the DagBag from /home/airflow/.local/lib/python3.11/site-packages/airflow/example_dags/example_complex.py
[2024-10-31T11:41:18.194+0000] {processor.py:925} INFO - DAG(s) 'example_complex' retrieved from /home/airflow/.local/lib/python3.11/site-packages/airflow/example_dags/example_complex.py
[2024-10-31T11:41:18.361+0000] {logging_mixin.py:190} INFO - [2024-10-31T11:41:18.360+0000] {dag.py:3239} INFO - Sync 1 DAGs
[2024-10-31T11:41:18.418+0000] {logging_mixin.py:190} INFO - [2024-10-31T11:41:18.418+0000] {dag.py:4180} INFO - Setting next_dagrun for example_complex to None, run_after=None
[2024-10-31T11:41:18.524+0000] {processor.py:208} INFO - Processing /home/airflow/.local/lib/python3.11/site-packages/airflow/example_dags/example_complex.py took 0.435 seconds
[2024-10-31T11:41:49.788+0000] {processor.py:186} INFO - Started process (PID=1180) to work on /home/airflow/.local/lib/python3.11/site-packages/airflow/example_dags/example_complex.py
[2024-10-31T11:41:49.793+0000] {processor.py:914} INFO - Processing file /home/airflow/.local/lib/python3.11/site-packages/airflow/example_dags/example_complex.py for tasks to queue
[2024-10-31T11:41:49.809+0000] {logging_mixin.py:190} INFO - [2024-10-31T11:41:49.807+0000] {dagbag.py:588} INFO - Filling up the DagBag from /home/airflow/.local/lib/python3.11/site-packages/airflow/example_dags/example_complex.py
[2024-10-31T11:41:49.933+0000] {processor.py:925} INFO - DAG(s) 'example_complex' retrieved from /home/airflow/.local/lib/python3.11/site-packages/airflow/example_dags/example_complex.py
[2024-10-31T11:41:50.110+0000] {logging_mixin.py:190} INFO - [2024-10-31T11:41:50.109+0000] {dag.py:3239} INFO - Sync 1 DAGs
[2024-10-31T11:41:50.189+0000] {logging_mixin.py:190} INFO - [2024-10-31T11:41:50.189+0000] {dag.py:4180} INFO - Setting next_dagrun for example_complex to None, run_after=None
[2024-10-31T11:41:50.272+0000] {processor.py:208} INFO - Processing /home/airflow/.local/lib/python3.11/site-packages/airflow/example_dags/example_complex.py took 0.540 seconds
[2024-10-31T11:42:21.173+0000] {processor.py:186} INFO - Started process (PID=1242) to work on /home/airflow/.local/lib/python3.11/site-packages/airflow/example_dags/example_complex.py
[2024-10-31T11:42:21.175+0000] {processor.py:914} INFO - Processing file /home/airflow/.local/lib/python3.11/site-packages/airflow/example_dags/example_complex.py for tasks to queue
[2024-10-31T11:42:21.177+0000] {logging_mixin.py:190} INFO - [2024-10-31T11:42:21.177+0000] {dagbag.py:588} INFO - Filling up the DagBag from /home/airflow/.local/lib/python3.11/site-packages/airflow/example_dags/example_complex.py
[2024-10-31T11:42:21.190+0000] {processor.py:925} INFO - DAG(s) 'example_complex' retrieved from /home/airflow/.local/lib/python3.11/site-packages/airflow/example_dags/example_complex.py
[2024-10-31T11:42:21.214+0000] {logging_mixin.py:190} INFO - [2024-10-31T11:42:21.214+0000] {dag.py:3239} INFO - Sync 1 DAGs
[2024-10-31T11:42:21.224+0000] {logging_mixin.py:190} INFO - [2024-10-31T11:42:21.224+0000] {dag.py:4180} INFO - Setting next_dagrun for example_complex to None, run_after=None
[2024-10-31T11:42:21.236+0000] {processor.py:208} INFO - Processing /home/airflow/.local/lib/python3.11/site-packages/airflow/example_dags/example_complex.py took 0.071 seconds
[2024-10-31T11:42:52.110+0000] {processor.py:186} INFO - Started process (PID=1305) to work on /home/airflow/.local/lib/python3.11/site-packages/airflow/example_dags/example_complex.py
[2024-10-31T11:42:52.111+0000] {processor.py:914} INFO - Processing file /home/airflow/.local/lib/python3.11/site-packages/airflow/example_dags/example_complex.py for tasks to queue
[2024-10-31T11:42:52.114+0000] {logging_mixin.py:190} INFO - [2024-10-31T11:42:52.114+0000] {dagbag.py:588} INFO - Filling up the DagBag from /home/airflow/.local/lib/python3.11/site-packages/airflow/example_dags/example_complex.py
[2024-10-31T11:42:52.128+0000] {processor.py:925} INFO - DAG(s) 'example_complex' retrieved from /home/airflow/.local/lib/python3.11/site-packages/airflow/example_dags/example_complex.py
[2024-10-31T11:42:52.151+0000] {logging_mixin.py:190} INFO - [2024-10-31T11:42:52.151+0000] {dag.py:3239} INFO - Sync 1 DAGs
[2024-10-31T11:42:52.159+0000] {logging_mixin.py:190} INFO - [2024-10-31T11:42:52.158+0000] {dag.py:4180} INFO - Setting next_dagrun for example_complex to None, run_after=None
[2024-10-31T11:42:52.174+0000] {processor.py:208} INFO - Processing /home/airflow/.local/lib/python3.11/site-packages/airflow/example_dags/example_complex.py took 0.073 seconds
[2024-10-31T11:43:22.791+0000] {processor.py:186} INFO - Started process (PID=1368) to work on /home/airflow/.local/lib/python3.11/site-packages/airflow/example_dags/example_complex.py
[2024-10-31T11:43:22.793+0000] {processor.py:914} INFO - Processing file /home/airflow/.local/lib/python3.11/site-packages/airflow/example_dags/example_complex.py for tasks to queue
[2024-10-31T11:43:22.796+0000] {logging_mixin.py:190} INFO - [2024-10-31T11:43:22.796+0000] {dagbag.py:588} INFO - Filling up the DagBag from /home/airflow/.local/lib/python3.11/site-packages/airflow/example_dags/example_complex.py
[2024-10-31T11:43:22.808+0000] {processor.py:925} INFO - DAG(s) 'example_complex' retrieved from /home/airflow/.local/lib/python3.11/site-packages/airflow/example_dags/example_complex.py
[2024-10-31T11:43:22.832+0000] {logging_mixin.py:190} INFO - [2024-10-31T11:43:22.832+0000] {dag.py:3239} INFO - Sync 1 DAGs
[2024-10-31T11:43:22.842+0000] {logging_mixin.py:190} INFO - [2024-10-31T11:43:22.842+0000] {dag.py:4180} INFO - Setting next_dagrun for example_complex to None, run_after=None
[2024-10-31T11:43:22.851+0000] {processor.py:208} INFO - Processing /home/airflow/.local/lib/python3.11/site-packages/airflow/example_dags/example_complex.py took 0.068 seconds
[2024-10-31T11:43:52.886+0000] {processor.py:186} INFO - Started process (PID=1431) to work on /home/airflow/.local/lib/python3.11/site-packages/airflow/example_dags/example_complex.py
[2024-10-31T11:43:52.887+0000] {processor.py:914} INFO - Processing file /home/airflow/.local/lib/python3.11/site-packages/airflow/example_dags/example_complex.py for tasks to queue
[2024-10-31T11:43:52.889+0000] {logging_mixin.py:190} INFO - [2024-10-31T11:43:52.888+0000] {dagbag.py:588} INFO - Filling up the DagBag from /home/airflow/.local/lib/python3.11/site-packages/airflow/example_dags/example_complex.py
[2024-10-31T11:43:52.896+0000] {processor.py:925} INFO - DAG(s) 'example_complex' retrieved from /home/airflow/.local/lib/python3.11/site-packages/airflow/example_dags/example_complex.py
[2024-10-31T11:43:52.913+0000] {logging_mixin.py:190} INFO - [2024-10-31T11:43:52.913+0000] {dag.py:3239} INFO - Sync 1 DAGs
[2024-10-31T11:43:52.924+0000] {logging_mixin.py:190} INFO - [2024-10-31T11:43:52.924+0000] {dag.py:4180} INFO - Setting next_dagrun for example_complex to None, run_after=None
[2024-10-31T11:43:52.934+0000] {processor.py:208} INFO - Processing /home/airflow/.local/lib/python3.11/site-packages/airflow/example_dags/example_complex.py took 0.052 seconds
[2024-10-31T11:44:23.435+0000] {processor.py:186} INFO - Started process (PID=1494) to work on /home/airflow/.local/lib/python3.11/site-packages/airflow/example_dags/example_complex.py
[2024-10-31T11:44:23.439+0000] {processor.py:914} INFO - Processing file /home/airflow/.local/lib/python3.11/site-packages/airflow/example_dags/example_complex.py for tasks to queue
[2024-10-31T11:44:23.441+0000] {logging_mixin.py:190} INFO - [2024-10-31T11:44:23.440+0000] {dagbag.py:588} INFO - Filling up the DagBag from /home/airflow/.local/lib/python3.11/site-packages/airflow/example_dags/example_complex.py
[2024-10-31T11:44:23.450+0000] {processor.py:925} INFO - DAG(s) 'example_complex' retrieved from /home/airflow/.local/lib/python3.11/site-packages/airflow/example_dags/example_complex.py
[2024-10-31T11:44:23.478+0000] {logging_mixin.py:190} INFO - [2024-10-31T11:44:23.478+0000] {dag.py:3239} INFO - Sync 1 DAGs
[2024-10-31T11:44:23.491+0000] {logging_mixin.py:190} INFO - [2024-10-31T11:44:23.491+0000] {dag.py:4180} INFO - Setting next_dagrun for example_complex to None, run_after=None
[2024-10-31T11:44:23.504+0000] {processor.py:208} INFO - Processing /home/airflow/.local/lib/python3.11/site-packages/airflow/example_dags/example_complex.py took 0.073 seconds
[2024-10-31T11:44:54.538+0000] {processor.py:186} INFO - Started process (PID=1557) to work on /home/airflow/.local/lib/python3.11/site-packages/airflow/example_dags/example_complex.py
[2024-10-31T11:44:54.539+0000] {processor.py:914} INFO - Processing file /home/airflow/.local/lib/python3.11/site-packages/airflow/example_dags/example_complex.py for tasks to queue
[2024-10-31T11:44:54.541+0000] {logging_mixin.py:190} INFO - [2024-10-31T11:44:54.541+0000] {dagbag.py:588} INFO - Filling up the DagBag from /home/airflow/.local/lib/python3.11/site-packages/airflow/example_dags/example_complex.py
[2024-10-31T11:44:54.549+0000] {processor.py:925} INFO - DAG(s) 'example_complex' retrieved from /home/airflow/.local/lib/python3.11/site-packages/airflow/example_dags/example_complex.py
[2024-10-31T11:44:54.569+0000] {logging_mixin.py:190} INFO - [2024-10-31T11:44:54.569+0000] {dag.py:3239} INFO - Sync 1 DAGs
[2024-10-31T11:44:54.578+0000] {logging_mixin.py:190} INFO - [2024-10-31T11:44:54.577+0000] {dag.py:4180} INFO - Setting next_dagrun for example_complex to None, run_after=None
[2024-10-31T11:44:54.587+0000] {processor.py:208} INFO - Processing /home/airflow/.local/lib/python3.11/site-packages/airflow/example_dags/example_complex.py took 0.055 seconds
[2024-10-31T11:45:25.226+0000] {processor.py:186} INFO - Started process (PID=1620) to work on /home/airflow/.local/lib/python3.11/site-packages/airflow/example_dags/example_complex.py
[2024-10-31T11:45:25.227+0000] {processor.py:914} INFO - Processing file /home/airflow/.local/lib/python3.11/site-packages/airflow/example_dags/example_complex.py for tasks to queue
[2024-10-31T11:45:25.229+0000] {logging_mixin.py:190} INFO - [2024-10-31T11:45:25.229+0000] {dagbag.py:588} INFO - Filling up the DagBag from /home/airflow/.local/lib/python3.11/site-packages/airflow/example_dags/example_complex.py
[2024-10-31T11:45:25.239+0000] {processor.py:925} INFO - DAG(s) 'example_complex' retrieved from /home/airflow/.local/lib/python3.11/site-packages/airflow/example_dags/example_complex.py
[2024-10-31T11:45:25.266+0000] {logging_mixin.py:190} INFO - [2024-10-31T11:45:25.265+0000] {dag.py:3239} INFO - Sync 1 DAGs
[2024-10-31T11:45:25.281+0000] {logging_mixin.py:190} INFO - [2024-10-31T11:45:25.281+0000] {dag.py:4180} INFO - Setting next_dagrun for example_complex to None, run_after=None
[2024-10-31T11:45:25.293+0000] {processor.py:208} INFO - Processing /home/airflow/.local/lib/python3.11/site-packages/airflow/example_dags/example_complex.py took 0.071 seconds
[2024-10-31T11:45:55.754+0000] {processor.py:186} INFO - Started process (PID=1683) to work on /home/airflow/.local/lib/python3.11/site-packages/airflow/example_dags/example_complex.py
[2024-10-31T11:45:55.756+0000] {processor.py:914} INFO - Processing file /home/airflow/.local/lib/python3.11/site-packages/airflow/example_dags/example_complex.py for tasks to queue
[2024-10-31T11:45:55.757+0000] {logging_mixin.py:190} INFO - [2024-10-31T11:45:55.757+0000] {dagbag.py:588} INFO - Filling up the DagBag from /home/airflow/.local/lib/python3.11/site-packages/airflow/example_dags/example_complex.py
[2024-10-31T11:45:55.764+0000] {processor.py:925} INFO - DAG(s) 'example_complex' retrieved from /home/airflow/.local/lib/python3.11/site-packages/airflow/example_dags/example_complex.py
[2024-10-31T11:45:55.778+0000] {logging_mixin.py:190} INFO - [2024-10-31T11:45:55.778+0000] {dag.py:3239} INFO - Sync 1 DAGs
[2024-10-31T11:45:55.785+0000] {logging_mixin.py:190} INFO - [2024-10-31T11:45:55.785+0000] {dag.py:4180} INFO - Setting next_dagrun for example_complex to None, run_after=None
[2024-10-31T11:45:55.794+0000] {processor.py:208} INFO - Processing /home/airflow/.local/lib/python3.11/site-packages/airflow/example_dags/example_complex.py took 0.043 seconds
[2024-10-31T11:46:26.038+0000] {processor.py:186} INFO - Started process (PID=1746) to work on /home/airflow/.local/lib/python3.11/site-packages/airflow/example_dags/example_complex.py
[2024-10-31T11:46:26.039+0000] {processor.py:914} INFO - Processing file /home/airflow/.local/lib/python3.11/site-packages/airflow/example_dags/example_complex.py for tasks to queue
[2024-10-31T11:46:26.040+0000] {logging_mixin.py:190} INFO - [2024-10-31T11:46:26.040+0000] {dagbag.py:588} INFO - Filling up the DagBag from /home/airflow/.local/lib/python3.11/site-packages/airflow/example_dags/example_complex.py
[2024-10-31T11:46:26.046+0000] {processor.py:925} INFO - DAG(s) 'example_complex' retrieved from /home/airflow/.local/lib/python3.11/site-packages/airflow/example_dags/example_complex.py
[2024-10-31T11:46:26.060+0000] {logging_mixin.py:190} INFO - [2024-10-31T11:46:26.060+0000] {dag.py:3239} INFO - Sync 1 DAGs
[2024-10-31T11:46:26.068+0000] {logging_mixin.py:190} INFO - [2024-10-31T11:46:26.068+0000] {dag.py:4180} INFO - Setting next_dagrun for example_complex to None, run_after=None
[2024-10-31T11:46:26.076+0000] {processor.py:208} INFO - Processing /home/airflow/.local/lib/python3.11/site-packages/airflow/example_dags/example_complex.py took 0.041 seconds
[2024-10-31T11:46:56.358+0000] {processor.py:186} INFO - Started process (PID=1809) to work on /home/airflow/.local/lib/python3.11/site-packages/airflow/example_dags/example_complex.py
[2024-10-31T11:46:56.359+0000] {processor.py:914} INFO - Processing file /home/airflow/.local/lib/python3.11/site-packages/airflow/example_dags/example_complex.py for tasks to queue
[2024-10-31T11:46:56.360+0000] {logging_mixin.py:190} INFO - [2024-10-31T11:46:56.360+0000] {dagbag.py:588} INFO - Filling up the DagBag from /home/airflow/.local/lib/python3.11/site-packages/airflow/example_dags/example_complex.py
[2024-10-31T11:46:56.366+0000] {processor.py:925} INFO - DAG(s) 'example_complex' retrieved from /home/airflow/.local/lib/python3.11/site-packages/airflow/example_dags/example_complex.py
[2024-10-31T11:46:56.388+0000] {logging_mixin.py:190} INFO - [2024-10-31T11:46:56.388+0000] {dag.py:3239} INFO - Sync 1 DAGs
[2024-10-31T11:46:56.397+0000] {logging_mixin.py:190} INFO - [2024-10-31T11:46:56.397+0000] {dag.py:4180} INFO - Setting next_dagrun for example_complex to None, run_after=None
[2024-10-31T11:46:56.407+0000] {processor.py:208} INFO - Processing /home/airflow/.local/lib/python3.11/site-packages/airflow/example_dags/example_complex.py took 0.053 seconds
[2024-10-31T11:47:26.793+0000] {processor.py:186} INFO - Started process (PID=1872) to work on /home/airflow/.local/lib/python3.11/site-packages/airflow/example_dags/example_complex.py
[2024-10-31T11:47:26.794+0000] {processor.py:914} INFO - Processing file /home/airflow/.local/lib/python3.11/site-packages/airflow/example_dags/example_complex.py for tasks to queue
[2024-10-31T11:47:26.796+0000] {logging_mixin.py:190} INFO - [2024-10-31T11:47:26.796+0000] {dagbag.py:588} INFO - Filling up the DagBag from /home/airflow/.local/lib/python3.11/site-packages/airflow/example_dags/example_complex.py
[2024-10-31T11:47:26.813+0000] {processor.py:925} INFO - DAG(s) 'example_complex' retrieved from /home/airflow/.local/lib/python3.11/site-packages/airflow/example_dags/example_complex.py
[2024-10-31T11:47:26.830+0000] {logging_mixin.py:190} INFO - [2024-10-31T11:47:26.830+0000] {dag.py:3239} INFO - Sync 1 DAGs
[2024-10-31T11:47:26.847+0000] {logging_mixin.py:190} INFO - [2024-10-31T11:47:26.847+0000] {dag.py:4180} INFO - Setting next_dagrun for example_complex to None, run_after=None
[2024-10-31T11:47:26.867+0000] {processor.py:208} INFO - Processing /home/airflow/.local/lib/python3.11/site-packages/airflow/example_dags/example_complex.py took 0.077 seconds
[2024-10-31T11:47:57.106+0000] {processor.py:186} INFO - Started process (PID=1934) to work on /home/airflow/.local/lib/python3.11/site-packages/airflow/example_dags/example_complex.py
[2024-10-31T11:47:57.107+0000] {processor.py:914} INFO - Processing file /home/airflow/.local/lib/python3.11/site-packages/airflow/example_dags/example_complex.py for tasks to queue
[2024-10-31T11:47:57.109+0000] {logging_mixin.py:190} INFO - [2024-10-31T11:47:57.108+0000] {dagbag.py:588} INFO - Filling up the DagBag from /home/airflow/.local/lib/python3.11/site-packages/airflow/example_dags/example_complex.py
[2024-10-31T11:47:57.118+0000] {processor.py:925} INFO - DAG(s) 'example_complex' retrieved from /home/airflow/.local/lib/python3.11/site-packages/airflow/example_dags/example_complex.py
[2024-10-31T11:47:57.137+0000] {logging_mixin.py:190} INFO - [2024-10-31T11:47:57.137+0000] {dag.py:3239} INFO - Sync 1 DAGs
[2024-10-31T11:47:57.146+0000] {logging_mixin.py:190} INFO - [2024-10-31T11:47:57.146+0000] {dag.py:4180} INFO - Setting next_dagrun for example_complex to None, run_after=None
[2024-10-31T11:47:57.155+0000] {processor.py:208} INFO - Processing /home/airflow/.local/lib/python3.11/site-packages/airflow/example_dags/example_complex.py took 0.053 seconds
[2024-10-31T11:48:28.150+0000] {processor.py:186} INFO - Started process (PID=1997) to work on /home/airflow/.local/lib/python3.11/site-packages/airflow/example_dags/example_complex.py
[2024-10-31T11:48:28.151+0000] {processor.py:914} INFO - Processing file /home/airflow/.local/lib/python3.11/site-packages/airflow/example_dags/example_complex.py for tasks to queue
[2024-10-31T11:48:28.153+0000] {logging_mixin.py:190} INFO - [2024-10-31T11:48:28.153+0000] {dagbag.py:588} INFO - Filling up the DagBag from /home/airflow/.local/lib/python3.11/site-packages/airflow/example_dags/example_complex.py
[2024-10-31T11:48:28.161+0000] {processor.py:925} INFO - DAG(s) 'example_complex' retrieved from /home/airflow/.local/lib/python3.11/site-packages/airflow/example_dags/example_complex.py
[2024-10-31T11:48:28.183+0000] {logging_mixin.py:190} INFO - [2024-10-31T11:48:28.182+0000] {dag.py:3239} INFO - Sync 1 DAGs
[2024-10-31T11:48:28.193+0000] {logging_mixin.py:190} INFO - [2024-10-31T11:48:28.193+0000] {dag.py:4180} INFO - Setting next_dagrun for example_complex to None, run_after=None
[2024-10-31T11:48:28.205+0000] {processor.py:208} INFO - Processing /home/airflow/.local/lib/python3.11/site-packages/airflow/example_dags/example_complex.py took 0.059 seconds
[2024-10-31T11:48:58.582+0000] {processor.py:186} INFO - Started process (PID=2066) to work on /home/airflow/.local/lib/python3.11/site-packages/airflow/example_dags/example_complex.py
[2024-10-31T11:48:58.583+0000] {processor.py:914} INFO - Processing file /home/airflow/.local/lib/python3.11/site-packages/airflow/example_dags/example_complex.py for tasks to queue
[2024-10-31T11:48:58.584+0000] {logging_mixin.py:190} INFO - [2024-10-31T11:48:58.584+0000] {dagbag.py:588} INFO - Filling up the DagBag from /home/airflow/.local/lib/python3.11/site-packages/airflow/example_dags/example_complex.py
[2024-10-31T11:48:58.590+0000] {processor.py:925} INFO - DAG(s) 'example_complex' retrieved from /home/airflow/.local/lib/python3.11/site-packages/airflow/example_dags/example_complex.py
[2024-10-31T11:48:58.608+0000] {logging_mixin.py:190} INFO - [2024-10-31T11:48:58.607+0000] {dag.py:3239} INFO - Sync 1 DAGs
[2024-10-31T11:48:58.615+0000] {logging_mixin.py:190} INFO - [2024-10-31T11:48:58.615+0000] {dag.py:4180} INFO - Setting next_dagrun for example_complex to None, run_after=None
[2024-10-31T11:48:58.624+0000] {processor.py:208} INFO - Processing /home/airflow/.local/lib/python3.11/site-packages/airflow/example_dags/example_complex.py took 0.045 seconds
[2024-10-31T11:49:29.076+0000] {processor.py:186} INFO - Started process (PID=2128) to work on /home/airflow/.local/lib/python3.11/site-packages/airflow/example_dags/example_complex.py
[2024-10-31T11:49:29.077+0000] {processor.py:914} INFO - Processing file /home/airflow/.local/lib/python3.11/site-packages/airflow/example_dags/example_complex.py for tasks to queue
[2024-10-31T11:49:29.078+0000] {logging_mixin.py:190} INFO - [2024-10-31T11:49:29.078+0000] {dagbag.py:588} INFO - Filling up the DagBag from /home/airflow/.local/lib/python3.11/site-packages/airflow/example_dags/example_complex.py
[2024-10-31T11:49:29.085+0000] {processor.py:925} INFO - DAG(s) 'example_complex' retrieved from /home/airflow/.local/lib/python3.11/site-packages/airflow/example_dags/example_complex.py
[2024-10-31T11:49:29.103+0000] {logging_mixin.py:190} INFO - [2024-10-31T11:49:29.103+0000] {dag.py:3239} INFO - Sync 1 DAGs
[2024-10-31T11:49:29.111+0000] {logging_mixin.py:190} INFO - [2024-10-31T11:49:29.111+0000] {dag.py:4180} INFO - Setting next_dagrun for example_complex to None, run_after=None
[2024-10-31T11:49:29.120+0000] {processor.py:208} INFO - Processing /home/airflow/.local/lib/python3.11/site-packages/airflow/example_dags/example_complex.py took 0.048 seconds
[2024-10-31T11:50:00.092+0000] {processor.py:186} INFO - Started process (PID=2191) to work on /home/airflow/.local/lib/python3.11/site-packages/airflow/example_dags/example_complex.py
[2024-10-31T11:50:00.093+0000] {processor.py:914} INFO - Processing file /home/airflow/.local/lib/python3.11/site-packages/airflow/example_dags/example_complex.py for tasks to queue
[2024-10-31T11:50:00.094+0000] {logging_mixin.py:190} INFO - [2024-10-31T11:50:00.094+0000] {dagbag.py:588} INFO - Filling up the DagBag from /home/airflow/.local/lib/python3.11/site-packages/airflow/example_dags/example_complex.py
[2024-10-31T11:50:00.102+0000] {processor.py:925} INFO - DAG(s) 'example_complex' retrieved from /home/airflow/.local/lib/python3.11/site-packages/airflow/example_dags/example_complex.py
[2024-10-31T11:50:00.120+0000] {logging_mixin.py:190} INFO - [2024-10-31T11:50:00.120+0000] {dag.py:3239} INFO - Sync 1 DAGs
[2024-10-31T11:50:00.128+0000] {logging_mixin.py:190} INFO - [2024-10-31T11:50:00.127+0000] {dag.py:4180} INFO - Setting next_dagrun for example_complex to None, run_after=None
[2024-10-31T11:50:00.138+0000] {processor.py:208} INFO - Processing /home/airflow/.local/lib/python3.11/site-packages/airflow/example_dags/example_complex.py took 0.049 seconds
[2024-10-31T11:50:30.631+0000] {processor.py:186} INFO - Started process (PID=2254) to work on /home/airflow/.local/lib/python3.11/site-packages/airflow/example_dags/example_complex.py
[2024-10-31T11:50:30.633+0000] {processor.py:914} INFO - Processing file /home/airflow/.local/lib/python3.11/site-packages/airflow/example_dags/example_complex.py for tasks to queue
[2024-10-31T11:50:30.639+0000] {logging_mixin.py:190} INFO - [2024-10-31T11:50:30.639+0000] {dagbag.py:588} INFO - Filling up the DagBag from /home/airflow/.local/lib/python3.11/site-packages/airflow/example_dags/example_complex.py
[2024-10-31T11:50:30.657+0000] {processor.py:925} INFO - DAG(s) 'example_complex' retrieved from /home/airflow/.local/lib/python3.11/site-packages/airflow/example_dags/example_complex.py
[2024-10-31T11:50:30.697+0000] {logging_mixin.py:190} INFO - [2024-10-31T11:50:30.697+0000] {dag.py:3239} INFO - Sync 1 DAGs
[2024-10-31T11:50:30.711+0000] {logging_mixin.py:190} INFO - [2024-10-31T11:50:30.711+0000] {dag.py:4180} INFO - Setting next_dagrun for example_complex to None, run_after=None
[2024-10-31T11:50:30.722+0000] {processor.py:208} INFO - Processing /home/airflow/.local/lib/python3.11/site-packages/airflow/example_dags/example_complex.py took 0.105 seconds
[2024-10-31T11:51:01.985+0000] {processor.py:186} INFO - Started process (PID=2318) to work on /home/airflow/.local/lib/python3.11/site-packages/airflow/example_dags/example_complex.py
[2024-10-31T11:51:01.987+0000] {processor.py:914} INFO - Processing file /home/airflow/.local/lib/python3.11/site-packages/airflow/example_dags/example_complex.py for tasks to queue
[2024-10-31T11:51:01.990+0000] {logging_mixin.py:190} INFO - [2024-10-31T11:51:01.989+0000] {dagbag.py:588} INFO - Filling up the DagBag from /home/airflow/.local/lib/python3.11/site-packages/airflow/example_dags/example_complex.py
[2024-10-31T11:51:02.015+0000] {processor.py:925} INFO - DAG(s) 'example_complex' retrieved from /home/airflow/.local/lib/python3.11/site-packages/airflow/example_dags/example_complex.py
[2024-10-31T11:51:02.072+0000] {logging_mixin.py:190} INFO - [2024-10-31T11:51:02.072+0000] {dag.py:3239} INFO - Sync 1 DAGs
[2024-10-31T11:51:02.098+0000] {logging_mixin.py:190} INFO - [2024-10-31T11:51:02.098+0000] {dag.py:4180} INFO - Setting next_dagrun for example_complex to None, run_after=None
[2024-10-31T11:51:02.160+0000] {processor.py:208} INFO - Processing /home/airflow/.local/lib/python3.11/site-packages/airflow/example_dags/example_complex.py took 0.179 seconds
[2024-10-31T11:51:33.065+0000] {processor.py:186} INFO - Started process (PID=2381) to work on /home/airflow/.local/lib/python3.11/site-packages/airflow/example_dags/example_complex.py
[2024-10-31T11:51:33.071+0000] {processor.py:914} INFO - Processing file /home/airflow/.local/lib/python3.11/site-packages/airflow/example_dags/example_complex.py for tasks to queue
[2024-10-31T11:51:33.077+0000] {logging_mixin.py:190} INFO - [2024-10-31T11:51:33.077+0000] {dagbag.py:588} INFO - Filling up the DagBag from /home/airflow/.local/lib/python3.11/site-packages/airflow/example_dags/example_complex.py
[2024-10-31T11:51:33.115+0000] {processor.py:925} INFO - DAG(s) 'example_complex' retrieved from /home/airflow/.local/lib/python3.11/site-packages/airflow/example_dags/example_complex.py
[2024-10-31T11:51:33.204+0000] {logging_mixin.py:190} INFO - [2024-10-31T11:51:33.204+0000] {dag.py:3239} INFO - Sync 1 DAGs
[2024-10-31T11:51:33.240+0000] {logging_mixin.py:190} INFO - [2024-10-31T11:51:33.238+0000] {dag.py:4180} INFO - Setting next_dagrun for example_complex to None, run_after=None
[2024-10-31T11:51:33.311+0000] {processor.py:208} INFO - Processing /home/airflow/.local/lib/python3.11/site-packages/airflow/example_dags/example_complex.py took 0.257 seconds
[2024-10-31T11:52:04.040+0000] {processor.py:186} INFO - Started process (PID=2444) to work on /home/airflow/.local/lib/python3.11/site-packages/airflow/example_dags/example_complex.py
[2024-10-31T11:52:04.042+0000] {processor.py:914} INFO - Processing file /home/airflow/.local/lib/python3.11/site-packages/airflow/example_dags/example_complex.py for tasks to queue
[2024-10-31T11:52:04.045+0000] {logging_mixin.py:190} INFO - [2024-10-31T11:52:04.045+0000] {dagbag.py:588} INFO - Filling up the DagBag from /home/airflow/.local/lib/python3.11/site-packages/airflow/example_dags/example_complex.py
[2024-10-31T11:52:04.061+0000] {processor.py:925} INFO - DAG(s) 'example_complex' retrieved from /home/airflow/.local/lib/python3.11/site-packages/airflow/example_dags/example_complex.py
[2024-10-31T11:52:04.105+0000] {logging_mixin.py:190} INFO - [2024-10-31T11:52:04.105+0000] {dag.py:3239} INFO - Sync 1 DAGs
[2024-10-31T11:52:04.127+0000] {logging_mixin.py:190} INFO - [2024-10-31T11:52:04.126+0000] {dag.py:4180} INFO - Setting next_dagrun for example_complex to None, run_after=None
[2024-10-31T11:52:04.159+0000] {processor.py:208} INFO - Processing /home/airflow/.local/lib/python3.11/site-packages/airflow/example_dags/example_complex.py took 0.135 seconds
[2024-10-31T11:52:34.786+0000] {processor.py:186} INFO - Started process (PID=2507) to work on /home/airflow/.local/lib/python3.11/site-packages/airflow/example_dags/example_complex.py
[2024-10-31T11:52:34.787+0000] {processor.py:914} INFO - Processing file /home/airflow/.local/lib/python3.11/site-packages/airflow/example_dags/example_complex.py for tasks to queue
[2024-10-31T11:52:34.789+0000] {logging_mixin.py:190} INFO - [2024-10-31T11:52:34.789+0000] {dagbag.py:588} INFO - Filling up the DagBag from /home/airflow/.local/lib/python3.11/site-packages/airflow/example_dags/example_complex.py
[2024-10-31T11:52:34.797+0000] {processor.py:925} INFO - DAG(s) 'example_complex' retrieved from /home/airflow/.local/lib/python3.11/site-packages/airflow/example_dags/example_complex.py
[2024-10-31T11:52:34.815+0000] {logging_mixin.py:190} INFO - [2024-10-31T11:52:34.815+0000] {dag.py:3239} INFO - Sync 1 DAGs
[2024-10-31T11:52:34.825+0000] {logging_mixin.py:190} INFO - [2024-10-31T11:52:34.824+0000] {dag.py:4180} INFO - Setting next_dagrun for example_complex to None, run_after=None
[2024-10-31T11:52:34.839+0000] {processor.py:208} INFO - Processing /home/airflow/.local/lib/python3.11/site-packages/airflow/example_dags/example_complex.py took 0.057 seconds
[2024-10-31T11:53:05.672+0000] {processor.py:186} INFO - Started process (PID=2570) to work on /home/airflow/.local/lib/python3.11/site-packages/airflow/example_dags/example_complex.py
[2024-10-31T11:53:05.672+0000] {processor.py:914} INFO - Processing file /home/airflow/.local/lib/python3.11/site-packages/airflow/example_dags/example_complex.py for tasks to queue
[2024-10-31T11:53:05.674+0000] {logging_mixin.py:190} INFO - [2024-10-31T11:53:05.674+0000] {dagbag.py:588} INFO - Filling up the DagBag from /home/airflow/.local/lib/python3.11/site-packages/airflow/example_dags/example_complex.py
[2024-10-31T11:53:05.681+0000] {processor.py:925} INFO - DAG(s) 'example_complex' retrieved from /home/airflow/.local/lib/python3.11/site-packages/airflow/example_dags/example_complex.py
[2024-10-31T11:53:05.698+0000] {logging_mixin.py:190} INFO - [2024-10-31T11:53:05.698+0000] {dag.py:3239} INFO - Sync 1 DAGs
[2024-10-31T11:53:05.705+0000] {logging_mixin.py:190} INFO - [2024-10-31T11:53:05.705+0000] {dag.py:4180} INFO - Setting next_dagrun for example_complex to None, run_after=None
[2024-10-31T11:53:05.714+0000] {processor.py:208} INFO - Processing /home/airflow/.local/lib/python3.11/site-packages/airflow/example_dags/example_complex.py took 0.047 seconds
[2024-10-31T11:53:36.246+0000] {processor.py:186} INFO - Started process (PID=2633) to work on /home/airflow/.local/lib/python3.11/site-packages/airflow/example_dags/example_complex.py
[2024-10-31T11:53:36.247+0000] {processor.py:914} INFO - Processing file /home/airflow/.local/lib/python3.11/site-packages/airflow/example_dags/example_complex.py for tasks to queue
[2024-10-31T11:53:36.249+0000] {logging_mixin.py:190} INFO - [2024-10-31T11:53:36.249+0000] {dagbag.py:588} INFO - Filling up the DagBag from /home/airflow/.local/lib/python3.11/site-packages/airflow/example_dags/example_complex.py
[2024-10-31T11:53:36.259+0000] {processor.py:925} INFO - DAG(s) 'example_complex' retrieved from /home/airflow/.local/lib/python3.11/site-packages/airflow/example_dags/example_complex.py
[2024-10-31T11:53:36.276+0000] {logging_mixin.py:190} INFO - [2024-10-31T11:53:36.276+0000] {dag.py:3239} INFO - Sync 1 DAGs
[2024-10-31T11:53:36.284+0000] {logging_mixin.py:190} INFO - [2024-10-31T11:53:36.284+0000] {dag.py:4180} INFO - Setting next_dagrun for example_complex to None, run_after=None
[2024-10-31T11:53:36.293+0000] {processor.py:208} INFO - Processing /home/airflow/.local/lib/python3.11/site-packages/airflow/example_dags/example_complex.py took 0.051 seconds
[2024-10-31T11:54:06.903+0000] {processor.py:186} INFO - Started process (PID=2696) to work on /home/airflow/.local/lib/python3.11/site-packages/airflow/example_dags/example_complex.py
[2024-10-31T11:54:06.903+0000] {processor.py:914} INFO - Processing file /home/airflow/.local/lib/python3.11/site-packages/airflow/example_dags/example_complex.py for tasks to queue
[2024-10-31T11:54:06.904+0000] {logging_mixin.py:190} INFO - [2024-10-31T11:54:06.904+0000] {dagbag.py:588} INFO - Filling up the DagBag from /home/airflow/.local/lib/python3.11/site-packages/airflow/example_dags/example_complex.py
[2024-10-31T11:54:06.912+0000] {processor.py:925} INFO - DAG(s) 'example_complex' retrieved from /home/airflow/.local/lib/python3.11/site-packages/airflow/example_dags/example_complex.py
[2024-10-31T11:54:06.932+0000] {logging_mixin.py:190} INFO - [2024-10-31T11:54:06.931+0000] {dag.py:3239} INFO - Sync 1 DAGs
[2024-10-31T11:54:06.943+0000] {logging_mixin.py:190} INFO - [2024-10-31T11:54:06.943+0000] {dag.py:4180} INFO - Setting next_dagrun for example_complex to None, run_after=None
[2024-10-31T11:54:06.953+0000] {processor.py:208} INFO - Processing /home/airflow/.local/lib/python3.11/site-packages/airflow/example_dags/example_complex.py took 0.054 seconds
[2024-10-31T11:54:37.479+0000] {processor.py:186} INFO - Started process (PID=2759) to work on /home/airflow/.local/lib/python3.11/site-packages/airflow/example_dags/example_complex.py
[2024-10-31T11:54:37.480+0000] {processor.py:914} INFO - Processing file /home/airflow/.local/lib/python3.11/site-packages/airflow/example_dags/example_complex.py for tasks to queue
[2024-10-31T11:54:37.481+0000] {logging_mixin.py:190} INFO - [2024-10-31T11:54:37.481+0000] {dagbag.py:588} INFO - Filling up the DagBag from /home/airflow/.local/lib/python3.11/site-packages/airflow/example_dags/example_complex.py
[2024-10-31T11:54:37.489+0000] {processor.py:925} INFO - DAG(s) 'example_complex' retrieved from /home/airflow/.local/lib/python3.11/site-packages/airflow/example_dags/example_complex.py
[2024-10-31T11:54:37.507+0000] {logging_mixin.py:190} INFO - [2024-10-31T11:54:37.506+0000] {dag.py:3239} INFO - Sync 1 DAGs
[2024-10-31T11:54:37.514+0000] {logging_mixin.py:190} INFO - [2024-10-31T11:54:37.514+0000] {dag.py:4180} INFO - Setting next_dagrun for example_complex to None, run_after=None
[2024-10-31T11:54:37.525+0000] {processor.py:208} INFO - Processing /home/airflow/.local/lib/python3.11/site-packages/airflow/example_dags/example_complex.py took 0.051 seconds
[2024-10-31T11:55:07.936+0000] {processor.py:186} INFO - Started process (PID=2822) to work on /home/airflow/.local/lib/python3.11/site-packages/airflow/example_dags/example_complex.py
[2024-10-31T11:55:07.937+0000] {processor.py:914} INFO - Processing file /home/airflow/.local/lib/python3.11/site-packages/airflow/example_dags/example_complex.py for tasks to queue
[2024-10-31T11:55:07.938+0000] {logging_mixin.py:190} INFO - [2024-10-31T11:55:07.938+0000] {dagbag.py:588} INFO - Filling up the DagBag from /home/airflow/.local/lib/python3.11/site-packages/airflow/example_dags/example_complex.py
[2024-10-31T11:55:07.945+0000] {processor.py:925} INFO - DAG(s) 'example_complex' retrieved from /home/airflow/.local/lib/python3.11/site-packages/airflow/example_dags/example_complex.py
[2024-10-31T11:55:07.961+0000] {logging_mixin.py:190} INFO - [2024-10-31T11:55:07.961+0000] {dag.py:3239} INFO - Sync 1 DAGs
[2024-10-31T11:55:07.968+0000] {logging_mixin.py:190} INFO - [2024-10-31T11:55:07.968+0000] {dag.py:4180} INFO - Setting next_dagrun for example_complex to None, run_after=None
[2024-10-31T11:55:07.977+0000] {processor.py:208} INFO - Processing /home/airflow/.local/lib/python3.11/site-packages/airflow/example_dags/example_complex.py took 0.044 seconds
[2024-10-31T11:55:38.915+0000] {processor.py:186} INFO - Started process (PID=2885) to work on /home/airflow/.local/lib/python3.11/site-packages/airflow/example_dags/example_complex.py
[2024-10-31T11:55:38.916+0000] {processor.py:914} INFO - Processing file /home/airflow/.local/lib/python3.11/site-packages/airflow/example_dags/example_complex.py for tasks to queue
[2024-10-31T11:55:38.918+0000] {logging_mixin.py:190} INFO - [2024-10-31T11:55:38.918+0000] {dagbag.py:588} INFO - Filling up the DagBag from /home/airflow/.local/lib/python3.11/site-packages/airflow/example_dags/example_complex.py
[2024-10-31T11:55:38.931+0000] {processor.py:925} INFO - DAG(s) 'example_complex' retrieved from /home/airflow/.local/lib/python3.11/site-packages/airflow/example_dags/example_complex.py
[2024-10-31T11:55:38.951+0000] {logging_mixin.py:190} INFO - [2024-10-31T11:55:38.951+0000] {dag.py:3239} INFO - Sync 1 DAGs
[2024-10-31T11:55:38.960+0000] {logging_mixin.py:190} INFO - [2024-10-31T11:55:38.960+0000] {dag.py:4180} INFO - Setting next_dagrun for example_complex to None, run_after=None
[2024-10-31T11:55:38.973+0000] {processor.py:208} INFO - Processing /home/airflow/.local/lib/python3.11/site-packages/airflow/example_dags/example_complex.py took 0.067 seconds
[2024-10-31T11:56:09.431+0000] {processor.py:186} INFO - Started process (PID=2948) to work on /home/airflow/.local/lib/python3.11/site-packages/airflow/example_dags/example_complex.py
[2024-10-31T11:56:09.432+0000] {processor.py:914} INFO - Processing file /home/airflow/.local/lib/python3.11/site-packages/airflow/example_dags/example_complex.py for tasks to queue
[2024-10-31T11:56:09.434+0000] {logging_mixin.py:190} INFO - [2024-10-31T11:56:09.434+0000] {dagbag.py:588} INFO - Filling up the DagBag from /home/airflow/.local/lib/python3.11/site-packages/airflow/example_dags/example_complex.py
[2024-10-31T11:56:09.442+0000] {processor.py:925} INFO - DAG(s) 'example_complex' retrieved from /home/airflow/.local/lib/python3.11/site-packages/airflow/example_dags/example_complex.py
[2024-10-31T11:56:09.463+0000] {logging_mixin.py:190} INFO - [2024-10-31T11:56:09.463+0000] {dag.py:3239} INFO - Sync 1 DAGs
[2024-10-31T11:56:09.472+0000] {logging_mixin.py:190} INFO - [2024-10-31T11:56:09.472+0000] {dag.py:4180} INFO - Setting next_dagrun for example_complex to None, run_after=None
[2024-10-31T11:56:09.482+0000] {processor.py:208} INFO - Processing /home/airflow/.local/lib/python3.11/site-packages/airflow/example_dags/example_complex.py took 0.056 seconds
[2024-10-31T11:56:40.206+0000] {processor.py:186} INFO - Started process (PID=3011) to work on /home/airflow/.local/lib/python3.11/site-packages/airflow/example_dags/example_complex.py
[2024-10-31T11:56:40.207+0000] {processor.py:914} INFO - Processing file /home/airflow/.local/lib/python3.11/site-packages/airflow/example_dags/example_complex.py for tasks to queue
[2024-10-31T11:56:40.208+0000] {logging_mixin.py:190} INFO - [2024-10-31T11:56:40.208+0000] {dagbag.py:588} INFO - Filling up the DagBag from /home/airflow/.local/lib/python3.11/site-packages/airflow/example_dags/example_complex.py
[2024-10-31T11:56:40.215+0000] {processor.py:925} INFO - DAG(s) 'example_complex' retrieved from /home/airflow/.local/lib/python3.11/site-packages/airflow/example_dags/example_complex.py
[2024-10-31T11:56:40.232+0000] {logging_mixin.py:190} INFO - [2024-10-31T11:56:40.232+0000] {dag.py:3239} INFO - Sync 1 DAGs
[2024-10-31T11:56:40.246+0000] {logging_mixin.py:190} INFO - [2024-10-31T11:56:40.245+0000] {dag.py:4180} INFO - Setting next_dagrun for example_complex to None, run_after=None
[2024-10-31T11:56:40.255+0000] {processor.py:208} INFO - Processing /home/airflow/.local/lib/python3.11/site-packages/airflow/example_dags/example_complex.py took 0.052 seconds
[2024-10-31T11:57:10.659+0000] {processor.py:186} INFO - Started process (PID=3074) to work on /home/airflow/.local/lib/python3.11/site-packages/airflow/example_dags/example_complex.py
[2024-10-31T11:57:10.660+0000] {processor.py:914} INFO - Processing file /home/airflow/.local/lib/python3.11/site-packages/airflow/example_dags/example_complex.py for tasks to queue
[2024-10-31T11:57:10.663+0000] {logging_mixin.py:190} INFO - [2024-10-31T11:57:10.662+0000] {dagbag.py:588} INFO - Filling up the DagBag from /home/airflow/.local/lib/python3.11/site-packages/airflow/example_dags/example_complex.py
[2024-10-31T11:57:10.675+0000] {processor.py:925} INFO - DAG(s) 'example_complex' retrieved from /home/airflow/.local/lib/python3.11/site-packages/airflow/example_dags/example_complex.py
[2024-10-31T11:57:10.697+0000] {logging_mixin.py:190} INFO - [2024-10-31T11:57:10.697+0000] {dag.py:3239} INFO - Sync 1 DAGs
[2024-10-31T11:57:10.705+0000] {logging_mixin.py:190} INFO - [2024-10-31T11:57:10.705+0000] {dag.py:4180} INFO - Setting next_dagrun for example_complex to None, run_after=None
[2024-10-31T11:57:10.715+0000] {processor.py:208} INFO - Processing /home/airflow/.local/lib/python3.11/site-packages/airflow/example_dags/example_complex.py took 0.062 seconds
[2024-10-31T11:57:41.365+0000] {processor.py:186} INFO - Started process (PID=3137) to work on /home/airflow/.local/lib/python3.11/site-packages/airflow/example_dags/example_complex.py
[2024-10-31T11:57:41.366+0000] {processor.py:914} INFO - Processing file /home/airflow/.local/lib/python3.11/site-packages/airflow/example_dags/example_complex.py for tasks to queue
[2024-10-31T11:57:41.368+0000] {logging_mixin.py:190} INFO - [2024-10-31T11:57:41.368+0000] {dagbag.py:588} INFO - Filling up the DagBag from /home/airflow/.local/lib/python3.11/site-packages/airflow/example_dags/example_complex.py
[2024-10-31T11:57:41.375+0000] {processor.py:925} INFO - DAG(s) 'example_complex' retrieved from /home/airflow/.local/lib/python3.11/site-packages/airflow/example_dags/example_complex.py
[2024-10-31T11:57:41.391+0000] {logging_mixin.py:190} INFO - [2024-10-31T11:57:41.391+0000] {dag.py:3239} INFO - Sync 1 DAGs
[2024-10-31T11:57:41.400+0000] {logging_mixin.py:190} INFO - [2024-10-31T11:57:41.400+0000] {dag.py:4180} INFO - Setting next_dagrun for example_complex to None, run_after=None
[2024-10-31T11:57:41.413+0000] {processor.py:208} INFO - Processing /home/airflow/.local/lib/python3.11/site-packages/airflow/example_dags/example_complex.py took 0.051 seconds
[2024-10-31T11:58:11.741+0000] {processor.py:186} INFO - Started process (PID=3200) to work on /home/airflow/.local/lib/python3.11/site-packages/airflow/example_dags/example_complex.py
[2024-10-31T11:58:11.742+0000] {processor.py:914} INFO - Processing file /home/airflow/.local/lib/python3.11/site-packages/airflow/example_dags/example_complex.py for tasks to queue
[2024-10-31T11:58:11.750+0000] {logging_mixin.py:190} INFO - [2024-10-31T11:58:11.749+0000] {dagbag.py:588} INFO - Filling up the DagBag from /home/airflow/.local/lib/python3.11/site-packages/airflow/example_dags/example_complex.py
[2024-10-31T11:58:11.780+0000] {processor.py:925} INFO - DAG(s) 'example_complex' retrieved from /home/airflow/.local/lib/python3.11/site-packages/airflow/example_dags/example_complex.py
[2024-10-31T11:58:11.808+0000] {logging_mixin.py:190} INFO - [2024-10-31T11:58:11.808+0000] {dag.py:3239} INFO - Sync 1 DAGs
[2024-10-31T11:58:11.816+0000] {logging_mixin.py:190} INFO - [2024-10-31T11:58:11.816+0000] {dag.py:4180} INFO - Setting next_dagrun for example_complex to None, run_after=None
[2024-10-31T11:58:11.835+0000] {processor.py:208} INFO - Processing /home/airflow/.local/lib/python3.11/site-packages/airflow/example_dags/example_complex.py took 0.104 seconds
[2024-10-31T11:58:42.237+0000] {processor.py:186} INFO - Started process (PID=3263) to work on /home/airflow/.local/lib/python3.11/site-packages/airflow/example_dags/example_complex.py
[2024-10-31T11:58:42.239+0000] {processor.py:914} INFO - Processing file /home/airflow/.local/lib/python3.11/site-packages/airflow/example_dags/example_complex.py for tasks to queue
[2024-10-31T11:58:42.242+0000] {logging_mixin.py:190} INFO - [2024-10-31T11:58:42.242+0000] {dagbag.py:588} INFO - Filling up the DagBag from /home/airflow/.local/lib/python3.11/site-packages/airflow/example_dags/example_complex.py
[2024-10-31T11:58:42.257+0000] {processor.py:925} INFO - DAG(s) 'example_complex' retrieved from /home/airflow/.local/lib/python3.11/site-packages/airflow/example_dags/example_complex.py
[2024-10-31T11:58:42.285+0000] {logging_mixin.py:190} INFO - [2024-10-31T11:58:42.285+0000] {dag.py:3239} INFO - Sync 1 DAGs
[2024-10-31T11:58:42.294+0000] {logging_mixin.py:190} INFO - [2024-10-31T11:58:42.293+0000] {dag.py:4180} INFO - Setting next_dagrun for example_complex to None, run_after=None
[2024-10-31T11:58:42.303+0000] {processor.py:208} INFO - Processing /home/airflow/.local/lib/python3.11/site-packages/airflow/example_dags/example_complex.py took 0.074 seconds
[2024-10-31T11:59:12.951+0000] {processor.py:186} INFO - Started process (PID=3326) to work on /home/airflow/.local/lib/python3.11/site-packages/airflow/example_dags/example_complex.py
[2024-10-31T11:59:12.952+0000] {processor.py:914} INFO - Processing file /home/airflow/.local/lib/python3.11/site-packages/airflow/example_dags/example_complex.py for tasks to queue
[2024-10-31T11:59:12.954+0000] {logging_mixin.py:190} INFO - [2024-10-31T11:59:12.954+0000] {dagbag.py:588} INFO - Filling up the DagBag from /home/airflow/.local/lib/python3.11/site-packages/airflow/example_dags/example_complex.py
[2024-10-31T11:59:12.962+0000] {processor.py:925} INFO - DAG(s) 'example_complex' retrieved from /home/airflow/.local/lib/python3.11/site-packages/airflow/example_dags/example_complex.py
[2024-10-31T11:59:12.983+0000] {logging_mixin.py:190} INFO - [2024-10-31T11:59:12.983+0000] {dag.py:3239} INFO - Sync 1 DAGs
[2024-10-31T11:59:12.992+0000] {logging_mixin.py:190} INFO - [2024-10-31T11:59:12.992+0000] {dag.py:4180} INFO - Setting next_dagrun for example_complex to None, run_after=None
[2024-10-31T11:59:13.003+0000] {processor.py:208} INFO - Processing /home/airflow/.local/lib/python3.11/site-packages/airflow/example_dags/example_complex.py took 0.055 seconds
[2024-10-31T11:59:43.626+0000] {processor.py:186} INFO - Started process (PID=3389) to work on /home/airflow/.local/lib/python3.11/site-packages/airflow/example_dags/example_complex.py
[2024-10-31T11:59:43.627+0000] {processor.py:914} INFO - Processing file /home/airflow/.local/lib/python3.11/site-packages/airflow/example_dags/example_complex.py for tasks to queue
[2024-10-31T11:59:43.628+0000] {logging_mixin.py:190} INFO - [2024-10-31T11:59:43.628+0000] {dagbag.py:588} INFO - Filling up the DagBag from /home/airflow/.local/lib/python3.11/site-packages/airflow/example_dags/example_complex.py
[2024-10-31T11:59:43.635+0000] {processor.py:925} INFO - DAG(s) 'example_complex' retrieved from /home/airflow/.local/lib/python3.11/site-packages/airflow/example_dags/example_complex.py
[2024-10-31T11:59:43.652+0000] {logging_mixin.py:190} INFO - [2024-10-31T11:59:43.652+0000] {dag.py:3239} INFO - Sync 1 DAGs
[2024-10-31T11:59:43.660+0000] {logging_mixin.py:190} INFO - [2024-10-31T11:59:43.660+0000] {dag.py:4180} INFO - Setting next_dagrun for example_complex to None, run_after=None
[2024-10-31T11:59:43.669+0000] {processor.py:208} INFO - Processing /home/airflow/.local/lib/python3.11/site-packages/airflow/example_dags/example_complex.py took 0.047 seconds
[2024-10-31T12:00:14.374+0000] {processor.py:186} INFO - Started process (PID=3452) to work on /home/airflow/.local/lib/python3.11/site-packages/airflow/example_dags/example_complex.py
[2024-10-31T12:00:14.375+0000] {processor.py:914} INFO - Processing file /home/airflow/.local/lib/python3.11/site-packages/airflow/example_dags/example_complex.py for tasks to queue
[2024-10-31T12:00:14.377+0000] {logging_mixin.py:190} INFO - [2024-10-31T12:00:14.376+0000] {dagbag.py:588} INFO - Filling up the DagBag from /home/airflow/.local/lib/python3.11/site-packages/airflow/example_dags/example_complex.py
[2024-10-31T12:00:14.384+0000] {processor.py:925} INFO - DAG(s) 'example_complex' retrieved from /home/airflow/.local/lib/python3.11/site-packages/airflow/example_dags/example_complex.py
[2024-10-31T12:00:14.403+0000] {logging_mixin.py:190} INFO - [2024-10-31T12:00:14.403+0000] {dag.py:3239} INFO - Sync 1 DAGs
[2024-10-31T12:00:14.411+0000] {logging_mixin.py:190} INFO - [2024-10-31T12:00:14.411+0000] {dag.py:4180} INFO - Setting next_dagrun for example_complex to None, run_after=None
[2024-10-31T12:00:14.420+0000] {processor.py:208} INFO - Processing /home/airflow/.local/lib/python3.11/site-packages/airflow/example_dags/example_complex.py took 0.050 seconds
[2024-10-31T12:00:45.022+0000] {processor.py:186} INFO - Started process (PID=3515) to work on /home/airflow/.local/lib/python3.11/site-packages/airflow/example_dags/example_complex.py
[2024-10-31T12:00:45.023+0000] {processor.py:914} INFO - Processing file /home/airflow/.local/lib/python3.11/site-packages/airflow/example_dags/example_complex.py for tasks to queue
[2024-10-31T12:00:45.024+0000] {logging_mixin.py:190} INFO - [2024-10-31T12:00:45.024+0000] {dagbag.py:588} INFO - Filling up the DagBag from /home/airflow/.local/lib/python3.11/site-packages/airflow/example_dags/example_complex.py
[2024-10-31T12:00:45.031+0000] {processor.py:925} INFO - DAG(s) 'example_complex' retrieved from /home/airflow/.local/lib/python3.11/site-packages/airflow/example_dags/example_complex.py
[2024-10-31T12:00:45.051+0000] {logging_mixin.py:190} INFO - [2024-10-31T12:00:45.051+0000] {dag.py:3239} INFO - Sync 1 DAGs
[2024-10-31T12:00:45.059+0000] {logging_mixin.py:190} INFO - [2024-10-31T12:00:45.059+0000] {dag.py:4180} INFO - Setting next_dagrun for example_complex to None, run_after=None
[2024-10-31T12:00:45.072+0000] {processor.py:208} INFO - Processing /home/airflow/.local/lib/python3.11/site-packages/airflow/example_dags/example_complex.py took 0.053 seconds
[2024-10-31T12:01:15.753+0000] {processor.py:186} INFO - Started process (PID=3578) to work on /home/airflow/.local/lib/python3.11/site-packages/airflow/example_dags/example_complex.py
[2024-10-31T12:01:15.754+0000] {processor.py:914} INFO - Processing file /home/airflow/.local/lib/python3.11/site-packages/airflow/example_dags/example_complex.py for tasks to queue
[2024-10-31T12:01:15.756+0000] {logging_mixin.py:190} INFO - [2024-10-31T12:01:15.756+0000] {dagbag.py:588} INFO - Filling up the DagBag from /home/airflow/.local/lib/python3.11/site-packages/airflow/example_dags/example_complex.py
[2024-10-31T12:01:15.766+0000] {processor.py:925} INFO - DAG(s) 'example_complex' retrieved from /home/airflow/.local/lib/python3.11/site-packages/airflow/example_dags/example_complex.py
[2024-10-31T12:01:15.788+0000] {logging_mixin.py:190} INFO - [2024-10-31T12:01:15.788+0000] {dag.py:3239} INFO - Sync 1 DAGs
[2024-10-31T12:01:15.796+0000] {logging_mixin.py:190} INFO - [2024-10-31T12:01:15.796+0000] {dag.py:4180} INFO - Setting next_dagrun for example_complex to None, run_after=None
[2024-10-31T12:01:15.805+0000] {processor.py:208} INFO - Processing /home/airflow/.local/lib/python3.11/site-packages/airflow/example_dags/example_complex.py took 0.056 seconds
[2024-10-31T12:18:29.945+0000] {processor.py:186} INFO - Started process (PID=3613) to work on /home/airflow/.local/lib/python3.11/site-packages/airflow/example_dags/example_complex.py
[2024-10-31T12:18:29.946+0000] {processor.py:914} INFO - Processing file /home/airflow/.local/lib/python3.11/site-packages/airflow/example_dags/example_complex.py for tasks to queue
[2024-10-31T12:18:29.948+0000] {logging_mixin.py:190} INFO - [2024-10-31T12:18:29.948+0000] {dagbag.py:588} INFO - Filling up the DagBag from /home/airflow/.local/lib/python3.11/site-packages/airflow/example_dags/example_complex.py
[2024-10-31T12:18:29.955+0000] {processor.py:925} INFO - DAG(s) 'example_complex' retrieved from /home/airflow/.local/lib/python3.11/site-packages/airflow/example_dags/example_complex.py
[2024-10-31T12:18:29.972+0000] {logging_mixin.py:190} INFO - [2024-10-31T12:18:29.971+0000] {dag.py:3239} INFO - Sync 1 DAGs
[2024-10-31T12:18:29.979+0000] {logging_mixin.py:190} INFO - [2024-10-31T12:18:29.979+0000] {dag.py:4180} INFO - Setting next_dagrun for example_complex to None, run_after=None
[2024-10-31T12:18:29.988+0000] {processor.py:208} INFO - Processing /home/airflow/.local/lib/python3.11/site-packages/airflow/example_dags/example_complex.py took 0.046 seconds
[2024-10-31T12:52:28.939+0000] {processor.py:186} INFO - Started process (PID=3676) to work on /home/airflow/.local/lib/python3.11/site-packages/airflow/example_dags/example_complex.py
[2024-10-31T12:52:28.943+0000] {processor.py:914} INFO - Processing file /home/airflow/.local/lib/python3.11/site-packages/airflow/example_dags/example_complex.py for tasks to queue
[2024-10-31T12:52:28.954+0000] {logging_mixin.py:190} INFO - [2024-10-31T12:52:28.954+0000] {dagbag.py:588} INFO - Filling up the DagBag from /home/airflow/.local/lib/python3.11/site-packages/airflow/example_dags/example_complex.py
[2024-10-31T12:52:28.963+0000] {processor.py:925} INFO - DAG(s) 'example_complex' retrieved from /home/airflow/.local/lib/python3.11/site-packages/airflow/example_dags/example_complex.py
[2024-10-31T12:52:28.981+0000] {logging_mixin.py:190} INFO - [2024-10-31T12:52:28.981+0000] {dag.py:3239} INFO - Sync 1 DAGs
[2024-10-31T12:52:28.990+0000] {logging_mixin.py:190} INFO - [2024-10-31T12:52:28.989+0000] {dag.py:4180} INFO - Setting next_dagrun for example_complex to None, run_after=None
[2024-10-31T12:52:28.998+0000] {processor.py:208} INFO - Processing /home/airflow/.local/lib/python3.11/site-packages/airflow/example_dags/example_complex.py took 0.062 seconds
[2024-10-31T14:01:27.962+0000] {processor.py:186} INFO - Started process (PID=3739) to work on /home/airflow/.local/lib/python3.11/site-packages/airflow/example_dags/example_complex.py
[2024-10-31T14:01:27.962+0000] {processor.py:914} INFO - Processing file /home/airflow/.local/lib/python3.11/site-packages/airflow/example_dags/example_complex.py for tasks to queue
[2024-10-31T14:01:27.963+0000] {logging_mixin.py:190} INFO - [2024-10-31T14:01:27.963+0000] {dagbag.py:588} INFO - Filling up the DagBag from /home/airflow/.local/lib/python3.11/site-packages/airflow/example_dags/example_complex.py
[2024-10-31T14:01:27.977+0000] {processor.py:925} INFO - DAG(s) 'example_complex' retrieved from /home/airflow/.local/lib/python3.11/site-packages/airflow/example_dags/example_complex.py
[2024-10-31T14:01:28.000+0000] {logging_mixin.py:190} INFO - [2024-10-31T14:01:28.000+0000] {dag.py:3239} INFO - Sync 1 DAGs
[2024-10-31T14:01:28.018+0000] {logging_mixin.py:190} INFO - [2024-10-31T14:01:28.018+0000] {dag.py:4180} INFO - Setting next_dagrun for example_complex to None, run_after=None
[2024-10-31T14:01:28.030+0000] {processor.py:208} INFO - Processing /home/airflow/.local/lib/python3.11/site-packages/airflow/example_dags/example_complex.py took 0.071 seconds
[2024-10-31T14:51:05.678+0000] {processor.py:186} INFO - Started process (PID=3802) to work on /home/airflow/.local/lib/python3.11/site-packages/airflow/example_dags/example_complex.py
[2024-10-31T14:51:05.679+0000] {processor.py:914} INFO - Processing file /home/airflow/.local/lib/python3.11/site-packages/airflow/example_dags/example_complex.py for tasks to queue
[2024-10-31T14:51:05.680+0000] {logging_mixin.py:190} INFO - [2024-10-31T14:51:05.680+0000] {dagbag.py:588} INFO - Filling up the DagBag from /home/airflow/.local/lib/python3.11/site-packages/airflow/example_dags/example_complex.py
[2024-10-31T14:51:05.687+0000] {processor.py:925} INFO - DAG(s) 'example_complex' retrieved from /home/airflow/.local/lib/python3.11/site-packages/airflow/example_dags/example_complex.py
[2024-10-31T14:51:05.704+0000] {logging_mixin.py:190} INFO - [2024-10-31T14:51:05.704+0000] {dag.py:3239} INFO - Sync 1 DAGs
[2024-10-31T14:51:05.711+0000] {logging_mixin.py:190} INFO - [2024-10-31T14:51:05.711+0000] {dag.py:4180} INFO - Setting next_dagrun for example_complex to None, run_after=None
[2024-10-31T14:51:05.725+0000] {processor.py:208} INFO - Processing /home/airflow/.local/lib/python3.11/site-packages/airflow/example_dags/example_complex.py took 0.050 seconds
[2024-10-31T15:35:05.837+0000] {processor.py:186} INFO - Started process (PID=3865) to work on /home/airflow/.local/lib/python3.11/site-packages/airflow/example_dags/example_complex.py
[2024-10-31T15:35:05.838+0000] {processor.py:914} INFO - Processing file /home/airflow/.local/lib/python3.11/site-packages/airflow/example_dags/example_complex.py for tasks to queue
[2024-10-31T15:35:05.839+0000] {logging_mixin.py:190} INFO - [2024-10-31T15:35:05.839+0000] {dagbag.py:588} INFO - Filling up the DagBag from /home/airflow/.local/lib/python3.11/site-packages/airflow/example_dags/example_complex.py
[2024-10-31T15:35:05.853+0000] {processor.py:925} INFO - DAG(s) 'example_complex' retrieved from /home/airflow/.local/lib/python3.11/site-packages/airflow/example_dags/example_complex.py
[2024-10-31T15:35:05.877+0000] {logging_mixin.py:190} INFO - [2024-10-31T15:35:05.877+0000] {dag.py:3239} INFO - Sync 1 DAGs
[2024-10-31T15:35:05.888+0000] {logging_mixin.py:190} INFO - [2024-10-31T15:35:05.888+0000] {dag.py:4180} INFO - Setting next_dagrun for example_complex to None, run_after=None
[2024-10-31T15:35:05.898+0000] {processor.py:208} INFO - Processing /home/airflow/.local/lib/python3.11/site-packages/airflow/example_dags/example_complex.py took 0.065 seconds
[2024-10-31T16:03:34.122+0000] {processor.py:186} INFO - Started process (PID=3928) to work on /home/airflow/.local/lib/python3.11/site-packages/airflow/example_dags/example_complex.py
[2024-10-31T16:03:34.123+0000] {processor.py:914} INFO - Processing file /home/airflow/.local/lib/python3.11/site-packages/airflow/example_dags/example_complex.py for tasks to queue
[2024-10-31T16:03:34.124+0000] {logging_mixin.py:190} INFO - [2024-10-31T16:03:34.124+0000] {dagbag.py:588} INFO - Filling up the DagBag from /home/airflow/.local/lib/python3.11/site-packages/airflow/example_dags/example_complex.py
[2024-10-31T16:03:34.131+0000] {processor.py:925} INFO - DAG(s) 'example_complex' retrieved from /home/airflow/.local/lib/python3.11/site-packages/airflow/example_dags/example_complex.py
[2024-10-31T16:03:34.153+0000] {logging_mixin.py:190} INFO - [2024-10-31T16:03:34.153+0000] {dag.py:3239} INFO - Sync 1 DAGs
[2024-10-31T16:03:34.163+0000] {logging_mixin.py:190} INFO - [2024-10-31T16:03:34.163+0000] {dag.py:4180} INFO - Setting next_dagrun for example_complex to None, run_after=None
[2024-10-31T16:03:34.173+0000] {processor.py:208} INFO - Processing /home/airflow/.local/lib/python3.11/site-packages/airflow/example_dags/example_complex.py took 0.055 seconds
[2024-10-31T16:08:18.747+0000] {processor.py:186} INFO - Started process (PID=3991) to work on /home/airflow/.local/lib/python3.11/site-packages/airflow/example_dags/example_complex.py
[2024-10-31T16:08:18.748+0000] {processor.py:914} INFO - Processing file /home/airflow/.local/lib/python3.11/site-packages/airflow/example_dags/example_complex.py for tasks to queue
[2024-10-31T16:08:18.750+0000] {logging_mixin.py:190} INFO - [2024-10-31T16:08:18.750+0000] {dagbag.py:588} INFO - Filling up the DagBag from /home/airflow/.local/lib/python3.11/site-packages/airflow/example_dags/example_complex.py
[2024-10-31T16:08:18.759+0000] {processor.py:925} INFO - DAG(s) 'example_complex' retrieved from /home/airflow/.local/lib/python3.11/site-packages/airflow/example_dags/example_complex.py
[2024-10-31T16:08:18.776+0000] {logging_mixin.py:190} INFO - [2024-10-31T16:08:18.776+0000] {dag.py:3239} INFO - Sync 1 DAGs
[2024-10-31T16:08:18.785+0000] {logging_mixin.py:190} INFO - [2024-10-31T16:08:18.785+0000] {dag.py:4180} INFO - Setting next_dagrun for example_complex to None, run_after=None
[2024-10-31T16:08:18.798+0000] {processor.py:208} INFO - Processing /home/airflow/.local/lib/python3.11/site-packages/airflow/example_dags/example_complex.py took 0.055 seconds
[2024-10-31T16:08:49.160+0000] {processor.py:186} INFO - Started process (PID=4055) to work on /home/airflow/.local/lib/python3.11/site-packages/airflow/example_dags/example_complex.py
[2024-10-31T16:08:49.161+0000] {processor.py:914} INFO - Processing file /home/airflow/.local/lib/python3.11/site-packages/airflow/example_dags/example_complex.py for tasks to queue
[2024-10-31T16:08:49.163+0000] {logging_mixin.py:190} INFO - [2024-10-31T16:08:49.163+0000] {dagbag.py:588} INFO - Filling up the DagBag from /home/airflow/.local/lib/python3.11/site-packages/airflow/example_dags/example_complex.py
[2024-10-31T16:08:49.170+0000] {processor.py:925} INFO - DAG(s) 'example_complex' retrieved from /home/airflow/.local/lib/python3.11/site-packages/airflow/example_dags/example_complex.py
[2024-10-31T16:08:49.188+0000] {logging_mixin.py:190} INFO - [2024-10-31T16:08:49.188+0000] {dag.py:3239} INFO - Sync 1 DAGs
[2024-10-31T16:08:49.195+0000] {logging_mixin.py:190} INFO - [2024-10-31T16:08:49.195+0000] {dag.py:4180} INFO - Setting next_dagrun for example_complex to None, run_after=None
[2024-10-31T16:08:49.205+0000] {processor.py:208} INFO - Processing /home/airflow/.local/lib/python3.11/site-packages/airflow/example_dags/example_complex.py took 0.050 seconds
[2024-10-31T16:09:19.468+0000] {processor.py:186} INFO - Started process (PID=4118) to work on /home/airflow/.local/lib/python3.11/site-packages/airflow/example_dags/example_complex.py
[2024-10-31T16:09:19.469+0000] {processor.py:914} INFO - Processing file /home/airflow/.local/lib/python3.11/site-packages/airflow/example_dags/example_complex.py for tasks to queue
[2024-10-31T16:09:19.471+0000] {logging_mixin.py:190} INFO - [2024-10-31T16:09:19.471+0000] {dagbag.py:588} INFO - Filling up the DagBag from /home/airflow/.local/lib/python3.11/site-packages/airflow/example_dags/example_complex.py
[2024-10-31T16:09:19.477+0000] {processor.py:925} INFO - DAG(s) 'example_complex' retrieved from /home/airflow/.local/lib/python3.11/site-packages/airflow/example_dags/example_complex.py
[2024-10-31T16:09:19.496+0000] {logging_mixin.py:190} INFO - [2024-10-31T16:09:19.496+0000] {dag.py:3239} INFO - Sync 1 DAGs
[2024-10-31T16:09:19.504+0000] {logging_mixin.py:190} INFO - [2024-10-31T16:09:19.503+0000] {dag.py:4180} INFO - Setting next_dagrun for example_complex to None, run_after=None
[2024-10-31T16:09:19.512+0000] {processor.py:208} INFO - Processing /home/airflow/.local/lib/python3.11/site-packages/airflow/example_dags/example_complex.py took 0.049 seconds
[2024-10-31T16:09:49.658+0000] {processor.py:186} INFO - Started process (PID=4181) to work on /home/airflow/.local/lib/python3.11/site-packages/airflow/example_dags/example_complex.py
[2024-10-31T16:09:49.659+0000] {processor.py:914} INFO - Processing file /home/airflow/.local/lib/python3.11/site-packages/airflow/example_dags/example_complex.py for tasks to queue
[2024-10-31T16:09:49.660+0000] {logging_mixin.py:190} INFO - [2024-10-31T16:09:49.660+0000] {dagbag.py:588} INFO - Filling up the DagBag from /home/airflow/.local/lib/python3.11/site-packages/airflow/example_dags/example_complex.py
[2024-10-31T16:09:49.667+0000] {processor.py:925} INFO - DAG(s) 'example_complex' retrieved from /home/airflow/.local/lib/python3.11/site-packages/airflow/example_dags/example_complex.py
[2024-10-31T16:09:49.684+0000] {logging_mixin.py:190} INFO - [2024-10-31T16:09:49.684+0000] {dag.py:3239} INFO - Sync 1 DAGs
[2024-10-31T16:09:49.693+0000] {logging_mixin.py:190} INFO - [2024-10-31T16:09:49.693+0000] {dag.py:4180} INFO - Setting next_dagrun for example_complex to None, run_after=None
[2024-10-31T16:09:49.705+0000] {processor.py:208} INFO - Processing /home/airflow/.local/lib/python3.11/site-packages/airflow/example_dags/example_complex.py took 0.051 seconds
[2024-10-31T16:36:37.344+0000] {processor.py:186} INFO - Started process (PID=4243) to work on /home/airflow/.local/lib/python3.11/site-packages/airflow/example_dags/example_complex.py
[2024-10-31T16:36:37.345+0000] {processor.py:914} INFO - Processing file /home/airflow/.local/lib/python3.11/site-packages/airflow/example_dags/example_complex.py for tasks to queue
[2024-10-31T16:36:37.346+0000] {logging_mixin.py:190} INFO - [2024-10-31T16:36:37.346+0000] {dagbag.py:588} INFO - Filling up the DagBag from /home/airflow/.local/lib/python3.11/site-packages/airflow/example_dags/example_complex.py
[2024-10-31T16:36:37.353+0000] {processor.py:925} INFO - DAG(s) 'example_complex' retrieved from /home/airflow/.local/lib/python3.11/site-packages/airflow/example_dags/example_complex.py
[2024-10-31T16:36:37.372+0000] {logging_mixin.py:190} INFO - [2024-10-31T16:36:37.372+0000] {dag.py:3239} INFO - Sync 1 DAGs
[2024-10-31T16:36:37.380+0000] {logging_mixin.py:190} INFO - [2024-10-31T16:36:37.379+0000] {dag.py:4180} INFO - Setting next_dagrun for example_complex to None, run_after=None
[2024-10-31T16:36:37.389+0000] {processor.py:208} INFO - Processing /home/airflow/.local/lib/python3.11/site-packages/airflow/example_dags/example_complex.py took 0.048 seconds
[2024-10-31T16:37:35.110+0000] {processor.py:186} INFO - Started process (PID=4306) to work on /home/airflow/.local/lib/python3.11/site-packages/airflow/example_dags/example_complex.py
[2024-10-31T16:37:35.112+0000] {processor.py:914} INFO - Processing file /home/airflow/.local/lib/python3.11/site-packages/airflow/example_dags/example_complex.py for tasks to queue
[2024-10-31T16:37:35.115+0000] {logging_mixin.py:190} INFO - [2024-10-31T16:37:35.115+0000] {dagbag.py:588} INFO - Filling up the DagBag from /home/airflow/.local/lib/python3.11/site-packages/airflow/example_dags/example_complex.py
[2024-10-31T16:37:35.129+0000] {processor.py:925} INFO - DAG(s) 'example_complex' retrieved from /home/airflow/.local/lib/python3.11/site-packages/airflow/example_dags/example_complex.py
[2024-10-31T16:37:35.262+0000] {logging_mixin.py:190} INFO - [2024-10-31T16:37:35.262+0000] {dag.py:3239} INFO - Sync 1 DAGs
[2024-10-31T16:37:35.273+0000] {logging_mixin.py:190} INFO - [2024-10-31T16:37:35.272+0000] {dag.py:4180} INFO - Setting next_dagrun for example_complex to None, run_after=None
[2024-10-31T16:37:35.306+0000] {processor.py:208} INFO - Processing /home/airflow/.local/lib/python3.11/site-packages/airflow/example_dags/example_complex.py took 0.202 seconds
[2024-10-31T17:14:21.603+0000] {processor.py:186} INFO - Started process (PID=4369) to work on /home/airflow/.local/lib/python3.11/site-packages/airflow/example_dags/example_complex.py
[2024-10-31T17:14:21.606+0000] {processor.py:914} INFO - Processing file /home/airflow/.local/lib/python3.11/site-packages/airflow/example_dags/example_complex.py for tasks to queue
[2024-10-31T17:14:21.609+0000] {logging_mixin.py:190} INFO - [2024-10-31T17:14:21.609+0000] {dagbag.py:588} INFO - Filling up the DagBag from /home/airflow/.local/lib/python3.11/site-packages/airflow/example_dags/example_complex.py
[2024-10-31T17:14:21.618+0000] {processor.py:925} INFO - DAG(s) 'example_complex' retrieved from /home/airflow/.local/lib/python3.11/site-packages/airflow/example_dags/example_complex.py
[2024-10-31T17:14:21.641+0000] {logging_mixin.py:190} INFO - [2024-10-31T17:14:21.641+0000] {dag.py:3239} INFO - Sync 1 DAGs
[2024-10-31T17:14:21.657+0000] {logging_mixin.py:190} INFO - [2024-10-31T17:14:21.657+0000] {dag.py:4180} INFO - Setting next_dagrun for example_complex to None, run_after=None
[2024-10-31T17:14:21.668+0000] {processor.py:208} INFO - Processing /home/airflow/.local/lib/python3.11/site-packages/airflow/example_dags/example_complex.py took 0.070 seconds
[2024-10-31T18:16:59.767+0000] {processor.py:186} INFO - Started process (PID=4432) to work on /home/airflow/.local/lib/python3.11/site-packages/airflow/example_dags/example_complex.py
[2024-10-31T18:16:59.768+0000] {processor.py:914} INFO - Processing file /home/airflow/.local/lib/python3.11/site-packages/airflow/example_dags/example_complex.py for tasks to queue
[2024-10-31T18:16:59.770+0000] {logging_mixin.py:190} INFO - [2024-10-31T18:16:59.769+0000] {dagbag.py:588} INFO - Filling up the DagBag from /home/airflow/.local/lib/python3.11/site-packages/airflow/example_dags/example_complex.py
[2024-10-31T18:16:59.776+0000] {processor.py:925} INFO - DAG(s) 'example_complex' retrieved from /home/airflow/.local/lib/python3.11/site-packages/airflow/example_dags/example_complex.py
[2024-10-31T18:16:59.793+0000] {logging_mixin.py:190} INFO - [2024-10-31T18:16:59.792+0000] {dag.py:3239} INFO - Sync 1 DAGs
[2024-10-31T18:16:59.801+0000] {logging_mixin.py:190} INFO - [2024-10-31T18:16:59.801+0000] {dag.py:4180} INFO - Setting next_dagrun for example_complex to None, run_after=None
[2024-10-31T18:16:59.811+0000] {processor.py:208} INFO - Processing /home/airflow/.local/lib/python3.11/site-packages/airflow/example_dags/example_complex.py took 0.047 seconds
[2024-10-31T19:00:47.454+0000] {processor.py:186} INFO - Started process (PID=4495) to work on /home/airflow/.local/lib/python3.11/site-packages/airflow/example_dags/example_complex.py
[2024-10-31T19:00:47.455+0000] {processor.py:914} INFO - Processing file /home/airflow/.local/lib/python3.11/site-packages/airflow/example_dags/example_complex.py for tasks to queue
[2024-10-31T19:00:47.457+0000] {logging_mixin.py:190} INFO - [2024-10-31T19:00:47.457+0000] {dagbag.py:588} INFO - Filling up the DagBag from /home/airflow/.local/lib/python3.11/site-packages/airflow/example_dags/example_complex.py
[2024-10-31T19:00:47.464+0000] {processor.py:925} INFO - DAG(s) 'example_complex' retrieved from /home/airflow/.local/lib/python3.11/site-packages/airflow/example_dags/example_complex.py
[2024-10-31T19:00:47.480+0000] {logging_mixin.py:190} INFO - [2024-10-31T19:00:47.480+0000] {dag.py:3239} INFO - Sync 1 DAGs
[2024-10-31T19:00:47.490+0000] {logging_mixin.py:190} INFO - [2024-10-31T19:00:47.490+0000] {dag.py:4180} INFO - Setting next_dagrun for example_complex to None, run_after=None
[2024-10-31T19:00:47.685+0000] {processor.py:208} INFO - Processing /home/airflow/.local/lib/python3.11/site-packages/airflow/example_dags/example_complex.py took 0.235 seconds
[2024-10-31T20:00:05.941+0000] {processor.py:186} INFO - Started process (PID=4558) to work on /home/airflow/.local/lib/python3.11/site-packages/airflow/example_dags/example_complex.py
[2024-10-31T20:00:05.942+0000] {processor.py:914} INFO - Processing file /home/airflow/.local/lib/python3.11/site-packages/airflow/example_dags/example_complex.py for tasks to queue
[2024-10-31T20:00:05.944+0000] {logging_mixin.py:190} INFO - [2024-10-31T20:00:05.943+0000] {dagbag.py:588} INFO - Filling up the DagBag from /home/airflow/.local/lib/python3.11/site-packages/airflow/example_dags/example_complex.py
[2024-10-31T20:00:05.950+0000] {processor.py:925} INFO - DAG(s) 'example_complex' retrieved from /home/airflow/.local/lib/python3.11/site-packages/airflow/example_dags/example_complex.py
[2024-10-31T20:00:05.973+0000] {logging_mixin.py:190} INFO - [2024-10-31T20:00:05.973+0000] {dag.py:3239} INFO - Sync 1 DAGs
[2024-10-31T20:00:05.982+0000] {logging_mixin.py:190} INFO - [2024-10-31T20:00:05.982+0000] {dag.py:4180} INFO - Setting next_dagrun for example_complex to None, run_after=None
[2024-10-31T20:00:05.992+0000] {processor.py:208} INFO - Processing /home/airflow/.local/lib/python3.11/site-packages/airflow/example_dags/example_complex.py took 0.055 seconds
[2024-10-31T21:13:10.960+0000] {processor.py:186} INFO - Started process (PID=4621) to work on /home/airflow/.local/lib/python3.11/site-packages/airflow/example_dags/example_complex.py
[2024-10-31T21:13:10.960+0000] {processor.py:914} INFO - Processing file /home/airflow/.local/lib/python3.11/site-packages/airflow/example_dags/example_complex.py for tasks to queue
[2024-10-31T21:13:10.962+0000] {logging_mixin.py:190} INFO - [2024-10-31T21:13:10.962+0000] {dagbag.py:588} INFO - Filling up the DagBag from /home/airflow/.local/lib/python3.11/site-packages/airflow/example_dags/example_complex.py
[2024-10-31T21:13:10.969+0000] {processor.py:925} INFO - DAG(s) 'example_complex' retrieved from /home/airflow/.local/lib/python3.11/site-packages/airflow/example_dags/example_complex.py
[2024-10-31T21:13:10.987+0000] {logging_mixin.py:190} INFO - [2024-10-31T21:13:10.987+0000] {dag.py:3239} INFO - Sync 1 DAGs
[2024-10-31T21:13:10.995+0000] {logging_mixin.py:190} INFO - [2024-10-31T21:13:10.995+0000] {dag.py:4180} INFO - Setting next_dagrun for example_complex to None, run_after=None
[2024-10-31T21:13:11.004+0000] {processor.py:208} INFO - Processing /home/airflow/.local/lib/python3.11/site-packages/airflow/example_dags/example_complex.py took 0.047 seconds
[2024-10-31T22:34:48.236+0000] {processor.py:186} INFO - Started process (PID=4684) to work on /home/airflow/.local/lib/python3.11/site-packages/airflow/example_dags/example_complex.py
[2024-10-31T22:34:48.236+0000] {processor.py:914} INFO - Processing file /home/airflow/.local/lib/python3.11/site-packages/airflow/example_dags/example_complex.py for tasks to queue
[2024-10-31T22:34:48.238+0000] {logging_mixin.py:190} INFO - [2024-10-31T22:34:48.238+0000] {dagbag.py:588} INFO - Filling up the DagBag from /home/airflow/.local/lib/python3.11/site-packages/airflow/example_dags/example_complex.py
[2024-10-31T22:34:48.247+0000] {processor.py:925} INFO - DAG(s) 'example_complex' retrieved from /home/airflow/.local/lib/python3.11/site-packages/airflow/example_dags/example_complex.py
[2024-10-31T22:34:48.266+0000] {logging_mixin.py:190} INFO - [2024-10-31T22:34:48.266+0000] {dag.py:3239} INFO - Sync 1 DAGs
[2024-10-31T22:34:48.275+0000] {logging_mixin.py:190} INFO - [2024-10-31T22:34:48.275+0000] {dag.py:4180} INFO - Setting next_dagrun for example_complex to None, run_after=None
[2024-10-31T22:34:48.283+0000] {processor.py:208} INFO - Processing /home/airflow/.local/lib/python3.11/site-packages/airflow/example_dags/example_complex.py took 0.052 seconds
[2024-10-31T23:32:51.140+0000] {processor.py:186} INFO - Started process (PID=4747) to work on /home/airflow/.local/lib/python3.11/site-packages/airflow/example_dags/example_complex.py
[2024-10-31T23:32:51.141+0000] {processor.py:914} INFO - Processing file /home/airflow/.local/lib/python3.11/site-packages/airflow/example_dags/example_complex.py for tasks to queue
[2024-10-31T23:32:51.142+0000] {logging_mixin.py:190} INFO - [2024-10-31T23:32:51.142+0000] {dagbag.py:588} INFO - Filling up the DagBag from /home/airflow/.local/lib/python3.11/site-packages/airflow/example_dags/example_complex.py
[2024-10-31T23:32:51.150+0000] {processor.py:925} INFO - DAG(s) 'example_complex' retrieved from /home/airflow/.local/lib/python3.11/site-packages/airflow/example_dags/example_complex.py
[2024-10-31T23:32:51.170+0000] {logging_mixin.py:190} INFO - [2024-10-31T23:32:51.170+0000] {dag.py:3239} INFO - Sync 1 DAGs
[2024-10-31T23:32:51.178+0000] {logging_mixin.py:190} INFO - [2024-10-31T23:32:51.178+0000] {dag.py:4180} INFO - Setting next_dagrun for example_complex to None, run_after=None
[2024-10-31T23:32:51.201+0000] {processor.py:208} INFO - Processing /home/airflow/.local/lib/python3.11/site-packages/airflow/example_dags/example_complex.py took 0.064 seconds
