[2024-11-18T20:27:22.354+0000] {processor.py:186} INFO - Started process (PID=66) to work on /home/airflow/.local/lib/python3.11/site-packages/airflow/example_dags/example_sensors.py
[2024-11-18T20:27:22.358+0000] {processor.py:914} INFO - Processing file /home/airflow/.local/lib/python3.11/site-packages/airflow/example_dags/example_sensors.py for tasks to queue
[2024-11-18T20:27:22.364+0000] {logging_mixin.py:190} INFO - [2024-11-18T20:27:22.361+0000] {dagbag.py:588} INFO - Filling up the DagBag from /home/airflow/.local/lib/python3.11/site-packages/airflow/example_dags/example_sensors.py
[2024-11-18T20:27:22.375+0000] {processor.py:925} INFO - DAG(s) 'example_sensors' retrieved from /home/airflow/.local/lib/python3.11/site-packages/airflow/example_dags/example_sensors.py
[2024-11-18T20:27:22.393+0000] {logging_mixin.py:190} INFO - [2024-11-18T20:27:22.393+0000] {dag.py:3239} INFO - Sync 1 DAGs
[2024-11-18T20:27:22.400+0000] {logging_mixin.py:190} INFO - [2024-11-18T20:27:22.400+0000] {dag.py:4180} INFO - Setting next_dagrun for example_sensors to None, run_after=None
[2024-11-18T20:27:22.420+0000] {processor.py:208} INFO - Processing /home/airflow/.local/lib/python3.11/site-packages/airflow/example_dags/example_sensors.py took 0.071 seconds
[2024-11-18T20:27:52.677+0000] {processor.py:186} INFO - Started process (PID=129) to work on /home/airflow/.local/lib/python3.11/site-packages/airflow/example_dags/example_sensors.py
[2024-11-18T20:27:52.678+0000] {processor.py:914} INFO - Processing file /home/airflow/.local/lib/python3.11/site-packages/airflow/example_dags/example_sensors.py for tasks to queue
[2024-11-18T20:27:52.680+0000] {logging_mixin.py:190} INFO - [2024-11-18T20:27:52.680+0000] {dagbag.py:588} INFO - Filling up the DagBag from /home/airflow/.local/lib/python3.11/site-packages/airflow/example_dags/example_sensors.py
[2024-11-18T20:27:52.688+0000] {processor.py:925} INFO - DAG(s) 'example_sensors' retrieved from /home/airflow/.local/lib/python3.11/site-packages/airflow/example_dags/example_sensors.py
[2024-11-18T20:27:52.702+0000] {logging_mixin.py:190} INFO - [2024-11-18T20:27:52.702+0000] {dag.py:3239} INFO - Sync 1 DAGs
[2024-11-18T20:27:52.709+0000] {logging_mixin.py:190} INFO - [2024-11-18T20:27:52.709+0000] {dag.py:4180} INFO - Setting next_dagrun for example_sensors to None, run_after=None
[2024-11-18T20:27:52.719+0000] {processor.py:208} INFO - Processing /home/airflow/.local/lib/python3.11/site-packages/airflow/example_dags/example_sensors.py took 0.046 seconds
[2024-11-18T20:28:23.726+0000] {processor.py:186} INFO - Started process (PID=192) to work on /home/airflow/.local/lib/python3.11/site-packages/airflow/example_dags/example_sensors.py
[2024-11-18T20:28:23.727+0000] {processor.py:914} INFO - Processing file /home/airflow/.local/lib/python3.11/site-packages/airflow/example_dags/example_sensors.py for tasks to queue
[2024-11-18T20:28:23.729+0000] {logging_mixin.py:190} INFO - [2024-11-18T20:28:23.729+0000] {dagbag.py:588} INFO - Filling up the DagBag from /home/airflow/.local/lib/python3.11/site-packages/airflow/example_dags/example_sensors.py
[2024-11-18T20:28:23.735+0000] {processor.py:925} INFO - DAG(s) 'example_sensors' retrieved from /home/airflow/.local/lib/python3.11/site-packages/airflow/example_dags/example_sensors.py
[2024-11-18T20:28:23.747+0000] {logging_mixin.py:190} INFO - [2024-11-18T20:28:23.747+0000] {dag.py:3239} INFO - Sync 1 DAGs
[2024-11-18T20:28:23.753+0000] {logging_mixin.py:190} INFO - [2024-11-18T20:28:23.753+0000] {dag.py:4180} INFO - Setting next_dagrun for example_sensors to None, run_after=None
[2024-11-18T20:28:23.763+0000] {processor.py:208} INFO - Processing /home/airflow/.local/lib/python3.11/site-packages/airflow/example_dags/example_sensors.py took 0.039 seconds
[2024-11-18T20:28:54.511+0000] {processor.py:186} INFO - Started process (PID=255) to work on /home/airflow/.local/lib/python3.11/site-packages/airflow/example_dags/example_sensors.py
[2024-11-18T20:28:54.512+0000] {processor.py:914} INFO - Processing file /home/airflow/.local/lib/python3.11/site-packages/airflow/example_dags/example_sensors.py for tasks to queue
[2024-11-18T20:28:54.514+0000] {logging_mixin.py:190} INFO - [2024-11-18T20:28:54.514+0000] {dagbag.py:588} INFO - Filling up the DagBag from /home/airflow/.local/lib/python3.11/site-packages/airflow/example_dags/example_sensors.py
[2024-11-18T20:28:54.524+0000] {processor.py:925} INFO - DAG(s) 'example_sensors' retrieved from /home/airflow/.local/lib/python3.11/site-packages/airflow/example_dags/example_sensors.py
[2024-11-18T20:28:54.550+0000] {logging_mixin.py:190} INFO - [2024-11-18T20:28:54.549+0000] {dag.py:3239} INFO - Sync 1 DAGs
[2024-11-18T20:28:54.570+0000] {logging_mixin.py:190} INFO - [2024-11-18T20:28:54.570+0000] {dag.py:4180} INFO - Setting next_dagrun for example_sensors to None, run_after=None
[2024-11-18T20:28:54.813+0000] {processor.py:208} INFO - Processing /home/airflow/.local/lib/python3.11/site-packages/airflow/example_dags/example_sensors.py took 0.306 seconds
[2024-11-18T20:29:25.596+0000] {processor.py:186} INFO - Started process (PID=318) to work on /home/airflow/.local/lib/python3.11/site-packages/airflow/example_dags/example_sensors.py
[2024-11-18T20:29:25.597+0000] {processor.py:914} INFO - Processing file /home/airflow/.local/lib/python3.11/site-packages/airflow/example_dags/example_sensors.py for tasks to queue
[2024-11-18T20:29:25.600+0000] {logging_mixin.py:190} INFO - [2024-11-18T20:29:25.600+0000] {dagbag.py:588} INFO - Filling up the DagBag from /home/airflow/.local/lib/python3.11/site-packages/airflow/example_dags/example_sensors.py
[2024-11-18T20:29:25.612+0000] {processor.py:925} INFO - DAG(s) 'example_sensors' retrieved from /home/airflow/.local/lib/python3.11/site-packages/airflow/example_dags/example_sensors.py
[2024-11-18T20:29:25.633+0000] {logging_mixin.py:190} INFO - [2024-11-18T20:29:25.633+0000] {dag.py:3239} INFO - Sync 1 DAGs
[2024-11-18T20:29:25.644+0000] {logging_mixin.py:190} INFO - [2024-11-18T20:29:25.644+0000] {dag.py:4180} INFO - Setting next_dagrun for example_sensors to None, run_after=None
[2024-11-18T20:29:25.793+0000] {processor.py:208} INFO - Processing /home/airflow/.local/lib/python3.11/site-packages/airflow/example_dags/example_sensors.py took 0.206 seconds
[2024-11-18T20:29:56.433+0000] {processor.py:186} INFO - Started process (PID=381) to work on /home/airflow/.local/lib/python3.11/site-packages/airflow/example_dags/example_sensors.py
[2024-11-18T20:29:56.434+0000] {processor.py:914} INFO - Processing file /home/airflow/.local/lib/python3.11/site-packages/airflow/example_dags/example_sensors.py for tasks to queue
[2024-11-18T20:29:56.435+0000] {logging_mixin.py:190} INFO - [2024-11-18T20:29:56.435+0000] {dagbag.py:588} INFO - Filling up the DagBag from /home/airflow/.local/lib/python3.11/site-packages/airflow/example_dags/example_sensors.py
[2024-11-18T20:29:56.441+0000] {processor.py:925} INFO - DAG(s) 'example_sensors' retrieved from /home/airflow/.local/lib/python3.11/site-packages/airflow/example_dags/example_sensors.py
[2024-11-18T20:29:56.453+0000] {logging_mixin.py:190} INFO - [2024-11-18T20:29:56.453+0000] {dag.py:3239} INFO - Sync 1 DAGs
[2024-11-18T20:29:56.460+0000] {logging_mixin.py:190} INFO - [2024-11-18T20:29:56.460+0000] {dag.py:4180} INFO - Setting next_dagrun for example_sensors to None, run_after=None
[2024-11-18T20:29:56.472+0000] {processor.py:208} INFO - Processing /home/airflow/.local/lib/python3.11/site-packages/airflow/example_dags/example_sensors.py took 0.042 seconds
[2024-11-18T20:30:26.827+0000] {processor.py:186} INFO - Started process (PID=444) to work on /home/airflow/.local/lib/python3.11/site-packages/airflow/example_dags/example_sensors.py
[2024-11-18T20:30:26.828+0000] {processor.py:914} INFO - Processing file /home/airflow/.local/lib/python3.11/site-packages/airflow/example_dags/example_sensors.py for tasks to queue
[2024-11-18T20:30:26.830+0000] {logging_mixin.py:190} INFO - [2024-11-18T20:30:26.829+0000] {dagbag.py:588} INFO - Filling up the DagBag from /home/airflow/.local/lib/python3.11/site-packages/airflow/example_dags/example_sensors.py
[2024-11-18T20:30:26.836+0000] {processor.py:925} INFO - DAG(s) 'example_sensors' retrieved from /home/airflow/.local/lib/python3.11/site-packages/airflow/example_dags/example_sensors.py
[2024-11-18T20:30:26.848+0000] {logging_mixin.py:190} INFO - [2024-11-18T20:30:26.848+0000] {dag.py:3239} INFO - Sync 1 DAGs
[2024-11-18T20:30:26.855+0000] {logging_mixin.py:190} INFO - [2024-11-18T20:30:26.855+0000] {dag.py:4180} INFO - Setting next_dagrun for example_sensors to None, run_after=None
[2024-11-18T20:30:26.863+0000] {processor.py:208} INFO - Processing /home/airflow/.local/lib/python3.11/site-packages/airflow/example_dags/example_sensors.py took 0.038 seconds
[2024-11-18T20:30:57.301+0000] {processor.py:186} INFO - Started process (PID=507) to work on /home/airflow/.local/lib/python3.11/site-packages/airflow/example_dags/example_sensors.py
[2024-11-18T20:30:57.305+0000] {processor.py:914} INFO - Processing file /home/airflow/.local/lib/python3.11/site-packages/airflow/example_dags/example_sensors.py for tasks to queue
[2024-11-18T20:30:57.307+0000] {logging_mixin.py:190} INFO - [2024-11-18T20:30:57.306+0000] {dagbag.py:588} INFO - Filling up the DagBag from /home/airflow/.local/lib/python3.11/site-packages/airflow/example_dags/example_sensors.py
[2024-11-18T20:30:57.312+0000] {processor.py:925} INFO - DAG(s) 'example_sensors' retrieved from /home/airflow/.local/lib/python3.11/site-packages/airflow/example_dags/example_sensors.py
[2024-11-18T20:30:57.324+0000] {logging_mixin.py:190} INFO - [2024-11-18T20:30:57.324+0000] {dag.py:3239} INFO - Sync 1 DAGs
[2024-11-18T20:30:57.331+0000] {logging_mixin.py:190} INFO - [2024-11-18T20:30:57.330+0000] {dag.py:4180} INFO - Setting next_dagrun for example_sensors to None, run_after=None
[2024-11-18T20:30:57.341+0000] {processor.py:208} INFO - Processing /home/airflow/.local/lib/python3.11/site-packages/airflow/example_dags/example_sensors.py took 0.043 seconds
[2024-11-18T20:31:27.821+0000] {processor.py:186} INFO - Started process (PID=570) to work on /home/airflow/.local/lib/python3.11/site-packages/airflow/example_dags/example_sensors.py
[2024-11-18T20:31:27.821+0000] {processor.py:914} INFO - Processing file /home/airflow/.local/lib/python3.11/site-packages/airflow/example_dags/example_sensors.py for tasks to queue
[2024-11-18T20:31:27.823+0000] {logging_mixin.py:190} INFO - [2024-11-18T20:31:27.823+0000] {dagbag.py:588} INFO - Filling up the DagBag from /home/airflow/.local/lib/python3.11/site-packages/airflow/example_dags/example_sensors.py
[2024-11-18T20:31:27.829+0000] {processor.py:925} INFO - DAG(s) 'example_sensors' retrieved from /home/airflow/.local/lib/python3.11/site-packages/airflow/example_dags/example_sensors.py
[2024-11-18T20:31:27.842+0000] {logging_mixin.py:190} INFO - [2024-11-18T20:31:27.841+0000] {dag.py:3239} INFO - Sync 1 DAGs
[2024-11-18T20:31:27.848+0000] {logging_mixin.py:190} INFO - [2024-11-18T20:31:27.848+0000] {dag.py:4180} INFO - Setting next_dagrun for example_sensors to None, run_after=None
[2024-11-18T20:31:27.856+0000] {processor.py:208} INFO - Processing /home/airflow/.local/lib/python3.11/site-packages/airflow/example_dags/example_sensors.py took 0.039 seconds
[2024-11-18T20:31:58.147+0000] {processor.py:186} INFO - Started process (PID=633) to work on /home/airflow/.local/lib/python3.11/site-packages/airflow/example_dags/example_sensors.py
[2024-11-18T20:31:58.148+0000] {processor.py:914} INFO - Processing file /home/airflow/.local/lib/python3.11/site-packages/airflow/example_dags/example_sensors.py for tasks to queue
[2024-11-18T20:31:58.149+0000] {logging_mixin.py:190} INFO - [2024-11-18T20:31:58.149+0000] {dagbag.py:588} INFO - Filling up the DagBag from /home/airflow/.local/lib/python3.11/site-packages/airflow/example_dags/example_sensors.py
[2024-11-18T20:31:58.155+0000] {processor.py:925} INFO - DAG(s) 'example_sensors' retrieved from /home/airflow/.local/lib/python3.11/site-packages/airflow/example_dags/example_sensors.py
[2024-11-18T20:31:58.168+0000] {logging_mixin.py:190} INFO - [2024-11-18T20:31:58.168+0000] {dag.py:3239} INFO - Sync 1 DAGs
[2024-11-18T20:31:58.175+0000] {logging_mixin.py:190} INFO - [2024-11-18T20:31:58.175+0000] {dag.py:4180} INFO - Setting next_dagrun for example_sensors to None, run_after=None
[2024-11-18T20:31:58.183+0000] {processor.py:208} INFO - Processing /home/airflow/.local/lib/python3.11/site-packages/airflow/example_dags/example_sensors.py took 0.039 seconds
[2024-11-18T20:32:29.111+0000] {processor.py:186} INFO - Started process (PID=696) to work on /home/airflow/.local/lib/python3.11/site-packages/airflow/example_dags/example_sensors.py
[2024-11-18T20:32:29.112+0000] {processor.py:914} INFO - Processing file /home/airflow/.local/lib/python3.11/site-packages/airflow/example_dags/example_sensors.py for tasks to queue
[2024-11-18T20:32:29.114+0000] {logging_mixin.py:190} INFO - [2024-11-18T20:32:29.113+0000] {dagbag.py:588} INFO - Filling up the DagBag from /home/airflow/.local/lib/python3.11/site-packages/airflow/example_dags/example_sensors.py
[2024-11-18T20:32:29.120+0000] {processor.py:925} INFO - DAG(s) 'example_sensors' retrieved from /home/airflow/.local/lib/python3.11/site-packages/airflow/example_dags/example_sensors.py
[2024-11-18T20:32:29.134+0000] {logging_mixin.py:190} INFO - [2024-11-18T20:32:29.134+0000] {dag.py:3239} INFO - Sync 1 DAGs
[2024-11-18T20:32:29.143+0000] {logging_mixin.py:190} INFO - [2024-11-18T20:32:29.143+0000] {dag.py:4180} INFO - Setting next_dagrun for example_sensors to None, run_after=None
[2024-11-18T20:32:29.152+0000] {processor.py:208} INFO - Processing /home/airflow/.local/lib/python3.11/site-packages/airflow/example_dags/example_sensors.py took 0.045 seconds
[2024-11-18T20:32:59.381+0000] {processor.py:186} INFO - Started process (PID=759) to work on /home/airflow/.local/lib/python3.11/site-packages/airflow/example_dags/example_sensors.py
[2024-11-18T20:32:59.382+0000] {processor.py:914} INFO - Processing file /home/airflow/.local/lib/python3.11/site-packages/airflow/example_dags/example_sensors.py for tasks to queue
[2024-11-18T20:32:59.384+0000] {logging_mixin.py:190} INFO - [2024-11-18T20:32:59.384+0000] {dagbag.py:588} INFO - Filling up the DagBag from /home/airflow/.local/lib/python3.11/site-packages/airflow/example_dags/example_sensors.py
[2024-11-18T20:32:59.396+0000] {processor.py:925} INFO - DAG(s) 'example_sensors' retrieved from /home/airflow/.local/lib/python3.11/site-packages/airflow/example_dags/example_sensors.py
[2024-11-18T20:32:59.417+0000] {logging_mixin.py:190} INFO - [2024-11-18T20:32:59.417+0000] {dag.py:3239} INFO - Sync 1 DAGs
[2024-11-18T20:32:59.428+0000] {logging_mixin.py:190} INFO - [2024-11-18T20:32:59.428+0000] {dag.py:4180} INFO - Setting next_dagrun for example_sensors to None, run_after=None
[2024-11-18T20:32:59.439+0000] {processor.py:208} INFO - Processing /home/airflow/.local/lib/python3.11/site-packages/airflow/example_dags/example_sensors.py took 0.062 seconds
[2024-11-18T20:33:30.375+0000] {processor.py:186} INFO - Started process (PID=822) to work on /home/airflow/.local/lib/python3.11/site-packages/airflow/example_dags/example_sensors.py
[2024-11-18T20:33:30.376+0000] {processor.py:914} INFO - Processing file /home/airflow/.local/lib/python3.11/site-packages/airflow/example_dags/example_sensors.py for tasks to queue
[2024-11-18T20:33:30.377+0000] {logging_mixin.py:190} INFO - [2024-11-18T20:33:30.377+0000] {dagbag.py:588} INFO - Filling up the DagBag from /home/airflow/.local/lib/python3.11/site-packages/airflow/example_dags/example_sensors.py
[2024-11-18T20:33:30.385+0000] {processor.py:925} INFO - DAG(s) 'example_sensors' retrieved from /home/airflow/.local/lib/python3.11/site-packages/airflow/example_dags/example_sensors.py
[2024-11-18T20:33:30.399+0000] {logging_mixin.py:190} INFO - [2024-11-18T20:33:30.398+0000] {dag.py:3239} INFO - Sync 1 DAGs
[2024-11-18T20:33:30.404+0000] {logging_mixin.py:190} INFO - [2024-11-18T20:33:30.404+0000] {dag.py:4180} INFO - Setting next_dagrun for example_sensors to None, run_after=None
[2024-11-18T20:33:30.412+0000] {processor.py:208} INFO - Processing /home/airflow/.local/lib/python3.11/site-packages/airflow/example_dags/example_sensors.py took 0.041 seconds
[2024-11-18T20:34:00.883+0000] {processor.py:186} INFO - Started process (PID=885) to work on /home/airflow/.local/lib/python3.11/site-packages/airflow/example_dags/example_sensors.py
[2024-11-18T20:34:00.884+0000] {processor.py:914} INFO - Processing file /home/airflow/.local/lib/python3.11/site-packages/airflow/example_dags/example_sensors.py for tasks to queue
[2024-11-18T20:34:00.885+0000] {logging_mixin.py:190} INFO - [2024-11-18T20:34:00.885+0000] {dagbag.py:588} INFO - Filling up the DagBag from /home/airflow/.local/lib/python3.11/site-packages/airflow/example_dags/example_sensors.py
[2024-11-18T20:34:00.898+0000] {processor.py:925} INFO - DAG(s) 'example_sensors' retrieved from /home/airflow/.local/lib/python3.11/site-packages/airflow/example_dags/example_sensors.py
[2024-11-18T20:34:00.913+0000] {logging_mixin.py:190} INFO - [2024-11-18T20:34:00.913+0000] {dag.py:3239} INFO - Sync 1 DAGs
[2024-11-18T20:34:00.920+0000] {logging_mixin.py:190} INFO - [2024-11-18T20:34:00.920+0000] {dag.py:4180} INFO - Setting next_dagrun for example_sensors to None, run_after=None
[2024-11-18T20:34:00.932+0000] {processor.py:208} INFO - Processing /home/airflow/.local/lib/python3.11/site-packages/airflow/example_dags/example_sensors.py took 0.052 seconds
[2024-11-18T20:34:31.180+0000] {processor.py:186} INFO - Started process (PID=948) to work on /home/airflow/.local/lib/python3.11/site-packages/airflow/example_dags/example_sensors.py
[2024-11-18T20:34:31.181+0000] {processor.py:914} INFO - Processing file /home/airflow/.local/lib/python3.11/site-packages/airflow/example_dags/example_sensors.py for tasks to queue
[2024-11-18T20:34:31.185+0000] {logging_mixin.py:190} INFO - [2024-11-18T20:34:31.185+0000] {dagbag.py:588} INFO - Filling up the DagBag from /home/airflow/.local/lib/python3.11/site-packages/airflow/example_dags/example_sensors.py
[2024-11-18T20:34:31.191+0000] {processor.py:925} INFO - DAG(s) 'example_sensors' retrieved from /home/airflow/.local/lib/python3.11/site-packages/airflow/example_dags/example_sensors.py
[2024-11-18T20:34:31.203+0000] {logging_mixin.py:190} INFO - [2024-11-18T20:34:31.203+0000] {dag.py:3239} INFO - Sync 1 DAGs
[2024-11-18T20:34:31.210+0000] {logging_mixin.py:190} INFO - [2024-11-18T20:34:31.210+0000] {dag.py:4180} INFO - Setting next_dagrun for example_sensors to None, run_after=None
[2024-11-18T20:34:31.218+0000] {processor.py:208} INFO - Processing /home/airflow/.local/lib/python3.11/site-packages/airflow/example_dags/example_sensors.py took 0.041 seconds
[2024-11-18T20:35:01.739+0000] {processor.py:186} INFO - Started process (PID=1011) to work on /home/airflow/.local/lib/python3.11/site-packages/airflow/example_dags/example_sensors.py
[2024-11-18T20:35:01.740+0000] {processor.py:914} INFO - Processing file /home/airflow/.local/lib/python3.11/site-packages/airflow/example_dags/example_sensors.py for tasks to queue
[2024-11-18T20:35:01.742+0000] {logging_mixin.py:190} INFO - [2024-11-18T20:35:01.741+0000] {dagbag.py:588} INFO - Filling up the DagBag from /home/airflow/.local/lib/python3.11/site-packages/airflow/example_dags/example_sensors.py
[2024-11-18T20:35:01.748+0000] {processor.py:925} INFO - DAG(s) 'example_sensors' retrieved from /home/airflow/.local/lib/python3.11/site-packages/airflow/example_dags/example_sensors.py
[2024-11-18T20:35:01.761+0000] {logging_mixin.py:190} INFO - [2024-11-18T20:35:01.761+0000] {dag.py:3239} INFO - Sync 1 DAGs
[2024-11-18T20:35:01.768+0000] {logging_mixin.py:190} INFO - [2024-11-18T20:35:01.767+0000] {dag.py:4180} INFO - Setting next_dagrun for example_sensors to None, run_after=None
[2024-11-18T20:35:01.778+0000] {processor.py:208} INFO - Processing /home/airflow/.local/lib/python3.11/site-packages/airflow/example_dags/example_sensors.py took 0.044 seconds
[2024-11-18T20:35:32.701+0000] {processor.py:186} INFO - Started process (PID=1080) to work on /home/airflow/.local/lib/python3.11/site-packages/airflow/example_dags/example_sensors.py
[2024-11-18T20:35:32.702+0000] {processor.py:914} INFO - Processing file /home/airflow/.local/lib/python3.11/site-packages/airflow/example_dags/example_sensors.py for tasks to queue
[2024-11-18T20:35:32.704+0000] {logging_mixin.py:190} INFO - [2024-11-18T20:35:32.704+0000] {dagbag.py:588} INFO - Filling up the DagBag from /home/airflow/.local/lib/python3.11/site-packages/airflow/example_dags/example_sensors.py
[2024-11-18T20:35:32.710+0000] {processor.py:925} INFO - DAG(s) 'example_sensors' retrieved from /home/airflow/.local/lib/python3.11/site-packages/airflow/example_dags/example_sensors.py
[2024-11-18T20:35:32.723+0000] {logging_mixin.py:190} INFO - [2024-11-18T20:35:32.723+0000] {dag.py:3239} INFO - Sync 1 DAGs
[2024-11-18T20:35:32.732+0000] {logging_mixin.py:190} INFO - [2024-11-18T20:35:32.732+0000] {dag.py:4180} INFO - Setting next_dagrun for example_sensors to None, run_after=None
[2024-11-18T20:35:32.747+0000] {processor.py:208} INFO - Processing /home/airflow/.local/lib/python3.11/site-packages/airflow/example_dags/example_sensors.py took 0.049 seconds
[2024-11-18T20:36:03.227+0000] {processor.py:186} INFO - Started process (PID=1143) to work on /home/airflow/.local/lib/python3.11/site-packages/airflow/example_dags/example_sensors.py
[2024-11-18T20:36:03.228+0000] {processor.py:914} INFO - Processing file /home/airflow/.local/lib/python3.11/site-packages/airflow/example_dags/example_sensors.py for tasks to queue
[2024-11-18T20:36:03.230+0000] {logging_mixin.py:190} INFO - [2024-11-18T20:36:03.229+0000] {dagbag.py:588} INFO - Filling up the DagBag from /home/airflow/.local/lib/python3.11/site-packages/airflow/example_dags/example_sensors.py
[2024-11-18T20:36:03.235+0000] {processor.py:925} INFO - DAG(s) 'example_sensors' retrieved from /home/airflow/.local/lib/python3.11/site-packages/airflow/example_dags/example_sensors.py
[2024-11-18T20:36:03.248+0000] {logging_mixin.py:190} INFO - [2024-11-18T20:36:03.248+0000] {dag.py:3239} INFO - Sync 1 DAGs
[2024-11-18T20:36:03.255+0000] {logging_mixin.py:190} INFO - [2024-11-18T20:36:03.255+0000] {dag.py:4180} INFO - Setting next_dagrun for example_sensors to None, run_after=None
[2024-11-18T20:36:03.264+0000] {processor.py:208} INFO - Processing /home/airflow/.local/lib/python3.11/site-packages/airflow/example_dags/example_sensors.py took 0.040 seconds
[2024-11-18T20:36:33.861+0000] {processor.py:186} INFO - Started process (PID=1205) to work on /home/airflow/.local/lib/python3.11/site-packages/airflow/example_dags/example_sensors.py
[2024-11-18T20:36:33.862+0000] {processor.py:914} INFO - Processing file /home/airflow/.local/lib/python3.11/site-packages/airflow/example_dags/example_sensors.py for tasks to queue
[2024-11-18T20:36:33.864+0000] {logging_mixin.py:190} INFO - [2024-11-18T20:36:33.864+0000] {dagbag.py:588} INFO - Filling up the DagBag from /home/airflow/.local/lib/python3.11/site-packages/airflow/example_dags/example_sensors.py
[2024-11-18T20:36:33.870+0000] {processor.py:925} INFO - DAG(s) 'example_sensors' retrieved from /home/airflow/.local/lib/python3.11/site-packages/airflow/example_dags/example_sensors.py
[2024-11-18T20:36:33.882+0000] {logging_mixin.py:190} INFO - [2024-11-18T20:36:33.882+0000] {dag.py:3239} INFO - Sync 1 DAGs
[2024-11-18T20:36:33.888+0000] {logging_mixin.py:190} INFO - [2024-11-18T20:36:33.888+0000] {dag.py:4180} INFO - Setting next_dagrun for example_sensors to None, run_after=None
[2024-11-18T20:36:33.895+0000] {processor.py:208} INFO - Processing /home/airflow/.local/lib/python3.11/site-packages/airflow/example_dags/example_sensors.py took 0.037 seconds
[2024-11-18T20:37:03.987+0000] {processor.py:186} INFO - Started process (PID=1268) to work on /home/airflow/.local/lib/python3.11/site-packages/airflow/example_dags/example_sensors.py
[2024-11-18T20:37:03.988+0000] {processor.py:914} INFO - Processing file /home/airflow/.local/lib/python3.11/site-packages/airflow/example_dags/example_sensors.py for tasks to queue
[2024-11-18T20:37:03.990+0000] {logging_mixin.py:190} INFO - [2024-11-18T20:37:03.989+0000] {dagbag.py:588} INFO - Filling up the DagBag from /home/airflow/.local/lib/python3.11/site-packages/airflow/example_dags/example_sensors.py
[2024-11-18T20:37:03.999+0000] {processor.py:925} INFO - DAG(s) 'example_sensors' retrieved from /home/airflow/.local/lib/python3.11/site-packages/airflow/example_dags/example_sensors.py
[2024-11-18T20:37:04.131+0000] {logging_mixin.py:190} INFO - [2024-11-18T20:37:04.131+0000] {dag.py:3239} INFO - Sync 1 DAGs
[2024-11-18T20:37:04.141+0000] {logging_mixin.py:190} INFO - [2024-11-18T20:37:04.141+0000] {dag.py:4180} INFO - Setting next_dagrun for example_sensors to None, run_after=None
[2024-11-18T20:37:04.151+0000] {processor.py:208} INFO - Processing /home/airflow/.local/lib/python3.11/site-packages/airflow/example_dags/example_sensors.py took 0.169 seconds
[2024-11-18T20:37:34.732+0000] {processor.py:186} INFO - Started process (PID=1331) to work on /home/airflow/.local/lib/python3.11/site-packages/airflow/example_dags/example_sensors.py
[2024-11-18T20:37:34.733+0000] {processor.py:914} INFO - Processing file /home/airflow/.local/lib/python3.11/site-packages/airflow/example_dags/example_sensors.py for tasks to queue
[2024-11-18T20:37:34.735+0000] {logging_mixin.py:190} INFO - [2024-11-18T20:37:34.734+0000] {dagbag.py:588} INFO - Filling up the DagBag from /home/airflow/.local/lib/python3.11/site-packages/airflow/example_dags/example_sensors.py
[2024-11-18T20:37:34.744+0000] {processor.py:925} INFO - DAG(s) 'example_sensors' retrieved from /home/airflow/.local/lib/python3.11/site-packages/airflow/example_dags/example_sensors.py
[2024-11-18T20:37:34.767+0000] {logging_mixin.py:190} INFO - [2024-11-18T20:37:34.766+0000] {dag.py:3239} INFO - Sync 1 DAGs
[2024-11-18T20:37:34.779+0000] {logging_mixin.py:190} INFO - [2024-11-18T20:37:34.779+0000] {dag.py:4180} INFO - Setting next_dagrun for example_sensors to None, run_after=None
[2024-11-18T20:37:34.792+0000] {processor.py:208} INFO - Processing /home/airflow/.local/lib/python3.11/site-packages/airflow/example_dags/example_sensors.py took 0.065 seconds
[2024-11-18T20:38:05.441+0000] {processor.py:186} INFO - Started process (PID=1394) to work on /home/airflow/.local/lib/python3.11/site-packages/airflow/example_dags/example_sensors.py
[2024-11-18T20:38:05.442+0000] {processor.py:914} INFO - Processing file /home/airflow/.local/lib/python3.11/site-packages/airflow/example_dags/example_sensors.py for tasks to queue
[2024-11-18T20:38:05.444+0000] {logging_mixin.py:190} INFO - [2024-11-18T20:38:05.444+0000] {dagbag.py:588} INFO - Filling up the DagBag from /home/airflow/.local/lib/python3.11/site-packages/airflow/example_dags/example_sensors.py
[2024-11-18T20:38:05.453+0000] {processor.py:925} INFO - DAG(s) 'example_sensors' retrieved from /home/airflow/.local/lib/python3.11/site-packages/airflow/example_dags/example_sensors.py
[2024-11-18T20:38:05.473+0000] {logging_mixin.py:190} INFO - [2024-11-18T20:38:05.473+0000] {dag.py:3239} INFO - Sync 1 DAGs
[2024-11-18T20:38:05.480+0000] {logging_mixin.py:190} INFO - [2024-11-18T20:38:05.480+0000] {dag.py:4180} INFO - Setting next_dagrun for example_sensors to None, run_after=None
[2024-11-18T20:38:05.490+0000] {processor.py:208} INFO - Processing /home/airflow/.local/lib/python3.11/site-packages/airflow/example_dags/example_sensors.py took 0.054 seconds
[2024-11-18T20:38:36.003+0000] {processor.py:186} INFO - Started process (PID=1457) to work on /home/airflow/.local/lib/python3.11/site-packages/airflow/example_dags/example_sensors.py
[2024-11-18T20:38:36.004+0000] {processor.py:914} INFO - Processing file /home/airflow/.local/lib/python3.11/site-packages/airflow/example_dags/example_sensors.py for tasks to queue
[2024-11-18T20:38:36.007+0000] {logging_mixin.py:190} INFO - [2024-11-18T20:38:36.007+0000] {dagbag.py:588} INFO - Filling up the DagBag from /home/airflow/.local/lib/python3.11/site-packages/airflow/example_dags/example_sensors.py
[2024-11-18T20:38:36.017+0000] {processor.py:925} INFO - DAG(s) 'example_sensors' retrieved from /home/airflow/.local/lib/python3.11/site-packages/airflow/example_dags/example_sensors.py
[2024-11-18T20:38:36.039+0000] {logging_mixin.py:190} INFO - [2024-11-18T20:38:36.039+0000] {dag.py:3239} INFO - Sync 1 DAGs
[2024-11-18T20:38:36.048+0000] {logging_mixin.py:190} INFO - [2024-11-18T20:38:36.048+0000] {dag.py:4180} INFO - Setting next_dagrun for example_sensors to None, run_after=None
[2024-11-18T20:38:36.059+0000] {processor.py:208} INFO - Processing /home/airflow/.local/lib/python3.11/site-packages/airflow/example_dags/example_sensors.py took 0.062 seconds
[2024-11-18T20:39:06.676+0000] {processor.py:186} INFO - Started process (PID=1520) to work on /home/airflow/.local/lib/python3.11/site-packages/airflow/example_dags/example_sensors.py
[2024-11-18T20:39:06.677+0000] {processor.py:914} INFO - Processing file /home/airflow/.local/lib/python3.11/site-packages/airflow/example_dags/example_sensors.py for tasks to queue
[2024-11-18T20:39:06.678+0000] {logging_mixin.py:190} INFO - [2024-11-18T20:39:06.678+0000] {dagbag.py:588} INFO - Filling up the DagBag from /home/airflow/.local/lib/python3.11/site-packages/airflow/example_dags/example_sensors.py
[2024-11-18T20:39:06.684+0000] {processor.py:925} INFO - DAG(s) 'example_sensors' retrieved from /home/airflow/.local/lib/python3.11/site-packages/airflow/example_dags/example_sensors.py
[2024-11-18T20:39:06.696+0000] {logging_mixin.py:190} INFO - [2024-11-18T20:39:06.696+0000] {dag.py:3239} INFO - Sync 1 DAGs
[2024-11-18T20:39:06.702+0000] {logging_mixin.py:190} INFO - [2024-11-18T20:39:06.702+0000] {dag.py:4180} INFO - Setting next_dagrun for example_sensors to None, run_after=None
[2024-11-18T20:39:06.711+0000] {processor.py:208} INFO - Processing /home/airflow/.local/lib/python3.11/site-packages/airflow/example_dags/example_sensors.py took 0.038 seconds
[2024-11-18T20:39:37.638+0000] {processor.py:186} INFO - Started process (PID=1583) to work on /home/airflow/.local/lib/python3.11/site-packages/airflow/example_dags/example_sensors.py
[2024-11-18T20:39:37.639+0000] {processor.py:914} INFO - Processing file /home/airflow/.local/lib/python3.11/site-packages/airflow/example_dags/example_sensors.py for tasks to queue
[2024-11-18T20:39:37.640+0000] {logging_mixin.py:190} INFO - [2024-11-18T20:39:37.640+0000] {dagbag.py:588} INFO - Filling up the DagBag from /home/airflow/.local/lib/python3.11/site-packages/airflow/example_dags/example_sensors.py
[2024-11-18T20:39:37.648+0000] {processor.py:925} INFO - DAG(s) 'example_sensors' retrieved from /home/airflow/.local/lib/python3.11/site-packages/airflow/example_dags/example_sensors.py
[2024-11-18T20:39:37.664+0000] {logging_mixin.py:190} INFO - [2024-11-18T20:39:37.664+0000] {dag.py:3239} INFO - Sync 1 DAGs
[2024-11-18T20:39:37.672+0000] {logging_mixin.py:190} INFO - [2024-11-18T20:39:37.672+0000] {dag.py:4180} INFO - Setting next_dagrun for example_sensors to None, run_after=None
[2024-11-18T20:39:37.681+0000] {processor.py:208} INFO - Processing /home/airflow/.local/lib/python3.11/site-packages/airflow/example_dags/example_sensors.py took 0.046 seconds
[2024-11-18T20:40:08.201+0000] {processor.py:186} INFO - Started process (PID=1646) to work on /home/airflow/.local/lib/python3.11/site-packages/airflow/example_dags/example_sensors.py
[2024-11-18T20:40:08.201+0000] {processor.py:914} INFO - Processing file /home/airflow/.local/lib/python3.11/site-packages/airflow/example_dags/example_sensors.py for tasks to queue
[2024-11-18T20:40:08.203+0000] {logging_mixin.py:190} INFO - [2024-11-18T20:40:08.203+0000] {dagbag.py:588} INFO - Filling up the DagBag from /home/airflow/.local/lib/python3.11/site-packages/airflow/example_dags/example_sensors.py
[2024-11-18T20:40:08.209+0000] {processor.py:925} INFO - DAG(s) 'example_sensors' retrieved from /home/airflow/.local/lib/python3.11/site-packages/airflow/example_dags/example_sensors.py
[2024-11-18T20:40:08.223+0000] {logging_mixin.py:190} INFO - [2024-11-18T20:40:08.223+0000] {dag.py:3239} INFO - Sync 1 DAGs
[2024-11-18T20:40:08.231+0000] {logging_mixin.py:190} INFO - [2024-11-18T20:40:08.230+0000] {dag.py:4180} INFO - Setting next_dagrun for example_sensors to None, run_after=None
[2024-11-18T20:40:08.245+0000] {processor.py:208} INFO - Processing /home/airflow/.local/lib/python3.11/site-packages/airflow/example_dags/example_sensors.py took 0.048 seconds
[2024-11-18T20:40:39.356+0000] {processor.py:186} INFO - Started process (PID=1709) to work on /home/airflow/.local/lib/python3.11/site-packages/airflow/example_dags/example_sensors.py
[2024-11-18T20:40:39.359+0000] {processor.py:914} INFO - Processing file /home/airflow/.local/lib/python3.11/site-packages/airflow/example_dags/example_sensors.py for tasks to queue
[2024-11-18T20:40:39.362+0000] {logging_mixin.py:190} INFO - [2024-11-18T20:40:39.361+0000] {dagbag.py:588} INFO - Filling up the DagBag from /home/airflow/.local/lib/python3.11/site-packages/airflow/example_dags/example_sensors.py
[2024-11-18T20:40:39.377+0000] {processor.py:925} INFO - DAG(s) 'example_sensors' retrieved from /home/airflow/.local/lib/python3.11/site-packages/airflow/example_dags/example_sensors.py
[2024-11-18T20:40:39.392+0000] {logging_mixin.py:190} INFO - [2024-11-18T20:40:39.392+0000] {dag.py:3239} INFO - Sync 1 DAGs
[2024-11-18T20:40:39.399+0000] {logging_mixin.py:190} INFO - [2024-11-18T20:40:39.399+0000] {dag.py:4180} INFO - Setting next_dagrun for example_sensors to None, run_after=None
[2024-11-18T20:40:39.408+0000] {processor.py:208} INFO - Processing /home/airflow/.local/lib/python3.11/site-packages/airflow/example_dags/example_sensors.py took 0.056 seconds
[2024-11-18T20:41:10.493+0000] {processor.py:186} INFO - Started process (PID=1772) to work on /home/airflow/.local/lib/python3.11/site-packages/airflow/example_dags/example_sensors.py
[2024-11-18T20:41:10.493+0000] {processor.py:914} INFO - Processing file /home/airflow/.local/lib/python3.11/site-packages/airflow/example_dags/example_sensors.py for tasks to queue
[2024-11-18T20:41:10.495+0000] {logging_mixin.py:190} INFO - [2024-11-18T20:41:10.495+0000] {dagbag.py:588} INFO - Filling up the DagBag from /home/airflow/.local/lib/python3.11/site-packages/airflow/example_dags/example_sensors.py
[2024-11-18T20:41:10.501+0000] {processor.py:925} INFO - DAG(s) 'example_sensors' retrieved from /home/airflow/.local/lib/python3.11/site-packages/airflow/example_dags/example_sensors.py
[2024-11-18T20:41:10.528+0000] {logging_mixin.py:190} INFO - [2024-11-18T20:41:10.528+0000] {dag.py:3239} INFO - Sync 1 DAGs
[2024-11-18T20:41:10.559+0000] {logging_mixin.py:190} INFO - [2024-11-18T20:41:10.559+0000] {dag.py:4180} INFO - Setting next_dagrun for example_sensors to None, run_after=None
[2024-11-18T20:41:10.573+0000] {processor.py:208} INFO - Processing /home/airflow/.local/lib/python3.11/site-packages/airflow/example_dags/example_sensors.py took 0.084 seconds
[2024-11-18T20:41:41.343+0000] {processor.py:186} INFO - Started process (PID=1835) to work on /home/airflow/.local/lib/python3.11/site-packages/airflow/example_dags/example_sensors.py
[2024-11-18T20:41:41.344+0000] {processor.py:914} INFO - Processing file /home/airflow/.local/lib/python3.11/site-packages/airflow/example_dags/example_sensors.py for tasks to queue
[2024-11-18T20:41:41.346+0000] {logging_mixin.py:190} INFO - [2024-11-18T20:41:41.346+0000] {dagbag.py:588} INFO - Filling up the DagBag from /home/airflow/.local/lib/python3.11/site-packages/airflow/example_dags/example_sensors.py
[2024-11-18T20:41:41.351+0000] {processor.py:925} INFO - DAG(s) 'example_sensors' retrieved from /home/airflow/.local/lib/python3.11/site-packages/airflow/example_dags/example_sensors.py
[2024-11-18T20:41:41.364+0000] {logging_mixin.py:190} INFO - [2024-11-18T20:41:41.364+0000] {dag.py:3239} INFO - Sync 1 DAGs
[2024-11-18T20:41:41.370+0000] {logging_mixin.py:190} INFO - [2024-11-18T20:41:41.370+0000] {dag.py:4180} INFO - Setting next_dagrun for example_sensors to None, run_after=None
[2024-11-18T20:41:41.379+0000] {processor.py:208} INFO - Processing /home/airflow/.local/lib/python3.11/site-packages/airflow/example_dags/example_sensors.py took 0.039 seconds
[2024-11-18T20:42:11.742+0000] {processor.py:186} INFO - Started process (PID=1898) to work on /home/airflow/.local/lib/python3.11/site-packages/airflow/example_dags/example_sensors.py
[2024-11-18T20:42:11.743+0000] {processor.py:914} INFO - Processing file /home/airflow/.local/lib/python3.11/site-packages/airflow/example_dags/example_sensors.py for tasks to queue
[2024-11-18T20:42:11.744+0000] {logging_mixin.py:190} INFO - [2024-11-18T20:42:11.744+0000] {dagbag.py:588} INFO - Filling up the DagBag from /home/airflow/.local/lib/python3.11/site-packages/airflow/example_dags/example_sensors.py
[2024-11-18T20:42:11.751+0000] {processor.py:925} INFO - DAG(s) 'example_sensors' retrieved from /home/airflow/.local/lib/python3.11/site-packages/airflow/example_dags/example_sensors.py
[2024-11-18T20:42:11.767+0000] {logging_mixin.py:190} INFO - [2024-11-18T20:42:11.767+0000] {dag.py:3239} INFO - Sync 1 DAGs
[2024-11-18T20:42:11.775+0000] {logging_mixin.py:190} INFO - [2024-11-18T20:42:11.775+0000] {dag.py:4180} INFO - Setting next_dagrun for example_sensors to None, run_after=None
[2024-11-18T20:42:11.786+0000] {processor.py:208} INFO - Processing /home/airflow/.local/lib/python3.11/site-packages/airflow/example_dags/example_sensors.py took 0.048 seconds
[2024-11-18T20:42:42.331+0000] {processor.py:186} INFO - Started process (PID=1961) to work on /home/airflow/.local/lib/python3.11/site-packages/airflow/example_dags/example_sensors.py
[2024-11-18T20:42:42.332+0000] {processor.py:914} INFO - Processing file /home/airflow/.local/lib/python3.11/site-packages/airflow/example_dags/example_sensors.py for tasks to queue
[2024-11-18T20:42:42.333+0000] {logging_mixin.py:190} INFO - [2024-11-18T20:42:42.333+0000] {dagbag.py:588} INFO - Filling up the DagBag from /home/airflow/.local/lib/python3.11/site-packages/airflow/example_dags/example_sensors.py
[2024-11-18T20:42:42.339+0000] {processor.py:925} INFO - DAG(s) 'example_sensors' retrieved from /home/airflow/.local/lib/python3.11/site-packages/airflow/example_dags/example_sensors.py
[2024-11-18T20:42:42.352+0000] {logging_mixin.py:190} INFO - [2024-11-18T20:42:42.352+0000] {dag.py:3239} INFO - Sync 1 DAGs
[2024-11-18T20:42:42.359+0000] {logging_mixin.py:190} INFO - [2024-11-18T20:42:42.359+0000] {dag.py:4180} INFO - Setting next_dagrun for example_sensors to None, run_after=None
[2024-11-18T20:42:42.370+0000] {processor.py:208} INFO - Processing /home/airflow/.local/lib/python3.11/site-packages/airflow/example_dags/example_sensors.py took 0.042 seconds
[2024-11-18T20:43:13.395+0000] {processor.py:186} INFO - Started process (PID=2024) to work on /home/airflow/.local/lib/python3.11/site-packages/airflow/example_dags/example_sensors.py
[2024-11-18T20:43:13.396+0000] {processor.py:914} INFO - Processing file /home/airflow/.local/lib/python3.11/site-packages/airflow/example_dags/example_sensors.py for tasks to queue
[2024-11-18T20:43:13.397+0000] {logging_mixin.py:190} INFO - [2024-11-18T20:43:13.397+0000] {dagbag.py:588} INFO - Filling up the DagBag from /home/airflow/.local/lib/python3.11/site-packages/airflow/example_dags/example_sensors.py
[2024-11-18T20:43:13.404+0000] {processor.py:925} INFO - DAG(s) 'example_sensors' retrieved from /home/airflow/.local/lib/python3.11/site-packages/airflow/example_dags/example_sensors.py
[2024-11-18T20:43:13.416+0000] {logging_mixin.py:190} INFO - [2024-11-18T20:43:13.416+0000] {dag.py:3239} INFO - Sync 1 DAGs
[2024-11-18T20:43:13.425+0000] {logging_mixin.py:190} INFO - [2024-11-18T20:43:13.425+0000] {dag.py:4180} INFO - Setting next_dagrun for example_sensors to None, run_after=None
[2024-11-18T20:43:13.435+0000] {processor.py:208} INFO - Processing /home/airflow/.local/lib/python3.11/site-packages/airflow/example_dags/example_sensors.py took 0.043 seconds
[2024-11-18T20:43:43.687+0000] {processor.py:186} INFO - Started process (PID=2087) to work on /home/airflow/.local/lib/python3.11/site-packages/airflow/example_dags/example_sensors.py
[2024-11-18T20:43:43.688+0000] {processor.py:914} INFO - Processing file /home/airflow/.local/lib/python3.11/site-packages/airflow/example_dags/example_sensors.py for tasks to queue
[2024-11-18T20:43:43.690+0000] {logging_mixin.py:190} INFO - [2024-11-18T20:43:43.690+0000] {dagbag.py:588} INFO - Filling up the DagBag from /home/airflow/.local/lib/python3.11/site-packages/airflow/example_dags/example_sensors.py
[2024-11-18T20:43:43.696+0000] {processor.py:925} INFO - DAG(s) 'example_sensors' retrieved from /home/airflow/.local/lib/python3.11/site-packages/airflow/example_dags/example_sensors.py
[2024-11-18T20:43:43.709+0000] {logging_mixin.py:190} INFO - [2024-11-18T20:43:43.709+0000] {dag.py:3239} INFO - Sync 1 DAGs
[2024-11-18T20:43:43.716+0000] {logging_mixin.py:190} INFO - [2024-11-18T20:43:43.716+0000] {dag.py:4180} INFO - Setting next_dagrun for example_sensors to None, run_after=None
[2024-11-18T20:43:43.726+0000] {processor.py:208} INFO - Processing /home/airflow/.local/lib/python3.11/site-packages/airflow/example_dags/example_sensors.py took 0.042 seconds
[2024-11-18T20:44:14.317+0000] {processor.py:186} INFO - Started process (PID=2150) to work on /home/airflow/.local/lib/python3.11/site-packages/airflow/example_dags/example_sensors.py
[2024-11-18T20:44:14.318+0000] {processor.py:914} INFO - Processing file /home/airflow/.local/lib/python3.11/site-packages/airflow/example_dags/example_sensors.py for tasks to queue
[2024-11-18T20:44:14.320+0000] {logging_mixin.py:190} INFO - [2024-11-18T20:44:14.319+0000] {dagbag.py:588} INFO - Filling up the DagBag from /home/airflow/.local/lib/python3.11/site-packages/airflow/example_dags/example_sensors.py
[2024-11-18T20:44:14.326+0000] {processor.py:925} INFO - DAG(s) 'example_sensors' retrieved from /home/airflow/.local/lib/python3.11/site-packages/airflow/example_dags/example_sensors.py
[2024-11-18T20:44:14.338+0000] {logging_mixin.py:190} INFO - [2024-11-18T20:44:14.338+0000] {dag.py:3239} INFO - Sync 1 DAGs
[2024-11-18T20:44:14.344+0000] {logging_mixin.py:190} INFO - [2024-11-18T20:44:14.344+0000] {dag.py:4180} INFO - Setting next_dagrun for example_sensors to None, run_after=None
[2024-11-18T20:44:14.353+0000] {processor.py:208} INFO - Processing /home/airflow/.local/lib/python3.11/site-packages/airflow/example_dags/example_sensors.py took 0.039 seconds
[2024-11-18T20:44:45.315+0000] {processor.py:186} INFO - Started process (PID=2213) to work on /home/airflow/.local/lib/python3.11/site-packages/airflow/example_dags/example_sensors.py
[2024-11-18T20:44:45.319+0000] {processor.py:914} INFO - Processing file /home/airflow/.local/lib/python3.11/site-packages/airflow/example_dags/example_sensors.py for tasks to queue
[2024-11-18T20:44:45.324+0000] {logging_mixin.py:190} INFO - [2024-11-18T20:44:45.323+0000] {dagbag.py:588} INFO - Filling up the DagBag from /home/airflow/.local/lib/python3.11/site-packages/airflow/example_dags/example_sensors.py
[2024-11-18T20:44:45.338+0000] {processor.py:925} INFO - DAG(s) 'example_sensors' retrieved from /home/airflow/.local/lib/python3.11/site-packages/airflow/example_dags/example_sensors.py
[2024-11-18T20:44:45.387+0000] {logging_mixin.py:190} INFO - [2024-11-18T20:44:45.387+0000] {dag.py:3239} INFO - Sync 1 DAGs
[2024-11-18T20:44:45.412+0000] {logging_mixin.py:190} INFO - [2024-11-18T20:44:45.411+0000] {dag.py:4180} INFO - Setting next_dagrun for example_sensors to None, run_after=None
[2024-11-18T20:44:45.477+0000] {processor.py:208} INFO - Processing /home/airflow/.local/lib/python3.11/site-packages/airflow/example_dags/example_sensors.py took 0.181 seconds
[2024-11-18T20:45:16.062+0000] {processor.py:186} INFO - Started process (PID=2276) to work on /home/airflow/.local/lib/python3.11/site-packages/airflow/example_dags/example_sensors.py
[2024-11-18T20:45:16.063+0000] {processor.py:914} INFO - Processing file /home/airflow/.local/lib/python3.11/site-packages/airflow/example_dags/example_sensors.py for tasks to queue
[2024-11-18T20:45:16.065+0000] {logging_mixin.py:190} INFO - [2024-11-18T20:45:16.065+0000] {dagbag.py:588} INFO - Filling up the DagBag from /home/airflow/.local/lib/python3.11/site-packages/airflow/example_dags/example_sensors.py
[2024-11-18T20:45:16.071+0000] {processor.py:925} INFO - DAG(s) 'example_sensors' retrieved from /home/airflow/.local/lib/python3.11/site-packages/airflow/example_dags/example_sensors.py
[2024-11-18T20:45:16.083+0000] {logging_mixin.py:190} INFO - [2024-11-18T20:45:16.083+0000] {dag.py:3239} INFO - Sync 1 DAGs
[2024-11-18T20:45:16.090+0000] {logging_mixin.py:190} INFO - [2024-11-18T20:45:16.090+0000] {dag.py:4180} INFO - Setting next_dagrun for example_sensors to None, run_after=None
[2024-11-18T20:45:16.099+0000] {processor.py:208} INFO - Processing /home/airflow/.local/lib/python3.11/site-packages/airflow/example_dags/example_sensors.py took 0.040 seconds
[2024-11-18T20:47:09.189+0000] {processor.py:186} INFO - Started process (PID=66) to work on /home/airflow/.local/lib/python3.11/site-packages/airflow/example_dags/example_sensors.py
[2024-11-18T20:47:09.191+0000] {processor.py:914} INFO - Processing file /home/airflow/.local/lib/python3.11/site-packages/airflow/example_dags/example_sensors.py for tasks to queue
[2024-11-18T20:47:09.197+0000] {logging_mixin.py:190} INFO - [2024-11-18T20:47:09.196+0000] {dagbag.py:588} INFO - Filling up the DagBag from /home/airflow/.local/lib/python3.11/site-packages/airflow/example_dags/example_sensors.py
[2024-11-18T20:47:09.215+0000] {processor.py:925} INFO - DAG(s) 'example_sensors' retrieved from /home/airflow/.local/lib/python3.11/site-packages/airflow/example_dags/example_sensors.py
[2024-11-18T20:47:09.274+0000] {logging_mixin.py:190} INFO - [2024-11-18T20:47:09.274+0000] {dag.py:3239} INFO - Sync 1 DAGs
[2024-11-18T20:47:09.289+0000] {logging_mixin.py:190} INFO - [2024-11-18T20:47:09.289+0000] {dag.py:4180} INFO - Setting next_dagrun for example_sensors to None, run_after=None
[2024-11-18T20:47:09.318+0000] {processor.py:208} INFO - Processing /home/airflow/.local/lib/python3.11/site-packages/airflow/example_dags/example_sensors.py took 0.143 seconds
[2024-11-18T20:47:39.765+0000] {processor.py:186} INFO - Started process (PID=129) to work on /home/airflow/.local/lib/python3.11/site-packages/airflow/example_dags/example_sensors.py
[2024-11-18T20:47:39.766+0000] {processor.py:914} INFO - Processing file /home/airflow/.local/lib/python3.11/site-packages/airflow/example_dags/example_sensors.py for tasks to queue
[2024-11-18T20:47:39.767+0000] {logging_mixin.py:190} INFO - [2024-11-18T20:47:39.767+0000] {dagbag.py:588} INFO - Filling up the DagBag from /home/airflow/.local/lib/python3.11/site-packages/airflow/example_dags/example_sensors.py
[2024-11-18T20:47:39.777+0000] {processor.py:925} INFO - DAG(s) 'example_sensors' retrieved from /home/airflow/.local/lib/python3.11/site-packages/airflow/example_dags/example_sensors.py
[2024-11-18T20:47:39.797+0000] {logging_mixin.py:190} INFO - [2024-11-18T20:47:39.797+0000] {dag.py:3239} INFO - Sync 1 DAGs
[2024-11-18T20:47:39.807+0000] {logging_mixin.py:190} INFO - [2024-11-18T20:47:39.807+0000] {dag.py:4180} INFO - Setting next_dagrun for example_sensors to None, run_after=None
[2024-11-18T20:47:40.111+0000] {processor.py:208} INFO - Processing /home/airflow/.local/lib/python3.11/site-packages/airflow/example_dags/example_sensors.py took 0.350 seconds
[2024-11-18T20:48:10.796+0000] {processor.py:186} INFO - Started process (PID=192) to work on /home/airflow/.local/lib/python3.11/site-packages/airflow/example_dags/example_sensors.py
[2024-11-18T20:48:10.799+0000] {processor.py:914} INFO - Processing file /home/airflow/.local/lib/python3.11/site-packages/airflow/example_dags/example_sensors.py for tasks to queue
[2024-11-18T20:48:10.801+0000] {logging_mixin.py:190} INFO - [2024-11-18T20:48:10.801+0000] {dagbag.py:588} INFO - Filling up the DagBag from /home/airflow/.local/lib/python3.11/site-packages/airflow/example_dags/example_sensors.py
[2024-11-18T20:48:10.812+0000] {processor.py:925} INFO - DAG(s) 'example_sensors' retrieved from /home/airflow/.local/lib/python3.11/site-packages/airflow/example_dags/example_sensors.py
[2024-11-18T20:48:10.848+0000] {logging_mixin.py:190} INFO - [2024-11-18T20:48:10.848+0000] {dag.py:3239} INFO - Sync 1 DAGs
[2024-11-18T20:48:10.859+0000] {logging_mixin.py:190} INFO - [2024-11-18T20:48:10.859+0000] {dag.py:4180} INFO - Setting next_dagrun for example_sensors to None, run_after=None
[2024-11-18T20:48:11.030+0000] {processor.py:208} INFO - Processing /home/airflow/.local/lib/python3.11/site-packages/airflow/example_dags/example_sensors.py took 0.238 seconds
[2024-11-18T20:48:41.072+0000] {processor.py:186} INFO - Started process (PID=256) to work on /home/airflow/.local/lib/python3.11/site-packages/airflow/example_dags/example_sensors.py
[2024-11-18T20:48:41.073+0000] {processor.py:914} INFO - Processing file /home/airflow/.local/lib/python3.11/site-packages/airflow/example_dags/example_sensors.py for tasks to queue
[2024-11-18T20:48:41.074+0000] {logging_mixin.py:190} INFO - [2024-11-18T20:48:41.074+0000] {dagbag.py:588} INFO - Filling up the DagBag from /home/airflow/.local/lib/python3.11/site-packages/airflow/example_dags/example_sensors.py
[2024-11-18T20:48:41.079+0000] {processor.py:925} INFO - DAG(s) 'example_sensors' retrieved from /home/airflow/.local/lib/python3.11/site-packages/airflow/example_dags/example_sensors.py
[2024-11-18T20:48:41.091+0000] {logging_mixin.py:190} INFO - [2024-11-18T20:48:41.091+0000] {dag.py:3239} INFO - Sync 1 DAGs
[2024-11-18T20:48:41.097+0000] {logging_mixin.py:190} INFO - [2024-11-18T20:48:41.097+0000] {dag.py:4180} INFO - Setting next_dagrun for example_sensors to None, run_after=None
[2024-11-18T20:48:41.105+0000] {processor.py:208} INFO - Processing /home/airflow/.local/lib/python3.11/site-packages/airflow/example_dags/example_sensors.py took 0.036 seconds
[2024-11-18T20:49:11.660+0000] {processor.py:186} INFO - Started process (PID=318) to work on /home/airflow/.local/lib/python3.11/site-packages/airflow/example_dags/example_sensors.py
[2024-11-18T20:49:11.660+0000] {processor.py:914} INFO - Processing file /home/airflow/.local/lib/python3.11/site-packages/airflow/example_dags/example_sensors.py for tasks to queue
[2024-11-18T20:49:11.662+0000] {logging_mixin.py:190} INFO - [2024-11-18T20:49:11.661+0000] {dagbag.py:588} INFO - Filling up the DagBag from /home/airflow/.local/lib/python3.11/site-packages/airflow/example_dags/example_sensors.py
[2024-11-18T20:49:11.667+0000] {processor.py:925} INFO - DAG(s) 'example_sensors' retrieved from /home/airflow/.local/lib/python3.11/site-packages/airflow/example_dags/example_sensors.py
[2024-11-18T20:49:11.680+0000] {logging_mixin.py:190} INFO - [2024-11-18T20:49:11.680+0000] {dag.py:3239} INFO - Sync 1 DAGs
[2024-11-18T20:49:11.687+0000] {logging_mixin.py:190} INFO - [2024-11-18T20:49:11.686+0000] {dag.py:4180} INFO - Setting next_dagrun for example_sensors to None, run_after=None
[2024-11-18T20:49:11.695+0000] {processor.py:208} INFO - Processing /home/airflow/.local/lib/python3.11/site-packages/airflow/example_dags/example_sensors.py took 0.039 seconds
[2024-11-18T20:49:42.272+0000] {processor.py:186} INFO - Started process (PID=381) to work on /home/airflow/.local/lib/python3.11/site-packages/airflow/example_dags/example_sensors.py
[2024-11-18T20:49:42.273+0000] {processor.py:914} INFO - Processing file /home/airflow/.local/lib/python3.11/site-packages/airflow/example_dags/example_sensors.py for tasks to queue
[2024-11-18T20:49:42.275+0000] {logging_mixin.py:190} INFO - [2024-11-18T20:49:42.274+0000] {dagbag.py:588} INFO - Filling up the DagBag from /home/airflow/.local/lib/python3.11/site-packages/airflow/example_dags/example_sensors.py
[2024-11-18T20:49:42.281+0000] {processor.py:925} INFO - DAG(s) 'example_sensors' retrieved from /home/airflow/.local/lib/python3.11/site-packages/airflow/example_dags/example_sensors.py
[2024-11-18T20:49:42.295+0000] {logging_mixin.py:190} INFO - [2024-11-18T20:49:42.295+0000] {dag.py:3239} INFO - Sync 1 DAGs
[2024-11-18T20:49:42.303+0000] {logging_mixin.py:190} INFO - [2024-11-18T20:49:42.303+0000] {dag.py:4180} INFO - Setting next_dagrun for example_sensors to None, run_after=None
[2024-11-18T20:49:42.318+0000] {processor.py:208} INFO - Processing /home/airflow/.local/lib/python3.11/site-packages/airflow/example_dags/example_sensors.py took 0.050 seconds
[2024-11-18T20:50:12.896+0000] {processor.py:186} INFO - Started process (PID=444) to work on /home/airflow/.local/lib/python3.11/site-packages/airflow/example_dags/example_sensors.py
[2024-11-18T20:50:12.897+0000] {processor.py:914} INFO - Processing file /home/airflow/.local/lib/python3.11/site-packages/airflow/example_dags/example_sensors.py for tasks to queue
[2024-11-18T20:50:12.898+0000] {logging_mixin.py:190} INFO - [2024-11-18T20:50:12.898+0000] {dagbag.py:588} INFO - Filling up the DagBag from /home/airflow/.local/lib/python3.11/site-packages/airflow/example_dags/example_sensors.py
[2024-11-18T20:50:12.904+0000] {processor.py:925} INFO - DAG(s) 'example_sensors' retrieved from /home/airflow/.local/lib/python3.11/site-packages/airflow/example_dags/example_sensors.py
[2024-11-18T20:50:12.917+0000] {logging_mixin.py:190} INFO - [2024-11-18T20:50:12.917+0000] {dag.py:3239} INFO - Sync 1 DAGs
[2024-11-18T20:50:12.923+0000] {logging_mixin.py:190} INFO - [2024-11-18T20:50:12.923+0000] {dag.py:4180} INFO - Setting next_dagrun for example_sensors to None, run_after=None
[2024-11-18T20:50:12.931+0000] {processor.py:208} INFO - Processing /home/airflow/.local/lib/python3.11/site-packages/airflow/example_dags/example_sensors.py took 0.038 seconds
[2024-11-18T20:50:43.859+0000] {processor.py:186} INFO - Started process (PID=507) to work on /home/airflow/.local/lib/python3.11/site-packages/airflow/example_dags/example_sensors.py
[2024-11-18T20:50:43.860+0000] {processor.py:914} INFO - Processing file /home/airflow/.local/lib/python3.11/site-packages/airflow/example_dags/example_sensors.py for tasks to queue
[2024-11-18T20:50:43.862+0000] {logging_mixin.py:190} INFO - [2024-11-18T20:50:43.861+0000] {dagbag.py:588} INFO - Filling up the DagBag from /home/airflow/.local/lib/python3.11/site-packages/airflow/example_dags/example_sensors.py
[2024-11-18T20:50:43.868+0000] {processor.py:925} INFO - DAG(s) 'example_sensors' retrieved from /home/airflow/.local/lib/python3.11/site-packages/airflow/example_dags/example_sensors.py
[2024-11-18T20:50:43.885+0000] {logging_mixin.py:190} INFO - [2024-11-18T20:50:43.884+0000] {dag.py:3239} INFO - Sync 1 DAGs
[2024-11-18T20:50:43.893+0000] {logging_mixin.py:190} INFO - [2024-11-18T20:50:43.893+0000] {dag.py:4180} INFO - Setting next_dagrun for example_sensors to None, run_after=None
[2024-11-18T20:50:43.906+0000] {processor.py:208} INFO - Processing /home/airflow/.local/lib/python3.11/site-packages/airflow/example_dags/example_sensors.py took 0.052 seconds
[2024-11-18T20:51:14.111+0000] {processor.py:186} INFO - Started process (PID=570) to work on /home/airflow/.local/lib/python3.11/site-packages/airflow/example_dags/example_sensors.py
[2024-11-18T20:51:14.111+0000] {processor.py:914} INFO - Processing file /home/airflow/.local/lib/python3.11/site-packages/airflow/example_dags/example_sensors.py for tasks to queue
[2024-11-18T20:51:14.113+0000] {logging_mixin.py:190} INFO - [2024-11-18T20:51:14.113+0000] {dagbag.py:588} INFO - Filling up the DagBag from /home/airflow/.local/lib/python3.11/site-packages/airflow/example_dags/example_sensors.py
[2024-11-18T20:51:14.119+0000] {processor.py:925} INFO - DAG(s) 'example_sensors' retrieved from /home/airflow/.local/lib/python3.11/site-packages/airflow/example_dags/example_sensors.py
[2024-11-18T20:51:14.135+0000] {logging_mixin.py:190} INFO - [2024-11-18T20:51:14.135+0000] {dag.py:3239} INFO - Sync 1 DAGs
[2024-11-18T20:51:14.143+0000] {logging_mixin.py:190} INFO - [2024-11-18T20:51:14.143+0000] {dag.py:4180} INFO - Setting next_dagrun for example_sensors to None, run_after=None
[2024-11-18T20:51:14.153+0000] {processor.py:208} INFO - Processing /home/airflow/.local/lib/python3.11/site-packages/airflow/example_dags/example_sensors.py took 0.046 seconds
[2024-11-18T20:51:44.785+0000] {processor.py:186} INFO - Started process (PID=633) to work on /home/airflow/.local/lib/python3.11/site-packages/airflow/example_dags/example_sensors.py
[2024-11-18T20:51:44.785+0000] {processor.py:914} INFO - Processing file /home/airflow/.local/lib/python3.11/site-packages/airflow/example_dags/example_sensors.py for tasks to queue
[2024-11-18T20:51:44.786+0000] {logging_mixin.py:190} INFO - [2024-11-18T20:51:44.786+0000] {dagbag.py:588} INFO - Filling up the DagBag from /home/airflow/.local/lib/python3.11/site-packages/airflow/example_dags/example_sensors.py
[2024-11-18T20:51:44.792+0000] {processor.py:925} INFO - DAG(s) 'example_sensors' retrieved from /home/airflow/.local/lib/python3.11/site-packages/airflow/example_dags/example_sensors.py
[2024-11-18T20:51:44.806+0000] {logging_mixin.py:190} INFO - [2024-11-18T20:51:44.806+0000] {dag.py:3239} INFO - Sync 1 DAGs
[2024-11-18T20:51:44.813+0000] {logging_mixin.py:190} INFO - [2024-11-18T20:51:44.813+0000] {dag.py:4180} INFO - Setting next_dagrun for example_sensors to None, run_after=None
[2024-11-18T20:51:44.821+0000] {processor.py:208} INFO - Processing /home/airflow/.local/lib/python3.11/site-packages/airflow/example_dags/example_sensors.py took 0.040 seconds
[2024-11-18T20:52:16.468+0000] {processor.py:186} INFO - Started process (PID=696) to work on /home/airflow/.local/lib/python3.11/site-packages/airflow/example_dags/example_sensors.py
[2024-11-18T20:52:16.469+0000] {processor.py:914} INFO - Processing file /home/airflow/.local/lib/python3.11/site-packages/airflow/example_dags/example_sensors.py for tasks to queue
[2024-11-18T20:52:16.470+0000] {logging_mixin.py:190} INFO - [2024-11-18T20:52:16.470+0000] {dagbag.py:588} INFO - Filling up the DagBag from /home/airflow/.local/lib/python3.11/site-packages/airflow/example_dags/example_sensors.py
[2024-11-18T20:52:16.476+0000] {processor.py:925} INFO - DAG(s) 'example_sensors' retrieved from /home/airflow/.local/lib/python3.11/site-packages/airflow/example_dags/example_sensors.py
[2024-11-18T20:52:16.489+0000] {logging_mixin.py:190} INFO - [2024-11-18T20:52:16.489+0000] {dag.py:3239} INFO - Sync 1 DAGs
[2024-11-18T20:52:16.495+0000] {logging_mixin.py:190} INFO - [2024-11-18T20:52:16.495+0000] {dag.py:4180} INFO - Setting next_dagrun for example_sensors to None, run_after=None
[2024-11-18T20:52:16.503+0000] {processor.py:208} INFO - Processing /home/airflow/.local/lib/python3.11/site-packages/airflow/example_dags/example_sensors.py took 0.037 seconds
[2024-11-18T20:52:47.116+0000] {processor.py:186} INFO - Started process (PID=758) to work on /home/airflow/.local/lib/python3.11/site-packages/airflow/example_dags/example_sensors.py
[2024-11-18T20:52:47.117+0000] {processor.py:914} INFO - Processing file /home/airflow/.local/lib/python3.11/site-packages/airflow/example_dags/example_sensors.py for tasks to queue
[2024-11-18T20:52:47.118+0000] {logging_mixin.py:190} INFO - [2024-11-18T20:52:47.118+0000] {dagbag.py:588} INFO - Filling up the DagBag from /home/airflow/.local/lib/python3.11/site-packages/airflow/example_dags/example_sensors.py
[2024-11-18T20:52:47.124+0000] {processor.py:925} INFO - DAG(s) 'example_sensors' retrieved from /home/airflow/.local/lib/python3.11/site-packages/airflow/example_dags/example_sensors.py
[2024-11-18T20:52:47.139+0000] {logging_mixin.py:190} INFO - [2024-11-18T20:52:47.139+0000] {dag.py:3239} INFO - Sync 1 DAGs
[2024-11-18T20:52:47.146+0000] {logging_mixin.py:190} INFO - [2024-11-18T20:52:47.146+0000] {dag.py:4180} INFO - Setting next_dagrun for example_sensors to None, run_after=None
[2024-11-18T20:52:47.157+0000] {processor.py:208} INFO - Processing /home/airflow/.local/lib/python3.11/site-packages/airflow/example_dags/example_sensors.py took 0.044 seconds
[2024-11-18T20:53:17.669+0000] {processor.py:186} INFO - Started process (PID=821) to work on /home/airflow/.local/lib/python3.11/site-packages/airflow/example_dags/example_sensors.py
[2024-11-18T20:53:17.670+0000] {processor.py:914} INFO - Processing file /home/airflow/.local/lib/python3.11/site-packages/airflow/example_dags/example_sensors.py for tasks to queue
[2024-11-18T20:53:17.671+0000] {logging_mixin.py:190} INFO - [2024-11-18T20:53:17.671+0000] {dagbag.py:588} INFO - Filling up the DagBag from /home/airflow/.local/lib/python3.11/site-packages/airflow/example_dags/example_sensors.py
[2024-11-18T20:53:17.678+0000] {processor.py:925} INFO - DAG(s) 'example_sensors' retrieved from /home/airflow/.local/lib/python3.11/site-packages/airflow/example_dags/example_sensors.py
[2024-11-18T20:53:17.695+0000] {logging_mixin.py:190} INFO - [2024-11-18T20:53:17.695+0000] {dag.py:3239} INFO - Sync 1 DAGs
[2024-11-18T20:53:17.703+0000] {logging_mixin.py:190} INFO - [2024-11-18T20:53:17.702+0000] {dag.py:4180} INFO - Setting next_dagrun for example_sensors to None, run_after=None
[2024-11-18T20:53:17.713+0000] {processor.py:208} INFO - Processing /home/airflow/.local/lib/python3.11/site-packages/airflow/example_dags/example_sensors.py took 0.048 seconds
[2024-11-18T20:53:47.881+0000] {processor.py:186} INFO - Started process (PID=884) to work on /home/airflow/.local/lib/python3.11/site-packages/airflow/example_dags/example_sensors.py
[2024-11-18T20:53:47.882+0000] {processor.py:914} INFO - Processing file /home/airflow/.local/lib/python3.11/site-packages/airflow/example_dags/example_sensors.py for tasks to queue
[2024-11-18T20:53:47.884+0000] {logging_mixin.py:190} INFO - [2024-11-18T20:53:47.884+0000] {dagbag.py:588} INFO - Filling up the DagBag from /home/airflow/.local/lib/python3.11/site-packages/airflow/example_dags/example_sensors.py
[2024-11-18T20:53:47.894+0000] {processor.py:925} INFO - DAG(s) 'example_sensors' retrieved from /home/airflow/.local/lib/python3.11/site-packages/airflow/example_dags/example_sensors.py
[2024-11-18T20:53:47.913+0000] {logging_mixin.py:190} INFO - [2024-11-18T20:53:47.913+0000] {dag.py:3239} INFO - Sync 1 DAGs
[2024-11-18T20:53:47.921+0000] {logging_mixin.py:190} INFO - [2024-11-18T20:53:47.921+0000] {dag.py:4180} INFO - Setting next_dagrun for example_sensors to None, run_after=None
[2024-11-18T20:53:47.939+0000] {processor.py:208} INFO - Processing /home/airflow/.local/lib/python3.11/site-packages/airflow/example_dags/example_sensors.py took 0.063 seconds
[2024-11-18T20:54:18.024+0000] {processor.py:186} INFO - Started process (PID=947) to work on /home/airflow/.local/lib/python3.11/site-packages/airflow/example_dags/example_sensors.py
[2024-11-18T20:54:18.024+0000] {processor.py:914} INFO - Processing file /home/airflow/.local/lib/python3.11/site-packages/airflow/example_dags/example_sensors.py for tasks to queue
[2024-11-18T20:54:18.025+0000] {logging_mixin.py:190} INFO - [2024-11-18T20:54:18.025+0000] {dagbag.py:588} INFO - Filling up the DagBag from /home/airflow/.local/lib/python3.11/site-packages/airflow/example_dags/example_sensors.py
[2024-11-18T20:54:18.031+0000] {processor.py:925} INFO - DAG(s) 'example_sensors' retrieved from /home/airflow/.local/lib/python3.11/site-packages/airflow/example_dags/example_sensors.py
[2024-11-18T20:54:18.044+0000] {logging_mixin.py:190} INFO - [2024-11-18T20:54:18.044+0000] {dag.py:3239} INFO - Sync 1 DAGs
[2024-11-18T20:54:18.054+0000] {logging_mixin.py:190} INFO - [2024-11-18T20:54:18.054+0000] {dag.py:4180} INFO - Setting next_dagrun for example_sensors to None, run_after=None
[2024-11-18T20:54:18.062+0000] {processor.py:208} INFO - Processing /home/airflow/.local/lib/python3.11/site-packages/airflow/example_dags/example_sensors.py took 0.041 seconds
[2024-11-18T20:54:48.879+0000] {processor.py:186} INFO - Started process (PID=1010) to work on /home/airflow/.local/lib/python3.11/site-packages/airflow/example_dags/example_sensors.py
[2024-11-18T20:54:48.880+0000] {processor.py:914} INFO - Processing file /home/airflow/.local/lib/python3.11/site-packages/airflow/example_dags/example_sensors.py for tasks to queue
[2024-11-18T20:54:48.881+0000] {logging_mixin.py:190} INFO - [2024-11-18T20:54:48.881+0000] {dagbag.py:588} INFO - Filling up the DagBag from /home/airflow/.local/lib/python3.11/site-packages/airflow/example_dags/example_sensors.py
[2024-11-18T20:54:48.887+0000] {processor.py:925} INFO - DAG(s) 'example_sensors' retrieved from /home/airflow/.local/lib/python3.11/site-packages/airflow/example_dags/example_sensors.py
[2024-11-18T20:54:48.900+0000] {logging_mixin.py:190} INFO - [2024-11-18T20:54:48.900+0000] {dag.py:3239} INFO - Sync 1 DAGs
[2024-11-18T20:54:48.906+0000] {logging_mixin.py:190} INFO - [2024-11-18T20:54:48.906+0000] {dag.py:4180} INFO - Setting next_dagrun for example_sensors to None, run_after=None
[2024-11-18T20:54:48.915+0000] {processor.py:208} INFO - Processing /home/airflow/.local/lib/python3.11/site-packages/airflow/example_dags/example_sensors.py took 0.040 seconds
[2024-11-18T20:55:19.759+0000] {processor.py:186} INFO - Started process (PID=1073) to work on /home/airflow/.local/lib/python3.11/site-packages/airflow/example_dags/example_sensors.py
[2024-11-18T20:55:19.760+0000] {processor.py:914} INFO - Processing file /home/airflow/.local/lib/python3.11/site-packages/airflow/example_dags/example_sensors.py for tasks to queue
[2024-11-18T20:55:19.763+0000] {logging_mixin.py:190} INFO - [2024-11-18T20:55:19.762+0000] {dagbag.py:588} INFO - Filling up the DagBag from /home/airflow/.local/lib/python3.11/site-packages/airflow/example_dags/example_sensors.py
[2024-11-18T20:55:19.776+0000] {processor.py:925} INFO - DAG(s) 'example_sensors' retrieved from /home/airflow/.local/lib/python3.11/site-packages/airflow/example_dags/example_sensors.py
[2024-11-18T20:55:19.818+0000] {logging_mixin.py:190} INFO - [2024-11-18T20:55:19.818+0000] {dag.py:3239} INFO - Sync 1 DAGs
[2024-11-18T20:55:19.827+0000] {logging_mixin.py:190} INFO - [2024-11-18T20:55:19.827+0000] {dag.py:4180} INFO - Setting next_dagrun for example_sensors to None, run_after=None
[2024-11-18T20:55:19.838+0000] {processor.py:208} INFO - Processing /home/airflow/.local/lib/python3.11/site-packages/airflow/example_dags/example_sensors.py took 0.084 seconds
[2024-11-18T20:55:50.164+0000] {processor.py:186} INFO - Started process (PID=1136) to work on /home/airflow/.local/lib/python3.11/site-packages/airflow/example_dags/example_sensors.py
[2024-11-18T20:55:50.165+0000] {processor.py:914} INFO - Processing file /home/airflow/.local/lib/python3.11/site-packages/airflow/example_dags/example_sensors.py for tasks to queue
[2024-11-18T20:55:50.166+0000] {logging_mixin.py:190} INFO - [2024-11-18T20:55:50.166+0000] {dagbag.py:588} INFO - Filling up the DagBag from /home/airflow/.local/lib/python3.11/site-packages/airflow/example_dags/example_sensors.py
[2024-11-18T20:55:50.174+0000] {processor.py:925} INFO - DAG(s) 'example_sensors' retrieved from /home/airflow/.local/lib/python3.11/site-packages/airflow/example_dags/example_sensors.py
[2024-11-18T20:55:50.189+0000] {logging_mixin.py:190} INFO - [2024-11-18T20:55:50.188+0000] {dag.py:3239} INFO - Sync 1 DAGs
[2024-11-18T20:55:50.196+0000] {logging_mixin.py:190} INFO - [2024-11-18T20:55:50.196+0000] {dag.py:4180} INFO - Setting next_dagrun for example_sensors to None, run_after=None
[2024-11-18T20:55:50.205+0000] {processor.py:208} INFO - Processing /home/airflow/.local/lib/python3.11/site-packages/airflow/example_dags/example_sensors.py took 0.047 seconds
[2024-11-18T20:56:21.050+0000] {processor.py:186} INFO - Started process (PID=1199) to work on /home/airflow/.local/lib/python3.11/site-packages/airflow/example_dags/example_sensors.py
[2024-11-18T20:56:21.051+0000] {processor.py:914} INFO - Processing file /home/airflow/.local/lib/python3.11/site-packages/airflow/example_dags/example_sensors.py for tasks to queue
[2024-11-18T20:56:21.054+0000] {logging_mixin.py:190} INFO - [2024-11-18T20:56:21.054+0000] {dagbag.py:588} INFO - Filling up the DagBag from /home/airflow/.local/lib/python3.11/site-packages/airflow/example_dags/example_sensors.py
[2024-11-18T20:56:21.063+0000] {processor.py:925} INFO - DAG(s) 'example_sensors' retrieved from /home/airflow/.local/lib/python3.11/site-packages/airflow/example_dags/example_sensors.py
[2024-11-18T20:56:21.104+0000] {logging_mixin.py:190} INFO - [2024-11-18T20:56:21.104+0000] {dag.py:3239} INFO - Sync 1 DAGs
[2024-11-18T20:56:21.120+0000] {logging_mixin.py:190} INFO - [2024-11-18T20:56:21.120+0000] {dag.py:4180} INFO - Setting next_dagrun for example_sensors to None, run_after=None
[2024-11-18T20:56:21.154+0000] {processor.py:208} INFO - Processing /home/airflow/.local/lib/python3.11/site-packages/airflow/example_dags/example_sensors.py took 0.109 seconds
[2024-11-18T20:56:51.525+0000] {processor.py:186} INFO - Started process (PID=1262) to work on /home/airflow/.local/lib/python3.11/site-packages/airflow/example_dags/example_sensors.py
[2024-11-18T20:56:51.526+0000] {processor.py:914} INFO - Processing file /home/airflow/.local/lib/python3.11/site-packages/airflow/example_dags/example_sensors.py for tasks to queue
[2024-11-18T20:56:51.528+0000] {logging_mixin.py:190} INFO - [2024-11-18T20:56:51.527+0000] {dagbag.py:588} INFO - Filling up the DagBag from /home/airflow/.local/lib/python3.11/site-packages/airflow/example_dags/example_sensors.py
[2024-11-18T20:56:51.534+0000] {processor.py:925} INFO - DAG(s) 'example_sensors' retrieved from /home/airflow/.local/lib/python3.11/site-packages/airflow/example_dags/example_sensors.py
[2024-11-18T20:56:51.547+0000] {logging_mixin.py:190} INFO - [2024-11-18T20:56:51.547+0000] {dag.py:3239} INFO - Sync 1 DAGs
[2024-11-18T20:56:51.554+0000] {logging_mixin.py:190} INFO - [2024-11-18T20:56:51.554+0000] {dag.py:4180} INFO - Setting next_dagrun for example_sensors to None, run_after=None
[2024-11-18T20:56:51.564+0000] {processor.py:208} INFO - Processing /home/airflow/.local/lib/python3.11/site-packages/airflow/example_dags/example_sensors.py took 0.042 seconds
[2024-11-18T20:57:22.479+0000] {processor.py:186} INFO - Started process (PID=1325) to work on /home/airflow/.local/lib/python3.11/site-packages/airflow/example_dags/example_sensors.py
[2024-11-18T20:57:22.480+0000] {processor.py:914} INFO - Processing file /home/airflow/.local/lib/python3.11/site-packages/airflow/example_dags/example_sensors.py for tasks to queue
[2024-11-18T20:57:22.481+0000] {logging_mixin.py:190} INFO - [2024-11-18T20:57:22.481+0000] {dagbag.py:588} INFO - Filling up the DagBag from /home/airflow/.local/lib/python3.11/site-packages/airflow/example_dags/example_sensors.py
[2024-11-18T20:57:22.487+0000] {processor.py:925} INFO - DAG(s) 'example_sensors' retrieved from /home/airflow/.local/lib/python3.11/site-packages/airflow/example_dags/example_sensors.py
[2024-11-18T20:57:22.501+0000] {logging_mixin.py:190} INFO - [2024-11-18T20:57:22.500+0000] {dag.py:3239} INFO - Sync 1 DAGs
[2024-11-18T20:57:22.506+0000] {logging_mixin.py:190} INFO - [2024-11-18T20:57:22.506+0000] {dag.py:4180} INFO - Setting next_dagrun for example_sensors to None, run_after=None
[2024-11-18T20:57:22.515+0000] {processor.py:208} INFO - Processing /home/airflow/.local/lib/python3.11/site-packages/airflow/example_dags/example_sensors.py took 0.039 seconds
[2024-11-18T20:57:52.900+0000] {processor.py:186} INFO - Started process (PID=1388) to work on /home/airflow/.local/lib/python3.11/site-packages/airflow/example_dags/example_sensors.py
[2024-11-18T20:57:52.901+0000] {processor.py:914} INFO - Processing file /home/airflow/.local/lib/python3.11/site-packages/airflow/example_dags/example_sensors.py for tasks to queue
[2024-11-18T20:57:52.902+0000] {logging_mixin.py:190} INFO - [2024-11-18T20:57:52.902+0000] {dagbag.py:588} INFO - Filling up the DagBag from /home/airflow/.local/lib/python3.11/site-packages/airflow/example_dags/example_sensors.py
[2024-11-18T20:57:52.908+0000] {processor.py:925} INFO - DAG(s) 'example_sensors' retrieved from /home/airflow/.local/lib/python3.11/site-packages/airflow/example_dags/example_sensors.py
[2024-11-18T20:57:52.922+0000] {logging_mixin.py:190} INFO - [2024-11-18T20:57:52.921+0000] {dag.py:3239} INFO - Sync 1 DAGs
[2024-11-18T20:57:52.928+0000] {logging_mixin.py:190} INFO - [2024-11-18T20:57:52.928+0000] {dag.py:4180} INFO - Setting next_dagrun for example_sensors to None, run_after=None
[2024-11-18T20:57:52.936+0000] {processor.py:208} INFO - Processing /home/airflow/.local/lib/python3.11/site-packages/airflow/example_dags/example_sensors.py took 0.039 seconds
[2024-11-18T20:58:23.758+0000] {processor.py:186} INFO - Started process (PID=1451) to work on /home/airflow/.local/lib/python3.11/site-packages/airflow/example_dags/example_sensors.py
[2024-11-18T20:58:23.760+0000] {processor.py:914} INFO - Processing file /home/airflow/.local/lib/python3.11/site-packages/airflow/example_dags/example_sensors.py for tasks to queue
[2024-11-18T20:58:23.761+0000] {logging_mixin.py:190} INFO - [2024-11-18T20:58:23.761+0000] {dagbag.py:588} INFO - Filling up the DagBag from /home/airflow/.local/lib/python3.11/site-packages/airflow/example_dags/example_sensors.py
[2024-11-18T20:58:23.770+0000] {processor.py:925} INFO - DAG(s) 'example_sensors' retrieved from /home/airflow/.local/lib/python3.11/site-packages/airflow/example_dags/example_sensors.py
[2024-11-18T20:58:23.789+0000] {logging_mixin.py:190} INFO - [2024-11-18T20:58:23.789+0000] {dag.py:3239} INFO - Sync 1 DAGs
[2024-11-18T20:58:23.798+0000] {logging_mixin.py:190} INFO - [2024-11-18T20:58:23.798+0000] {dag.py:4180} INFO - Setting next_dagrun for example_sensors to None, run_after=None
[2024-11-18T20:58:23.809+0000] {processor.py:208} INFO - Processing /home/airflow/.local/lib/python3.11/site-packages/airflow/example_dags/example_sensors.py took 0.058 seconds
[2024-11-18T20:58:54.561+0000] {processor.py:186} INFO - Started process (PID=1514) to work on /home/airflow/.local/lib/python3.11/site-packages/airflow/example_dags/example_sensors.py
[2024-11-18T20:58:54.562+0000] {processor.py:914} INFO - Processing file /home/airflow/.local/lib/python3.11/site-packages/airflow/example_dags/example_sensors.py for tasks to queue
[2024-11-18T20:58:54.563+0000] {logging_mixin.py:190} INFO - [2024-11-18T20:58:54.563+0000] {dagbag.py:588} INFO - Filling up the DagBag from /home/airflow/.local/lib/python3.11/site-packages/airflow/example_dags/example_sensors.py
[2024-11-18T20:58:54.569+0000] {processor.py:925} INFO - DAG(s) 'example_sensors' retrieved from /home/airflow/.local/lib/python3.11/site-packages/airflow/example_dags/example_sensors.py
[2024-11-18T20:58:54.582+0000] {logging_mixin.py:190} INFO - [2024-11-18T20:58:54.582+0000] {dag.py:3239} INFO - Sync 1 DAGs
[2024-11-18T20:58:54.588+0000] {logging_mixin.py:190} INFO - [2024-11-18T20:58:54.588+0000] {dag.py:4180} INFO - Setting next_dagrun for example_sensors to None, run_after=None
[2024-11-18T20:58:54.596+0000] {processor.py:208} INFO - Processing /home/airflow/.local/lib/python3.11/site-packages/airflow/example_dags/example_sensors.py took 0.038 seconds
[2024-11-18T20:59:25.171+0000] {processor.py:186} INFO - Started process (PID=1577) to work on /home/airflow/.local/lib/python3.11/site-packages/airflow/example_dags/example_sensors.py
[2024-11-18T20:59:25.172+0000] {processor.py:914} INFO - Processing file /home/airflow/.local/lib/python3.11/site-packages/airflow/example_dags/example_sensors.py for tasks to queue
[2024-11-18T20:59:25.174+0000] {logging_mixin.py:190} INFO - [2024-11-18T20:59:25.173+0000] {dagbag.py:588} INFO - Filling up the DagBag from /home/airflow/.local/lib/python3.11/site-packages/airflow/example_dags/example_sensors.py
[2024-11-18T20:59:25.180+0000] {processor.py:925} INFO - DAG(s) 'example_sensors' retrieved from /home/airflow/.local/lib/python3.11/site-packages/airflow/example_dags/example_sensors.py
[2024-11-18T20:59:25.194+0000] {logging_mixin.py:190} INFO - [2024-11-18T20:59:25.193+0000] {dag.py:3239} INFO - Sync 1 DAGs
[2024-11-18T20:59:25.201+0000] {logging_mixin.py:190} INFO - [2024-11-18T20:59:25.201+0000] {dag.py:4180} INFO - Setting next_dagrun for example_sensors to None, run_after=None
[2024-11-18T20:59:25.211+0000] {processor.py:208} INFO - Processing /home/airflow/.local/lib/python3.11/site-packages/airflow/example_dags/example_sensors.py took 0.043 seconds
[2024-11-18T20:59:55.685+0000] {processor.py:186} INFO - Started process (PID=1640) to work on /home/airflow/.local/lib/python3.11/site-packages/airflow/example_dags/example_sensors.py
[2024-11-18T20:59:55.685+0000] {processor.py:914} INFO - Processing file /home/airflow/.local/lib/python3.11/site-packages/airflow/example_dags/example_sensors.py for tasks to queue
[2024-11-18T20:59:55.687+0000] {logging_mixin.py:190} INFO - [2024-11-18T20:59:55.687+0000] {dagbag.py:588} INFO - Filling up the DagBag from /home/airflow/.local/lib/python3.11/site-packages/airflow/example_dags/example_sensors.py
[2024-11-18T20:59:55.695+0000] {processor.py:925} INFO - DAG(s) 'example_sensors' retrieved from /home/airflow/.local/lib/python3.11/site-packages/airflow/example_dags/example_sensors.py
[2024-11-18T20:59:55.716+0000] {logging_mixin.py:190} INFO - [2024-11-18T20:59:55.716+0000] {dag.py:3239} INFO - Sync 1 DAGs
[2024-11-18T20:59:55.723+0000] {logging_mixin.py:190} INFO - [2024-11-18T20:59:55.723+0000] {dag.py:4180} INFO - Setting next_dagrun for example_sensors to None, run_after=None
[2024-11-18T20:59:55.735+0000] {processor.py:208} INFO - Processing /home/airflow/.local/lib/python3.11/site-packages/airflow/example_dags/example_sensors.py took 0.054 seconds
[2024-11-18T21:00:27.658+0000] {processor.py:186} INFO - Started process (PID=1710) to work on /home/airflow/.local/lib/python3.11/site-packages/airflow/example_dags/example_sensors.py
[2024-11-18T21:00:27.659+0000] {processor.py:914} INFO - Processing file /home/airflow/.local/lib/python3.11/site-packages/airflow/example_dags/example_sensors.py for tasks to queue
[2024-11-18T21:00:27.661+0000] {logging_mixin.py:190} INFO - [2024-11-18T21:00:27.661+0000] {dagbag.py:588} INFO - Filling up the DagBag from /home/airflow/.local/lib/python3.11/site-packages/airflow/example_dags/example_sensors.py
[2024-11-18T21:00:27.678+0000] {processor.py:925} INFO - DAG(s) 'example_sensors' retrieved from /home/airflow/.local/lib/python3.11/site-packages/airflow/example_dags/example_sensors.py
[2024-11-18T21:00:27.706+0000] {logging_mixin.py:190} INFO - [2024-11-18T21:00:27.706+0000] {dag.py:3239} INFO - Sync 1 DAGs
[2024-11-18T21:00:27.716+0000] {logging_mixin.py:190} INFO - [2024-11-18T21:00:27.715+0000] {dag.py:4180} INFO - Setting next_dagrun for example_sensors to None, run_after=None
[2024-11-18T21:00:27.729+0000] {processor.py:208} INFO - Processing /home/airflow/.local/lib/python3.11/site-packages/airflow/example_dags/example_sensors.py took 0.074 seconds
[2024-11-18T21:00:58.631+0000] {processor.py:186} INFO - Started process (PID=1773) to work on /home/airflow/.local/lib/python3.11/site-packages/airflow/example_dags/example_sensors.py
[2024-11-18T21:00:58.658+0000] {processor.py:914} INFO - Processing file /home/airflow/.local/lib/python3.11/site-packages/airflow/example_dags/example_sensors.py for tasks to queue
[2024-11-18T21:00:58.659+0000] {logging_mixin.py:190} INFO - [2024-11-18T21:00:58.659+0000] {dagbag.py:588} INFO - Filling up the DagBag from /home/airflow/.local/lib/python3.11/site-packages/airflow/example_dags/example_sensors.py
[2024-11-18T21:00:58.667+0000] {processor.py:925} INFO - DAG(s) 'example_sensors' retrieved from /home/airflow/.local/lib/python3.11/site-packages/airflow/example_dags/example_sensors.py
[2024-11-18T21:00:58.690+0000] {logging_mixin.py:190} INFO - [2024-11-18T21:00:58.690+0000] {dag.py:3239} INFO - Sync 1 DAGs
[2024-11-18T21:00:58.703+0000] {logging_mixin.py:190} INFO - [2024-11-18T21:00:58.703+0000] {dag.py:4180} INFO - Setting next_dagrun for example_sensors to None, run_after=None
[2024-11-18T21:00:58.716+0000] {processor.py:208} INFO - Processing /home/airflow/.local/lib/python3.11/site-packages/airflow/example_dags/example_sensors.py took 0.088 seconds
[2024-11-18T21:01:28.793+0000] {processor.py:186} INFO - Started process (PID=1836) to work on /home/airflow/.local/lib/python3.11/site-packages/airflow/example_dags/example_sensors.py
[2024-11-18T21:01:28.796+0000] {processor.py:914} INFO - Processing file /home/airflow/.local/lib/python3.11/site-packages/airflow/example_dags/example_sensors.py for tasks to queue
[2024-11-18T21:01:28.797+0000] {logging_mixin.py:190} INFO - [2024-11-18T21:01:28.797+0000] {dagbag.py:588} INFO - Filling up the DagBag from /home/airflow/.local/lib/python3.11/site-packages/airflow/example_dags/example_sensors.py
[2024-11-18T21:01:28.806+0000] {processor.py:925} INFO - DAG(s) 'example_sensors' retrieved from /home/airflow/.local/lib/python3.11/site-packages/airflow/example_dags/example_sensors.py
[2024-11-18T21:01:28.819+0000] {logging_mixin.py:190} INFO - [2024-11-18T21:01:28.819+0000] {dag.py:3239} INFO - Sync 1 DAGs
[2024-11-18T21:01:28.826+0000] {logging_mixin.py:190} INFO - [2024-11-18T21:01:28.826+0000] {dag.py:4180} INFO - Setting next_dagrun for example_sensors to None, run_after=None
[2024-11-18T21:01:28.835+0000] {processor.py:208} INFO - Processing /home/airflow/.local/lib/python3.11/site-packages/airflow/example_dags/example_sensors.py took 0.046 seconds
[2024-11-18T21:02:03.463+0000] {processor.py:186} INFO - Started process (PID=1899) to work on /home/airflow/.local/lib/python3.11/site-packages/airflow/example_dags/example_sensors.py
[2024-11-18T21:02:03.478+0000] {processor.py:914} INFO - Processing file /home/airflow/.local/lib/python3.11/site-packages/airflow/example_dags/example_sensors.py for tasks to queue
[2024-11-18T21:02:03.484+0000] {logging_mixin.py:190} INFO - [2024-11-18T21:02:03.484+0000] {dagbag.py:588} INFO - Filling up the DagBag from /home/airflow/.local/lib/python3.11/site-packages/airflow/example_dags/example_sensors.py
[2024-11-18T21:02:03.499+0000] {processor.py:925} INFO - DAG(s) 'example_sensors' retrieved from /home/airflow/.local/lib/python3.11/site-packages/airflow/example_dags/example_sensors.py
[2024-11-18T21:02:03.547+0000] {logging_mixin.py:190} INFO - [2024-11-18T21:02:03.547+0000] {dag.py:3239} INFO - Sync 1 DAGs
[2024-11-18T21:02:03.567+0000] {logging_mixin.py:190} INFO - [2024-11-18T21:02:03.566+0000] {dag.py:4180} INFO - Setting next_dagrun for example_sensors to None, run_after=None
[2024-11-18T21:02:03.585+0000] {processor.py:208} INFO - Processing /home/airflow/.local/lib/python3.11/site-packages/airflow/example_dags/example_sensors.py took 0.133 seconds
[2024-11-18T21:02:35.545+0000] {processor.py:186} INFO - Started process (PID=1962) to work on /home/airflow/.local/lib/python3.11/site-packages/airflow/example_dags/example_sensors.py
[2024-11-18T21:02:35.547+0000] {processor.py:914} INFO - Processing file /home/airflow/.local/lib/python3.11/site-packages/airflow/example_dags/example_sensors.py for tasks to queue
[2024-11-18T21:02:35.560+0000] {logging_mixin.py:190} INFO - [2024-11-18T21:02:35.556+0000] {dagbag.py:588} INFO - Filling up the DagBag from /home/airflow/.local/lib/python3.11/site-packages/airflow/example_dags/example_sensors.py
[2024-11-18T21:02:35.602+0000] {processor.py:925} INFO - DAG(s) 'example_sensors' retrieved from /home/airflow/.local/lib/python3.11/site-packages/airflow/example_dags/example_sensors.py
[2024-11-18T21:02:35.678+0000] {logging_mixin.py:190} INFO - [2024-11-18T21:02:35.678+0000] {dag.py:3239} INFO - Sync 1 DAGs
[2024-11-18T21:02:35.709+0000] {logging_mixin.py:190} INFO - [2024-11-18T21:02:35.708+0000] {dag.py:4180} INFO - Setting next_dagrun for example_sensors to None, run_after=None
[2024-11-18T21:02:35.749+0000] {processor.py:208} INFO - Processing /home/airflow/.local/lib/python3.11/site-packages/airflow/example_dags/example_sensors.py took 0.226 seconds
[2024-11-18T21:03:06.155+0000] {processor.py:186} INFO - Started process (PID=2025) to work on /home/airflow/.local/lib/python3.11/site-packages/airflow/example_dags/example_sensors.py
[2024-11-18T21:03:06.160+0000] {processor.py:914} INFO - Processing file /home/airflow/.local/lib/python3.11/site-packages/airflow/example_dags/example_sensors.py for tasks to queue
[2024-11-18T21:03:06.162+0000] {logging_mixin.py:190} INFO - [2024-11-18T21:03:06.162+0000] {dagbag.py:588} INFO - Filling up the DagBag from /home/airflow/.local/lib/python3.11/site-packages/airflow/example_dags/example_sensors.py
[2024-11-18T21:03:06.172+0000] {processor.py:925} INFO - DAG(s) 'example_sensors' retrieved from /home/airflow/.local/lib/python3.11/site-packages/airflow/example_dags/example_sensors.py
[2024-11-18T21:03:06.190+0000] {logging_mixin.py:190} INFO - [2024-11-18T21:03:06.190+0000] {dag.py:3239} INFO - Sync 1 DAGs
[2024-11-18T21:03:06.199+0000] {logging_mixin.py:190} INFO - [2024-11-18T21:03:06.199+0000] {dag.py:4180} INFO - Setting next_dagrun for example_sensors to None, run_after=None
[2024-11-18T21:03:06.211+0000] {processor.py:208} INFO - Processing /home/airflow/.local/lib/python3.11/site-packages/airflow/example_dags/example_sensors.py took 0.068 seconds
[2024-11-18T21:03:37.208+0000] {processor.py:186} INFO - Started process (PID=2088) to work on /home/airflow/.local/lib/python3.11/site-packages/airflow/example_dags/example_sensors.py
[2024-11-18T21:03:37.209+0000] {processor.py:914} INFO - Processing file /home/airflow/.local/lib/python3.11/site-packages/airflow/example_dags/example_sensors.py for tasks to queue
[2024-11-18T21:03:37.210+0000] {logging_mixin.py:190} INFO - [2024-11-18T21:03:37.210+0000] {dagbag.py:588} INFO - Filling up the DagBag from /home/airflow/.local/lib/python3.11/site-packages/airflow/example_dags/example_sensors.py
[2024-11-18T21:03:37.218+0000] {processor.py:925} INFO - DAG(s) 'example_sensors' retrieved from /home/airflow/.local/lib/python3.11/site-packages/airflow/example_dags/example_sensors.py
[2024-11-18T21:03:37.252+0000] {logging_mixin.py:190} INFO - [2024-11-18T21:03:37.252+0000] {dag.py:3239} INFO - Sync 1 DAGs
[2024-11-18T21:03:37.261+0000] {logging_mixin.py:190} INFO - [2024-11-18T21:03:37.261+0000] {dag.py:4180} INFO - Setting next_dagrun for example_sensors to None, run_after=None
[2024-11-18T21:03:37.272+0000] {processor.py:208} INFO - Processing /home/airflow/.local/lib/python3.11/site-packages/airflow/example_dags/example_sensors.py took 0.070 seconds
[2024-11-18T21:04:07.418+0000] {processor.py:186} INFO - Started process (PID=2151) to work on /home/airflow/.local/lib/python3.11/site-packages/airflow/example_dags/example_sensors.py
[2024-11-18T21:04:07.419+0000] {processor.py:914} INFO - Processing file /home/airflow/.local/lib/python3.11/site-packages/airflow/example_dags/example_sensors.py for tasks to queue
[2024-11-18T21:04:07.420+0000] {logging_mixin.py:190} INFO - [2024-11-18T21:04:07.420+0000] {dagbag.py:588} INFO - Filling up the DagBag from /home/airflow/.local/lib/python3.11/site-packages/airflow/example_dags/example_sensors.py
[2024-11-18T21:04:07.427+0000] {processor.py:925} INFO - DAG(s) 'example_sensors' retrieved from /home/airflow/.local/lib/python3.11/site-packages/airflow/example_dags/example_sensors.py
[2024-11-18T21:04:07.454+0000] {logging_mixin.py:190} INFO - [2024-11-18T21:04:07.454+0000] {dag.py:3239} INFO - Sync 1 DAGs
[2024-11-18T21:04:07.463+0000] {logging_mixin.py:190} INFO - [2024-11-18T21:04:07.463+0000] {dag.py:4180} INFO - Setting next_dagrun for example_sensors to None, run_after=None
[2024-11-18T21:04:07.473+0000] {processor.py:208} INFO - Processing /home/airflow/.local/lib/python3.11/site-packages/airflow/example_dags/example_sensors.py took 0.060 seconds
[2024-11-18T21:04:38.466+0000] {processor.py:186} INFO - Started process (PID=2214) to work on /home/airflow/.local/lib/python3.11/site-packages/airflow/example_dags/example_sensors.py
[2024-11-18T21:04:38.467+0000] {processor.py:914} INFO - Processing file /home/airflow/.local/lib/python3.11/site-packages/airflow/example_dags/example_sensors.py for tasks to queue
[2024-11-18T21:04:38.470+0000] {logging_mixin.py:190} INFO - [2024-11-18T21:04:38.470+0000] {dagbag.py:588} INFO - Filling up the DagBag from /home/airflow/.local/lib/python3.11/site-packages/airflow/example_dags/example_sensors.py
[2024-11-18T21:04:38.481+0000] {processor.py:925} INFO - DAG(s) 'example_sensors' retrieved from /home/airflow/.local/lib/python3.11/site-packages/airflow/example_dags/example_sensors.py
[2024-11-18T21:04:38.511+0000] {logging_mixin.py:190} INFO - [2024-11-18T21:04:38.510+0000] {dag.py:3239} INFO - Sync 1 DAGs
[2024-11-18T21:04:38.578+0000] {logging_mixin.py:190} INFO - [2024-11-18T21:04:38.577+0000] {dag.py:4180} INFO - Setting next_dagrun for example_sensors to None, run_after=None
[2024-11-18T21:04:38.645+0000] {processor.py:208} INFO - Processing /home/airflow/.local/lib/python3.11/site-packages/airflow/example_dags/example_sensors.py took 0.186 seconds
[2024-11-18T21:05:08.914+0000] {processor.py:186} INFO - Started process (PID=2277) to work on /home/airflow/.local/lib/python3.11/site-packages/airflow/example_dags/example_sensors.py
[2024-11-18T21:05:08.915+0000] {processor.py:914} INFO - Processing file /home/airflow/.local/lib/python3.11/site-packages/airflow/example_dags/example_sensors.py for tasks to queue
[2024-11-18T21:05:08.916+0000] {logging_mixin.py:190} INFO - [2024-11-18T21:05:08.916+0000] {dagbag.py:588} INFO - Filling up the DagBag from /home/airflow/.local/lib/python3.11/site-packages/airflow/example_dags/example_sensors.py
[2024-11-18T21:05:08.924+0000] {processor.py:925} INFO - DAG(s) 'example_sensors' retrieved from /home/airflow/.local/lib/python3.11/site-packages/airflow/example_dags/example_sensors.py
[2024-11-18T21:05:08.939+0000] {logging_mixin.py:190} INFO - [2024-11-18T21:05:08.939+0000] {dag.py:3239} INFO - Sync 1 DAGs
[2024-11-18T21:05:08.946+0000] {logging_mixin.py:190} INFO - [2024-11-18T21:05:08.946+0000] {dag.py:4180} INFO - Setting next_dagrun for example_sensors to None, run_after=None
[2024-11-18T21:05:08.954+0000] {processor.py:208} INFO - Processing /home/airflow/.local/lib/python3.11/site-packages/airflow/example_dags/example_sensors.py took 0.044 seconds
[2024-11-18T21:05:39.421+0000] {processor.py:186} INFO - Started process (PID=2339) to work on /home/airflow/.local/lib/python3.11/site-packages/airflow/example_dags/example_sensors.py
[2024-11-18T21:05:39.423+0000] {processor.py:914} INFO - Processing file /home/airflow/.local/lib/python3.11/site-packages/airflow/example_dags/example_sensors.py for tasks to queue
[2024-11-18T21:05:39.426+0000] {logging_mixin.py:190} INFO - [2024-11-18T21:05:39.426+0000] {dagbag.py:588} INFO - Filling up the DagBag from /home/airflow/.local/lib/python3.11/site-packages/airflow/example_dags/example_sensors.py
[2024-11-18T21:05:39.435+0000] {processor.py:925} INFO - DAG(s) 'example_sensors' retrieved from /home/airflow/.local/lib/python3.11/site-packages/airflow/example_dags/example_sensors.py
[2024-11-18T21:05:39.453+0000] {logging_mixin.py:190} INFO - [2024-11-18T21:05:39.453+0000] {dag.py:3239} INFO - Sync 1 DAGs
[2024-11-18T21:05:39.461+0000] {logging_mixin.py:190} INFO - [2024-11-18T21:05:39.461+0000] {dag.py:4180} INFO - Setting next_dagrun for example_sensors to None, run_after=None
[2024-11-18T21:05:39.489+0000] {processor.py:208} INFO - Processing /home/airflow/.local/lib/python3.11/site-packages/airflow/example_dags/example_sensors.py took 0.076 seconds
[2024-11-18T21:06:10.454+0000] {processor.py:186} INFO - Started process (PID=2402) to work on /home/airflow/.local/lib/python3.11/site-packages/airflow/example_dags/example_sensors.py
[2024-11-18T21:06:10.455+0000] {processor.py:914} INFO - Processing file /home/airflow/.local/lib/python3.11/site-packages/airflow/example_dags/example_sensors.py for tasks to queue
[2024-11-18T21:06:10.457+0000] {logging_mixin.py:190} INFO - [2024-11-18T21:06:10.456+0000] {dagbag.py:588} INFO - Filling up the DagBag from /home/airflow/.local/lib/python3.11/site-packages/airflow/example_dags/example_sensors.py
[2024-11-18T21:06:10.464+0000] {processor.py:925} INFO - DAG(s) 'example_sensors' retrieved from /home/airflow/.local/lib/python3.11/site-packages/airflow/example_dags/example_sensors.py
[2024-11-18T21:06:10.479+0000] {logging_mixin.py:190} INFO - [2024-11-18T21:06:10.479+0000] {dag.py:3239} INFO - Sync 1 DAGs
[2024-11-18T21:06:10.487+0000] {logging_mixin.py:190} INFO - [2024-11-18T21:06:10.487+0000] {dag.py:4180} INFO - Setting next_dagrun for example_sensors to None, run_after=None
[2024-11-18T21:06:10.495+0000] {processor.py:208} INFO - Processing /home/airflow/.local/lib/python3.11/site-packages/airflow/example_dags/example_sensors.py took 0.045 seconds
[2024-11-18T21:06:41.700+0000] {processor.py:186} INFO - Started process (PID=2465) to work on /home/airflow/.local/lib/python3.11/site-packages/airflow/example_dags/example_sensors.py
[2024-11-18T21:06:41.701+0000] {processor.py:914} INFO - Processing file /home/airflow/.local/lib/python3.11/site-packages/airflow/example_dags/example_sensors.py for tasks to queue
[2024-11-18T21:06:41.704+0000] {logging_mixin.py:190} INFO - [2024-11-18T21:06:41.703+0000] {dagbag.py:588} INFO - Filling up the DagBag from /home/airflow/.local/lib/python3.11/site-packages/airflow/example_dags/example_sensors.py
[2024-11-18T21:06:41.714+0000] {processor.py:925} INFO - DAG(s) 'example_sensors' retrieved from /home/airflow/.local/lib/python3.11/site-packages/airflow/example_dags/example_sensors.py
[2024-11-18T21:06:41.730+0000] {logging_mixin.py:190} INFO - [2024-11-18T21:06:41.730+0000] {dag.py:3239} INFO - Sync 1 DAGs
[2024-11-18T21:06:41.738+0000] {logging_mixin.py:190} INFO - [2024-11-18T21:06:41.738+0000] {dag.py:4180} INFO - Setting next_dagrun for example_sensors to None, run_after=None
[2024-11-18T21:06:41.753+0000] {processor.py:208} INFO - Processing /home/airflow/.local/lib/python3.11/site-packages/airflow/example_dags/example_sensors.py took 0.065 seconds
[2024-11-18T21:07:11.852+0000] {processor.py:186} INFO - Started process (PID=2527) to work on /home/airflow/.local/lib/python3.11/site-packages/airflow/example_dags/example_sensors.py
[2024-11-18T21:07:11.852+0000] {processor.py:914} INFO - Processing file /home/airflow/.local/lib/python3.11/site-packages/airflow/example_dags/example_sensors.py for tasks to queue
[2024-11-18T21:07:11.854+0000] {logging_mixin.py:190} INFO - [2024-11-18T21:07:11.853+0000] {dagbag.py:588} INFO - Filling up the DagBag from /home/airflow/.local/lib/python3.11/site-packages/airflow/example_dags/example_sensors.py
[2024-11-18T21:07:11.859+0000] {processor.py:925} INFO - DAG(s) 'example_sensors' retrieved from /home/airflow/.local/lib/python3.11/site-packages/airflow/example_dags/example_sensors.py
[2024-11-18T21:07:11.871+0000] {logging_mixin.py:190} INFO - [2024-11-18T21:07:11.871+0000] {dag.py:3239} INFO - Sync 1 DAGs
[2024-11-18T21:07:11.876+0000] {logging_mixin.py:190} INFO - [2024-11-18T21:07:11.876+0000] {dag.py:4180} INFO - Setting next_dagrun for example_sensors to None, run_after=None
[2024-11-18T21:07:11.883+0000] {processor.py:208} INFO - Processing /home/airflow/.local/lib/python3.11/site-packages/airflow/example_dags/example_sensors.py took 0.034 seconds
