[2024-11-18T20:27:21.655+0000] {processor.py:186} INFO - Started process (PID=63) to work on /home/airflow/.local/lib/python3.11/site-packages/airflow/example_dags/example_bash_decorator.py
[2024-11-18T20:27:21.664+0000] {processor.py:914} INFO - Processing file /home/airflow/.local/lib/python3.11/site-packages/airflow/example_dags/example_bash_decorator.py for tasks to queue
[2024-11-18T20:27:21.677+0000] {logging_mixin.py:190} INFO - [2024-11-18T20:27:21.675+0000] {dagbag.py:588} INFO - Filling up the DagBag from /home/airflow/.local/lib/python3.11/site-packages/airflow/example_dags/example_bash_decorator.py
[2024-11-18T20:27:21.709+0000] {processor.py:925} INFO - DAG(s) 'example_bash_decorator' retrieved from /home/airflow/.local/lib/python3.11/site-packages/airflow/example_dags/example_bash_decorator.py
[2024-11-18T20:27:22.279+0000] {logging_mixin.py:190} INFO - [2024-11-18T20:27:22.279+0000] {dag.py:3239} INFO - Sync 1 DAGs
[2024-11-18T20:27:22.291+0000] {logging_mixin.py:190} INFO - [2024-11-18T20:27:22.291+0000] {dag.py:4180} INFO - Setting next_dagrun for example_bash_decorator to None, run_after=None
[2024-11-18T20:27:22.306+0000] {processor.py:208} INFO - Processing /home/airflow/.local/lib/python3.11/site-packages/airflow/example_dags/example_bash_decorator.py took 0.667 seconds
[2024-11-18T20:27:52.452+0000] {processor.py:186} INFO - Started process (PID=126) to work on /home/airflow/.local/lib/python3.11/site-packages/airflow/example_dags/example_bash_decorator.py
[2024-11-18T20:27:52.452+0000] {processor.py:914} INFO - Processing file /home/airflow/.local/lib/python3.11/site-packages/airflow/example_dags/example_bash_decorator.py for tasks to queue
[2024-11-18T20:27:52.454+0000] {logging_mixin.py:190} INFO - [2024-11-18T20:27:52.453+0000] {dagbag.py:588} INFO - Filling up the DagBag from /home/airflow/.local/lib/python3.11/site-packages/airflow/example_dags/example_bash_decorator.py
[2024-11-18T20:27:52.462+0000] {processor.py:925} INFO - DAG(s) 'example_bash_decorator' retrieved from /home/airflow/.local/lib/python3.11/site-packages/airflow/example_dags/example_bash_decorator.py
[2024-11-18T20:27:52.472+0000] {logging_mixin.py:190} INFO - [2024-11-18T20:27:52.472+0000] {dag.py:3239} INFO - Sync 1 DAGs
[2024-11-18T20:27:52.478+0000] {logging_mixin.py:190} INFO - [2024-11-18T20:27:52.478+0000] {dag.py:4180} INFO - Setting next_dagrun for example_bash_decorator to None, run_after=None
[2024-11-18T20:27:52.486+0000] {processor.py:208} INFO - Processing /home/airflow/.local/lib/python3.11/site-packages/airflow/example_dags/example_bash_decorator.py took 0.037 seconds
[2024-11-18T20:28:22.620+0000] {processor.py:186} INFO - Started process (PID=189) to work on /home/airflow/.local/lib/python3.11/site-packages/airflow/example_dags/example_bash_decorator.py
[2024-11-18T20:28:22.621+0000] {processor.py:914} INFO - Processing file /home/airflow/.local/lib/python3.11/site-packages/airflow/example_dags/example_bash_decorator.py for tasks to queue
[2024-11-18T20:28:22.622+0000] {logging_mixin.py:190} INFO - [2024-11-18T20:28:22.622+0000] {dagbag.py:588} INFO - Filling up the DagBag from /home/airflow/.local/lib/python3.11/site-packages/airflow/example_dags/example_bash_decorator.py
[2024-11-18T20:28:22.629+0000] {processor.py:925} INFO - DAG(s) 'example_bash_decorator' retrieved from /home/airflow/.local/lib/python3.11/site-packages/airflow/example_dags/example_bash_decorator.py
[2024-11-18T20:28:22.639+0000] {logging_mixin.py:190} INFO - [2024-11-18T20:28:22.639+0000] {dag.py:3239} INFO - Sync 1 DAGs
[2024-11-18T20:28:22.645+0000] {logging_mixin.py:190} INFO - [2024-11-18T20:28:22.645+0000] {dag.py:4180} INFO - Setting next_dagrun for example_bash_decorator to None, run_after=None
[2024-11-18T20:28:22.652+0000] {processor.py:208} INFO - Processing /home/airflow/.local/lib/python3.11/site-packages/airflow/example_dags/example_bash_decorator.py took 0.035 seconds
[2024-11-18T20:28:53.376+0000] {processor.py:186} INFO - Started process (PID=252) to work on /home/airflow/.local/lib/python3.11/site-packages/airflow/example_dags/example_bash_decorator.py
[2024-11-18T20:28:53.377+0000] {processor.py:914} INFO - Processing file /home/airflow/.local/lib/python3.11/site-packages/airflow/example_dags/example_bash_decorator.py for tasks to queue
[2024-11-18T20:28:53.378+0000] {logging_mixin.py:190} INFO - [2024-11-18T20:28:53.378+0000] {dagbag.py:588} INFO - Filling up the DagBag from /home/airflow/.local/lib/python3.11/site-packages/airflow/example_dags/example_bash_decorator.py
[2024-11-18T20:28:53.387+0000] {processor.py:925} INFO - DAG(s) 'example_bash_decorator' retrieved from /home/airflow/.local/lib/python3.11/site-packages/airflow/example_dags/example_bash_decorator.py
[2024-11-18T20:28:53.402+0000] {logging_mixin.py:190} INFO - [2024-11-18T20:28:53.402+0000] {dag.py:3239} INFO - Sync 1 DAGs
[2024-11-18T20:28:53.415+0000] {logging_mixin.py:190} INFO - [2024-11-18T20:28:53.415+0000] {dag.py:4180} INFO - Setting next_dagrun for example_bash_decorator to None, run_after=None
[2024-11-18T20:28:53.431+0000] {processor.py:208} INFO - Processing /home/airflow/.local/lib/python3.11/site-packages/airflow/example_dags/example_bash_decorator.py took 0.060 seconds
[2024-11-18T20:29:24.431+0000] {processor.py:186} INFO - Started process (PID=315) to work on /home/airflow/.local/lib/python3.11/site-packages/airflow/example_dags/example_bash_decorator.py
[2024-11-18T20:29:24.431+0000] {processor.py:914} INFO - Processing file /home/airflow/.local/lib/python3.11/site-packages/airflow/example_dags/example_bash_decorator.py for tasks to queue
[2024-11-18T20:29:24.432+0000] {logging_mixin.py:190} INFO - [2024-11-18T20:29:24.432+0000] {dagbag.py:588} INFO - Filling up the DagBag from /home/airflow/.local/lib/python3.11/site-packages/airflow/example_dags/example_bash_decorator.py
[2024-11-18T20:29:24.440+0000] {processor.py:925} INFO - DAG(s) 'example_bash_decorator' retrieved from /home/airflow/.local/lib/python3.11/site-packages/airflow/example_dags/example_bash_decorator.py
[2024-11-18T20:29:24.451+0000] {logging_mixin.py:190} INFO - [2024-11-18T20:29:24.451+0000] {dag.py:3239} INFO - Sync 1 DAGs
[2024-11-18T20:29:24.458+0000] {logging_mixin.py:190} INFO - [2024-11-18T20:29:24.457+0000] {dag.py:4180} INFO - Setting next_dagrun for example_bash_decorator to None, run_after=None
[2024-11-18T20:29:24.466+0000] {processor.py:208} INFO - Processing /home/airflow/.local/lib/python3.11/site-packages/airflow/example_dags/example_bash_decorator.py took 0.038 seconds
[2024-11-18T20:29:55.330+0000] {processor.py:186} INFO - Started process (PID=378) to work on /home/airflow/.local/lib/python3.11/site-packages/airflow/example_dags/example_bash_decorator.py
[2024-11-18T20:29:55.330+0000] {processor.py:914} INFO - Processing file /home/airflow/.local/lib/python3.11/site-packages/airflow/example_dags/example_bash_decorator.py for tasks to queue
[2024-11-18T20:29:55.331+0000] {logging_mixin.py:190} INFO - [2024-11-18T20:29:55.331+0000] {dagbag.py:588} INFO - Filling up the DagBag from /home/airflow/.local/lib/python3.11/site-packages/airflow/example_dags/example_bash_decorator.py
[2024-11-18T20:29:55.339+0000] {processor.py:925} INFO - DAG(s) 'example_bash_decorator' retrieved from /home/airflow/.local/lib/python3.11/site-packages/airflow/example_dags/example_bash_decorator.py
[2024-11-18T20:29:55.351+0000] {logging_mixin.py:190} INFO - [2024-11-18T20:29:55.351+0000] {dag.py:3239} INFO - Sync 1 DAGs
[2024-11-18T20:29:55.357+0000] {logging_mixin.py:190} INFO - [2024-11-18T20:29:55.357+0000] {dag.py:4180} INFO - Setting next_dagrun for example_bash_decorator to None, run_after=None
[2024-11-18T20:29:55.364+0000] {processor.py:208} INFO - Processing /home/airflow/.local/lib/python3.11/site-packages/airflow/example_dags/example_bash_decorator.py took 0.038 seconds
[2024-11-18T20:30:25.719+0000] {processor.py:186} INFO - Started process (PID=441) to work on /home/airflow/.local/lib/python3.11/site-packages/airflow/example_dags/example_bash_decorator.py
[2024-11-18T20:30:25.719+0000] {processor.py:914} INFO - Processing file /home/airflow/.local/lib/python3.11/site-packages/airflow/example_dags/example_bash_decorator.py for tasks to queue
[2024-11-18T20:30:25.721+0000] {logging_mixin.py:190} INFO - [2024-11-18T20:30:25.720+0000] {dagbag.py:588} INFO - Filling up the DagBag from /home/airflow/.local/lib/python3.11/site-packages/airflow/example_dags/example_bash_decorator.py
[2024-11-18T20:30:25.728+0000] {processor.py:925} INFO - DAG(s) 'example_bash_decorator' retrieved from /home/airflow/.local/lib/python3.11/site-packages/airflow/example_dags/example_bash_decorator.py
[2024-11-18T20:30:25.739+0000] {logging_mixin.py:190} INFO - [2024-11-18T20:30:25.739+0000] {dag.py:3239} INFO - Sync 1 DAGs
[2024-11-18T20:30:25.746+0000] {logging_mixin.py:190} INFO - [2024-11-18T20:30:25.746+0000] {dag.py:4180} INFO - Setting next_dagrun for example_bash_decorator to None, run_after=None
[2024-11-18T20:30:25.753+0000] {processor.py:208} INFO - Processing /home/airflow/.local/lib/python3.11/site-packages/airflow/example_dags/example_bash_decorator.py took 0.037 seconds
[2024-11-18T20:30:56.201+0000] {processor.py:186} INFO - Started process (PID=504) to work on /home/airflow/.local/lib/python3.11/site-packages/airflow/example_dags/example_bash_decorator.py
[2024-11-18T20:30:56.202+0000] {processor.py:914} INFO - Processing file /home/airflow/.local/lib/python3.11/site-packages/airflow/example_dags/example_bash_decorator.py for tasks to queue
[2024-11-18T20:30:56.203+0000] {logging_mixin.py:190} INFO - [2024-11-18T20:30:56.203+0000] {dagbag.py:588} INFO - Filling up the DagBag from /home/airflow/.local/lib/python3.11/site-packages/airflow/example_dags/example_bash_decorator.py
[2024-11-18T20:30:56.211+0000] {processor.py:925} INFO - DAG(s) 'example_bash_decorator' retrieved from /home/airflow/.local/lib/python3.11/site-packages/airflow/example_dags/example_bash_decorator.py
[2024-11-18T20:30:56.221+0000] {logging_mixin.py:190} INFO - [2024-11-18T20:30:56.221+0000] {dag.py:3239} INFO - Sync 1 DAGs
[2024-11-18T20:30:56.227+0000] {logging_mixin.py:190} INFO - [2024-11-18T20:30:56.227+0000] {dag.py:4180} INFO - Setting next_dagrun for example_bash_decorator to None, run_after=None
[2024-11-18T20:30:56.234+0000] {processor.py:208} INFO - Processing /home/airflow/.local/lib/python3.11/site-packages/airflow/example_dags/example_bash_decorator.py took 0.036 seconds
[2024-11-18T20:31:26.716+0000] {processor.py:186} INFO - Started process (PID=567) to work on /home/airflow/.local/lib/python3.11/site-packages/airflow/example_dags/example_bash_decorator.py
[2024-11-18T20:31:26.716+0000] {processor.py:914} INFO - Processing file /home/airflow/.local/lib/python3.11/site-packages/airflow/example_dags/example_bash_decorator.py for tasks to queue
[2024-11-18T20:31:26.717+0000] {logging_mixin.py:190} INFO - [2024-11-18T20:31:26.717+0000] {dagbag.py:588} INFO - Filling up the DagBag from /home/airflow/.local/lib/python3.11/site-packages/airflow/example_dags/example_bash_decorator.py
[2024-11-18T20:31:26.725+0000] {processor.py:925} INFO - DAG(s) 'example_bash_decorator' retrieved from /home/airflow/.local/lib/python3.11/site-packages/airflow/example_dags/example_bash_decorator.py
[2024-11-18T20:31:26.735+0000] {logging_mixin.py:190} INFO - [2024-11-18T20:31:26.735+0000] {dag.py:3239} INFO - Sync 1 DAGs
[2024-11-18T20:31:26.741+0000] {logging_mixin.py:190} INFO - [2024-11-18T20:31:26.741+0000] {dag.py:4180} INFO - Setting next_dagrun for example_bash_decorator to None, run_after=None
[2024-11-18T20:31:26.748+0000] {processor.py:208} INFO - Processing /home/airflow/.local/lib/python3.11/site-packages/airflow/example_dags/example_bash_decorator.py took 0.035 seconds
[2024-11-18T20:31:57.037+0000] {processor.py:186} INFO - Started process (PID=630) to work on /home/airflow/.local/lib/python3.11/site-packages/airflow/example_dags/example_bash_decorator.py
[2024-11-18T20:31:57.038+0000] {processor.py:914} INFO - Processing file /home/airflow/.local/lib/python3.11/site-packages/airflow/example_dags/example_bash_decorator.py for tasks to queue
[2024-11-18T20:31:57.039+0000] {logging_mixin.py:190} INFO - [2024-11-18T20:31:57.039+0000] {dagbag.py:588} INFO - Filling up the DagBag from /home/airflow/.local/lib/python3.11/site-packages/airflow/example_dags/example_bash_decorator.py
[2024-11-18T20:31:57.049+0000] {processor.py:925} INFO - DAG(s) 'example_bash_decorator' retrieved from /home/airflow/.local/lib/python3.11/site-packages/airflow/example_dags/example_bash_decorator.py
[2024-11-18T20:31:57.069+0000] {logging_mixin.py:190} INFO - [2024-11-18T20:31:57.069+0000] {dag.py:3239} INFO - Sync 1 DAGs
[2024-11-18T20:31:57.077+0000] {logging_mixin.py:190} INFO - [2024-11-18T20:31:57.077+0000] {dag.py:4180} INFO - Setting next_dagrun for example_bash_decorator to None, run_after=None
[2024-11-18T20:31:57.086+0000] {processor.py:208} INFO - Processing /home/airflow/.local/lib/python3.11/site-packages/airflow/example_dags/example_bash_decorator.py took 0.052 seconds
[2024-11-18T20:32:27.995+0000] {processor.py:186} INFO - Started process (PID=693) to work on /home/airflow/.local/lib/python3.11/site-packages/airflow/example_dags/example_bash_decorator.py
[2024-11-18T20:32:27.996+0000] {processor.py:914} INFO - Processing file /home/airflow/.local/lib/python3.11/site-packages/airflow/example_dags/example_bash_decorator.py for tasks to queue
[2024-11-18T20:32:27.999+0000] {logging_mixin.py:190} INFO - [2024-11-18T20:32:27.999+0000] {dagbag.py:588} INFO - Filling up the DagBag from /home/airflow/.local/lib/python3.11/site-packages/airflow/example_dags/example_bash_decorator.py
[2024-11-18T20:32:28.008+0000] {processor.py:925} INFO - DAG(s) 'example_bash_decorator' retrieved from /home/airflow/.local/lib/python3.11/site-packages/airflow/example_dags/example_bash_decorator.py
[2024-11-18T20:32:28.024+0000] {logging_mixin.py:190} INFO - [2024-11-18T20:32:28.024+0000] {dag.py:3239} INFO - Sync 1 DAGs
[2024-11-18T20:32:28.032+0000] {logging_mixin.py:190} INFO - [2024-11-18T20:32:28.032+0000] {dag.py:4180} INFO - Setting next_dagrun for example_bash_decorator to None, run_after=None
[2024-11-18T20:32:28.042+0000] {processor.py:208} INFO - Processing /home/airflow/.local/lib/python3.11/site-packages/airflow/example_dags/example_bash_decorator.py took 0.051 seconds
[2024-11-18T20:32:58.249+0000] {processor.py:186} INFO - Started process (PID=756) to work on /home/airflow/.local/lib/python3.11/site-packages/airflow/example_dags/example_bash_decorator.py
[2024-11-18T20:32:58.250+0000] {processor.py:914} INFO - Processing file /home/airflow/.local/lib/python3.11/site-packages/airflow/example_dags/example_bash_decorator.py for tasks to queue
[2024-11-18T20:32:58.254+0000] {logging_mixin.py:190} INFO - [2024-11-18T20:32:58.254+0000] {dagbag.py:588} INFO - Filling up the DagBag from /home/airflow/.local/lib/python3.11/site-packages/airflow/example_dags/example_bash_decorator.py
[2024-11-18T20:32:58.274+0000] {processor.py:925} INFO - DAG(s) 'example_bash_decorator' retrieved from /home/airflow/.local/lib/python3.11/site-packages/airflow/example_dags/example_bash_decorator.py
[2024-11-18T20:32:58.289+0000] {logging_mixin.py:190} INFO - [2024-11-18T20:32:58.289+0000] {dag.py:3239} INFO - Sync 1 DAGs
[2024-11-18T20:32:58.297+0000] {logging_mixin.py:190} INFO - [2024-11-18T20:32:58.296+0000] {dag.py:4180} INFO - Setting next_dagrun for example_bash_decorator to None, run_after=None
[2024-11-18T20:32:58.306+0000] {processor.py:208} INFO - Processing /home/airflow/.local/lib/python3.11/site-packages/airflow/example_dags/example_bash_decorator.py took 0.060 seconds
[2024-11-18T20:33:29.240+0000] {processor.py:186} INFO - Started process (PID=819) to work on /home/airflow/.local/lib/python3.11/site-packages/airflow/example_dags/example_bash_decorator.py
[2024-11-18T20:33:29.240+0000] {processor.py:914} INFO - Processing file /home/airflow/.local/lib/python3.11/site-packages/airflow/example_dags/example_bash_decorator.py for tasks to queue
[2024-11-18T20:33:29.241+0000] {logging_mixin.py:190} INFO - [2024-11-18T20:33:29.241+0000] {dagbag.py:588} INFO - Filling up the DagBag from /home/airflow/.local/lib/python3.11/site-packages/airflow/example_dags/example_bash_decorator.py
[2024-11-18T20:33:29.249+0000] {processor.py:925} INFO - DAG(s) 'example_bash_decorator' retrieved from /home/airflow/.local/lib/python3.11/site-packages/airflow/example_dags/example_bash_decorator.py
[2024-11-18T20:33:29.259+0000] {logging_mixin.py:190} INFO - [2024-11-18T20:33:29.259+0000] {dag.py:3239} INFO - Sync 1 DAGs
[2024-11-18T20:33:29.265+0000] {logging_mixin.py:190} INFO - [2024-11-18T20:33:29.265+0000] {dag.py:4180} INFO - Setting next_dagrun for example_bash_decorator to None, run_after=None
[2024-11-18T20:33:29.272+0000] {processor.py:208} INFO - Processing /home/airflow/.local/lib/python3.11/site-packages/airflow/example_dags/example_bash_decorator.py took 0.035 seconds
[2024-11-18T20:33:59.780+0000] {processor.py:186} INFO - Started process (PID=882) to work on /home/airflow/.local/lib/python3.11/site-packages/airflow/example_dags/example_bash_decorator.py
[2024-11-18T20:33:59.780+0000] {processor.py:914} INFO - Processing file /home/airflow/.local/lib/python3.11/site-packages/airflow/example_dags/example_bash_decorator.py for tasks to queue
[2024-11-18T20:33:59.782+0000] {logging_mixin.py:190} INFO - [2024-11-18T20:33:59.781+0000] {dagbag.py:588} INFO - Filling up the DagBag from /home/airflow/.local/lib/python3.11/site-packages/airflow/example_dags/example_bash_decorator.py
[2024-11-18T20:33:59.789+0000] {processor.py:925} INFO - DAG(s) 'example_bash_decorator' retrieved from /home/airflow/.local/lib/python3.11/site-packages/airflow/example_dags/example_bash_decorator.py
[2024-11-18T20:33:59.800+0000] {logging_mixin.py:190} INFO - [2024-11-18T20:33:59.800+0000] {dag.py:3239} INFO - Sync 1 DAGs
[2024-11-18T20:33:59.806+0000] {logging_mixin.py:190} INFO - [2024-11-18T20:33:59.806+0000] {dag.py:4180} INFO - Setting next_dagrun for example_bash_decorator to None, run_after=None
[2024-11-18T20:33:59.813+0000] {processor.py:208} INFO - Processing /home/airflow/.local/lib/python3.11/site-packages/airflow/example_dags/example_bash_decorator.py took 0.036 seconds
[2024-11-18T20:34:30.088+0000] {processor.py:186} INFO - Started process (PID=945) to work on /home/airflow/.local/lib/python3.11/site-packages/airflow/example_dags/example_bash_decorator.py
[2024-11-18T20:34:30.089+0000] {processor.py:914} INFO - Processing file /home/airflow/.local/lib/python3.11/site-packages/airflow/example_dags/example_bash_decorator.py for tasks to queue
[2024-11-18T20:34:30.090+0000] {logging_mixin.py:190} INFO - [2024-11-18T20:34:30.090+0000] {dagbag.py:588} INFO - Filling up the DagBag from /home/airflow/.local/lib/python3.11/site-packages/airflow/example_dags/example_bash_decorator.py
[2024-11-18T20:34:30.098+0000] {processor.py:925} INFO - DAG(s) 'example_bash_decorator' retrieved from /home/airflow/.local/lib/python3.11/site-packages/airflow/example_dags/example_bash_decorator.py
[2024-11-18T20:34:30.108+0000] {logging_mixin.py:190} INFO - [2024-11-18T20:34:30.108+0000] {dag.py:3239} INFO - Sync 1 DAGs
[2024-11-18T20:34:30.114+0000] {logging_mixin.py:190} INFO - [2024-11-18T20:34:30.114+0000] {dag.py:4180} INFO - Setting next_dagrun for example_bash_decorator to None, run_after=None
[2024-11-18T20:34:30.122+0000] {processor.py:208} INFO - Processing /home/airflow/.local/lib/python3.11/site-packages/airflow/example_dags/example_bash_decorator.py took 0.036 seconds
[2024-11-18T20:35:00.536+0000] {processor.py:186} INFO - Started process (PID=1008) to work on /home/airflow/.local/lib/python3.11/site-packages/airflow/example_dags/example_bash_decorator.py
[2024-11-18T20:35:00.537+0000] {processor.py:914} INFO - Processing file /home/airflow/.local/lib/python3.11/site-packages/airflow/example_dags/example_bash_decorator.py for tasks to queue
[2024-11-18T20:35:00.539+0000] {logging_mixin.py:190} INFO - [2024-11-18T20:35:00.538+0000] {dagbag.py:588} INFO - Filling up the DagBag from /home/airflow/.local/lib/python3.11/site-packages/airflow/example_dags/example_bash_decorator.py
[2024-11-18T20:35:00.547+0000] {processor.py:925} INFO - DAG(s) 'example_bash_decorator' retrieved from /home/airflow/.local/lib/python3.11/site-packages/airflow/example_dags/example_bash_decorator.py
[2024-11-18T20:35:00.565+0000] {logging_mixin.py:190} INFO - [2024-11-18T20:35:00.565+0000] {dag.py:3239} INFO - Sync 1 DAGs
[2024-11-18T20:35:00.574+0000] {logging_mixin.py:190} INFO - [2024-11-18T20:35:00.574+0000] {dag.py:4180} INFO - Setting next_dagrun for example_bash_decorator to None, run_after=None
[2024-11-18T20:35:00.585+0000] {processor.py:208} INFO - Processing /home/airflow/.local/lib/python3.11/site-packages/airflow/example_dags/example_bash_decorator.py took 0.052 seconds
[2024-11-18T20:35:31.595+0000] {processor.py:186} INFO - Started process (PID=1071) to work on /home/airflow/.local/lib/python3.11/site-packages/airflow/example_dags/example_bash_decorator.py
[2024-11-18T20:35:31.595+0000] {processor.py:914} INFO - Processing file /home/airflow/.local/lib/python3.11/site-packages/airflow/example_dags/example_bash_decorator.py for tasks to queue
[2024-11-18T20:35:31.596+0000] {logging_mixin.py:190} INFO - [2024-11-18T20:35:31.596+0000] {dagbag.py:588} INFO - Filling up the DagBag from /home/airflow/.local/lib/python3.11/site-packages/airflow/example_dags/example_bash_decorator.py
[2024-11-18T20:35:31.608+0000] {processor.py:925} INFO - DAG(s) 'example_bash_decorator' retrieved from /home/airflow/.local/lib/python3.11/site-packages/airflow/example_dags/example_bash_decorator.py
[2024-11-18T20:35:31.624+0000] {logging_mixin.py:190} INFO - [2024-11-18T20:35:31.624+0000] {dag.py:3239} INFO - Sync 1 DAGs
[2024-11-18T20:35:31.631+0000] {logging_mixin.py:190} INFO - [2024-11-18T20:35:31.630+0000] {dag.py:4180} INFO - Setting next_dagrun for example_bash_decorator to None, run_after=None
[2024-11-18T20:35:31.638+0000] {processor.py:208} INFO - Processing /home/airflow/.local/lib/python3.11/site-packages/airflow/example_dags/example_bash_decorator.py took 0.046 seconds
[2024-11-18T20:36:02.113+0000] {processor.py:186} INFO - Started process (PID=1134) to work on /home/airflow/.local/lib/python3.11/site-packages/airflow/example_dags/example_bash_decorator.py
[2024-11-18T20:36:02.114+0000] {processor.py:914} INFO - Processing file /home/airflow/.local/lib/python3.11/site-packages/airflow/example_dags/example_bash_decorator.py for tasks to queue
[2024-11-18T20:36:02.115+0000] {logging_mixin.py:190} INFO - [2024-11-18T20:36:02.115+0000] {dagbag.py:588} INFO - Filling up the DagBag from /home/airflow/.local/lib/python3.11/site-packages/airflow/example_dags/example_bash_decorator.py
[2024-11-18T20:36:02.124+0000] {processor.py:925} INFO - DAG(s) 'example_bash_decorator' retrieved from /home/airflow/.local/lib/python3.11/site-packages/airflow/example_dags/example_bash_decorator.py
[2024-11-18T20:36:02.135+0000] {logging_mixin.py:190} INFO - [2024-11-18T20:36:02.135+0000] {dag.py:3239} INFO - Sync 1 DAGs
[2024-11-18T20:36:02.141+0000] {logging_mixin.py:190} INFO - [2024-11-18T20:36:02.141+0000] {dag.py:4180} INFO - Setting next_dagrun for example_bash_decorator to None, run_after=None
[2024-11-18T20:36:02.148+0000] {processor.py:208} INFO - Processing /home/airflow/.local/lib/python3.11/site-packages/airflow/example_dags/example_bash_decorator.py took 0.039 seconds
[2024-11-18T20:36:32.729+0000] {processor.py:186} INFO - Started process (PID=1202) to work on /home/airflow/.local/lib/python3.11/site-packages/airflow/example_dags/example_bash_decorator.py
[2024-11-18T20:36:32.730+0000] {processor.py:914} INFO - Processing file /home/airflow/.local/lib/python3.11/site-packages/airflow/example_dags/example_bash_decorator.py for tasks to queue
[2024-11-18T20:36:32.731+0000] {logging_mixin.py:190} INFO - [2024-11-18T20:36:32.731+0000] {dagbag.py:588} INFO - Filling up the DagBag from /home/airflow/.local/lib/python3.11/site-packages/airflow/example_dags/example_bash_decorator.py
[2024-11-18T20:36:32.743+0000] {processor.py:925} INFO - DAG(s) 'example_bash_decorator' retrieved from /home/airflow/.local/lib/python3.11/site-packages/airflow/example_dags/example_bash_decorator.py
[2024-11-18T20:36:32.755+0000] {logging_mixin.py:190} INFO - [2024-11-18T20:36:32.754+0000] {dag.py:3239} INFO - Sync 1 DAGs
[2024-11-18T20:36:32.761+0000] {logging_mixin.py:190} INFO - [2024-11-18T20:36:32.761+0000] {dag.py:4180} INFO - Setting next_dagrun for example_bash_decorator to None, run_after=None
[2024-11-18T20:36:32.772+0000] {processor.py:208} INFO - Processing /home/airflow/.local/lib/python3.11/site-packages/airflow/example_dags/example_bash_decorator.py took 0.046 seconds
[2024-11-18T20:37:03.788+0000] {processor.py:186} INFO - Started process (PID=1265) to work on /home/airflow/.local/lib/python3.11/site-packages/airflow/example_dags/example_bash_decorator.py
[2024-11-18T20:37:03.789+0000] {processor.py:914} INFO - Processing file /home/airflow/.local/lib/python3.11/site-packages/airflow/example_dags/example_bash_decorator.py for tasks to queue
[2024-11-18T20:37:03.792+0000] {logging_mixin.py:190} INFO - [2024-11-18T20:37:03.792+0000] {dagbag.py:588} INFO - Filling up the DagBag from /home/airflow/.local/lib/python3.11/site-packages/airflow/example_dags/example_bash_decorator.py
[2024-11-18T20:37:03.807+0000] {processor.py:925} INFO - DAG(s) 'example_bash_decorator' retrieved from /home/airflow/.local/lib/python3.11/site-packages/airflow/example_dags/example_bash_decorator.py
[2024-11-18T20:37:03.833+0000] {logging_mixin.py:190} INFO - [2024-11-18T20:37:03.833+0000] {dag.py:3239} INFO - Sync 1 DAGs
[2024-11-18T20:37:03.844+0000] {logging_mixin.py:190} INFO - [2024-11-18T20:37:03.844+0000] {dag.py:4180} INFO - Setting next_dagrun for example_bash_decorator to None, run_after=None
[2024-11-18T20:37:03.855+0000] {processor.py:208} INFO - Processing /home/airflow/.local/lib/python3.11/site-packages/airflow/example_dags/example_bash_decorator.py took 0.080 seconds
[2024-11-18T20:37:34.601+0000] {processor.py:186} INFO - Started process (PID=1328) to work on /home/airflow/.local/lib/python3.11/site-packages/airflow/example_dags/example_bash_decorator.py
[2024-11-18T20:37:34.603+0000] {processor.py:914} INFO - Processing file /home/airflow/.local/lib/python3.11/site-packages/airflow/example_dags/example_bash_decorator.py for tasks to queue
[2024-11-18T20:37:34.605+0000] {logging_mixin.py:190} INFO - [2024-11-18T20:37:34.605+0000] {dagbag.py:588} INFO - Filling up the DagBag from /home/airflow/.local/lib/python3.11/site-packages/airflow/example_dags/example_bash_decorator.py
[2024-11-18T20:37:34.622+0000] {processor.py:925} INFO - DAG(s) 'example_bash_decorator' retrieved from /home/airflow/.local/lib/python3.11/site-packages/airflow/example_dags/example_bash_decorator.py
[2024-11-18T20:37:34.635+0000] {logging_mixin.py:190} INFO - [2024-11-18T20:37:34.635+0000] {dag.py:3239} INFO - Sync 1 DAGs
[2024-11-18T20:37:34.643+0000] {logging_mixin.py:190} INFO - [2024-11-18T20:37:34.643+0000] {dag.py:4180} INFO - Setting next_dagrun for example_bash_decorator to None, run_after=None
[2024-11-18T20:37:34.653+0000] {processor.py:208} INFO - Processing /home/airflow/.local/lib/python3.11/site-packages/airflow/example_dags/example_bash_decorator.py took 0.058 seconds
[2024-11-18T20:38:05.305+0000] {processor.py:186} INFO - Started process (PID=1391) to work on /home/airflow/.local/lib/python3.11/site-packages/airflow/example_dags/example_bash_decorator.py
[2024-11-18T20:38:05.306+0000] {processor.py:914} INFO - Processing file /home/airflow/.local/lib/python3.11/site-packages/airflow/example_dags/example_bash_decorator.py for tasks to queue
[2024-11-18T20:38:05.307+0000] {logging_mixin.py:190} INFO - [2024-11-18T20:38:05.307+0000] {dagbag.py:588} INFO - Filling up the DagBag from /home/airflow/.local/lib/python3.11/site-packages/airflow/example_dags/example_bash_decorator.py
[2024-11-18T20:38:05.315+0000] {processor.py:925} INFO - DAG(s) 'example_bash_decorator' retrieved from /home/airflow/.local/lib/python3.11/site-packages/airflow/example_dags/example_bash_decorator.py
[2024-11-18T20:38:05.328+0000] {logging_mixin.py:190} INFO - [2024-11-18T20:38:05.328+0000] {dag.py:3239} INFO - Sync 1 DAGs
[2024-11-18T20:38:05.339+0000] {logging_mixin.py:190} INFO - [2024-11-18T20:38:05.339+0000] {dag.py:4180} INFO - Setting next_dagrun for example_bash_decorator to None, run_after=None
[2024-11-18T20:38:05.349+0000] {processor.py:208} INFO - Processing /home/airflow/.local/lib/python3.11/site-packages/airflow/example_dags/example_bash_decorator.py took 0.051 seconds
[2024-11-18T20:38:35.841+0000] {processor.py:186} INFO - Started process (PID=1454) to work on /home/airflow/.local/lib/python3.11/site-packages/airflow/example_dags/example_bash_decorator.py
[2024-11-18T20:38:35.842+0000] {processor.py:914} INFO - Processing file /home/airflow/.local/lib/python3.11/site-packages/airflow/example_dags/example_bash_decorator.py for tasks to queue
[2024-11-18T20:38:35.844+0000] {logging_mixin.py:190} INFO - [2024-11-18T20:38:35.843+0000] {dagbag.py:588} INFO - Filling up the DagBag from /home/airflow/.local/lib/python3.11/site-packages/airflow/example_dags/example_bash_decorator.py
[2024-11-18T20:38:35.852+0000] {processor.py:925} INFO - DAG(s) 'example_bash_decorator' retrieved from /home/airflow/.local/lib/python3.11/site-packages/airflow/example_dags/example_bash_decorator.py
[2024-11-18T20:38:35.863+0000] {logging_mixin.py:190} INFO - [2024-11-18T20:38:35.863+0000] {dag.py:3239} INFO - Sync 1 DAGs
[2024-11-18T20:38:35.870+0000] {logging_mixin.py:190} INFO - [2024-11-18T20:38:35.870+0000] {dag.py:4180} INFO - Setting next_dagrun for example_bash_decorator to None, run_after=None
[2024-11-18T20:38:35.877+0000] {processor.py:208} INFO - Processing /home/airflow/.local/lib/python3.11/site-packages/airflow/example_dags/example_bash_decorator.py took 0.038 seconds
[2024-11-18T20:39:06.614+0000] {processor.py:186} INFO - Started process (PID=1517) to work on /home/airflow/.local/lib/python3.11/site-packages/airflow/example_dags/example_bash_decorator.py
[2024-11-18T20:39:06.615+0000] {processor.py:914} INFO - Processing file /home/airflow/.local/lib/python3.11/site-packages/airflow/example_dags/example_bash_decorator.py for tasks to queue
[2024-11-18T20:39:06.617+0000] {logging_mixin.py:190} INFO - [2024-11-18T20:39:06.617+0000] {dagbag.py:588} INFO - Filling up the DagBag from /home/airflow/.local/lib/python3.11/site-packages/airflow/example_dags/example_bash_decorator.py
[2024-11-18T20:39:06.627+0000] {processor.py:925} INFO - DAG(s) 'example_bash_decorator' retrieved from /home/airflow/.local/lib/python3.11/site-packages/airflow/example_dags/example_bash_decorator.py
[2024-11-18T20:39:06.639+0000] {logging_mixin.py:190} INFO - [2024-11-18T20:39:06.639+0000] {dag.py:3239} INFO - Sync 1 DAGs
[2024-11-18T20:39:06.646+0000] {logging_mixin.py:190} INFO - [2024-11-18T20:39:06.646+0000] {dag.py:4180} INFO - Setting next_dagrun for example_bash_decorator to None, run_after=None
[2024-11-18T20:39:06.654+0000] {processor.py:208} INFO - Processing /home/airflow/.local/lib/python3.11/site-packages/airflow/example_dags/example_bash_decorator.py took 0.045 seconds
[2024-11-18T20:39:37.545+0000] {processor.py:186} INFO - Started process (PID=1580) to work on /home/airflow/.local/lib/python3.11/site-packages/airflow/example_dags/example_bash_decorator.py
[2024-11-18T20:39:37.546+0000] {processor.py:914} INFO - Processing file /home/airflow/.local/lib/python3.11/site-packages/airflow/example_dags/example_bash_decorator.py for tasks to queue
[2024-11-18T20:39:37.547+0000] {logging_mixin.py:190} INFO - [2024-11-18T20:39:37.546+0000] {dagbag.py:588} INFO - Filling up the DagBag from /home/airflow/.local/lib/python3.11/site-packages/airflow/example_dags/example_bash_decorator.py
[2024-11-18T20:39:37.554+0000] {processor.py:925} INFO - DAG(s) 'example_bash_decorator' retrieved from /home/airflow/.local/lib/python3.11/site-packages/airflow/example_dags/example_bash_decorator.py
[2024-11-18T20:39:37.564+0000] {logging_mixin.py:190} INFO - [2024-11-18T20:39:37.564+0000] {dag.py:3239} INFO - Sync 1 DAGs
[2024-11-18T20:39:37.570+0000] {logging_mixin.py:190} INFO - [2024-11-18T20:39:37.570+0000] {dag.py:4180} INFO - Setting next_dagrun for example_bash_decorator to None, run_after=None
[2024-11-18T20:39:37.577+0000] {processor.py:208} INFO - Processing /home/airflow/.local/lib/python3.11/site-packages/airflow/example_dags/example_bash_decorator.py took 0.035 seconds
[2024-11-18T20:40:08.091+0000] {processor.py:186} INFO - Started process (PID=1643) to work on /home/airflow/.local/lib/python3.11/site-packages/airflow/example_dags/example_bash_decorator.py
[2024-11-18T20:40:08.091+0000] {processor.py:914} INFO - Processing file /home/airflow/.local/lib/python3.11/site-packages/airflow/example_dags/example_bash_decorator.py for tasks to queue
[2024-11-18T20:40:08.093+0000] {logging_mixin.py:190} INFO - [2024-11-18T20:40:08.093+0000] {dagbag.py:588} INFO - Filling up the DagBag from /home/airflow/.local/lib/python3.11/site-packages/airflow/example_dags/example_bash_decorator.py
[2024-11-18T20:40:08.101+0000] {processor.py:925} INFO - DAG(s) 'example_bash_decorator' retrieved from /home/airflow/.local/lib/python3.11/site-packages/airflow/example_dags/example_bash_decorator.py
[2024-11-18T20:40:08.114+0000] {logging_mixin.py:190} INFO - [2024-11-18T20:40:08.114+0000] {dag.py:3239} INFO - Sync 1 DAGs
[2024-11-18T20:40:08.121+0000] {logging_mixin.py:190} INFO - [2024-11-18T20:40:08.121+0000] {dag.py:4180} INFO - Setting next_dagrun for example_bash_decorator to None, run_after=None
[2024-11-18T20:40:08.130+0000] {processor.py:208} INFO - Processing /home/airflow/.local/lib/python3.11/site-packages/airflow/example_dags/example_bash_decorator.py took 0.044 seconds
[2024-11-18T20:40:39.179+0000] {processor.py:186} INFO - Started process (PID=1706) to work on /home/airflow/.local/lib/python3.11/site-packages/airflow/example_dags/example_bash_decorator.py
[2024-11-18T20:40:39.180+0000] {processor.py:914} INFO - Processing file /home/airflow/.local/lib/python3.11/site-packages/airflow/example_dags/example_bash_decorator.py for tasks to queue
[2024-11-18T20:40:39.182+0000] {logging_mixin.py:190} INFO - [2024-11-18T20:40:39.182+0000] {dagbag.py:588} INFO - Filling up the DagBag from /home/airflow/.local/lib/python3.11/site-packages/airflow/example_dags/example_bash_decorator.py
[2024-11-18T20:40:39.204+0000] {processor.py:925} INFO - DAG(s) 'example_bash_decorator' retrieved from /home/airflow/.local/lib/python3.11/site-packages/airflow/example_dags/example_bash_decorator.py
[2024-11-18T20:40:39.230+0000] {logging_mixin.py:190} INFO - [2024-11-18T20:40:39.229+0000] {dag.py:3239} INFO - Sync 1 DAGs
[2024-11-18T20:40:39.239+0000] {logging_mixin.py:190} INFO - [2024-11-18T20:40:39.239+0000] {dag.py:4180} INFO - Setting next_dagrun for example_bash_decorator to None, run_after=None
[2024-11-18T20:40:39.254+0000] {processor.py:208} INFO - Processing /home/airflow/.local/lib/python3.11/site-packages/airflow/example_dags/example_bash_decorator.py took 0.078 seconds
[2024-11-18T20:41:10.269+0000] {processor.py:186} INFO - Started process (PID=1769) to work on /home/airflow/.local/lib/python3.11/site-packages/airflow/example_dags/example_bash_decorator.py
[2024-11-18T20:41:10.271+0000] {processor.py:914} INFO - Processing file /home/airflow/.local/lib/python3.11/site-packages/airflow/example_dags/example_bash_decorator.py for tasks to queue
[2024-11-18T20:41:10.275+0000] {logging_mixin.py:190} INFO - [2024-11-18T20:41:10.274+0000] {dagbag.py:588} INFO - Filling up the DagBag from /home/airflow/.local/lib/python3.11/site-packages/airflow/example_dags/example_bash_decorator.py
[2024-11-18T20:41:10.284+0000] {processor.py:925} INFO - DAG(s) 'example_bash_decorator' retrieved from /home/airflow/.local/lib/python3.11/site-packages/airflow/example_dags/example_bash_decorator.py
[2024-11-18T20:41:10.298+0000] {logging_mixin.py:190} INFO - [2024-11-18T20:41:10.298+0000] {dag.py:3239} INFO - Sync 1 DAGs
[2024-11-18T20:41:10.306+0000] {logging_mixin.py:190} INFO - [2024-11-18T20:41:10.306+0000] {dag.py:4180} INFO - Setting next_dagrun for example_bash_decorator to None, run_after=None
[2024-11-18T20:41:10.314+0000] {processor.py:208} INFO - Processing /home/airflow/.local/lib/python3.11/site-packages/airflow/example_dags/example_bash_decorator.py took 0.054 seconds
[2024-11-18T20:41:41.248+0000] {processor.py:186} INFO - Started process (PID=1832) to work on /home/airflow/.local/lib/python3.11/site-packages/airflow/example_dags/example_bash_decorator.py
[2024-11-18T20:41:41.248+0000] {processor.py:914} INFO - Processing file /home/airflow/.local/lib/python3.11/site-packages/airflow/example_dags/example_bash_decorator.py for tasks to queue
[2024-11-18T20:41:41.250+0000] {logging_mixin.py:190} INFO - [2024-11-18T20:41:41.250+0000] {dagbag.py:588} INFO - Filling up the DagBag from /home/airflow/.local/lib/python3.11/site-packages/airflow/example_dags/example_bash_decorator.py
[2024-11-18T20:41:41.259+0000] {processor.py:925} INFO - DAG(s) 'example_bash_decorator' retrieved from /home/airflow/.local/lib/python3.11/site-packages/airflow/example_dags/example_bash_decorator.py
[2024-11-18T20:41:41.269+0000] {logging_mixin.py:190} INFO - [2024-11-18T20:41:41.269+0000] {dag.py:3239} INFO - Sync 1 DAGs
[2024-11-18T20:41:41.275+0000] {logging_mixin.py:190} INFO - [2024-11-18T20:41:41.275+0000] {dag.py:4180} INFO - Setting next_dagrun for example_bash_decorator to None, run_after=None
[2024-11-18T20:41:41.283+0000] {processor.py:208} INFO - Processing /home/airflow/.local/lib/python3.11/site-packages/airflow/example_dags/example_bash_decorator.py took 0.038 seconds
[2024-11-18T20:42:11.629+0000] {processor.py:186} INFO - Started process (PID=1895) to work on /home/airflow/.local/lib/python3.11/site-packages/airflow/example_dags/example_bash_decorator.py
[2024-11-18T20:42:11.630+0000] {processor.py:914} INFO - Processing file /home/airflow/.local/lib/python3.11/site-packages/airflow/example_dags/example_bash_decorator.py for tasks to queue
[2024-11-18T20:42:11.632+0000] {logging_mixin.py:190} INFO - [2024-11-18T20:42:11.632+0000] {dagbag.py:588} INFO - Filling up the DagBag from /home/airflow/.local/lib/python3.11/site-packages/airflow/example_dags/example_bash_decorator.py
[2024-11-18T20:42:11.640+0000] {processor.py:925} INFO - DAG(s) 'example_bash_decorator' retrieved from /home/airflow/.local/lib/python3.11/site-packages/airflow/example_dags/example_bash_decorator.py
[2024-11-18T20:42:11.654+0000] {logging_mixin.py:190} INFO - [2024-11-18T20:42:11.654+0000] {dag.py:3239} INFO - Sync 1 DAGs
[2024-11-18T20:42:11.661+0000] {logging_mixin.py:190} INFO - [2024-11-18T20:42:11.661+0000] {dag.py:4180} INFO - Setting next_dagrun for example_bash_decorator to None, run_after=None
[2024-11-18T20:42:11.669+0000] {processor.py:208} INFO - Processing /home/airflow/.local/lib/python3.11/site-packages/airflow/example_dags/example_bash_decorator.py took 0.046 seconds
[2024-11-18T20:42:42.237+0000] {processor.py:186} INFO - Started process (PID=1958) to work on /home/airflow/.local/lib/python3.11/site-packages/airflow/example_dags/example_bash_decorator.py
[2024-11-18T20:42:42.238+0000] {processor.py:914} INFO - Processing file /home/airflow/.local/lib/python3.11/site-packages/airflow/example_dags/example_bash_decorator.py for tasks to queue
[2024-11-18T20:42:42.239+0000] {logging_mixin.py:190} INFO - [2024-11-18T20:42:42.238+0000] {dagbag.py:588} INFO - Filling up the DagBag from /home/airflow/.local/lib/python3.11/site-packages/airflow/example_dags/example_bash_decorator.py
[2024-11-18T20:42:42.246+0000] {processor.py:925} INFO - DAG(s) 'example_bash_decorator' retrieved from /home/airflow/.local/lib/python3.11/site-packages/airflow/example_dags/example_bash_decorator.py
[2024-11-18T20:42:42.256+0000] {logging_mixin.py:190} INFO - [2024-11-18T20:42:42.256+0000] {dag.py:3239} INFO - Sync 1 DAGs
[2024-11-18T20:42:42.262+0000] {logging_mixin.py:190} INFO - [2024-11-18T20:42:42.262+0000] {dag.py:4180} INFO - Setting next_dagrun for example_bash_decorator to None, run_after=None
[2024-11-18T20:42:42.269+0000] {processor.py:208} INFO - Processing /home/airflow/.local/lib/python3.11/site-packages/airflow/example_dags/example_bash_decorator.py took 0.035 seconds
[2024-11-18T20:43:13.286+0000] {processor.py:186} INFO - Started process (PID=2021) to work on /home/airflow/.local/lib/python3.11/site-packages/airflow/example_dags/example_bash_decorator.py
[2024-11-18T20:43:13.287+0000] {processor.py:914} INFO - Processing file /home/airflow/.local/lib/python3.11/site-packages/airflow/example_dags/example_bash_decorator.py for tasks to queue
[2024-11-18T20:43:13.288+0000] {logging_mixin.py:190} INFO - [2024-11-18T20:43:13.288+0000] {dagbag.py:588} INFO - Filling up the DagBag from /home/airflow/.local/lib/python3.11/site-packages/airflow/example_dags/example_bash_decorator.py
[2024-11-18T20:43:13.297+0000] {processor.py:925} INFO - DAG(s) 'example_bash_decorator' retrieved from /home/airflow/.local/lib/python3.11/site-packages/airflow/example_dags/example_bash_decorator.py
[2024-11-18T20:43:13.310+0000] {logging_mixin.py:190} INFO - [2024-11-18T20:43:13.310+0000] {dag.py:3239} INFO - Sync 1 DAGs
[2024-11-18T20:43:13.316+0000] {logging_mixin.py:190} INFO - [2024-11-18T20:43:13.316+0000] {dag.py:4180} INFO - Setting next_dagrun for example_bash_decorator to None, run_after=None
[2024-11-18T20:43:13.324+0000] {processor.py:208} INFO - Processing /home/airflow/.local/lib/python3.11/site-packages/airflow/example_dags/example_bash_decorator.py took 0.044 seconds
[2024-11-18T20:43:43.581+0000] {processor.py:186} INFO - Started process (PID=2084) to work on /home/airflow/.local/lib/python3.11/site-packages/airflow/example_dags/example_bash_decorator.py
[2024-11-18T20:43:43.582+0000] {processor.py:914} INFO - Processing file /home/airflow/.local/lib/python3.11/site-packages/airflow/example_dags/example_bash_decorator.py for tasks to queue
[2024-11-18T20:43:43.583+0000] {logging_mixin.py:190} INFO - [2024-11-18T20:43:43.583+0000] {dagbag.py:588} INFO - Filling up the DagBag from /home/airflow/.local/lib/python3.11/site-packages/airflow/example_dags/example_bash_decorator.py
[2024-11-18T20:43:43.592+0000] {processor.py:925} INFO - DAG(s) 'example_bash_decorator' retrieved from /home/airflow/.local/lib/python3.11/site-packages/airflow/example_dags/example_bash_decorator.py
[2024-11-18T20:43:43.603+0000] {logging_mixin.py:190} INFO - [2024-11-18T20:43:43.603+0000] {dag.py:3239} INFO - Sync 1 DAGs
[2024-11-18T20:43:43.610+0000] {logging_mixin.py:190} INFO - [2024-11-18T20:43:43.610+0000] {dag.py:4180} INFO - Setting next_dagrun for example_bash_decorator to None, run_after=None
[2024-11-18T20:43:43.618+0000] {processor.py:208} INFO - Processing /home/airflow/.local/lib/python3.11/site-packages/airflow/example_dags/example_bash_decorator.py took 0.040 seconds
[2024-11-18T20:44:14.222+0000] {processor.py:186} INFO - Started process (PID=2147) to work on /home/airflow/.local/lib/python3.11/site-packages/airflow/example_dags/example_bash_decorator.py
[2024-11-18T20:44:14.223+0000] {processor.py:914} INFO - Processing file /home/airflow/.local/lib/python3.11/site-packages/airflow/example_dags/example_bash_decorator.py for tasks to queue
[2024-11-18T20:44:14.225+0000] {logging_mixin.py:190} INFO - [2024-11-18T20:44:14.224+0000] {dagbag.py:588} INFO - Filling up the DagBag from /home/airflow/.local/lib/python3.11/site-packages/airflow/example_dags/example_bash_decorator.py
[2024-11-18T20:44:14.232+0000] {processor.py:925} INFO - DAG(s) 'example_bash_decorator' retrieved from /home/airflow/.local/lib/python3.11/site-packages/airflow/example_dags/example_bash_decorator.py
[2024-11-18T20:44:14.243+0000] {logging_mixin.py:190} INFO - [2024-11-18T20:44:14.242+0000] {dag.py:3239} INFO - Sync 1 DAGs
[2024-11-18T20:44:14.248+0000] {logging_mixin.py:190} INFO - [2024-11-18T20:44:14.248+0000] {dag.py:4180} INFO - Setting next_dagrun for example_bash_decorator to None, run_after=None
[2024-11-18T20:44:14.256+0000] {processor.py:208} INFO - Processing /home/airflow/.local/lib/python3.11/site-packages/airflow/example_dags/example_bash_decorator.py took 0.036 seconds
[2024-11-18T20:44:44.877+0000] {processor.py:186} INFO - Started process (PID=2210) to work on /home/airflow/.local/lib/python3.11/site-packages/airflow/example_dags/example_bash_decorator.py
[2024-11-18T20:44:44.878+0000] {processor.py:914} INFO - Processing file /home/airflow/.local/lib/python3.11/site-packages/airflow/example_dags/example_bash_decorator.py for tasks to queue
[2024-11-18T20:44:44.882+0000] {logging_mixin.py:190} INFO - [2024-11-18T20:44:44.881+0000] {dagbag.py:588} INFO - Filling up the DagBag from /home/airflow/.local/lib/python3.11/site-packages/airflow/example_dags/example_bash_decorator.py
[2024-11-18T20:44:44.916+0000] {processor.py:925} INFO - DAG(s) 'example_bash_decorator' retrieved from /home/airflow/.local/lib/python3.11/site-packages/airflow/example_dags/example_bash_decorator.py
[2024-11-18T20:44:44.980+0000] {logging_mixin.py:190} INFO - [2024-11-18T20:44:44.979+0000] {dag.py:3239} INFO - Sync 1 DAGs
[2024-11-18T20:44:45.001+0000] {logging_mixin.py:190} INFO - [2024-11-18T20:44:45.001+0000] {dag.py:4180} INFO - Setting next_dagrun for example_bash_decorator to None, run_after=None
[2024-11-18T20:44:45.038+0000] {processor.py:208} INFO - Processing /home/airflow/.local/lib/python3.11/site-packages/airflow/example_dags/example_bash_decorator.py took 0.168 seconds
[2024-11-18T20:45:15.978+0000] {processor.py:186} INFO - Started process (PID=2273) to work on /home/airflow/.local/lib/python3.11/site-packages/airflow/example_dags/example_bash_decorator.py
[2024-11-18T20:45:15.980+0000] {processor.py:914} INFO - Processing file /home/airflow/.local/lib/python3.11/site-packages/airflow/example_dags/example_bash_decorator.py for tasks to queue
[2024-11-18T20:45:15.983+0000] {logging_mixin.py:190} INFO - [2024-11-18T20:45:15.982+0000] {dagbag.py:588} INFO - Filling up the DagBag from /home/airflow/.local/lib/python3.11/site-packages/airflow/example_dags/example_bash_decorator.py
[2024-11-18T20:45:16.002+0000] {processor.py:925} INFO - DAG(s) 'example_bash_decorator' retrieved from /home/airflow/.local/lib/python3.11/site-packages/airflow/example_dags/example_bash_decorator.py
[2024-11-18T20:45:16.021+0000] {logging_mixin.py:190} INFO - [2024-11-18T20:45:16.021+0000] {dag.py:3239} INFO - Sync 1 DAGs
[2024-11-18T20:45:16.030+0000] {logging_mixin.py:190} INFO - [2024-11-18T20:45:16.030+0000] {dag.py:4180} INFO - Setting next_dagrun for example_bash_decorator to None, run_after=None
[2024-11-18T20:45:16.041+0000] {processor.py:208} INFO - Processing /home/airflow/.local/lib/python3.11/site-packages/airflow/example_dags/example_bash_decorator.py took 0.072 seconds
[2024-11-18T20:47:07.704+0000] {processor.py:186} INFO - Started process (PID=63) to work on /home/airflow/.local/lib/python3.11/site-packages/airflow/example_dags/example_bash_decorator.py
[2024-11-18T20:47:07.709+0000] {processor.py:914} INFO - Processing file /home/airflow/.local/lib/python3.11/site-packages/airflow/example_dags/example_bash_decorator.py for tasks to queue
[2024-11-18T20:47:07.715+0000] {logging_mixin.py:190} INFO - [2024-11-18T20:47:07.714+0000] {dagbag.py:588} INFO - Filling up the DagBag from /home/airflow/.local/lib/python3.11/site-packages/airflow/example_dags/example_bash_decorator.py
[2024-11-18T20:47:07.785+0000] {processor.py:925} INFO - DAG(s) 'example_bash_decorator' retrieved from /home/airflow/.local/lib/python3.11/site-packages/airflow/example_dags/example_bash_decorator.py
[2024-11-18T20:47:08.983+0000] {logging_mixin.py:190} INFO - [2024-11-18T20:47:08.982+0000] {dag.py:3239} INFO - Sync 1 DAGs
[2024-11-18T20:47:09.025+0000] {logging_mixin.py:190} INFO - [2024-11-18T20:47:09.025+0000] {dag.py:4180} INFO - Setting next_dagrun for example_bash_decorator to None, run_after=None
[2024-11-18T20:47:09.100+0000] {processor.py:208} INFO - Processing /home/airflow/.local/lib/python3.11/site-packages/airflow/example_dags/example_bash_decorator.py took 1.414 seconds
[2024-11-18T20:47:39.639+0000] {processor.py:186} INFO - Started process (PID=126) to work on /home/airflow/.local/lib/python3.11/site-packages/airflow/example_dags/example_bash_decorator.py
[2024-11-18T20:47:39.641+0000] {processor.py:914} INFO - Processing file /home/airflow/.local/lib/python3.11/site-packages/airflow/example_dags/example_bash_decorator.py for tasks to queue
[2024-11-18T20:47:39.645+0000] {logging_mixin.py:190} INFO - [2024-11-18T20:47:39.644+0000] {dagbag.py:588} INFO - Filling up the DagBag from /home/airflow/.local/lib/python3.11/site-packages/airflow/example_dags/example_bash_decorator.py
[2024-11-18T20:47:39.663+0000] {processor.py:925} INFO - DAG(s) 'example_bash_decorator' retrieved from /home/airflow/.local/lib/python3.11/site-packages/airflow/example_dags/example_bash_decorator.py
[2024-11-18T20:47:39.676+0000] {logging_mixin.py:190} INFO - [2024-11-18T20:47:39.676+0000] {dag.py:3239} INFO - Sync 1 DAGs
[2024-11-18T20:47:39.684+0000] {logging_mixin.py:190} INFO - [2024-11-18T20:47:39.684+0000] {dag.py:4180} INFO - Setting next_dagrun for example_bash_decorator to None, run_after=None
[2024-11-18T20:47:39.693+0000] {processor.py:208} INFO - Processing /home/airflow/.local/lib/python3.11/site-packages/airflow/example_dags/example_bash_decorator.py took 0.069 seconds
[2024-11-18T20:48:10.626+0000] {processor.py:186} INFO - Started process (PID=189) to work on /home/airflow/.local/lib/python3.11/site-packages/airflow/example_dags/example_bash_decorator.py
[2024-11-18T20:48:10.631+0000] {processor.py:914} INFO - Processing file /home/airflow/.local/lib/python3.11/site-packages/airflow/example_dags/example_bash_decorator.py for tasks to queue
[2024-11-18T20:48:10.635+0000] {logging_mixin.py:190} INFO - [2024-11-18T20:48:10.635+0000] {dagbag.py:588} INFO - Filling up the DagBag from /home/airflow/.local/lib/python3.11/site-packages/airflow/example_dags/example_bash_decorator.py
[2024-11-18T20:48:10.668+0000] {processor.py:925} INFO - DAG(s) 'example_bash_decorator' retrieved from /home/airflow/.local/lib/python3.11/site-packages/airflow/example_dags/example_bash_decorator.py
[2024-11-18T20:48:10.684+0000] {logging_mixin.py:190} INFO - [2024-11-18T20:48:10.684+0000] {dag.py:3239} INFO - Sync 1 DAGs
[2024-11-18T20:48:10.695+0000] {logging_mixin.py:190} INFO - [2024-11-18T20:48:10.695+0000] {dag.py:4180} INFO - Setting next_dagrun for example_bash_decorator to None, run_after=None
[2024-11-18T20:48:10.706+0000] {processor.py:208} INFO - Processing /home/airflow/.local/lib/python3.11/site-packages/airflow/example_dags/example_bash_decorator.py took 0.091 seconds
[2024-11-18T20:48:40.905+0000] {processor.py:186} INFO - Started process (PID=252) to work on /home/airflow/.local/lib/python3.11/site-packages/airflow/example_dags/example_bash_decorator.py
[2024-11-18T20:48:40.907+0000] {processor.py:914} INFO - Processing file /home/airflow/.local/lib/python3.11/site-packages/airflow/example_dags/example_bash_decorator.py for tasks to queue
[2024-11-18T20:48:40.911+0000] {logging_mixin.py:190} INFO - [2024-11-18T20:48:40.911+0000] {dagbag.py:588} INFO - Filling up the DagBag from /home/airflow/.local/lib/python3.11/site-packages/airflow/example_dags/example_bash_decorator.py
[2024-11-18T20:48:40.928+0000] {processor.py:925} INFO - DAG(s) 'example_bash_decorator' retrieved from /home/airflow/.local/lib/python3.11/site-packages/airflow/example_dags/example_bash_decorator.py
[2024-11-18T20:48:40.943+0000] {logging_mixin.py:190} INFO - [2024-11-18T20:48:40.942+0000] {dag.py:3239} INFO - Sync 1 DAGs
[2024-11-18T20:48:40.950+0000] {logging_mixin.py:190} INFO - [2024-11-18T20:48:40.950+0000] {dag.py:4180} INFO - Setting next_dagrun for example_bash_decorator to None, run_after=None
[2024-11-18T20:48:40.958+0000] {processor.py:208} INFO - Processing /home/airflow/.local/lib/python3.11/site-packages/airflow/example_dags/example_bash_decorator.py took 0.064 seconds
[2024-11-18T20:49:11.543+0000] {processor.py:186} INFO - Started process (PID=315) to work on /home/airflow/.local/lib/python3.11/site-packages/airflow/example_dags/example_bash_decorator.py
[2024-11-18T20:49:11.545+0000] {processor.py:914} INFO - Processing file /home/airflow/.local/lib/python3.11/site-packages/airflow/example_dags/example_bash_decorator.py for tasks to queue
[2024-11-18T20:49:11.548+0000] {logging_mixin.py:190} INFO - [2024-11-18T20:49:11.547+0000] {dagbag.py:588} INFO - Filling up the DagBag from /home/airflow/.local/lib/python3.11/site-packages/airflow/example_dags/example_bash_decorator.py
[2024-11-18T20:49:11.563+0000] {processor.py:925} INFO - DAG(s) 'example_bash_decorator' retrieved from /home/airflow/.local/lib/python3.11/site-packages/airflow/example_dags/example_bash_decorator.py
[2024-11-18T20:49:11.583+0000] {logging_mixin.py:190} INFO - [2024-11-18T20:49:11.583+0000] {dag.py:3239} INFO - Sync 1 DAGs
[2024-11-18T20:49:11.594+0000] {logging_mixin.py:190} INFO - [2024-11-18T20:49:11.594+0000] {dag.py:4180} INFO - Setting next_dagrun for example_bash_decorator to None, run_after=None
[2024-11-18T20:49:11.605+0000] {processor.py:208} INFO - Processing /home/airflow/.local/lib/python3.11/site-packages/airflow/example_dags/example_bash_decorator.py took 0.071 seconds
[2024-11-18T20:49:42.172+0000] {processor.py:186} INFO - Started process (PID=378) to work on /home/airflow/.local/lib/python3.11/site-packages/airflow/example_dags/example_bash_decorator.py
[2024-11-18T20:49:42.174+0000] {processor.py:914} INFO - Processing file /home/airflow/.local/lib/python3.11/site-packages/airflow/example_dags/example_bash_decorator.py for tasks to queue
[2024-11-18T20:49:42.176+0000] {logging_mixin.py:190} INFO - [2024-11-18T20:49:42.176+0000] {dagbag.py:588} INFO - Filling up the DagBag from /home/airflow/.local/lib/python3.11/site-packages/airflow/example_dags/example_bash_decorator.py
[2024-11-18T20:49:42.192+0000] {processor.py:925} INFO - DAG(s) 'example_bash_decorator' retrieved from /home/airflow/.local/lib/python3.11/site-packages/airflow/example_dags/example_bash_decorator.py
[2024-11-18T20:49:42.211+0000] {logging_mixin.py:190} INFO - [2024-11-18T20:49:42.210+0000] {dag.py:3239} INFO - Sync 1 DAGs
[2024-11-18T20:49:42.225+0000] {logging_mixin.py:190} INFO - [2024-11-18T20:49:42.224+0000] {dag.py:4180} INFO - Setting next_dagrun for example_bash_decorator to None, run_after=None
[2024-11-18T20:49:42.240+0000] {processor.py:208} INFO - Processing /home/airflow/.local/lib/python3.11/site-packages/airflow/example_dags/example_bash_decorator.py took 0.078 seconds
[2024-11-18T20:50:12.766+0000] {processor.py:186} INFO - Started process (PID=441) to work on /home/airflow/.local/lib/python3.11/site-packages/airflow/example_dags/example_bash_decorator.py
[2024-11-18T20:50:12.768+0000] {processor.py:914} INFO - Processing file /home/airflow/.local/lib/python3.11/site-packages/airflow/example_dags/example_bash_decorator.py for tasks to queue
[2024-11-18T20:50:12.773+0000] {logging_mixin.py:190} INFO - [2024-11-18T20:50:12.772+0000] {dagbag.py:588} INFO - Filling up the DagBag from /home/airflow/.local/lib/python3.11/site-packages/airflow/example_dags/example_bash_decorator.py
[2024-11-18T20:50:12.793+0000] {processor.py:925} INFO - DAG(s) 'example_bash_decorator' retrieved from /home/airflow/.local/lib/python3.11/site-packages/airflow/example_dags/example_bash_decorator.py
[2024-11-18T20:50:12.812+0000] {logging_mixin.py:190} INFO - [2024-11-18T20:50:12.812+0000] {dag.py:3239} INFO - Sync 1 DAGs
[2024-11-18T20:50:12.822+0000] {logging_mixin.py:190} INFO - [2024-11-18T20:50:12.822+0000] {dag.py:4180} INFO - Setting next_dagrun for example_bash_decorator to None, run_after=None
[2024-11-18T20:50:12.836+0000] {processor.py:208} INFO - Processing /home/airflow/.local/lib/python3.11/site-packages/airflow/example_dags/example_bash_decorator.py took 0.095 seconds
[2024-11-18T20:50:43.759+0000] {processor.py:186} INFO - Started process (PID=504) to work on /home/airflow/.local/lib/python3.11/site-packages/airflow/example_dags/example_bash_decorator.py
[2024-11-18T20:50:43.762+0000] {processor.py:914} INFO - Processing file /home/airflow/.local/lib/python3.11/site-packages/airflow/example_dags/example_bash_decorator.py for tasks to queue
[2024-11-18T20:50:43.765+0000] {logging_mixin.py:190} INFO - [2024-11-18T20:50:43.765+0000] {dagbag.py:588} INFO - Filling up the DagBag from /home/airflow/.local/lib/python3.11/site-packages/airflow/example_dags/example_bash_decorator.py
[2024-11-18T20:50:43.786+0000] {processor.py:925} INFO - DAG(s) 'example_bash_decorator' retrieved from /home/airflow/.local/lib/python3.11/site-packages/airflow/example_dags/example_bash_decorator.py
[2024-11-18T20:50:43.809+0000] {logging_mixin.py:190} INFO - [2024-11-18T20:50:43.809+0000] {dag.py:3239} INFO - Sync 1 DAGs
[2024-11-18T20:50:43.820+0000] {logging_mixin.py:190} INFO - [2024-11-18T20:50:43.820+0000] {dag.py:4180} INFO - Setting next_dagrun for example_bash_decorator to None, run_after=None
[2024-11-18T20:50:43.833+0000] {processor.py:208} INFO - Processing /home/airflow/.local/lib/python3.11/site-packages/airflow/example_dags/example_bash_decorator.py took 0.082 seconds
[2024-11-18T20:51:13.989+0000] {processor.py:186} INFO - Started process (PID=567) to work on /home/airflow/.local/lib/python3.11/site-packages/airflow/example_dags/example_bash_decorator.py
[2024-11-18T20:51:13.990+0000] {processor.py:914} INFO - Processing file /home/airflow/.local/lib/python3.11/site-packages/airflow/example_dags/example_bash_decorator.py for tasks to queue
[2024-11-18T20:51:13.991+0000] {logging_mixin.py:190} INFO - [2024-11-18T20:51:13.991+0000] {dagbag.py:588} INFO - Filling up the DagBag from /home/airflow/.local/lib/python3.11/site-packages/airflow/example_dags/example_bash_decorator.py
[2024-11-18T20:51:14.003+0000] {processor.py:925} INFO - DAG(s) 'example_bash_decorator' retrieved from /home/airflow/.local/lib/python3.11/site-packages/airflow/example_dags/example_bash_decorator.py
[2024-11-18T20:51:14.018+0000] {logging_mixin.py:190} INFO - [2024-11-18T20:51:14.017+0000] {dag.py:3239} INFO - Sync 1 DAGs
[2024-11-18T20:51:14.024+0000] {logging_mixin.py:190} INFO - [2024-11-18T20:51:14.024+0000] {dag.py:4180} INFO - Setting next_dagrun for example_bash_decorator to None, run_after=None
[2024-11-18T20:51:14.032+0000] {processor.py:208} INFO - Processing /home/airflow/.local/lib/python3.11/site-packages/airflow/example_dags/example_bash_decorator.py took 0.045 seconds
[2024-11-18T20:51:44.702+0000] {processor.py:186} INFO - Started process (PID=630) to work on /home/airflow/.local/lib/python3.11/site-packages/airflow/example_dags/example_bash_decorator.py
[2024-11-18T20:51:44.703+0000] {processor.py:914} INFO - Processing file /home/airflow/.local/lib/python3.11/site-packages/airflow/example_dags/example_bash_decorator.py for tasks to queue
[2024-11-18T20:51:44.705+0000] {logging_mixin.py:190} INFO - [2024-11-18T20:51:44.705+0000] {dagbag.py:588} INFO - Filling up the DagBag from /home/airflow/.local/lib/python3.11/site-packages/airflow/example_dags/example_bash_decorator.py
[2024-11-18T20:51:44.719+0000] {processor.py:925} INFO - DAG(s) 'example_bash_decorator' retrieved from /home/airflow/.local/lib/python3.11/site-packages/airflow/example_dags/example_bash_decorator.py
[2024-11-18T20:51:44.733+0000] {logging_mixin.py:190} INFO - [2024-11-18T20:51:44.733+0000] {dag.py:3239} INFO - Sync 1 DAGs
[2024-11-18T20:51:44.741+0000] {logging_mixin.py:190} INFO - [2024-11-18T20:51:44.741+0000] {dag.py:4180} INFO - Setting next_dagrun for example_bash_decorator to None, run_after=None
[2024-11-18T20:51:44.751+0000] {processor.py:208} INFO - Processing /home/airflow/.local/lib/python3.11/site-packages/airflow/example_dags/example_bash_decorator.py took 0.051 seconds
[2024-11-18T20:52:16.390+0000] {processor.py:186} INFO - Started process (PID=693) to work on /home/airflow/.local/lib/python3.11/site-packages/airflow/example_dags/example_bash_decorator.py
[2024-11-18T20:52:16.392+0000] {processor.py:914} INFO - Processing file /home/airflow/.local/lib/python3.11/site-packages/airflow/example_dags/example_bash_decorator.py for tasks to queue
[2024-11-18T20:52:16.395+0000] {logging_mixin.py:190} INFO - [2024-11-18T20:52:16.395+0000] {dagbag.py:588} INFO - Filling up the DagBag from /home/airflow/.local/lib/python3.11/site-packages/airflow/example_dags/example_bash_decorator.py
[2024-11-18T20:52:16.409+0000] {processor.py:925} INFO - DAG(s) 'example_bash_decorator' retrieved from /home/airflow/.local/lib/python3.11/site-packages/airflow/example_dags/example_bash_decorator.py
[2024-11-18T20:52:16.426+0000] {logging_mixin.py:190} INFO - [2024-11-18T20:52:16.426+0000] {dag.py:3239} INFO - Sync 1 DAGs
[2024-11-18T20:52:16.436+0000] {logging_mixin.py:190} INFO - [2024-11-18T20:52:16.436+0000] {dag.py:4180} INFO - Setting next_dagrun for example_bash_decorator to None, run_after=None
[2024-11-18T20:52:16.446+0000] {processor.py:208} INFO - Processing /home/airflow/.local/lib/python3.11/site-packages/airflow/example_dags/example_bash_decorator.py took 0.064 seconds
[2024-11-18T20:52:47.046+0000] {processor.py:186} INFO - Started process (PID=755) to work on /home/airflow/.local/lib/python3.11/site-packages/airflow/example_dags/example_bash_decorator.py
[2024-11-18T20:52:47.049+0000] {processor.py:914} INFO - Processing file /home/airflow/.local/lib/python3.11/site-packages/airflow/example_dags/example_bash_decorator.py for tasks to queue
[2024-11-18T20:52:47.052+0000] {logging_mixin.py:190} INFO - [2024-11-18T20:52:47.052+0000] {dagbag.py:588} INFO - Filling up the DagBag from /home/airflow/.local/lib/python3.11/site-packages/airflow/example_dags/example_bash_decorator.py
[2024-11-18T20:52:47.063+0000] {processor.py:925} INFO - DAG(s) 'example_bash_decorator' retrieved from /home/airflow/.local/lib/python3.11/site-packages/airflow/example_dags/example_bash_decorator.py
[2024-11-18T20:52:47.075+0000] {logging_mixin.py:190} INFO - [2024-11-18T20:52:47.075+0000] {dag.py:3239} INFO - Sync 1 DAGs
[2024-11-18T20:52:47.088+0000] {logging_mixin.py:190} INFO - [2024-11-18T20:52:47.088+0000] {dag.py:4180} INFO - Setting next_dagrun for example_bash_decorator to None, run_after=None
[2024-11-18T20:52:47.098+0000] {processor.py:208} INFO - Processing /home/airflow/.local/lib/python3.11/site-packages/airflow/example_dags/example_bash_decorator.py took 0.064 seconds
[2024-11-18T20:53:17.587+0000] {processor.py:186} INFO - Started process (PID=818) to work on /home/airflow/.local/lib/python3.11/site-packages/airflow/example_dags/example_bash_decorator.py
[2024-11-18T20:53:17.588+0000] {processor.py:914} INFO - Processing file /home/airflow/.local/lib/python3.11/site-packages/airflow/example_dags/example_bash_decorator.py for tasks to queue
[2024-11-18T20:53:17.591+0000] {logging_mixin.py:190} INFO - [2024-11-18T20:53:17.590+0000] {dagbag.py:588} INFO - Filling up the DagBag from /home/airflow/.local/lib/python3.11/site-packages/airflow/example_dags/example_bash_decorator.py
[2024-11-18T20:53:17.604+0000] {processor.py:925} INFO - DAG(s) 'example_bash_decorator' retrieved from /home/airflow/.local/lib/python3.11/site-packages/airflow/example_dags/example_bash_decorator.py
[2024-11-18T20:53:17.621+0000] {logging_mixin.py:190} INFO - [2024-11-18T20:53:17.620+0000] {dag.py:3239} INFO - Sync 1 DAGs
[2024-11-18T20:53:17.630+0000] {logging_mixin.py:190} INFO - [2024-11-18T20:53:17.630+0000] {dag.py:4180} INFO - Setting next_dagrun for example_bash_decorator to None, run_after=None
[2024-11-18T20:53:17.642+0000] {processor.py:208} INFO - Processing /home/airflow/.local/lib/python3.11/site-packages/airflow/example_dags/example_bash_decorator.py took 0.066 seconds
[2024-11-18T20:53:47.725+0000] {processor.py:186} INFO - Started process (PID=881) to work on /home/airflow/.local/lib/python3.11/site-packages/airflow/example_dags/example_bash_decorator.py
[2024-11-18T20:53:47.727+0000] {processor.py:914} INFO - Processing file /home/airflow/.local/lib/python3.11/site-packages/airflow/example_dags/example_bash_decorator.py for tasks to queue
[2024-11-18T20:53:47.732+0000] {logging_mixin.py:190} INFO - [2024-11-18T20:53:47.732+0000] {dagbag.py:588} INFO - Filling up the DagBag from /home/airflow/.local/lib/python3.11/site-packages/airflow/example_dags/example_bash_decorator.py
[2024-11-18T20:53:47.753+0000] {processor.py:925} INFO - DAG(s) 'example_bash_decorator' retrieved from /home/airflow/.local/lib/python3.11/site-packages/airflow/example_dags/example_bash_decorator.py
[2024-11-18T20:53:47.785+0000] {logging_mixin.py:190} INFO - [2024-11-18T20:53:47.784+0000] {dag.py:3239} INFO - Sync 1 DAGs
[2024-11-18T20:53:47.825+0000] {logging_mixin.py:190} INFO - [2024-11-18T20:53:47.825+0000] {dag.py:4180} INFO - Setting next_dagrun for example_bash_decorator to None, run_after=None
[2024-11-18T20:53:47.846+0000] {processor.py:208} INFO - Processing /home/airflow/.local/lib/python3.11/site-packages/airflow/example_dags/example_bash_decorator.py took 0.154 seconds
[2024-11-18T20:54:17.915+0000] {processor.py:186} INFO - Started process (PID=944) to work on /home/airflow/.local/lib/python3.11/site-packages/airflow/example_dags/example_bash_decorator.py
[2024-11-18T20:54:17.916+0000] {processor.py:914} INFO - Processing file /home/airflow/.local/lib/python3.11/site-packages/airflow/example_dags/example_bash_decorator.py for tasks to queue
[2024-11-18T20:54:17.919+0000] {logging_mixin.py:190} INFO - [2024-11-18T20:54:17.919+0000] {dagbag.py:588} INFO - Filling up the DagBag from /home/airflow/.local/lib/python3.11/site-packages/airflow/example_dags/example_bash_decorator.py
[2024-11-18T20:54:17.933+0000] {processor.py:925} INFO - DAG(s) 'example_bash_decorator' retrieved from /home/airflow/.local/lib/python3.11/site-packages/airflow/example_dags/example_bash_decorator.py
[2024-11-18T20:54:17.947+0000] {logging_mixin.py:190} INFO - [2024-11-18T20:54:17.947+0000] {dag.py:3239} INFO - Sync 1 DAGs
[2024-11-18T20:54:17.955+0000] {logging_mixin.py:190} INFO - [2024-11-18T20:54:17.954+0000] {dag.py:4180} INFO - Setting next_dagrun for example_bash_decorator to None, run_after=None
[2024-11-18T20:54:17.964+0000] {processor.py:208} INFO - Processing /home/airflow/.local/lib/python3.11/site-packages/airflow/example_dags/example_bash_decorator.py took 0.055 seconds
[2024-11-18T20:54:48.760+0000] {processor.py:186} INFO - Started process (PID=1007) to work on /home/airflow/.local/lib/python3.11/site-packages/airflow/example_dags/example_bash_decorator.py
[2024-11-18T20:54:48.762+0000] {processor.py:914} INFO - Processing file /home/airflow/.local/lib/python3.11/site-packages/airflow/example_dags/example_bash_decorator.py for tasks to queue
[2024-11-18T20:54:48.765+0000] {logging_mixin.py:190} INFO - [2024-11-18T20:54:48.765+0000] {dagbag.py:588} INFO - Filling up the DagBag from /home/airflow/.local/lib/python3.11/site-packages/airflow/example_dags/example_bash_decorator.py
[2024-11-18T20:54:48.780+0000] {processor.py:925} INFO - DAG(s) 'example_bash_decorator' retrieved from /home/airflow/.local/lib/python3.11/site-packages/airflow/example_dags/example_bash_decorator.py
[2024-11-18T20:54:48.795+0000] {logging_mixin.py:190} INFO - [2024-11-18T20:54:48.795+0000] {dag.py:3239} INFO - Sync 1 DAGs
[2024-11-18T20:54:48.803+0000] {logging_mixin.py:190} INFO - [2024-11-18T20:54:48.803+0000] {dag.py:4180} INFO - Setting next_dagrun for example_bash_decorator to None, run_after=None
[2024-11-18T20:54:48.812+0000] {processor.py:208} INFO - Processing /home/airflow/.local/lib/python3.11/site-packages/airflow/example_dags/example_bash_decorator.py took 0.061 seconds
[2024-11-18T20:55:19.632+0000] {processor.py:186} INFO - Started process (PID=1070) to work on /home/airflow/.local/lib/python3.11/site-packages/airflow/example_dags/example_bash_decorator.py
[2024-11-18T20:55:19.635+0000] {processor.py:914} INFO - Processing file /home/airflow/.local/lib/python3.11/site-packages/airflow/example_dags/example_bash_decorator.py for tasks to queue
[2024-11-18T20:55:19.638+0000] {logging_mixin.py:190} INFO - [2024-11-18T20:55:19.638+0000] {dagbag.py:588} INFO - Filling up the DagBag from /home/airflow/.local/lib/python3.11/site-packages/airflow/example_dags/example_bash_decorator.py
[2024-11-18T20:55:19.657+0000] {processor.py:925} INFO - DAG(s) 'example_bash_decorator' retrieved from /home/airflow/.local/lib/python3.11/site-packages/airflow/example_dags/example_bash_decorator.py
[2024-11-18T20:55:19.686+0000] {logging_mixin.py:190} INFO - [2024-11-18T20:55:19.686+0000] {dag.py:3239} INFO - Sync 1 DAGs
[2024-11-18T20:55:19.697+0000] {logging_mixin.py:190} INFO - [2024-11-18T20:55:19.697+0000] {dag.py:4180} INFO - Setting next_dagrun for example_bash_decorator to None, run_after=None
[2024-11-18T20:55:19.712+0000] {processor.py:208} INFO - Processing /home/airflow/.local/lib/python3.11/site-packages/airflow/example_dags/example_bash_decorator.py took 0.096 seconds
[2024-11-18T20:55:50.079+0000] {processor.py:186} INFO - Started process (PID=1133) to work on /home/airflow/.local/lib/python3.11/site-packages/airflow/example_dags/example_bash_decorator.py
[2024-11-18T20:55:50.080+0000] {processor.py:914} INFO - Processing file /home/airflow/.local/lib/python3.11/site-packages/airflow/example_dags/example_bash_decorator.py for tasks to queue
[2024-11-18T20:55:50.083+0000] {logging_mixin.py:190} INFO - [2024-11-18T20:55:50.082+0000] {dagbag.py:588} INFO - Filling up the DagBag from /home/airflow/.local/lib/python3.11/site-packages/airflow/example_dags/example_bash_decorator.py
[2024-11-18T20:55:50.096+0000] {processor.py:925} INFO - DAG(s) 'example_bash_decorator' retrieved from /home/airflow/.local/lib/python3.11/site-packages/airflow/example_dags/example_bash_decorator.py
[2024-11-18T20:55:50.110+0000] {logging_mixin.py:190} INFO - [2024-11-18T20:55:50.110+0000] {dag.py:3239} INFO - Sync 1 DAGs
[2024-11-18T20:55:50.118+0000] {logging_mixin.py:190} INFO - [2024-11-18T20:55:50.118+0000] {dag.py:4180} INFO - Setting next_dagrun for example_bash_decorator to None, run_after=None
[2024-11-18T20:55:50.128+0000] {processor.py:208} INFO - Processing /home/airflow/.local/lib/python3.11/site-packages/airflow/example_dags/example_bash_decorator.py took 0.061 seconds
[2024-11-18T20:56:20.879+0000] {processor.py:186} INFO - Started process (PID=1196) to work on /home/airflow/.local/lib/python3.11/site-packages/airflow/example_dags/example_bash_decorator.py
[2024-11-18T20:56:20.881+0000] {processor.py:914} INFO - Processing file /home/airflow/.local/lib/python3.11/site-packages/airflow/example_dags/example_bash_decorator.py for tasks to queue
[2024-11-18T20:56:20.885+0000] {logging_mixin.py:190} INFO - [2024-11-18T20:56:20.885+0000] {dagbag.py:588} INFO - Filling up the DagBag from /home/airflow/.local/lib/python3.11/site-packages/airflow/example_dags/example_bash_decorator.py
[2024-11-18T20:56:20.925+0000] {processor.py:925} INFO - DAG(s) 'example_bash_decorator' retrieved from /home/airflow/.local/lib/python3.11/site-packages/airflow/example_dags/example_bash_decorator.py
[2024-11-18T20:56:20.952+0000] {logging_mixin.py:190} INFO - [2024-11-18T20:56:20.952+0000] {dag.py:3239} INFO - Sync 1 DAGs
[2024-11-18T20:56:20.965+0000] {logging_mixin.py:190} INFO - [2024-11-18T20:56:20.965+0000] {dag.py:4180} INFO - Setting next_dagrun for example_bash_decorator to None, run_after=None
[2024-11-18T20:56:20.987+0000] {processor.py:208} INFO - Processing /home/airflow/.local/lib/python3.11/site-packages/airflow/example_dags/example_bash_decorator.py took 0.133 seconds
[2024-11-18T20:56:51.420+0000] {processor.py:186} INFO - Started process (PID=1259) to work on /home/airflow/.local/lib/python3.11/site-packages/airflow/example_dags/example_bash_decorator.py
[2024-11-18T20:56:51.421+0000] {processor.py:914} INFO - Processing file /home/airflow/.local/lib/python3.11/site-packages/airflow/example_dags/example_bash_decorator.py for tasks to queue
[2024-11-18T20:56:51.424+0000] {logging_mixin.py:190} INFO - [2024-11-18T20:56:51.423+0000] {dagbag.py:588} INFO - Filling up the DagBag from /home/airflow/.local/lib/python3.11/site-packages/airflow/example_dags/example_bash_decorator.py
[2024-11-18T20:56:51.453+0000] {processor.py:925} INFO - DAG(s) 'example_bash_decorator' retrieved from /home/airflow/.local/lib/python3.11/site-packages/airflow/example_dags/example_bash_decorator.py
[2024-11-18T20:56:51.479+0000] {logging_mixin.py:190} INFO - [2024-11-18T20:56:51.479+0000] {dag.py:3239} INFO - Sync 1 DAGs
[2024-11-18T20:56:51.489+0000] {logging_mixin.py:190} INFO - [2024-11-18T20:56:51.489+0000] {dag.py:4180} INFO - Setting next_dagrun for example_bash_decorator to None, run_after=None
[2024-11-18T20:56:51.499+0000] {processor.py:208} INFO - Processing /home/airflow/.local/lib/python3.11/site-packages/airflow/example_dags/example_bash_decorator.py took 0.089 seconds
[2024-11-18T20:57:22.349+0000] {processor.py:186} INFO - Started process (PID=1322) to work on /home/airflow/.local/lib/python3.11/site-packages/airflow/example_dags/example_bash_decorator.py
[2024-11-18T20:57:22.353+0000] {processor.py:914} INFO - Processing file /home/airflow/.local/lib/python3.11/site-packages/airflow/example_dags/example_bash_decorator.py for tasks to queue
[2024-11-18T20:57:22.354+0000] {logging_mixin.py:190} INFO - [2024-11-18T20:57:22.354+0000] {dagbag.py:588} INFO - Filling up the DagBag from /home/airflow/.local/lib/python3.11/site-packages/airflow/example_dags/example_bash_decorator.py
[2024-11-18T20:57:22.365+0000] {processor.py:925} INFO - DAG(s) 'example_bash_decorator' retrieved from /home/airflow/.local/lib/python3.11/site-packages/airflow/example_dags/example_bash_decorator.py
[2024-11-18T20:57:22.387+0000] {logging_mixin.py:190} INFO - [2024-11-18T20:57:22.387+0000] {dag.py:3239} INFO - Sync 1 DAGs
[2024-11-18T20:57:22.399+0000] {logging_mixin.py:190} INFO - [2024-11-18T20:57:22.399+0000] {dag.py:4180} INFO - Setting next_dagrun for example_bash_decorator to None, run_after=None
[2024-11-18T20:57:22.408+0000] {processor.py:208} INFO - Processing /home/airflow/.local/lib/python3.11/site-packages/airflow/example_dags/example_bash_decorator.py took 0.066 seconds
[2024-11-18T20:57:52.736+0000] {processor.py:186} INFO - Started process (PID=1385) to work on /home/airflow/.local/lib/python3.11/site-packages/airflow/example_dags/example_bash_decorator.py
[2024-11-18T20:57:52.740+0000] {processor.py:914} INFO - Processing file /home/airflow/.local/lib/python3.11/site-packages/airflow/example_dags/example_bash_decorator.py for tasks to queue
[2024-11-18T20:57:52.743+0000] {logging_mixin.py:190} INFO - [2024-11-18T20:57:52.742+0000] {dagbag.py:588} INFO - Filling up the DagBag from /home/airflow/.local/lib/python3.11/site-packages/airflow/example_dags/example_bash_decorator.py
[2024-11-18T20:57:52.759+0000] {processor.py:925} INFO - DAG(s) 'example_bash_decorator' retrieved from /home/airflow/.local/lib/python3.11/site-packages/airflow/example_dags/example_bash_decorator.py
[2024-11-18T20:57:52.796+0000] {logging_mixin.py:190} INFO - [2024-11-18T20:57:52.796+0000] {dag.py:3239} INFO - Sync 1 DAGs
[2024-11-18T20:57:52.808+0000] {logging_mixin.py:190} INFO - [2024-11-18T20:57:52.808+0000] {dag.py:4180} INFO - Setting next_dagrun for example_bash_decorator to None, run_after=None
[2024-11-18T20:57:52.819+0000] {processor.py:208} INFO - Processing /home/airflow/.local/lib/python3.11/site-packages/airflow/example_dags/example_bash_decorator.py took 0.093 seconds
[2024-11-18T20:58:23.561+0000] {processor.py:186} INFO - Started process (PID=1448) to work on /home/airflow/.local/lib/python3.11/site-packages/airflow/example_dags/example_bash_decorator.py
[2024-11-18T20:58:23.562+0000] {processor.py:914} INFO - Processing file /home/airflow/.local/lib/python3.11/site-packages/airflow/example_dags/example_bash_decorator.py for tasks to queue
[2024-11-18T20:58:23.565+0000] {logging_mixin.py:190} INFO - [2024-11-18T20:58:23.565+0000] {dagbag.py:588} INFO - Filling up the DagBag from /home/airflow/.local/lib/python3.11/site-packages/airflow/example_dags/example_bash_decorator.py
[2024-11-18T20:58:23.582+0000] {processor.py:925} INFO - DAG(s) 'example_bash_decorator' retrieved from /home/airflow/.local/lib/python3.11/site-packages/airflow/example_dags/example_bash_decorator.py
[2024-11-18T20:58:23.603+0000] {logging_mixin.py:190} INFO - [2024-11-18T20:58:23.602+0000] {dag.py:3239} INFO - Sync 1 DAGs
[2024-11-18T20:58:23.617+0000] {logging_mixin.py:190} INFO - [2024-11-18T20:58:23.617+0000] {dag.py:4180} INFO - Setting next_dagrun for example_bash_decorator to None, run_after=None
[2024-11-18T20:58:23.647+0000] {processor.py:208} INFO - Processing /home/airflow/.local/lib/python3.11/site-packages/airflow/example_dags/example_bash_decorator.py took 0.095 seconds
[2024-11-18T20:58:54.437+0000] {processor.py:186} INFO - Started process (PID=1511) to work on /home/airflow/.local/lib/python3.11/site-packages/airflow/example_dags/example_bash_decorator.py
[2024-11-18T20:58:54.438+0000] {processor.py:914} INFO - Processing file /home/airflow/.local/lib/python3.11/site-packages/airflow/example_dags/example_bash_decorator.py for tasks to queue
[2024-11-18T20:58:54.441+0000] {logging_mixin.py:190} INFO - [2024-11-18T20:58:54.441+0000] {dagbag.py:588} INFO - Filling up the DagBag from /home/airflow/.local/lib/python3.11/site-packages/airflow/example_dags/example_bash_decorator.py
[2024-11-18T20:58:54.458+0000] {processor.py:925} INFO - DAG(s) 'example_bash_decorator' retrieved from /home/airflow/.local/lib/python3.11/site-packages/airflow/example_dags/example_bash_decorator.py
[2024-11-18T20:58:54.474+0000] {logging_mixin.py:190} INFO - [2024-11-18T20:58:54.474+0000] {dag.py:3239} INFO - Sync 1 DAGs
[2024-11-18T20:58:54.486+0000] {logging_mixin.py:190} INFO - [2024-11-18T20:58:54.485+0000] {dag.py:4180} INFO - Setting next_dagrun for example_bash_decorator to None, run_after=None
[2024-11-18T20:58:54.497+0000] {processor.py:208} INFO - Processing /home/airflow/.local/lib/python3.11/site-packages/airflow/example_dags/example_bash_decorator.py took 0.069 seconds
[2024-11-18T20:59:25.075+0000] {processor.py:186} INFO - Started process (PID=1574) to work on /home/airflow/.local/lib/python3.11/site-packages/airflow/example_dags/example_bash_decorator.py
[2024-11-18T20:59:25.076+0000] {processor.py:914} INFO - Processing file /home/airflow/.local/lib/python3.11/site-packages/airflow/example_dags/example_bash_decorator.py for tasks to queue
[2024-11-18T20:59:25.081+0000] {logging_mixin.py:190} INFO - [2024-11-18T20:59:25.080+0000] {dagbag.py:588} INFO - Filling up the DagBag from /home/airflow/.local/lib/python3.11/site-packages/airflow/example_dags/example_bash_decorator.py
[2024-11-18T20:59:25.106+0000] {processor.py:925} INFO - DAG(s) 'example_bash_decorator' retrieved from /home/airflow/.local/lib/python3.11/site-packages/airflow/example_dags/example_bash_decorator.py
[2024-11-18T20:59:25.125+0000] {logging_mixin.py:190} INFO - [2024-11-18T20:59:25.125+0000] {dag.py:3239} INFO - Sync 1 DAGs
[2024-11-18T20:59:25.133+0000] {logging_mixin.py:190} INFO - [2024-11-18T20:59:25.133+0000] {dag.py:4180} INFO - Setting next_dagrun for example_bash_decorator to None, run_after=None
[2024-11-18T20:59:25.141+0000] {processor.py:208} INFO - Processing /home/airflow/.local/lib/python3.11/site-packages/airflow/example_dags/example_bash_decorator.py took 0.073 seconds
[2024-11-18T20:59:55.452+0000] {processor.py:186} INFO - Started process (PID=1637) to work on /home/airflow/.local/lib/python3.11/site-packages/airflow/example_dags/example_bash_decorator.py
[2024-11-18T20:59:55.455+0000] {processor.py:914} INFO - Processing file /home/airflow/.local/lib/python3.11/site-packages/airflow/example_dags/example_bash_decorator.py for tasks to queue
[2024-11-18T20:59:55.459+0000] {logging_mixin.py:190} INFO - [2024-11-18T20:59:55.458+0000] {dagbag.py:588} INFO - Filling up the DagBag from /home/airflow/.local/lib/python3.11/site-packages/airflow/example_dags/example_bash_decorator.py
[2024-11-18T20:59:55.497+0000] {processor.py:925} INFO - DAG(s) 'example_bash_decorator' retrieved from /home/airflow/.local/lib/python3.11/site-packages/airflow/example_dags/example_bash_decorator.py
[2024-11-18T20:59:55.543+0000] {logging_mixin.py:190} INFO - [2024-11-18T20:59:55.543+0000] {dag.py:3239} INFO - Sync 1 DAGs
[2024-11-18T20:59:55.590+0000] {logging_mixin.py:190} INFO - [2024-11-18T20:59:55.590+0000] {dag.py:4180} INFO - Setting next_dagrun for example_bash_decorator to None, run_after=None
[2024-11-18T20:59:55.611+0000] {processor.py:208} INFO - Processing /home/airflow/.local/lib/python3.11/site-packages/airflow/example_dags/example_bash_decorator.py took 0.179 seconds
[2024-11-18T21:00:27.328+0000] {processor.py:186} INFO - Started process (PID=1707) to work on /home/airflow/.local/lib/python3.11/site-packages/airflow/example_dags/example_bash_decorator.py
[2024-11-18T21:00:27.330+0000] {processor.py:914} INFO - Processing file /home/airflow/.local/lib/python3.11/site-packages/airflow/example_dags/example_bash_decorator.py for tasks to queue
[2024-11-18T21:00:27.331+0000] {logging_mixin.py:190} INFO - [2024-11-18T21:00:27.331+0000] {dagbag.py:588} INFO - Filling up the DagBag from /home/airflow/.local/lib/python3.11/site-packages/airflow/example_dags/example_bash_decorator.py
[2024-11-18T21:00:27.342+0000] {processor.py:925} INFO - DAG(s) 'example_bash_decorator' retrieved from /home/airflow/.local/lib/python3.11/site-packages/airflow/example_dags/example_bash_decorator.py
[2024-11-18T21:00:27.365+0000] {logging_mixin.py:190} INFO - [2024-11-18T21:00:27.364+0000] {dag.py:3239} INFO - Sync 1 DAGs
[2024-11-18T21:00:27.375+0000] {logging_mixin.py:190} INFO - [2024-11-18T21:00:27.375+0000] {dag.py:4180} INFO - Setting next_dagrun for example_bash_decorator to None, run_after=None
[2024-11-18T21:00:27.455+0000] {processor.py:208} INFO - Processing /home/airflow/.local/lib/python3.11/site-packages/airflow/example_dags/example_bash_decorator.py took 0.131 seconds
[2024-11-18T21:00:58.350+0000] {processor.py:186} INFO - Started process (PID=1770) to work on /home/airflow/.local/lib/python3.11/site-packages/airflow/example_dags/example_bash_decorator.py
[2024-11-18T21:00:58.352+0000] {processor.py:914} INFO - Processing file /home/airflow/.local/lib/python3.11/site-packages/airflow/example_dags/example_bash_decorator.py for tasks to queue
[2024-11-18T21:00:58.353+0000] {logging_mixin.py:190} INFO - [2024-11-18T21:00:58.353+0000] {dagbag.py:588} INFO - Filling up the DagBag from /home/airflow/.local/lib/python3.11/site-packages/airflow/example_dags/example_bash_decorator.py
[2024-11-18T21:00:58.365+0000] {processor.py:925} INFO - DAG(s) 'example_bash_decorator' retrieved from /home/airflow/.local/lib/python3.11/site-packages/airflow/example_dags/example_bash_decorator.py
[2024-11-18T21:00:58.390+0000] {logging_mixin.py:190} INFO - [2024-11-18T21:00:58.390+0000] {dag.py:3239} INFO - Sync 1 DAGs
[2024-11-18T21:00:58.398+0000] {logging_mixin.py:190} INFO - [2024-11-18T21:00:58.398+0000] {dag.py:4180} INFO - Setting next_dagrun for example_bash_decorator to None, run_after=None
[2024-11-18T21:00:58.406+0000] {processor.py:208} INFO - Processing /home/airflow/.local/lib/python3.11/site-packages/airflow/example_dags/example_bash_decorator.py took 0.060 seconds
[2024-11-18T21:01:28.557+0000] {processor.py:186} INFO - Started process (PID=1832) to work on /home/airflow/.local/lib/python3.11/site-packages/airflow/example_dags/example_bash_decorator.py
[2024-11-18T21:01:28.559+0000] {processor.py:914} INFO - Processing file /home/airflow/.local/lib/python3.11/site-packages/airflow/example_dags/example_bash_decorator.py for tasks to queue
[2024-11-18T21:01:28.561+0000] {logging_mixin.py:190} INFO - [2024-11-18T21:01:28.560+0000] {dagbag.py:588} INFO - Filling up the DagBag from /home/airflow/.local/lib/python3.11/site-packages/airflow/example_dags/example_bash_decorator.py
[2024-11-18T21:01:28.571+0000] {processor.py:925} INFO - DAG(s) 'example_bash_decorator' retrieved from /home/airflow/.local/lib/python3.11/site-packages/airflow/example_dags/example_bash_decorator.py
[2024-11-18T21:01:28.585+0000] {logging_mixin.py:190} INFO - [2024-11-18T21:01:28.585+0000] {dag.py:3239} INFO - Sync 1 DAGs
[2024-11-18T21:01:28.592+0000] {logging_mixin.py:190} INFO - [2024-11-18T21:01:28.592+0000] {dag.py:4180} INFO - Setting next_dagrun for example_bash_decorator to None, run_after=None
[2024-11-18T21:01:28.600+0000] {processor.py:208} INFO - Processing /home/airflow/.local/lib/python3.11/site-packages/airflow/example_dags/example_bash_decorator.py took 0.051 seconds
[2024-11-18T21:02:03.143+0000] {processor.py:186} INFO - Started process (PID=1896) to work on /home/airflow/.local/lib/python3.11/site-packages/airflow/example_dags/example_bash_decorator.py
[2024-11-18T21:02:03.144+0000] {processor.py:914} INFO - Processing file /home/airflow/.local/lib/python3.11/site-packages/airflow/example_dags/example_bash_decorator.py for tasks to queue
[2024-11-18T21:02:03.148+0000] {logging_mixin.py:190} INFO - [2024-11-18T21:02:03.147+0000] {dagbag.py:588} INFO - Filling up the DagBag from /home/airflow/.local/lib/python3.11/site-packages/airflow/example_dags/example_bash_decorator.py
[2024-11-18T21:02:03.183+0000] {processor.py:925} INFO - DAG(s) 'example_bash_decorator' retrieved from /home/airflow/.local/lib/python3.11/site-packages/airflow/example_dags/example_bash_decorator.py
[2024-11-18T21:02:03.244+0000] {logging_mixin.py:190} INFO - [2024-11-18T21:02:03.243+0000] {dag.py:3239} INFO - Sync 1 DAGs
[2024-11-18T21:02:03.291+0000] {logging_mixin.py:190} INFO - [2024-11-18T21:02:03.291+0000] {dag.py:4180} INFO - Setting next_dagrun for example_bash_decorator to None, run_after=None
[2024-11-18T21:02:03.342+0000] {processor.py:208} INFO - Processing /home/airflow/.local/lib/python3.11/site-packages/airflow/example_dags/example_bash_decorator.py took 0.211 seconds
[2024-11-18T21:02:35.055+0000] {processor.py:186} INFO - Started process (PID=1959) to work on /home/airflow/.local/lib/python3.11/site-packages/airflow/example_dags/example_bash_decorator.py
[2024-11-18T21:02:35.059+0000] {processor.py:914} INFO - Processing file /home/airflow/.local/lib/python3.11/site-packages/airflow/example_dags/example_bash_decorator.py for tasks to queue
[2024-11-18T21:02:35.069+0000] {logging_mixin.py:190} INFO - [2024-11-18T21:02:35.068+0000] {dagbag.py:588} INFO - Filling up the DagBag from /home/airflow/.local/lib/python3.11/site-packages/airflow/example_dags/example_bash_decorator.py
[2024-11-18T21:02:35.096+0000] {processor.py:925} INFO - DAG(s) 'example_bash_decorator' retrieved from /home/airflow/.local/lib/python3.11/site-packages/airflow/example_dags/example_bash_decorator.py
[2024-11-18T21:02:35.124+0000] {logging_mixin.py:190} INFO - [2024-11-18T21:02:35.124+0000] {dag.py:3239} INFO - Sync 1 DAGs
[2024-11-18T21:02:35.146+0000] {logging_mixin.py:190} INFO - [2024-11-18T21:02:35.146+0000] {dag.py:4180} INFO - Setting next_dagrun for example_bash_decorator to None, run_after=None
[2024-11-18T21:02:35.172+0000] {processor.py:208} INFO - Processing /home/airflow/.local/lib/python3.11/site-packages/airflow/example_dags/example_bash_decorator.py took 0.122 seconds
[2024-11-18T21:03:06.039+0000] {processor.py:186} INFO - Started process (PID=2022) to work on /home/airflow/.local/lib/python3.11/site-packages/airflow/example_dags/example_bash_decorator.py
[2024-11-18T21:03:06.042+0000] {processor.py:914} INFO - Processing file /home/airflow/.local/lib/python3.11/site-packages/airflow/example_dags/example_bash_decorator.py for tasks to queue
[2024-11-18T21:03:06.046+0000] {logging_mixin.py:190} INFO - [2024-11-18T21:03:06.045+0000] {dagbag.py:588} INFO - Filling up the DagBag from /home/airflow/.local/lib/python3.11/site-packages/airflow/example_dags/example_bash_decorator.py
[2024-11-18T21:03:06.068+0000] {processor.py:925} INFO - DAG(s) 'example_bash_decorator' retrieved from /home/airflow/.local/lib/python3.11/site-packages/airflow/example_dags/example_bash_decorator.py
[2024-11-18T21:03:06.085+0000] {logging_mixin.py:190} INFO - [2024-11-18T21:03:06.085+0000] {dag.py:3239} INFO - Sync 1 DAGs
[2024-11-18T21:03:06.094+0000] {logging_mixin.py:190} INFO - [2024-11-18T21:03:06.093+0000] {dag.py:4180} INFO - Setting next_dagrun for example_bash_decorator to None, run_after=None
[2024-11-18T21:03:06.105+0000] {processor.py:208} INFO - Processing /home/airflow/.local/lib/python3.11/site-packages/airflow/example_dags/example_bash_decorator.py took 0.073 seconds
[2024-11-18T21:03:37.083+0000] {processor.py:186} INFO - Started process (PID=2085) to work on /home/airflow/.local/lib/python3.11/site-packages/airflow/example_dags/example_bash_decorator.py
[2024-11-18T21:03:37.084+0000] {processor.py:914} INFO - Processing file /home/airflow/.local/lib/python3.11/site-packages/airflow/example_dags/example_bash_decorator.py for tasks to queue
[2024-11-18T21:03:37.085+0000] {logging_mixin.py:190} INFO - [2024-11-18T21:03:37.085+0000] {dagbag.py:588} INFO - Filling up the DagBag from /home/airflow/.local/lib/python3.11/site-packages/airflow/example_dags/example_bash_decorator.py
[2024-11-18T21:03:37.095+0000] {processor.py:925} INFO - DAG(s) 'example_bash_decorator' retrieved from /home/airflow/.local/lib/python3.11/site-packages/airflow/example_dags/example_bash_decorator.py
[2024-11-18T21:03:37.117+0000] {logging_mixin.py:190} INFO - [2024-11-18T21:03:37.117+0000] {dag.py:3239} INFO - Sync 1 DAGs
[2024-11-18T21:03:37.129+0000] {logging_mixin.py:190} INFO - [2024-11-18T21:03:37.129+0000] {dag.py:4180} INFO - Setting next_dagrun for example_bash_decorator to None, run_after=None
[2024-11-18T21:03:37.142+0000] {processor.py:208} INFO - Processing /home/airflow/.local/lib/python3.11/site-packages/airflow/example_dags/example_bash_decorator.py took 0.063 seconds
[2024-11-18T21:04:07.318+0000] {processor.py:186} INFO - Started process (PID=2148) to work on /home/airflow/.local/lib/python3.11/site-packages/airflow/example_dags/example_bash_decorator.py
[2024-11-18T21:04:07.319+0000] {processor.py:914} INFO - Processing file /home/airflow/.local/lib/python3.11/site-packages/airflow/example_dags/example_bash_decorator.py for tasks to queue
[2024-11-18T21:04:07.321+0000] {logging_mixin.py:190} INFO - [2024-11-18T21:04:07.321+0000] {dagbag.py:588} INFO - Filling up the DagBag from /home/airflow/.local/lib/python3.11/site-packages/airflow/example_dags/example_bash_decorator.py
[2024-11-18T21:04:07.332+0000] {processor.py:925} INFO - DAG(s) 'example_bash_decorator' retrieved from /home/airflow/.local/lib/python3.11/site-packages/airflow/example_dags/example_bash_decorator.py
[2024-11-18T21:04:07.346+0000] {logging_mixin.py:190} INFO - [2024-11-18T21:04:07.346+0000] {dag.py:3239} INFO - Sync 1 DAGs
[2024-11-18T21:04:07.354+0000] {logging_mixin.py:190} INFO - [2024-11-18T21:04:07.353+0000] {dag.py:4180} INFO - Setting next_dagrun for example_bash_decorator to None, run_after=None
[2024-11-18T21:04:07.364+0000] {processor.py:208} INFO - Processing /home/airflow/.local/lib/python3.11/site-packages/airflow/example_dags/example_bash_decorator.py took 0.051 seconds
[2024-11-18T21:04:38.328+0000] {processor.py:186} INFO - Started process (PID=2211) to work on /home/airflow/.local/lib/python3.11/site-packages/airflow/example_dags/example_bash_decorator.py
[2024-11-18T21:04:38.331+0000] {processor.py:914} INFO - Processing file /home/airflow/.local/lib/python3.11/site-packages/airflow/example_dags/example_bash_decorator.py for tasks to queue
[2024-11-18T21:04:38.333+0000] {logging_mixin.py:190} INFO - [2024-11-18T21:04:38.333+0000] {dagbag.py:588} INFO - Filling up the DagBag from /home/airflow/.local/lib/python3.11/site-packages/airflow/example_dags/example_bash_decorator.py
[2024-11-18T21:04:38.347+0000] {processor.py:925} INFO - DAG(s) 'example_bash_decorator' retrieved from /home/airflow/.local/lib/python3.11/site-packages/airflow/example_dags/example_bash_decorator.py
[2024-11-18T21:04:38.365+0000] {logging_mixin.py:190} INFO - [2024-11-18T21:04:38.365+0000] {dag.py:3239} INFO - Sync 1 DAGs
[2024-11-18T21:04:38.375+0000] {logging_mixin.py:190} INFO - [2024-11-18T21:04:38.375+0000] {dag.py:4180} INFO - Setting next_dagrun for example_bash_decorator to None, run_after=None
[2024-11-18T21:04:38.396+0000] {processor.py:208} INFO - Processing /home/airflow/.local/lib/python3.11/site-packages/airflow/example_dags/example_bash_decorator.py took 0.074 seconds
[2024-11-18T21:05:08.740+0000] {processor.py:186} INFO - Started process (PID=2274) to work on /home/airflow/.local/lib/python3.11/site-packages/airflow/example_dags/example_bash_decorator.py
[2024-11-18T21:05:08.741+0000] {processor.py:914} INFO - Processing file /home/airflow/.local/lib/python3.11/site-packages/airflow/example_dags/example_bash_decorator.py for tasks to queue
[2024-11-18T21:05:08.742+0000] {logging_mixin.py:190} INFO - [2024-11-18T21:05:08.742+0000] {dagbag.py:588} INFO - Filling up the DagBag from /home/airflow/.local/lib/python3.11/site-packages/airflow/example_dags/example_bash_decorator.py
[2024-11-18T21:05:08.753+0000] {processor.py:925} INFO - DAG(s) 'example_bash_decorator' retrieved from /home/airflow/.local/lib/python3.11/site-packages/airflow/example_dags/example_bash_decorator.py
[2024-11-18T21:05:08.768+0000] {logging_mixin.py:190} INFO - [2024-11-18T21:05:08.768+0000] {dag.py:3239} INFO - Sync 1 DAGs
[2024-11-18T21:05:08.777+0000] {logging_mixin.py:190} INFO - [2024-11-18T21:05:08.777+0000] {dag.py:4180} INFO - Setting next_dagrun for example_bash_decorator to None, run_after=None
[2024-11-18T21:05:08.803+0000] {processor.py:208} INFO - Processing /home/airflow/.local/lib/python3.11/site-packages/airflow/example_dags/example_bash_decorator.py took 0.069 seconds
[2024-11-18T21:05:39.299+0000] {processor.py:186} INFO - Started process (PID=2336) to work on /home/airflow/.local/lib/python3.11/site-packages/airflow/example_dags/example_bash_decorator.py
[2024-11-18T21:05:39.302+0000] {processor.py:914} INFO - Processing file /home/airflow/.local/lib/python3.11/site-packages/airflow/example_dags/example_bash_decorator.py for tasks to queue
[2024-11-18T21:05:39.305+0000] {logging_mixin.py:190} INFO - [2024-11-18T21:05:39.305+0000] {dagbag.py:588} INFO - Filling up the DagBag from /home/airflow/.local/lib/python3.11/site-packages/airflow/example_dags/example_bash_decorator.py
[2024-11-18T21:05:39.319+0000] {processor.py:925} INFO - DAG(s) 'example_bash_decorator' retrieved from /home/airflow/.local/lib/python3.11/site-packages/airflow/example_dags/example_bash_decorator.py
[2024-11-18T21:05:39.341+0000] {logging_mixin.py:190} INFO - [2024-11-18T21:05:39.341+0000] {dag.py:3239} INFO - Sync 1 DAGs
[2024-11-18T21:05:39.353+0000] {logging_mixin.py:190} INFO - [2024-11-18T21:05:39.353+0000] {dag.py:4180} INFO - Setting next_dagrun for example_bash_decorator to None, run_after=None
[2024-11-18T21:05:39.367+0000] {processor.py:208} INFO - Processing /home/airflow/.local/lib/python3.11/site-packages/airflow/example_dags/example_bash_decorator.py took 0.074 seconds
[2024-11-18T21:06:10.344+0000] {processor.py:186} INFO - Started process (PID=2399) to work on /home/airflow/.local/lib/python3.11/site-packages/airflow/example_dags/example_bash_decorator.py
[2024-11-18T21:06:10.345+0000] {processor.py:914} INFO - Processing file /home/airflow/.local/lib/python3.11/site-packages/airflow/example_dags/example_bash_decorator.py for tasks to queue
[2024-11-18T21:06:10.347+0000] {logging_mixin.py:190} INFO - [2024-11-18T21:06:10.346+0000] {dagbag.py:588} INFO - Filling up the DagBag from /home/airflow/.local/lib/python3.11/site-packages/airflow/example_dags/example_bash_decorator.py
[2024-11-18T21:06:10.355+0000] {processor.py:925} INFO - DAG(s) 'example_bash_decorator' retrieved from /home/airflow/.local/lib/python3.11/site-packages/airflow/example_dags/example_bash_decorator.py
[2024-11-18T21:06:10.370+0000] {logging_mixin.py:190} INFO - [2024-11-18T21:06:10.370+0000] {dag.py:3239} INFO - Sync 1 DAGs
[2024-11-18T21:06:10.377+0000] {logging_mixin.py:190} INFO - [2024-11-18T21:06:10.377+0000] {dag.py:4180} INFO - Setting next_dagrun for example_bash_decorator to None, run_after=None
[2024-11-18T21:06:10.386+0000] {processor.py:208} INFO - Processing /home/airflow/.local/lib/python3.11/site-packages/airflow/example_dags/example_bash_decorator.py took 0.046 seconds
[2024-11-18T21:06:41.538+0000] {processor.py:186} INFO - Started process (PID=2462) to work on /home/airflow/.local/lib/python3.11/site-packages/airflow/example_dags/example_bash_decorator.py
[2024-11-18T21:06:41.539+0000] {processor.py:914} INFO - Processing file /home/airflow/.local/lib/python3.11/site-packages/airflow/example_dags/example_bash_decorator.py for tasks to queue
[2024-11-18T21:06:41.540+0000] {logging_mixin.py:190} INFO - [2024-11-18T21:06:41.540+0000] {dagbag.py:588} INFO - Filling up the DagBag from /home/airflow/.local/lib/python3.11/site-packages/airflow/example_dags/example_bash_decorator.py
[2024-11-18T21:06:41.551+0000] {processor.py:925} INFO - DAG(s) 'example_bash_decorator' retrieved from /home/airflow/.local/lib/python3.11/site-packages/airflow/example_dags/example_bash_decorator.py
[2024-11-18T21:06:41.566+0000] {logging_mixin.py:190} INFO - [2024-11-18T21:06:41.566+0000] {dag.py:3239} INFO - Sync 1 DAGs
[2024-11-18T21:06:41.578+0000] {logging_mixin.py:190} INFO - [2024-11-18T21:06:41.578+0000] {dag.py:4180} INFO - Setting next_dagrun for example_bash_decorator to None, run_after=None
[2024-11-18T21:06:41.595+0000] {processor.py:208} INFO - Processing /home/airflow/.local/lib/python3.11/site-packages/airflow/example_dags/example_bash_decorator.py took 0.062 seconds
[2024-11-18T21:07:11.758+0000] {processor.py:186} INFO - Started process (PID=2524) to work on /home/airflow/.local/lib/python3.11/site-packages/airflow/example_dags/example_bash_decorator.py
[2024-11-18T21:07:11.759+0000] {processor.py:914} INFO - Processing file /home/airflow/.local/lib/python3.11/site-packages/airflow/example_dags/example_bash_decorator.py for tasks to queue
[2024-11-18T21:07:11.760+0000] {logging_mixin.py:190} INFO - [2024-11-18T21:07:11.760+0000] {dagbag.py:588} INFO - Filling up the DagBag from /home/airflow/.local/lib/python3.11/site-packages/airflow/example_dags/example_bash_decorator.py
[2024-11-18T21:07:11.767+0000] {processor.py:925} INFO - DAG(s) 'example_bash_decorator' retrieved from /home/airflow/.local/lib/python3.11/site-packages/airflow/example_dags/example_bash_decorator.py
[2024-11-18T21:07:11.778+0000] {logging_mixin.py:190} INFO - [2024-11-18T21:07:11.777+0000] {dag.py:3239} INFO - Sync 1 DAGs
[2024-11-18T21:07:11.783+0000] {logging_mixin.py:190} INFO - [2024-11-18T21:07:11.783+0000] {dag.py:4180} INFO - Setting next_dagrun for example_bash_decorator to None, run_after=None
[2024-11-18T21:07:11.790+0000] {processor.py:208} INFO - Processing /home/airflow/.local/lib/python3.11/site-packages/airflow/example_dags/example_bash_decorator.py took 0.035 seconds
