[2024-11-18T20:27:18.980+0000] {processor.py:186} INFO - Started process (PID=50) to work on /home/airflow/.local/lib/python3.11/site-packages/airflow/example_dags/example_complex.py
[2024-11-18T20:27:18.982+0000] {processor.py:914} INFO - Processing file /home/airflow/.local/lib/python3.11/site-packages/airflow/example_dags/example_complex.py for tasks to queue
[2024-11-18T20:27:18.985+0000] {logging_mixin.py:190} INFO - [2024-11-18T20:27:18.985+0000] {dagbag.py:588} INFO - Filling up the DagBag from /home/airflow/.local/lib/python3.11/site-packages/airflow/example_dags/example_complex.py
[2024-11-18T20:27:19.018+0000] {processor.py:925} INFO - DAG(s) 'example_complex' retrieved from /home/airflow/.local/lib/python3.11/site-packages/airflow/example_dags/example_complex.py
[2024-11-18T20:27:19.105+0000] {logging_mixin.py:190} INFO - [2024-11-18T20:27:19.105+0000] {dag.py:3239} INFO - Sync 1 DAGs
[2024-11-18T20:27:19.125+0000] {logging_mixin.py:190} INFO - [2024-11-18T20:27:19.125+0000] {dag.py:4180} INFO - Setting next_dagrun for example_complex to None, run_after=None
[2024-11-18T20:27:19.146+0000] {processor.py:208} INFO - Processing /home/airflow/.local/lib/python3.11/site-packages/airflow/example_dags/example_complex.py took 0.172 seconds
[2024-11-18T20:27:49.747+0000] {processor.py:186} INFO - Started process (PID=113) to work on /home/airflow/.local/lib/python3.11/site-packages/airflow/example_dags/example_complex.py
[2024-11-18T20:27:49.749+0000] {processor.py:914} INFO - Processing file /home/airflow/.local/lib/python3.11/site-packages/airflow/example_dags/example_complex.py for tasks to queue
[2024-11-18T20:27:49.753+0000] {logging_mixin.py:190} INFO - [2024-11-18T20:27:49.753+0000] {dagbag.py:588} INFO - Filling up the DagBag from /home/airflow/.local/lib/python3.11/site-packages/airflow/example_dags/example_complex.py
[2024-11-18T20:27:49.771+0000] {processor.py:925} INFO - DAG(s) 'example_complex' retrieved from /home/airflow/.local/lib/python3.11/site-packages/airflow/example_dags/example_complex.py
[2024-11-18T20:27:49.795+0000] {logging_mixin.py:190} INFO - [2024-11-18T20:27:49.795+0000] {dag.py:3239} INFO - Sync 1 DAGs
[2024-11-18T20:27:49.807+0000] {logging_mixin.py:190} INFO - [2024-11-18T20:27:49.807+0000] {dag.py:4180} INFO - Setting next_dagrun for example_complex to None, run_after=None
[2024-11-18T20:27:49.817+0000] {processor.py:208} INFO - Processing /home/airflow/.local/lib/python3.11/site-packages/airflow/example_dags/example_complex.py took 0.076 seconds
[2024-11-18T20:28:20.857+0000] {processor.py:186} INFO - Started process (PID=176) to work on /home/airflow/.local/lib/python3.11/site-packages/airflow/example_dags/example_complex.py
[2024-11-18T20:28:20.858+0000] {processor.py:914} INFO - Processing file /home/airflow/.local/lib/python3.11/site-packages/airflow/example_dags/example_complex.py for tasks to queue
[2024-11-18T20:28:20.860+0000] {logging_mixin.py:190} INFO - [2024-11-18T20:28:20.860+0000] {dagbag.py:588} INFO - Filling up the DagBag from /home/airflow/.local/lib/python3.11/site-packages/airflow/example_dags/example_complex.py
[2024-11-18T20:28:20.870+0000] {processor.py:925} INFO - DAG(s) 'example_complex' retrieved from /home/airflow/.local/lib/python3.11/site-packages/airflow/example_dags/example_complex.py
[2024-11-18T20:28:20.888+0000] {logging_mixin.py:190} INFO - [2024-11-18T20:28:20.887+0000] {dag.py:3239} INFO - Sync 1 DAGs
[2024-11-18T20:28:20.896+0000] {logging_mixin.py:190} INFO - [2024-11-18T20:28:20.895+0000] {dag.py:4180} INFO - Setting next_dagrun for example_complex to None, run_after=None
[2024-11-18T20:28:20.909+0000] {processor.py:208} INFO - Processing /home/airflow/.local/lib/python3.11/site-packages/airflow/example_dags/example_complex.py took 0.056 seconds
[2024-11-18T20:28:51.428+0000] {processor.py:186} INFO - Started process (PID=239) to work on /home/airflow/.local/lib/python3.11/site-packages/airflow/example_dags/example_complex.py
[2024-11-18T20:28:51.429+0000] {processor.py:914} INFO - Processing file /home/airflow/.local/lib/python3.11/site-packages/airflow/example_dags/example_complex.py for tasks to queue
[2024-11-18T20:28:51.431+0000] {logging_mixin.py:190} INFO - [2024-11-18T20:28:51.431+0000] {dagbag.py:588} INFO - Filling up the DagBag from /home/airflow/.local/lib/python3.11/site-packages/airflow/example_dags/example_complex.py
[2024-11-18T20:28:51.442+0000] {processor.py:925} INFO - DAG(s) 'example_complex' retrieved from /home/airflow/.local/lib/python3.11/site-packages/airflow/example_dags/example_complex.py
[2024-11-18T20:28:51.518+0000] {logging_mixin.py:190} INFO - [2024-11-18T20:28:51.518+0000] {dag.py:3239} INFO - Sync 1 DAGs
[2024-11-18T20:28:51.533+0000] {logging_mixin.py:190} INFO - [2024-11-18T20:28:51.533+0000] {dag.py:4180} INFO - Setting next_dagrun for example_complex to None, run_after=None
[2024-11-18T20:28:51.566+0000] {processor.py:208} INFO - Processing /home/airflow/.local/lib/python3.11/site-packages/airflow/example_dags/example_complex.py took 0.144 seconds
[2024-11-18T20:29:21.624+0000] {processor.py:186} INFO - Started process (PID=301) to work on /home/airflow/.local/lib/python3.11/site-packages/airflow/example_dags/example_complex.py
[2024-11-18T20:29:21.626+0000] {processor.py:914} INFO - Processing file /home/airflow/.local/lib/python3.11/site-packages/airflow/example_dags/example_complex.py for tasks to queue
[2024-11-18T20:29:21.629+0000] {logging_mixin.py:190} INFO - [2024-11-18T20:29:21.629+0000] {dagbag.py:588} INFO - Filling up the DagBag from /home/airflow/.local/lib/python3.11/site-packages/airflow/example_dags/example_complex.py
[2024-11-18T20:29:21.639+0000] {processor.py:925} INFO - DAG(s) 'example_complex' retrieved from /home/airflow/.local/lib/python3.11/site-packages/airflow/example_dags/example_complex.py
[2024-11-18T20:29:21.667+0000] {logging_mixin.py:190} INFO - [2024-11-18T20:29:21.667+0000] {dag.py:3239} INFO - Sync 1 DAGs
[2024-11-18T20:29:21.676+0000] {logging_mixin.py:190} INFO - [2024-11-18T20:29:21.676+0000] {dag.py:4180} INFO - Setting next_dagrun for example_complex to None, run_after=None
[2024-11-18T20:29:21.687+0000] {processor.py:208} INFO - Processing /home/airflow/.local/lib/python3.11/site-packages/airflow/example_dags/example_complex.py took 0.074 seconds
[2024-11-18T20:29:52.412+0000] {processor.py:186} INFO - Started process (PID=364) to work on /home/airflow/.local/lib/python3.11/site-packages/airflow/example_dags/example_complex.py
[2024-11-18T20:29:52.415+0000] {processor.py:914} INFO - Processing file /home/airflow/.local/lib/python3.11/site-packages/airflow/example_dags/example_complex.py for tasks to queue
[2024-11-18T20:29:52.424+0000] {logging_mixin.py:190} INFO - [2024-11-18T20:29:52.423+0000] {dagbag.py:588} INFO - Filling up the DagBag from /home/airflow/.local/lib/python3.11/site-packages/airflow/example_dags/example_complex.py
[2024-11-18T20:29:52.447+0000] {processor.py:925} INFO - DAG(s) 'example_complex' retrieved from /home/airflow/.local/lib/python3.11/site-packages/airflow/example_dags/example_complex.py
[2024-11-18T20:29:52.484+0000] {logging_mixin.py:190} INFO - [2024-11-18T20:29:52.484+0000] {dag.py:3239} INFO - Sync 1 DAGs
[2024-11-18T20:29:52.494+0000] {logging_mixin.py:190} INFO - [2024-11-18T20:29:52.494+0000] {dag.py:4180} INFO - Setting next_dagrun for example_complex to None, run_after=None
[2024-11-18T20:29:52.508+0000] {processor.py:208} INFO - Processing /home/airflow/.local/lib/python3.11/site-packages/airflow/example_dags/example_complex.py took 0.112 seconds
[2024-11-18T20:30:22.946+0000] {processor.py:186} INFO - Started process (PID=427) to work on /home/airflow/.local/lib/python3.11/site-packages/airflow/example_dags/example_complex.py
[2024-11-18T20:30:22.947+0000] {processor.py:914} INFO - Processing file /home/airflow/.local/lib/python3.11/site-packages/airflow/example_dags/example_complex.py for tasks to queue
[2024-11-18T20:30:22.952+0000] {logging_mixin.py:190} INFO - [2024-11-18T20:30:22.951+0000] {dagbag.py:588} INFO - Filling up the DagBag from /home/airflow/.local/lib/python3.11/site-packages/airflow/example_dags/example_complex.py
[2024-11-18T20:30:22.967+0000] {processor.py:925} INFO - DAG(s) 'example_complex' retrieved from /home/airflow/.local/lib/python3.11/site-packages/airflow/example_dags/example_complex.py
[2024-11-18T20:30:23.004+0000] {logging_mixin.py:190} INFO - [2024-11-18T20:30:23.004+0000] {dag.py:3239} INFO - Sync 1 DAGs
[2024-11-18T20:30:23.015+0000] {logging_mixin.py:190} INFO - [2024-11-18T20:30:23.015+0000] {dag.py:4180} INFO - Setting next_dagrun for example_complex to None, run_after=None
[2024-11-18T20:30:23.025+0000] {processor.py:208} INFO - Processing /home/airflow/.local/lib/python3.11/site-packages/airflow/example_dags/example_complex.py took 0.097 seconds
[2024-11-18T20:30:53.194+0000] {processor.py:186} INFO - Started process (PID=490) to work on /home/airflow/.local/lib/python3.11/site-packages/airflow/example_dags/example_complex.py
[2024-11-18T20:30:53.195+0000] {processor.py:914} INFO - Processing file /home/airflow/.local/lib/python3.11/site-packages/airflow/example_dags/example_complex.py for tasks to queue
[2024-11-18T20:30:53.197+0000] {logging_mixin.py:190} INFO - [2024-11-18T20:30:53.197+0000] {dagbag.py:588} INFO - Filling up the DagBag from /home/airflow/.local/lib/python3.11/site-packages/airflow/example_dags/example_complex.py
[2024-11-18T20:30:53.483+0000] {processor.py:925} INFO - DAG(s) 'example_complex' retrieved from /home/airflow/.local/lib/python3.11/site-packages/airflow/example_dags/example_complex.py
[2024-11-18T20:30:53.498+0000] {logging_mixin.py:190} INFO - [2024-11-18T20:30:53.498+0000] {dag.py:3239} INFO - Sync 1 DAGs
[2024-11-18T20:30:53.504+0000] {logging_mixin.py:190} INFO - [2024-11-18T20:30:53.504+0000] {dag.py:4180} INFO - Setting next_dagrun for example_complex to None, run_after=None
[2024-11-18T20:30:53.519+0000] {processor.py:208} INFO - Processing /home/airflow/.local/lib/python3.11/site-packages/airflow/example_dags/example_complex.py took 0.331 seconds
[2024-11-18T20:31:24.144+0000] {processor.py:186} INFO - Started process (PID=553) to work on /home/airflow/.local/lib/python3.11/site-packages/airflow/example_dags/example_complex.py
[2024-11-18T20:31:24.145+0000] {processor.py:914} INFO - Processing file /home/airflow/.local/lib/python3.11/site-packages/airflow/example_dags/example_complex.py for tasks to queue
[2024-11-18T20:31:24.149+0000] {logging_mixin.py:190} INFO - [2024-11-18T20:31:24.148+0000] {dagbag.py:588} INFO - Filling up the DagBag from /home/airflow/.local/lib/python3.11/site-packages/airflow/example_dags/example_complex.py
[2024-11-18T20:31:24.162+0000] {processor.py:925} INFO - DAG(s) 'example_complex' retrieved from /home/airflow/.local/lib/python3.11/site-packages/airflow/example_dags/example_complex.py
[2024-11-18T20:31:24.182+0000] {logging_mixin.py:190} INFO - [2024-11-18T20:31:24.181+0000] {dag.py:3239} INFO - Sync 1 DAGs
[2024-11-18T20:31:24.189+0000] {logging_mixin.py:190} INFO - [2024-11-18T20:31:24.189+0000] {dag.py:4180} INFO - Setting next_dagrun for example_complex to None, run_after=None
[2024-11-18T20:31:24.200+0000] {processor.py:208} INFO - Processing /home/airflow/.local/lib/python3.11/site-packages/airflow/example_dags/example_complex.py took 0.062 seconds
[2024-11-18T20:31:54.492+0000] {processor.py:186} INFO - Started process (PID=616) to work on /home/airflow/.local/lib/python3.11/site-packages/airflow/example_dags/example_complex.py
[2024-11-18T20:31:54.493+0000] {processor.py:914} INFO - Processing file /home/airflow/.local/lib/python3.11/site-packages/airflow/example_dags/example_complex.py for tasks to queue
[2024-11-18T20:31:54.496+0000] {logging_mixin.py:190} INFO - [2024-11-18T20:31:54.496+0000] {dagbag.py:588} INFO - Filling up the DagBag from /home/airflow/.local/lib/python3.11/site-packages/airflow/example_dags/example_complex.py
[2024-11-18T20:31:54.511+0000] {processor.py:925} INFO - DAG(s) 'example_complex' retrieved from /home/airflow/.local/lib/python3.11/site-packages/airflow/example_dags/example_complex.py
[2024-11-18T20:31:54.534+0000] {logging_mixin.py:190} INFO - [2024-11-18T20:31:54.534+0000] {dag.py:3239} INFO - Sync 1 DAGs
[2024-11-18T20:31:54.544+0000] {logging_mixin.py:190} INFO - [2024-11-18T20:31:54.543+0000] {dag.py:4180} INFO - Setting next_dagrun for example_complex to None, run_after=None
[2024-11-18T20:31:54.555+0000] {processor.py:208} INFO - Processing /home/airflow/.local/lib/python3.11/site-packages/airflow/example_dags/example_complex.py took 0.070 seconds
[2024-11-18T20:32:25.292+0000] {processor.py:186} INFO - Started process (PID=679) to work on /home/airflow/.local/lib/python3.11/site-packages/airflow/example_dags/example_complex.py
[2024-11-18T20:32:25.293+0000] {processor.py:914} INFO - Processing file /home/airflow/.local/lib/python3.11/site-packages/airflow/example_dags/example_complex.py for tasks to queue
[2024-11-18T20:32:25.295+0000] {logging_mixin.py:190} INFO - [2024-11-18T20:32:25.295+0000] {dagbag.py:588} INFO - Filling up the DagBag from /home/airflow/.local/lib/python3.11/site-packages/airflow/example_dags/example_complex.py
[2024-11-18T20:32:25.306+0000] {processor.py:925} INFO - DAG(s) 'example_complex' retrieved from /home/airflow/.local/lib/python3.11/site-packages/airflow/example_dags/example_complex.py
[2024-11-18T20:32:25.354+0000] {logging_mixin.py:190} INFO - [2024-11-18T20:32:25.353+0000] {dag.py:3239} INFO - Sync 1 DAGs
[2024-11-18T20:32:25.376+0000] {logging_mixin.py:190} INFO - [2024-11-18T20:32:25.376+0000] {dag.py:4180} INFO - Setting next_dagrun for example_complex to None, run_after=None
[2024-11-18T20:32:25.394+0000] {processor.py:208} INFO - Processing /home/airflow/.local/lib/python3.11/site-packages/airflow/example_dags/example_complex.py took 0.109 seconds
[2024-11-18T20:32:55.487+0000] {processor.py:186} INFO - Started process (PID=742) to work on /home/airflow/.local/lib/python3.11/site-packages/airflow/example_dags/example_complex.py
[2024-11-18T20:32:55.489+0000] {processor.py:914} INFO - Processing file /home/airflow/.local/lib/python3.11/site-packages/airflow/example_dags/example_complex.py for tasks to queue
[2024-11-18T20:32:55.504+0000] {logging_mixin.py:190} INFO - [2024-11-18T20:32:55.503+0000] {dagbag.py:588} INFO - Filling up the DagBag from /home/airflow/.local/lib/python3.11/site-packages/airflow/example_dags/example_complex.py
[2024-11-18T20:32:55.526+0000] {processor.py:925} INFO - DAG(s) 'example_complex' retrieved from /home/airflow/.local/lib/python3.11/site-packages/airflow/example_dags/example_complex.py
[2024-11-18T20:32:55.558+0000] {logging_mixin.py:190} INFO - [2024-11-18T20:32:55.558+0000] {dag.py:3239} INFO - Sync 1 DAGs
[2024-11-18T20:32:55.589+0000] {logging_mixin.py:190} INFO - [2024-11-18T20:32:55.589+0000] {dag.py:4180} INFO - Setting next_dagrun for example_complex to None, run_after=None
[2024-11-18T20:32:55.605+0000] {processor.py:208} INFO - Processing /home/airflow/.local/lib/python3.11/site-packages/airflow/example_dags/example_complex.py took 0.123 seconds
[2024-11-18T20:33:26.608+0000] {processor.py:186} INFO - Started process (PID=805) to work on /home/airflow/.local/lib/python3.11/site-packages/airflow/example_dags/example_complex.py
[2024-11-18T20:33:26.609+0000] {processor.py:914} INFO - Processing file /home/airflow/.local/lib/python3.11/site-packages/airflow/example_dags/example_complex.py for tasks to queue
[2024-11-18T20:33:26.611+0000] {logging_mixin.py:190} INFO - [2024-11-18T20:33:26.611+0000] {dagbag.py:588} INFO - Filling up the DagBag from /home/airflow/.local/lib/python3.11/site-packages/airflow/example_dags/example_complex.py
[2024-11-18T20:33:26.623+0000] {processor.py:925} INFO - DAG(s) 'example_complex' retrieved from /home/airflow/.local/lib/python3.11/site-packages/airflow/example_dags/example_complex.py
[2024-11-18T20:33:26.666+0000] {logging_mixin.py:190} INFO - [2024-11-18T20:33:26.666+0000] {dag.py:3239} INFO - Sync 1 DAGs
[2024-11-18T20:33:26.688+0000] {logging_mixin.py:190} INFO - [2024-11-18T20:33:26.688+0000] {dag.py:4180} INFO - Setting next_dagrun for example_complex to None, run_after=None
[2024-11-18T20:33:26.701+0000] {processor.py:208} INFO - Processing /home/airflow/.local/lib/python3.11/site-packages/airflow/example_dags/example_complex.py took 0.099 seconds
[2024-11-18T20:33:57.217+0000] {processor.py:186} INFO - Started process (PID=868) to work on /home/airflow/.local/lib/python3.11/site-packages/airflow/example_dags/example_complex.py
[2024-11-18T20:33:57.222+0000] {processor.py:914} INFO - Processing file /home/airflow/.local/lib/python3.11/site-packages/airflow/example_dags/example_complex.py for tasks to queue
[2024-11-18T20:33:57.230+0000] {logging_mixin.py:190} INFO - [2024-11-18T20:33:57.229+0000] {dagbag.py:588} INFO - Filling up the DagBag from /home/airflow/.local/lib/python3.11/site-packages/airflow/example_dags/example_complex.py
[2024-11-18T20:33:57.246+0000] {processor.py:925} INFO - DAG(s) 'example_complex' retrieved from /home/airflow/.local/lib/python3.11/site-packages/airflow/example_dags/example_complex.py
[2024-11-18T20:33:57.267+0000] {logging_mixin.py:190} INFO - [2024-11-18T20:33:57.267+0000] {dag.py:3239} INFO - Sync 1 DAGs
[2024-11-18T20:33:57.277+0000] {logging_mixin.py:190} INFO - [2024-11-18T20:33:57.277+0000] {dag.py:4180} INFO - Setting next_dagrun for example_complex to None, run_after=None
[2024-11-18T20:33:57.287+0000] {processor.py:208} INFO - Processing /home/airflow/.local/lib/python3.11/site-packages/airflow/example_dags/example_complex.py took 0.078 seconds
[2024-11-18T20:34:27.524+0000] {processor.py:186} INFO - Started process (PID=931) to work on /home/airflow/.local/lib/python3.11/site-packages/airflow/example_dags/example_complex.py
[2024-11-18T20:34:27.525+0000] {processor.py:914} INFO - Processing file /home/airflow/.local/lib/python3.11/site-packages/airflow/example_dags/example_complex.py for tasks to queue
[2024-11-18T20:34:27.528+0000] {logging_mixin.py:190} INFO - [2024-11-18T20:34:27.528+0000] {dagbag.py:588} INFO - Filling up the DagBag from /home/airflow/.local/lib/python3.11/site-packages/airflow/example_dags/example_complex.py
[2024-11-18T20:34:27.544+0000] {processor.py:925} INFO - DAG(s) 'example_complex' retrieved from /home/airflow/.local/lib/python3.11/site-packages/airflow/example_dags/example_complex.py
[2024-11-18T20:34:27.575+0000] {logging_mixin.py:190} INFO - [2024-11-18T20:34:27.574+0000] {dag.py:3239} INFO - Sync 1 DAGs
[2024-11-18T20:34:27.585+0000] {logging_mixin.py:190} INFO - [2024-11-18T20:34:27.585+0000] {dag.py:4180} INFO - Setting next_dagrun for example_complex to None, run_after=None
[2024-11-18T20:34:27.596+0000] {processor.py:208} INFO - Processing /home/airflow/.local/lib/python3.11/site-packages/airflow/example_dags/example_complex.py took 0.079 seconds
[2024-11-18T20:34:57.816+0000] {processor.py:186} INFO - Started process (PID=994) to work on /home/airflow/.local/lib/python3.11/site-packages/airflow/example_dags/example_complex.py
[2024-11-18T20:34:57.817+0000] {processor.py:914} INFO - Processing file /home/airflow/.local/lib/python3.11/site-packages/airflow/example_dags/example_complex.py for tasks to queue
[2024-11-18T20:34:57.821+0000] {logging_mixin.py:190} INFO - [2024-11-18T20:34:57.820+0000] {dagbag.py:588} INFO - Filling up the DagBag from /home/airflow/.local/lib/python3.11/site-packages/airflow/example_dags/example_complex.py
[2024-11-18T20:34:57.834+0000] {processor.py:925} INFO - DAG(s) 'example_complex' retrieved from /home/airflow/.local/lib/python3.11/site-packages/airflow/example_dags/example_complex.py
[2024-11-18T20:34:57.855+0000] {logging_mixin.py:190} INFO - [2024-11-18T20:34:57.855+0000] {dag.py:3239} INFO - Sync 1 DAGs
[2024-11-18T20:34:57.870+0000] {logging_mixin.py:190} INFO - [2024-11-18T20:34:57.869+0000] {dag.py:4180} INFO - Setting next_dagrun for example_complex to None, run_after=None
[2024-11-18T20:34:57.887+0000] {processor.py:208} INFO - Processing /home/airflow/.local/lib/python3.11/site-packages/airflow/example_dags/example_complex.py took 0.077 seconds
[2024-11-18T20:35:28.865+0000] {processor.py:186} INFO - Started process (PID=1057) to work on /home/airflow/.local/lib/python3.11/site-packages/airflow/example_dags/example_complex.py
[2024-11-18T20:35:28.869+0000] {processor.py:914} INFO - Processing file /home/airflow/.local/lib/python3.11/site-packages/airflow/example_dags/example_complex.py for tasks to queue
[2024-11-18T20:35:28.872+0000] {logging_mixin.py:190} INFO - [2024-11-18T20:35:28.871+0000] {dagbag.py:588} INFO - Filling up the DagBag from /home/airflow/.local/lib/python3.11/site-packages/airflow/example_dags/example_complex.py
[2024-11-18T20:35:28.895+0000] {processor.py:925} INFO - DAG(s) 'example_complex' retrieved from /home/airflow/.local/lib/python3.11/site-packages/airflow/example_dags/example_complex.py
[2024-11-18T20:35:28.921+0000] {logging_mixin.py:190} INFO - [2024-11-18T20:35:28.920+0000] {dag.py:3239} INFO - Sync 1 DAGs
[2024-11-18T20:35:28.935+0000] {logging_mixin.py:190} INFO - [2024-11-18T20:35:28.935+0000] {dag.py:4180} INFO - Setting next_dagrun for example_complex to None, run_after=None
[2024-11-18T20:35:28.952+0000] {processor.py:208} INFO - Processing /home/airflow/.local/lib/python3.11/site-packages/airflow/example_dags/example_complex.py took 0.093 seconds
[2024-11-18T20:35:59.504+0000] {processor.py:186} INFO - Started process (PID=1120) to work on /home/airflow/.local/lib/python3.11/site-packages/airflow/example_dags/example_complex.py
[2024-11-18T20:35:59.505+0000] {processor.py:914} INFO - Processing file /home/airflow/.local/lib/python3.11/site-packages/airflow/example_dags/example_complex.py for tasks to queue
[2024-11-18T20:35:59.507+0000] {logging_mixin.py:190} INFO - [2024-11-18T20:35:59.507+0000] {dagbag.py:588} INFO - Filling up the DagBag from /home/airflow/.local/lib/python3.11/site-packages/airflow/example_dags/example_complex.py
[2024-11-18T20:35:59.517+0000] {processor.py:925} INFO - DAG(s) 'example_complex' retrieved from /home/airflow/.local/lib/python3.11/site-packages/airflow/example_dags/example_complex.py
[2024-11-18T20:35:59.538+0000] {logging_mixin.py:190} INFO - [2024-11-18T20:35:59.538+0000] {dag.py:3239} INFO - Sync 1 DAGs
[2024-11-18T20:35:59.546+0000] {logging_mixin.py:190} INFO - [2024-11-18T20:35:59.546+0000] {dag.py:4180} INFO - Setting next_dagrun for example_complex to None, run_after=None
[2024-11-18T20:35:59.558+0000] {processor.py:208} INFO - Processing /home/airflow/.local/lib/python3.11/site-packages/airflow/example_dags/example_complex.py took 0.059 seconds
[2024-11-18T20:36:30.088+0000] {processor.py:186} INFO - Started process (PID=1183) to work on /home/airflow/.local/lib/python3.11/site-packages/airflow/example_dags/example_complex.py
[2024-11-18T20:36:30.089+0000] {processor.py:914} INFO - Processing file /home/airflow/.local/lib/python3.11/site-packages/airflow/example_dags/example_complex.py for tasks to queue
[2024-11-18T20:36:30.091+0000] {logging_mixin.py:190} INFO - [2024-11-18T20:36:30.091+0000] {dagbag.py:588} INFO - Filling up the DagBag from /home/airflow/.local/lib/python3.11/site-packages/airflow/example_dags/example_complex.py
[2024-11-18T20:36:30.118+0000] {processor.py:925} INFO - DAG(s) 'example_complex' retrieved from /home/airflow/.local/lib/python3.11/site-packages/airflow/example_dags/example_complex.py
[2024-11-18T20:36:30.144+0000] {logging_mixin.py:190} INFO - [2024-11-18T20:36:30.144+0000] {dag.py:3239} INFO - Sync 1 DAGs
[2024-11-18T20:36:30.170+0000] {logging_mixin.py:190} INFO - [2024-11-18T20:36:30.169+0000] {dag.py:4180} INFO - Setting next_dagrun for example_complex to None, run_after=None
[2024-11-18T20:36:30.182+0000] {processor.py:208} INFO - Processing /home/airflow/.local/lib/python3.11/site-packages/airflow/example_dags/example_complex.py took 0.100 seconds
[2024-11-18T20:37:00.490+0000] {processor.py:186} INFO - Started process (PID=1245) to work on /home/airflow/.local/lib/python3.11/site-packages/airflow/example_dags/example_complex.py
[2024-11-18T20:37:00.491+0000] {processor.py:914} INFO - Processing file /home/airflow/.local/lib/python3.11/site-packages/airflow/example_dags/example_complex.py for tasks to queue
[2024-11-18T20:37:00.492+0000] {logging_mixin.py:190} INFO - [2024-11-18T20:37:00.492+0000] {dagbag.py:588} INFO - Filling up the DagBag from /home/airflow/.local/lib/python3.11/site-packages/airflow/example_dags/example_complex.py
[2024-11-18T20:37:00.512+0000] {processor.py:925} INFO - DAG(s) 'example_complex' retrieved from /home/airflow/.local/lib/python3.11/site-packages/airflow/example_dags/example_complex.py
[2024-11-18T20:37:00.540+0000] {logging_mixin.py:190} INFO - [2024-11-18T20:37:00.540+0000] {dag.py:3239} INFO - Sync 1 DAGs
[2024-11-18T20:37:00.560+0000] {logging_mixin.py:190} INFO - [2024-11-18T20:37:00.560+0000] {dag.py:4180} INFO - Setting next_dagrun for example_complex to None, run_after=None
[2024-11-18T20:37:00.587+0000] {processor.py:208} INFO - Processing /home/airflow/.local/lib/python3.11/site-packages/airflow/example_dags/example_complex.py took 0.103 seconds
[2024-11-18T20:37:30.901+0000] {processor.py:186} INFO - Started process (PID=1308) to work on /home/airflow/.local/lib/python3.11/site-packages/airflow/example_dags/example_complex.py
[2024-11-18T20:37:30.903+0000] {processor.py:914} INFO - Processing file /home/airflow/.local/lib/python3.11/site-packages/airflow/example_dags/example_complex.py for tasks to queue
[2024-11-18T20:37:30.906+0000] {logging_mixin.py:190} INFO - [2024-11-18T20:37:30.906+0000] {dagbag.py:588} INFO - Filling up the DagBag from /home/airflow/.local/lib/python3.11/site-packages/airflow/example_dags/example_complex.py
[2024-11-18T20:37:30.918+0000] {processor.py:925} INFO - DAG(s) 'example_complex' retrieved from /home/airflow/.local/lib/python3.11/site-packages/airflow/example_dags/example_complex.py
[2024-11-18T20:37:30.941+0000] {logging_mixin.py:190} INFO - [2024-11-18T20:37:30.941+0000] {dag.py:3239} INFO - Sync 1 DAGs
[2024-11-18T20:37:30.950+0000] {logging_mixin.py:190} INFO - [2024-11-18T20:37:30.950+0000] {dag.py:4180} INFO - Setting next_dagrun for example_complex to None, run_after=None
[2024-11-18T20:37:30.971+0000] {processor.py:208} INFO - Processing /home/airflow/.local/lib/python3.11/site-packages/airflow/example_dags/example_complex.py took 0.091 seconds
[2024-11-18T20:38:01.418+0000] {processor.py:186} INFO - Started process (PID=1371) to work on /home/airflow/.local/lib/python3.11/site-packages/airflow/example_dags/example_complex.py
[2024-11-18T20:38:01.420+0000] {processor.py:914} INFO - Processing file /home/airflow/.local/lib/python3.11/site-packages/airflow/example_dags/example_complex.py for tasks to queue
[2024-11-18T20:38:01.422+0000] {logging_mixin.py:190} INFO - [2024-11-18T20:38:01.421+0000] {dagbag.py:588} INFO - Filling up the DagBag from /home/airflow/.local/lib/python3.11/site-packages/airflow/example_dags/example_complex.py
[2024-11-18T20:38:01.435+0000] {processor.py:925} INFO - DAG(s) 'example_complex' retrieved from /home/airflow/.local/lib/python3.11/site-packages/airflow/example_dags/example_complex.py
[2024-11-18T20:38:01.478+0000] {logging_mixin.py:190} INFO - [2024-11-18T20:38:01.478+0000] {dag.py:3239} INFO - Sync 1 DAGs
[2024-11-18T20:38:01.494+0000] {logging_mixin.py:190} INFO - [2024-11-18T20:38:01.494+0000] {dag.py:4180} INFO - Setting next_dagrun for example_complex to None, run_after=None
[2024-11-18T20:38:01.518+0000] {processor.py:208} INFO - Processing /home/airflow/.local/lib/python3.11/site-packages/airflow/example_dags/example_complex.py took 0.107 seconds
[2024-11-18T20:38:31.730+0000] {processor.py:186} INFO - Started process (PID=1434) to work on /home/airflow/.local/lib/python3.11/site-packages/airflow/example_dags/example_complex.py
[2024-11-18T20:38:31.732+0000] {processor.py:914} INFO - Processing file /home/airflow/.local/lib/python3.11/site-packages/airflow/example_dags/example_complex.py for tasks to queue
[2024-11-18T20:38:31.736+0000] {logging_mixin.py:190} INFO - [2024-11-18T20:38:31.736+0000] {dagbag.py:588} INFO - Filling up the DagBag from /home/airflow/.local/lib/python3.11/site-packages/airflow/example_dags/example_complex.py
[2024-11-18T20:38:31.748+0000] {processor.py:925} INFO - DAG(s) 'example_complex' retrieved from /home/airflow/.local/lib/python3.11/site-packages/airflow/example_dags/example_complex.py
[2024-11-18T20:38:31.785+0000] {logging_mixin.py:190} INFO - [2024-11-18T20:38:31.785+0000] {dag.py:3239} INFO - Sync 1 DAGs
[2024-11-18T20:38:31.796+0000] {logging_mixin.py:190} INFO - [2024-11-18T20:38:31.796+0000] {dag.py:4180} INFO - Setting next_dagrun for example_complex to None, run_after=None
[2024-11-18T20:38:31.815+0000] {processor.py:208} INFO - Processing /home/airflow/.local/lib/python3.11/site-packages/airflow/example_dags/example_complex.py took 0.092 seconds
[2024-11-18T20:39:01.967+0000] {processor.py:186} INFO - Started process (PID=1497) to work on /home/airflow/.local/lib/python3.11/site-packages/airflow/example_dags/example_complex.py
[2024-11-18T20:39:01.969+0000] {processor.py:914} INFO - Processing file /home/airflow/.local/lib/python3.11/site-packages/airflow/example_dags/example_complex.py for tasks to queue
[2024-11-18T20:39:01.971+0000] {logging_mixin.py:190} INFO - [2024-11-18T20:39:01.971+0000] {dagbag.py:588} INFO - Filling up the DagBag from /home/airflow/.local/lib/python3.11/site-packages/airflow/example_dags/example_complex.py
[2024-11-18T20:39:01.981+0000] {processor.py:925} INFO - DAG(s) 'example_complex' retrieved from /home/airflow/.local/lib/python3.11/site-packages/airflow/example_dags/example_complex.py
[2024-11-18T20:39:02.019+0000] {logging_mixin.py:190} INFO - [2024-11-18T20:39:02.019+0000] {dag.py:3239} INFO - Sync 1 DAGs
[2024-11-18T20:39:02.030+0000] {logging_mixin.py:190} INFO - [2024-11-18T20:39:02.029+0000] {dag.py:4180} INFO - Setting next_dagrun for example_complex to None, run_after=None
[2024-11-18T20:39:02.040+0000] {processor.py:208} INFO - Processing /home/airflow/.local/lib/python3.11/site-packages/airflow/example_dags/example_complex.py took 0.081 seconds
[2024-11-18T20:39:32.921+0000] {processor.py:186} INFO - Started process (PID=1560) to work on /home/airflow/.local/lib/python3.11/site-packages/airflow/example_dags/example_complex.py
[2024-11-18T20:39:32.922+0000] {processor.py:914} INFO - Processing file /home/airflow/.local/lib/python3.11/site-packages/airflow/example_dags/example_complex.py for tasks to queue
[2024-11-18T20:39:32.926+0000] {logging_mixin.py:190} INFO - [2024-11-18T20:39:32.926+0000] {dagbag.py:588} INFO - Filling up the DagBag from /home/airflow/.local/lib/python3.11/site-packages/airflow/example_dags/example_complex.py
[2024-11-18T20:39:32.935+0000] {processor.py:925} INFO - DAG(s) 'example_complex' retrieved from /home/airflow/.local/lib/python3.11/site-packages/airflow/example_dags/example_complex.py
[2024-11-18T20:39:32.967+0000] {logging_mixin.py:190} INFO - [2024-11-18T20:39:32.966+0000] {dag.py:3239} INFO - Sync 1 DAGs
[2024-11-18T20:39:32.978+0000] {logging_mixin.py:190} INFO - [2024-11-18T20:39:32.978+0000] {dag.py:4180} INFO - Setting next_dagrun for example_complex to None, run_after=None
[2024-11-18T20:39:32.990+0000] {processor.py:208} INFO - Processing /home/airflow/.local/lib/python3.11/site-packages/airflow/example_dags/example_complex.py took 0.075 seconds
[2024-11-18T20:40:03.450+0000] {processor.py:186} INFO - Started process (PID=1629) to work on /home/airflow/.local/lib/python3.11/site-packages/airflow/example_dags/example_complex.py
[2024-11-18T20:40:03.453+0000] {processor.py:914} INFO - Processing file /home/airflow/.local/lib/python3.11/site-packages/airflow/example_dags/example_complex.py for tasks to queue
[2024-11-18T20:40:03.457+0000] {logging_mixin.py:190} INFO - [2024-11-18T20:40:03.456+0000] {dagbag.py:588} INFO - Filling up the DagBag from /home/airflow/.local/lib/python3.11/site-packages/airflow/example_dags/example_complex.py
[2024-11-18T20:40:03.475+0000] {processor.py:925} INFO - DAG(s) 'example_complex' retrieved from /home/airflow/.local/lib/python3.11/site-packages/airflow/example_dags/example_complex.py
[2024-11-18T20:40:03.525+0000] {logging_mixin.py:190} INFO - [2024-11-18T20:40:03.525+0000] {dag.py:3239} INFO - Sync 1 DAGs
[2024-11-18T20:40:03.535+0000] {logging_mixin.py:190} INFO - [2024-11-18T20:40:03.535+0000] {dag.py:4180} INFO - Setting next_dagrun for example_complex to None, run_after=None
[2024-11-18T20:40:03.546+0000] {processor.py:208} INFO - Processing /home/airflow/.local/lib/python3.11/site-packages/airflow/example_dags/example_complex.py took 0.118 seconds
[2024-11-18T20:40:34.362+0000] {processor.py:186} INFO - Started process (PID=1692) to work on /home/airflow/.local/lib/python3.11/site-packages/airflow/example_dags/example_complex.py
[2024-11-18T20:40:34.364+0000] {processor.py:914} INFO - Processing file /home/airflow/.local/lib/python3.11/site-packages/airflow/example_dags/example_complex.py for tasks to queue
[2024-11-18T20:40:34.366+0000] {logging_mixin.py:190} INFO - [2024-11-18T20:40:34.366+0000] {dagbag.py:588} INFO - Filling up the DagBag from /home/airflow/.local/lib/python3.11/site-packages/airflow/example_dags/example_complex.py
[2024-11-18T20:40:34.385+0000] {processor.py:925} INFO - DAG(s) 'example_complex' retrieved from /home/airflow/.local/lib/python3.11/site-packages/airflow/example_dags/example_complex.py
[2024-11-18T20:40:34.428+0000] {logging_mixin.py:190} INFO - [2024-11-18T20:40:34.428+0000] {dag.py:3239} INFO - Sync 1 DAGs
[2024-11-18T20:40:34.440+0000] {logging_mixin.py:190} INFO - [2024-11-18T20:40:34.440+0000] {dag.py:4180} INFO - Setting next_dagrun for example_complex to None, run_after=None
[2024-11-18T20:40:34.456+0000] {processor.py:208} INFO - Processing /home/airflow/.local/lib/python3.11/site-packages/airflow/example_dags/example_complex.py took 0.111 seconds
[2024-11-18T20:41:05.143+0000] {processor.py:186} INFO - Started process (PID=1755) to work on /home/airflow/.local/lib/python3.11/site-packages/airflow/example_dags/example_complex.py
[2024-11-18T20:41:05.144+0000] {processor.py:914} INFO - Processing file /home/airflow/.local/lib/python3.11/site-packages/airflow/example_dags/example_complex.py for tasks to queue
[2024-11-18T20:41:05.146+0000] {logging_mixin.py:190} INFO - [2024-11-18T20:41:05.146+0000] {dagbag.py:588} INFO - Filling up the DagBag from /home/airflow/.local/lib/python3.11/site-packages/airflow/example_dags/example_complex.py
[2024-11-18T20:41:05.159+0000] {processor.py:925} INFO - DAG(s) 'example_complex' retrieved from /home/airflow/.local/lib/python3.11/site-packages/airflow/example_dags/example_complex.py
[2024-11-18T20:41:05.187+0000] {logging_mixin.py:190} INFO - [2024-11-18T20:41:05.187+0000] {dag.py:3239} INFO - Sync 1 DAGs
[2024-11-18T20:41:05.196+0000] {logging_mixin.py:190} INFO - [2024-11-18T20:41:05.196+0000] {dag.py:4180} INFO - Setting next_dagrun for example_complex to None, run_after=None
[2024-11-18T20:41:05.206+0000] {processor.py:208} INFO - Processing /home/airflow/.local/lib/python3.11/site-packages/airflow/example_dags/example_complex.py took 0.070 seconds
[2024-11-18T20:41:35.545+0000] {processor.py:186} INFO - Started process (PID=1818) to work on /home/airflow/.local/lib/python3.11/site-packages/airflow/example_dags/example_complex.py
[2024-11-18T20:41:35.546+0000] {processor.py:914} INFO - Processing file /home/airflow/.local/lib/python3.11/site-packages/airflow/example_dags/example_complex.py for tasks to queue
[2024-11-18T20:41:35.550+0000] {logging_mixin.py:190} INFO - [2024-11-18T20:41:35.549+0000] {dagbag.py:588} INFO - Filling up the DagBag from /home/airflow/.local/lib/python3.11/site-packages/airflow/example_dags/example_complex.py
[2024-11-18T20:41:35.565+0000] {processor.py:925} INFO - DAG(s) 'example_complex' retrieved from /home/airflow/.local/lib/python3.11/site-packages/airflow/example_dags/example_complex.py
[2024-11-18T20:41:35.602+0000] {logging_mixin.py:190} INFO - [2024-11-18T20:41:35.602+0000] {dag.py:3239} INFO - Sync 1 DAGs
[2024-11-18T20:41:35.612+0000] {logging_mixin.py:190} INFO - [2024-11-18T20:41:35.612+0000] {dag.py:4180} INFO - Setting next_dagrun for example_complex to None, run_after=None
[2024-11-18T20:41:35.623+0000] {processor.py:208} INFO - Processing /home/airflow/.local/lib/python3.11/site-packages/airflow/example_dags/example_complex.py took 0.086 seconds
[2024-11-18T20:42:05.881+0000] {processor.py:186} INFO - Started process (PID=1881) to work on /home/airflow/.local/lib/python3.11/site-packages/airflow/example_dags/example_complex.py
[2024-11-18T20:42:05.882+0000] {processor.py:914} INFO - Processing file /home/airflow/.local/lib/python3.11/site-packages/airflow/example_dags/example_complex.py for tasks to queue
[2024-11-18T20:42:05.885+0000] {logging_mixin.py:190} INFO - [2024-11-18T20:42:05.885+0000] {dagbag.py:588} INFO - Filling up the DagBag from /home/airflow/.local/lib/python3.11/site-packages/airflow/example_dags/example_complex.py
[2024-11-18T20:42:05.914+0000] {processor.py:925} INFO - DAG(s) 'example_complex' retrieved from /home/airflow/.local/lib/python3.11/site-packages/airflow/example_dags/example_complex.py
[2024-11-18T20:42:05.937+0000] {logging_mixin.py:190} INFO - [2024-11-18T20:42:05.937+0000] {dag.py:3239} INFO - Sync 1 DAGs
[2024-11-18T20:42:05.947+0000] {logging_mixin.py:190} INFO - [2024-11-18T20:42:05.946+0000] {dag.py:4180} INFO - Setting next_dagrun for example_complex to None, run_after=None
[2024-11-18T20:42:05.959+0000] {processor.py:208} INFO - Processing /home/airflow/.local/lib/python3.11/site-packages/airflow/example_dags/example_complex.py took 0.085 seconds
[2024-11-18T20:42:36.606+0000] {processor.py:186} INFO - Started process (PID=1944) to work on /home/airflow/.local/lib/python3.11/site-packages/airflow/example_dags/example_complex.py
[2024-11-18T20:42:36.608+0000] {processor.py:914} INFO - Processing file /home/airflow/.local/lib/python3.11/site-packages/airflow/example_dags/example_complex.py for tasks to queue
[2024-11-18T20:42:36.610+0000] {logging_mixin.py:190} INFO - [2024-11-18T20:42:36.610+0000] {dagbag.py:588} INFO - Filling up the DagBag from /home/airflow/.local/lib/python3.11/site-packages/airflow/example_dags/example_complex.py
[2024-11-18T20:42:36.630+0000] {processor.py:925} INFO - DAG(s) 'example_complex' retrieved from /home/airflow/.local/lib/python3.11/site-packages/airflow/example_dags/example_complex.py
[2024-11-18T20:42:36.664+0000] {logging_mixin.py:190} INFO - [2024-11-18T20:42:36.664+0000] {dag.py:3239} INFO - Sync 1 DAGs
[2024-11-18T20:42:36.673+0000] {logging_mixin.py:190} INFO - [2024-11-18T20:42:36.673+0000] {dag.py:4180} INFO - Setting next_dagrun for example_complex to None, run_after=None
[2024-11-18T20:42:36.684+0000] {processor.py:208} INFO - Processing /home/airflow/.local/lib/python3.11/site-packages/airflow/example_dags/example_complex.py took 0.085 seconds
[2024-11-18T20:43:07.456+0000] {processor.py:186} INFO - Started process (PID=2007) to work on /home/airflow/.local/lib/python3.11/site-packages/airflow/example_dags/example_complex.py
[2024-11-18T20:43:07.457+0000] {processor.py:914} INFO - Processing file /home/airflow/.local/lib/python3.11/site-packages/airflow/example_dags/example_complex.py for tasks to queue
[2024-11-18T20:43:07.460+0000] {logging_mixin.py:190} INFO - [2024-11-18T20:43:07.460+0000] {dagbag.py:588} INFO - Filling up the DagBag from /home/airflow/.local/lib/python3.11/site-packages/airflow/example_dags/example_complex.py
[2024-11-18T20:43:07.481+0000] {processor.py:925} INFO - DAG(s) 'example_complex' retrieved from /home/airflow/.local/lib/python3.11/site-packages/airflow/example_dags/example_complex.py
[2024-11-18T20:43:07.507+0000] {logging_mixin.py:190} INFO - [2024-11-18T20:43:07.507+0000] {dag.py:3239} INFO - Sync 1 DAGs
[2024-11-18T20:43:07.521+0000] {logging_mixin.py:190} INFO - [2024-11-18T20:43:07.521+0000] {dag.py:4180} INFO - Setting next_dagrun for example_complex to None, run_after=None
[2024-11-18T20:43:07.542+0000] {processor.py:208} INFO - Processing /home/airflow/.local/lib/python3.11/site-packages/airflow/example_dags/example_complex.py took 0.095 seconds
[2024-11-18T20:43:37.965+0000] {processor.py:186} INFO - Started process (PID=2070) to work on /home/airflow/.local/lib/python3.11/site-packages/airflow/example_dags/example_complex.py
[2024-11-18T20:43:37.966+0000] {processor.py:914} INFO - Processing file /home/airflow/.local/lib/python3.11/site-packages/airflow/example_dags/example_complex.py for tasks to queue
[2024-11-18T20:43:37.970+0000] {logging_mixin.py:190} INFO - [2024-11-18T20:43:37.970+0000] {dagbag.py:588} INFO - Filling up the DagBag from /home/airflow/.local/lib/python3.11/site-packages/airflow/example_dags/example_complex.py
[2024-11-18T20:43:37.983+0000] {processor.py:925} INFO - DAG(s) 'example_complex' retrieved from /home/airflow/.local/lib/python3.11/site-packages/airflow/example_dags/example_complex.py
[2024-11-18T20:43:38.009+0000] {logging_mixin.py:190} INFO - [2024-11-18T20:43:38.009+0000] {dag.py:3239} INFO - Sync 1 DAGs
[2024-11-18T20:43:38.020+0000] {logging_mixin.py:190} INFO - [2024-11-18T20:43:38.020+0000] {dag.py:4180} INFO - Setting next_dagrun for example_complex to None, run_after=None
[2024-11-18T20:43:38.033+0000] {processor.py:208} INFO - Processing /home/airflow/.local/lib/python3.11/site-packages/airflow/example_dags/example_complex.py took 0.083 seconds
[2024-11-18T20:44:08.599+0000] {processor.py:186} INFO - Started process (PID=2133) to work on /home/airflow/.local/lib/python3.11/site-packages/airflow/example_dags/example_complex.py
[2024-11-18T20:44:08.600+0000] {processor.py:914} INFO - Processing file /home/airflow/.local/lib/python3.11/site-packages/airflow/example_dags/example_complex.py for tasks to queue
[2024-11-18T20:44:08.602+0000] {logging_mixin.py:190} INFO - [2024-11-18T20:44:08.602+0000] {dagbag.py:588} INFO - Filling up the DagBag from /home/airflow/.local/lib/python3.11/site-packages/airflow/example_dags/example_complex.py
[2024-11-18T20:44:08.631+0000] {processor.py:925} INFO - DAG(s) 'example_complex' retrieved from /home/airflow/.local/lib/python3.11/site-packages/airflow/example_dags/example_complex.py
[2024-11-18T20:44:08.660+0000] {logging_mixin.py:190} INFO - [2024-11-18T20:44:08.660+0000] {dag.py:3239} INFO - Sync 1 DAGs
[2024-11-18T20:44:08.669+0000] {logging_mixin.py:190} INFO - [2024-11-18T20:44:08.669+0000] {dag.py:4180} INFO - Setting next_dagrun for example_complex to None, run_after=None
[2024-11-18T20:44:08.681+0000] {processor.py:208} INFO - Processing /home/airflow/.local/lib/python3.11/site-packages/airflow/example_dags/example_complex.py took 0.088 seconds
[2024-11-18T20:44:39.461+0000] {processor.py:186} INFO - Started process (PID=2196) to work on /home/airflow/.local/lib/python3.11/site-packages/airflow/example_dags/example_complex.py
[2024-11-18T20:44:39.464+0000] {processor.py:914} INFO - Processing file /home/airflow/.local/lib/python3.11/site-packages/airflow/example_dags/example_complex.py for tasks to queue
[2024-11-18T20:44:39.470+0000] {logging_mixin.py:190} INFO - [2024-11-18T20:44:39.469+0000] {dagbag.py:588} INFO - Filling up the DagBag from /home/airflow/.local/lib/python3.11/site-packages/airflow/example_dags/example_complex.py
[2024-11-18T20:44:39.503+0000] {processor.py:925} INFO - DAG(s) 'example_complex' retrieved from /home/airflow/.local/lib/python3.11/site-packages/airflow/example_dags/example_complex.py
[2024-11-18T20:44:39.596+0000] {logging_mixin.py:190} INFO - [2024-11-18T20:44:39.595+0000] {dag.py:3239} INFO - Sync 1 DAGs
[2024-11-18T20:44:39.624+0000] {logging_mixin.py:190} INFO - [2024-11-18T20:44:39.623+0000] {dag.py:4180} INFO - Setting next_dagrun for example_complex to None, run_after=None
[2024-11-18T20:44:39.693+0000] {processor.py:208} INFO - Processing /home/airflow/.local/lib/python3.11/site-packages/airflow/example_dags/example_complex.py took 0.250 seconds
[2024-11-18T20:45:10.228+0000] {processor.py:186} INFO - Started process (PID=2259) to work on /home/airflow/.local/lib/python3.11/site-packages/airflow/example_dags/example_complex.py
[2024-11-18T20:45:10.229+0000] {processor.py:914} INFO - Processing file /home/airflow/.local/lib/python3.11/site-packages/airflow/example_dags/example_complex.py for tasks to queue
[2024-11-18T20:45:10.232+0000] {logging_mixin.py:190} INFO - [2024-11-18T20:45:10.231+0000] {dagbag.py:588} INFO - Filling up the DagBag from /home/airflow/.local/lib/python3.11/site-packages/airflow/example_dags/example_complex.py
[2024-11-18T20:45:10.251+0000] {processor.py:925} INFO - DAG(s) 'example_complex' retrieved from /home/airflow/.local/lib/python3.11/site-packages/airflow/example_dags/example_complex.py
[2024-11-18T20:45:10.281+0000] {logging_mixin.py:190} INFO - [2024-11-18T20:45:10.281+0000] {dag.py:3239} INFO - Sync 1 DAGs
[2024-11-18T20:45:10.291+0000] {logging_mixin.py:190} INFO - [2024-11-18T20:45:10.291+0000] {dag.py:4180} INFO - Setting next_dagrun for example_complex to None, run_after=None
[2024-11-18T20:45:10.305+0000] {processor.py:208} INFO - Processing /home/airflow/.local/lib/python3.11/site-packages/airflow/example_dags/example_complex.py took 0.095 seconds
[2024-11-18T20:47:05.470+0000] {processor.py:186} INFO - Started process (PID=50) to work on /home/airflow/.local/lib/python3.11/site-packages/airflow/example_dags/example_complex.py
[2024-11-18T20:47:05.472+0000] {processor.py:914} INFO - Processing file /home/airflow/.local/lib/python3.11/site-packages/airflow/example_dags/example_complex.py for tasks to queue
[2024-11-18T20:47:05.475+0000] {logging_mixin.py:190} INFO - [2024-11-18T20:47:05.474+0000] {dagbag.py:588} INFO - Filling up the DagBag from /home/airflow/.local/lib/python3.11/site-packages/airflow/example_dags/example_complex.py
[2024-11-18T20:47:05.487+0000] {processor.py:925} INFO - DAG(s) 'example_complex' retrieved from /home/airflow/.local/lib/python3.11/site-packages/airflow/example_dags/example_complex.py
[2024-11-18T20:47:05.529+0000] {logging_mixin.py:190} INFO - [2024-11-18T20:47:05.529+0000] {dag.py:3239} INFO - Sync 1 DAGs
[2024-11-18T20:47:05.538+0000] {logging_mixin.py:190} INFO - [2024-11-18T20:47:05.538+0000] {dag.py:4180} INFO - Setting next_dagrun for example_complex to None, run_after=None
[2024-11-18T20:47:05.557+0000] {processor.py:208} INFO - Processing /home/airflow/.local/lib/python3.11/site-packages/airflow/example_dags/example_complex.py took 0.092 seconds
[2024-11-18T20:47:35.944+0000] {processor.py:186} INFO - Started process (PID=113) to work on /home/airflow/.local/lib/python3.11/site-packages/airflow/example_dags/example_complex.py
[2024-11-18T20:47:35.945+0000] {processor.py:914} INFO - Processing file /home/airflow/.local/lib/python3.11/site-packages/airflow/example_dags/example_complex.py for tasks to queue
[2024-11-18T20:47:35.947+0000] {logging_mixin.py:190} INFO - [2024-11-18T20:47:35.947+0000] {dagbag.py:588} INFO - Filling up the DagBag from /home/airflow/.local/lib/python3.11/site-packages/airflow/example_dags/example_complex.py
[2024-11-18T20:47:35.958+0000] {processor.py:925} INFO - DAG(s) 'example_complex' retrieved from /home/airflow/.local/lib/python3.11/site-packages/airflow/example_dags/example_complex.py
[2024-11-18T20:47:35.982+0000] {logging_mixin.py:190} INFO - [2024-11-18T20:47:35.982+0000] {dag.py:3239} INFO - Sync 1 DAGs
[2024-11-18T20:47:35.991+0000] {logging_mixin.py:190} INFO - [2024-11-18T20:47:35.991+0000] {dag.py:4180} INFO - Setting next_dagrun for example_complex to None, run_after=None
[2024-11-18T20:47:36.002+0000] {processor.py:208} INFO - Processing /home/airflow/.local/lib/python3.11/site-packages/airflow/example_dags/example_complex.py took 0.064 seconds
[2024-11-18T20:48:06.868+0000] {processor.py:186} INFO - Started process (PID=176) to work on /home/airflow/.local/lib/python3.11/site-packages/airflow/example_dags/example_complex.py
[2024-11-18T20:48:06.869+0000] {processor.py:914} INFO - Processing file /home/airflow/.local/lib/python3.11/site-packages/airflow/example_dags/example_complex.py for tasks to queue
[2024-11-18T20:48:06.871+0000] {logging_mixin.py:190} INFO - [2024-11-18T20:48:06.871+0000] {dagbag.py:588} INFO - Filling up the DagBag from /home/airflow/.local/lib/python3.11/site-packages/airflow/example_dags/example_complex.py
[2024-11-18T20:48:06.885+0000] {processor.py:925} INFO - DAG(s) 'example_complex' retrieved from /home/airflow/.local/lib/python3.11/site-packages/airflow/example_dags/example_complex.py
[2024-11-18T20:48:06.905+0000] {logging_mixin.py:190} INFO - [2024-11-18T20:48:06.905+0000] {dag.py:3239} INFO - Sync 1 DAGs
[2024-11-18T20:48:06.915+0000] {logging_mixin.py:190} INFO - [2024-11-18T20:48:06.915+0000] {dag.py:4180} INFO - Setting next_dagrun for example_complex to None, run_after=None
[2024-11-18T20:48:06.931+0000] {processor.py:208} INFO - Processing /home/airflow/.local/lib/python3.11/site-packages/airflow/example_dags/example_complex.py took 0.067 seconds
[2024-11-18T20:48:36.990+0000] {processor.py:186} INFO - Started process (PID=238) to work on /home/airflow/.local/lib/python3.11/site-packages/airflow/example_dags/example_complex.py
[2024-11-18T20:48:36.991+0000] {processor.py:914} INFO - Processing file /home/airflow/.local/lib/python3.11/site-packages/airflow/example_dags/example_complex.py for tasks to queue
[2024-11-18T20:48:36.995+0000] {logging_mixin.py:190} INFO - [2024-11-18T20:48:36.995+0000] {dagbag.py:588} INFO - Filling up the DagBag from /home/airflow/.local/lib/python3.11/site-packages/airflow/example_dags/example_complex.py
[2024-11-18T20:48:37.006+0000] {processor.py:925} INFO - DAG(s) 'example_complex' retrieved from /home/airflow/.local/lib/python3.11/site-packages/airflow/example_dags/example_complex.py
[2024-11-18T20:48:37.031+0000] {logging_mixin.py:190} INFO - [2024-11-18T20:48:37.031+0000] {dag.py:3239} INFO - Sync 1 DAGs
[2024-11-18T20:48:37.049+0000] {logging_mixin.py:190} INFO - [2024-11-18T20:48:37.048+0000] {dag.py:4180} INFO - Setting next_dagrun for example_complex to None, run_after=None
[2024-11-18T20:48:37.059+0000] {processor.py:208} INFO - Processing /home/airflow/.local/lib/python3.11/site-packages/airflow/example_dags/example_complex.py took 0.078 seconds
[2024-11-18T20:49:07.817+0000] {processor.py:186} INFO - Started process (PID=302) to work on /home/airflow/.local/lib/python3.11/site-packages/airflow/example_dags/example_complex.py
[2024-11-18T20:49:07.818+0000] {processor.py:914} INFO - Processing file /home/airflow/.local/lib/python3.11/site-packages/airflow/example_dags/example_complex.py for tasks to queue
[2024-11-18T20:49:07.819+0000] {logging_mixin.py:190} INFO - [2024-11-18T20:49:07.819+0000] {dagbag.py:588} INFO - Filling up the DagBag from /home/airflow/.local/lib/python3.11/site-packages/airflow/example_dags/example_complex.py
[2024-11-18T20:49:07.834+0000] {processor.py:925} INFO - DAG(s) 'example_complex' retrieved from /home/airflow/.local/lib/python3.11/site-packages/airflow/example_dags/example_complex.py
[2024-11-18T20:49:07.855+0000] {logging_mixin.py:190} INFO - [2024-11-18T20:49:07.855+0000] {dag.py:3239} INFO - Sync 1 DAGs
[2024-11-18T20:49:07.864+0000] {logging_mixin.py:190} INFO - [2024-11-18T20:49:07.864+0000] {dag.py:4180} INFO - Setting next_dagrun for example_complex to None, run_after=None
[2024-11-18T20:49:07.875+0000] {processor.py:208} INFO - Processing /home/airflow/.local/lib/python3.11/site-packages/airflow/example_dags/example_complex.py took 0.063 seconds
[2024-11-18T20:49:38.403+0000] {processor.py:186} INFO - Started process (PID=365) to work on /home/airflow/.local/lib/python3.11/site-packages/airflow/example_dags/example_complex.py
[2024-11-18T20:49:38.404+0000] {processor.py:914} INFO - Processing file /home/airflow/.local/lib/python3.11/site-packages/airflow/example_dags/example_complex.py for tasks to queue
[2024-11-18T20:49:38.405+0000] {logging_mixin.py:190} INFO - [2024-11-18T20:49:38.405+0000] {dagbag.py:588} INFO - Filling up the DagBag from /home/airflow/.local/lib/python3.11/site-packages/airflow/example_dags/example_complex.py
[2024-11-18T20:49:38.414+0000] {processor.py:925} INFO - DAG(s) 'example_complex' retrieved from /home/airflow/.local/lib/python3.11/site-packages/airflow/example_dags/example_complex.py
[2024-11-18T20:49:38.438+0000] {logging_mixin.py:190} INFO - [2024-11-18T20:49:38.437+0000] {dag.py:3239} INFO - Sync 1 DAGs
[2024-11-18T20:49:38.450+0000] {logging_mixin.py:190} INFO - [2024-11-18T20:49:38.450+0000] {dag.py:4180} INFO - Setting next_dagrun for example_complex to None, run_after=None
[2024-11-18T20:49:38.461+0000] {processor.py:208} INFO - Processing /home/airflow/.local/lib/python3.11/site-packages/airflow/example_dags/example_complex.py took 0.061 seconds
[2024-11-18T20:50:09.603+0000] {processor.py:186} INFO - Started process (PID=428) to work on /home/airflow/.local/lib/python3.11/site-packages/airflow/example_dags/example_complex.py
[2024-11-18T20:50:09.607+0000] {processor.py:914} INFO - Processing file /home/airflow/.local/lib/python3.11/site-packages/airflow/example_dags/example_complex.py for tasks to queue
[2024-11-18T20:50:09.609+0000] {logging_mixin.py:190} INFO - [2024-11-18T20:50:09.609+0000] {dagbag.py:588} INFO - Filling up the DagBag from /home/airflow/.local/lib/python3.11/site-packages/airflow/example_dags/example_complex.py
[2024-11-18T20:50:09.618+0000] {processor.py:925} INFO - DAG(s) 'example_complex' retrieved from /home/airflow/.local/lib/python3.11/site-packages/airflow/example_dags/example_complex.py
[2024-11-18T20:50:09.741+0000] {logging_mixin.py:190} INFO - [2024-11-18T20:50:09.741+0000] {dag.py:3239} INFO - Sync 1 DAGs
[2024-11-18T20:50:09.748+0000] {logging_mixin.py:190} INFO - [2024-11-18T20:50:09.747+0000] {dag.py:4180} INFO - Setting next_dagrun for example_complex to None, run_after=None
[2024-11-18T20:50:09.757+0000] {processor.py:208} INFO - Processing /home/airflow/.local/lib/python3.11/site-packages/airflow/example_dags/example_complex.py took 0.156 seconds
[2024-11-18T20:50:40.062+0000] {processor.py:186} INFO - Started process (PID=491) to work on /home/airflow/.local/lib/python3.11/site-packages/airflow/example_dags/example_complex.py
[2024-11-18T20:50:40.063+0000] {processor.py:914} INFO - Processing file /home/airflow/.local/lib/python3.11/site-packages/airflow/example_dags/example_complex.py for tasks to queue
[2024-11-18T20:50:40.066+0000] {logging_mixin.py:190} INFO - [2024-11-18T20:50:40.066+0000] {dagbag.py:588} INFO - Filling up the DagBag from /home/airflow/.local/lib/python3.11/site-packages/airflow/example_dags/example_complex.py
[2024-11-18T20:50:40.080+0000] {processor.py:925} INFO - DAG(s) 'example_complex' retrieved from /home/airflow/.local/lib/python3.11/site-packages/airflow/example_dags/example_complex.py
[2024-11-18T20:50:40.136+0000] {logging_mixin.py:190} INFO - [2024-11-18T20:50:40.135+0000] {dag.py:3239} INFO - Sync 1 DAGs
[2024-11-18T20:50:40.149+0000] {logging_mixin.py:190} INFO - [2024-11-18T20:50:40.148+0000] {dag.py:4180} INFO - Setting next_dagrun for example_complex to None, run_after=None
[2024-11-18T20:50:40.172+0000] {processor.py:208} INFO - Processing /home/airflow/.local/lib/python3.11/site-packages/airflow/example_dags/example_complex.py took 0.118 seconds
[2024-11-18T20:51:10.839+0000] {processor.py:186} INFO - Started process (PID=554) to work on /home/airflow/.local/lib/python3.11/site-packages/airflow/example_dags/example_complex.py
[2024-11-18T20:51:10.840+0000] {processor.py:914} INFO - Processing file /home/airflow/.local/lib/python3.11/site-packages/airflow/example_dags/example_complex.py for tasks to queue
[2024-11-18T20:51:10.841+0000] {logging_mixin.py:190} INFO - [2024-11-18T20:51:10.841+0000] {dagbag.py:588} INFO - Filling up the DagBag from /home/airflow/.local/lib/python3.11/site-packages/airflow/example_dags/example_complex.py
[2024-11-18T20:51:10.848+0000] {processor.py:925} INFO - DAG(s) 'example_complex' retrieved from /home/airflow/.local/lib/python3.11/site-packages/airflow/example_dags/example_complex.py
[2024-11-18T20:51:10.863+0000] {logging_mixin.py:190} INFO - [2024-11-18T20:51:10.863+0000] {dag.py:3239} INFO - Sync 1 DAGs
[2024-11-18T20:51:10.871+0000] {logging_mixin.py:190} INFO - [2024-11-18T20:51:10.871+0000] {dag.py:4180} INFO - Setting next_dagrun for example_complex to None, run_after=None
[2024-11-18T20:51:10.880+0000] {processor.py:208} INFO - Processing /home/airflow/.local/lib/python3.11/site-packages/airflow/example_dags/example_complex.py took 0.044 seconds
[2024-11-18T20:51:41.085+0000] {processor.py:186} INFO - Started process (PID=617) to work on /home/airflow/.local/lib/python3.11/site-packages/airflow/example_dags/example_complex.py
[2024-11-18T20:51:41.086+0000] {processor.py:914} INFO - Processing file /home/airflow/.local/lib/python3.11/site-packages/airflow/example_dags/example_complex.py for tasks to queue
[2024-11-18T20:51:41.087+0000] {logging_mixin.py:190} INFO - [2024-11-18T20:51:41.087+0000] {dagbag.py:588} INFO - Filling up the DagBag from /home/airflow/.local/lib/python3.11/site-packages/airflow/example_dags/example_complex.py
[2024-11-18T20:51:41.095+0000] {processor.py:925} INFO - DAG(s) 'example_complex' retrieved from /home/airflow/.local/lib/python3.11/site-packages/airflow/example_dags/example_complex.py
[2024-11-18T20:51:41.120+0000] {logging_mixin.py:190} INFO - [2024-11-18T20:51:41.120+0000] {dag.py:3239} INFO - Sync 1 DAGs
[2024-11-18T20:51:41.129+0000] {logging_mixin.py:190} INFO - [2024-11-18T20:51:41.128+0000] {dag.py:4180} INFO - Setting next_dagrun for example_complex to None, run_after=None
[2024-11-18T20:51:41.140+0000] {processor.py:208} INFO - Processing /home/airflow/.local/lib/python3.11/site-packages/airflow/example_dags/example_complex.py took 0.058 seconds
[2024-11-18T20:52:11.872+0000] {processor.py:186} INFO - Started process (PID=680) to work on /home/airflow/.local/lib/python3.11/site-packages/airflow/example_dags/example_complex.py
[2024-11-18T20:52:11.873+0000] {processor.py:914} INFO - Processing file /home/airflow/.local/lib/python3.11/site-packages/airflow/example_dags/example_complex.py for tasks to queue
[2024-11-18T20:52:11.875+0000] {logging_mixin.py:190} INFO - [2024-11-18T20:52:11.875+0000] {dagbag.py:588} INFO - Filling up the DagBag from /home/airflow/.local/lib/python3.11/site-packages/airflow/example_dags/example_complex.py
[2024-11-18T20:52:11.883+0000] {processor.py:925} INFO - DAG(s) 'example_complex' retrieved from /home/airflow/.local/lib/python3.11/site-packages/airflow/example_dags/example_complex.py
[2024-11-18T20:52:11.903+0000] {logging_mixin.py:190} INFO - [2024-11-18T20:52:11.903+0000] {dag.py:3239} INFO - Sync 1 DAGs
[2024-11-18T20:52:11.912+0000] {logging_mixin.py:190} INFO - [2024-11-18T20:52:11.912+0000] {dag.py:4180} INFO - Setting next_dagrun for example_complex to None, run_after=None
[2024-11-18T20:52:11.930+0000] {processor.py:208} INFO - Processing /home/airflow/.local/lib/python3.11/site-packages/airflow/example_dags/example_complex.py took 0.061 seconds
[2024-11-18T20:52:42.396+0000] {processor.py:186} INFO - Started process (PID=742) to work on /home/airflow/.local/lib/python3.11/site-packages/airflow/example_dags/example_complex.py
[2024-11-18T20:52:42.397+0000] {processor.py:914} INFO - Processing file /home/airflow/.local/lib/python3.11/site-packages/airflow/example_dags/example_complex.py for tasks to queue
[2024-11-18T20:52:42.399+0000] {logging_mixin.py:190} INFO - [2024-11-18T20:52:42.398+0000] {dagbag.py:588} INFO - Filling up the DagBag from /home/airflow/.local/lib/python3.11/site-packages/airflow/example_dags/example_complex.py
[2024-11-18T20:52:42.409+0000] {processor.py:925} INFO - DAG(s) 'example_complex' retrieved from /home/airflow/.local/lib/python3.11/site-packages/airflow/example_dags/example_complex.py
[2024-11-18T20:52:42.432+0000] {logging_mixin.py:190} INFO - [2024-11-18T20:52:42.432+0000] {dag.py:3239} INFO - Sync 1 DAGs
[2024-11-18T20:52:42.442+0000] {logging_mixin.py:190} INFO - [2024-11-18T20:52:42.441+0000] {dag.py:4180} INFO - Setting next_dagrun for example_complex to None, run_after=None
[2024-11-18T20:52:42.451+0000] {processor.py:208} INFO - Processing /home/airflow/.local/lib/python3.11/site-packages/airflow/example_dags/example_complex.py took 0.059 seconds
[2024-11-18T20:53:13.023+0000] {processor.py:186} INFO - Started process (PID=805) to work on /home/airflow/.local/lib/python3.11/site-packages/airflow/example_dags/example_complex.py
[2024-11-18T20:53:13.023+0000] {processor.py:914} INFO - Processing file /home/airflow/.local/lib/python3.11/site-packages/airflow/example_dags/example_complex.py for tasks to queue
[2024-11-18T20:53:13.026+0000] {logging_mixin.py:190} INFO - [2024-11-18T20:53:13.025+0000] {dagbag.py:588} INFO - Filling up the DagBag from /home/airflow/.local/lib/python3.11/site-packages/airflow/example_dags/example_complex.py
[2024-11-18T20:53:13.037+0000] {processor.py:925} INFO - DAG(s) 'example_complex' retrieved from /home/airflow/.local/lib/python3.11/site-packages/airflow/example_dags/example_complex.py
[2024-11-18T20:53:13.056+0000] {logging_mixin.py:190} INFO - [2024-11-18T20:53:13.056+0000] {dag.py:3239} INFO - Sync 1 DAGs
[2024-11-18T20:53:13.064+0000] {logging_mixin.py:190} INFO - [2024-11-18T20:53:13.064+0000] {dag.py:4180} INFO - Setting next_dagrun for example_complex to None, run_after=None
[2024-11-18T20:53:13.074+0000] {processor.py:208} INFO - Processing /home/airflow/.local/lib/python3.11/site-packages/airflow/example_dags/example_complex.py took 0.055 seconds
[2024-11-18T20:53:43.237+0000] {processor.py:186} INFO - Started process (PID=868) to work on /home/airflow/.local/lib/python3.11/site-packages/airflow/example_dags/example_complex.py
[2024-11-18T20:53:43.238+0000] {processor.py:914} INFO - Processing file /home/airflow/.local/lib/python3.11/site-packages/airflow/example_dags/example_complex.py for tasks to queue
[2024-11-18T20:53:43.239+0000] {logging_mixin.py:190} INFO - [2024-11-18T20:53:43.239+0000] {dagbag.py:588} INFO - Filling up the DagBag from /home/airflow/.local/lib/python3.11/site-packages/airflow/example_dags/example_complex.py
[2024-11-18T20:53:43.247+0000] {processor.py:925} INFO - DAG(s) 'example_complex' retrieved from /home/airflow/.local/lib/python3.11/site-packages/airflow/example_dags/example_complex.py
[2024-11-18T20:53:43.267+0000] {logging_mixin.py:190} INFO - [2024-11-18T20:53:43.266+0000] {dag.py:3239} INFO - Sync 1 DAGs
[2024-11-18T20:53:43.275+0000] {logging_mixin.py:190} INFO - [2024-11-18T20:53:43.275+0000] {dag.py:4180} INFO - Setting next_dagrun for example_complex to None, run_after=None
[2024-11-18T20:53:43.284+0000] {processor.py:208} INFO - Processing /home/airflow/.local/lib/python3.11/site-packages/airflow/example_dags/example_complex.py took 0.051 seconds
[2024-11-18T20:54:14.130+0000] {processor.py:186} INFO - Started process (PID=931) to work on /home/airflow/.local/lib/python3.11/site-packages/airflow/example_dags/example_complex.py
[2024-11-18T20:54:14.131+0000] {processor.py:914} INFO - Processing file /home/airflow/.local/lib/python3.11/site-packages/airflow/example_dags/example_complex.py for tasks to queue
[2024-11-18T20:54:14.132+0000] {logging_mixin.py:190} INFO - [2024-11-18T20:54:14.132+0000] {dagbag.py:588} INFO - Filling up the DagBag from /home/airflow/.local/lib/python3.11/site-packages/airflow/example_dags/example_complex.py
[2024-11-18T20:54:14.139+0000] {processor.py:925} INFO - DAG(s) 'example_complex' retrieved from /home/airflow/.local/lib/python3.11/site-packages/airflow/example_dags/example_complex.py
[2024-11-18T20:54:14.156+0000] {logging_mixin.py:190} INFO - [2024-11-18T20:54:14.156+0000] {dag.py:3239} INFO - Sync 1 DAGs
[2024-11-18T20:54:14.164+0000] {logging_mixin.py:190} INFO - [2024-11-18T20:54:14.164+0000] {dag.py:4180} INFO - Setting next_dagrun for example_complex to None, run_after=None
[2024-11-18T20:54:14.185+0000] {processor.py:208} INFO - Processing /home/airflow/.local/lib/python3.11/site-packages/airflow/example_dags/example_complex.py took 0.059 seconds
[2024-11-18T20:54:45.281+0000] {processor.py:186} INFO - Started process (PID=994) to work on /home/airflow/.local/lib/python3.11/site-packages/airflow/example_dags/example_complex.py
[2024-11-18T20:54:45.282+0000] {processor.py:914} INFO - Processing file /home/airflow/.local/lib/python3.11/site-packages/airflow/example_dags/example_complex.py for tasks to queue
[2024-11-18T20:54:45.284+0000] {logging_mixin.py:190} INFO - [2024-11-18T20:54:45.284+0000] {dagbag.py:588} INFO - Filling up the DagBag from /home/airflow/.local/lib/python3.11/site-packages/airflow/example_dags/example_complex.py
[2024-11-18T20:54:45.291+0000] {processor.py:925} INFO - DAG(s) 'example_complex' retrieved from /home/airflow/.local/lib/python3.11/site-packages/airflow/example_dags/example_complex.py
[2024-11-18T20:54:45.309+0000] {logging_mixin.py:190} INFO - [2024-11-18T20:54:45.309+0000] {dag.py:3239} INFO - Sync 1 DAGs
[2024-11-18T20:54:45.320+0000] {logging_mixin.py:190} INFO - [2024-11-18T20:54:45.319+0000] {dag.py:4180} INFO - Setting next_dagrun for example_complex to None, run_after=None
[2024-11-18T20:54:45.333+0000] {processor.py:208} INFO - Processing /home/airflow/.local/lib/python3.11/site-packages/airflow/example_dags/example_complex.py took 0.056 seconds
[2024-11-18T20:55:16.010+0000] {processor.py:186} INFO - Started process (PID=1057) to work on /home/airflow/.local/lib/python3.11/site-packages/airflow/example_dags/example_complex.py
[2024-11-18T20:55:16.011+0000] {processor.py:914} INFO - Processing file /home/airflow/.local/lib/python3.11/site-packages/airflow/example_dags/example_complex.py for tasks to queue
[2024-11-18T20:55:16.012+0000] {logging_mixin.py:190} INFO - [2024-11-18T20:55:16.012+0000] {dagbag.py:588} INFO - Filling up the DagBag from /home/airflow/.local/lib/python3.11/site-packages/airflow/example_dags/example_complex.py
[2024-11-18T20:55:16.018+0000] {processor.py:925} INFO - DAG(s) 'example_complex' retrieved from /home/airflow/.local/lib/python3.11/site-packages/airflow/example_dags/example_complex.py
[2024-11-18T20:55:16.033+0000] {logging_mixin.py:190} INFO - [2024-11-18T20:55:16.033+0000] {dag.py:3239} INFO - Sync 1 DAGs
[2024-11-18T20:55:16.040+0000] {logging_mixin.py:190} INFO - [2024-11-18T20:55:16.040+0000] {dag.py:4180} INFO - Setting next_dagrun for example_complex to None, run_after=None
[2024-11-18T20:55:16.051+0000] {processor.py:208} INFO - Processing /home/airflow/.local/lib/python3.11/site-packages/airflow/example_dags/example_complex.py took 0.044 seconds
[2024-11-18T20:55:46.507+0000] {processor.py:186} INFO - Started process (PID=1120) to work on /home/airflow/.local/lib/python3.11/site-packages/airflow/example_dags/example_complex.py
[2024-11-18T20:55:46.507+0000] {processor.py:914} INFO - Processing file /home/airflow/.local/lib/python3.11/site-packages/airflow/example_dags/example_complex.py for tasks to queue
[2024-11-18T20:55:46.509+0000] {logging_mixin.py:190} INFO - [2024-11-18T20:55:46.509+0000] {dagbag.py:588} INFO - Filling up the DagBag from /home/airflow/.local/lib/python3.11/site-packages/airflow/example_dags/example_complex.py
[2024-11-18T20:55:46.517+0000] {processor.py:925} INFO - DAG(s) 'example_complex' retrieved from /home/airflow/.local/lib/python3.11/site-packages/airflow/example_dags/example_complex.py
[2024-11-18T20:55:46.539+0000] {logging_mixin.py:190} INFO - [2024-11-18T20:55:46.538+0000] {dag.py:3239} INFO - Sync 1 DAGs
[2024-11-18T20:55:46.546+0000] {logging_mixin.py:190} INFO - [2024-11-18T20:55:46.546+0000] {dag.py:4180} INFO - Setting next_dagrun for example_complex to None, run_after=None
[2024-11-18T20:55:46.556+0000] {processor.py:208} INFO - Processing /home/airflow/.local/lib/python3.11/site-packages/airflow/example_dags/example_complex.py took 0.053 seconds
[2024-11-18T20:56:17.565+0000] {processor.py:186} INFO - Started process (PID=1183) to work on /home/airflow/.local/lib/python3.11/site-packages/airflow/example_dags/example_complex.py
[2024-11-18T20:56:17.565+0000] {processor.py:914} INFO - Processing file /home/airflow/.local/lib/python3.11/site-packages/airflow/example_dags/example_complex.py for tasks to queue
[2024-11-18T20:56:17.567+0000] {logging_mixin.py:190} INFO - [2024-11-18T20:56:17.567+0000] {dagbag.py:588} INFO - Filling up the DagBag from /home/airflow/.local/lib/python3.11/site-packages/airflow/example_dags/example_complex.py
[2024-11-18T20:56:17.575+0000] {processor.py:925} INFO - DAG(s) 'example_complex' retrieved from /home/airflow/.local/lib/python3.11/site-packages/airflow/example_dags/example_complex.py
[2024-11-18T20:56:17.592+0000] {logging_mixin.py:190} INFO - [2024-11-18T20:56:17.592+0000] {dag.py:3239} INFO - Sync 1 DAGs
[2024-11-18T20:56:17.600+0000] {logging_mixin.py:190} INFO - [2024-11-18T20:56:17.600+0000] {dag.py:4180} INFO - Setting next_dagrun for example_complex to None, run_after=None
[2024-11-18T20:56:17.610+0000] {processor.py:208} INFO - Processing /home/airflow/.local/lib/python3.11/site-packages/airflow/example_dags/example_complex.py took 0.048 seconds
[2024-11-18T20:56:48.853+0000] {processor.py:186} INFO - Started process (PID=1246) to work on /home/airflow/.local/lib/python3.11/site-packages/airflow/example_dags/example_complex.py
[2024-11-18T20:56:48.855+0000] {processor.py:914} INFO - Processing file /home/airflow/.local/lib/python3.11/site-packages/airflow/example_dags/example_complex.py for tasks to queue
[2024-11-18T20:56:48.857+0000] {logging_mixin.py:190} INFO - [2024-11-18T20:56:48.856+0000] {dagbag.py:588} INFO - Filling up the DagBag from /home/airflow/.local/lib/python3.11/site-packages/airflow/example_dags/example_complex.py
[2024-11-18T20:56:48.864+0000] {processor.py:925} INFO - DAG(s) 'example_complex' retrieved from /home/airflow/.local/lib/python3.11/site-packages/airflow/example_dags/example_complex.py
[2024-11-18T20:56:48.894+0000] {logging_mixin.py:190} INFO - [2024-11-18T20:56:48.894+0000] {dag.py:3239} INFO - Sync 1 DAGs
[2024-11-18T20:56:48.904+0000] {logging_mixin.py:190} INFO - [2024-11-18T20:56:48.903+0000] {dag.py:4180} INFO - Setting next_dagrun for example_complex to None, run_after=None
[2024-11-18T20:56:48.922+0000] {processor.py:208} INFO - Processing /home/airflow/.local/lib/python3.11/site-packages/airflow/example_dags/example_complex.py took 0.073 seconds
[2024-11-18T20:57:19.622+0000] {processor.py:186} INFO - Started process (PID=1309) to work on /home/airflow/.local/lib/python3.11/site-packages/airflow/example_dags/example_complex.py
[2024-11-18T20:57:19.623+0000] {processor.py:914} INFO - Processing file /home/airflow/.local/lib/python3.11/site-packages/airflow/example_dags/example_complex.py for tasks to queue
[2024-11-18T20:57:19.625+0000] {logging_mixin.py:190} INFO - [2024-11-18T20:57:19.625+0000] {dagbag.py:588} INFO - Filling up the DagBag from /home/airflow/.local/lib/python3.11/site-packages/airflow/example_dags/example_complex.py
[2024-11-18T20:57:19.634+0000] {processor.py:925} INFO - DAG(s) 'example_complex' retrieved from /home/airflow/.local/lib/python3.11/site-packages/airflow/example_dags/example_complex.py
[2024-11-18T20:57:19.655+0000] {logging_mixin.py:190} INFO - [2024-11-18T20:57:19.655+0000] {dag.py:3239} INFO - Sync 1 DAGs
[2024-11-18T20:57:19.686+0000] {logging_mixin.py:190} INFO - [2024-11-18T20:57:19.686+0000] {dag.py:4180} INFO - Setting next_dagrun for example_complex to None, run_after=None
[2024-11-18T20:57:19.698+0000] {processor.py:208} INFO - Processing /home/airflow/.local/lib/python3.11/site-packages/airflow/example_dags/example_complex.py took 0.082 seconds
[2024-11-18T20:57:50.122+0000] {processor.py:186} INFO - Started process (PID=1372) to work on /home/airflow/.local/lib/python3.11/site-packages/airflow/example_dags/example_complex.py
[2024-11-18T20:57:50.123+0000] {processor.py:914} INFO - Processing file /home/airflow/.local/lib/python3.11/site-packages/airflow/example_dags/example_complex.py for tasks to queue
[2024-11-18T20:57:50.125+0000] {logging_mixin.py:190} INFO - [2024-11-18T20:57:50.125+0000] {dagbag.py:588} INFO - Filling up the DagBag from /home/airflow/.local/lib/python3.11/site-packages/airflow/example_dags/example_complex.py
[2024-11-18T20:57:50.133+0000] {processor.py:925} INFO - DAG(s) 'example_complex' retrieved from /home/airflow/.local/lib/python3.11/site-packages/airflow/example_dags/example_complex.py
[2024-11-18T20:57:50.150+0000] {logging_mixin.py:190} INFO - [2024-11-18T20:57:50.150+0000] {dag.py:3239} INFO - Sync 1 DAGs
[2024-11-18T20:57:50.157+0000] {logging_mixin.py:190} INFO - [2024-11-18T20:57:50.157+0000] {dag.py:4180} INFO - Setting next_dagrun for example_complex to None, run_after=None
[2024-11-18T20:57:50.166+0000] {processor.py:208} INFO - Processing /home/airflow/.local/lib/python3.11/site-packages/airflow/example_dags/example_complex.py took 0.047 seconds
[2024-11-18T20:58:20.943+0000] {processor.py:186} INFO - Started process (PID=1435) to work on /home/airflow/.local/lib/python3.11/site-packages/airflow/example_dags/example_complex.py
[2024-11-18T20:58:20.944+0000] {processor.py:914} INFO - Processing file /home/airflow/.local/lib/python3.11/site-packages/airflow/example_dags/example_complex.py for tasks to queue
[2024-11-18T20:58:20.946+0000] {logging_mixin.py:190} INFO - [2024-11-18T20:58:20.946+0000] {dagbag.py:588} INFO - Filling up the DagBag from /home/airflow/.local/lib/python3.11/site-packages/airflow/example_dags/example_complex.py
[2024-11-18T20:58:20.954+0000] {processor.py:925} INFO - DAG(s) 'example_complex' retrieved from /home/airflow/.local/lib/python3.11/site-packages/airflow/example_dags/example_complex.py
[2024-11-18T20:58:20.969+0000] {logging_mixin.py:190} INFO - [2024-11-18T20:58:20.969+0000] {dag.py:3239} INFO - Sync 1 DAGs
[2024-11-18T20:58:20.977+0000] {logging_mixin.py:190} INFO - [2024-11-18T20:58:20.977+0000] {dag.py:4180} INFO - Setting next_dagrun for example_complex to None, run_after=None
[2024-11-18T20:58:20.986+0000] {processor.py:208} INFO - Processing /home/airflow/.local/lib/python3.11/site-packages/airflow/example_dags/example_complex.py took 0.046 seconds
[2024-11-18T20:58:51.831+0000] {processor.py:186} INFO - Started process (PID=1498) to work on /home/airflow/.local/lib/python3.11/site-packages/airflow/example_dags/example_complex.py
[2024-11-18T20:58:51.831+0000] {processor.py:914} INFO - Processing file /home/airflow/.local/lib/python3.11/site-packages/airflow/example_dags/example_complex.py for tasks to queue
[2024-11-18T20:58:51.833+0000] {logging_mixin.py:190} INFO - [2024-11-18T20:58:51.833+0000] {dagbag.py:588} INFO - Filling up the DagBag from /home/airflow/.local/lib/python3.11/site-packages/airflow/example_dags/example_complex.py
[2024-11-18T20:58:51.846+0000] {processor.py:925} INFO - DAG(s) 'example_complex' retrieved from /home/airflow/.local/lib/python3.11/site-packages/airflow/example_dags/example_complex.py
[2024-11-18T20:58:51.867+0000] {logging_mixin.py:190} INFO - [2024-11-18T20:58:51.867+0000] {dag.py:3239} INFO - Sync 1 DAGs
[2024-11-18T20:58:51.879+0000] {logging_mixin.py:190} INFO - [2024-11-18T20:58:51.878+0000] {dag.py:4180} INFO - Setting next_dagrun for example_complex to None, run_after=None
[2024-11-18T20:58:51.903+0000] {processor.py:208} INFO - Processing /home/airflow/.local/lib/python3.11/site-packages/airflow/example_dags/example_complex.py took 0.096 seconds
[2024-11-18T20:59:22.595+0000] {processor.py:186} INFO - Started process (PID=1561) to work on /home/airflow/.local/lib/python3.11/site-packages/airflow/example_dags/example_complex.py
[2024-11-18T20:59:22.596+0000] {processor.py:914} INFO - Processing file /home/airflow/.local/lib/python3.11/site-packages/airflow/example_dags/example_complex.py for tasks to queue
[2024-11-18T20:59:22.597+0000] {logging_mixin.py:190} INFO - [2024-11-18T20:59:22.597+0000] {dagbag.py:588} INFO - Filling up the DagBag from /home/airflow/.local/lib/python3.11/site-packages/airflow/example_dags/example_complex.py
[2024-11-18T20:59:22.604+0000] {processor.py:925} INFO - DAG(s) 'example_complex' retrieved from /home/airflow/.local/lib/python3.11/site-packages/airflow/example_dags/example_complex.py
[2024-11-18T20:59:22.621+0000] {logging_mixin.py:190} INFO - [2024-11-18T20:59:22.621+0000] {dag.py:3239} INFO - Sync 1 DAGs
[2024-11-18T20:59:22.629+0000] {logging_mixin.py:190} INFO - [2024-11-18T20:59:22.628+0000] {dag.py:4180} INFO - Setting next_dagrun for example_complex to None, run_after=None
[2024-11-18T20:59:22.637+0000] {processor.py:208} INFO - Processing /home/airflow/.local/lib/python3.11/site-packages/airflow/example_dags/example_complex.py took 0.046 seconds
[2024-11-18T20:59:53.548+0000] {processor.py:186} INFO - Started process (PID=1624) to work on /home/airflow/.local/lib/python3.11/site-packages/airflow/example_dags/example_complex.py
[2024-11-18T20:59:53.549+0000] {processor.py:914} INFO - Processing file /home/airflow/.local/lib/python3.11/site-packages/airflow/example_dags/example_complex.py for tasks to queue
[2024-11-18T20:59:53.551+0000] {logging_mixin.py:190} INFO - [2024-11-18T20:59:53.551+0000] {dagbag.py:588} INFO - Filling up the DagBag from /home/airflow/.local/lib/python3.11/site-packages/airflow/example_dags/example_complex.py
[2024-11-18T20:59:53.559+0000] {processor.py:925} INFO - DAG(s) 'example_complex' retrieved from /home/airflow/.local/lib/python3.11/site-packages/airflow/example_dags/example_complex.py
[2024-11-18T20:59:53.576+0000] {logging_mixin.py:190} INFO - [2024-11-18T20:59:53.576+0000] {dag.py:3239} INFO - Sync 1 DAGs
[2024-11-18T20:59:53.595+0000] {logging_mixin.py:190} INFO - [2024-11-18T20:59:53.594+0000] {dag.py:4180} INFO - Setting next_dagrun for example_complex to None, run_after=None
[2024-11-18T20:59:53.614+0000] {processor.py:208} INFO - Processing /home/airflow/.local/lib/python3.11/site-packages/airflow/example_dags/example_complex.py took 0.070 seconds
[2024-11-18T21:00:25.328+0000] {processor.py:186} INFO - Started process (PID=1687) to work on /home/airflow/.local/lib/python3.11/site-packages/airflow/example_dags/example_complex.py
[2024-11-18T21:00:25.329+0000] {processor.py:914} INFO - Processing file /home/airflow/.local/lib/python3.11/site-packages/airflow/example_dags/example_complex.py for tasks to queue
[2024-11-18T21:00:25.330+0000] {logging_mixin.py:190} INFO - [2024-11-18T21:00:25.330+0000] {dagbag.py:588} INFO - Filling up the DagBag from /home/airflow/.local/lib/python3.11/site-packages/airflow/example_dags/example_complex.py
[2024-11-18T21:00:25.338+0000] {processor.py:925} INFO - DAG(s) 'example_complex' retrieved from /home/airflow/.local/lib/python3.11/site-packages/airflow/example_dags/example_complex.py
[2024-11-18T21:00:25.384+0000] {logging_mixin.py:190} INFO - [2024-11-18T21:00:25.384+0000] {dag.py:3239} INFO - Sync 1 DAGs
[2024-11-18T21:00:25.426+0000] {logging_mixin.py:190} INFO - [2024-11-18T21:00:25.426+0000] {dag.py:4180} INFO - Setting next_dagrun for example_complex to None, run_after=None
[2024-11-18T21:00:25.485+0000] {processor.py:208} INFO - Processing /home/airflow/.local/lib/python3.11/site-packages/airflow/example_dags/example_complex.py took 0.164 seconds
[2024-11-18T21:00:56.755+0000] {processor.py:186} INFO - Started process (PID=1751) to work on /home/airflow/.local/lib/python3.11/site-packages/airflow/example_dags/example_complex.py
[2024-11-18T21:00:56.757+0000] {processor.py:914} INFO - Processing file /home/airflow/.local/lib/python3.11/site-packages/airflow/example_dags/example_complex.py for tasks to queue
[2024-11-18T21:00:56.760+0000] {logging_mixin.py:190} INFO - [2024-11-18T21:00:56.760+0000] {dagbag.py:588} INFO - Filling up the DagBag from /home/airflow/.local/lib/python3.11/site-packages/airflow/example_dags/example_complex.py
[2024-11-18T21:00:56.779+0000] {processor.py:925} INFO - DAG(s) 'example_complex' retrieved from /home/airflow/.local/lib/python3.11/site-packages/airflow/example_dags/example_complex.py
[2024-11-18T21:00:56.813+0000] {logging_mixin.py:190} INFO - [2024-11-18T21:00:56.812+0000] {dag.py:3239} INFO - Sync 1 DAGs
[2024-11-18T21:00:56.823+0000] {logging_mixin.py:190} INFO - [2024-11-18T21:00:56.823+0000] {dag.py:4180} INFO - Setting next_dagrun for example_complex to None, run_after=None
[2024-11-18T21:00:56.834+0000] {processor.py:208} INFO - Processing /home/airflow/.local/lib/python3.11/site-packages/airflow/example_dags/example_complex.py took 0.084 seconds
[2024-11-18T21:01:27.280+0000] {processor.py:186} INFO - Started process (PID=1813) to work on /home/airflow/.local/lib/python3.11/site-packages/airflow/example_dags/example_complex.py
[2024-11-18T21:01:27.284+0000] {processor.py:914} INFO - Processing file /home/airflow/.local/lib/python3.11/site-packages/airflow/example_dags/example_complex.py for tasks to queue
[2024-11-18T21:01:27.324+0000] {logging_mixin.py:190} INFO - [2024-11-18T21:01:27.321+0000] {dagbag.py:588} INFO - Filling up the DagBag from /home/airflow/.local/lib/python3.11/site-packages/airflow/example_dags/example_complex.py
[2024-11-18T21:01:27.455+0000] {processor.py:925} INFO - DAG(s) 'example_complex' retrieved from /home/airflow/.local/lib/python3.11/site-packages/airflow/example_dags/example_complex.py
[2024-11-18T21:01:27.535+0000] {logging_mixin.py:190} INFO - [2024-11-18T21:01:27.535+0000] {dag.py:3239} INFO - Sync 1 DAGs
[2024-11-18T21:01:27.582+0000] {logging_mixin.py:190} INFO - [2024-11-18T21:01:27.582+0000] {dag.py:4180} INFO - Setting next_dagrun for example_complex to None, run_after=None
[2024-11-18T21:01:27.599+0000] {processor.py:208} INFO - Processing /home/airflow/.local/lib/python3.11/site-packages/airflow/example_dags/example_complex.py took 0.340 seconds
[2024-11-18T21:01:58.720+0000] {processor.py:186} INFO - Started process (PID=1876) to work on /home/airflow/.local/lib/python3.11/site-packages/airflow/example_dags/example_complex.py
[2024-11-18T21:01:58.756+0000] {processor.py:914} INFO - Processing file /home/airflow/.local/lib/python3.11/site-packages/airflow/example_dags/example_complex.py for tasks to queue
[2024-11-18T21:01:58.832+0000] {logging_mixin.py:190} INFO - [2024-11-18T21:01:58.832+0000] {dagbag.py:588} INFO - Filling up the DagBag from /home/airflow/.local/lib/python3.11/site-packages/airflow/example_dags/example_complex.py
[2024-11-18T21:01:58.901+0000] {processor.py:925} INFO - DAG(s) 'example_complex' retrieved from /home/airflow/.local/lib/python3.11/site-packages/airflow/example_dags/example_complex.py
[2024-11-18T21:02:00.414+0000] {logging_mixin.py:190} INFO - [2024-11-18T21:02:00.411+0000] {dag.py:3239} INFO - Sync 1 DAGs
[2024-11-18T21:02:00.813+0000] {logging_mixin.py:190} INFO - [2024-11-18T21:02:00.812+0000] {dag.py:4180} INFO - Setting next_dagrun for example_complex to None, run_after=None
[2024-11-18T21:02:00.904+0000] {processor.py:208} INFO - Processing /home/airflow/.local/lib/python3.11/site-packages/airflow/example_dags/example_complex.py took 2.332 seconds
[2024-11-18T21:02:31.267+0000] {processor.py:186} INFO - Started process (PID=1944) to work on /home/airflow/.local/lib/python3.11/site-packages/airflow/example_dags/example_complex.py
[2024-11-18T21:02:31.274+0000] {processor.py:914} INFO - Processing file /home/airflow/.local/lib/python3.11/site-packages/airflow/example_dags/example_complex.py for tasks to queue
[2024-11-18T21:02:31.346+0000] {logging_mixin.py:190} INFO - [2024-11-18T21:02:31.336+0000] {dagbag.py:588} INFO - Filling up the DagBag from /home/airflow/.local/lib/python3.11/site-packages/airflow/example_dags/example_complex.py
[2024-11-18T21:02:31.426+0000] {processor.py:925} INFO - DAG(s) 'example_complex' retrieved from /home/airflow/.local/lib/python3.11/site-packages/airflow/example_dags/example_complex.py
[2024-11-18T21:02:31.519+0000] {logging_mixin.py:190} INFO - [2024-11-18T21:02:31.519+0000] {dag.py:3239} INFO - Sync 1 DAGs
[2024-11-18T21:02:31.586+0000] {logging_mixin.py:190} INFO - [2024-11-18T21:02:31.586+0000] {dag.py:4180} INFO - Setting next_dagrun for example_complex to None, run_after=None
[2024-11-18T21:02:31.634+0000] {processor.py:208} INFO - Processing /home/airflow/.local/lib/python3.11/site-packages/airflow/example_dags/example_complex.py took 0.446 seconds
[2024-11-18T21:03:02.105+0000] {processor.py:186} INFO - Started process (PID=2008) to work on /home/airflow/.local/lib/python3.11/site-packages/airflow/example_dags/example_complex.py
[2024-11-18T21:03:02.107+0000] {processor.py:914} INFO - Processing file /home/airflow/.local/lib/python3.11/site-packages/airflow/example_dags/example_complex.py for tasks to queue
[2024-11-18T21:03:02.114+0000] {logging_mixin.py:190} INFO - [2024-11-18T21:03:02.114+0000] {dagbag.py:588} INFO - Filling up the DagBag from /home/airflow/.local/lib/python3.11/site-packages/airflow/example_dags/example_complex.py
[2024-11-18T21:03:02.137+0000] {processor.py:925} INFO - DAG(s) 'example_complex' retrieved from /home/airflow/.local/lib/python3.11/site-packages/airflow/example_dags/example_complex.py
[2024-11-18T21:03:02.179+0000] {logging_mixin.py:190} INFO - [2024-11-18T21:03:02.178+0000] {dag.py:3239} INFO - Sync 1 DAGs
[2024-11-18T21:03:02.205+0000] {logging_mixin.py:190} INFO - [2024-11-18T21:03:02.204+0000] {dag.py:4180} INFO - Setting next_dagrun for example_complex to None, run_after=None
[2024-11-18T21:03:02.237+0000] {processor.py:208} INFO - Processing /home/airflow/.local/lib/python3.11/site-packages/airflow/example_dags/example_complex.py took 0.154 seconds
[2024-11-18T21:03:33.143+0000] {processor.py:186} INFO - Started process (PID=2072) to work on /home/airflow/.local/lib/python3.11/site-packages/airflow/example_dags/example_complex.py
[2024-11-18T21:03:33.144+0000] {processor.py:914} INFO - Processing file /home/airflow/.local/lib/python3.11/site-packages/airflow/example_dags/example_complex.py for tasks to queue
[2024-11-18T21:03:33.147+0000] {logging_mixin.py:190} INFO - [2024-11-18T21:03:33.147+0000] {dagbag.py:588} INFO - Filling up the DagBag from /home/airflow/.local/lib/python3.11/site-packages/airflow/example_dags/example_complex.py
[2024-11-18T21:03:33.157+0000] {processor.py:925} INFO - DAG(s) 'example_complex' retrieved from /home/airflow/.local/lib/python3.11/site-packages/airflow/example_dags/example_complex.py
[2024-11-18T21:03:33.176+0000] {logging_mixin.py:190} INFO - [2024-11-18T21:03:33.176+0000] {dag.py:3239} INFO - Sync 1 DAGs
[2024-11-18T21:03:33.191+0000] {logging_mixin.py:190} INFO - [2024-11-18T21:03:33.189+0000] {dag.py:4180} INFO - Setting next_dagrun for example_complex to None, run_after=None
[2024-11-18T21:03:33.245+0000] {processor.py:208} INFO - Processing /home/airflow/.local/lib/python3.11/site-packages/airflow/example_dags/example_complex.py took 0.110 seconds
[2024-11-18T21:04:03.390+0000] {processor.py:186} INFO - Started process (PID=2135) to work on /home/airflow/.local/lib/python3.11/site-packages/airflow/example_dags/example_complex.py
[2024-11-18T21:04:03.391+0000] {processor.py:914} INFO - Processing file /home/airflow/.local/lib/python3.11/site-packages/airflow/example_dags/example_complex.py for tasks to queue
[2024-11-18T21:04:03.393+0000] {logging_mixin.py:190} INFO - [2024-11-18T21:04:03.393+0000] {dagbag.py:588} INFO - Filling up the DagBag from /home/airflow/.local/lib/python3.11/site-packages/airflow/example_dags/example_complex.py
[2024-11-18T21:04:03.402+0000] {processor.py:925} INFO - DAG(s) 'example_complex' retrieved from /home/airflow/.local/lib/python3.11/site-packages/airflow/example_dags/example_complex.py
[2024-11-18T21:04:03.442+0000] {logging_mixin.py:190} INFO - [2024-11-18T21:04:03.441+0000] {dag.py:3239} INFO - Sync 1 DAGs
[2024-11-18T21:04:03.465+0000] {logging_mixin.py:190} INFO - [2024-11-18T21:04:03.464+0000] {dag.py:4180} INFO - Setting next_dagrun for example_complex to None, run_after=None
[2024-11-18T21:04:03.480+0000] {processor.py:208} INFO - Processing /home/airflow/.local/lib/python3.11/site-packages/airflow/example_dags/example_complex.py took 0.094 seconds
[2024-11-18T21:04:33.995+0000] {processor.py:186} INFO - Started process (PID=2198) to work on /home/airflow/.local/lib/python3.11/site-packages/airflow/example_dags/example_complex.py
[2024-11-18T21:04:33.996+0000] {processor.py:914} INFO - Processing file /home/airflow/.local/lib/python3.11/site-packages/airflow/example_dags/example_complex.py for tasks to queue
[2024-11-18T21:04:34.000+0000] {logging_mixin.py:190} INFO - [2024-11-18T21:04:34.000+0000] {dagbag.py:588} INFO - Filling up the DagBag from /home/airflow/.local/lib/python3.11/site-packages/airflow/example_dags/example_complex.py
[2024-11-18T21:04:34.029+0000] {processor.py:925} INFO - DAG(s) 'example_complex' retrieved from /home/airflow/.local/lib/python3.11/site-packages/airflow/example_dags/example_complex.py
[2024-11-18T21:04:34.066+0000] {logging_mixin.py:190} INFO - [2024-11-18T21:04:34.065+0000] {dag.py:3239} INFO - Sync 1 DAGs
[2024-11-18T21:04:34.094+0000] {logging_mixin.py:190} INFO - [2024-11-18T21:04:34.094+0000] {dag.py:4180} INFO - Setting next_dagrun for example_complex to None, run_after=None
[2024-11-18T21:04:34.111+0000] {processor.py:208} INFO - Processing /home/airflow/.local/lib/python3.11/site-packages/airflow/example_dags/example_complex.py took 0.121 seconds
[2024-11-18T21:05:04.501+0000] {processor.py:186} INFO - Started process (PID=2261) to work on /home/airflow/.local/lib/python3.11/site-packages/airflow/example_dags/example_complex.py
[2024-11-18T21:05:04.502+0000] {processor.py:914} INFO - Processing file /home/airflow/.local/lib/python3.11/site-packages/airflow/example_dags/example_complex.py for tasks to queue
[2024-11-18T21:05:04.504+0000] {logging_mixin.py:190} INFO - [2024-11-18T21:05:04.504+0000] {dagbag.py:588} INFO - Filling up the DagBag from /home/airflow/.local/lib/python3.11/site-packages/airflow/example_dags/example_complex.py
[2024-11-18T21:05:04.512+0000] {processor.py:925} INFO - DAG(s) 'example_complex' retrieved from /home/airflow/.local/lib/python3.11/site-packages/airflow/example_dags/example_complex.py
[2024-11-18T21:05:04.532+0000] {logging_mixin.py:190} INFO - [2024-11-18T21:05:04.532+0000] {dag.py:3239} INFO - Sync 1 DAGs
[2024-11-18T21:05:04.540+0000] {logging_mixin.py:190} INFO - [2024-11-18T21:05:04.540+0000] {dag.py:4180} INFO - Setting next_dagrun for example_complex to None, run_after=None
[2024-11-18T21:05:04.564+0000] {processor.py:208} INFO - Processing /home/airflow/.local/lib/python3.11/site-packages/airflow/example_dags/example_complex.py took 0.074 seconds
[2024-11-18T21:05:35.491+0000] {processor.py:186} INFO - Started process (PID=2323) to work on /home/airflow/.local/lib/python3.11/site-packages/airflow/example_dags/example_complex.py
[2024-11-18T21:05:35.492+0000] {processor.py:914} INFO - Processing file /home/airflow/.local/lib/python3.11/site-packages/airflow/example_dags/example_complex.py for tasks to queue
[2024-11-18T21:05:35.494+0000] {logging_mixin.py:190} INFO - [2024-11-18T21:05:35.494+0000] {dagbag.py:588} INFO - Filling up the DagBag from /home/airflow/.local/lib/python3.11/site-packages/airflow/example_dags/example_complex.py
[2024-11-18T21:05:35.502+0000] {processor.py:925} INFO - DAG(s) 'example_complex' retrieved from /home/airflow/.local/lib/python3.11/site-packages/airflow/example_dags/example_complex.py
[2024-11-18T21:05:35.522+0000] {logging_mixin.py:190} INFO - [2024-11-18T21:05:35.522+0000] {dag.py:3239} INFO - Sync 1 DAGs
[2024-11-18T21:05:35.531+0000] {logging_mixin.py:190} INFO - [2024-11-18T21:05:35.531+0000] {dag.py:4180} INFO - Setting next_dagrun for example_complex to None, run_after=None
[2024-11-18T21:05:35.545+0000] {processor.py:208} INFO - Processing /home/airflow/.local/lib/python3.11/site-packages/airflow/example_dags/example_complex.py took 0.058 seconds
[2024-11-18T21:06:06.690+0000] {processor.py:186} INFO - Started process (PID=2386) to work on /home/airflow/.local/lib/python3.11/site-packages/airflow/example_dags/example_complex.py
[2024-11-18T21:06:06.691+0000] {processor.py:914} INFO - Processing file /home/airflow/.local/lib/python3.11/site-packages/airflow/example_dags/example_complex.py for tasks to queue
[2024-11-18T21:06:06.694+0000] {logging_mixin.py:190} INFO - [2024-11-18T21:06:06.693+0000] {dagbag.py:588} INFO - Filling up the DagBag from /home/airflow/.local/lib/python3.11/site-packages/airflow/example_dags/example_complex.py
[2024-11-18T21:06:06.702+0000] {processor.py:925} INFO - DAG(s) 'example_complex' retrieved from /home/airflow/.local/lib/python3.11/site-packages/airflow/example_dags/example_complex.py
[2024-11-18T21:06:06.732+0000] {logging_mixin.py:190} INFO - [2024-11-18T21:06:06.731+0000] {dag.py:3239} INFO - Sync 1 DAGs
[2024-11-18T21:06:06.740+0000] {logging_mixin.py:190} INFO - [2024-11-18T21:06:06.740+0000] {dag.py:4180} INFO - Setting next_dagrun for example_complex to None, run_after=None
[2024-11-18T21:06:06.750+0000] {processor.py:208} INFO - Processing /home/airflow/.local/lib/python3.11/site-packages/airflow/example_dags/example_complex.py took 0.064 seconds
[2024-11-18T21:06:37.726+0000] {processor.py:186} INFO - Started process (PID=2449) to work on /home/airflow/.local/lib/python3.11/site-packages/airflow/example_dags/example_complex.py
[2024-11-18T21:06:37.727+0000] {processor.py:914} INFO - Processing file /home/airflow/.local/lib/python3.11/site-packages/airflow/example_dags/example_complex.py for tasks to queue
[2024-11-18T21:06:37.730+0000] {logging_mixin.py:190} INFO - [2024-11-18T21:06:37.730+0000] {dagbag.py:588} INFO - Filling up the DagBag from /home/airflow/.local/lib/python3.11/site-packages/airflow/example_dags/example_complex.py
[2024-11-18T21:06:37.750+0000] {processor.py:925} INFO - DAG(s) 'example_complex' retrieved from /home/airflow/.local/lib/python3.11/site-packages/airflow/example_dags/example_complex.py
[2024-11-18T21:06:37.773+0000] {logging_mixin.py:190} INFO - [2024-11-18T21:06:37.773+0000] {dag.py:3239} INFO - Sync 1 DAGs
[2024-11-18T21:06:37.783+0000] {logging_mixin.py:190} INFO - [2024-11-18T21:06:37.783+0000] {dag.py:4180} INFO - Setting next_dagrun for example_complex to None, run_after=None
[2024-11-18T21:06:37.793+0000] {processor.py:208} INFO - Processing /home/airflow/.local/lib/python3.11/site-packages/airflow/example_dags/example_complex.py took 0.072 seconds
[2024-11-18T21:07:08.085+0000] {processor.py:186} INFO - Started process (PID=2511) to work on /home/airflow/.local/lib/python3.11/site-packages/airflow/example_dags/example_complex.py
[2024-11-18T21:07:08.086+0000] {processor.py:914} INFO - Processing file /home/airflow/.local/lib/python3.11/site-packages/airflow/example_dags/example_complex.py for tasks to queue
[2024-11-18T21:07:08.087+0000] {logging_mixin.py:190} INFO - [2024-11-18T21:07:08.087+0000] {dagbag.py:588} INFO - Filling up the DagBag from /home/airflow/.local/lib/python3.11/site-packages/airflow/example_dags/example_complex.py
[2024-11-18T21:07:08.094+0000] {processor.py:925} INFO - DAG(s) 'example_complex' retrieved from /home/airflow/.local/lib/python3.11/site-packages/airflow/example_dags/example_complex.py
[2024-11-18T21:07:08.111+0000] {logging_mixin.py:190} INFO - [2024-11-18T21:07:08.111+0000] {dag.py:3239} INFO - Sync 1 DAGs
[2024-11-18T21:07:08.119+0000] {logging_mixin.py:190} INFO - [2024-11-18T21:07:08.119+0000] {dag.py:4180} INFO - Setting next_dagrun for example_complex to None, run_after=None
[2024-11-18T21:07:08.128+0000] {processor.py:208} INFO - Processing /home/airflow/.local/lib/python3.11/site-packages/airflow/example_dags/example_complex.py took 0.046 seconds
