[2024-11-18T20:27:24.379+0000] {processor.py:186} INFO - Started process (PID=87) to work on /home/airflow/.local/lib/python3.11/site-packages/airflow/example_dags/tutorial_objectstorage.py
[2024-11-18T20:27:24.380+0000] {processor.py:914} INFO - Processing file /home/airflow/.local/lib/python3.11/site-packages/airflow/example_dags/tutorial_objectstorage.py for tasks to queue
[2024-11-18T20:27:24.382+0000] {logging_mixin.py:190} INFO - [2024-11-18T20:27:24.382+0000] {dagbag.py:588} INFO - Filling up the DagBag from /home/airflow/.local/lib/python3.11/site-packages/airflow/example_dags/tutorial_objectstorage.py
[2024-11-18T20:27:24.388+0000] {processor.py:925} INFO - DAG(s) 'tutorial_objectstorage' retrieved from /home/airflow/.local/lib/python3.11/site-packages/airflow/example_dags/tutorial_objectstorage.py
[2024-11-18T20:27:24.398+0000] {logging_mixin.py:190} INFO - [2024-11-18T20:27:24.398+0000] {dag.py:3239} INFO - Sync 1 DAGs
[2024-11-18T20:27:24.512+0000] {logging_mixin.py:190} INFO - [2024-11-18T20:27:24.511+0000] {dag.py:4180} INFO - Setting next_dagrun for tutorial_objectstorage to None, run_after=None
[2024-11-18T20:27:24.521+0000] {processor.py:208} INFO - Processing /home/airflow/.local/lib/python3.11/site-packages/airflow/example_dags/tutorial_objectstorage.py took 0.145 seconds
[2024-11-18T20:27:54.938+0000] {processor.py:186} INFO - Started process (PID=150) to work on /home/airflow/.local/lib/python3.11/site-packages/airflow/example_dags/tutorial_objectstorage.py
[2024-11-18T20:27:54.939+0000] {processor.py:914} INFO - Processing file /home/airflow/.local/lib/python3.11/site-packages/airflow/example_dags/tutorial_objectstorage.py for tasks to queue
[2024-11-18T20:27:54.941+0000] {logging_mixin.py:190} INFO - [2024-11-18T20:27:54.940+0000] {dagbag.py:588} INFO - Filling up the DagBag from /home/airflow/.local/lib/python3.11/site-packages/airflow/example_dags/tutorial_objectstorage.py
[2024-11-18T20:27:54.945+0000] {processor.py:925} INFO - DAG(s) 'tutorial_objectstorage' retrieved from /home/airflow/.local/lib/python3.11/site-packages/airflow/example_dags/tutorial_objectstorage.py
[2024-11-18T20:27:54.955+0000] {logging_mixin.py:190} INFO - [2024-11-18T20:27:54.955+0000] {dag.py:3239} INFO - Sync 1 DAGs
[2024-11-18T20:27:54.961+0000] {logging_mixin.py:190} INFO - [2024-11-18T20:27:54.961+0000] {dag.py:4180} INFO - Setting next_dagrun for tutorial_objectstorage to None, run_after=None
[2024-11-18T20:27:55.078+0000] {processor.py:208} INFO - Processing /home/airflow/.local/lib/python3.11/site-packages/airflow/example_dags/tutorial_objectstorage.py took 0.143 seconds
[2024-11-18T20:28:25.600+0000] {processor.py:186} INFO - Started process (PID=213) to work on /home/airflow/.local/lib/python3.11/site-packages/airflow/example_dags/tutorial_objectstorage.py
[2024-11-18T20:28:25.601+0000] {processor.py:914} INFO - Processing file /home/airflow/.local/lib/python3.11/site-packages/airflow/example_dags/tutorial_objectstorage.py for tasks to queue
[2024-11-18T20:28:25.603+0000] {logging_mixin.py:190} INFO - [2024-11-18T20:28:25.603+0000] {dagbag.py:588} INFO - Filling up the DagBag from /home/airflow/.local/lib/python3.11/site-packages/airflow/example_dags/tutorial_objectstorage.py
[2024-11-18T20:28:25.608+0000] {processor.py:925} INFO - DAG(s) 'tutorial_objectstorage' retrieved from /home/airflow/.local/lib/python3.11/site-packages/airflow/example_dags/tutorial_objectstorage.py
[2024-11-18T20:28:25.620+0000] {logging_mixin.py:190} INFO - [2024-11-18T20:28:25.619+0000] {dag.py:3239} INFO - Sync 1 DAGs
[2024-11-18T20:28:25.748+0000] {logging_mixin.py:190} INFO - [2024-11-18T20:28:25.748+0000] {dag.py:4180} INFO - Setting next_dagrun for tutorial_objectstorage to None, run_after=None
[2024-11-18T20:28:25.756+0000] {processor.py:208} INFO - Processing /home/airflow/.local/lib/python3.11/site-packages/airflow/example_dags/tutorial_objectstorage.py took 0.159 seconds
[2024-11-18T20:28:56.981+0000] {processor.py:186} INFO - Started process (PID=276) to work on /home/airflow/.local/lib/python3.11/site-packages/airflow/example_dags/tutorial_objectstorage.py
[2024-11-18T20:28:56.982+0000] {processor.py:914} INFO - Processing file /home/airflow/.local/lib/python3.11/site-packages/airflow/example_dags/tutorial_objectstorage.py for tasks to queue
[2024-11-18T20:28:56.984+0000] {logging_mixin.py:190} INFO - [2024-11-18T20:28:56.983+0000] {dagbag.py:588} INFO - Filling up the DagBag from /home/airflow/.local/lib/python3.11/site-packages/airflow/example_dags/tutorial_objectstorage.py
[2024-11-18T20:28:56.991+0000] {processor.py:925} INFO - DAG(s) 'tutorial_objectstorage' retrieved from /home/airflow/.local/lib/python3.11/site-packages/airflow/example_dags/tutorial_objectstorage.py
[2024-11-18T20:28:57.007+0000] {logging_mixin.py:190} INFO - [2024-11-18T20:28:57.007+0000] {dag.py:3239} INFO - Sync 1 DAGs
[2024-11-18T20:28:57.132+0000] {logging_mixin.py:190} INFO - [2024-11-18T20:28:57.132+0000] {dag.py:4180} INFO - Setting next_dagrun for tutorial_objectstorage to None, run_after=None
[2024-11-18T20:28:57.141+0000] {processor.py:208} INFO - Processing /home/airflow/.local/lib/python3.11/site-packages/airflow/example_dags/tutorial_objectstorage.py took 0.164 seconds
[2024-11-18T20:29:27.699+0000] {processor.py:186} INFO - Started process (PID=339) to work on /home/airflow/.local/lib/python3.11/site-packages/airflow/example_dags/tutorial_objectstorage.py
[2024-11-18T20:29:27.699+0000] {processor.py:914} INFO - Processing file /home/airflow/.local/lib/python3.11/site-packages/airflow/example_dags/tutorial_objectstorage.py for tasks to queue
[2024-11-18T20:29:27.700+0000] {logging_mixin.py:190} INFO - [2024-11-18T20:29:27.700+0000] {dagbag.py:588} INFO - Filling up the DagBag from /home/airflow/.local/lib/python3.11/site-packages/airflow/example_dags/tutorial_objectstorage.py
[2024-11-18T20:29:27.705+0000] {processor.py:925} INFO - DAG(s) 'tutorial_objectstorage' retrieved from /home/airflow/.local/lib/python3.11/site-packages/airflow/example_dags/tutorial_objectstorage.py
[2024-11-18T20:29:27.714+0000] {logging_mixin.py:190} INFO - [2024-11-18T20:29:27.714+0000] {dag.py:3239} INFO - Sync 1 DAGs
[2024-11-18T20:29:27.824+0000] {logging_mixin.py:190} INFO - [2024-11-18T20:29:27.824+0000] {dag.py:4180} INFO - Setting next_dagrun for tutorial_objectstorage to None, run_after=None
[2024-11-18T20:29:27.833+0000] {processor.py:208} INFO - Processing /home/airflow/.local/lib/python3.11/site-packages/airflow/example_dags/tutorial_objectstorage.py took 0.137 seconds
[2024-11-18T20:29:59.159+0000] {processor.py:186} INFO - Started process (PID=402) to work on /home/airflow/.local/lib/python3.11/site-packages/airflow/example_dags/tutorial_objectstorage.py
[2024-11-18T20:29:59.160+0000] {processor.py:914} INFO - Processing file /home/airflow/.local/lib/python3.11/site-packages/airflow/example_dags/tutorial_objectstorage.py for tasks to queue
[2024-11-18T20:29:59.162+0000] {logging_mixin.py:190} INFO - [2024-11-18T20:29:59.162+0000] {dagbag.py:588} INFO - Filling up the DagBag from /home/airflow/.local/lib/python3.11/site-packages/airflow/example_dags/tutorial_objectstorage.py
[2024-11-18T20:29:59.170+0000] {processor.py:925} INFO - DAG(s) 'tutorial_objectstorage' retrieved from /home/airflow/.local/lib/python3.11/site-packages/airflow/example_dags/tutorial_objectstorage.py
[2024-11-18T20:29:59.189+0000] {logging_mixin.py:190} INFO - [2024-11-18T20:29:59.189+0000] {dag.py:3239} INFO - Sync 1 DAGs
[2024-11-18T20:29:59.386+0000] {logging_mixin.py:190} INFO - [2024-11-18T20:29:59.386+0000] {dag.py:4180} INFO - Setting next_dagrun for tutorial_objectstorage to None, run_after=None
[2024-11-18T20:29:59.407+0000] {processor.py:208} INFO - Processing /home/airflow/.local/lib/python3.11/site-packages/airflow/example_dags/tutorial_objectstorage.py took 0.252 seconds
[2024-11-18T20:30:29.670+0000] {processor.py:186} INFO - Started process (PID=465) to work on /home/airflow/.local/lib/python3.11/site-packages/airflow/example_dags/tutorial_objectstorage.py
[2024-11-18T20:30:29.670+0000] {processor.py:914} INFO - Processing file /home/airflow/.local/lib/python3.11/site-packages/airflow/example_dags/tutorial_objectstorage.py for tasks to queue
[2024-11-18T20:30:29.672+0000] {logging_mixin.py:190} INFO - [2024-11-18T20:30:29.672+0000] {dagbag.py:588} INFO - Filling up the DagBag from /home/airflow/.local/lib/python3.11/site-packages/airflow/example_dags/tutorial_objectstorage.py
[2024-11-18T20:30:29.676+0000] {processor.py:925} INFO - DAG(s) 'tutorial_objectstorage' retrieved from /home/airflow/.local/lib/python3.11/site-packages/airflow/example_dags/tutorial_objectstorage.py
[2024-11-18T20:30:29.686+0000] {logging_mixin.py:190} INFO - [2024-11-18T20:30:29.686+0000] {dag.py:3239} INFO - Sync 1 DAGs
[2024-11-18T20:30:29.693+0000] {logging_mixin.py:190} INFO - [2024-11-18T20:30:29.693+0000] {dag.py:4180} INFO - Setting next_dagrun for tutorial_objectstorage to None, run_after=None
[2024-11-18T20:30:29.807+0000] {processor.py:208} INFO - Processing /home/airflow/.local/lib/python3.11/site-packages/airflow/example_dags/tutorial_objectstorage.py took 0.140 seconds
[2024-11-18T20:31:00.155+0000] {processor.py:186} INFO - Started process (PID=528) to work on /home/airflow/.local/lib/python3.11/site-packages/airflow/example_dags/tutorial_objectstorage.py
[2024-11-18T20:31:00.156+0000] {processor.py:914} INFO - Processing file /home/airflow/.local/lib/python3.11/site-packages/airflow/example_dags/tutorial_objectstorage.py for tasks to queue
[2024-11-18T20:31:00.157+0000] {logging_mixin.py:190} INFO - [2024-11-18T20:31:00.157+0000] {dagbag.py:588} INFO - Filling up the DagBag from /home/airflow/.local/lib/python3.11/site-packages/airflow/example_dags/tutorial_objectstorage.py
[2024-11-18T20:31:00.162+0000] {processor.py:925} INFO - DAG(s) 'tutorial_objectstorage' retrieved from /home/airflow/.local/lib/python3.11/site-packages/airflow/example_dags/tutorial_objectstorage.py
[2024-11-18T20:31:00.173+0000] {logging_mixin.py:190} INFO - [2024-11-18T20:31:00.173+0000] {dag.py:3239} INFO - Sync 1 DAGs
[2024-11-18T20:31:00.181+0000] {logging_mixin.py:190} INFO - [2024-11-18T20:31:00.180+0000] {dag.py:4180} INFO - Setting next_dagrun for tutorial_objectstorage to None, run_after=None
[2024-11-18T20:31:00.189+0000] {processor.py:208} INFO - Processing /home/airflow/.local/lib/python3.11/site-packages/airflow/example_dags/tutorial_objectstorage.py took 0.038 seconds
[2024-11-18T20:31:30.636+0000] {processor.py:186} INFO - Started process (PID=591) to work on /home/airflow/.local/lib/python3.11/site-packages/airflow/example_dags/tutorial_objectstorage.py
[2024-11-18T20:31:30.637+0000] {processor.py:914} INFO - Processing file /home/airflow/.local/lib/python3.11/site-packages/airflow/example_dags/tutorial_objectstorage.py for tasks to queue
[2024-11-18T20:31:30.639+0000] {logging_mixin.py:190} INFO - [2024-11-18T20:31:30.638+0000] {dagbag.py:588} INFO - Filling up the DagBag from /home/airflow/.local/lib/python3.11/site-packages/airflow/example_dags/tutorial_objectstorage.py
[2024-11-18T20:31:30.644+0000] {processor.py:925} INFO - DAG(s) 'tutorial_objectstorage' retrieved from /home/airflow/.local/lib/python3.11/site-packages/airflow/example_dags/tutorial_objectstorage.py
[2024-11-18T20:31:30.653+0000] {logging_mixin.py:190} INFO - [2024-11-18T20:31:30.653+0000] {dag.py:3239} INFO - Sync 1 DAGs
[2024-11-18T20:31:30.660+0000] {logging_mixin.py:190} INFO - [2024-11-18T20:31:30.660+0000] {dag.py:4180} INFO - Setting next_dagrun for tutorial_objectstorage to None, run_after=None
[2024-11-18T20:31:30.670+0000] {processor.py:208} INFO - Processing /home/airflow/.local/lib/python3.11/site-packages/airflow/example_dags/tutorial_objectstorage.py took 0.037 seconds
[2024-11-18T20:32:01.083+0000] {processor.py:186} INFO - Started process (PID=654) to work on /home/airflow/.local/lib/python3.11/site-packages/airflow/example_dags/tutorial_objectstorage.py
[2024-11-18T20:32:01.084+0000] {processor.py:914} INFO - Processing file /home/airflow/.local/lib/python3.11/site-packages/airflow/example_dags/tutorial_objectstorage.py for tasks to queue
[2024-11-18T20:32:01.086+0000] {logging_mixin.py:190} INFO - [2024-11-18T20:32:01.086+0000] {dagbag.py:588} INFO - Filling up the DagBag from /home/airflow/.local/lib/python3.11/site-packages/airflow/example_dags/tutorial_objectstorage.py
[2024-11-18T20:32:01.091+0000] {processor.py:925} INFO - DAG(s) 'tutorial_objectstorage' retrieved from /home/airflow/.local/lib/python3.11/site-packages/airflow/example_dags/tutorial_objectstorage.py
[2024-11-18T20:32:01.102+0000] {logging_mixin.py:190} INFO - [2024-11-18T20:32:01.101+0000] {dag.py:3239} INFO - Sync 1 DAGs
[2024-11-18T20:32:01.109+0000] {logging_mixin.py:190} INFO - [2024-11-18T20:32:01.109+0000] {dag.py:4180} INFO - Setting next_dagrun for tutorial_objectstorage to None, run_after=None
[2024-11-18T20:32:01.117+0000] {processor.py:208} INFO - Processing /home/airflow/.local/lib/python3.11/site-packages/airflow/example_dags/tutorial_objectstorage.py took 0.036 seconds
[2024-11-18T20:32:31.184+0000] {processor.py:186} INFO - Started process (PID=717) to work on /home/airflow/.local/lib/python3.11/site-packages/airflow/example_dags/tutorial_objectstorage.py
[2024-11-18T20:32:31.185+0000] {processor.py:914} INFO - Processing file /home/airflow/.local/lib/python3.11/site-packages/airflow/example_dags/tutorial_objectstorage.py for tasks to queue
[2024-11-18T20:32:31.187+0000] {logging_mixin.py:190} INFO - [2024-11-18T20:32:31.187+0000] {dagbag.py:588} INFO - Filling up the DagBag from /home/airflow/.local/lib/python3.11/site-packages/airflow/example_dags/tutorial_objectstorage.py
[2024-11-18T20:32:31.193+0000] {processor.py:925} INFO - DAG(s) 'tutorial_objectstorage' retrieved from /home/airflow/.local/lib/python3.11/site-packages/airflow/example_dags/tutorial_objectstorage.py
[2024-11-18T20:32:31.204+0000] {logging_mixin.py:190} INFO - [2024-11-18T20:32:31.204+0000] {dag.py:3239} INFO - Sync 1 DAGs
[2024-11-18T20:32:31.212+0000] {logging_mixin.py:190} INFO - [2024-11-18T20:32:31.212+0000] {dag.py:4180} INFO - Setting next_dagrun for tutorial_objectstorage to None, run_after=None
[2024-11-18T20:32:31.223+0000] {processor.py:208} INFO - Processing /home/airflow/.local/lib/python3.11/site-packages/airflow/example_dags/tutorial_objectstorage.py took 0.044 seconds
[2024-11-18T20:33:01.458+0000] {processor.py:186} INFO - Started process (PID=780) to work on /home/airflow/.local/lib/python3.11/site-packages/airflow/example_dags/tutorial_objectstorage.py
[2024-11-18T20:33:01.459+0000] {processor.py:914} INFO - Processing file /home/airflow/.local/lib/python3.11/site-packages/airflow/example_dags/tutorial_objectstorage.py for tasks to queue
[2024-11-18T20:33:01.460+0000] {logging_mixin.py:190} INFO - [2024-11-18T20:33:01.460+0000] {dagbag.py:588} INFO - Filling up the DagBag from /home/airflow/.local/lib/python3.11/site-packages/airflow/example_dags/tutorial_objectstorage.py
[2024-11-18T20:33:01.468+0000] {processor.py:925} INFO - DAG(s) 'tutorial_objectstorage' retrieved from /home/airflow/.local/lib/python3.11/site-packages/airflow/example_dags/tutorial_objectstorage.py
[2024-11-18T20:33:01.478+0000] {logging_mixin.py:190} INFO - [2024-11-18T20:33:01.478+0000] {dag.py:3239} INFO - Sync 1 DAGs
[2024-11-18T20:33:01.487+0000] {logging_mixin.py:190} INFO - [2024-11-18T20:33:01.487+0000] {dag.py:4180} INFO - Setting next_dagrun for tutorial_objectstorage to None, run_after=None
[2024-11-18T20:33:01.498+0000] {processor.py:208} INFO - Processing /home/airflow/.local/lib/python3.11/site-packages/airflow/example_dags/tutorial_objectstorage.py took 0.043 seconds
[2024-11-18T20:33:32.272+0000] {processor.py:186} INFO - Started process (PID=849) to work on /home/airflow/.local/lib/python3.11/site-packages/airflow/example_dags/tutorial_objectstorage.py
[2024-11-18T20:33:32.274+0000] {processor.py:914} INFO - Processing file /home/airflow/.local/lib/python3.11/site-packages/airflow/example_dags/tutorial_objectstorage.py for tasks to queue
[2024-11-18T20:33:32.275+0000] {logging_mixin.py:190} INFO - [2024-11-18T20:33:32.275+0000] {dagbag.py:588} INFO - Filling up the DagBag from /home/airflow/.local/lib/python3.11/site-packages/airflow/example_dags/tutorial_objectstorage.py
[2024-11-18T20:33:32.281+0000] {processor.py:925} INFO - DAG(s) 'tutorial_objectstorage' retrieved from /home/airflow/.local/lib/python3.11/site-packages/airflow/example_dags/tutorial_objectstorage.py
[2024-11-18T20:33:32.290+0000] {logging_mixin.py:190} INFO - [2024-11-18T20:33:32.290+0000] {dag.py:3239} INFO - Sync 1 DAGs
[2024-11-18T20:33:32.297+0000] {logging_mixin.py:190} INFO - [2024-11-18T20:33:32.297+0000] {dag.py:4180} INFO - Setting next_dagrun for tutorial_objectstorage to None, run_after=None
[2024-11-18T20:33:32.306+0000] {processor.py:208} INFO - Processing /home/airflow/.local/lib/python3.11/site-packages/airflow/example_dags/tutorial_objectstorage.py took 0.037 seconds
[2024-11-18T20:34:02.650+0000] {processor.py:186} INFO - Started process (PID=912) to work on /home/airflow/.local/lib/python3.11/site-packages/airflow/example_dags/tutorial_objectstorage.py
[2024-11-18T20:34:02.650+0000] {processor.py:914} INFO - Processing file /home/airflow/.local/lib/python3.11/site-packages/airflow/example_dags/tutorial_objectstorage.py for tasks to queue
[2024-11-18T20:34:02.652+0000] {logging_mixin.py:190} INFO - [2024-11-18T20:34:02.652+0000] {dagbag.py:588} INFO - Filling up the DagBag from /home/airflow/.local/lib/python3.11/site-packages/airflow/example_dags/tutorial_objectstorage.py
[2024-11-18T20:34:02.657+0000] {processor.py:925} INFO - DAG(s) 'tutorial_objectstorage' retrieved from /home/airflow/.local/lib/python3.11/site-packages/airflow/example_dags/tutorial_objectstorage.py
[2024-11-18T20:34:02.667+0000] {logging_mixin.py:190} INFO - [2024-11-18T20:34:02.666+0000] {dag.py:3239} INFO - Sync 1 DAGs
[2024-11-18T20:34:02.673+0000] {logging_mixin.py:190} INFO - [2024-11-18T20:34:02.673+0000] {dag.py:4180} INFO - Setting next_dagrun for tutorial_objectstorage to None, run_after=None
[2024-11-18T20:34:02.681+0000] {processor.py:208} INFO - Processing /home/airflow/.local/lib/python3.11/site-packages/airflow/example_dags/tutorial_objectstorage.py took 0.035 seconds
[2024-11-18T20:34:32.932+0000] {processor.py:186} INFO - Started process (PID=975) to work on /home/airflow/.local/lib/python3.11/site-packages/airflow/example_dags/tutorial_objectstorage.py
[2024-11-18T20:34:32.933+0000] {processor.py:914} INFO - Processing file /home/airflow/.local/lib/python3.11/site-packages/airflow/example_dags/tutorial_objectstorage.py for tasks to queue
[2024-11-18T20:34:32.934+0000] {logging_mixin.py:190} INFO - [2024-11-18T20:34:32.934+0000] {dagbag.py:588} INFO - Filling up the DagBag from /home/airflow/.local/lib/python3.11/site-packages/airflow/example_dags/tutorial_objectstorage.py
[2024-11-18T20:34:32.939+0000] {processor.py:925} INFO - DAG(s) 'tutorial_objectstorage' retrieved from /home/airflow/.local/lib/python3.11/site-packages/airflow/example_dags/tutorial_objectstorage.py
[2024-11-18T20:34:32.948+0000] {logging_mixin.py:190} INFO - [2024-11-18T20:34:32.948+0000] {dag.py:3239} INFO - Sync 1 DAGs
[2024-11-18T20:34:32.955+0000] {logging_mixin.py:190} INFO - [2024-11-18T20:34:32.955+0000] {dag.py:4180} INFO - Setting next_dagrun for tutorial_objectstorage to None, run_after=None
[2024-11-18T20:34:32.965+0000] {processor.py:208} INFO - Processing /home/airflow/.local/lib/python3.11/site-packages/airflow/example_dags/tutorial_objectstorage.py took 0.036 seconds
[2024-11-18T20:35:03.885+0000] {processor.py:186} INFO - Started process (PID=1038) to work on /home/airflow/.local/lib/python3.11/site-packages/airflow/example_dags/tutorial_objectstorage.py
[2024-11-18T20:35:03.886+0000] {processor.py:914} INFO - Processing file /home/airflow/.local/lib/python3.11/site-packages/airflow/example_dags/tutorial_objectstorage.py for tasks to queue
[2024-11-18T20:35:03.887+0000] {logging_mixin.py:190} INFO - [2024-11-18T20:35:03.887+0000] {dagbag.py:588} INFO - Filling up the DagBag from /home/airflow/.local/lib/python3.11/site-packages/airflow/example_dags/tutorial_objectstorage.py
[2024-11-18T20:35:03.893+0000] {processor.py:925} INFO - DAG(s) 'tutorial_objectstorage' retrieved from /home/airflow/.local/lib/python3.11/site-packages/airflow/example_dags/tutorial_objectstorage.py
[2024-11-18T20:35:03.903+0000] {logging_mixin.py:190} INFO - [2024-11-18T20:35:03.903+0000] {dag.py:3239} INFO - Sync 1 DAGs
[2024-11-18T20:35:03.910+0000] {logging_mixin.py:190} INFO - [2024-11-18T20:35:03.910+0000] {dag.py:4180} INFO - Setting next_dagrun for tutorial_objectstorage to None, run_after=None
[2024-11-18T20:35:03.924+0000] {processor.py:208} INFO - Processing /home/airflow/.local/lib/python3.11/site-packages/airflow/example_dags/tutorial_objectstorage.py took 0.042 seconds
[2024-11-18T20:35:34.581+0000] {processor.py:186} INFO - Started process (PID=1101) to work on /home/airflow/.local/lib/python3.11/site-packages/airflow/example_dags/tutorial_objectstorage.py
[2024-11-18T20:35:34.582+0000] {processor.py:914} INFO - Processing file /home/airflow/.local/lib/python3.11/site-packages/airflow/example_dags/tutorial_objectstorage.py for tasks to queue
[2024-11-18T20:35:34.584+0000] {logging_mixin.py:190} INFO - [2024-11-18T20:35:34.584+0000] {dagbag.py:588} INFO - Filling up the DagBag from /home/airflow/.local/lib/python3.11/site-packages/airflow/example_dags/tutorial_objectstorage.py
[2024-11-18T20:35:34.591+0000] {processor.py:925} INFO - DAG(s) 'tutorial_objectstorage' retrieved from /home/airflow/.local/lib/python3.11/site-packages/airflow/example_dags/tutorial_objectstorage.py
[2024-11-18T20:35:34.604+0000] {logging_mixin.py:190} INFO - [2024-11-18T20:35:34.604+0000] {dag.py:3239} INFO - Sync 1 DAGs
[2024-11-18T20:35:34.614+0000] {logging_mixin.py:190} INFO - [2024-11-18T20:35:34.614+0000] {dag.py:4180} INFO - Setting next_dagrun for tutorial_objectstorage to None, run_after=None
[2024-11-18T20:35:34.624+0000] {processor.py:208} INFO - Processing /home/airflow/.local/lib/python3.11/site-packages/airflow/example_dags/tutorial_objectstorage.py took 0.048 seconds
[2024-11-18T20:36:05.053+0000] {processor.py:186} INFO - Started process (PID=1164) to work on /home/airflow/.local/lib/python3.11/site-packages/airflow/example_dags/tutorial_objectstorage.py
[2024-11-18T20:36:05.053+0000] {processor.py:914} INFO - Processing file /home/airflow/.local/lib/python3.11/site-packages/airflow/example_dags/tutorial_objectstorage.py for tasks to queue
[2024-11-18T20:36:05.055+0000] {logging_mixin.py:190} INFO - [2024-11-18T20:36:05.055+0000] {dagbag.py:588} INFO - Filling up the DagBag from /home/airflow/.local/lib/python3.11/site-packages/airflow/example_dags/tutorial_objectstorage.py
[2024-11-18T20:36:05.060+0000] {processor.py:925} INFO - DAG(s) 'tutorial_objectstorage' retrieved from /home/airflow/.local/lib/python3.11/site-packages/airflow/example_dags/tutorial_objectstorage.py
[2024-11-18T20:36:05.074+0000] {logging_mixin.py:190} INFO - [2024-11-18T20:36:05.074+0000] {dag.py:3239} INFO - Sync 1 DAGs
[2024-11-18T20:36:05.090+0000] {logging_mixin.py:190} INFO - [2024-11-18T20:36:05.089+0000] {dag.py:4180} INFO - Setting next_dagrun for tutorial_objectstorage to None, run_after=None
[2024-11-18T20:36:05.114+0000] {processor.py:208} INFO - Processing /home/airflow/.local/lib/python3.11/site-packages/airflow/example_dags/tutorial_objectstorage.py took 0.064 seconds
[2024-11-18T20:36:35.941+0000] {processor.py:186} INFO - Started process (PID=1226) to work on /home/airflow/.local/lib/python3.11/site-packages/airflow/example_dags/tutorial_objectstorage.py
[2024-11-18T20:36:35.943+0000] {processor.py:914} INFO - Processing file /home/airflow/.local/lib/python3.11/site-packages/airflow/example_dags/tutorial_objectstorage.py for tasks to queue
[2024-11-18T20:36:35.947+0000] {logging_mixin.py:190} INFO - [2024-11-18T20:36:35.946+0000] {dagbag.py:588} INFO - Filling up the DagBag from /home/airflow/.local/lib/python3.11/site-packages/airflow/example_dags/tutorial_objectstorage.py
[2024-11-18T20:36:35.957+0000] {processor.py:925} INFO - DAG(s) 'tutorial_objectstorage' retrieved from /home/airflow/.local/lib/python3.11/site-packages/airflow/example_dags/tutorial_objectstorage.py
[2024-11-18T20:36:35.973+0000] {logging_mixin.py:190} INFO - [2024-11-18T20:36:35.973+0000] {dag.py:3239} INFO - Sync 1 DAGs
[2024-11-18T20:36:35.992+0000] {logging_mixin.py:190} INFO - [2024-11-18T20:36:35.992+0000] {dag.py:4180} INFO - Setting next_dagrun for tutorial_objectstorage to None, run_after=None
[2024-11-18T20:36:36.007+0000] {processor.py:208} INFO - Processing /home/airflow/.local/lib/python3.11/site-packages/airflow/example_dags/tutorial_objectstorage.py took 0.075 seconds
[2024-11-18T20:37:06.527+0000] {processor.py:186} INFO - Started process (PID=1289) to work on /home/airflow/.local/lib/python3.11/site-packages/airflow/example_dags/tutorial_objectstorage.py
[2024-11-18T20:37:06.531+0000] {processor.py:914} INFO - Processing file /home/airflow/.local/lib/python3.11/site-packages/airflow/example_dags/tutorial_objectstorage.py for tasks to queue
[2024-11-18T20:37:06.539+0000] {logging_mixin.py:190} INFO - [2024-11-18T20:37:06.539+0000] {dagbag.py:588} INFO - Filling up the DagBag from /home/airflow/.local/lib/python3.11/site-packages/airflow/example_dags/tutorial_objectstorage.py
[2024-11-18T20:37:06.558+0000] {processor.py:925} INFO - DAG(s) 'tutorial_objectstorage' retrieved from /home/airflow/.local/lib/python3.11/site-packages/airflow/example_dags/tutorial_objectstorage.py
[2024-11-18T20:37:06.623+0000] {logging_mixin.py:190} INFO - [2024-11-18T20:37:06.623+0000] {dag.py:3239} INFO - Sync 1 DAGs
[2024-11-18T20:37:06.642+0000] {logging_mixin.py:190} INFO - [2024-11-18T20:37:06.642+0000] {dag.py:4180} INFO - Setting next_dagrun for tutorial_objectstorage to None, run_after=None
[2024-11-18T20:37:06.661+0000] {processor.py:208} INFO - Processing /home/airflow/.local/lib/python3.11/site-packages/airflow/example_dags/tutorial_objectstorage.py took 0.170 seconds
[2024-11-18T20:37:37.206+0000] {processor.py:186} INFO - Started process (PID=1352) to work on /home/airflow/.local/lib/python3.11/site-packages/airflow/example_dags/tutorial_objectstorage.py
[2024-11-18T20:37:37.207+0000] {processor.py:914} INFO - Processing file /home/airflow/.local/lib/python3.11/site-packages/airflow/example_dags/tutorial_objectstorage.py for tasks to queue
[2024-11-18T20:37:37.209+0000] {logging_mixin.py:190} INFO - [2024-11-18T20:37:37.209+0000] {dagbag.py:588} INFO - Filling up the DagBag from /home/airflow/.local/lib/python3.11/site-packages/airflow/example_dags/tutorial_objectstorage.py
[2024-11-18T20:37:37.221+0000] {processor.py:925} INFO - DAG(s) 'tutorial_objectstorage' retrieved from /home/airflow/.local/lib/python3.11/site-packages/airflow/example_dags/tutorial_objectstorage.py
[2024-11-18T20:37:37.236+0000] {logging_mixin.py:190} INFO - [2024-11-18T20:37:37.236+0000] {dag.py:3239} INFO - Sync 1 DAGs
[2024-11-18T20:37:37.245+0000] {logging_mixin.py:190} INFO - [2024-11-18T20:37:37.245+0000] {dag.py:4180} INFO - Setting next_dagrun for tutorial_objectstorage to None, run_after=None
[2024-11-18T20:37:37.256+0000] {processor.py:208} INFO - Processing /home/airflow/.local/lib/python3.11/site-packages/airflow/example_dags/tutorial_objectstorage.py took 0.055 seconds
[2024-11-18T20:38:07.317+0000] {processor.py:186} INFO - Started process (PID=1414) to work on /home/airflow/.local/lib/python3.11/site-packages/airflow/example_dags/tutorial_objectstorage.py
[2024-11-18T20:38:07.317+0000] {processor.py:914} INFO - Processing file /home/airflow/.local/lib/python3.11/site-packages/airflow/example_dags/tutorial_objectstorage.py for tasks to queue
[2024-11-18T20:38:07.319+0000] {logging_mixin.py:190} INFO - [2024-11-18T20:38:07.319+0000] {dagbag.py:588} INFO - Filling up the DagBag from /home/airflow/.local/lib/python3.11/site-packages/airflow/example_dags/tutorial_objectstorage.py
[2024-11-18T20:38:07.324+0000] {processor.py:925} INFO - DAG(s) 'tutorial_objectstorage' retrieved from /home/airflow/.local/lib/python3.11/site-packages/airflow/example_dags/tutorial_objectstorage.py
[2024-11-18T20:38:07.334+0000] {logging_mixin.py:190} INFO - [2024-11-18T20:38:07.333+0000] {dag.py:3239} INFO - Sync 1 DAGs
[2024-11-18T20:38:07.341+0000] {logging_mixin.py:190} INFO - [2024-11-18T20:38:07.341+0000] {dag.py:4180} INFO - Setting next_dagrun for tutorial_objectstorage to None, run_after=None
[2024-11-18T20:38:07.350+0000] {processor.py:208} INFO - Processing /home/airflow/.local/lib/python3.11/site-packages/airflow/example_dags/tutorial_objectstorage.py took 0.037 seconds
[2024-11-18T20:38:38.546+0000] {processor.py:186} INFO - Started process (PID=1478) to work on /home/airflow/.local/lib/python3.11/site-packages/airflow/example_dags/tutorial_objectstorage.py
[2024-11-18T20:38:38.547+0000] {processor.py:914} INFO - Processing file /home/airflow/.local/lib/python3.11/site-packages/airflow/example_dags/tutorial_objectstorage.py for tasks to queue
[2024-11-18T20:38:38.548+0000] {logging_mixin.py:190} INFO - [2024-11-18T20:38:38.548+0000] {dagbag.py:588} INFO - Filling up the DagBag from /home/airflow/.local/lib/python3.11/site-packages/airflow/example_dags/tutorial_objectstorage.py
[2024-11-18T20:38:38.554+0000] {processor.py:925} INFO - DAG(s) 'tutorial_objectstorage' retrieved from /home/airflow/.local/lib/python3.11/site-packages/airflow/example_dags/tutorial_objectstorage.py
[2024-11-18T20:38:38.564+0000] {logging_mixin.py:190} INFO - [2024-11-18T20:38:38.563+0000] {dag.py:3239} INFO - Sync 1 DAGs
[2024-11-18T20:38:38.571+0000] {logging_mixin.py:190} INFO - [2024-11-18T20:38:38.570+0000] {dag.py:4180} INFO - Setting next_dagrun for tutorial_objectstorage to None, run_after=None
[2024-11-18T20:38:38.578+0000] {processor.py:208} INFO - Processing /home/airflow/.local/lib/python3.11/site-packages/airflow/example_dags/tutorial_objectstorage.py took 0.036 seconds
[2024-11-18T20:39:09.795+0000] {processor.py:186} INFO - Started process (PID=1541) to work on /home/airflow/.local/lib/python3.11/site-packages/airflow/example_dags/tutorial_objectstorage.py
[2024-11-18T20:39:09.798+0000] {processor.py:914} INFO - Processing file /home/airflow/.local/lib/python3.11/site-packages/airflow/example_dags/tutorial_objectstorage.py for tasks to queue
[2024-11-18T20:39:09.803+0000] {logging_mixin.py:190} INFO - [2024-11-18T20:39:09.803+0000] {dagbag.py:588} INFO - Filling up the DagBag from /home/airflow/.local/lib/python3.11/site-packages/airflow/example_dags/tutorial_objectstorage.py
[2024-11-18T20:39:09.814+0000] {processor.py:925} INFO - DAG(s) 'tutorial_objectstorage' retrieved from /home/airflow/.local/lib/python3.11/site-packages/airflow/example_dags/tutorial_objectstorage.py
[2024-11-18T20:39:09.828+0000] {logging_mixin.py:190} INFO - [2024-11-18T20:39:09.828+0000] {dag.py:3239} INFO - Sync 1 DAGs
[2024-11-18T20:39:09.846+0000] {logging_mixin.py:190} INFO - [2024-11-18T20:39:09.846+0000] {dag.py:4180} INFO - Setting next_dagrun for tutorial_objectstorage to None, run_after=None
[2024-11-18T20:39:09.862+0000] {processor.py:208} INFO - Processing /home/airflow/.local/lib/python3.11/site-packages/airflow/example_dags/tutorial_objectstorage.py took 0.072 seconds
[2024-11-18T20:39:40.491+0000] {processor.py:186} INFO - Started process (PID=1604) to work on /home/airflow/.local/lib/python3.11/site-packages/airflow/example_dags/tutorial_objectstorage.py
[2024-11-18T20:39:40.492+0000] {processor.py:914} INFO - Processing file /home/airflow/.local/lib/python3.11/site-packages/airflow/example_dags/tutorial_objectstorage.py for tasks to queue
[2024-11-18T20:39:40.493+0000] {logging_mixin.py:190} INFO - [2024-11-18T20:39:40.493+0000] {dagbag.py:588} INFO - Filling up the DagBag from /home/airflow/.local/lib/python3.11/site-packages/airflow/example_dags/tutorial_objectstorage.py
[2024-11-18T20:39:40.500+0000] {processor.py:925} INFO - DAG(s) 'tutorial_objectstorage' retrieved from /home/airflow/.local/lib/python3.11/site-packages/airflow/example_dags/tutorial_objectstorage.py
[2024-11-18T20:39:40.515+0000] {logging_mixin.py:190} INFO - [2024-11-18T20:39:40.515+0000] {dag.py:3239} INFO - Sync 1 DAGs
[2024-11-18T20:39:40.525+0000] {logging_mixin.py:190} INFO - [2024-11-18T20:39:40.525+0000] {dag.py:4180} INFO - Setting next_dagrun for tutorial_objectstorage to None, run_after=None
[2024-11-18T20:39:40.534+0000] {processor.py:208} INFO - Processing /home/airflow/.local/lib/python3.11/site-packages/airflow/example_dags/tutorial_objectstorage.py took 0.048 seconds
[2024-11-18T20:40:11.190+0000] {processor.py:186} INFO - Started process (PID=1667) to work on /home/airflow/.local/lib/python3.11/site-packages/airflow/example_dags/tutorial_objectstorage.py
[2024-11-18T20:40:11.191+0000] {processor.py:914} INFO - Processing file /home/airflow/.local/lib/python3.11/site-packages/airflow/example_dags/tutorial_objectstorage.py for tasks to queue
[2024-11-18T20:40:11.192+0000] {logging_mixin.py:190} INFO - [2024-11-18T20:40:11.192+0000] {dagbag.py:588} INFO - Filling up the DagBag from /home/airflow/.local/lib/python3.11/site-packages/airflow/example_dags/tutorial_objectstorage.py
[2024-11-18T20:40:11.197+0000] {processor.py:925} INFO - DAG(s) 'tutorial_objectstorage' retrieved from /home/airflow/.local/lib/python3.11/site-packages/airflow/example_dags/tutorial_objectstorage.py
[2024-11-18T20:40:11.207+0000] {logging_mixin.py:190} INFO - [2024-11-18T20:40:11.207+0000] {dag.py:3239} INFO - Sync 1 DAGs
[2024-11-18T20:40:11.213+0000] {logging_mixin.py:190} INFO - [2024-11-18T20:40:11.213+0000] {dag.py:4180} INFO - Setting next_dagrun for tutorial_objectstorage to None, run_after=None
[2024-11-18T20:40:11.221+0000] {processor.py:208} INFO - Processing /home/airflow/.local/lib/python3.11/site-packages/airflow/example_dags/tutorial_objectstorage.py took 0.035 seconds
[2024-11-18T20:40:41.664+0000] {processor.py:186} INFO - Started process (PID=1730) to work on /home/airflow/.local/lib/python3.11/site-packages/airflow/example_dags/tutorial_objectstorage.py
[2024-11-18T20:40:41.665+0000] {processor.py:914} INFO - Processing file /home/airflow/.local/lib/python3.11/site-packages/airflow/example_dags/tutorial_objectstorage.py for tasks to queue
[2024-11-18T20:40:41.666+0000] {logging_mixin.py:190} INFO - [2024-11-18T20:40:41.666+0000] {dagbag.py:588} INFO - Filling up the DagBag from /home/airflow/.local/lib/python3.11/site-packages/airflow/example_dags/tutorial_objectstorage.py
[2024-11-18T20:40:41.671+0000] {processor.py:925} INFO - DAG(s) 'tutorial_objectstorage' retrieved from /home/airflow/.local/lib/python3.11/site-packages/airflow/example_dags/tutorial_objectstorage.py
[2024-11-18T20:40:41.683+0000] {logging_mixin.py:190} INFO - [2024-11-18T20:40:41.683+0000] {dag.py:3239} INFO - Sync 1 DAGs
[2024-11-18T20:40:41.689+0000] {logging_mixin.py:190} INFO - [2024-11-18T20:40:41.689+0000] {dag.py:4180} INFO - Setting next_dagrun for tutorial_objectstorage to None, run_after=None
[2024-11-18T20:40:41.697+0000] {processor.py:208} INFO - Processing /home/airflow/.local/lib/python3.11/site-packages/airflow/example_dags/tutorial_objectstorage.py took 0.036 seconds
[2024-11-18T20:41:12.617+0000] {processor.py:186} INFO - Started process (PID=1793) to work on /home/airflow/.local/lib/python3.11/site-packages/airflow/example_dags/tutorial_objectstorage.py
[2024-11-18T20:41:12.618+0000] {processor.py:914} INFO - Processing file /home/airflow/.local/lib/python3.11/site-packages/airflow/example_dags/tutorial_objectstorage.py for tasks to queue
[2024-11-18T20:41:12.619+0000] {logging_mixin.py:190} INFO - [2024-11-18T20:41:12.619+0000] {dagbag.py:588} INFO - Filling up the DagBag from /home/airflow/.local/lib/python3.11/site-packages/airflow/example_dags/tutorial_objectstorage.py
[2024-11-18T20:41:12.625+0000] {processor.py:925} INFO - DAG(s) 'tutorial_objectstorage' retrieved from /home/airflow/.local/lib/python3.11/site-packages/airflow/example_dags/tutorial_objectstorage.py
[2024-11-18T20:41:12.636+0000] {logging_mixin.py:190} INFO - [2024-11-18T20:41:12.635+0000] {dag.py:3239} INFO - Sync 1 DAGs
[2024-11-18T20:41:12.643+0000] {logging_mixin.py:190} INFO - [2024-11-18T20:41:12.643+0000] {dag.py:4180} INFO - Setting next_dagrun for tutorial_objectstorage to None, run_after=None
[2024-11-18T20:41:12.651+0000] {processor.py:208} INFO - Processing /home/airflow/.local/lib/python3.11/site-packages/airflow/example_dags/tutorial_objectstorage.py took 0.038 seconds
[2024-11-18T20:41:43.107+0000] {processor.py:186} INFO - Started process (PID=1856) to work on /home/airflow/.local/lib/python3.11/site-packages/airflow/example_dags/tutorial_objectstorage.py
[2024-11-18T20:41:43.108+0000] {processor.py:914} INFO - Processing file /home/airflow/.local/lib/python3.11/site-packages/airflow/example_dags/tutorial_objectstorage.py for tasks to queue
[2024-11-18T20:41:43.110+0000] {logging_mixin.py:190} INFO - [2024-11-18T20:41:43.110+0000] {dagbag.py:588} INFO - Filling up the DagBag from /home/airflow/.local/lib/python3.11/site-packages/airflow/example_dags/tutorial_objectstorage.py
[2024-11-18T20:41:43.115+0000] {processor.py:925} INFO - DAG(s) 'tutorial_objectstorage' retrieved from /home/airflow/.local/lib/python3.11/site-packages/airflow/example_dags/tutorial_objectstorage.py
[2024-11-18T20:41:43.124+0000] {logging_mixin.py:190} INFO - [2024-11-18T20:41:43.124+0000] {dag.py:3239} INFO - Sync 1 DAGs
[2024-11-18T20:41:43.130+0000] {logging_mixin.py:190} INFO - [2024-11-18T20:41:43.130+0000] {dag.py:4180} INFO - Setting next_dagrun for tutorial_objectstorage to None, run_after=None
[2024-11-18T20:41:43.139+0000] {processor.py:208} INFO - Processing /home/airflow/.local/lib/python3.11/site-packages/airflow/example_dags/tutorial_objectstorage.py took 0.034 seconds
[2024-11-18T20:42:13.574+0000] {processor.py:186} INFO - Started process (PID=1919) to work on /home/airflow/.local/lib/python3.11/site-packages/airflow/example_dags/tutorial_objectstorage.py
[2024-11-18T20:42:13.576+0000] {processor.py:914} INFO - Processing file /home/airflow/.local/lib/python3.11/site-packages/airflow/example_dags/tutorial_objectstorage.py for tasks to queue
[2024-11-18T20:42:13.578+0000] {logging_mixin.py:190} INFO - [2024-11-18T20:42:13.578+0000] {dagbag.py:588} INFO - Filling up the DagBag from /home/airflow/.local/lib/python3.11/site-packages/airflow/example_dags/tutorial_objectstorage.py
[2024-11-18T20:42:13.585+0000] {processor.py:925} INFO - DAG(s) 'tutorial_objectstorage' retrieved from /home/airflow/.local/lib/python3.11/site-packages/airflow/example_dags/tutorial_objectstorage.py
[2024-11-18T20:42:13.598+0000] {logging_mixin.py:190} INFO - [2024-11-18T20:42:13.597+0000] {dag.py:3239} INFO - Sync 1 DAGs
[2024-11-18T20:42:13.606+0000] {logging_mixin.py:190} INFO - [2024-11-18T20:42:13.606+0000] {dag.py:4180} INFO - Setting next_dagrun for tutorial_objectstorage to None, run_after=None
[2024-11-18T20:42:13.618+0000] {processor.py:208} INFO - Processing /home/airflow/.local/lib/python3.11/site-packages/airflow/example_dags/tutorial_objectstorage.py took 0.049 seconds
[2024-11-18T20:42:44.337+0000] {processor.py:186} INFO - Started process (PID=1982) to work on /home/airflow/.local/lib/python3.11/site-packages/airflow/example_dags/tutorial_objectstorage.py
[2024-11-18T20:42:44.338+0000] {processor.py:914} INFO - Processing file /home/airflow/.local/lib/python3.11/site-packages/airflow/example_dags/tutorial_objectstorage.py for tasks to queue
[2024-11-18T20:42:44.339+0000] {logging_mixin.py:190} INFO - [2024-11-18T20:42:44.339+0000] {dagbag.py:588} INFO - Filling up the DagBag from /home/airflow/.local/lib/python3.11/site-packages/airflow/example_dags/tutorial_objectstorage.py
[2024-11-18T20:42:44.344+0000] {processor.py:925} INFO - DAG(s) 'tutorial_objectstorage' retrieved from /home/airflow/.local/lib/python3.11/site-packages/airflow/example_dags/tutorial_objectstorage.py
[2024-11-18T20:42:44.352+0000] {logging_mixin.py:190} INFO - [2024-11-18T20:42:44.352+0000] {dag.py:3239} INFO - Sync 1 DAGs
[2024-11-18T20:42:44.358+0000] {logging_mixin.py:190} INFO - [2024-11-18T20:42:44.358+0000] {dag.py:4180} INFO - Setting next_dagrun for tutorial_objectstorage to None, run_after=None
[2024-11-18T20:42:44.365+0000] {processor.py:208} INFO - Processing /home/airflow/.local/lib/python3.11/site-packages/airflow/example_dags/tutorial_objectstorage.py took 0.031 seconds
[2024-11-18T20:43:14.758+0000] {processor.py:186} INFO - Started process (PID=2045) to work on /home/airflow/.local/lib/python3.11/site-packages/airflow/example_dags/tutorial_objectstorage.py
[2024-11-18T20:43:14.759+0000] {processor.py:914} INFO - Processing file /home/airflow/.local/lib/python3.11/site-packages/airflow/example_dags/tutorial_objectstorage.py for tasks to queue
[2024-11-18T20:43:14.761+0000] {logging_mixin.py:190} INFO - [2024-11-18T20:43:14.761+0000] {dagbag.py:588} INFO - Filling up the DagBag from /home/airflow/.local/lib/python3.11/site-packages/airflow/example_dags/tutorial_objectstorage.py
[2024-11-18T20:43:14.767+0000] {processor.py:925} INFO - DAG(s) 'tutorial_objectstorage' retrieved from /home/airflow/.local/lib/python3.11/site-packages/airflow/example_dags/tutorial_objectstorage.py
[2024-11-18T20:43:14.780+0000] {logging_mixin.py:190} INFO - [2024-11-18T20:43:14.780+0000] {dag.py:3239} INFO - Sync 1 DAGs
[2024-11-18T20:43:14.788+0000] {logging_mixin.py:190} INFO - [2024-11-18T20:43:14.788+0000] {dag.py:4180} INFO - Setting next_dagrun for tutorial_objectstorage to None, run_after=None
[2024-11-18T20:43:14.797+0000] {processor.py:208} INFO - Processing /home/airflow/.local/lib/python3.11/site-packages/airflow/example_dags/tutorial_objectstorage.py took 0.044 seconds
[2024-11-18T20:43:45.711+0000] {processor.py:186} INFO - Started process (PID=2108) to work on /home/airflow/.local/lib/python3.11/site-packages/airflow/example_dags/tutorial_objectstorage.py
[2024-11-18T20:43:45.712+0000] {processor.py:914} INFO - Processing file /home/airflow/.local/lib/python3.11/site-packages/airflow/example_dags/tutorial_objectstorage.py for tasks to queue
[2024-11-18T20:43:45.714+0000] {logging_mixin.py:190} INFO - [2024-11-18T20:43:45.714+0000] {dagbag.py:588} INFO - Filling up the DagBag from /home/airflow/.local/lib/python3.11/site-packages/airflow/example_dags/tutorial_objectstorage.py
[2024-11-18T20:43:45.720+0000] {processor.py:925} INFO - DAG(s) 'tutorial_objectstorage' retrieved from /home/airflow/.local/lib/python3.11/site-packages/airflow/example_dags/tutorial_objectstorage.py
[2024-11-18T20:43:45.731+0000] {logging_mixin.py:190} INFO - [2024-11-18T20:43:45.731+0000] {dag.py:3239} INFO - Sync 1 DAGs
[2024-11-18T20:43:45.739+0000] {logging_mixin.py:190} INFO - [2024-11-18T20:43:45.738+0000] {dag.py:4180} INFO - Setting next_dagrun for tutorial_objectstorage to None, run_after=None
[2024-11-18T20:43:45.747+0000] {processor.py:208} INFO - Processing /home/airflow/.local/lib/python3.11/site-packages/airflow/example_dags/tutorial_objectstorage.py took 0.041 seconds
[2024-11-18T20:44:16.092+0000] {processor.py:186} INFO - Started process (PID=2171) to work on /home/airflow/.local/lib/python3.11/site-packages/airflow/example_dags/tutorial_objectstorage.py
[2024-11-18T20:44:16.093+0000] {processor.py:914} INFO - Processing file /home/airflow/.local/lib/python3.11/site-packages/airflow/example_dags/tutorial_objectstorage.py for tasks to queue
[2024-11-18T20:44:16.095+0000] {logging_mixin.py:190} INFO - [2024-11-18T20:44:16.095+0000] {dagbag.py:588} INFO - Filling up the DagBag from /home/airflow/.local/lib/python3.11/site-packages/airflow/example_dags/tutorial_objectstorage.py
[2024-11-18T20:44:16.102+0000] {processor.py:925} INFO - DAG(s) 'tutorial_objectstorage' retrieved from /home/airflow/.local/lib/python3.11/site-packages/airflow/example_dags/tutorial_objectstorage.py
[2024-11-18T20:44:16.113+0000] {logging_mixin.py:190} INFO - [2024-11-18T20:44:16.113+0000] {dag.py:3239} INFO - Sync 1 DAGs
[2024-11-18T20:44:16.120+0000] {logging_mixin.py:190} INFO - [2024-11-18T20:44:16.120+0000] {dag.py:4180} INFO - Setting next_dagrun for tutorial_objectstorage to None, run_after=None
[2024-11-18T20:44:16.129+0000] {processor.py:208} INFO - Processing /home/airflow/.local/lib/python3.11/site-packages/airflow/example_dags/tutorial_objectstorage.py took 0.041 seconds
[2024-11-18T20:44:48.216+0000] {processor.py:186} INFO - Started process (PID=2234) to work on /home/airflow/.local/lib/python3.11/site-packages/airflow/example_dags/tutorial_objectstorage.py
[2024-11-18T20:44:48.218+0000] {processor.py:914} INFO - Processing file /home/airflow/.local/lib/python3.11/site-packages/airflow/example_dags/tutorial_objectstorage.py for tasks to queue
[2024-11-18T20:44:48.222+0000] {logging_mixin.py:190} INFO - [2024-11-18T20:44:48.221+0000] {dagbag.py:588} INFO - Filling up the DagBag from /home/airflow/.local/lib/python3.11/site-packages/airflow/example_dags/tutorial_objectstorage.py
[2024-11-18T20:44:48.254+0000] {processor.py:925} INFO - DAG(s) 'tutorial_objectstorage' retrieved from /home/airflow/.local/lib/python3.11/site-packages/airflow/example_dags/tutorial_objectstorage.py
[2024-11-18T20:44:48.299+0000] {logging_mixin.py:190} INFO - [2024-11-18T20:44:48.298+0000] {dag.py:3239} INFO - Sync 1 DAGs
[2024-11-18T20:44:48.328+0000] {logging_mixin.py:190} INFO - [2024-11-18T20:44:48.328+0000] {dag.py:4180} INFO - Setting next_dagrun for tutorial_objectstorage to None, run_after=None
[2024-11-18T20:44:48.380+0000] {processor.py:208} INFO - Processing /home/airflow/.local/lib/python3.11/site-packages/airflow/example_dags/tutorial_objectstorage.py took 0.171 seconds
[2024-11-18T20:45:19.023+0000] {processor.py:186} INFO - Started process (PID=2297) to work on /home/airflow/.local/lib/python3.11/site-packages/airflow/example_dags/tutorial_objectstorage.py
[2024-11-18T20:45:19.023+0000] {processor.py:914} INFO - Processing file /home/airflow/.local/lib/python3.11/site-packages/airflow/example_dags/tutorial_objectstorage.py for tasks to queue
[2024-11-18T20:45:19.025+0000] {logging_mixin.py:190} INFO - [2024-11-18T20:45:19.025+0000] {dagbag.py:588} INFO - Filling up the DagBag from /home/airflow/.local/lib/python3.11/site-packages/airflow/example_dags/tutorial_objectstorage.py
[2024-11-18T20:45:19.030+0000] {processor.py:925} INFO - DAG(s) 'tutorial_objectstorage' retrieved from /home/airflow/.local/lib/python3.11/site-packages/airflow/example_dags/tutorial_objectstorage.py
[2024-11-18T20:45:19.040+0000] {logging_mixin.py:190} INFO - [2024-11-18T20:45:19.040+0000] {dag.py:3239} INFO - Sync 1 DAGs
[2024-11-18T20:45:19.047+0000] {logging_mixin.py:190} INFO - [2024-11-18T20:45:19.047+0000] {dag.py:4180} INFO - Setting next_dagrun for tutorial_objectstorage to None, run_after=None
[2024-11-18T20:45:19.056+0000] {processor.py:208} INFO - Processing /home/airflow/.local/lib/python3.11/site-packages/airflow/example_dags/tutorial_objectstorage.py took 0.036 seconds
[2024-11-18T20:47:12.587+0000] {processor.py:186} INFO - Started process (PID=87) to work on /home/airflow/.local/lib/python3.11/site-packages/airflow/example_dags/tutorial_objectstorage.py
[2024-11-18T20:47:12.588+0000] {processor.py:914} INFO - Processing file /home/airflow/.local/lib/python3.11/site-packages/airflow/example_dags/tutorial_objectstorage.py for tasks to queue
[2024-11-18T20:47:12.590+0000] {logging_mixin.py:190} INFO - [2024-11-18T20:47:12.589+0000] {dagbag.py:588} INFO - Filling up the DagBag from /home/airflow/.local/lib/python3.11/site-packages/airflow/example_dags/tutorial_objectstorage.py
[2024-11-18T20:47:12.595+0000] {processor.py:925} INFO - DAG(s) 'tutorial_objectstorage' retrieved from /home/airflow/.local/lib/python3.11/site-packages/airflow/example_dags/tutorial_objectstorage.py
[2024-11-18T20:47:12.608+0000] {logging_mixin.py:190} INFO - [2024-11-18T20:47:12.607+0000] {dag.py:3239} INFO - Sync 1 DAGs
[2024-11-18T20:47:12.714+0000] {logging_mixin.py:190} INFO - [2024-11-18T20:47:12.714+0000] {dag.py:4180} INFO - Setting next_dagrun for tutorial_objectstorage to None, run_after=None
[2024-11-18T20:47:12.720+0000] {processor.py:208} INFO - Processing /home/airflow/.local/lib/python3.11/site-packages/airflow/example_dags/tutorial_objectstorage.py took 0.136 seconds
[2024-11-18T20:47:43.055+0000] {processor.py:186} INFO - Started process (PID=150) to work on /home/airflow/.local/lib/python3.11/site-packages/airflow/example_dags/tutorial_objectstorage.py
[2024-11-18T20:47:43.055+0000] {processor.py:914} INFO - Processing file /home/airflow/.local/lib/python3.11/site-packages/airflow/example_dags/tutorial_objectstorage.py for tasks to queue
[2024-11-18T20:47:43.057+0000] {logging_mixin.py:190} INFO - [2024-11-18T20:47:43.057+0000] {dagbag.py:588} INFO - Filling up the DagBag from /home/airflow/.local/lib/python3.11/site-packages/airflow/example_dags/tutorial_objectstorage.py
[2024-11-18T20:47:43.062+0000] {processor.py:925} INFO - DAG(s) 'tutorial_objectstorage' retrieved from /home/airflow/.local/lib/python3.11/site-packages/airflow/example_dags/tutorial_objectstorage.py
[2024-11-18T20:47:43.071+0000] {logging_mixin.py:190} INFO - [2024-11-18T20:47:43.071+0000] {dag.py:3239} INFO - Sync 1 DAGs
[2024-11-18T20:47:43.181+0000] {logging_mixin.py:190} INFO - [2024-11-18T20:47:43.180+0000] {dag.py:4180} INFO - Setting next_dagrun for tutorial_objectstorage to None, run_after=None
[2024-11-18T20:47:43.190+0000] {processor.py:208} INFO - Processing /home/airflow/.local/lib/python3.11/site-packages/airflow/example_dags/tutorial_objectstorage.py took 0.138 seconds
[2024-11-18T20:48:14.194+0000] {processor.py:186} INFO - Started process (PID=213) to work on /home/airflow/.local/lib/python3.11/site-packages/airflow/example_dags/tutorial_objectstorage.py
[2024-11-18T20:48:14.195+0000] {processor.py:914} INFO - Processing file /home/airflow/.local/lib/python3.11/site-packages/airflow/example_dags/tutorial_objectstorage.py for tasks to queue
[2024-11-18T20:48:14.197+0000] {logging_mixin.py:190} INFO - [2024-11-18T20:48:14.196+0000] {dagbag.py:588} INFO - Filling up the DagBag from /home/airflow/.local/lib/python3.11/site-packages/airflow/example_dags/tutorial_objectstorage.py
[2024-11-18T20:48:14.202+0000] {processor.py:925} INFO - DAG(s) 'tutorial_objectstorage' retrieved from /home/airflow/.local/lib/python3.11/site-packages/airflow/example_dags/tutorial_objectstorage.py
[2024-11-18T20:48:14.213+0000] {logging_mixin.py:190} INFO - [2024-11-18T20:48:14.213+0000] {dag.py:3239} INFO - Sync 1 DAGs
[2024-11-18T20:48:14.438+0000] {logging_mixin.py:190} INFO - [2024-11-18T20:48:14.438+0000] {dag.py:4180} INFO - Setting next_dagrun for tutorial_objectstorage to None, run_after=None
[2024-11-18T20:48:14.455+0000] {processor.py:208} INFO - Processing /home/airflow/.local/lib/python3.11/site-packages/airflow/example_dags/tutorial_objectstorage.py took 0.265 seconds
[2024-11-18T20:48:44.953+0000] {processor.py:186} INFO - Started process (PID=276) to work on /home/airflow/.local/lib/python3.11/site-packages/airflow/example_dags/tutorial_objectstorage.py
[2024-11-18T20:48:44.953+0000] {processor.py:914} INFO - Processing file /home/airflow/.local/lib/python3.11/site-packages/airflow/example_dags/tutorial_objectstorage.py for tasks to queue
[2024-11-18T20:48:44.955+0000] {logging_mixin.py:190} INFO - [2024-11-18T20:48:44.955+0000] {dagbag.py:588} INFO - Filling up the DagBag from /home/airflow/.local/lib/python3.11/site-packages/airflow/example_dags/tutorial_objectstorage.py
[2024-11-18T20:48:44.961+0000] {processor.py:925} INFO - DAG(s) 'tutorial_objectstorage' retrieved from /home/airflow/.local/lib/python3.11/site-packages/airflow/example_dags/tutorial_objectstorage.py
[2024-11-18T20:48:44.974+0000] {logging_mixin.py:190} INFO - [2024-11-18T20:48:44.973+0000] {dag.py:3239} INFO - Sync 1 DAGs
[2024-11-18T20:48:45.129+0000] {logging_mixin.py:190} INFO - [2024-11-18T20:48:45.129+0000] {dag.py:4180} INFO - Setting next_dagrun for tutorial_objectstorage to None, run_after=None
[2024-11-18T20:48:45.142+0000] {processor.py:208} INFO - Processing /home/airflow/.local/lib/python3.11/site-packages/airflow/example_dags/tutorial_objectstorage.py took 0.193 seconds
[2024-11-18T20:49:15.507+0000] {processor.py:186} INFO - Started process (PID=339) to work on /home/airflow/.local/lib/python3.11/site-packages/airflow/example_dags/tutorial_objectstorage.py
[2024-11-18T20:49:15.508+0000] {processor.py:914} INFO - Processing file /home/airflow/.local/lib/python3.11/site-packages/airflow/example_dags/tutorial_objectstorage.py for tasks to queue
[2024-11-18T20:49:15.510+0000] {logging_mixin.py:190} INFO - [2024-11-18T20:49:15.510+0000] {dagbag.py:588} INFO - Filling up the DagBag from /home/airflow/.local/lib/python3.11/site-packages/airflow/example_dags/tutorial_objectstorage.py
[2024-11-18T20:49:15.517+0000] {processor.py:925} INFO - DAG(s) 'tutorial_objectstorage' retrieved from /home/airflow/.local/lib/python3.11/site-packages/airflow/example_dags/tutorial_objectstorage.py
[2024-11-18T20:49:15.531+0000] {logging_mixin.py:190} INFO - [2024-11-18T20:49:15.531+0000] {dag.py:3239} INFO - Sync 1 DAGs
[2024-11-18T20:49:15.540+0000] {logging_mixin.py:190} INFO - [2024-11-18T20:49:15.540+0000] {dag.py:4180} INFO - Setting next_dagrun for tutorial_objectstorage to None, run_after=None
[2024-11-18T20:49:15.678+0000] {processor.py:208} INFO - Processing /home/airflow/.local/lib/python3.11/site-packages/airflow/example_dags/tutorial_objectstorage.py took 0.176 seconds
[2024-11-18T20:49:46.457+0000] {processor.py:186} INFO - Started process (PID=402) to work on /home/airflow/.local/lib/python3.11/site-packages/airflow/example_dags/tutorial_objectstorage.py
[2024-11-18T20:49:46.458+0000] {processor.py:914} INFO - Processing file /home/airflow/.local/lib/python3.11/site-packages/airflow/example_dags/tutorial_objectstorage.py for tasks to queue
[2024-11-18T20:49:46.460+0000] {logging_mixin.py:190} INFO - [2024-11-18T20:49:46.459+0000] {dagbag.py:588} INFO - Filling up the DagBag from /home/airflow/.local/lib/python3.11/site-packages/airflow/example_dags/tutorial_objectstorage.py
[2024-11-18T20:49:46.464+0000] {processor.py:925} INFO - DAG(s) 'tutorial_objectstorage' retrieved from /home/airflow/.local/lib/python3.11/site-packages/airflow/example_dags/tutorial_objectstorage.py
[2024-11-18T20:49:46.476+0000] {logging_mixin.py:190} INFO - [2024-11-18T20:49:46.476+0000] {dag.py:3239} INFO - Sync 1 DAGs
[2024-11-18T20:49:46.482+0000] {logging_mixin.py:190} INFO - [2024-11-18T20:49:46.482+0000] {dag.py:4180} INFO - Setting next_dagrun for tutorial_objectstorage to None, run_after=None
[2024-11-18T20:49:46.491+0000] {processor.py:208} INFO - Processing /home/airflow/.local/lib/python3.11/site-packages/airflow/example_dags/tutorial_objectstorage.py took 0.037 seconds
[2024-11-18T20:50:16.727+0000] {processor.py:186} INFO - Started process (PID=465) to work on /home/airflow/.local/lib/python3.11/site-packages/airflow/example_dags/tutorial_objectstorage.py
[2024-11-18T20:50:16.728+0000] {processor.py:914} INFO - Processing file /home/airflow/.local/lib/python3.11/site-packages/airflow/example_dags/tutorial_objectstorage.py for tasks to queue
[2024-11-18T20:50:16.730+0000] {logging_mixin.py:190} INFO - [2024-11-18T20:50:16.729+0000] {dagbag.py:588} INFO - Filling up the DagBag from /home/airflow/.local/lib/python3.11/site-packages/airflow/example_dags/tutorial_objectstorage.py
[2024-11-18T20:50:16.734+0000] {processor.py:925} INFO - DAG(s) 'tutorial_objectstorage' retrieved from /home/airflow/.local/lib/python3.11/site-packages/airflow/example_dags/tutorial_objectstorage.py
[2024-11-18T20:50:16.744+0000] {logging_mixin.py:190} INFO - [2024-11-18T20:50:16.744+0000] {dag.py:3239} INFO - Sync 1 DAGs
[2024-11-18T20:50:16.750+0000] {logging_mixin.py:190} INFO - [2024-11-18T20:50:16.750+0000] {dag.py:4180} INFO - Setting next_dagrun for tutorial_objectstorage to None, run_after=None
[2024-11-18T20:50:16.757+0000] {processor.py:208} INFO - Processing /home/airflow/.local/lib/python3.11/site-packages/airflow/example_dags/tutorial_objectstorage.py took 0.033 seconds
[2024-11-18T20:50:47.725+0000] {processor.py:186} INFO - Started process (PID=528) to work on /home/airflow/.local/lib/python3.11/site-packages/airflow/example_dags/tutorial_objectstorage.py
[2024-11-18T20:50:47.726+0000] {processor.py:914} INFO - Processing file /home/airflow/.local/lib/python3.11/site-packages/airflow/example_dags/tutorial_objectstorage.py for tasks to queue
[2024-11-18T20:50:47.728+0000] {logging_mixin.py:190} INFO - [2024-11-18T20:50:47.728+0000] {dagbag.py:588} INFO - Filling up the DagBag from /home/airflow/.local/lib/python3.11/site-packages/airflow/example_dags/tutorial_objectstorage.py
[2024-11-18T20:50:47.733+0000] {processor.py:925} INFO - DAG(s) 'tutorial_objectstorage' retrieved from /home/airflow/.local/lib/python3.11/site-packages/airflow/example_dags/tutorial_objectstorage.py
[2024-11-18T20:50:47.744+0000] {logging_mixin.py:190} INFO - [2024-11-18T20:50:47.744+0000] {dag.py:3239} INFO - Sync 1 DAGs
[2024-11-18T20:50:47.751+0000] {logging_mixin.py:190} INFO - [2024-11-18T20:50:47.751+0000] {dag.py:4180} INFO - Setting next_dagrun for tutorial_objectstorage to None, run_after=None
[2024-11-18T20:50:47.761+0000] {processor.py:208} INFO - Processing /home/airflow/.local/lib/python3.11/site-packages/airflow/example_dags/tutorial_objectstorage.py took 0.039 seconds
[2024-11-18T20:51:18.056+0000] {processor.py:186} INFO - Started process (PID=591) to work on /home/airflow/.local/lib/python3.11/site-packages/airflow/example_dags/tutorial_objectstorage.py
[2024-11-18T20:51:18.057+0000] {processor.py:914} INFO - Processing file /home/airflow/.local/lib/python3.11/site-packages/airflow/example_dags/tutorial_objectstorage.py for tasks to queue
[2024-11-18T20:51:18.058+0000] {logging_mixin.py:190} INFO - [2024-11-18T20:51:18.058+0000] {dagbag.py:588} INFO - Filling up the DagBag from /home/airflow/.local/lib/python3.11/site-packages/airflow/example_dags/tutorial_objectstorage.py
[2024-11-18T20:51:18.065+0000] {processor.py:925} INFO - DAG(s) 'tutorial_objectstorage' retrieved from /home/airflow/.local/lib/python3.11/site-packages/airflow/example_dags/tutorial_objectstorage.py
[2024-11-18T20:51:18.076+0000] {logging_mixin.py:190} INFO - [2024-11-18T20:51:18.076+0000] {dag.py:3239} INFO - Sync 1 DAGs
[2024-11-18T20:51:18.083+0000] {logging_mixin.py:190} INFO - [2024-11-18T20:51:18.083+0000] {dag.py:4180} INFO - Setting next_dagrun for tutorial_objectstorage to None, run_after=None
[2024-11-18T20:51:18.091+0000] {processor.py:208} INFO - Processing /home/airflow/.local/lib/python3.11/site-packages/airflow/example_dags/tutorial_objectstorage.py took 0.040 seconds
[2024-11-18T20:51:48.672+0000] {processor.py:186} INFO - Started process (PID=654) to work on /home/airflow/.local/lib/python3.11/site-packages/airflow/example_dags/tutorial_objectstorage.py
[2024-11-18T20:51:48.673+0000] {processor.py:914} INFO - Processing file /home/airflow/.local/lib/python3.11/site-packages/airflow/example_dags/tutorial_objectstorage.py for tasks to queue
[2024-11-18T20:51:48.675+0000] {logging_mixin.py:190} INFO - [2024-11-18T20:51:48.675+0000] {dagbag.py:588} INFO - Filling up the DagBag from /home/airflow/.local/lib/python3.11/site-packages/airflow/example_dags/tutorial_objectstorage.py
[2024-11-18T20:51:48.680+0000] {processor.py:925} INFO - DAG(s) 'tutorial_objectstorage' retrieved from /home/airflow/.local/lib/python3.11/site-packages/airflow/example_dags/tutorial_objectstorage.py
[2024-11-18T20:51:48.691+0000] {logging_mixin.py:190} INFO - [2024-11-18T20:51:48.691+0000] {dag.py:3239} INFO - Sync 1 DAGs
[2024-11-18T20:51:48.698+0000] {logging_mixin.py:190} INFO - [2024-11-18T20:51:48.698+0000] {dag.py:4180} INFO - Setting next_dagrun for tutorial_objectstorage to None, run_after=None
[2024-11-18T20:51:48.707+0000] {processor.py:208} INFO - Processing /home/airflow/.local/lib/python3.11/site-packages/airflow/example_dags/tutorial_objectstorage.py took 0.038 seconds
[2024-11-18T20:52:19.319+0000] {processor.py:186} INFO - Started process (PID=717) to work on /home/airflow/.local/lib/python3.11/site-packages/airflow/example_dags/tutorial_objectstorage.py
[2024-11-18T20:52:19.320+0000] {processor.py:914} INFO - Processing file /home/airflow/.local/lib/python3.11/site-packages/airflow/example_dags/tutorial_objectstorage.py for tasks to queue
[2024-11-18T20:52:19.322+0000] {logging_mixin.py:190} INFO - [2024-11-18T20:52:19.322+0000] {dagbag.py:588} INFO - Filling up the DagBag from /home/airflow/.local/lib/python3.11/site-packages/airflow/example_dags/tutorial_objectstorage.py
[2024-11-18T20:52:19.327+0000] {processor.py:925} INFO - DAG(s) 'tutorial_objectstorage' retrieved from /home/airflow/.local/lib/python3.11/site-packages/airflow/example_dags/tutorial_objectstorage.py
[2024-11-18T20:52:19.337+0000] {logging_mixin.py:190} INFO - [2024-11-18T20:52:19.337+0000] {dag.py:3239} INFO - Sync 1 DAGs
[2024-11-18T20:52:19.344+0000] {logging_mixin.py:190} INFO - [2024-11-18T20:52:19.344+0000] {dag.py:4180} INFO - Setting next_dagrun for tutorial_objectstorage to None, run_after=None
[2024-11-18T20:52:19.352+0000] {processor.py:208} INFO - Processing /home/airflow/.local/lib/python3.11/site-packages/airflow/example_dags/tutorial_objectstorage.py took 0.036 seconds
[2024-11-18T20:52:50.001+0000] {processor.py:186} INFO - Started process (PID=779) to work on /home/airflow/.local/lib/python3.11/site-packages/airflow/example_dags/tutorial_objectstorage.py
[2024-11-18T20:52:50.001+0000] {processor.py:914} INFO - Processing file /home/airflow/.local/lib/python3.11/site-packages/airflow/example_dags/tutorial_objectstorage.py for tasks to queue
[2024-11-18T20:52:50.003+0000] {logging_mixin.py:190} INFO - [2024-11-18T20:52:50.003+0000] {dagbag.py:588} INFO - Filling up the DagBag from /home/airflow/.local/lib/python3.11/site-packages/airflow/example_dags/tutorial_objectstorage.py
[2024-11-18T20:52:50.013+0000] {processor.py:925} INFO - DAG(s) 'tutorial_objectstorage' retrieved from /home/airflow/.local/lib/python3.11/site-packages/airflow/example_dags/tutorial_objectstorage.py
[2024-11-18T20:52:50.029+0000] {logging_mixin.py:190} INFO - [2024-11-18T20:52:50.029+0000] {dag.py:3239} INFO - Sync 1 DAGs
[2024-11-18T20:52:50.040+0000] {logging_mixin.py:190} INFO - [2024-11-18T20:52:50.039+0000] {dag.py:4180} INFO - Setting next_dagrun for tutorial_objectstorage to None, run_after=None
[2024-11-18T20:52:50.050+0000] {processor.py:208} INFO - Processing /home/airflow/.local/lib/python3.11/site-packages/airflow/example_dags/tutorial_objectstorage.py took 0.052 seconds
[2024-11-18T20:53:21.184+0000] {processor.py:186} INFO - Started process (PID=842) to work on /home/airflow/.local/lib/python3.11/site-packages/airflow/example_dags/tutorial_objectstorage.py
[2024-11-18T20:53:21.184+0000] {processor.py:914} INFO - Processing file /home/airflow/.local/lib/python3.11/site-packages/airflow/example_dags/tutorial_objectstorage.py for tasks to queue
[2024-11-18T20:53:21.186+0000] {logging_mixin.py:190} INFO - [2024-11-18T20:53:21.186+0000] {dagbag.py:588} INFO - Filling up the DagBag from /home/airflow/.local/lib/python3.11/site-packages/airflow/example_dags/tutorial_objectstorage.py
[2024-11-18T20:53:21.191+0000] {processor.py:925} INFO - DAG(s) 'tutorial_objectstorage' retrieved from /home/airflow/.local/lib/python3.11/site-packages/airflow/example_dags/tutorial_objectstorage.py
[2024-11-18T20:53:21.201+0000] {logging_mixin.py:190} INFO - [2024-11-18T20:53:21.201+0000] {dag.py:3239} INFO - Sync 1 DAGs
[2024-11-18T20:53:21.209+0000] {logging_mixin.py:190} INFO - [2024-11-18T20:53:21.209+0000] {dag.py:4180} INFO - Setting next_dagrun for tutorial_objectstorage to None, run_after=None
[2024-11-18T20:53:21.222+0000] {processor.py:208} INFO - Processing /home/airflow/.local/lib/python3.11/site-packages/airflow/example_dags/tutorial_objectstorage.py took 0.041 seconds
[2024-11-18T20:53:51.935+0000] {processor.py:186} INFO - Started process (PID=905) to work on /home/airflow/.local/lib/python3.11/site-packages/airflow/example_dags/tutorial_objectstorage.py
[2024-11-18T20:53:51.936+0000] {processor.py:914} INFO - Processing file /home/airflow/.local/lib/python3.11/site-packages/airflow/example_dags/tutorial_objectstorage.py for tasks to queue
[2024-11-18T20:53:51.939+0000] {logging_mixin.py:190} INFO - [2024-11-18T20:53:51.939+0000] {dagbag.py:588} INFO - Filling up the DagBag from /home/airflow/.local/lib/python3.11/site-packages/airflow/example_dags/tutorial_objectstorage.py
[2024-11-18T20:53:51.948+0000] {processor.py:925} INFO - DAG(s) 'tutorial_objectstorage' retrieved from /home/airflow/.local/lib/python3.11/site-packages/airflow/example_dags/tutorial_objectstorage.py
[2024-11-18T20:53:51.965+0000] {logging_mixin.py:190} INFO - [2024-11-18T20:53:51.965+0000] {dag.py:3239} INFO - Sync 1 DAGs
[2024-11-18T20:53:51.975+0000] {logging_mixin.py:190} INFO - [2024-11-18T20:53:51.975+0000] {dag.py:4180} INFO - Setting next_dagrun for tutorial_objectstorage to None, run_after=None
[2024-11-18T20:53:51.988+0000] {processor.py:208} INFO - Processing /home/airflow/.local/lib/python3.11/site-packages/airflow/example_dags/tutorial_objectstorage.py took 0.058 seconds
[2024-11-18T20:54:22.142+0000] {processor.py:186} INFO - Started process (PID=968) to work on /home/airflow/.local/lib/python3.11/site-packages/airflow/example_dags/tutorial_objectstorage.py
[2024-11-18T20:54:22.143+0000] {processor.py:914} INFO - Processing file /home/airflow/.local/lib/python3.11/site-packages/airflow/example_dags/tutorial_objectstorage.py for tasks to queue
[2024-11-18T20:54:22.145+0000] {logging_mixin.py:190} INFO - [2024-11-18T20:54:22.144+0000] {dagbag.py:588} INFO - Filling up the DagBag from /home/airflow/.local/lib/python3.11/site-packages/airflow/example_dags/tutorial_objectstorage.py
[2024-11-18T20:54:22.151+0000] {processor.py:925} INFO - DAG(s) 'tutorial_objectstorage' retrieved from /home/airflow/.local/lib/python3.11/site-packages/airflow/example_dags/tutorial_objectstorage.py
[2024-11-18T20:54:22.163+0000] {logging_mixin.py:190} INFO - [2024-11-18T20:54:22.163+0000] {dag.py:3239} INFO - Sync 1 DAGs
[2024-11-18T20:54:22.170+0000] {logging_mixin.py:190} INFO - [2024-11-18T20:54:22.170+0000] {dag.py:4180} INFO - Setting next_dagrun for tutorial_objectstorage to None, run_after=None
[2024-11-18T20:54:22.178+0000] {processor.py:208} INFO - Processing /home/airflow/.local/lib/python3.11/site-packages/airflow/example_dags/tutorial_objectstorage.py took 0.039 seconds
[2024-11-18T20:54:52.972+0000] {processor.py:186} INFO - Started process (PID=1031) to work on /home/airflow/.local/lib/python3.11/site-packages/airflow/example_dags/tutorial_objectstorage.py
[2024-11-18T20:54:52.974+0000] {processor.py:914} INFO - Processing file /home/airflow/.local/lib/python3.11/site-packages/airflow/example_dags/tutorial_objectstorage.py for tasks to queue
[2024-11-18T20:54:52.977+0000] {logging_mixin.py:190} INFO - [2024-11-18T20:54:52.977+0000] {dagbag.py:588} INFO - Filling up the DagBag from /home/airflow/.local/lib/python3.11/site-packages/airflow/example_dags/tutorial_objectstorage.py
[2024-11-18T20:54:52.986+0000] {processor.py:925} INFO - DAG(s) 'tutorial_objectstorage' retrieved from /home/airflow/.local/lib/python3.11/site-packages/airflow/example_dags/tutorial_objectstorage.py
[2024-11-18T20:54:53.000+0000] {logging_mixin.py:190} INFO - [2024-11-18T20:54:52.999+0000] {dag.py:3239} INFO - Sync 1 DAGs
[2024-11-18T20:54:53.010+0000] {logging_mixin.py:190} INFO - [2024-11-18T20:54:53.010+0000] {dag.py:4180} INFO - Setting next_dagrun for tutorial_objectstorage to None, run_after=None
[2024-11-18T20:54:53.022+0000] {processor.py:208} INFO - Processing /home/airflow/.local/lib/python3.11/site-packages/airflow/example_dags/tutorial_objectstorage.py took 0.060 seconds
[2024-11-18T20:55:23.699+0000] {processor.py:186} INFO - Started process (PID=1094) to work on /home/airflow/.local/lib/python3.11/site-packages/airflow/example_dags/tutorial_objectstorage.py
[2024-11-18T20:55:23.700+0000] {processor.py:914} INFO - Processing file /home/airflow/.local/lib/python3.11/site-packages/airflow/example_dags/tutorial_objectstorage.py for tasks to queue
[2024-11-18T20:55:23.702+0000] {logging_mixin.py:190} INFO - [2024-11-18T20:55:23.701+0000] {dagbag.py:588} INFO - Filling up the DagBag from /home/airflow/.local/lib/python3.11/site-packages/airflow/example_dags/tutorial_objectstorage.py
[2024-11-18T20:55:23.709+0000] {processor.py:925} INFO - DAG(s) 'tutorial_objectstorage' retrieved from /home/airflow/.local/lib/python3.11/site-packages/airflow/example_dags/tutorial_objectstorage.py
[2024-11-18T20:55:23.722+0000] {logging_mixin.py:190} INFO - [2024-11-18T20:55:23.722+0000] {dag.py:3239} INFO - Sync 1 DAGs
[2024-11-18T20:55:23.729+0000] {logging_mixin.py:190} INFO - [2024-11-18T20:55:23.729+0000] {dag.py:4180} INFO - Setting next_dagrun for tutorial_objectstorage to None, run_after=None
[2024-11-18T20:55:23.738+0000] {processor.py:208} INFO - Processing /home/airflow/.local/lib/python3.11/site-packages/airflow/example_dags/tutorial_objectstorage.py took 0.046 seconds
[2024-11-18T20:55:54.117+0000] {processor.py:186} INFO - Started process (PID=1157) to work on /home/airflow/.local/lib/python3.11/site-packages/airflow/example_dags/tutorial_objectstorage.py
[2024-11-18T20:55:54.118+0000] {processor.py:914} INFO - Processing file /home/airflow/.local/lib/python3.11/site-packages/airflow/example_dags/tutorial_objectstorage.py for tasks to queue
[2024-11-18T20:55:54.120+0000] {logging_mixin.py:190} INFO - [2024-11-18T20:55:54.120+0000] {dagbag.py:588} INFO - Filling up the DagBag from /home/airflow/.local/lib/python3.11/site-packages/airflow/example_dags/tutorial_objectstorage.py
[2024-11-18T20:55:54.126+0000] {processor.py:925} INFO - DAG(s) 'tutorial_objectstorage' retrieved from /home/airflow/.local/lib/python3.11/site-packages/airflow/example_dags/tutorial_objectstorage.py
[2024-11-18T20:55:54.140+0000] {logging_mixin.py:190} INFO - [2024-11-18T20:55:54.140+0000] {dag.py:3239} INFO - Sync 1 DAGs
[2024-11-18T20:55:54.155+0000] {logging_mixin.py:190} INFO - [2024-11-18T20:55:54.155+0000] {dag.py:4180} INFO - Setting next_dagrun for tutorial_objectstorage to None, run_after=None
[2024-11-18T20:55:54.168+0000] {processor.py:208} INFO - Processing /home/airflow/.local/lib/python3.11/site-packages/airflow/example_dags/tutorial_objectstorage.py took 0.054 seconds
[2024-11-18T20:56:24.787+0000] {processor.py:186} INFO - Started process (PID=1220) to work on /home/airflow/.local/lib/python3.11/site-packages/airflow/example_dags/tutorial_objectstorage.py
[2024-11-18T20:56:24.788+0000] {processor.py:914} INFO - Processing file /home/airflow/.local/lib/python3.11/site-packages/airflow/example_dags/tutorial_objectstorage.py for tasks to queue
[2024-11-18T20:56:24.789+0000] {logging_mixin.py:190} INFO - [2024-11-18T20:56:24.789+0000] {dagbag.py:588} INFO - Filling up the DagBag from /home/airflow/.local/lib/python3.11/site-packages/airflow/example_dags/tutorial_objectstorage.py
[2024-11-18T20:56:24.796+0000] {processor.py:925} INFO - DAG(s) 'tutorial_objectstorage' retrieved from /home/airflow/.local/lib/python3.11/site-packages/airflow/example_dags/tutorial_objectstorage.py
[2024-11-18T20:56:24.880+0000] {logging_mixin.py:190} INFO - [2024-11-18T20:56:24.878+0000] {dag.py:3239} INFO - Sync 1 DAGs
[2024-11-18T20:56:24.939+0000] {logging_mixin.py:190} INFO - [2024-11-18T20:56:24.939+0000] {dag.py:4180} INFO - Setting next_dagrun for tutorial_objectstorage to None, run_after=None
[2024-11-18T20:56:24.987+0000] {processor.py:208} INFO - Processing /home/airflow/.local/lib/python3.11/site-packages/airflow/example_dags/tutorial_objectstorage.py took 0.204 seconds
[2024-11-18T20:56:56.032+0000] {processor.py:186} INFO - Started process (PID=1289) to work on /home/airflow/.local/lib/python3.11/site-packages/airflow/example_dags/tutorial_objectstorage.py
[2024-11-18T20:56:56.033+0000] {processor.py:914} INFO - Processing file /home/airflow/.local/lib/python3.11/site-packages/airflow/example_dags/tutorial_objectstorage.py for tasks to queue
[2024-11-18T20:56:56.036+0000] {logging_mixin.py:190} INFO - [2024-11-18T20:56:56.036+0000] {dagbag.py:588} INFO - Filling up the DagBag from /home/airflow/.local/lib/python3.11/site-packages/airflow/example_dags/tutorial_objectstorage.py
[2024-11-18T20:56:56.043+0000] {processor.py:925} INFO - DAG(s) 'tutorial_objectstorage' retrieved from /home/airflow/.local/lib/python3.11/site-packages/airflow/example_dags/tutorial_objectstorage.py
[2024-11-18T20:56:56.057+0000] {logging_mixin.py:190} INFO - [2024-11-18T20:56:56.057+0000] {dag.py:3239} INFO - Sync 1 DAGs
[2024-11-18T20:56:56.067+0000] {logging_mixin.py:190} INFO - [2024-11-18T20:56:56.067+0000] {dag.py:4180} INFO - Setting next_dagrun for tutorial_objectstorage to None, run_after=None
[2024-11-18T20:56:56.083+0000] {processor.py:208} INFO - Processing /home/airflow/.local/lib/python3.11/site-packages/airflow/example_dags/tutorial_objectstorage.py took 0.055 seconds
[2024-11-18T20:57:26.807+0000] {processor.py:186} INFO - Started process (PID=1352) to work on /home/airflow/.local/lib/python3.11/site-packages/airflow/example_dags/tutorial_objectstorage.py
[2024-11-18T20:57:26.808+0000] {processor.py:914} INFO - Processing file /home/airflow/.local/lib/python3.11/site-packages/airflow/example_dags/tutorial_objectstorage.py for tasks to queue
[2024-11-18T20:57:26.809+0000] {logging_mixin.py:190} INFO - [2024-11-18T20:57:26.809+0000] {dagbag.py:588} INFO - Filling up the DagBag from /home/airflow/.local/lib/python3.11/site-packages/airflow/example_dags/tutorial_objectstorage.py
[2024-11-18T20:57:26.816+0000] {processor.py:925} INFO - DAG(s) 'tutorial_objectstorage' retrieved from /home/airflow/.local/lib/python3.11/site-packages/airflow/example_dags/tutorial_objectstorage.py
[2024-11-18T20:57:26.828+0000] {logging_mixin.py:190} INFO - [2024-11-18T20:57:26.828+0000] {dag.py:3239} INFO - Sync 1 DAGs
[2024-11-18T20:57:26.836+0000] {logging_mixin.py:190} INFO - [2024-11-18T20:57:26.836+0000] {dag.py:4180} INFO - Setting next_dagrun for tutorial_objectstorage to None, run_after=None
[2024-11-18T20:57:26.845+0000] {processor.py:208} INFO - Processing /home/airflow/.local/lib/python3.11/site-packages/airflow/example_dags/tutorial_objectstorage.py took 0.042 seconds
[2024-11-18T20:57:57.764+0000] {processor.py:186} INFO - Started process (PID=1415) to work on /home/airflow/.local/lib/python3.11/site-packages/airflow/example_dags/tutorial_objectstorage.py
[2024-11-18T20:57:57.765+0000] {processor.py:914} INFO - Processing file /home/airflow/.local/lib/python3.11/site-packages/airflow/example_dags/tutorial_objectstorage.py for tasks to queue
[2024-11-18T20:57:57.767+0000] {logging_mixin.py:190} INFO - [2024-11-18T20:57:57.767+0000] {dagbag.py:588} INFO - Filling up the DagBag from /home/airflow/.local/lib/python3.11/site-packages/airflow/example_dags/tutorial_objectstorage.py
[2024-11-18T20:57:57.772+0000] {processor.py:925} INFO - DAG(s) 'tutorial_objectstorage' retrieved from /home/airflow/.local/lib/python3.11/site-packages/airflow/example_dags/tutorial_objectstorage.py
[2024-11-18T20:57:57.782+0000] {logging_mixin.py:190} INFO - [2024-11-18T20:57:57.782+0000] {dag.py:3239} INFO - Sync 1 DAGs
[2024-11-18T20:57:57.788+0000] {logging_mixin.py:190} INFO - [2024-11-18T20:57:57.788+0000] {dag.py:4180} INFO - Setting next_dagrun for tutorial_objectstorage to None, run_after=None
[2024-11-18T20:57:57.797+0000] {processor.py:208} INFO - Processing /home/airflow/.local/lib/python3.11/site-packages/airflow/example_dags/tutorial_objectstorage.py took 0.035 seconds
[2024-11-18T20:58:28.744+0000] {processor.py:186} INFO - Started process (PID=1478) to work on /home/airflow/.local/lib/python3.11/site-packages/airflow/example_dags/tutorial_objectstorage.py
[2024-11-18T20:58:28.745+0000] {processor.py:914} INFO - Processing file /home/airflow/.local/lib/python3.11/site-packages/airflow/example_dags/tutorial_objectstorage.py for tasks to queue
[2024-11-18T20:58:28.747+0000] {logging_mixin.py:190} INFO - [2024-11-18T20:58:28.746+0000] {dagbag.py:588} INFO - Filling up the DagBag from /home/airflow/.local/lib/python3.11/site-packages/airflow/example_dags/tutorial_objectstorage.py
[2024-11-18T20:58:28.752+0000] {processor.py:925} INFO - DAG(s) 'tutorial_objectstorage' retrieved from /home/airflow/.local/lib/python3.11/site-packages/airflow/example_dags/tutorial_objectstorage.py
[2024-11-18T20:58:28.761+0000] {logging_mixin.py:190} INFO - [2024-11-18T20:58:28.761+0000] {dag.py:3239} INFO - Sync 1 DAGs
[2024-11-18T20:58:28.768+0000] {logging_mixin.py:190} INFO - [2024-11-18T20:58:28.767+0000] {dag.py:4180} INFO - Setting next_dagrun for tutorial_objectstorage to None, run_after=None
[2024-11-18T20:58:28.775+0000] {processor.py:208} INFO - Processing /home/airflow/.local/lib/python3.11/site-packages/airflow/example_dags/tutorial_objectstorage.py took 0.034 seconds
[2024-11-18T20:58:59.570+0000] {processor.py:186} INFO - Started process (PID=1541) to work on /home/airflow/.local/lib/python3.11/site-packages/airflow/example_dags/tutorial_objectstorage.py
[2024-11-18T20:58:59.571+0000] {processor.py:914} INFO - Processing file /home/airflow/.local/lib/python3.11/site-packages/airflow/example_dags/tutorial_objectstorage.py for tasks to queue
[2024-11-18T20:58:59.572+0000] {logging_mixin.py:190} INFO - [2024-11-18T20:58:59.572+0000] {dagbag.py:588} INFO - Filling up the DagBag from /home/airflow/.local/lib/python3.11/site-packages/airflow/example_dags/tutorial_objectstorage.py
[2024-11-18T20:58:59.578+0000] {processor.py:925} INFO - DAG(s) 'tutorial_objectstorage' retrieved from /home/airflow/.local/lib/python3.11/site-packages/airflow/example_dags/tutorial_objectstorage.py
[2024-11-18T20:58:59.588+0000] {logging_mixin.py:190} INFO - [2024-11-18T20:58:59.588+0000] {dag.py:3239} INFO - Sync 1 DAGs
[2024-11-18T20:58:59.595+0000] {logging_mixin.py:190} INFO - [2024-11-18T20:58:59.595+0000] {dag.py:4180} INFO - Setting next_dagrun for tutorial_objectstorage to None, run_after=None
[2024-11-18T20:58:59.603+0000] {processor.py:208} INFO - Processing /home/airflow/.local/lib/python3.11/site-packages/airflow/example_dags/tutorial_objectstorage.py took 0.036 seconds
[2024-11-18T20:59:30.116+0000] {processor.py:186} INFO - Started process (PID=1604) to work on /home/airflow/.local/lib/python3.11/site-packages/airflow/example_dags/tutorial_objectstorage.py
[2024-11-18T20:59:30.117+0000] {processor.py:914} INFO - Processing file /home/airflow/.local/lib/python3.11/site-packages/airflow/example_dags/tutorial_objectstorage.py for tasks to queue
[2024-11-18T20:59:30.118+0000] {logging_mixin.py:190} INFO - [2024-11-18T20:59:30.118+0000] {dagbag.py:588} INFO - Filling up the DagBag from /home/airflow/.local/lib/python3.11/site-packages/airflow/example_dags/tutorial_objectstorage.py
[2024-11-18T20:59:30.124+0000] {processor.py:925} INFO - DAG(s) 'tutorial_objectstorage' retrieved from /home/airflow/.local/lib/python3.11/site-packages/airflow/example_dags/tutorial_objectstorage.py
[2024-11-18T20:59:30.134+0000] {logging_mixin.py:190} INFO - [2024-11-18T20:59:30.134+0000] {dag.py:3239} INFO - Sync 1 DAGs
[2024-11-18T20:59:30.142+0000] {logging_mixin.py:190} INFO - [2024-11-18T20:59:30.142+0000] {dag.py:4180} INFO - Setting next_dagrun for tutorial_objectstorage to None, run_after=None
[2024-11-18T20:59:30.150+0000] {processor.py:208} INFO - Processing /home/airflow/.local/lib/python3.11/site-packages/airflow/example_dags/tutorial_objectstorage.py took 0.037 seconds
[2024-11-18T21:00:00.912+0000] {processor.py:186} INFO - Started process (PID=1667) to work on /home/airflow/.local/lib/python3.11/site-packages/airflow/example_dags/tutorial_objectstorage.py
[2024-11-18T21:00:00.913+0000] {processor.py:914} INFO - Processing file /home/airflow/.local/lib/python3.11/site-packages/airflow/example_dags/tutorial_objectstorage.py for tasks to queue
[2024-11-18T21:00:00.921+0000] {logging_mixin.py:190} INFO - [2024-11-18T21:00:00.920+0000] {dagbag.py:588} INFO - Filling up the DagBag from /home/airflow/.local/lib/python3.11/site-packages/airflow/example_dags/tutorial_objectstorage.py
[2024-11-18T21:00:00.941+0000] {processor.py:925} INFO - DAG(s) 'tutorial_objectstorage' retrieved from /home/airflow/.local/lib/python3.11/site-packages/airflow/example_dags/tutorial_objectstorage.py
[2024-11-18T21:00:00.959+0000] {logging_mixin.py:190} INFO - [2024-11-18T21:00:00.959+0000] {dag.py:3239} INFO - Sync 1 DAGs
[2024-11-18T21:00:00.977+0000] {logging_mixin.py:190} INFO - [2024-11-18T21:00:00.976+0000] {dag.py:4180} INFO - Setting next_dagrun for tutorial_objectstorage to None, run_after=None
[2024-11-18T21:00:00.992+0000] {processor.py:208} INFO - Processing /home/airflow/.local/lib/python3.11/site-packages/airflow/example_dags/tutorial_objectstorage.py took 0.090 seconds
[2024-11-18T21:00:31.574+0000] {processor.py:186} INFO - Started process (PID=1731) to work on /home/airflow/.local/lib/python3.11/site-packages/airflow/example_dags/tutorial_objectstorage.py
[2024-11-18T21:00:31.575+0000] {processor.py:914} INFO - Processing file /home/airflow/.local/lib/python3.11/site-packages/airflow/example_dags/tutorial_objectstorage.py for tasks to queue
[2024-11-18T21:00:31.577+0000] {logging_mixin.py:190} INFO - [2024-11-18T21:00:31.576+0000] {dagbag.py:588} INFO - Filling up the DagBag from /home/airflow/.local/lib/python3.11/site-packages/airflow/example_dags/tutorial_objectstorage.py
[2024-11-18T21:00:31.595+0000] {processor.py:925} INFO - DAG(s) 'tutorial_objectstorage' retrieved from /home/airflow/.local/lib/python3.11/site-packages/airflow/example_dags/tutorial_objectstorage.py
[2024-11-18T21:00:31.619+0000] {logging_mixin.py:190} INFO - [2024-11-18T21:00:31.619+0000] {dag.py:3239} INFO - Sync 1 DAGs
[2024-11-18T21:00:31.630+0000] {logging_mixin.py:190} INFO - [2024-11-18T21:00:31.630+0000] {dag.py:4180} INFO - Setting next_dagrun for tutorial_objectstorage to None, run_after=None
[2024-11-18T21:00:31.641+0000] {processor.py:208} INFO - Processing /home/airflow/.local/lib/python3.11/site-packages/airflow/example_dags/tutorial_objectstorage.py took 0.075 seconds
[2024-11-18T21:01:02.451+0000] {processor.py:186} INFO - Started process (PID=1794) to work on /home/airflow/.local/lib/python3.11/site-packages/airflow/example_dags/tutorial_objectstorage.py
[2024-11-18T21:01:02.463+0000] {processor.py:914} INFO - Processing file /home/airflow/.local/lib/python3.11/site-packages/airflow/example_dags/tutorial_objectstorage.py for tasks to queue
[2024-11-18T21:01:02.470+0000] {logging_mixin.py:190} INFO - [2024-11-18T21:01:02.470+0000] {dagbag.py:588} INFO - Filling up the DagBag from /home/airflow/.local/lib/python3.11/site-packages/airflow/example_dags/tutorial_objectstorage.py
[2024-11-18T21:01:02.497+0000] {processor.py:925} INFO - DAG(s) 'tutorial_objectstorage' retrieved from /home/airflow/.local/lib/python3.11/site-packages/airflow/example_dags/tutorial_objectstorage.py
[2024-11-18T21:01:02.528+0000] {logging_mixin.py:190} INFO - [2024-11-18T21:01:02.528+0000] {dag.py:3239} INFO - Sync 1 DAGs
[2024-11-18T21:01:02.544+0000] {logging_mixin.py:190} INFO - [2024-11-18T21:01:02.544+0000] {dag.py:4180} INFO - Setting next_dagrun for tutorial_objectstorage to None, run_after=None
[2024-11-18T21:01:02.563+0000] {processor.py:208} INFO - Processing /home/airflow/.local/lib/python3.11/site-packages/airflow/example_dags/tutorial_objectstorage.py took 0.116 seconds
[2024-11-18T21:01:33.206+0000] {processor.py:186} INFO - Started process (PID=1857) to work on /home/airflow/.local/lib/python3.11/site-packages/airflow/example_dags/tutorial_objectstorage.py
[2024-11-18T21:01:33.210+0000] {processor.py:914} INFO - Processing file /home/airflow/.local/lib/python3.11/site-packages/airflow/example_dags/tutorial_objectstorage.py for tasks to queue
[2024-11-18T21:01:33.211+0000] {logging_mixin.py:190} INFO - [2024-11-18T21:01:33.211+0000] {dagbag.py:588} INFO - Filling up the DagBag from /home/airflow/.local/lib/python3.11/site-packages/airflow/example_dags/tutorial_objectstorage.py
[2024-11-18T21:01:33.223+0000] {processor.py:925} INFO - DAG(s) 'tutorial_objectstorage' retrieved from /home/airflow/.local/lib/python3.11/site-packages/airflow/example_dags/tutorial_objectstorage.py
[2024-11-18T21:01:33.235+0000] {logging_mixin.py:190} INFO - [2024-11-18T21:01:33.235+0000] {dag.py:3239} INFO - Sync 1 DAGs
[2024-11-18T21:01:33.243+0000] {logging_mixin.py:190} INFO - [2024-11-18T21:01:33.242+0000] {dag.py:4180} INFO - Setting next_dagrun for tutorial_objectstorage to None, run_after=None
[2024-11-18T21:01:33.251+0000] {processor.py:208} INFO - Processing /home/airflow/.local/lib/python3.11/site-packages/airflow/example_dags/tutorial_objectstorage.py took 0.048 seconds
[2024-11-18T21:02:04.613+0000] {processor.py:186} INFO - Started process (PID=1920) to work on /home/airflow/.local/lib/python3.11/site-packages/airflow/example_dags/tutorial_objectstorage.py
[2024-11-18T21:02:04.614+0000] {processor.py:914} INFO - Processing file /home/airflow/.local/lib/python3.11/site-packages/airflow/example_dags/tutorial_objectstorage.py for tasks to queue
[2024-11-18T21:02:04.615+0000] {logging_mixin.py:190} INFO - [2024-11-18T21:02:04.615+0000] {dagbag.py:588} INFO - Filling up the DagBag from /home/airflow/.local/lib/python3.11/site-packages/airflow/example_dags/tutorial_objectstorage.py
[2024-11-18T21:02:04.621+0000] {processor.py:925} INFO - DAG(s) 'tutorial_objectstorage' retrieved from /home/airflow/.local/lib/python3.11/site-packages/airflow/example_dags/tutorial_objectstorage.py
[2024-11-18T21:02:04.632+0000] {logging_mixin.py:190} INFO - [2024-11-18T21:02:04.632+0000] {dag.py:3239} INFO - Sync 1 DAGs
[2024-11-18T21:02:04.650+0000] {logging_mixin.py:190} INFO - [2024-11-18T21:02:04.649+0000] {dag.py:4180} INFO - Setting next_dagrun for tutorial_objectstorage to None, run_after=None
[2024-11-18T21:02:04.663+0000] {processor.py:208} INFO - Processing /home/airflow/.local/lib/python3.11/site-packages/airflow/example_dags/tutorial_objectstorage.py took 0.054 seconds
[2024-11-18T21:02:39.072+0000] {processor.py:186} INFO - Started process (PID=1983) to work on /home/airflow/.local/lib/python3.11/site-packages/airflow/example_dags/tutorial_objectstorage.py
[2024-11-18T21:02:39.073+0000] {processor.py:914} INFO - Processing file /home/airflow/.local/lib/python3.11/site-packages/airflow/example_dags/tutorial_objectstorage.py for tasks to queue
[2024-11-18T21:02:39.076+0000] {logging_mixin.py:190} INFO - [2024-11-18T21:02:39.076+0000] {dagbag.py:588} INFO - Filling up the DagBag from /home/airflow/.local/lib/python3.11/site-packages/airflow/example_dags/tutorial_objectstorage.py
[2024-11-18T21:02:39.089+0000] {processor.py:925} INFO - DAG(s) 'tutorial_objectstorage' retrieved from /home/airflow/.local/lib/python3.11/site-packages/airflow/example_dags/tutorial_objectstorage.py
[2024-11-18T21:02:39.109+0000] {logging_mixin.py:190} INFO - [2024-11-18T21:02:39.109+0000] {dag.py:3239} INFO - Sync 1 DAGs
[2024-11-18T21:02:39.119+0000] {logging_mixin.py:190} INFO - [2024-11-18T21:02:39.119+0000] {dag.py:4180} INFO - Setting next_dagrun for tutorial_objectstorage to None, run_after=None
[2024-11-18T21:02:39.147+0000] {processor.py:208} INFO - Processing /home/airflow/.local/lib/python3.11/site-packages/airflow/example_dags/tutorial_objectstorage.py took 0.084 seconds
[2024-11-18T21:03:10.567+0000] {processor.py:186} INFO - Started process (PID=2046) to work on /home/airflow/.local/lib/python3.11/site-packages/airflow/example_dags/tutorial_objectstorage.py
[2024-11-18T21:03:10.572+0000] {processor.py:914} INFO - Processing file /home/airflow/.local/lib/python3.11/site-packages/airflow/example_dags/tutorial_objectstorage.py for tasks to queue
[2024-11-18T21:03:10.575+0000] {logging_mixin.py:190} INFO - [2024-11-18T21:03:10.574+0000] {dagbag.py:588} INFO - Filling up the DagBag from /home/airflow/.local/lib/python3.11/site-packages/airflow/example_dags/tutorial_objectstorage.py
[2024-11-18T21:03:10.616+0000] {processor.py:925} INFO - DAG(s) 'tutorial_objectstorage' retrieved from /home/airflow/.local/lib/python3.11/site-packages/airflow/example_dags/tutorial_objectstorage.py
[2024-11-18T21:03:10.664+0000] {logging_mixin.py:190} INFO - [2024-11-18T21:03:10.664+0000] {dag.py:3239} INFO - Sync 1 DAGs
[2024-11-18T21:03:10.692+0000] {logging_mixin.py:190} INFO - [2024-11-18T21:03:10.692+0000] {dag.py:4180} INFO - Setting next_dagrun for tutorial_objectstorage to None, run_after=None
[2024-11-18T21:03:10.715+0000] {processor.py:208} INFO - Processing /home/airflow/.local/lib/python3.11/site-packages/airflow/example_dags/tutorial_objectstorage.py took 0.166 seconds
[2024-11-18T21:03:41.415+0000] {processor.py:186} INFO - Started process (PID=2109) to work on /home/airflow/.local/lib/python3.11/site-packages/airflow/example_dags/tutorial_objectstorage.py
[2024-11-18T21:03:41.417+0000] {processor.py:914} INFO - Processing file /home/airflow/.local/lib/python3.11/site-packages/airflow/example_dags/tutorial_objectstorage.py for tasks to queue
[2024-11-18T21:03:41.433+0000] {logging_mixin.py:190} INFO - [2024-11-18T21:03:41.432+0000] {dagbag.py:588} INFO - Filling up the DagBag from /home/airflow/.local/lib/python3.11/site-packages/airflow/example_dags/tutorial_objectstorage.py
[2024-11-18T21:03:41.455+0000] {processor.py:925} INFO - DAG(s) 'tutorial_objectstorage' retrieved from /home/airflow/.local/lib/python3.11/site-packages/airflow/example_dags/tutorial_objectstorage.py
[2024-11-18T21:03:41.473+0000] {logging_mixin.py:190} INFO - [2024-11-18T21:03:41.472+0000] {dag.py:3239} INFO - Sync 1 DAGs
[2024-11-18T21:03:41.490+0000] {logging_mixin.py:190} INFO - [2024-11-18T21:03:41.490+0000] {dag.py:4180} INFO - Setting next_dagrun for tutorial_objectstorage to None, run_after=None
[2024-11-18T21:03:41.532+0000] {processor.py:208} INFO - Processing /home/airflow/.local/lib/python3.11/site-packages/airflow/example_dags/tutorial_objectstorage.py took 0.121 seconds
[2024-11-18T21:04:12.488+0000] {processor.py:186} INFO - Started process (PID=2172) to work on /home/airflow/.local/lib/python3.11/site-packages/airflow/example_dags/tutorial_objectstorage.py
[2024-11-18T21:04:12.489+0000] {processor.py:914} INFO - Processing file /home/airflow/.local/lib/python3.11/site-packages/airflow/example_dags/tutorial_objectstorage.py for tasks to queue
[2024-11-18T21:04:12.492+0000] {logging_mixin.py:190} INFO - [2024-11-18T21:04:12.492+0000] {dagbag.py:588} INFO - Filling up the DagBag from /home/airflow/.local/lib/python3.11/site-packages/airflow/example_dags/tutorial_objectstorage.py
[2024-11-18T21:04:12.503+0000] {processor.py:925} INFO - DAG(s) 'tutorial_objectstorage' retrieved from /home/airflow/.local/lib/python3.11/site-packages/airflow/example_dags/tutorial_objectstorage.py
[2024-11-18T21:04:12.536+0000] {logging_mixin.py:190} INFO - [2024-11-18T21:04:12.536+0000] {dag.py:3239} INFO - Sync 1 DAGs
[2024-11-18T21:04:12.562+0000] {logging_mixin.py:190} INFO - [2024-11-18T21:04:12.562+0000] {dag.py:4180} INFO - Setting next_dagrun for tutorial_objectstorage to None, run_after=None
[2024-11-18T21:04:12.577+0000] {processor.py:208} INFO - Processing /home/airflow/.local/lib/python3.11/site-packages/airflow/example_dags/tutorial_objectstorage.py took 0.095 seconds
[2024-11-18T21:04:43.055+0000] {processor.py:186} INFO - Started process (PID=2235) to work on /home/airflow/.local/lib/python3.11/site-packages/airflow/example_dags/tutorial_objectstorage.py
[2024-11-18T21:04:43.057+0000] {processor.py:914} INFO - Processing file /home/airflow/.local/lib/python3.11/site-packages/airflow/example_dags/tutorial_objectstorage.py for tasks to queue
[2024-11-18T21:04:43.060+0000] {logging_mixin.py:190} INFO - [2024-11-18T21:04:43.060+0000] {dagbag.py:588} INFO - Filling up the DagBag from /home/airflow/.local/lib/python3.11/site-packages/airflow/example_dags/tutorial_objectstorage.py
[2024-11-18T21:04:43.072+0000] {processor.py:925} INFO - DAG(s) 'tutorial_objectstorage' retrieved from /home/airflow/.local/lib/python3.11/site-packages/airflow/example_dags/tutorial_objectstorage.py
[2024-11-18T21:04:43.086+0000] {logging_mixin.py:190} INFO - [2024-11-18T21:04:43.086+0000] {dag.py:3239} INFO - Sync 1 DAGs
[2024-11-18T21:04:43.112+0000] {logging_mixin.py:190} INFO - [2024-11-18T21:04:43.111+0000] {dag.py:4180} INFO - Setting next_dagrun for tutorial_objectstorage to None, run_after=None
[2024-11-18T21:04:43.140+0000] {processor.py:208} INFO - Processing /home/airflow/.local/lib/python3.11/site-packages/airflow/example_dags/tutorial_objectstorage.py took 0.098 seconds
[2024-11-18T21:05:13.179+0000] {processor.py:186} INFO - Started process (PID=2298) to work on /home/airflow/.local/lib/python3.11/site-packages/airflow/example_dags/tutorial_objectstorage.py
[2024-11-18T21:05:13.180+0000] {processor.py:914} INFO - Processing file /home/airflow/.local/lib/python3.11/site-packages/airflow/example_dags/tutorial_objectstorage.py for tasks to queue
[2024-11-18T21:05:13.181+0000] {logging_mixin.py:190} INFO - [2024-11-18T21:05:13.181+0000] {dagbag.py:588} INFO - Filling up the DagBag from /home/airflow/.local/lib/python3.11/site-packages/airflow/example_dags/tutorial_objectstorage.py
[2024-11-18T21:05:13.188+0000] {processor.py:925} INFO - DAG(s) 'tutorial_objectstorage' retrieved from /home/airflow/.local/lib/python3.11/site-packages/airflow/example_dags/tutorial_objectstorage.py
[2024-11-18T21:05:13.200+0000] {logging_mixin.py:190} INFO - [2024-11-18T21:05:13.199+0000] {dag.py:3239} INFO - Sync 1 DAGs
[2024-11-18T21:05:13.209+0000] {logging_mixin.py:190} INFO - [2024-11-18T21:05:13.209+0000] {dag.py:4180} INFO - Setting next_dagrun for tutorial_objectstorage to None, run_after=None
[2024-11-18T21:05:13.218+0000] {processor.py:208} INFO - Processing /home/airflow/.local/lib/python3.11/site-packages/airflow/example_dags/tutorial_objectstorage.py took 0.042 seconds
[2024-11-18T21:05:43.609+0000] {processor.py:186} INFO - Started process (PID=2360) to work on /home/airflow/.local/lib/python3.11/site-packages/airflow/example_dags/tutorial_objectstorage.py
[2024-11-18T21:05:43.611+0000] {processor.py:914} INFO - Processing file /home/airflow/.local/lib/python3.11/site-packages/airflow/example_dags/tutorial_objectstorage.py for tasks to queue
[2024-11-18T21:05:43.612+0000] {logging_mixin.py:190} INFO - [2024-11-18T21:05:43.612+0000] {dagbag.py:588} INFO - Filling up the DagBag from /home/airflow/.local/lib/python3.11/site-packages/airflow/example_dags/tutorial_objectstorage.py
[2024-11-18T21:05:43.618+0000] {processor.py:925} INFO - DAG(s) 'tutorial_objectstorage' retrieved from /home/airflow/.local/lib/python3.11/site-packages/airflow/example_dags/tutorial_objectstorage.py
[2024-11-18T21:05:43.631+0000] {logging_mixin.py:190} INFO - [2024-11-18T21:05:43.630+0000] {dag.py:3239} INFO - Sync 1 DAGs
[2024-11-18T21:05:43.639+0000] {logging_mixin.py:190} INFO - [2024-11-18T21:05:43.638+0000] {dag.py:4180} INFO - Setting next_dagrun for tutorial_objectstorage to None, run_after=None
[2024-11-18T21:05:43.648+0000] {processor.py:208} INFO - Processing /home/airflow/.local/lib/python3.11/site-packages/airflow/example_dags/tutorial_objectstorage.py took 0.042 seconds
[2024-11-18T21:06:14.401+0000] {processor.py:186} INFO - Started process (PID=2423) to work on /home/airflow/.local/lib/python3.11/site-packages/airflow/example_dags/tutorial_objectstorage.py
[2024-11-18T21:06:14.402+0000] {processor.py:914} INFO - Processing file /home/airflow/.local/lib/python3.11/site-packages/airflow/example_dags/tutorial_objectstorage.py for tasks to queue
[2024-11-18T21:06:14.404+0000] {logging_mixin.py:190} INFO - [2024-11-18T21:06:14.403+0000] {dagbag.py:588} INFO - Filling up the DagBag from /home/airflow/.local/lib/python3.11/site-packages/airflow/example_dags/tutorial_objectstorage.py
[2024-11-18T21:06:14.409+0000] {processor.py:925} INFO - DAG(s) 'tutorial_objectstorage' retrieved from /home/airflow/.local/lib/python3.11/site-packages/airflow/example_dags/tutorial_objectstorage.py
[2024-11-18T21:06:14.419+0000] {logging_mixin.py:190} INFO - [2024-11-18T21:06:14.419+0000] {dag.py:3239} INFO - Sync 1 DAGs
[2024-11-18T21:06:14.427+0000] {logging_mixin.py:190} INFO - [2024-11-18T21:06:14.427+0000] {dag.py:4180} INFO - Setting next_dagrun for tutorial_objectstorage to None, run_after=None
[2024-11-18T21:06:14.435+0000] {processor.py:208} INFO - Processing /home/airflow/.local/lib/python3.11/site-packages/airflow/example_dags/tutorial_objectstorage.py took 0.037 seconds
[2024-11-18T21:06:45.507+0000] {processor.py:186} INFO - Started process (PID=2486) to work on /home/airflow/.local/lib/python3.11/site-packages/airflow/example_dags/tutorial_objectstorage.py
[2024-11-18T21:06:45.509+0000] {processor.py:914} INFO - Processing file /home/airflow/.local/lib/python3.11/site-packages/airflow/example_dags/tutorial_objectstorage.py for tasks to queue
[2024-11-18T21:06:45.513+0000] {logging_mixin.py:190} INFO - [2024-11-18T21:06:45.512+0000] {dagbag.py:588} INFO - Filling up the DagBag from /home/airflow/.local/lib/python3.11/site-packages/airflow/example_dags/tutorial_objectstorage.py
[2024-11-18T21:06:45.523+0000] {processor.py:925} INFO - DAG(s) 'tutorial_objectstorage' retrieved from /home/airflow/.local/lib/python3.11/site-packages/airflow/example_dags/tutorial_objectstorage.py
[2024-11-18T21:06:45.533+0000] {logging_mixin.py:190} INFO - [2024-11-18T21:06:45.533+0000] {dag.py:3239} INFO - Sync 1 DAGs
[2024-11-18T21:06:45.542+0000] {logging_mixin.py:190} INFO - [2024-11-18T21:06:45.542+0000] {dag.py:4180} INFO - Setting next_dagrun for tutorial_objectstorage to None, run_after=None
[2024-11-18T21:06:45.553+0000] {processor.py:208} INFO - Processing /home/airflow/.local/lib/python3.11/site-packages/airflow/example_dags/tutorial_objectstorage.py took 0.070 seconds
[2024-11-18T21:07:15.821+0000] {processor.py:186} INFO - Started process (PID=2548) to work on /home/airflow/.local/lib/python3.11/site-packages/airflow/example_dags/tutorial_objectstorage.py
[2024-11-18T21:07:15.821+0000] {processor.py:914} INFO - Processing file /home/airflow/.local/lib/python3.11/site-packages/airflow/example_dags/tutorial_objectstorage.py for tasks to queue
[2024-11-18T21:07:15.823+0000] {logging_mixin.py:190} INFO - [2024-11-18T21:07:15.823+0000] {dagbag.py:588} INFO - Filling up the DagBag from /home/airflow/.local/lib/python3.11/site-packages/airflow/example_dags/tutorial_objectstorage.py
[2024-11-18T21:07:15.828+0000] {processor.py:925} INFO - DAG(s) 'tutorial_objectstorage' retrieved from /home/airflow/.local/lib/python3.11/site-packages/airflow/example_dags/tutorial_objectstorage.py
[2024-11-18T21:07:15.838+0000] {logging_mixin.py:190} INFO - [2024-11-18T21:07:15.838+0000] {dag.py:3239} INFO - Sync 1 DAGs
[2024-11-18T21:07:15.845+0000] {logging_mixin.py:190} INFO - [2024-11-18T21:07:15.845+0000] {dag.py:4180} INFO - Setting next_dagrun for tutorial_objectstorage to None, run_after=None
[2024-11-18T21:07:15.854+0000] {processor.py:208} INFO - Processing /home/airflow/.local/lib/python3.11/site-packages/airflow/example_dags/tutorial_objectstorage.py took 0.037 seconds
